Trial 3696 finished with value: 0.2840417496541131 and parameters: {'window_influence': 0.5895333184033692, 'penalty_k': 0.03074313191289565, 'scale_lr': 0.2495221177956469}. Best is trial 1270 with value: 0.3623636909959845.
checkpoint_e22 window_influence: 0.24294339713060042, penalty_k: 0.00919496666074171, scale_lr: 0.17740030690965125, EAO: 0.282
Trial 3697 finished with value: 0.28209624367001457 and parameters: {'window_influence': 0.24294339713060042, 'penalty_k': 0.009194966660741708, 'scale_lr': 0.17740030690965125}. Best is trial 1270 with value: 0.3623636909959845.
checkpoint_e22 window_influence: 0.46561937594735031, penalty_k: 0.00009218533693697, scale_lr: 0.31876776410745467, EAO: 0.332
Trial 3698 finished with value: 0.3324608627692271 and parameters: {'window_influence': 0.4656193759473503, 'penalty_k': 9.218533693696775e-05, 'scale_lr': 0.31876776410745467}. Best is trial 1270 with value: 0.3623636909959845.
checkpoint_e22 window_influence: 0.42963259734331910, penalty_k: 0.09874206697303647, scale_lr: 0.72913100300933764, EAO: 0.309
Trial 3699 finished with value: 0.308757144769342 and parameters: {'window_influence': 0.4296325973433191, 'penalty_k': 0.09874206697303647, 'scale_lr': 0.7291310030093376}. Best is trial 1270 with value: 0.3623636909959845.
checkpoint_e22 window_influence: 0.48043296868861585, penalty_k: 0.12139099506962425, scale_lr: 0.46855076798136691, EAO: 0.330
Trial 3700 finished with value: 0.33031566678781915 and parameters: {'window_influence': 0.48043296868861585, 'penalty_k': 0.12139099506962425, 'scale_lr': 0.4685507679813669}. Best is trial 1270 with value: 0.3623636909959845.
checkpoint_e22 window_influence: 0.44554547223789548, penalty_k: 0.02298481491124802, scale_lr: 0.61601001913231668, EAO: 0.320
Trial 3701 finished with value: 0.3199085096324928 and parameters: {'window_influence': 0.4455454722378955, 'penalty_k': 0.02298481491124802, 'scale_lr': 0.6160100191323167}. Best is trial 1270 with value: 0.3623636909959845.
checkpoint_e22 window_influence: 0.46881468961337475, penalty_k: 0.04112146406114288, scale_lr: 0.44312142712438862, EAO: 0.333
Trial 3702 finished with value: 0.33280723660836425 and parameters: {'window_influence': 0.46881468961337475, 'penalty_k': 0.04112146406114288, 'scale_lr': 0.4431214271243886}. Best is trial 1270 with value: 0.3623636909959845.
checkpoint_e22 window_influence: 0.56356492129898694, penalty_k: 0.14621016725975994, scale_lr: 0.23117896231803914, EAO: 0.304
Trial 3703 finished with value: 0.3044135734033028 and parameters: {'window_influence': 0.5635649212989869, 'penalty_k': 0.14621016725975994, 'scale_lr': 0.23117896231803914}. Best is trial 1270 with value: 0.3623636909959845.
checkpoint_e22 window_influence: 0.26958739834496381, penalty_k: 0.07487352455320564, scale_lr: 0.28405740950785385, EAO: 0.306
Trial 3704 finished with value: 0.3057764657276614 and parameters: {'window_influence': 0.2695873983449638, 'penalty_k': 0.07487352455320564, 'scale_lr': 0.28405740950785385}. Best is trial 1270 with value: 0.3623636909959845.
checkpoint_e22 window_influence: 0.48693944923813498, penalty_k: 0.28727611446293888, scale_lr: 0.77953871085130755, EAO: 0.299
Trial 3705 finished with value: 0.2988021249669071 and parameters: {'window_influence': 0.486939449238135, 'penalty_k': 0.2872761144629389, 'scale_lr': 0.7795387108513075}. Best is trial 1270 with value: 0.3623636909959845.
checkpoint_e22 window_influence: 0.09921938262279140, penalty_k: 0.01114918045764603, scale_lr: 0.65762004470085611, EAO: 0.268
Trial 3706 finished with value: 0.26842856546320343 and parameters: {'window_influence': 0.0992193826227914, 'penalty_k': 0.011149180457646032, 'scale_lr': 0.6576200447008561}. Best is trial 1270 with value: 0.3623636909959845.
checkpoint_e22 window_influence: 0.40008454937735410, penalty_k: 0.06014703656255875, scale_lr: 0.49263328362468406, EAO: 0.322
Trial 3707 finished with value: 0.3215212925746747 and parameters: {'window_influence': 0.4000845493773541, 'penalty_k': 0.06014703656255875, 'scale_lr': 0.49263328362468406}. Best is trial 1270 with value: 0.3623636909959845.
checkpoint_e22 window_influence: 0.45654251268087731, penalty_k: 0.13779227965141555, scale_lr: 0.59327349401919294, EAO: 0.304
Trial 3708 finished with value: 0.30433434218979993 and parameters: {'window_influence': 0.4565425126808773, 'penalty_k': 0.13779227965141555, 'scale_lr': 0.5932734940191929}. Best is trial 1270 with value: 0.3623636909959845.
checkpoint_e22 window_influence: 0.19733522160063860, penalty_k: 0.55332228231678993, scale_lr: 0.75919702923929955, EAO: 0.258
Trial 3709 finished with value: 0.25788252206396034 and parameters: {'window_influence': 0.1973352216006386, 'penalty_k': 0.5533222823167899, 'scale_lr': 0.7591970292392995}. Best is trial 1270 with value: 0.3623636909959845.
checkpoint_e22 window_influence: 0.50205986401334746, penalty_k: 0.22050249715708031, scale_lr: 0.39336671167804504, EAO: 0.326
Trial 3710 finished with value: 0.32620822548402423 and parameters: {'window_influence': 0.5020598640133475, 'penalty_k': 0.2205024971570803, 'scale_lr': 0.39336671167804504}. Best is trial 1270 with value: 0.3623636909959845.
checkpoint_e22 window_influence: 0.53488795784009691, penalty_k: 0.50734589799083485, scale_lr: 0.69491657728836365, EAO: 0.277
Trial 3711 finished with value: 0.2772411264566132 and parameters: {'window_influence': 0.5348879578400969, 'penalty_k': 0.5073458979908348, 'scale_lr': 0.6949165772883636}. Best is trial 1270 with value: 0.3623636909959845.
checkpoint_e22 window_influence: 0.47662223640421636, penalty_k: 0.15427251467803998, scale_lr: 0.26568737961868832, EAO: 0.333
Trial 3712 finished with value: 0.3332793257463767 and parameters: {'window_influence': 0.47662223640421636, 'penalty_k': 0.15427251467803998, 'scale_lr': 0.2656873796186883}. Best is trial 1270 with value: 0.3623636909959845.
checkpoint_e22 window_influence: 0.46412107432321853, penalty_k: 0.08715745193940781, scale_lr: 0.60507008336141044, EAO: 0.336
Trial 3713 finished with value: 0.3359812106139929 and parameters: {'window_influence': 0.46412107432321853, 'penalty_k': 0.08715745193940781, 'scale_lr': 0.6050700833614104}. Best is trial 1270 with value: 0.3623636909959845.
checkpoint_e22 window_influence: 0.56891256433768544, penalty_k: 0.12171833672666958, scale_lr: 0.30757095090643638, EAO: 0.295
Trial 3714 finished with value: 0.2951013503835359 and parameters: {'window_influence': 0.5689125643376854, 'penalty_k': 0.12171833672666958, 'scale_lr': 0.3075709509064364}. Best is trial 1270 with value: 0.3623636909959845.
checkpoint_e22 window_influence: 0.14970362172120824, penalty_k: 0.45608695675545285, scale_lr: 0.10305927293579176, EAO: 0.244
Trial 3715 finished with value: 0.24392116452469437 and parameters: {'window_influence': 0.14970362172120824, 'penalty_k': 0.45608695675545285, 'scale_lr': 0.10305927293579176}. Best is trial 1270 with value: 0.3623636909959845.
checkpoint_e22 window_influence: 0.51639618549399580, penalty_k: 0.10943693784647540, scale_lr: 0.14062565831883422, EAO: 0.315
Trial 3716 finished with value: 0.31506033224354457 and parameters: {'window_influence': 0.5163961854939958, 'penalty_k': 0.1094369378464754, 'scale_lr': 0.14062565831883422}. Best is trial 1270 with value: 0.3623636909959845.
checkpoint_e22 window_influence: 0.21636969005041476, penalty_k: 0.17976740365399571, scale_lr: 0.64518567875035437, EAO: 0.266
Trial 3717 finished with value: 0.2657894274140146 and parameters: {'window_influence': 0.21636969005041476, 'penalty_k': 0.1797674036539957, 'scale_lr': 0.6451856787503544}. Best is trial 1270 with value: 0.3623636909959845.
checkpoint_e22 window_influence: 0.41970217317481195, penalty_k: 0.20328885417528569, scale_lr: 0.66874493344814623, EAO: 0.330
Trial 3718 finished with value: 0.3303524680174742 and parameters: {'window_influence': 0.41970217317481195, 'penalty_k': 0.2032888541752857, 'scale_lr': 0.6687449334481462}. Best is trial 1270 with value: 0.3623636909959845.
checkpoint_e22 window_influence: 0.49263531737671301, penalty_k: 0.02160056833376357, scale_lr: 0.45249961153837726, EAO: 0.331
Trial 3719 finished with value: 0.33116316122767525 and parameters: {'window_influence': 0.492635317376713, 'penalty_k': 0.021600568333763573, 'scale_lr': 0.45249961153837726}. Best is trial 1270 with value: 0.3623636909959845.
checkpoint_e22 window_influence: 0.35410444633309396, penalty_k: 0.25677678925752645, scale_lr: 0.52679302303447939, EAO: 0.301
Trial 3720 finished with value: 0.301011280095067 and parameters: {'window_influence': 0.35410444633309396, 'penalty_k': 0.25677678925752645, 'scale_lr': 0.5267930230344794}. Best is trial 1270 with value: 0.3623636909959845.
checkpoint_e22 window_influence: 0.43961334610111569, penalty_k: 0.49380818843627899, scale_lr: 0.58131665228842744, EAO: 0.293
Trial 3721 finished with value: 0.2929304766283889 and parameters: {'window_influence': 0.4396133461011157, 'penalty_k': 0.493808188436279, 'scale_lr': 0.5813166522884274}. Best is trial 1270 with value: 0.3623636909959845.
checkpoint_e22 window_influence: 0.33520457612743232, penalty_k: 0.04933869505563082, scale_lr: 0.33178710824579832, EAO: 0.290
Trial 3722 finished with value: 0.28973731410178694 and parameters: {'window_influence': 0.3352045761274323, 'penalty_k': 0.04933869505563082, 'scale_lr': 0.3317871082457983}. Best is trial 1270 with value: 0.3623636909959845.
checkpoint_e22 window_influence: 0.28285998529051271, penalty_k: 0.02921952791551257, scale_lr: 0.47999239520629550, EAO: 0.286
Trial 3723 finished with value: 0.2860865456700789 and parameters: {'window_influence': 0.2828599852905127, 'penalty_k': 0.029219527915512574, 'scale_lr': 0.4799923952062955}. Best is trial 1270 with value: 0.3623636909959845.
checkpoint_e22 window_influence: 0.48051562379978063, penalty_k: 0.00870794077067425, scale_lr: 0.50911851214535009, EAO: 0.355
Trial 3724 finished with value: 0.35477365315656256 and parameters: {'window_influence': 0.48051562379978063, 'penalty_k': 0.008707940770674253, 'scale_lr': 0.5091185121453501}. Best is trial 1270 with value: 0.3623636909959845.
checkpoint_e22 window_influence: 0.50292528983131923, penalty_k: 0.31686079764979697, scale_lr: 0.52030976988663868, EAO: 0.297
Trial 3725 finished with value: 0.2965066498471605 and parameters: {'window_influence': 0.5029252898313192, 'penalty_k': 0.31686079764979697, 'scale_lr': 0.5203097698866387}. Best is trial 1270 with value: 0.3623636909959845.
checkpoint_e22 window_influence: 0.51964768312447218, penalty_k: 0.03912587701359212, scale_lr: 0.50188361039963625, EAO: 0.318
Trial 3726 finished with value: 0.3183675779442843 and parameters: {'window_influence': 0.5196476831244722, 'penalty_k': 0.03912587701359212, 'scale_lr': 0.5018836103996362}. Best is trial 1270 with value: 0.3623636909959845.
checkpoint_e22 window_influence: 0.49457238147050414, penalty_k: 0.03040379522066796, scale_lr: 0.52261136745569536, EAO: 0.329
Trial 3727 finished with value: 0.3293132209128443 and parameters: {'window_influence': 0.49457238147050414, 'penalty_k': 0.030403795220667957, 'scale_lr': 0.5226113674556954}. Best is trial 1270 with value: 0.3623636909959845.
checkpoint_e22 window_influence: 0.48722461657165639, penalty_k: 0.09776120952674873, scale_lr: 0.51207623282604042, EAO: 0.303
Trial 3728 finished with value: 0.30250974127058855 and parameters: {'window_influence': 0.4872246165716564, 'penalty_k': 0.09776120952674873, 'scale_lr': 0.5120762328260404}. Best is trial 1270 with value: 0.3623636909959845.
checkpoint_e22 window_influence: 0.50666146226412567, penalty_k: 0.06446830442967065, scale_lr: 0.50647226045087457, EAO: 0.329
Trial 3729 finished with value: 0.3289972183073541 and parameters: {'window_influence': 0.5066614622641257, 'penalty_k': 0.06446830442967065, 'scale_lr': 0.5064722604508746}. Best is trial 1270 with value: 0.3623636909959845.
checkpoint_e22 window_influence: 0.25930987406878886, penalty_k: 0.48576034025012649, scale_lr: 0.50918593020306491, EAO: 0.281
Trial 3730 finished with value: 0.2808306046149146 and parameters: {'window_influence': 0.25930987406878886, 'penalty_k': 0.4857603402501265, 'scale_lr': 0.5091859302030649}. Best is trial 1270 with value: 0.3623636909959845.
checkpoint_e22 window_influence: 0.48385416916855917, penalty_k: 0.42567502754995329, scale_lr: 0.55811413414549615, EAO: 0.320
Trial 3731 finished with value: 0.32018935280319316 and parameters: {'window_influence': 0.48385416916855917, 'penalty_k': 0.4256750275499533, 'scale_lr': 0.5581141341454962}. Best is trial 1270 with value: 0.3623636909959845.
checkpoint_e22 window_influence: 0.49398867687223008, penalty_k: 0.05002003904955026, scale_lr: 0.53483386520628007, EAO: 0.337
Trial 3732 finished with value: 0.33725304049276655 and parameters: {'window_influence': 0.4939886768722301, 'penalty_k': 0.050020039049550255, 'scale_lr': 0.5348338652062801}. Best is trial 1270 with value: 0.3623636909959845.
checkpoint_e22 window_influence: 0.05250565792685091, penalty_k: 0.33111928308684380, scale_lr: 0.52711834560897286, EAO: 0.226
Trial 3733 finished with value: 0.2263684084907116 and parameters: {'window_influence': 0.05250565792685091, 'penalty_k': 0.3311192830868438, 'scale_lr': 0.5271183456089729}. Best is trial 1270 with value: 0.3623636909959845.
checkpoint_e22 window_influence: 0.36966190195463861, penalty_k: 0.07775720224280233, scale_lr: 0.50774385495750263, EAO: 0.318
Trial 3734 finished with value: 0.3183030762097251 and parameters: {'window_influence': 0.3696619019546386, 'penalty_k': 0.07775720224280233, 'scale_lr': 0.5077438549575026}. Best is trial 1270 with value: 0.3623636909959845.
checkpoint_e22 window_influence: 0.07898142933106234, penalty_k: 0.12752782299162749, scale_lr: 0.52346121209094332, EAO: 0.251
Trial 3735 finished with value: 0.250826155803083 and parameters: {'window_influence': 0.07898142933106234, 'penalty_k': 0.1275278229916275, 'scale_lr': 0.5234612120909433}. Best is trial 1270 with value: 0.3623636909959845.
checkpoint_e22 window_influence: 0.47949212511959671, penalty_k: 0.03499550332839341, scale_lr: 0.53485135664242223, EAO: 0.355
Trial 3736 finished with value: 0.35450840031126596 and parameters: {'window_influence': 0.4794921251195967, 'penalty_k': 0.03499550332839341, 'scale_lr': 0.5348513566424222}. Best is trial 1270 with value: 0.3623636909959845.
checkpoint_e22 window_influence: 0.50248718094508016, penalty_k: 0.04807913622611026, scale_lr: 0.52663849062528856, EAO: 0.330
Trial 3737 finished with value: 0.32958077160996685 and parameters: {'window_influence': 0.5024871809450802, 'penalty_k': 0.048079136226110264, 'scale_lr': 0.5266384906252886}. Best is trial 1270 with value: 0.3623636909959845.
checkpoint_e22 window_influence: 0.30301729215607331, penalty_k: 0.04179507386267974, scale_lr: 0.51820178445307719, EAO: 0.297
Trial 3738 finished with value: 0.2966457279507752 and parameters: {'window_influence': 0.3030172921560733, 'penalty_k': 0.041795073862679735, 'scale_lr': 0.5182017844530772}. Best is trial 1270 with value: 0.3623636909959845.
checkpoint_e22 window_influence: 0.23629842405369467, penalty_k: 0.04986676947589574, scale_lr: 0.54350153473444140, EAO: 0.268
Trial 3739 finished with value: 0.2678084879069941 and parameters: {'window_influence': 0.23629842405369467, 'penalty_k': 0.049866769475895745, 'scale_lr': 0.5435015347344414}. Best is trial 1270 with value: 0.3623636909959845.
checkpoint_e22 window_influence: 0.50714700219351727, penalty_k: 0.05711626359315805, scale_lr: 0.53436662387910472, EAO: 0.331
Trial 3740 finished with value: 0.3310436853406958 and parameters: {'window_influence': 0.5071470021935173, 'penalty_k': 0.05711626359315805, 'scale_lr': 0.5343666238791047}. Best is trial 1270 with value: 0.3623636909959845.
checkpoint_e22 window_influence: 0.48276381181519773, penalty_k: 0.06422624009163008, scale_lr: 0.55005159728261555, EAO: 0.325
Trial 3741 finished with value: 0.32537820627949116 and parameters: {'window_influence': 0.48276381181519773, 'penalty_k': 0.06422624009163008, 'scale_lr': 0.5500515972826155}. Best is trial 1270 with value: 0.3623636909959845.
checkpoint_e22 window_influence: 0.10323618503320997, penalty_k: 0.04334969450747060, scale_lr: 0.51331885610141947, EAO: 0.256
Trial 3742 finished with value: 0.25610994202617543 and parameters: {'window_influence': 0.10323618503320997, 'penalty_k': 0.0433496945074706, 'scale_lr': 0.5133188561014195}. Best is trial 1270 with value: 0.3623636909959845.
checkpoint_e22 window_influence: 0.53294952228101589, penalty_k: 0.59306535261678806, scale_lr: 0.54575495868393120, EAO: 0.281
Trial 3743 finished with value: 0.2807707827146879 and parameters: {'window_influence': 0.5329495222810159, 'penalty_k': 0.593065352616788, 'scale_lr': 0.5457549586839312}. Best is trial 1270 with value: 0.3623636909959845.
checkpoint_e22 window_influence: 0.49464004810423051, penalty_k: 0.04522170502547766, scale_lr: 0.54250339535370717, EAO: 0.338
Trial 3744 finished with value: 0.3381010648805344 and parameters: {'window_influence': 0.4946400481042305, 'penalty_k': 0.045221705025477656, 'scale_lr': 0.5425033953537072}. Best is trial 1270 with value: 0.3623636909959845.
checkpoint_e22 window_influence: 0.51864474844142971, penalty_k: 0.03738871362893859, scale_lr: 0.52288619551725291, EAO: 0.316
Trial 3745 finished with value: 0.3157515524078436 and parameters: {'window_influence': 0.5186447484414297, 'penalty_k': 0.037388713628938586, 'scale_lr': 0.5228861955172529}. Best is trial 1270 with value: 0.3623636909959845.
checkpoint_e22 window_influence: 0.48409905906461848, penalty_k: 0.33414907805308869, scale_lr: 0.53075118545749156, EAO: 0.304
Trial 3746 finished with value: 0.30351199232882564 and parameters: {'window_influence': 0.4840990590646185, 'penalty_k': 0.3341490780530887, 'scale_lr': 0.5307511854574916}. Best is trial 1270 with value: 0.3623636909959845.
checkpoint_e22 window_influence: 0.47498661662622360, penalty_k: 0.53419333338364727, scale_lr: 0.53526348816531266, EAO: 0.299
Trial 3747 finished with value: 0.2986444930622086 and parameters: {'window_influence': 0.4749866166262236, 'penalty_k': 0.5341933333836473, 'scale_lr': 0.5352634881653127}. Best is trial 1270 with value: 0.3623636909959845.
checkpoint_e22 window_influence: 0.34407896930057397, penalty_k: 0.50805347547537671, scale_lr: 0.50624706960194099, EAO: 0.315
Trial 3748 finished with value: 0.3150543487025606 and parameters: {'window_influence': 0.34407896930057397, 'penalty_k': 0.5080534754753767, 'scale_lr': 0.506247069601941}. Best is trial 1270 with value: 0.3623636909959845.
checkpoint_e22 window_influence: 0.57426454876699728, penalty_k: 0.05711035429671626, scale_lr: 0.54480336306428889, EAO: 0.267
Trial 3749 finished with value: 0.26651272908258994 and parameters: {'window_influence': 0.5742645487669973, 'penalty_k': 0.057110354296716265, 'scale_lr': 0.5448033630642889}. Best is trial 1270 with value: 0.3623636909959845.
checkpoint_e22 window_influence: 0.51038681484532955, penalty_k: 0.36278173056642177, scale_lr: 0.52759267387760700, EAO: 0.282
Trial 3750 finished with value: 0.2821499719230118 and parameters: {'window_influence': 0.5103868148453296, 'penalty_k': 0.36278173056642177, 'scale_lr': 0.527592673877607}. Best is trial 1270 with value: 0.3623636909959845.
Trial 3751 failed with parameters: {'window_influence': 0.48879038361703075, 'penalty_k': 0.03151878434724959, 'scale_lr': 0.516786640951739} because of the following error: KeyboardInterrupt().
Traceback (most recent call last):
  File "/home/n26092289/anaconda3/envs/my_siamban/lib/python3.7/site-packages/optuna/study/_optimize.py", line 200, in _run_trial
    value_or_values = func(trial)
  File "../../tools/tune.py", line 269, in objective
    outputs = tracker.track(img)
  File "../../tools/tune.py", line 127, in track
    score = self._convert_score(outputs['cls'])
  File "../../tools/tune.py", line 75, in _convert_score
    score = score.softmax(1).detach()[:, 1].cpu().numpy()
KeyboardInterrupt
Trial 3751 failed with value None.
