Trial 372 finished with value: 0.31730281019489126 and parameters: {'window_influence': 0.46711391673522684, 'penalty_k': 0.2386780452191511, 'scale_lr': 0.7532934281313972}. Best is trial 294 with value: 0.3769690837377704.
checkpoint_e36 window_influence: 0.48583708864788577, penalty_k: 0.53823010137227323, scale_lr: 0.61529066422293777, EAO: 0.300
Trial 373 finished with value: 0.30038946437928465 and parameters: {'window_influence': 0.4858370886478858, 'penalty_k': 0.5382301013722732, 'scale_lr': 0.6152906642229378}. Best is trial 294 with value: 0.3769690837377704.
checkpoint_e36 window_influence: 0.39419863993126608, penalty_k: 0.20965886248157975, scale_lr: 0.59346940806549275, EAO: 0.295
Trial 374 finished with value: 0.29500972227363736 and parameters: {'window_influence': 0.3941986399312661, 'penalty_k': 0.20965886248157975, 'scale_lr': 0.5934694080654928}. Best is trial 294 with value: 0.3769690837377704.
checkpoint_e36 window_influence: 0.42661141319803736, penalty_k: 0.37058470664734500, scale_lr: 0.64557607377764314, EAO: 0.321
Trial 375 finished with value: 0.32139342698605605 and parameters: {'window_influence': 0.42661141319803736, 'penalty_k': 0.370584706647345, 'scale_lr': 0.6455760737776431}. Best is trial 294 with value: 0.3769690837377704.
checkpoint_e36 window_influence: 0.50527626531342607, penalty_k: 0.22201632321309131, scale_lr: 0.66791323380856460, EAO: 0.343
Trial 376 finished with value: 0.34293690173078606 and parameters: {'window_influence': 0.5052762653134261, 'penalty_k': 0.2220163232130913, 'scale_lr': 0.6679132338085646}. Best is trial 294 with value: 0.3769690837377704.
checkpoint_e36 window_influence: 0.45562345007581151, penalty_k: 0.25256118835343744, scale_lr: 0.63027496274016404, EAO: 0.355
Trial 377 finished with value: 0.35520033555735875 and parameters: {'window_influence': 0.4556234500758115, 'penalty_k': 0.25256118835343744, 'scale_lr': 0.630274962740164}. Best is trial 294 with value: 0.3769690837377704.
checkpoint_e36 window_influence: 0.45181212682526956, penalty_k: 0.49036912960724188, scale_lr: 0.26167408519929836, EAO: 0.302
Trial 378 finished with value: 0.3017258763545218 and parameters: {'window_influence': 0.45181212682526956, 'penalty_k': 0.4903691296072419, 'scale_lr': 0.26167408519929836}. Best is trial 294 with value: 0.3769690837377704.
checkpoint_e36 window_influence: 0.44061262752426039, penalty_k: 0.24203896329765448, scale_lr: 0.62770783011936604, EAO: 0.340
Trial 379 finished with value: 0.3404602486103889 and parameters: {'window_influence': 0.4406126275242604, 'penalty_k': 0.24203896329765448, 'scale_lr': 0.627707830119366}. Best is trial 294 with value: 0.3769690837377704.
checkpoint_e36 window_influence: 0.45855879700838631, penalty_k: 0.26138122184573931, scale_lr: 0.60958258013595557, EAO: 0.348
Trial 380 finished with value: 0.3483794624935328 and parameters: {'window_influence': 0.4585587970083863, 'penalty_k': 0.2613812218457393, 'scale_lr': 0.6095825801359556}. Best is trial 294 with value: 0.3769690837377704.
checkpoint_e36 window_influence: 0.48016522697568131, penalty_k: 0.27220792903051055, scale_lr: 0.63176443417867256, EAO: 0.353
Trial 381 finished with value: 0.3534709843680089 and parameters: {'window_influence': 0.4801652269756813, 'penalty_k': 0.27220792903051055, 'scale_lr': 0.6317644341786726}. Best is trial 294 with value: 0.3769690837377704.
checkpoint_e36 window_influence: 0.19273025349364145, penalty_k: 0.25386096634158406, scale_lr: 0.60759631045820606, EAO: 0.302
Trial 382 finished with value: 0.30237768057023506 and parameters: {'window_influence': 0.19273025349364145, 'penalty_k': 0.25386096634158406, 'scale_lr': 0.6075963104582061}. Best is trial 294 with value: 0.3769690837377704.
checkpoint_e36 window_influence: 0.32849952001314081, penalty_k: 0.32161176489409915, scale_lr: 0.61967019305418858, EAO: 0.295
Trial 383 finished with value: 0.29454362131510264 and parameters: {'window_influence': 0.3284995200131408, 'penalty_k': 0.32161176489409915, 'scale_lr': 0.6196701930541886}. Best is trial 294 with value: 0.3769690837377704.
checkpoint_e36 window_influence: 0.41977415625350811, penalty_k: 0.25231608804872369, scale_lr: 0.34332576980156748, EAO: 0.302
Trial 384 finished with value: 0.30243586432841035 and parameters: {'window_influence': 0.4197741562535081, 'penalty_k': 0.2523160880487237, 'scale_lr': 0.3433257698015675}. Best is trial 294 with value: 0.3769690837377704.
checkpoint_e36 window_influence: 0.49415723057954875, penalty_k: 0.15272825063318737, scale_lr: 0.59309858390116776, EAO: 0.328
Trial 385 finished with value: 0.3283985138867152 and parameters: {'window_influence': 0.49415723057954875, 'penalty_k': 0.15272825063318737, 'scale_lr': 0.5930985839011678}. Best is trial 294 with value: 0.3769690837377704.
checkpoint_e36 window_influence: 0.35309849834907775, penalty_k: 0.12955657325971559, scale_lr: 0.64015334155397918, EAO: 0.316
Trial 386 finished with value: 0.31572898306271446 and parameters: {'window_influence': 0.35309849834907775, 'penalty_k': 0.1295565732597156, 'scale_lr': 0.6401533415539792}. Best is trial 294 with value: 0.3769690837377704.
checkpoint_e36 window_influence: 0.51998838318586116, penalty_k: 0.16285175926681075, scale_lr: 0.52163037207167240, EAO: 0.310
Trial 387 finished with value: 0.30963538998759677 and parameters: {'window_influence': 0.5199883831858612, 'penalty_k': 0.16285175926681075, 'scale_lr': 0.5216303720716724}. Best is trial 294 with value: 0.3769690837377704.
checkpoint_e36 window_influence: 0.47083450744775046, penalty_k: 0.39506447641659836, scale_lr: 0.44929148754025605, EAO: 0.354
Trial 388 finished with value: 0.35366054546044495 and parameters: {'window_influence': 0.47083450744775046, 'penalty_k': 0.39506447641659836, 'scale_lr': 0.44929148754025605}. Best is trial 294 with value: 0.3769690837377704.
checkpoint_e36 window_influence: 0.45323889358133207, penalty_k: 0.23923750149293374, scale_lr: 0.61558109675637707, EAO: 0.318
Trial 389 finished with value: 0.3180327756975411 and parameters: {'window_influence': 0.45323889358133207, 'penalty_k': 0.23923750149293374, 'scale_lr': 0.6155810967563771}. Best is trial 294 with value: 0.3769690837377704.
checkpoint_e36 window_influence: 0.43170749220195404, penalty_k: 0.29748847231564862, scale_lr: 0.62967772546351863, EAO: 0.336
Trial 390 finished with value: 0.3363689225935287 and parameters: {'window_influence': 0.43170749220195404, 'penalty_k': 0.2974884723156486, 'scale_lr': 0.6296777254635186}. Best is trial 294 with value: 0.3769690837377704.
checkpoint_e36 window_influence: 0.48809449442529113, penalty_k: 0.27546951784671997, scale_lr: 0.48489388909386399, EAO: 0.325
Trial 391 finished with value: 0.32493214123675795 and parameters: {'window_influence': 0.4880944944252911, 'penalty_k': 0.27546951784671997, 'scale_lr': 0.484893889093864}. Best is trial 294 with value: 0.3769690837377704.
checkpoint_e36 window_influence: 0.46354432862839712, penalty_k: 0.09523468818769648, scale_lr: 0.11641608040834245, EAO: 0.316
Trial 392 finished with value: 0.31561335689362846 and parameters: {'window_influence': 0.4635443286283971, 'penalty_k': 0.09523468818769648, 'scale_lr': 0.11641608040834245}. Best is trial 294 with value: 0.3769690837377704.
checkpoint_e36 window_influence: 0.63160753428538152, penalty_k: 0.20546991349430305, scale_lr: 0.42544251981907177, EAO: 0.244
Trial 393 finished with value: 0.24384291707773617 and parameters: {'window_influence': 0.6316075342853815, 'penalty_k': 0.20546991349430305, 'scale_lr': 0.4254425198190718}. Best is trial 294 with value: 0.3769690837377704.
checkpoint_e36 window_influence: 0.50230927304287620, penalty_k: 0.28536404504203372, scale_lr: 0.29016488000446938, EAO: 0.314
Trial 394 finished with value: 0.3143914069994878 and parameters: {'window_influence': 0.5023092730428762, 'penalty_k': 0.2853640450420337, 'scale_lr': 0.2901648800044694}. Best is trial 294 with value: 0.3769690837377704.
checkpoint_e36 window_influence: 0.34299350409128559, penalty_k: 0.24931704235349306, scale_lr: 0.60133590047400243, EAO: 0.288
Trial 395 finished with value: 0.28822321111358096 and parameters: {'window_influence': 0.3429935040912856, 'penalty_k': 0.24931704235349306, 'scale_lr': 0.6013359004740024}. Best is trial 294 with value: 0.3769690837377704.
checkpoint_e36 window_influence: 0.47653011515092192, penalty_k: 0.14480160888555615, scale_lr: 0.24987814312700643, EAO: 0.309
Trial 396 finished with value: 0.30946721698987345 and parameters: {'window_influence': 0.4765301151509219, 'penalty_k': 0.14480160888555615, 'scale_lr': 0.24987814312700643}. Best is trial 294 with value: 0.3769690837377704.
checkpoint_e36 window_influence: 0.44115044993624614, penalty_k: 0.44355414496895185, scale_lr: 0.64541516611521088, EAO: 0.330
Trial 397 finished with value: 0.32952978308330716 and parameters: {'window_influence': 0.44115044993624614, 'penalty_k': 0.44355414496895185, 'scale_lr': 0.6454151661152109}. Best is trial 294 with value: 0.3769690837377704.
checkpoint_e36 window_influence: 0.39985165476228657, penalty_k: 0.45432181168422409, scale_lr: 0.58767705578970164, EAO: 0.301
Trial 398 finished with value: 0.3014213699659021 and parameters: {'window_influence': 0.39985165476228657, 'penalty_k': 0.4543218116842241, 'scale_lr': 0.5876770557897016}. Best is trial 294 with value: 0.3769690837377704.
checkpoint_e36 window_influence: 0.45941278441689698, penalty_k: 0.17131082681678134, scale_lr: 0.65247984208103937, EAO: 0.337
Trial 399 finished with value: 0.33668401037208767 and parameters: {'window_influence': 0.459412784416897, 'penalty_k': 0.17131082681678134, 'scale_lr': 0.6524798420810394}. Best is trial 294 with value: 0.3769690837377704.
checkpoint_e36 window_influence: 0.38212624828165426, penalty_k: 0.22742128941435022, scale_lr: 0.62027088264327523, EAO: 0.307
Trial 400 finished with value: 0.3073064585720055 and parameters: {'window_influence': 0.38212624828165426, 'penalty_k': 0.22742128941435022, 'scale_lr': 0.6202708826432752}. Best is trial 294 with value: 0.3769690837377704.
checkpoint_e36 window_influence: 0.48246698301067070, penalty_k: 0.26392911979124961, scale_lr: 0.60692627577310587, EAO: 0.346
Trial 401 finished with value: 0.34565956919573626 and parameters: {'window_influence': 0.4824669830106707, 'penalty_k': 0.2639291197912496, 'scale_lr': 0.6069262757731059}. Best is trial 294 with value: 0.3769690837377704.
checkpoint_e36 window_influence: 0.30763169012915620, penalty_k: 0.20081769697108018, scale_lr: 0.57822847156416179, EAO: 0.322
Trial 402 finished with value: 0.3221667992233766 and parameters: {'window_influence': 0.3076316901291562, 'penalty_k': 0.20081769697108018, 'scale_lr': 0.5782284715641618}. Best is trial 294 with value: 0.3769690837377704.
checkpoint_e36 window_influence: 0.47103133027332489, penalty_k: 0.21862190000124640, scale_lr: 0.38314336301941282, EAO: 0.321
Trial 403 finished with value: 0.32060560989936504 and parameters: {'window_influence': 0.4710313302733249, 'penalty_k': 0.2186219000012464, 'scale_lr': 0.3831433630194128}. Best is trial 294 with value: 0.3769690837377704.
checkpoint_e36 window_influence: 0.51553609411375523, penalty_k: 0.23557252995341832, scale_lr: 0.36604346595625570, EAO: 0.309
Trial 404 finished with value: 0.30937411488262134 and parameters: {'window_influence': 0.5155360941137552, 'penalty_k': 0.23557252995341832, 'scale_lr': 0.3660434659562557}. Best is trial 294 with value: 0.3769690837377704.
checkpoint_e36 window_influence: 0.49561666164696250, penalty_k: 0.24779987758225758, scale_lr: 0.62952952960317665, EAO: 0.341
Trial 405 finished with value: 0.3405418820418272 and parameters: {'window_influence': 0.4956166616469625, 'penalty_k': 0.24779987758225758, 'scale_lr': 0.6295295296031767}. Best is trial 294 with value: 0.3769690837377704.
checkpoint_e36 window_influence: 0.44874392615443737, penalty_k: 0.15633761934733170, scale_lr: 0.56649267152612803, EAO: 0.344
Trial 406 finished with value: 0.3438472329178673 and parameters: {'window_influence': 0.44874392615443737, 'penalty_k': 0.1563376193473317, 'scale_lr': 0.566492671526128}. Best is trial 294 with value: 0.3769690837377704.
checkpoint_e36 window_influence: 0.48456820751625612, penalty_k: 0.12026549838863787, scale_lr: 0.63939339130673056, EAO: 0.310
Trial 407 finished with value: 0.30956479327224107 and parameters: {'window_influence': 0.4845682075162561, 'penalty_k': 0.12026549838863787, 'scale_lr': 0.6393933913067306}. Best is trial 294 with value: 0.3769690837377704.
checkpoint_e36 window_influence: 0.53730719165874674, penalty_k: 0.17657699727701415, scale_lr: 0.67982535943943001, EAO: 0.322
Trial 408 finished with value: 0.3221901391382811 and parameters: {'window_influence': 0.5373071916587467, 'penalty_k': 0.17657699727701415, 'scale_lr': 0.67982535943943}. Best is trial 294 with value: 0.3769690837377704.
checkpoint_e36 window_influence: 0.50647747220051165, penalty_k: 0.19813125034438911, scale_lr: 0.65786646021715744, EAO: 0.332
Trial 409 finished with value: 0.3323176678284597 and parameters: {'window_influence': 0.5064774722005116, 'penalty_k': 0.1981312503443891, 'scale_lr': 0.6578664602171574}. Best is trial 294 with value: 0.3769690837377704.
checkpoint_e36 window_influence: 0.46163438897490150, penalty_k: 0.41871429656539488, scale_lr: 0.60082365612987665, EAO: 0.315
Trial 410 finished with value: 0.31472206944853415 and parameters: {'window_influence': 0.4616343889749015, 'penalty_k': 0.4187142965653949, 'scale_lr': 0.6008236561298766}. Best is trial 294 with value: 0.3769690837377704.
checkpoint_e36 window_influence: 0.43549518489702832, penalty_k: 0.21878666593337484, scale_lr: 0.61594564560954601, EAO: 0.319
Trial 411 finished with value: 0.3189605719152592 and parameters: {'window_influence': 0.4354951848970283, 'penalty_k': 0.21878666593337484, 'scale_lr': 0.615945645609546}. Best is trial 294 with value: 0.3769690837377704.
checkpoint_e36 window_influence: 0.47299934249571424, penalty_k: 0.25562889330864003, scale_lr: 0.15946217884025043, EAO: 0.324
Trial 412 finished with value: 0.3236279289314255 and parameters: {'window_influence': 0.47299934249571424, 'penalty_k': 0.25562889330864, 'scale_lr': 0.15946217884025043}. Best is trial 294 with value: 0.3769690837377704.
checkpoint_e36 window_influence: 0.45109490162455002, penalty_k: 0.26712769477138243, scale_lr: 0.59121069593187425, EAO: 0.330
Trial 413 finished with value: 0.33046904171487235 and parameters: {'window_influence': 0.45109490162455, 'penalty_k': 0.26712769477138243, 'scale_lr': 0.5912106959318743}. Best is trial 294 with value: 0.3769690837377704.
checkpoint_e36 window_influence: 0.41508868128376136, penalty_k: 0.20875005341902170, scale_lr: 0.63046196658031650, EAO: 0.323
Trial 414 finished with value: 0.3232466127969875 and parameters: {'window_influence': 0.41508868128376136, 'penalty_k': 0.2087500534190217, 'scale_lr': 0.6304619665803165}. Best is trial 294 with value: 0.3769690837377704.
checkpoint_e36 window_influence: 0.49283027563773529, penalty_k: 0.35534222471985022, scale_lr: 0.21948195500538378, EAO: 0.309
Trial 415 finished with value: 0.3087142696060559 and parameters: {'window_influence': 0.4928302756377353, 'penalty_k': 0.3553422247198502, 'scale_lr': 0.21948195500538378}. Best is trial 294 with value: 0.3769690837377704.
checkpoint_e36 window_influence: 0.47767122179628407, penalty_k: 0.16508248956653560, scale_lr: 0.64300229843804091, EAO: 0.328
Trial 416 finished with value: 0.3278559419083688 and parameters: {'window_influence': 0.4776712217962841, 'penalty_k': 0.1650824895665356, 'scale_lr': 0.6430022984380409}. Best is trial 294 with value: 0.3769690837377704.
checkpoint_e36 window_influence: 0.46646928648192315, penalty_k: 0.23394752401889518, scale_lr: 0.42807611084953712, EAO: 0.342
Trial 417 finished with value: 0.3418069972370385 and parameters: {'window_influence': 0.46646928648192315, 'penalty_k': 0.23394752401889518, 'scale_lr': 0.4280761108495371}. Best is trial 294 with value: 0.3769690837377704.
checkpoint_e36 window_influence: 0.36769432326141749, penalty_k: 0.00343817243936512, scale_lr: 0.60877447888521286, EAO: 0.309
Trial 418 finished with value: 0.30894746344377094 and parameters: {'window_influence': 0.3676943232614175, 'penalty_k': 0.003438172439365117, 'scale_lr': 0.6087744788852129}. Best is trial 294 with value: 0.3769690837377704.
checkpoint_e36 window_influence: 0.50013009469028247, penalty_k: 0.31748614689435428, scale_lr: 0.62620883927683713, EAO: 0.336
Trial 419 finished with value: 0.3359257002516943 and parameters: {'window_influence': 0.5001300946902825, 'penalty_k': 0.3174861468943543, 'scale_lr': 0.6262088392768371}. Best is trial 294 with value: 0.3769690837377704.
checkpoint_e36 window_influence: 0.48689314521559990, penalty_k: 0.28842546611251874, scale_lr: 0.65723012385545720, EAO: 0.336
Trial 420 finished with value: 0.3362942067797546 and parameters: {'window_influence': 0.4868931452155999, 'penalty_k': 0.28842546611251874, 'scale_lr': 0.6572301238554572}. Best is trial 294 with value: 0.3769690837377704.
checkpoint_e36 window_influence: 0.42841016241070468, penalty_k: 0.37798533427039283, scale_lr: 0.58024904919529874, EAO: 0.328
Trial 421 finished with value: 0.32760407430652516 and parameters: {'window_influence': 0.4284101624107047, 'penalty_k': 0.3779853342703928, 'scale_lr': 0.5802490491952987}. Best is trial 294 with value: 0.3769690837377704.
checkpoint_e36 window_influence: 0.52650668417117885, penalty_k: 0.18318277225502833, scale_lr: 0.59715695749376940, EAO: 0.323
Trial 422 finished with value: 0.32273115385831097 and parameters: {'window_influence': 0.5265066841711789, 'penalty_k': 0.18318277225502833, 'scale_lr': 0.5971569574937694}. Best is trial 294 with value: 0.3769690837377704.
checkpoint_e36 window_influence: 0.44409832527950621, penalty_k: 0.06686269857095106, scale_lr: 0.62194798840146437, EAO: 0.343
Trial 423 finished with value: 0.3434107156347208 and parameters: {'window_influence': 0.4440983252795062, 'penalty_k': 0.06686269857095106, 'scale_lr': 0.6219479884014644}. Best is trial 294 with value: 0.3769690837377704.
checkpoint_e36 window_influence: 0.28573650269566780, penalty_k: 0.43370630822547440, scale_lr: 0.50323543845396301, EAO: 0.288
Trial 424 finished with value: 0.28827835781796896 and parameters: {'window_influence': 0.2857365026956678, 'penalty_k': 0.4337063082254744, 'scale_lr': 0.503235438453963}. Best is trial 294 with value: 0.3769690837377704.
checkpoint_e36 window_influence: 0.31586402680500153, penalty_k: 0.38502066082676756, scale_lr: 0.28120819225280375, EAO: 0.292
Trial 425 finished with value: 0.2920094965612842 and parameters: {'window_influence': 0.31586402680500153, 'penalty_k': 0.38502066082676756, 'scale_lr': 0.28120819225280375}. Best is trial 294 with value: 0.3769690837377704.
checkpoint_e36 window_influence: 0.45903947446397536, penalty_k: 0.13365064921326580, scale_lr: 0.63798401889179601, EAO: 0.340
Trial 426 finished with value: 0.34003891520463075 and parameters: {'window_influence': 0.45903947446397536, 'penalty_k': 0.1336506492132658, 'scale_lr': 0.637984018891796}. Best is trial 294 with value: 0.3769690837377704.
checkpoint_e36 window_influence: 0.50871067453730046, penalty_k: 0.15613900018341606, scale_lr: 0.61054990257430952, EAO: 0.343
Trial 427 finished with value: 0.3431730611315033 and parameters: {'window_influence': 0.5087106745373005, 'penalty_k': 0.15613900018341606, 'scale_lr': 0.6105499025743095}. Best is trial 294 with value: 0.3769690837377704.
checkpoint_e36 window_influence: 0.25511219920521006, penalty_k: 0.19316631661782835, scale_lr: 0.16487810299930694, EAO: 0.298
Trial 428 finished with value: 0.2976014496403446 and parameters: {'window_influence': 0.25511219920521006, 'penalty_k': 0.19316631661782835, 'scale_lr': 0.16487810299930694}. Best is trial 294 with value: 0.3769690837377704.
checkpoint_e36 window_influence: 0.47989365565101127, penalty_k: 0.22442210844571570, scale_lr: 0.24442877458553103, EAO: 0.313
Trial 429 finished with value: 0.3127601797826559 and parameters: {'window_influence': 0.4798936556510113, 'penalty_k': 0.2244221084457157, 'scale_lr': 0.24442877458553103}. Best is trial 294 with value: 0.3769690837377704.
checkpoint_e36 window_influence: 0.46918249168807885, penalty_k: 0.24645625694648371, scale_lr: 0.66402517201229949, EAO: 0.346
Trial 430 finished with value: 0.34619638718055845 and parameters: {'window_influence': 0.46918249168807885, 'penalty_k': 0.2464562569464837, 'scale_lr': 0.6640251720122995}. Best is trial 294 with value: 0.3769690837377704.
checkpoint_e36 window_influence: 0.45346529879480935, penalty_k: 0.14425393848311596, scale_lr: 0.56890777076727417, EAO: 0.329
Trial 431 finished with value: 0.3287080971647329 and parameters: {'window_influence': 0.45346529879480935, 'penalty_k': 0.14425393848311596, 'scale_lr': 0.5689077707672742}. Best is trial 294 with value: 0.3769690837377704.
checkpoint_e36 window_influence: 0.40576637658433395, penalty_k: 0.17099881582769996, scale_lr: 0.46478452026280398, EAO: 0.328
Trial 432 finished with value: 0.32752369477591164 and parameters: {'window_influence': 0.40576637658433395, 'penalty_k': 0.17099881582769996, 'scale_lr': 0.464784520262804}. Best is trial 294 with value: 0.3769690837377704.
checkpoint_e36 window_influence: 0.49083409819144486, penalty_k: 0.20370698037371027, scale_lr: 0.59228116343359494, EAO: 0.330
Trial 433 finished with value: 0.329632376302541 and parameters: {'window_influence': 0.49083409819144486, 'penalty_k': 0.20370698037371027, 'scale_lr': 0.5922811634335949}. Best is trial 294 with value: 0.3769690837377704.
checkpoint_e36 window_influence: 0.33565132298879891, penalty_k: 0.24009460553959988, scale_lr: 0.47744259394844352, EAO: 0.313
