Trial 411 finished with value: 0.3101291232651774 and parameters: {'window_influence': 0.4807693569977203, 'penalty_k': 0.09598191460466769, 'scale_lr': 0.5937814390281939}. Best is trial 386 with value: 0.35297253809086543.
checkpoint_e18 window_influence: 0.11684155507984423, penalty_k: 0.05878888988080484, scale_lr: 0.37584488744659883, EAO: 0.273
Trial 412 finished with value: 0.27256034418998526 and parameters: {'window_influence': 0.11684155507984423, 'penalty_k': 0.058788889880804836, 'scale_lr': 0.37584488744659883}. Best is trial 386 with value: 0.35297253809086543.
checkpoint_e18 window_influence: 0.46364571955555550, penalty_k: 0.04415820407178364, scale_lr: 0.56477482193879214, EAO: 0.298
Trial 413 finished with value: 0.29755696897840683 and parameters: {'window_influence': 0.4636457195555555, 'penalty_k': 0.04415820407178364, 'scale_lr': 0.5647748219387921}. Best is trial 386 with value: 0.35297253809086543.
checkpoint_e18 window_influence: 0.38039915411945197, penalty_k: 0.09892333177402282, scale_lr: 0.42714229065029347, EAO: 0.299
Trial 185 finished with value: 0.2985906494266792 and parameters: {'window_influence': 0.38039915411945197, 'penalty_k': 0.09892333177402282, 'scale_lr': 0.42714229065029347}. Best is trial 172 with value: 0.349085223813929.
checkpoint_e18 window_influence: 0.35241922043185359, penalty_k: 0.07425014457973264, scale_lr: 0.54399951123823731, EAO: 0.315
Trial 414 finished with value: 0.31464031761954264 and parameters: {'window_influence': 0.3524192204318536, 'penalty_k': 0.07425014457973264, 'scale_lr': 0.5439995112382373}. Best is trial 386 with value: 0.35297253809086543.
checkpoint_e18 window_influence: 0.47941773914553365, penalty_k: 0.22951274792968415, scale_lr: 0.53012827638822058, EAO: 0.308
Trial 415 finished with value: 0.30771590931638204 and parameters: {'window_influence': 0.47941773914553365, 'penalty_k': 0.22951274792968415, 'scale_lr': 0.5301282763882206}. Best is trial 386 with value: 0.35297253809086543.
checkpoint_e18 window_influence: 0.45981752197339226, penalty_k: 0.10790956428166436, scale_lr: 0.44128558988472794, EAO: 0.351
Trial 416 finished with value: 0.35106595388182404 and parameters: {'window_influence': 0.45981752197339226, 'penalty_k': 0.10790956428166436, 'scale_lr': 0.44128558988472794}. Best is trial 386 with value: 0.35297253809086543.
checkpoint_e18 window_influence: 0.46306756544686106, penalty_k: 0.11352132761233155, scale_lr: 0.44138500475825571, EAO: 0.349
Trial 417 finished with value: 0.34893877149092084 and parameters: {'window_influence': 0.46306756544686106, 'penalty_k': 0.11352132761233155, 'scale_lr': 0.4413850047582557}. Best is trial 386 with value: 0.35297253809086543.
checkpoint_e18 window_influence: 0.39317371260133377, penalty_k: 0.32321050500463466, scale_lr: 0.32013149159438731, EAO: 0.295
Trial 186 finished with value: 0.2947804219875818 and parameters: {'window_influence': 0.39317371260133377, 'penalty_k': 0.32321050500463466, 'scale_lr': 0.3201314915943873}. Best is trial 172 with value: 0.349085223813929.
checkpoint_e18 window_influence: 0.45952129034969003, penalty_k: 0.11144965476447190, scale_lr: 0.44857208528103398, EAO: 0.315
Trial 418 finished with value: 0.314889009244711 and parameters: {'window_influence': 0.45952129034969, 'penalty_k': 0.1114496547644719, 'scale_lr': 0.448572085281034}. Best is trial 386 with value: 0.35297253809086543.
checkpoint_e18 window_influence: 0.49345041266279971, penalty_k: 0.14859768153705841, scale_lr: 0.48770805589100413, EAO: 0.304
Trial 419 finished with value: 0.3036527647002662 and parameters: {'window_influence': 0.4934504126627997, 'penalty_k': 0.1485976815370584, 'scale_lr': 0.48770805589100413}. Best is trial 386 with value: 0.35297253809086543.
checkpoint_e18 window_influence: 0.45806240067969595, penalty_k: 0.17606025223463145, scale_lr: 0.44684043350586089, EAO: 0.323
Trial 420 finished with value: 0.3228737817432166 and parameters: {'window_influence': 0.45806240067969595, 'penalty_k': 0.17606025223463145, 'scale_lr': 0.4468404335058609}. Best is trial 386 with value: 0.35297253809086543.
checkpoint_e18 window_influence: 0.46720373096690626, penalty_k: 0.12011736514627459, scale_lr: 0.43785272558720867, EAO: 0.328
Trial 421 finished with value: 0.32840743829072216 and parameters: {'window_influence': 0.46720373096690626, 'penalty_k': 0.1201173651462746, 'scale_lr': 0.43785272558720867}. Best is trial 386 with value: 0.35297253809086543.
checkpoint_e18 window_influence: 0.42546798528038199, penalty_k: 0.01453729148768757, scale_lr: 0.39642398779877530, EAO: 0.328
Trial 187 finished with value: 0.3280043020438591 and parameters: {'window_influence': 0.425467985280382, 'penalty_k': 0.014537291487687573, 'scale_lr': 0.3964239877987753}. Best is trial 172 with value: 0.349085223813929.
checkpoint_e18 window_influence: 0.48198398789260805, penalty_k: 0.10600501635721843, scale_lr: 0.44118832795122676, EAO: 0.340
Trial 422 finished with value: 0.3395589812720332 and parameters: {'window_influence': 0.48198398789260805, 'penalty_k': 0.10600501635721843, 'scale_lr': 0.44118832795122676}. Best is trial 386 with value: 0.35297253809086543.
checkpoint_e18 window_influence: 0.48372824850822871, penalty_k: 0.10961487559917268, scale_lr: 0.41360782566780691, EAO: 0.321
Trial 423 finished with value: 0.320993986864962 and parameters: {'window_influence': 0.4837282485082287, 'penalty_k': 0.10961487559917268, 'scale_lr': 0.4136078256678069}. Best is trial 386 with value: 0.35297253809086543.
checkpoint_e18 window_influence: 0.44225568315963409, penalty_k: 0.04909367198593287, scale_lr: 0.37497030489603389, EAO: 0.320
Trial 188 finished with value: 0.320048009723077 and parameters: {'window_influence': 0.4422556831596341, 'penalty_k': 0.04909367198593287, 'scale_lr': 0.3749703048960339}. Best is trial 172 with value: 0.349085223813929.
checkpoint_e18 window_influence: 0.51180557206560995, penalty_k: 0.12708839554693693, scale_lr: 0.43426626892164566, EAO: 0.316
Trial 424 finished with value: 0.31646397234400886 and parameters: {'window_influence': 0.51180557206561, 'penalty_k': 0.12708839554693693, 'scale_lr': 0.43426626892164566}. Best is trial 386 with value: 0.35297253809086543.
checkpoint_e18 window_influence: 0.49663958407299974, penalty_k: 0.10236262467563279, scale_lr: 0.46321054675778794, EAO: 0.312
Trial 425 finished with value: 0.3115114036817031 and parameters: {'window_influence': 0.49663958407299974, 'penalty_k': 0.10236262467563279, 'scale_lr': 0.46321054675778794}. Best is trial 386 with value: 0.35297253809086543.
checkpoint_e18 window_influence: 0.47886395959893752, penalty_k: 0.09172327636191434, scale_lr: 0.45371495997619249, EAO: 0.335
Trial 426 finished with value: 0.3354303291219682 and parameters: {'window_influence': 0.4788639595989375, 'penalty_k': 0.09172327636191434, 'scale_lr': 0.4537149599761925}. Best is trial 386 with value: 0.35297253809086543.
checkpoint_e18 window_influence: 0.40129148805671128, penalty_k: 0.05930731353826662, scale_lr: 0.35991373593550879, EAO: 0.293
Trial 189 finished with value: 0.29339994635099564 and parameters: {'window_influence': 0.4012914880567113, 'penalty_k': 0.05930731353826662, 'scale_lr': 0.3599137359355088}. Best is trial 172 with value: 0.349085223813929.
checkpoint_e18 window_influence: 0.48656856288612632, penalty_k: 0.11806644725141295, scale_lr: 0.42017103264193917, EAO: 0.329
Trial 427 finished with value: 0.32851294842675505 and parameters: {'window_influence': 0.4865685628861263, 'penalty_k': 0.11806644725141295, 'scale_lr': 0.42017103264193917}. Best is trial 386 with value: 0.35297253809086543.
checkpoint_e18 window_influence: 0.50393948757858753, penalty_k: 0.09562802264234643, scale_lr: 0.47273428569434223, EAO: 0.325
Trial 428 finished with value: 0.3252543739191753 and parameters: {'window_influence': 0.5039394875785875, 'penalty_k': 0.09562802264234643, 'scale_lr': 0.4727342856943422}. Best is trial 386 with value: 0.35297253809086543.
checkpoint_e18 window_influence: 0.53524695867254535, penalty_k: 0.02662204852155636, scale_lr: 0.44075765337755102, EAO: 0.305
Trial 190 finished with value: 0.30510484435910845 and parameters: {'window_influence': 0.5352469586725453, 'penalty_k': 0.026622048521556356, 'scale_lr': 0.440757653377551}. Best is trial 172 with value: 0.349085223813929.
checkpoint_e18 window_influence: 0.47904424531903816, penalty_k: 0.11107934282202825, scale_lr: 0.46171170833008307, EAO: 0.312
Trial 429 finished with value: 0.31229847971103536 and parameters: {'window_influence': 0.47904424531903816, 'penalty_k': 0.11107934282202825, 'scale_lr': 0.46171170833008307}. Best is trial 386 with value: 0.35297253809086543.
checkpoint_e18 window_influence: 0.51921390129159706, penalty_k: 0.09190137441339340, scale_lr: 0.44148593547490905, EAO: 0.318
Trial 430 finished with value: 0.3175962462963297 and parameters: {'window_influence': 0.5192139012915971, 'penalty_k': 0.0919013744133934, 'scale_lr': 0.44148593547490905}. Best is trial 386 with value: 0.35297253809086543.
checkpoint_e18 window_influence: 0.43967373979384305, penalty_k: 0.01130818668183187, scale_lr: 0.37874475062722429, EAO: 0.323
Trial 191 finished with value: 0.32306315607829783 and parameters: {'window_influence': 0.43967373979384305, 'penalty_k': 0.011308186681831867, 'scale_lr': 0.3787447506272243}. Best is trial 172 with value: 0.349085223813929.
checkpoint_e18 window_influence: 0.49247110869892452, penalty_k: 0.10186548583443916, scale_lr: 0.42298848726177907, EAO: 0.323
Trial 431 finished with value: 0.32279214860168415 and parameters: {'window_influence': 0.4924711086989245, 'penalty_k': 0.10186548583443916, 'scale_lr': 0.42298848726177907}. Best is trial 386 with value: 0.35297253809086543.
checkpoint_e18 window_influence: 0.45665613777672215, penalty_k: 0.13368610821994725, scale_lr: 0.44675696290709949, EAO: 0.341
Trial 432 finished with value: 0.3407752995129225 and parameters: {'window_influence': 0.45665613777672215, 'penalty_k': 0.13368610821994725, 'scale_lr': 0.4467569629070995}. Best is trial 386 with value: 0.35297253809086543.
checkpoint_e18 window_influence: 0.45592229497371051, penalty_k: 0.00955641582619918, scale_lr: 0.41603300094487056, EAO: 0.318
Trial 192 finished with value: 0.3175953109440637 and parameters: {'window_influence': 0.4559222949737105, 'penalty_k': 0.00955641582619918, 'scale_lr': 0.41603300094487056}. Best is trial 172 with value: 0.349085223813929.
checkpoint_e18 window_influence: 0.54708021213872093, penalty_k: 0.13205215567961406, scale_lr: 0.44761704367004107, EAO: 0.282
Trial 433 finished with value: 0.28197636835074147 and parameters: {'window_influence': 0.5470802121387209, 'penalty_k': 0.13205215567961406, 'scale_lr': 0.44761704367004107}. Best is trial 386 with value: 0.35297253809086543.
checkpoint_e18 window_influence: 0.58407415449163969, penalty_k: 0.12159321827988720, scale_lr: 0.47250414528778173, EAO: 0.264
Trial 434 finished with value: 0.2641102570735991 and parameters: {'window_influence': 0.5840741544916397, 'penalty_k': 0.1215932182798872, 'scale_lr': 0.47250414528778173}. Best is trial 386 with value: 0.35297253809086543.
checkpoint_e18 window_influence: 0.47385638102779670, penalty_k: 0.02184183506469243, scale_lr: 0.38900007894650107, EAO: 0.305
Trial 193 finished with value: 0.3053747409164674 and parameters: {'window_influence': 0.4738563810277967, 'penalty_k': 0.021841835064692425, 'scale_lr': 0.38900007894650107}. Best is trial 172 with value: 0.349085223813929.
checkpoint_e18 window_influence: 0.53254997344142052, penalty_k: 0.14258045457669516, scale_lr: 0.42957113336575381, EAO: 0.285
Trial 435 finished with value: 0.2847270183989974 and parameters: {'window_influence': 0.5325499734414205, 'penalty_k': 0.14258045457669516, 'scale_lr': 0.4295711333657538}. Best is trial 386 with value: 0.35297253809086543.
checkpoint_e18 window_influence: 0.45225448363961046, penalty_k: 0.11826082138567509, scale_lr: 0.41084743719789729, EAO: 0.332
Trial 436 finished with value: 0.3318231789402461 and parameters: {'window_influence': 0.45225448363961046, 'penalty_k': 0.11826082138567509, 'scale_lr': 0.4108474371978973}. Best is trial 386 with value: 0.35297253809086543.
checkpoint_e18 window_influence: 0.42176165142936528, penalty_k: 0.00084087882192446, scale_lr: 0.34774554110049199, EAO: 0.311
Trial 194 finished with value: 0.31093870555612363 and parameters: {'window_influence': 0.4217616514293653, 'penalty_k': 0.000840878821924464, 'scale_lr': 0.347745541100492}. Best is trial 172 with value: 0.349085223813929.
checkpoint_e18 window_influence: 0.48050340433522631, penalty_k: 0.13361307636963524, scale_lr: 0.45724398688263490, EAO: 0.341
Trial 437 finished with value: 0.34080694737601375 and parameters: {'window_influence': 0.4805034043352263, 'penalty_k': 0.13361307636963524, 'scale_lr': 0.4572439868826349}. Best is trial 386 with value: 0.35297253809086543.
checkpoint_e18 window_influence: 0.47917727025008955, penalty_k: 0.13499439918055914, scale_lr: 0.45387422299357610, EAO: 0.301
Trial 438 finished with value: 0.3007449058359235 and parameters: {'window_influence': 0.47917727025008955, 'penalty_k': 0.13499439918055914, 'scale_lr': 0.4538742229935761}. Best is trial 386 with value: 0.35297253809086543.
checkpoint_e18 window_influence: 0.43596717390229728, penalty_k: 0.03948163432398154, scale_lr: 0.37097758360814803, EAO: 0.337
Trial 195 finished with value: 0.3370445905260539 and parameters: {'window_influence': 0.4359671739022973, 'penalty_k': 0.03948163432398154, 'scale_lr': 0.37097758360814803}. Best is trial 172 with value: 0.349085223813929.
checkpoint_e18 window_influence: 0.50424444098808985, penalty_k: 0.10710871581876959, scale_lr: 0.43955156431108311, EAO: 0.316
Trial 439 finished with value: 0.31558979253360736 and parameters: {'window_influence': 0.5042444409880898, 'penalty_k': 0.10710871581876959, 'scale_lr': 0.4395515643110831}. Best is trial 386 with value: 0.35297253809086543.
checkpoint_e18 window_influence: 0.48938494937045346, penalty_k: 0.14526334985776482, scale_lr: 0.47050354826191670, EAO: 0.323
Trial 440 finished with value: 0.32327362065881143 and parameters: {'window_influence': 0.48938494937045346, 'penalty_k': 0.14526334985776482, 'scale_lr': 0.4705035482619167}. Best is trial 386 with value: 0.35297253809086543.
checkpoint_e18 window_influence: 0.40966027003800415, penalty_k: 0.04142067616709017, scale_lr: 0.41048879922027948, EAO: 0.312
Trial 196 finished with value: 0.31180808162642826 and parameters: {'window_influence': 0.40966027003800415, 'penalty_k': 0.04142067616709017, 'scale_lr': 0.4104887992202795}. Best is trial 172 with value: 0.349085223813929.
checkpoint_e18 window_influence: 0.47537471541897125, penalty_k: 0.15455753799498725, scale_lr: 0.39808169631199286, EAO: 0.330
Trial 441 finished with value: 0.32999877393941474 and parameters: {'window_influence': 0.47537471541897125, 'penalty_k': 0.15455753799498725, 'scale_lr': 0.39808169631199286}. Best is trial 386 with value: 0.35297253809086543.
checkpoint_e18 window_influence: 0.49154593576014660, penalty_k: 0.12702924653873243, scale_lr: 0.45685575940840301, EAO: 0.327
Trial 442 finished with value: 0.3269803412113672 and parameters: {'window_influence': 0.4915459357601466, 'penalty_k': 0.12702924653873243, 'scale_lr': 0.456855759408403}. Best is trial 386 with value: 0.35297253809086543.
checkpoint_e18 window_influence: 0.38993493969395659, penalty_k: 0.06719776340785572, scale_lr: 0.37099657992774610, EAO: 0.298
Trial 197 finished with value: 0.29763698009665374 and parameters: {'window_influence': 0.3899349396939566, 'penalty_k': 0.06719776340785572, 'scale_lr': 0.3709965799277461}. Best is trial 172 with value: 0.349085223813929.
checkpoint_e18 window_influence: 0.55826556719685294, penalty_k: 0.08717130597468081, scale_lr: 0.43192385293363050, EAO: 0.289
Trial 443 finished with value: 0.289174745982723 and parameters: {'window_influence': 0.5582655671968529, 'penalty_k': 0.08717130597468081, 'scale_lr': 0.4319238529336305}. Best is trial 386 with value: 0.35297253809086543.
checkpoint_e18 window_influence: 0.47101170225637007, penalty_k: 0.10043459765462724, scale_lr: 0.49464291022627366, EAO: 0.329
Trial 444 finished with value: 0.3292409358437423 and parameters: {'window_influence': 0.47101170225637007, 'penalty_k': 0.10043459765462724, 'scale_lr': 0.49464291022627366}. Best is trial 386 with value: 0.35297253809086543.
checkpoint_e18 window_influence: 0.43470560687451426, penalty_k: 0.08682578518442016, scale_lr: 0.32781905559060021, EAO: 0.312
Trial 198 finished with value: 0.31228173387885555 and parameters: {'window_influence': 0.43470560687451426, 'penalty_k': 0.08682578518442016, 'scale_lr': 0.3278190555906002}. Best is trial 172 with value: 0.349085223813929.
checkpoint_e18 window_influence: 0.33559603398583654, penalty_k: 0.12931556061450439, scale_lr: 0.48232878894739734, EAO: 0.302
Trial 445 finished with value: 0.3023204183068257 and parameters: {'window_influence': 0.33559603398583654, 'penalty_k': 0.1293155606145044, 'scale_lr': 0.48232878894739734}. Best is trial 386 with value: 0.35297253809086543.
checkpoint_e18 window_influence: 0.27389629461969234, penalty_k: 0.18061605679828363, scale_lr: 0.41186644297479924, EAO: 0.305
Trial 446 finished with value: 0.3049458133107493 and parameters: {'window_influence': 0.27389629461969234, 'penalty_k': 0.18061605679828363, 'scale_lr': 0.41186644297479924}. Best is trial 386 with value: 0.35297253809086543.
checkpoint_e18 window_influence: 0.50479202629514019, penalty_k: 0.18146436262993432, scale_lr: 0.40027139927476407, EAO: 0.299
Trial 199 finished with value: 0.2992534995774815 and parameters: {'window_influence': 0.5047920262951402, 'penalty_k': 0.18146436262993432, 'scale_lr': 0.4002713992747641}. Best is trial 172 with value: 0.349085223813929.
checkpoint_e18 window_influence: 0.22705816501036619, penalty_k: 0.11277201968657201, scale_lr: 0.45346306867424263, EAO: 0.285
Trial 447 finished with value: 0.28451646551315884 and parameters: {'window_influence': 0.2270581650103662, 'penalty_k': 0.11277201968657201, 'scale_lr': 0.45346306867424263}. Best is trial 386 with value: 0.35297253809086543.
checkpoint_e18 window_influence: 0.34967283911846747, penalty_k: 0.20238865013576293, scale_lr: 0.44518562866985079, EAO: 0.302
Trial 448 finished with value: 0.3017225176211925 and parameters: {'window_influence': 0.34967283911846747, 'penalty_k': 0.20238865013576293, 'scale_lr': 0.4451856286698508}. Best is trial 386 with value: 0.35297253809086543.
checkpoint_e18 window_influence: 0.36459878266721241, penalty_k: 0.05026152631607979, scale_lr: 0.36055536557023127, EAO: 0.292
Trial 200 finished with value: 0.2921811450664171 and parameters: {'window_influence': 0.3645987826672124, 'penalty_k': 0.05026152631607979, 'scale_lr': 0.36055536557023127}. Best is trial 172 with value: 0.349085223813929.
checkpoint_e18 window_influence: 0.46006472057667253, penalty_k: 0.08912200934814797, scale_lr: 0.46646367719354248, EAO: 0.315
Trial 449 finished with value: 0.3145038962712084 and parameters: {'window_influence': 0.4600647205766725, 'penalty_k': 0.08912200934814797, 'scale_lr': 0.4664636771935425}. Best is trial 386 with value: 0.35297253809086543.
checkpoint_e18 window_influence: 0.47691479301215861, penalty_k: 0.13257338165508972, scale_lr: 0.38569396099552705, EAO: 0.342
Trial 450 finished with value: 0.34169586530455354 and parameters: {'window_influence': 0.4769147930121586, 'penalty_k': 0.13257338165508972, 'scale_lr': 0.38569396099552705}. Best is trial 386 with value: 0.35297253809086543.
checkpoint_e18 window_influence: 0.44156787657951019, penalty_k: 0.03332740146207387, scale_lr: 0.38430193989935674, EAO: 0.349
Trial 201 finished with value: 0.34928440305509456 and parameters: {'window_influence': 0.4415678765795102, 'penalty_k': 0.03332740146207387, 'scale_lr': 0.38430193989935674}. Best is trial 201 with value: 0.34928440305509456.
checkpoint_e18 window_influence: 0.32183183657047509, penalty_k: 0.13159496688337788, scale_lr: 0.31135929911496113, EAO: 0.306
Trial 451 finished with value: 0.30589503212197744 and parameters: {'window_influence': 0.3218318365704751, 'penalty_k': 0.13159496688337788, 'scale_lr': 0.31135929911496113}. Best is trial 386 with value: 0.35297253809086543.
checkpoint_e18 window_influence: 0.50453036065082690, penalty_k: 0.15204498822707521, scale_lr: 0.39013757249345205, EAO: 0.318
Trial 452 finished with value: 0.31792616473097746 and parameters: {'window_influence': 0.5045303606508269, 'penalty_k': 0.1520449882270752, 'scale_lr': 0.39013757249345205}. Best is trial 386 with value: 0.35297253809086543.
checkpoint_e18 window_influence: 0.43133135002709999, penalty_k: 0.03475284437114113, scale_lr: 0.38658450699785957, EAO: 0.309
Trial 202 finished with value: 0.30858931496217556 and parameters: {'window_influence': 0.4313313500271, 'penalty_k': 0.03475284437114113, 'scale_lr': 0.38658450699785957}. Best is trial 201 with value: 0.34928440305509456.
checkpoint_e18 window_influence: 0.48292188445829093, penalty_k: 0.26233068927457098, scale_lr: 0.48591481426805400, EAO: 0.319
Trial 453 finished with value: 0.3194386844273207 and parameters: {'window_influence': 0.48292188445829093, 'penalty_k': 0.262330689274571, 'scale_lr': 0.485914814268054}. Best is trial 386 with value: 0.35297253809086543.
checkpoint_e18 window_influence: 0.51520699291107341, penalty_k: 0.11182067668793433, scale_lr: 0.63216034688330414, EAO: 0.291
Trial 454 finished with value: 0.2912479657027508 and parameters: {'window_influence': 0.5152069929110734, 'penalty_k': 0.11182067668793433, 'scale_lr': 0.6321603468833041}. Best is trial 386 with value: 0.35297253809086543.
checkpoint_e18 window_influence: 0.47760318463126589, penalty_k: 0.13518035172501852, scale_lr: 0.35327815907968785, EAO: 0.326
