Trial 509 finished with value: 0.3454055205161469 and parameters: {'window_influence': 0.4643765713016742, 'penalty_k': 0.03184555350331805, 'scale_lr': 0.25307713484596805}. Best is trial 330 with value: 0.36352008859471124.
checkpoint_e31 window_influence: 0.35600848577712813, penalty_k: 0.03170517783292495, scale_lr: 0.26179108578435922, EAO: 0.303
Trial 510 finished with value: 0.3034158430210811 and parameters: {'window_influence': 0.3560084857771281, 'penalty_k': 0.03170517783292495, 'scale_lr': 0.2617910857843592}. Best is trial 330 with value: 0.36352008859471124.
checkpoint_e31 window_influence: 0.44730729361915950, penalty_k: 0.01564044172394778, scale_lr: 0.27825274150356005, EAO: 0.331
Trial 511 finished with value: 0.331481006010961 and parameters: {'window_influence': 0.4473072936191595, 'penalty_k': 0.01564044172394778, 'scale_lr': 0.27825274150356005}. Best is trial 330 with value: 0.36352008859471124.
checkpoint_e31 window_influence: 0.31740153306688113, penalty_k: 0.04828704697156528, scale_lr: 0.24894858446989085, EAO: 0.307
Trial 512 finished with value: 0.3069828165992225 and parameters: {'window_influence': 0.3174015330668811, 'penalty_k': 0.04828704697156528, 'scale_lr': 0.24894858446989085}. Best is trial 330 with value: 0.36352008859471124.
checkpoint_e31 window_influence: 0.43835596251217762, penalty_k: 0.03156675813512048, scale_lr: 0.32870030540027800, EAO: 0.318
Trial 513 finished with value: 0.3178195433278028 and parameters: {'window_influence': 0.4383559625121776, 'penalty_k': 0.031566758135120485, 'scale_lr': 0.328700305400278}. Best is trial 330 with value: 0.36352008859471124.
checkpoint_e31 window_influence: 0.46123578909416146, penalty_k: 0.27305207842659179, scale_lr: 0.25474095363227744, EAO: 0.329
Trial 514 finished with value: 0.32862042029776 and parameters: {'window_influence': 0.46123578909416146, 'penalty_k': 0.2730520784265918, 'scale_lr': 0.25474095363227744}. Best is trial 330 with value: 0.36352008859471124.
checkpoint_e31 window_influence: 0.38465405115458789, penalty_k: 0.06289421760272132, scale_lr: 0.23097530252118181, EAO: 0.317
Trial 515 finished with value: 0.31651369722900685 and parameters: {'window_influence': 0.3846540511545879, 'penalty_k': 0.06289421760272132, 'scale_lr': 0.2309753025211818}. Best is trial 330 with value: 0.36352008859471124.
checkpoint_e31 window_influence: 0.46432036964358553, penalty_k: 0.01953371237268317, scale_lr: 0.26903247788952889, EAO: 0.344
Trial 516 finished with value: 0.34356978709595676 and parameters: {'window_influence': 0.46432036964358553, 'penalty_k': 0.01953371237268317, 'scale_lr': 0.2690324778895289}. Best is trial 330 with value: 0.36352008859471124.
checkpoint_e31 window_influence: 0.47379206813862690, penalty_k: 0.03939701054040218, scale_lr: 0.29258023682644968, EAO: 0.324
Trial 517 finished with value: 0.3240782184823478 and parameters: {'window_influence': 0.4737920681386269, 'penalty_k': 0.03939701054040218, 'scale_lr': 0.2925802368264497}. Best is trial 330 with value: 0.36352008859471124.
checkpoint_e31 window_influence: 0.45318595384312915, penalty_k: 0.00913019705471060, scale_lr: 0.20866124030199357, EAO: 0.329
Trial 518 finished with value: 0.32902804411338926 and parameters: {'window_influence': 0.45318595384312915, 'penalty_k': 0.009130197054710599, 'scale_lr': 0.20866124030199357}. Best is trial 330 with value: 0.36352008859471124.
checkpoint_e31 window_influence: 0.42585081406677150, penalty_k: 0.18210854467638449, scale_lr: 0.34717739677136156, EAO: 0.301
Trial 519 finished with value: 0.3005008589664786 and parameters: {'window_influence': 0.4258508140667715, 'penalty_k': 0.1821085446763845, 'scale_lr': 0.34717739677136156}. Best is trial 330 with value: 0.36352008859471124.
checkpoint_e31 window_influence: 0.48208472007096848, penalty_k: 0.05476553494996547, scale_lr: 0.76843460282815856, EAO: 0.331
Trial 520 finished with value: 0.3307542927302275 and parameters: {'window_influence': 0.4820847200709685, 'penalty_k': 0.054765534949965465, 'scale_lr': 0.7684346028281586}. Best is trial 330 with value: 0.36352008859471124.
checkpoint_e31 window_influence: 0.26707795218611774, penalty_k: 0.02743220703665078, scale_lr: 0.24757572170675962, EAO: 0.287
Trial 521 finished with value: 0.28720074874649715 and parameters: {'window_influence': 0.26707795218611774, 'penalty_k': 0.027432207036650783, 'scale_lr': 0.24757572170675962}. Best is trial 330 with value: 0.36352008859471124.
checkpoint_e31 window_influence: 0.49669194869895100, penalty_k: 0.04360752860107325, scale_lr: 0.38216128148392048, EAO: 0.327
Trial 522 finished with value: 0.32708945766033365 and parameters: {'window_influence': 0.496691948698951, 'penalty_k': 0.043607528601073246, 'scale_lr': 0.3821612814839205}. Best is trial 330 with value: 0.36352008859471124.
checkpoint_e31 window_influence: 0.39441852452686010, penalty_k: 0.07461242622057176, scale_lr: 0.22173687399056841, EAO: 0.324
Trial 523 finished with value: 0.32397480297413317 and parameters: {'window_influence': 0.3944185245268601, 'penalty_k': 0.07461242622057176, 'scale_lr': 0.2217368739905684}. Best is trial 330 with value: 0.36352008859471124.
checkpoint_e31 window_influence: 0.46680678214780874, penalty_k: 0.47014272099520160, scale_lr: 0.11122782274834264, EAO: 0.297
Trial 524 finished with value: 0.2969388375022532 and parameters: {'window_influence': 0.46680678214780874, 'penalty_k': 0.4701427209952016, 'scale_lr': 0.11122782274834264}. Best is trial 330 with value: 0.36352008859471124.
checkpoint_e31 window_influence: 0.56158001468932894, penalty_k: 0.02448261337080400, scale_lr: 0.23721452779838198, EAO: 0.308
Trial 525 finished with value: 0.3079755842569737 and parameters: {'window_influence': 0.5615800146893289, 'penalty_k': 0.024482613370804, 'scale_lr': 0.23721452779838198}. Best is trial 330 with value: 0.36352008859471124.
checkpoint_e31 window_influence: 0.52373739595958047, penalty_k: 0.01031159784503347, scale_lr: 0.19986776802034034, EAO: 0.331
Trial 526 finished with value: 0.3305852486233767 and parameters: {'window_influence': 0.5237373959595805, 'penalty_k': 0.010311597845033466, 'scale_lr': 0.19986776802034034}. Best is trial 330 with value: 0.36352008859471124.
checkpoint_e31 window_influence: 0.29729704260729650, penalty_k: 0.38586134670818417, scale_lr: 0.12800102400716257, EAO: 0.294
Trial 527 finished with value: 0.29415219123493375 and parameters: {'window_influence': 0.2972970426072965, 'penalty_k': 0.38586134670818417, 'scale_lr': 0.12800102400716257}. Best is trial 330 with value: 0.36352008859471124.
checkpoint_e31 window_influence: 0.41508269627672884, penalty_k: 0.31054934144604951, scale_lr: 0.27851794845348415, EAO: 0.302
Trial 528 finished with value: 0.30185303526861657 and parameters: {'window_influence': 0.41508269627672884, 'penalty_k': 0.3105493414460495, 'scale_lr': 0.27851794845348415}. Best is trial 330 with value: 0.36352008859471124.
checkpoint_e31 window_influence: 0.50802022737604291, penalty_k: 0.06314986801645008, scale_lr: 0.18188483742975387, EAO: 0.334
Trial 529 finished with value: 0.33440441229464013 and parameters: {'window_influence': 0.5080202273760429, 'penalty_k': 0.06314986801645008, 'scale_lr': 0.18188483742975387}. Best is trial 330 with value: 0.36352008859471124.
checkpoint_e31 window_influence: 0.48445820692315678, penalty_k: 0.03712867185453487, scale_lr: 0.30057544597781660, EAO: 0.319
Trial 530 finished with value: 0.31912934003173143 and parameters: {'window_influence': 0.4844582069231568, 'penalty_k': 0.03712867185453487, 'scale_lr': 0.3005754459778166}. Best is trial 330 with value: 0.36352008859471124.
checkpoint_e31 window_influence: 0.33275183768778382, penalty_k: 0.04898773873180871, scale_lr: 0.21476791996437689, EAO: 0.311
Trial 531 finished with value: 0.3110588087414025 and parameters: {'window_influence': 0.3327518376877838, 'penalty_k': 0.048987738731808714, 'scale_lr': 0.21476791996437689}. Best is trial 330 with value: 0.36352008859471124.
checkpoint_e31 window_influence: 0.47367850912385756, penalty_k: 0.02254883725402667, scale_lr: 0.48988264275351567, EAO: 0.310
Trial 532 finished with value: 0.3095796157529846 and parameters: {'window_influence': 0.47367850912385756, 'penalty_k': 0.022548837254026666, 'scale_lr': 0.4898826427535157}. Best is trial 330 with value: 0.36352008859471124.
checkpoint_e31 window_influence: 0.61266778204206973, penalty_k: 0.37996801988120321, scale_lr: 0.16105086545000522, EAO: 0.255
Trial 533 finished with value: 0.25502941969071846 and parameters: {'window_influence': 0.6126677820420697, 'penalty_k': 0.3799680198812032, 'scale_lr': 0.16105086545000522}. Best is trial 330 with value: 0.36352008859471124.
checkpoint_e31 window_influence: 0.50125249611446443, penalty_k: 0.33402152431462834, scale_lr: 0.59960449239410218, EAO: 0.300
Trial 534 finished with value: 0.2999593148783487 and parameters: {'window_influence': 0.5012524961144644, 'penalty_k': 0.33402152431462834, 'scale_lr': 0.5996044923941022}. Best is trial 330 with value: 0.36352008859471124.
checkpoint_e31 window_influence: 0.60398995356518248, penalty_k: 0.01353447241715924, scale_lr: 0.39753850939799884, EAO: 0.277
Trial 535 finished with value: 0.27728053996998975 and parameters: {'window_influence': 0.6039899535651825, 'penalty_k': 0.013534472417159236, 'scale_lr': 0.39753850939799884}. Best is trial 330 with value: 0.36352008859471124.
checkpoint_e31 window_influence: 0.45829636037843030, penalty_k: 0.21174869176771174, scale_lr: 0.26128251871825320, EAO: 0.330
Trial 536 finished with value: 0.33036133438232806 and parameters: {'window_influence': 0.4582963603784303, 'penalty_k': 0.21174869176771174, 'scale_lr': 0.2612825187182532}. Best is trial 330 with value: 0.36352008859471124.
checkpoint_e31 window_influence: 0.11722883028458536, penalty_k: 0.36787173778300031, scale_lr: 0.23460854868124956, EAO: 0.260
Trial 537 finished with value: 0.2599459164105501 and parameters: {'window_influence': 0.11722883028458536, 'penalty_k': 0.3678717377830003, 'scale_lr': 0.23460854868124956}. Best is trial 330 with value: 0.36352008859471124.
checkpoint_e31 window_influence: 0.53211325501592732, penalty_k: 0.03244421031567014, scale_lr: 0.10073655225693005, EAO: 0.314
Trial 538 finished with value: 0.31354364636807125 and parameters: {'window_influence': 0.5321132550159273, 'penalty_k': 0.03244421031567014, 'scale_lr': 0.10073655225693005}. Best is trial 330 with value: 0.36352008859471124.
checkpoint_e31 window_influence: 0.36649704002784000, penalty_k: 0.00025656414757089, scale_lr: 0.66668009186028876, EAO: 0.309
Trial 539 finished with value: 0.30868387361444855 and parameters: {'window_influence': 0.36649704002784, 'penalty_k': 0.00025656414757089033, 'scale_lr': 0.6666800918602888}. Best is trial 330 with value: 0.36352008859471124.
checkpoint_e31 window_influence: 0.48935883005287167, penalty_k: 0.26341584501852183, scale_lr: 0.37220227341203727, EAO: 0.320
Trial 540 finished with value: 0.31957989803547987 and parameters: {'window_influence': 0.4893588300528717, 'penalty_k': 0.26341584501852183, 'scale_lr': 0.37220227341203727}. Best is trial 330 with value: 0.36352008859471124.
checkpoint_e31 window_influence: 0.54887695906673184, penalty_k: 0.05242685557108048, scale_lr: 0.79287986709051861, EAO: 0.293
Trial 541 finished with value: 0.292971990625682 and parameters: {'window_influence': 0.5488769590667318, 'penalty_k': 0.052426855571080476, 'scale_lr': 0.7928798670905186}. Best is trial 330 with value: 0.36352008859471124.
checkpoint_e31 window_influence: 0.22218395662217200, penalty_k: 0.07806863381865220, scale_lr: 0.24979588453963703, EAO: 0.287
Trial 542 finished with value: 0.2872113795363949 and parameters: {'window_influence': 0.222183956622172, 'penalty_k': 0.0780686338186522, 'scale_lr': 0.24979588453963703}. Best is trial 330 with value: 0.36352008859471124.
checkpoint_e31 window_influence: 0.63971722027450373, penalty_k: 0.16297185558743774, scale_lr: 0.19373876239960405, EAO: 0.240
Trial 543 finished with value: 0.2402763039105597 and parameters: {'window_influence': 0.6397172202745037, 'penalty_k': 0.16297185558743774, 'scale_lr': 0.19373876239960405}. Best is trial 330 with value: 0.36352008859471124.
checkpoint_e31 window_influence: 0.43786933096653813, penalty_k: 0.03845882695284439, scale_lr: 0.22186008664795678, EAO: 0.318
Trial 544 finished with value: 0.3179497946677041 and parameters: {'window_influence': 0.43786933096653813, 'penalty_k': 0.03845882695284439, 'scale_lr': 0.22186008664795678}. Best is trial 330 with value: 0.36352008859471124.
checkpoint_e31 window_influence: 0.22940223013629435, penalty_k: 0.41427660783406417, scale_lr: 0.48067209478282336, EAO: 0.268
Trial 545 finished with value: 0.2678605697846134 and parameters: {'window_influence': 0.22940223013629435, 'penalty_k': 0.41427660783406417, 'scale_lr': 0.48067209478282336}. Best is trial 330 with value: 0.36352008859471124.
checkpoint_e31 window_influence: 0.50970018891905988, penalty_k: 0.17444500807202154, scale_lr: 0.14866221065951341, EAO: 0.316
Trial 546 finished with value: 0.31583828157256083 and parameters: {'window_influence': 0.5097001889190599, 'penalty_k': 0.17444500807202154, 'scale_lr': 0.1486622106595134}. Best is trial 330 with value: 0.36352008859471124.
checkpoint_e31 window_influence: 0.34729738486849232, penalty_k: 0.01962352362517326, scale_lr: 0.35358918301353254, EAO: 0.311
Trial 547 finished with value: 0.3111279763948129 and parameters: {'window_influence': 0.3472973848684923, 'penalty_k': 0.019623523625173257, 'scale_lr': 0.35358918301353254}. Best is trial 330 with value: 0.36352008859471124.
checkpoint_e31 window_influence: 0.51992296028490137, penalty_k: 0.06032930387366663, scale_lr: 0.45648281763993076, EAO: 0.313
Trial 548 finished with value: 0.3125363519915347 and parameters: {'window_influence': 0.5199229602849014, 'penalty_k': 0.06032930387366663, 'scale_lr': 0.45648281763993076}. Best is trial 330 with value: 0.36352008859471124.
checkpoint_e31 window_influence: 0.47350007932471250, penalty_k: 0.03008968490139027, scale_lr: 0.41192161448216275, EAO: 0.309
Trial 549 finished with value: 0.3094557701149803 and parameters: {'window_influence': 0.4735000793247125, 'penalty_k': 0.03008968490139027, 'scale_lr': 0.41192161448216275}. Best is trial 330 with value: 0.36352008859471124.
checkpoint_e31 window_influence: 0.49552740355840519, penalty_k: 0.15195509394108497, scale_lr: 0.11889224965434041, EAO: 0.341
Trial 550 finished with value: 0.34119607937243196 and parameters: {'window_influence': 0.4955274035584052, 'penalty_k': 0.15195509394108497, 'scale_lr': 0.1188922496543404}. Best is trial 330 with value: 0.36352008859471124.
checkpoint_e31 window_influence: 0.48219777016354409, penalty_k: 0.35615283401454045, scale_lr: 0.26798426764223027, EAO: 0.312
Trial 551 finished with value: 0.31152056905546077 and parameters: {'window_influence': 0.4821977701635441, 'penalty_k': 0.35615283401454045, 'scale_lr': 0.26798426764223027}. Best is trial 330 with value: 0.36352008859471124.
checkpoint_e31 window_influence: 0.46113518567458522, penalty_k: 0.00934373094069503, scale_lr: 0.24487835806834157, EAO: 0.320
Trial 552 finished with value: 0.32039596754985095 and parameters: {'window_influence': 0.4611351856745852, 'penalty_k': 0.009343730940695034, 'scale_lr': 0.24487835806834157}. Best is trial 330 with value: 0.36352008859471124.
checkpoint_e31 window_influence: 0.11265166479453090, penalty_k: 0.55286826594547311, scale_lr: 0.17244713274277346, EAO: 0.239
Trial 553 finished with value: 0.2386989003257529 and parameters: {'window_influence': 0.1126516647945309, 'penalty_k': 0.5528682659454731, 'scale_lr': 0.17244713274277346}. Best is trial 330 with value: 0.36352008859471124.
checkpoint_e31 window_influence: 0.59240044828274563, penalty_k: 0.29185530532284770, scale_lr: 0.20628440609447662, EAO: 0.275
Trial 554 finished with value: 0.27534512172413245 and parameters: {'window_influence': 0.5924004482827456, 'penalty_k': 0.2918553053228477, 'scale_lr': 0.20628440609447662}. Best is trial 330 with value: 0.36352008859471124.
checkpoint_e31 window_influence: 0.51535357685043559, penalty_k: 0.04614376108545221, scale_lr: 0.32478682304974965, EAO: 0.320
Trial 555 finished with value: 0.31967756024594435 and parameters: {'window_influence': 0.5153535768504356, 'penalty_k': 0.046143761085452206, 'scale_lr': 0.32478682304974965}. Best is trial 330 with value: 0.36352008859471124.
checkpoint_e31 window_influence: 0.49924565035658242, penalty_k: 0.00011617507136868, scale_lr: 0.55414819921862435, EAO: 0.340
Trial 556 finished with value: 0.34042228091551635 and parameters: {'window_influence': 0.4992456503565824, 'penalty_k': 0.00011617507136867794, 'scale_lr': 0.5541481992186243}. Best is trial 330 with value: 0.36352008859471124.
checkpoint_e31 window_influence: 0.31987277605665021, penalty_k: 0.39979240587537479, scale_lr: 0.71822956760101908, EAO: 0.303
Trial 557 finished with value: 0.30299411905414864 and parameters: {'window_influence': 0.3198727760566502, 'penalty_k': 0.3997924058753748, 'scale_lr': 0.7182295676010191}. Best is trial 330 with value: 0.36352008859471124.
checkpoint_e31 window_influence: 0.44908731101724653, penalty_k: 0.02202011972005102, scale_lr: 0.22980309854838607, EAO: 0.317
Trial 558 finished with value: 0.31658598606688504 and parameters: {'window_influence': 0.4490873110172465, 'penalty_k': 0.02202011972005102, 'scale_lr': 0.22980309854838607}. Best is trial 330 with value: 0.36352008859471124.
checkpoint_e31 window_influence: 0.53637324367765238, penalty_k: 0.50417147811432961, scale_lr: 0.28864326719135819, EAO: 0.279
Trial 559 finished with value: 0.2787913053879942 and parameters: {'window_influence': 0.5363732436776524, 'penalty_k': 0.5041714781143296, 'scale_lr': 0.2886432671913582}. Best is trial 330 with value: 0.36352008859471124.
checkpoint_e31 window_influence: 0.48711674818239192, penalty_k: 0.08714116447215683, scale_lr: 0.12951384924600015, EAO: 0.333
Trial 560 finished with value: 0.33339182533874584 and parameters: {'window_influence': 0.4871167481823919, 'penalty_k': 0.08714116447215683, 'scale_lr': 0.12951384924600015}. Best is trial 330 with value: 0.36352008859471124.
checkpoint_e31 window_influence: 0.47386905464642692, penalty_k: 0.06449436271930120, scale_lr: 0.36280209029048799, EAO: 0.311
Trial 561 finished with value: 0.3112272736163455 and parameters: {'window_influence': 0.4738690546464269, 'penalty_k': 0.0644943627193012, 'scale_lr': 0.362802090290488}. Best is trial 330 with value: 0.36352008859471124.
checkpoint_e31 window_influence: 0.31107258249257225, penalty_k: 0.23403928991865164, scale_lr: 0.19015873659878046, EAO: 0.292
Trial 562 finished with value: 0.2920701992534942 and parameters: {'window_influence': 0.31107258249257225, 'penalty_k': 0.23403928991865164, 'scale_lr': 0.19015873659878046}. Best is trial 330 with value: 0.36352008859471124.
checkpoint_e31 window_influence: 0.50575641983926301, penalty_k: 0.03518056379585759, scale_lr: 0.43092564585583137, EAO: 0.341
Trial 563 finished with value: 0.3414983563849898 and parameters: {'window_influence': 0.505756419839263, 'penalty_k': 0.03518056379585759, 'scale_lr': 0.4309256458558314}. Best is trial 330 with value: 0.36352008859471124.
checkpoint_e31 window_influence: 0.52556812923834806, penalty_k: 0.19836939014999944, scale_lr: 0.25163700757060753, EAO: 0.314
Trial 564 finished with value: 0.31396005595472537 and parameters: {'window_influence': 0.5255681292383481, 'penalty_k': 0.19836939014999944, 'scale_lr': 0.25163700757060753}. Best is trial 330 with value: 0.36352008859471124.
checkpoint_e31 window_influence: 0.49208739835964554, penalty_k: 0.04421924043986693, scale_lr: 0.15014407391931595, EAO: 0.331
Trial 565 finished with value: 0.33114075950611427 and parameters: {'window_influence': 0.49208739835964554, 'penalty_k': 0.04421924043986693, 'scale_lr': 0.15014407391931595}. Best is trial 330 with value: 0.36352008859471124.
checkpoint_e31 window_influence: 0.62969053444742218, penalty_k: 0.01405460572421403, scale_lr: 0.30826776552203472, EAO: 0.264
Trial 566 finished with value: 0.2639967497684612 and parameters: {'window_influence': 0.6296905344474222, 'penalty_k': 0.014054605724214027, 'scale_lr': 0.3082677655220347}. Best is trial 330 with value: 0.36352008859471124.
checkpoint_e31 window_influence: 0.46504207900146954, penalty_k: 0.02753082382279032, scale_lr: 0.52660149071614870, EAO: 0.319
Trial 567 finished with value: 0.3186711416170291 and parameters: {'window_influence': 0.46504207900146954, 'penalty_k': 0.027530823822790325, 'scale_lr': 0.5266014907161487}. Best is trial 330 with value: 0.36352008859471124.
checkpoint_e31 window_influence: 0.40681640057700208, penalty_k: 0.48824925302995326, scale_lr: 0.39713729089217281, EAO: 0.301
Trial 568 finished with value: 0.3011621126636921 and parameters: {'window_influence': 0.4068164005770021, 'penalty_k': 0.48824925302995326, 'scale_lr': 0.3971372908921728}. Best is trial 330 with value: 0.36352008859471124.
checkpoint_e31 window_influence: 0.57450168640670163, penalty_k: 0.13923254990779454, scale_lr: 0.20886565255780304, EAO: 0.282
Trial 569 finished with value: 0.2818269840358296 and parameters: {'window_influence': 0.5745016864067016, 'penalty_k': 0.13923254990779454, 'scale_lr': 0.20886565255780304}. Best is trial 330 with value: 0.36352008859471124.
checkpoint_e31 window_influence: 0.51251163236975139, penalty_k: 0.11302462346059630, scale_lr: 0.23573012000286681, EAO: 0.316
Trial 570 finished with value: 0.3160498853671412 and parameters: {'window_influence': 0.5125116323697514, 'penalty_k': 0.1130246234605963, 'scale_lr': 0.2357301200028668}. Best is trial 330 with value: 0.36352008859471124.
checkpoint_e31 window_influence: 0.48163639623369892, penalty_k: 0.24940799267718261, scale_lr: 0.38244866103532660, EAO: 0.319
