Trial 1710 finished with value: 0.24619907569792485 and parameters: {'window_influence': 0.055076333877635, 'penalty_k': 0.05529422270061339, 'scale_lr': 0.7208257488453882}. Best is trial 1674 with value: 0.38142600678748195.
checkpoint_e33 window_influence: 0.45739118112940402, penalty_k: 0.15667336867320836, scale_lr: 0.53574766461140155, EAO: 0.341
Trial 1711 finished with value: 0.3410826032031835 and parameters: {'window_influence': 0.457391181129404, 'penalty_k': 0.15667336867320836, 'scale_lr': 0.5357476646114016}. Best is trial 1674 with value: 0.38142600678748195.
checkpoint_e33 window_influence: 0.50431315692603429, penalty_k: 0.03199559397205798, scale_lr: 0.21020213263369458, EAO: 0.338
Trial 1712 finished with value: 0.33765914004136616 and parameters: {'window_influence': 0.5043131569260343, 'penalty_k': 0.03199559397205798, 'scale_lr': 0.21020213263369458}. Best is trial 1674 with value: 0.38142600678748195.
checkpoint_e33 window_influence: 0.28461155839519964, penalty_k: 0.23929302559973223, scale_lr: 0.58183340279358386, EAO: 0.316
Trial 1713 finished with value: 0.3156924032631551 and parameters: {'window_influence': 0.28461155839519964, 'penalty_k': 0.23929302559973223, 'scale_lr': 0.5818334027935839}. Best is trial 1674 with value: 0.38142600678748195.
checkpoint_e33 window_influence: 0.34398498671163491, penalty_k: 0.59580538622372803, scale_lr: 0.56140559480070928, EAO: 0.313
Trial 1714 finished with value: 0.31274693380997803 and parameters: {'window_influence': 0.3439849867116349, 'penalty_k': 0.595805386223728, 'scale_lr': 0.5614055948007093}. Best is trial 1674 with value: 0.38142600678748195.
checkpoint_e33 window_influence: 0.48095900884595266, penalty_k: 0.10034614671720213, scale_lr: 0.19242861190020849, EAO: 0.355
Trial 1715 finished with value: 0.3551820449328144 and parameters: {'window_influence': 0.48095900884595266, 'penalty_k': 0.10034614671720213, 'scale_lr': 0.1924286119002085}. Best is trial 1674 with value: 0.38142600678748195.
checkpoint_e33 window_influence: 0.41981979964229121, penalty_k: 0.14272793536421371, scale_lr: 0.36569894467044689, EAO: 0.337
Trial 1716 finished with value: 0.3369692442250159 and parameters: {'window_influence': 0.4198197996422912, 'penalty_k': 0.14272793536421371, 'scale_lr': 0.3656989446704469}. Best is trial 1674 with value: 0.38142600678748195.
checkpoint_e33 window_influence: 0.46529761337574965, penalty_k: 0.01042634151480050, scale_lr: 0.26025404707073851, EAO: 0.330
Trial 1717 finished with value: 0.3297164310277204 and parameters: {'window_influence': 0.46529761337574965, 'penalty_k': 0.010426341514800496, 'scale_lr': 0.2602540470707385}. Best is trial 1674 with value: 0.38142600678748195.
checkpoint_e33 window_influence: 0.17323719641900162, penalty_k: 0.25946554346662815, scale_lr: 0.51619050269266586, EAO: 0.281
Trial 1718 finished with value: 0.28088952827082536 and parameters: {'window_influence': 0.17323719641900162, 'penalty_k': 0.25946554346662815, 'scale_lr': 0.5161905026926659}. Best is trial 1674 with value: 0.38142600678748195.
checkpoint_e33 window_influence: 0.49367587871106555, penalty_k: 0.04274876956941570, scale_lr: 0.61684851031982546, EAO: 0.325
Trial 1719 finished with value: 0.3252727679241492 and parameters: {'window_influence': 0.49367587871106555, 'penalty_k': 0.0427487695694157, 'scale_lr': 0.6168485103198255}. Best is trial 1674 with value: 0.38142600678748195.
checkpoint_e33 window_influence: 0.64705028545631027, penalty_k: 0.56426767595062710, scale_lr: 0.65207038970731324, EAO: 0.230
Trial 1720 finished with value: 0.22968680078185486 and parameters: {'window_influence': 0.6470502854563103, 'penalty_k': 0.5642676759506271, 'scale_lr': 0.6520703897073132}. Best is trial 1674 with value: 0.38142600678748195.
checkpoint_e33 window_influence: 0.51901229213535915, penalty_k: 0.02302421719971873, scale_lr: 0.29879202068790051, EAO: 0.323
Trial 1721 finished with value: 0.32320046500241245 and parameters: {'window_influence': 0.5190122921353592, 'penalty_k': 0.023024217199718727, 'scale_lr': 0.2987920206879005}. Best is trial 1674 with value: 0.38142600678748195.
checkpoint_e33 window_influence: 0.54134604991121493, penalty_k: 0.21949860009104816, scale_lr: 0.73783222377860369, EAO: 0.288
Trial 1722 finished with value: 0.28823283256723725 and parameters: {'window_influence': 0.5413460499112149, 'penalty_k': 0.21949860009104816, 'scale_lr': 0.7378322237786037}. Best is trial 1674 with value: 0.38142600678748195.
checkpoint_e33 window_influence: 0.38488171396411824, penalty_k: 0.19159917505983892, scale_lr: 0.49004423366305494, EAO: 0.299
Trial 1723 finished with value: 0.2990626979778713 and parameters: {'window_influence': 0.38488171396411824, 'penalty_k': 0.19159917505983892, 'scale_lr': 0.49004423366305494}. Best is trial 1674 with value: 0.38142600678748195.
checkpoint_e33 window_influence: 0.45123100679279371, penalty_k: 0.16234196936354500, scale_lr: 0.15320391161170374, EAO: 0.353
Trial 1724 finished with value: 0.3528535942391199 and parameters: {'window_influence': 0.4512310067927937, 'penalty_k': 0.162341969363545, 'scale_lr': 0.15320391161170374}. Best is trial 1674 with value: 0.38142600678748195.
checkpoint_e33 window_influence: 0.22326956618314023, penalty_k: 0.08651468532939101, scale_lr: 0.66596835470212767, EAO: 0.290
Trial 1725 finished with value: 0.2896900384574549 and parameters: {'window_influence': 0.22326956618314023, 'penalty_k': 0.08651468532939101, 'scale_lr': 0.6659683547021277}. Best is trial 1674 with value: 0.38142600678748195.
checkpoint_e33 window_influence: 0.35724704458814815, penalty_k: 0.05800414284042813, scale_lr: 0.62996522777402997, EAO: 0.332
Trial 1726 finished with value: 0.33157248621088986 and parameters: {'window_influence': 0.35724704458814815, 'penalty_k': 0.05800414284042813, 'scale_lr': 0.62996522777403}. Best is trial 1674 with value: 0.38142600678748195.
checkpoint_e33 window_influence: 0.33266364281464222, penalty_k: 0.12694346939275131, scale_lr: 0.34930082321401951, EAO: 0.310
Trial 1727 finished with value: 0.310011234844705 and parameters: {'window_influence': 0.3326636428146422, 'penalty_k': 0.1269434693927513, 'scale_lr': 0.3493008232140195}. Best is trial 1674 with value: 0.38142600678748195.
checkpoint_e33 window_influence: 0.59842689167790253, penalty_k: 0.00016127386217104, scale_lr: 0.39911142692001333, EAO: 0.279
Trial 1728 finished with value: 0.27945781003408393 and parameters: {'window_influence': 0.5984268916779025, 'penalty_k': 0.0001612738621710446, 'scale_lr': 0.39911142692001333}. Best is trial 1674 with value: 0.38142600678748195.
checkpoint_e33 window_influence: 0.47937180311825300, penalty_k: 0.14422417854446373, scale_lr: 0.17863162012298134, EAO: 0.332
Trial 1729 finished with value: 0.3322922314883206 and parameters: {'window_influence': 0.479371803118253, 'penalty_k': 0.14422417854446373, 'scale_lr': 0.17863162012298134}. Best is trial 1674 with value: 0.38142600678748195.
checkpoint_e33 window_influence: 0.24598128166832056, penalty_k: 0.17349132343245949, scale_lr: 0.69448525318324084, EAO: 0.287
Trial 1730 finished with value: 0.28662367901449537 and parameters: {'window_influence': 0.24598128166832056, 'penalty_k': 0.1734913234324595, 'scale_lr': 0.6944852531832408}. Best is trial 1674 with value: 0.38142600678748195.
checkpoint_e33 window_influence: 0.43708219545394777, penalty_k: 0.20566126642637847, scale_lr: 0.50221920616636684, EAO: 0.324
Trial 1731 finished with value: 0.3240503964489072 and parameters: {'window_influence': 0.4370821954539478, 'penalty_k': 0.20566126642637847, 'scale_lr': 0.5022192061663668}. Best is trial 1674 with value: 0.38142600678748195.
checkpoint_e33 window_influence: 0.50077359908777619, penalty_k: 0.04011676945321560, scale_lr: 0.76061769364390364, EAO: 0.331
Trial 1732 finished with value: 0.3312088386789834 and parameters: {'window_influence': 0.5007735990877762, 'penalty_k': 0.0401167694532156, 'scale_lr': 0.7606176936439036}. Best is trial 1674 with value: 0.38142600678748195.
checkpoint_e33 window_influence: 0.46953384171168222, penalty_k: 0.06315445767923472, scale_lr: 0.77220966926955614, EAO: 0.353
Trial 1733 finished with value: 0.3531748940044804 and parameters: {'window_influence': 0.4695338417116822, 'penalty_k': 0.06315445767923472, 'scale_lr': 0.7722096692695561}. Best is trial 1674 with value: 0.38142600678748195.
checkpoint_e33 window_influence: 0.49131463820706717, penalty_k: 0.11277835816063719, scale_lr: 0.22036452205059198, EAO: 0.358
Trial 1734 finished with value: 0.357925420605255 and parameters: {'window_influence': 0.49131463820706717, 'penalty_k': 0.1127783581606372, 'scale_lr': 0.22036452205059198}. Best is trial 1674 with value: 0.38142600678748195.
checkpoint_e33 window_influence: 0.51160662290105852, penalty_k: 0.01634528607553710, scale_lr: 0.37860425335290826, EAO: 0.357
Trial 1735 finished with value: 0.35747406014208666 and parameters: {'window_influence': 0.5116066229010585, 'penalty_k': 0.016345286075537105, 'scale_lr': 0.37860425335290826}. Best is trial 1674 with value: 0.38142600678748195.
checkpoint_e33 window_influence: 0.26429533232433045, penalty_k: 0.07699209709701291, scale_lr: 0.33779435789916268, EAO: 0.302
Trial 1736 finished with value: 0.30220615498518666 and parameters: {'window_influence': 0.26429533232433045, 'penalty_k': 0.07699209709701291, 'scale_lr': 0.3377943578991627}. Best is trial 1674 with value: 0.38142600678748195.
checkpoint_e33 window_influence: 0.45943594819979910, penalty_k: 0.02562751874510304, scale_lr: 0.57050520692364937, EAO: 0.330
Trial 1737 finished with value: 0.3296826994372713 and parameters: {'window_influence': 0.4594359481997991, 'penalty_k': 0.025627518745103044, 'scale_lr': 0.5705052069236494}. Best is trial 1674 with value: 0.38142600678748195.
checkpoint_e33 window_influence: 0.47807543095234833, penalty_k: 0.15167608976790822, scale_lr: 0.54684300347235826, EAO: 0.329
Trial 1738 finished with value: 0.32917235553960394 and parameters: {'window_influence': 0.47807543095234833, 'penalty_k': 0.15167608976790822, 'scale_lr': 0.5468430034723583}. Best is trial 1674 with value: 0.38142600678748195.
checkpoint_e33 window_influence: 0.45037227310879391, penalty_k: 0.22759381163280668, scale_lr: 0.30088664780247670, EAO: 0.323
Trial 1739 finished with value: 0.3230664276079445 and parameters: {'window_influence': 0.4503722731087939, 'penalty_k': 0.22759381163280668, 'scale_lr': 0.3008866478024767}. Best is trial 1674 with value: 0.38142600678748195.
checkpoint_e33 window_influence: 0.48583258018246445, penalty_k: 0.04289512757758329, scale_lr: 0.70755227482217020, EAO: 0.352
Trial 1740 finished with value: 0.35246857247000074 and parameters: {'window_influence': 0.48583258018246445, 'penalty_k': 0.04289512757758329, 'scale_lr': 0.7075522748221702}. Best is trial 1674 with value: 0.38142600678748195.
checkpoint_e33 window_influence: 0.42875777374659713, penalty_k: 0.18931093475235691, scale_lr: 0.63697833208898380, EAO: 0.338
Trial 1741 finished with value: 0.33793532871550624 and parameters: {'window_influence': 0.4287577737465971, 'penalty_k': 0.1893109347523569, 'scale_lr': 0.6369783320889838}. Best is trial 1674 with value: 0.38142600678748195.
checkpoint_e33 window_influence: 0.46786289897771594, penalty_k: 0.09737559710363559, scale_lr: 0.31377107536992571, EAO: 0.316
Trial 1742 finished with value: 0.3164550437073763 and parameters: {'window_influence': 0.46786289897771594, 'penalty_k': 0.0973755971036356, 'scale_lr': 0.3137710753699257}. Best is trial 1674 with value: 0.38142600678748195.
checkpoint_e33 window_influence: 0.52131869224496685, penalty_k: 0.05159359189184097, scale_lr: 0.52717578573619472, EAO: 0.319
Trial 1743 finished with value: 0.3191738371023408 and parameters: {'window_influence': 0.5213186922449669, 'penalty_k': 0.05159359189184097, 'scale_lr': 0.5271757857361947}. Best is trial 1674 with value: 0.38142600678748195.
checkpoint_e33 window_influence: 0.55680356272898390, penalty_k: 0.55596832298860144, scale_lr: 0.27086560901397416, EAO: 0.266
Trial 1744 finished with value: 0.26600038837134143 and parameters: {'window_influence': 0.5568035627289839, 'penalty_k': 0.5559683229886014, 'scale_lr': 0.27086560901397416}. Best is trial 1674 with value: 0.38142600678748195.
checkpoint_e33 window_influence: 0.19171668332209937, penalty_k: 0.12804314236811398, scale_lr: 0.68085988388723062, EAO: 0.274
Trial 1745 finished with value: 0.273797159239012 and parameters: {'window_influence': 0.19171668332209937, 'penalty_k': 0.12804314236811398, 'scale_lr': 0.6808598838872306}. Best is trial 1674 with value: 0.38142600678748195.
checkpoint_e33 window_influence: 0.50061792914495640, penalty_k: 0.17690388433239901, scale_lr: 0.59565334754502208, EAO: 0.336
Trial 1746 finished with value: 0.33634513419425904 and parameters: {'window_influence': 0.5006179291449564, 'penalty_k': 0.176903884332399, 'scale_lr': 0.5956533475450221}. Best is trial 1674 with value: 0.38142600678748195.
checkpoint_e33 window_influence: 0.47482804128206407, penalty_k: 0.23608777772340236, scale_lr: 0.48854375984597570, EAO: 0.348
Trial 1747 finished with value: 0.34841164482706716 and parameters: {'window_influence': 0.4748280412820641, 'penalty_k': 0.23608777772340236, 'scale_lr': 0.4885437598459757}. Best is trial 1674 with value: 0.38142600678748195.
checkpoint_e33 window_influence: 0.45797817899600185, penalty_k: 0.25073274538051815, scale_lr: 0.65818143352161984, EAO: 0.350
Trial 1748 finished with value: 0.35041680978429923 and parameters: {'window_influence': 0.45797817899600185, 'penalty_k': 0.25073274538051815, 'scale_lr': 0.6581814335216198}. Best is trial 1674 with value: 0.38142600678748195.
checkpoint_e33 window_influence: 0.48956426795614522, penalty_k: 0.02794663785946920, scale_lr: 0.38975217821816777, EAO: 0.337
Trial 1749 finished with value: 0.33655875376226374 and parameters: {'window_influence': 0.4895642679561452, 'penalty_k': 0.0279466378594692, 'scale_lr': 0.38975217821816777}. Best is trial 1674 with value: 0.38142600678748195.
checkpoint_e33 window_influence: 0.44533675318871901, penalty_k: 0.27762240487590684, scale_lr: 0.61353866340112273, EAO: 0.322
Trial 1750 finished with value: 0.3220865477151908 and parameters: {'window_influence': 0.445336753188719, 'penalty_k': 0.27762240487590684, 'scale_lr': 0.6135386634011227}. Best is trial 1674 with value: 0.38142600678748195.
checkpoint_e33 window_influence: 0.51208844742931647, penalty_k: 0.01155598269180542, scale_lr: 0.72798624147685009, EAO: 0.345
Trial 1751 finished with value: 0.3450344151559971 and parameters: {'window_influence': 0.5120884474293165, 'penalty_k': 0.011555982691805421, 'scale_lr': 0.7279862414768501}. Best is trial 1674 with value: 0.38142600678748195.
checkpoint_e33 window_influence: 0.49769940987349032, penalty_k: 0.51138474952580371, scale_lr: 0.78038590124496243, EAO: 0.280
Trial 1752 finished with value: 0.2799985861615912 and parameters: {'window_influence': 0.4976994098734903, 'penalty_k': 0.5113847495258037, 'scale_lr': 0.7803859012449624}. Best is trial 1674 with value: 0.38142600678748195.
checkpoint_e33 window_influence: 0.39949109068291117, penalty_k: 0.16154208221685643, scale_lr: 0.50171136722473175, EAO: 0.318
Trial 1753 finished with value: 0.3184813836785142 and parameters: {'window_influence': 0.39949109068291117, 'penalty_k': 0.16154208221685643, 'scale_lr': 0.5017113672247318}. Best is trial 1674 with value: 0.38142600678748195.
checkpoint_e33 window_influence: 0.47913436846443341, penalty_k: 0.27312237860215188, scale_lr: 0.51466849703112216, EAO: 0.337
Trial 1754 finished with value: 0.3365729228531804 and parameters: {'window_influence': 0.4791343684644334, 'penalty_k': 0.2731223786021519, 'scale_lr': 0.5146684970311222}. Best is trial 1674 with value: 0.38142600678748195.
checkpoint_e33 window_influence: 0.13174193522959593, penalty_k: 0.07730065483063119, scale_lr: 0.66595311958014680, EAO: 0.265
Trial 1755 finished with value: 0.2645945547851607 and parameters: {'window_influence': 0.13174193522959593, 'penalty_k': 0.07730065483063119, 'scale_lr': 0.6659531195801468}. Best is trial 1674 with value: 0.38142600678748195.
checkpoint_e33 window_influence: 0.46820701287708744, penalty_k: 0.21592882586866763, scale_lr: 0.64739383112566795, EAO: 0.332
Trial 1756 finished with value: 0.3315940522498194 and parameters: {'window_influence': 0.46820701287708744, 'penalty_k': 0.21592882586866763, 'scale_lr': 0.647393831125668}. Best is trial 1674 with value: 0.38142600678748195.
checkpoint_e33 window_influence: 0.41282605118397075, penalty_k: 0.10697422577635274, scale_lr: 0.41337120153993917, EAO: 0.321
Trial 1757 finished with value: 0.3210784066396001 and parameters: {'window_influence': 0.41282605118397075, 'penalty_k': 0.10697422577635274, 'scale_lr': 0.41337120153993917}. Best is trial 1674 with value: 0.38142600678748195.
checkpoint_e33 window_influence: 0.14938271181847973, penalty_k: 0.14157471802653010, scale_lr: 0.12974401754927206, EAO: 0.262
Trial 1758 finished with value: 0.26190639145179484 and parameters: {'window_influence': 0.14938271181847973, 'penalty_k': 0.1415747180265301, 'scale_lr': 0.12974401754927206}. Best is trial 1674 with value: 0.38142600678748195.
checkpoint_e33 window_influence: 0.30620110615381507, penalty_k: 0.06325669168072670, scale_lr: 0.35227723488056567, EAO: 0.300
Trial 1759 finished with value: 0.29966922574006166 and parameters: {'window_influence': 0.3062011061538151, 'penalty_k': 0.0632566916807267, 'scale_lr': 0.35227723488056567}. Best is trial 1674 with value: 0.38142600678748195.
checkpoint_e33 window_influence: 0.43630531226460195, penalty_k: 0.03653759641475565, scale_lr: 0.53716858870764594, EAO: 0.329
Trial 1760 finished with value: 0.32939183398907285 and parameters: {'window_influence': 0.43630531226460195, 'penalty_k': 0.03653759641475565, 'scale_lr': 0.5371685887076459}. Best is trial 1674 with value: 0.38142600678748195.
checkpoint_e33 window_influence: 0.52855044965482822, penalty_k: 0.09020691777352308, scale_lr: 0.58259737437529147, EAO: 0.326
Trial 1761 finished with value: 0.32597248459140615 and parameters: {'window_influence': 0.5285504496548282, 'penalty_k': 0.09020691777352308, 'scale_lr': 0.5825973743752915}. Best is trial 1674 with value: 0.38142600678748195.
checkpoint_e33 window_influence: 0.19714746572875111, penalty_k: 0.18209124654326023, scale_lr: 0.23980117309947435, EAO: 0.293
Trial 1762 finished with value: 0.2930717599878979 and parameters: {'window_influence': 0.1971474657287511, 'penalty_k': 0.18209124654326023, 'scale_lr': 0.23980117309947435}. Best is trial 1674 with value: 0.38142600678748195.
checkpoint_e33 window_influence: 0.45635413985619078, penalty_k: 0.05033963361236930, scale_lr: 0.10090339133473808, EAO: 0.324
Trial 1763 finished with value: 0.323505506441287 and parameters: {'window_influence': 0.4563541398561908, 'penalty_k': 0.050339633612369296, 'scale_lr': 0.10090339133473808}. Best is trial 1674 with value: 0.38142600678748195.
checkpoint_e33 window_influence: 0.10992545184021904, penalty_k: 0.19972530148823930, scale_lr: 0.55666074815495770, EAO: 0.260
Trial 1764 finished with value: 0.26009375117864125 and parameters: {'window_influence': 0.10992545184021904, 'penalty_k': 0.1997253014882393, 'scale_lr': 0.5566607481549577}. Best is trial 1674 with value: 0.38142600678748195.
checkpoint_e33 window_influence: 0.36826237262009781, penalty_k: 0.16880364458753963, scale_lr: 0.62577042121628368, EAO: 0.321
Trial 1765 finished with value: 0.3214861585356382 and parameters: {'window_influence': 0.3682623726200978, 'penalty_k': 0.16880364458753963, 'scale_lr': 0.6257704212162837}. Best is trial 1674 with value: 0.38142600678748195.
checkpoint_e33 window_influence: 0.13817617041137312, penalty_k: 0.00073982261266985, scale_lr: 0.48328591140986066, EAO: 0.272
Trial 1766 finished with value: 0.2719575355720891 and parameters: {'window_influence': 0.13817617041137312, 'penalty_k': 0.0007398226126698534, 'scale_lr': 0.48328591140986066}. Best is trial 1674 with value: 0.38142600678748195.
checkpoint_e33 window_influence: 0.25559255449220575, penalty_k: 0.01863408979870171, scale_lr: 0.37009489902512144, EAO: 0.312
Trial 1767 finished with value: 0.3123862554359065 and parameters: {'window_influence': 0.25559255449220575, 'penalty_k': 0.01863408979870171, 'scale_lr': 0.37009489902512144}. Best is trial 1674 with value: 0.38142600678748195.
checkpoint_e33 window_influence: 0.49091288656403687, penalty_k: 0.14881023815567565, scale_lr: 0.28686333777701439, EAO: 0.333
Trial 1768 finished with value: 0.33304057278985644 and parameters: {'window_influence': 0.49091288656403687, 'penalty_k': 0.14881023815567565, 'scale_lr': 0.2868633377770144}. Best is trial 1674 with value: 0.38142600678748195.
checkpoint_e33 window_influence: 0.50774651331593390, penalty_k: 0.07146946207993006, scale_lr: 0.15299849687109152, EAO: 0.334
Trial 1769 finished with value: 0.33411326326052965 and parameters: {'window_influence': 0.5077465133159339, 'penalty_k': 0.07146946207993006, 'scale_lr': 0.15299849687109152}. Best is trial 1674 with value: 0.38142600678748195.
checkpoint_e33 window_influence: 0.48027119839410859, penalty_k: 0.03469690731494695, scale_lr: 0.67712839055613294, EAO: 0.342
Trial 1770 finished with value: 0.34175236447775875 and parameters: {'window_influence': 0.4802711983941086, 'penalty_k': 0.03469690731494695, 'scale_lr': 0.6771283905561329}. Best is trial 1674 with value: 0.38142600678748195.
checkpoint_e33 window_influence: 0.46319809946299029, penalty_k: 0.23560930157611920, scale_lr: 0.71029913058187011, EAO: 0.356
