Trial 372 finished with value: 0.31944127044557136 and parameters: {'window_influence': 0.4316488778518217, 'penalty_k': 0.12420979098774249, 'scale_lr': 0.14092917737083643}. Best is trial 128 with value: 0.3574732866732527.
checkpoint_e16 window_influence: 0.43163257946165368, penalty_k: 0.00076400611922706, scale_lr: 0.31786684236618901, EAO: 0.335
Trial 373 finished with value: 0.3348842243508142 and parameters: {'window_influence': 0.4316325794616537, 'penalty_k': 0.0007640061192270564, 'scale_lr': 0.317866842366189}. Best is trial 128 with value: 0.3574732866732527.
checkpoint_e16 window_influence: 0.41392355539048120, penalty_k: 0.17523356713580618, scale_lr: 0.23124988011280478, EAO: 0.306
Trial 374 finished with value: 0.305906635256129 and parameters: {'window_influence': 0.4139235553904812, 'penalty_k': 0.17523356713580618, 'scale_lr': 0.23124988011280478}. Best is trial 128 with value: 0.3574732866732527.
checkpoint_e16 window_influence: 0.45019794122306545, penalty_k: 0.15316581189654641, scale_lr: 0.24811892074258765, EAO: 0.324
Trial 375 finished with value: 0.32413266454225387 and parameters: {'window_influence': 0.45019794122306545, 'penalty_k': 0.1531658118965464, 'scale_lr': 0.24811892074258765}. Best is trial 128 with value: 0.3574732866732527.
checkpoint_e16 window_influence: 0.42408101244641094, penalty_k: 0.11518227950442493, scale_lr: 0.33091377061152588, EAO: 0.325
Trial 376 finished with value: 0.3246526963979818 and parameters: {'window_influence': 0.42408101244641094, 'penalty_k': 0.11518227950442493, 'scale_lr': 0.3309137706115259}. Best is trial 128 with value: 0.3574732866732527.
checkpoint_e16 window_influence: 0.44081994356832754, penalty_k: 0.04072148150616435, scale_lr: 0.35284049415651642, EAO: 0.325
Trial 377 finished with value: 0.32486455438201994 and parameters: {'window_influence': 0.44081994356832754, 'penalty_k': 0.04072148150616435, 'scale_lr': 0.3528404941565164}. Best is trial 128 with value: 0.3574732866732527.
checkpoint_e16 window_influence: 0.40029064507828627, penalty_k: 0.13205080915199138, scale_lr: 0.31242741489765868, EAO: 0.327
Trial 378 finished with value: 0.3265414919254845 and parameters: {'window_influence': 0.40029064507828627, 'penalty_k': 0.13205080915199138, 'scale_lr': 0.3124274148976587}. Best is trial 128 with value: 0.3574732866732527.
checkpoint_e16 window_influence: 0.45586760179011876, penalty_k: 0.10202009118328001, scale_lr: 0.20406625919709331, EAO: 0.318
Trial 379 finished with value: 0.3176287329150545 and parameters: {'window_influence': 0.45586760179011876, 'penalty_k': 0.10202009118328001, 'scale_lr': 0.2040662591970933}. Best is trial 128 with value: 0.3574732866732527.
checkpoint_e16 window_influence: 0.45796452044390434, penalty_k: 0.19158683930519599, scale_lr: 0.37355156862452749, EAO: 0.323
Trial 380 finished with value: 0.3225804384116533 and parameters: {'window_influence': 0.45796452044390434, 'penalty_k': 0.191586839305196, 'scale_lr': 0.3735515686245275}. Best is trial 128 with value: 0.3574732866732527.
checkpoint_e16 window_influence: 0.42821378147785683, penalty_k: 0.16384051479916073, scale_lr: 0.33390916445141272, EAO: 0.324
Trial 381 finished with value: 0.3239238829812187 and parameters: {'window_influence': 0.4282137814778568, 'penalty_k': 0.16384051479916073, 'scale_lr': 0.3339091644514127}. Best is trial 128 with value: 0.3574732866732527.
checkpoint_e16 window_influence: 0.44369449515802722, penalty_k: 0.14752590720178124, scale_lr: 0.27083819844709367, EAO: 0.340
Trial 382 finished with value: 0.34038673834114225 and parameters: {'window_influence': 0.4436944951580272, 'penalty_k': 0.14752590720178124, 'scale_lr': 0.27083819844709367}. Best is trial 128 with value: 0.3574732866732527.
checkpoint_e16 window_influence: 0.43912455994290689, penalty_k: 0.38998004355022564, scale_lr: 0.27149507067273831, EAO: 0.301
Trial 383 finished with value: 0.30097631901386646 and parameters: {'window_influence': 0.4391245599429069, 'penalty_k': 0.38998004355022564, 'scale_lr': 0.2714950706727383}. Best is trial 128 with value: 0.3574732866732527.
checkpoint_e16 window_influence: 0.44592531774532046, penalty_k: 0.15059330751739880, scale_lr: 0.49828226910528822, EAO: 0.308
Trial 384 finished with value: 0.3083444929424427 and parameters: {'window_influence': 0.44592531774532046, 'penalty_k': 0.1505933075173988, 'scale_lr': 0.4982822691052882}. Best is trial 128 with value: 0.3574732866732527.
checkpoint_e16 window_influence: 0.13220651047152140, penalty_k: 0.52333832128226176, scale_lr: 0.65689038702827551, EAO: 0.264
Trial 385 finished with value: 0.2640692656606088 and parameters: {'window_influence': 0.1322065104715214, 'penalty_k': 0.5233383212822618, 'scale_lr': 0.6568903870282755}. Best is trial 128 with value: 0.3574732866732527.
checkpoint_e16 window_influence: 0.39064242087702133, penalty_k: 0.55823482585652273, scale_lr: 0.25728713316096269, EAO: 0.300
Trial 386 finished with value: 0.3002471301110338 and parameters: {'window_influence': 0.39064242087702133, 'penalty_k': 0.5582348258565227, 'scale_lr': 0.2572871331609627}. Best is trial 128 with value: 0.3574732866732527.
checkpoint_e16 window_influence: 0.35066017442285519, penalty_k: 0.17466541472090774, scale_lr: 0.27997534520676642, EAO: 0.297
Trial 387 finished with value: 0.2966028465835037 and parameters: {'window_influence': 0.3506601744228552, 'penalty_k': 0.17466541472090774, 'scale_lr': 0.2799753452067664}. Best is trial 128 with value: 0.3574732866732527.
checkpoint_e16 window_influence: 0.41308320899721701, penalty_k: 0.13792264137766433, scale_lr: 0.24719551709814316, EAO: 0.328
Trial 388 finished with value: 0.32770552576052075 and parameters: {'window_influence': 0.413083208997217, 'penalty_k': 0.13792264137766433, 'scale_lr': 0.24719551709814316}. Best is trial 128 with value: 0.3574732866732527.
checkpoint_e16 window_influence: 0.27661705338517117, penalty_k: 0.44785403430436976, scale_lr: 0.26311399655932705, EAO: 0.293
Trial 389 finished with value: 0.29323745834920195 and parameters: {'window_influence': 0.2766170533851712, 'penalty_k': 0.44785403430436976, 'scale_lr': 0.26311399655932705}. Best is trial 128 with value: 0.3574732866732527.
checkpoint_e16 window_influence: 0.42637868550047303, penalty_k: 0.15839994103353466, scale_lr: 0.22986592733012082, EAO: 0.326
Trial 390 finished with value: 0.3262936872962848 and parameters: {'window_influence': 0.42637868550047303, 'penalty_k': 0.15839994103353466, 'scale_lr': 0.22986592733012082}. Best is trial 128 with value: 0.3574732866732527.
checkpoint_e16 window_influence: 0.32067483152475912, penalty_k: 0.08727377140337951, scale_lr: 0.28789677832199911, EAO: 0.311
Trial 391 finished with value: 0.31103330856399314 and parameters: {'window_influence': 0.3206748315247591, 'penalty_k': 0.08727377140337951, 'scale_lr': 0.2878967783219991}. Best is trial 128 with value: 0.3574732866732527.
checkpoint_e16 window_influence: 0.45144043276416251, penalty_k: 0.06877230427152634, scale_lr: 0.29903678863653960, EAO: 0.315
Trial 392 finished with value: 0.3145853808649783 and parameters: {'window_influence': 0.4514404327641625, 'penalty_k': 0.06877230427152634, 'scale_lr': 0.2990367886365396}. Best is trial 128 with value: 0.3574732866732527.
checkpoint_e16 window_influence: 0.37030256428026592, penalty_k: 0.14532025714305180, scale_lr: 0.27524738569602175, EAO: 0.312
Trial 393 finished with value: 0.31193082562216523 and parameters: {'window_influence': 0.3703025642802659, 'penalty_k': 0.1453202571430518, 'scale_lr': 0.27524738569602175}. Best is trial 128 with value: 0.3574732866732527.
checkpoint_e16 window_influence: 0.46307466600472230, penalty_k: 0.49681411343086956, scale_lr: 0.36301793905897289, EAO: 0.304
Trial 394 finished with value: 0.3041981517224924 and parameters: {'window_influence': 0.4630746660047223, 'penalty_k': 0.49681411343086956, 'scale_lr': 0.3630179390589729}. Best is trial 128 with value: 0.3574732866732527.
checkpoint_e16 window_influence: 0.43929951512285154, penalty_k: 0.02331025195050787, scale_lr: 0.18584732561269701, EAO: 0.314
Trial 395 finished with value: 0.3135377882983434 and parameters: {'window_influence': 0.43929951512285154, 'penalty_k': 0.02331025195050787, 'scale_lr': 0.185847325612697}. Best is trial 128 with value: 0.3574732866732527.
checkpoint_e16 window_influence: 0.47221746239121737, penalty_k: 0.16771032953168824, scale_lr: 0.31594003437908513, EAO: 0.330
Trial 396 finished with value: 0.3299852650801032 and parameters: {'window_influence': 0.47221746239121737, 'penalty_k': 0.16771032953168824, 'scale_lr': 0.31594003437908513}. Best is trial 128 with value: 0.3574732866732527.
checkpoint_e16 window_influence: 0.52339837645664777, penalty_k: 0.13565288615618995, scale_lr: 0.46743988214951393, EAO: 0.297
Trial 397 finished with value: 0.29718457672614534 and parameters: {'window_influence': 0.5233983764566478, 'penalty_k': 0.13565288615618995, 'scale_lr': 0.46743988214951393}. Best is trial 128 with value: 0.3574732866732527.
checkpoint_e16 window_influence: 0.45163422701184980, penalty_k: 0.15249413947018342, scale_lr: 0.76190881805366295, EAO: 0.307
Trial 398 finished with value: 0.30728186272693514 and parameters: {'window_influence': 0.4516342270118498, 'penalty_k': 0.15249413947018342, 'scale_lr': 0.761908818053663}. Best is trial 128 with value: 0.3574732866732527.
checkpoint_e16 window_influence: 0.43208670858132175, penalty_k: 0.30493322345706564, scale_lr: 0.44334806155898354, EAO: 0.309
Trial 399 finished with value: 0.30874525549810683 and parameters: {'window_influence': 0.43208670858132175, 'penalty_k': 0.30493322345706564, 'scale_lr': 0.44334806155898354}. Best is trial 128 with value: 0.3574732866732527.
checkpoint_e16 window_influence: 0.46139288848364302, penalty_k: 0.18616675694401938, scale_lr: 0.34739844213953813, EAO: 0.319
Trial 400 finished with value: 0.3192360929362041 and parameters: {'window_influence': 0.461392888483643, 'penalty_k': 0.18616675694401938, 'scale_lr': 0.34739844213953813}. Best is trial 128 with value: 0.3574732866732527.
checkpoint_e16 window_influence: 0.40746959139258332, penalty_k: 0.11678059279259483, scale_lr: 0.38201317023011133, EAO: 0.317
Trial 401 finished with value: 0.3174822705613036 and parameters: {'window_influence': 0.4074695913925833, 'penalty_k': 0.11678059279259483, 'scale_lr': 0.38201317023011133}. Best is trial 128 with value: 0.3574732866732527.
checkpoint_e16 window_influence: 0.29816853717480807, penalty_k: 0.12884287285435361, scale_lr: 0.22303235182664638, EAO: 0.312
Trial 402 finished with value: 0.31194724380274225 and parameters: {'window_influence': 0.29816853717480807, 'penalty_k': 0.1288428728543536, 'scale_lr': 0.22303235182664638}. Best is trial 128 with value: 0.3574732866732527.
checkpoint_e16 window_influence: 0.47438590386303758, penalty_k: 0.20286907730667209, scale_lr: 0.30112197580690603, EAO: 0.334
Trial 403 finished with value: 0.33377116211193547 and parameters: {'window_influence': 0.4743859038630376, 'penalty_k': 0.20286907730667209, 'scale_lr': 0.30112197580690603}. Best is trial 128 with value: 0.3574732866732527.
checkpoint_e16 window_influence: 0.44198847825307674, penalty_k: 0.16277017188427836, scale_lr: 0.26794921799342047, EAO: 0.335
Trial 404 finished with value: 0.3351147689708012 and parameters: {'window_influence': 0.44198847825307674, 'penalty_k': 0.16277017188427836, 'scale_lr': 0.2679492179934205}. Best is trial 128 with value: 0.3574732866732527.
checkpoint_e16 window_influence: 0.56145779400927531, penalty_k: 0.25123769743188995, scale_lr: 0.16369719848180708, EAO: 0.276
Trial 405 finished with value: 0.27568184187208167 and parameters: {'window_influence': 0.5614577940092753, 'penalty_k': 0.25123769743188995, 'scale_lr': 0.16369719848180708}. Best is trial 128 with value: 0.3574732866732527.
checkpoint_e16 window_influence: 0.50695756588855279, penalty_k: 0.05115272082898058, scale_lr: 0.28526581869986212, EAO: 0.334
Trial 406 finished with value: 0.3343951664430158 and parameters: {'window_influence': 0.5069575658885528, 'penalty_k': 0.05115272082898058, 'scale_lr': 0.2852658186998621}. Best is trial 128 with value: 0.3574732866732527.
checkpoint_e16 window_influence: 0.42366933324453954, penalty_k: 0.34640757402789324, scale_lr: 0.68861229070204633, EAO: 0.318
Trial 407 finished with value: 0.3179260826876191 and parameters: {'window_influence': 0.42366933324453954, 'penalty_k': 0.34640757402789324, 'scale_lr': 0.6886122907020463}. Best is trial 128 with value: 0.3574732866732527.
checkpoint_e16 window_influence: 0.48476034643719257, penalty_k: 0.27681039306558042, scale_lr: 0.12132419775808240, EAO: 0.298
Trial 408 finished with value: 0.29848672907640034 and parameters: {'window_influence': 0.48476034643719257, 'penalty_k': 0.2768103930655804, 'scale_lr': 0.1213241977580824}. Best is trial 128 with value: 0.3574732866732527.
checkpoint_e16 window_influence: 0.46053368434217345, penalty_k: 0.21738584955264090, scale_lr: 0.24301357419598485, EAO: 0.336
Trial 409 finished with value: 0.33607126140408944 and parameters: {'window_influence': 0.46053368434217345, 'penalty_k': 0.2173858495526409, 'scale_lr': 0.24301357419598485}. Best is trial 128 with value: 0.3574732866732527.
checkpoint_e16 window_influence: 0.44972362701157603, penalty_k: 0.14403251858936353, scale_lr: 0.40028345857444114, EAO: 0.308
Trial 410 finished with value: 0.3084650293050573 and parameters: {'window_influence': 0.44972362701157603, 'penalty_k': 0.14403251858936353, 'scale_lr': 0.40028345857444114}. Best is trial 128 with value: 0.3574732866732527.
checkpoint_e16 window_influence: 0.47431852451981299, penalty_k: 0.10737558248646067, scale_lr: 0.32298234598603248, EAO: 0.334
Trial 411 finished with value: 0.33402697736187204 and parameters: {'window_influence': 0.474318524519813, 'penalty_k': 0.10737558248646067, 'scale_lr': 0.3229823459860325}. Best is trial 128 with value: 0.3574732866732527.
checkpoint_e16 window_influence: 0.37942616673135937, penalty_k: 0.17739466734387013, scale_lr: 0.25735338497732740, EAO: 0.324
Trial 412 finished with value: 0.32370329767117706 and parameters: {'window_influence': 0.37942616673135937, 'penalty_k': 0.17739466734387013, 'scale_lr': 0.2573533849773274}. Best is trial 128 with value: 0.3574732866732527.
checkpoint_e16 window_influence: 0.49561595520481860, penalty_k: 0.09429060793070870, scale_lr: 0.30704179564743334, EAO: 0.324
Trial 413 finished with value: 0.3241104946294183 and parameters: {'window_influence': 0.4956159552048186, 'penalty_k': 0.0942906079307087, 'scale_lr': 0.30704179564743334}. Best is trial 128 with value: 0.3574732866732527.
checkpoint_e16 window_influence: 0.43443217756098268, penalty_k: 0.12473584303900125, scale_lr: 0.33924561511461221, EAO: 0.330
Trial 414 finished with value: 0.32984661916814423 and parameters: {'window_influence': 0.4344321775609827, 'penalty_k': 0.12473584303900125, 'scale_lr': 0.3392456151146122}. Best is trial 128 with value: 0.3574732866732527.
checkpoint_e16 window_influence: 0.46447186119948519, penalty_k: 0.13937629939922042, scale_lr: 0.36369646719380910, EAO: 0.330
Trial 415 finished with value: 0.32980853846796754 and parameters: {'window_influence': 0.4644718611994852, 'penalty_k': 0.13937629939922042, 'scale_lr': 0.3636964671938091}. Best is trial 128 with value: 0.3574732866732527.
checkpoint_e16 window_influence: 0.41945522263879592, penalty_k: 0.32967725384657287, scale_lr: 0.29361302391794297, EAO: 0.294
Trial 416 finished with value: 0.2943837854300955 and parameters: {'window_influence': 0.4194552226387959, 'penalty_k': 0.32967725384657287, 'scale_lr': 0.293613023917943}. Best is trial 128 with value: 0.3574732866732527.
checkpoint_e16 window_influence: 0.45058075574227285, penalty_k: 0.31716593008380195, scale_lr: 0.79165613060953732, EAO: 0.303
Trial 417 finished with value: 0.30327810521023746 and parameters: {'window_influence': 0.45058075574227285, 'penalty_k': 0.31716593008380195, 'scale_lr': 0.7916561306095373}. Best is trial 128 with value: 0.3574732866732527.
checkpoint_e16 window_influence: 0.48415631411841731, penalty_k: 0.15452524934258871, scale_lr: 0.51474754017981628, EAO: 0.293
Trial 418 finished with value: 0.29299459313604154 and parameters: {'window_influence': 0.4841563141184173, 'penalty_k': 0.1545252493425887, 'scale_lr': 0.5147475401798163}. Best is trial 128 with value: 0.3574732866732527.
checkpoint_e16 window_influence: 0.53610954166962799, penalty_k: 0.17061463648603226, scale_lr: 0.53476041245325878, EAO: 0.271
Trial 419 finished with value: 0.2708921070692604 and parameters: {'window_influence': 0.536109541669628, 'penalty_k': 0.17061463648603226, 'scale_lr': 0.5347604124532588}. Best is trial 128 with value: 0.3574732866732527.
checkpoint_e16 window_influence: 0.51886863166316732, penalty_k: 0.03540631091089132, scale_lr: 0.32901981908544259, EAO: 0.321
Trial 420 finished with value: 0.32067883571298206 and parameters: {'window_influence': 0.5188686316631673, 'penalty_k': 0.035406310910891324, 'scale_lr': 0.3290198190854426}. Best is trial 128 with value: 0.3574732866732527.
checkpoint_e16 window_influence: 0.46705470651388881, penalty_k: 0.43375574411205042, scale_lr: 0.27305584878500744, EAO: 0.306
Trial 421 finished with value: 0.30579623817701745 and parameters: {'window_influence': 0.4670547065138888, 'penalty_k': 0.4337557441120504, 'scale_lr': 0.27305584878500744}. Best is trial 128 with value: 0.3574732866732527.
checkpoint_e16 window_influence: 0.44140212537545831, penalty_k: 0.14762256309764860, scale_lr: 0.35138798137280675, EAO: 0.319
Trial 422 finished with value: 0.3189004564563588 and parameters: {'window_influence': 0.4414021253754583, 'penalty_k': 0.1476225630976486, 'scale_lr': 0.35138798137280675}. Best is trial 128 with value: 0.3574732866732527.
checkpoint_e16 window_influence: 0.49049661142066769, penalty_k: 0.07957649269093831, scale_lr: 0.31457522673505139, EAO: 0.334
Trial 423 finished with value: 0.3335623439067996 and parameters: {'window_influence': 0.4904966114206677, 'penalty_k': 0.0795764926909383, 'scale_lr': 0.3145752267350514}. Best is trial 128 with value: 0.3574732866732527.
checkpoint_e16 window_influence: 0.47464703139422365, penalty_k: 0.13044740566520888, scale_lr: 0.20722887353045963, EAO: 0.330
Trial 424 finished with value: 0.3304230945351523 and parameters: {'window_influence': 0.47464703139422365, 'penalty_k': 0.13044740566520888, 'scale_lr': 0.20722887353045963}. Best is trial 128 with value: 0.3574732866732527.
checkpoint_e16 window_influence: 0.60293761797999135, penalty_k: 0.10790679718526019, scale_lr: 0.25463439444714930, EAO: 0.277
Trial 425 finished with value: 0.27700716077353704 and parameters: {'window_influence': 0.6029376179799913, 'penalty_k': 0.1079067971852602, 'scale_lr': 0.2546343944471493}. Best is trial 128 with value: 0.3574732866732527.
checkpoint_e16 window_influence: 0.40048578427945702, penalty_k: 0.15881786113356991, scale_lr: 0.28992166618505938, EAO: 0.308
Trial 426 finished with value: 0.30800068772720457 and parameters: {'window_influence': 0.400485784279457, 'penalty_k': 0.1588178611335699, 'scale_lr': 0.2899216661850594}. Best is trial 128 with value: 0.3574732866732527.
checkpoint_e16 window_influence: 0.45595021999814062, penalty_k: 0.23286313600296091, scale_lr: 0.19693902709891900, EAO: 0.317
Trial 427 finished with value: 0.3167429194144238 and parameters: {'window_influence': 0.4559502199981406, 'penalty_k': 0.2328631360029609, 'scale_lr': 0.196939027098919}. Best is trial 128 with value: 0.3574732866732527.
checkpoint_e16 window_influence: 0.43463097716288207, penalty_k: 0.18803671103295291, scale_lr: 0.24030863410319331, EAO: 0.326
Trial 428 finished with value: 0.32568817623394475 and parameters: {'window_influence': 0.43463097716288207, 'penalty_k': 0.1880367110329529, 'scale_lr': 0.2403086341031933}. Best is trial 128 with value: 0.3574732866732527.
checkpoint_e16 window_influence: 0.36387408279882238, penalty_k: 0.11781713074654089, scale_lr: 0.50091469936080912, EAO: 0.321
Trial 429 finished with value: 0.3208489617485017 and parameters: {'window_influence': 0.3638740827988224, 'penalty_k': 0.11781713074654089, 'scale_lr': 0.5009146993608091}. Best is trial 128 with value: 0.3574732866732527.
checkpoint_e16 window_influence: 0.49633565214658409, penalty_k: 0.13540030508889420, scale_lr: 0.33446756347081591, EAO: 0.327
Trial 430 finished with value: 0.32708579887443945 and parameters: {'window_influence': 0.4963356521465841, 'penalty_k': 0.1354003050888942, 'scale_lr': 0.3344675634708159}. Best is trial 128 with value: 0.3574732866732527.
checkpoint_e16 window_influence: 0.46002093411555911, penalty_k: 0.05635609320910234, scale_lr: 0.54960127036571482, EAO: 0.313
Trial 431 finished with value: 0.31293208102771747 and parameters: {'window_influence': 0.4600209341155591, 'penalty_k': 0.05635609320910234, 'scale_lr': 0.5496012703657148}. Best is trial 128 with value: 0.3574732866732527.
checkpoint_e16 window_influence: 0.34475059711919132, penalty_k: 0.41383511270770140, scale_lr: 0.30862819412730447, EAO: 0.295
Trial 432 finished with value: 0.2947875045616803 and parameters: {'window_influence': 0.3447505971191913, 'penalty_k': 0.4138351127077014, 'scale_lr': 0.30862819412730447}. Best is trial 128 with value: 0.3574732866732527.
checkpoint_e16 window_influence: 0.41556812445893537, penalty_k: 0.14776760226285324, scale_lr: 0.37450654925824062, EAO: 0.313
Trial 433 finished with value: 0.3129085003170058 and parameters: {'window_influence': 0.4155681244589354, 'penalty_k': 0.14776760226285324, 'scale_lr': 0.3745065492582406}. Best is trial 128 with value: 0.3574732866732527.
checkpoint_e16 window_influence: 0.50836063344099458, penalty_k: 0.29461695734491289, scale_lr: 0.41717520252216039, EAO: 0.306
