Trial 824 finished with value: 0.23392930621071084 and parameters: {'window_influence': 0.1162848331316711, 'penalty_k': 0.5870772055551955, 'scale_lr': 0.6919485471914971}. Best is trial 374 with value: 0.3602400896382239.
checkpoint_e24 window_influence: 0.33615455622177115, penalty_k: 0.56005848035041328, scale_lr: 0.76490295612963544, EAO: 0.297
Trial 825 finished with value: 0.29699621990265085 and parameters: {'window_influence': 0.33615455622177115, 'penalty_k': 0.5600584803504133, 'scale_lr': 0.7649029561296354}. Best is trial 374 with value: 0.3602400896382239.
checkpoint_e24 window_influence: 0.47871907009881087, penalty_k: 0.08684659995535457, scale_lr: 0.14194542277386663, EAO: 0.312
Trial 826 finished with value: 0.31154713150592167 and parameters: {'window_influence': 0.4787190700988109, 'penalty_k': 0.08684659995535457, 'scale_lr': 0.14194542277386663}. Best is trial 374 with value: 0.3602400896382239.
checkpoint_e24 window_influence: 0.30899089768237326, penalty_k: 0.48818747295113579, scale_lr: 0.18727336281761625, EAO: 0.288
Trial 827 finished with value: 0.2883831254471137 and parameters: {'window_influence': 0.30899089768237326, 'penalty_k': 0.4881874729511358, 'scale_lr': 0.18727336281761625}. Best is trial 374 with value: 0.3602400896382239.
checkpoint_e24 window_influence: 0.50839330431764429, penalty_k: 0.41015023282351798, scale_lr: 0.50954841575050325, EAO: 0.300
Trial 828 finished with value: 0.2996636798989448 and parameters: {'window_influence': 0.5083933043176443, 'penalty_k': 0.410150232823518, 'scale_lr': 0.5095484157505032}. Best is trial 374 with value: 0.3602400896382239.
checkpoint_e24 window_influence: 0.13950016282687955, penalty_k: 0.06810327586835516, scale_lr: 0.55040338599416994, EAO: 0.294
Trial 829 finished with value: 0.2936632216324602 and parameters: {'window_influence': 0.13950016282687955, 'penalty_k': 0.06810327586835516, 'scale_lr': 0.5504033859941699}. Best is trial 374 with value: 0.3602400896382239.
checkpoint_e24 window_influence: 0.23264863420376014, penalty_k: 0.35058598162675680, scale_lr: 0.63062949396917467, EAO: 0.313
Trial 830 finished with value: 0.31301204042675895 and parameters: {'window_influence': 0.23264863420376014, 'penalty_k': 0.3505859816267568, 'scale_lr': 0.6306294939691747}. Best is trial 374 with value: 0.3602400896382239.
checkpoint_e24 window_influence: 0.45805042732062645, penalty_k: 0.20424095117967736, scale_lr: 0.41664643100803900, EAO: 0.311
Trial 831 finished with value: 0.3112789062558445 and parameters: {'window_influence': 0.45805042732062645, 'penalty_k': 0.20424095117967736, 'scale_lr': 0.416646431008039}. Best is trial 374 with value: 0.3602400896382239.
checkpoint_e24 window_influence: 0.48245964046081047, penalty_k: 0.12387905984589023, scale_lr: 0.28844492190390980, EAO: 0.334
Trial 832 finished with value: 0.3344362887774924 and parameters: {'window_influence': 0.48245964046081047, 'penalty_k': 0.12387905984589023, 'scale_lr': 0.2884449219039098}. Best is trial 374 with value: 0.3602400896382239.
checkpoint_e24 window_influence: 0.40530454512391717, penalty_k: 0.47236204605245707, scale_lr: 0.12165399147368600, EAO: 0.308
Trial 833 finished with value: 0.30754382467687363 and parameters: {'window_influence': 0.40530454512391717, 'penalty_k': 0.4723620460524571, 'scale_lr': 0.121653991473686}. Best is trial 374 with value: 0.3602400896382239.
checkpoint_e24 window_influence: 0.26944424363139707, penalty_k: 0.39042241695180741, scale_lr: 0.49785275142593388, EAO: 0.304
Trial 834 finished with value: 0.3041070751295015 and parameters: {'window_influence': 0.2694442436313971, 'penalty_k': 0.3904224169518074, 'scale_lr': 0.4978527514259339}. Best is trial 374 with value: 0.3602400896382239.
checkpoint_e24 window_influence: 0.44365825040276674, penalty_k: 0.42124844715051041, scale_lr: 0.56873151733525651, EAO: 0.330
Trial 835 finished with value: 0.3303537838421907 and parameters: {'window_influence': 0.44365825040276674, 'penalty_k': 0.4212484471505104, 'scale_lr': 0.5687315173352565}. Best is trial 374 with value: 0.3602400896382239.
checkpoint_e24 window_influence: 0.39223048372216318, penalty_k: 0.00047170922884360, scale_lr: 0.53611633863758201, EAO: 0.306
Trial 836 finished with value: 0.30646801423933717 and parameters: {'window_influence': 0.3922304837221632, 'penalty_k': 0.00047170922884359756, 'scale_lr': 0.536116338637582}. Best is trial 374 with value: 0.3602400896382239.
checkpoint_e24 window_influence: 0.16558221082682392, penalty_k: 0.22273919504719691, scale_lr: 0.51778830110814400, EAO: 0.297
Trial 837 finished with value: 0.29747549024073533 and parameters: {'window_influence': 0.16558221082682392, 'penalty_k': 0.22273919504719691, 'scale_lr': 0.517788301108144}. Best is trial 374 with value: 0.3602400896382239.
checkpoint_e24 window_influence: 0.49695172811745292, penalty_k: 0.23988510195859752, scale_lr: 0.60599117336471664, EAO: 0.344
Trial 838 finished with value: 0.34363953009653647 and parameters: {'window_influence': 0.4969517281174529, 'penalty_k': 0.23988510195859752, 'scale_lr': 0.6059911733647166}. Best is trial 374 with value: 0.3602400896382239.
checkpoint_e24 window_influence: 0.51327102252346790, penalty_k: 0.24795468783801847, scale_lr: 0.60252150662472526, EAO: 0.304
Trial 839 finished with value: 0.3040966837438628 and parameters: {'window_influence': 0.5132710225234679, 'penalty_k': 0.24795468783801847, 'scale_lr': 0.6025215066247253}. Best is trial 374 with value: 0.3602400896382239.
checkpoint_e24 window_influence: 0.49868420078406600, penalty_k: 0.23958110934633886, scale_lr: 0.59141909791860681, EAO: 0.305
Trial 840 finished with value: 0.3049115576284869 and parameters: {'window_influence': 0.498684200784066, 'penalty_k': 0.23958110934633886, 'scale_lr': 0.5914190979186068}. Best is trial 374 with value: 0.3602400896382239.
checkpoint_e24 window_influence: 0.50720545799971295, penalty_k: 0.24652775633844823, scale_lr: 0.61141712241351143, EAO: 0.308
Trial 841 finished with value: 0.30797989741837467 and parameters: {'window_influence': 0.507205457999713, 'penalty_k': 0.24652775633844823, 'scale_lr': 0.6114171224135114}. Best is trial 374 with value: 0.3602400896382239.
checkpoint_e24 window_influence: 0.52450110337961287, penalty_k: 0.25932381365321744, scale_lr: 0.58080229194851030, EAO: 0.280
Trial 842 finished with value: 0.27992729332428495 and parameters: {'window_influence': 0.5245011033796129, 'penalty_k': 0.25932381365321744, 'scale_lr': 0.5808022919485103}. Best is trial 374 with value: 0.3602400896382239.
checkpoint_e24 window_influence: 0.54219179065330914, penalty_k: 0.23264747132632246, scale_lr: 0.13079206680615485, EAO: 0.308
Trial 843 finished with value: 0.3077080271239411 and parameters: {'window_influence': 0.5421917906533091, 'penalty_k': 0.23264747132632246, 'scale_lr': 0.13079206680615485}. Best is trial 374 with value: 0.3602400896382239.
checkpoint_e24 window_influence: 0.49225795215943063, penalty_k: 0.27744373848530973, scale_lr: 0.28098996587366187, EAO: 0.321
Trial 844 finished with value: 0.3213084687982552 and parameters: {'window_influence': 0.49225795215943063, 'penalty_k': 0.27744373848530973, 'scale_lr': 0.2809899658736619}. Best is trial 374 with value: 0.3602400896382239.
checkpoint_e24 window_influence: 0.49728107087755063, penalty_k: 0.22413331884655877, scale_lr: 0.10492888725250460, EAO: 0.308
Trial 845 finished with value: 0.30774782284920316 and parameters: {'window_influence': 0.49728107087755063, 'penalty_k': 0.22413331884655877, 'scale_lr': 0.1049288872525046}. Best is trial 374 with value: 0.3602400896382239.
checkpoint_e24 window_influence: 0.47661898322597956, penalty_k: 0.43512712369940992, scale_lr: 0.58387171779386327, EAO: 0.317
Trial 846 finished with value: 0.31685078375998177 and parameters: {'window_influence': 0.47661898322597956, 'penalty_k': 0.4351271236994099, 'scale_lr': 0.5838717177938633}. Best is trial 374 with value: 0.3602400896382239.
checkpoint_e24 window_influence: 0.48430877008188133, penalty_k: 0.26879582179134004, scale_lr: 0.62281158406719406, EAO: 0.320
Trial 847 finished with value: 0.31980784776609694 and parameters: {'window_influence': 0.48430877008188133, 'penalty_k': 0.26879582179134004, 'scale_lr': 0.6228115840671941}. Best is trial 374 with value: 0.3602400896382239.
checkpoint_e24 window_influence: 0.50580105856615054, penalty_k: 0.54371519869137541, scale_lr: 0.33112745448841552, EAO: 0.295
Trial 848 finished with value: 0.29454954014909873 and parameters: {'window_influence': 0.5058010585661505, 'penalty_k': 0.5437151986913754, 'scale_lr': 0.3311274544884155}. Best is trial 374 with value: 0.3602400896382239.
checkpoint_e24 window_influence: 0.41678812100025947, penalty_k: 0.04275931621061483, scale_lr: 0.59919803462425991, EAO: 0.307
Trial 849 finished with value: 0.3072216845324067 and parameters: {'window_influence': 0.41678812100025947, 'penalty_k': 0.04275931621061483, 'scale_lr': 0.5991980346242599}. Best is trial 374 with value: 0.3602400896382239.
checkpoint_e24 window_influence: 0.51558049840469167, penalty_k: 0.57284201336257823, scale_lr: 0.64094814049766147, EAO: 0.278
Trial 850 finished with value: 0.2782245386783251 and parameters: {'window_influence': 0.5155804984046917, 'penalty_k': 0.5728420133625782, 'scale_lr': 0.6409481404976615}. Best is trial 374 with value: 0.3602400896382239.
checkpoint_e24 window_influence: 0.48975587283643207, penalty_k: 0.45833089836121726, scale_lr: 0.55640841104022110, EAO: 0.322
Trial 851 finished with value: 0.3222956314740942 and parameters: {'window_influence': 0.48975587283643207, 'penalty_k': 0.45833089836121726, 'scale_lr': 0.5564084110402211}. Best is trial 374 with value: 0.3602400896382239.
checkpoint_e24 window_influence: 0.18626453650668665, penalty_k: 0.51291000103862938, scale_lr: 0.61267484882522216, EAO: 0.264
Trial 852 finished with value: 0.2638789105160227 and parameters: {'window_influence': 0.18626453650668665, 'penalty_k': 0.5129100010386294, 'scale_lr': 0.6126748488252222}. Best is trial 374 with value: 0.3602400896382239.
checkpoint_e24 window_influence: 0.62107518566545727, penalty_k: 0.19640845054289349, scale_lr: 0.79061288970211852, EAO: 0.238
Trial 853 finished with value: 0.23750236694219048 and parameters: {'window_influence': 0.6210751856654573, 'penalty_k': 0.1964084505428935, 'scale_lr': 0.7906128897021185}. Best is trial 374 with value: 0.3602400896382239.
checkpoint_e24 window_influence: 0.45830255794533065, penalty_k: 0.23881559659068652, scale_lr: 0.66766883583667480, EAO: 0.306
Trial 854 finished with value: 0.30585755662927366 and parameters: {'window_influence': 0.45830255794533065, 'penalty_k': 0.23881559659068652, 'scale_lr': 0.6676688358366748}. Best is trial 374 with value: 0.3602400896382239.
checkpoint_e24 window_influence: 0.21915838575110333, penalty_k: 0.18292876168763436, scale_lr: 0.58636094773656322, EAO: 0.292
Trial 855 finished with value: 0.29216818928950494 and parameters: {'window_influence': 0.21915838575110333, 'penalty_k': 0.18292876168763436, 'scale_lr': 0.5863609477365632}. Best is trial 374 with value: 0.3602400896382239.
checkpoint_e24 window_influence: 0.47463228290227899, penalty_k: 0.02550339770809617, scale_lr: 0.56943402967012680, EAO: 0.315
Trial 856 finished with value: 0.31530552656038263 and parameters: {'window_influence': 0.474632282902279, 'penalty_k': 0.025503397708096173, 'scale_lr': 0.5694340296701268}. Best is trial 374 with value: 0.3602400896382239.
checkpoint_e24 window_influence: 0.10215465582509436, penalty_k: 0.21101335462961340, scale_lr: 0.52403340743605598, EAO: 0.253
Trial 857 finished with value: 0.2530221987211287 and parameters: {'window_influence': 0.10215465582509436, 'penalty_k': 0.2110133546296134, 'scale_lr': 0.524033407436056}. Best is trial 374 with value: 0.3602400896382239.
checkpoint_e24 window_influence: 0.42718570880043388, penalty_k: 0.16054650814845522, scale_lr: 0.66055845289917436, EAO: 0.293
Trial 858 finished with value: 0.2930913035855683 and parameters: {'window_influence': 0.4271857088004339, 'penalty_k': 0.16054650814845522, 'scale_lr': 0.6605584528991744}. Best is trial 374 with value: 0.3602400896382239.
checkpoint_e24 window_influence: 0.53686860851705742, penalty_k: 0.14878838656732241, scale_lr: 0.53718553726436913, EAO: 0.275
Trial 859 finished with value: 0.2750222640046814 and parameters: {'window_influence': 0.5368686085170574, 'penalty_k': 0.1487883865673224, 'scale_lr': 0.5371855372643691}. Best is trial 374 with value: 0.3602400896382239.
checkpoint_e24 window_influence: 0.30210499190605655, penalty_k: 0.37436509876839286, scale_lr: 0.55778820109529981, EAO: 0.309
Trial 860 finished with value: 0.30902777519439445 and parameters: {'window_influence': 0.30210499190605655, 'penalty_k': 0.37436509876839286, 'scale_lr': 0.5577882010952998}. Best is trial 374 with value: 0.3602400896382239.
checkpoint_e24 window_influence: 0.56090982762745811, penalty_k: 0.48224689821890510, scale_lr: 0.57378005399964194, EAO: 0.255
Trial 861 finished with value: 0.25507186619920025 and parameters: {'window_influence': 0.5609098276274581, 'penalty_k': 0.4822468982189051, 'scale_lr': 0.5737800539996419}. Best is trial 374 with value: 0.3602400896382239.
checkpoint_e24 window_influence: 0.49866178968187574, penalty_k: 0.55794138608620880, scale_lr: 0.63797040464072263, EAO: 0.295
Trial 862 finished with value: 0.29473934116762435 and parameters: {'window_influence': 0.49866178968187574, 'penalty_k': 0.5579413860862088, 'scale_lr': 0.6379704046407226}. Best is trial 374 with value: 0.3602400896382239.
checkpoint_e24 window_influence: 0.32256495763397486, penalty_k: 0.44430442755260058, scale_lr: 0.42888439652672367, EAO: 0.314
Trial 863 finished with value: 0.31371798775075477 and parameters: {'window_influence': 0.32256495763397486, 'penalty_k': 0.4443044275526006, 'scale_lr': 0.42888439652672367}. Best is trial 374 with value: 0.3602400896382239.
checkpoint_e24 window_influence: 0.44166712508052469, penalty_k: 0.25939238914660329, scale_lr: 0.60135035647353252, EAO: 0.318
Trial 864 finished with value: 0.3175368854623824 and parameters: {'window_influence': 0.4416671250805247, 'penalty_k': 0.2593923891466033, 'scale_lr': 0.6013503564735325}. Best is trial 374 with value: 0.3602400896382239.
checkpoint_e24 window_influence: 0.46674056810264553, penalty_k: 0.40282441899716137, scale_lr: 0.35409827609701316, EAO: 0.310
Trial 865 finished with value: 0.3099997953914019 and parameters: {'window_influence': 0.4667405681026455, 'penalty_k': 0.40282441899716137, 'scale_lr': 0.35409827609701316}. Best is trial 374 with value: 0.3602400896382239.
checkpoint_e24 window_influence: 0.48482133563394048, penalty_k: 0.52791437402417762, scale_lr: 0.50986165503262948, EAO: 0.280
Trial 866 finished with value: 0.2804316507239286 and parameters: {'window_influence': 0.4848213356339405, 'penalty_k': 0.5279143740241776, 'scale_lr': 0.5098616550326295}. Best is trial 374 with value: 0.3602400896382239.
checkpoint_e24 window_influence: 0.52447114154759278, penalty_k: 0.30791129783310556, scale_lr: 0.44452980504795792, EAO: 0.296
Trial 867 finished with value: 0.295881274841175 and parameters: {'window_influence': 0.5244711415475928, 'penalty_k': 0.30791129783310556, 'scale_lr': 0.4445298050479579}. Best is trial 374 with value: 0.3602400896382239.
checkpoint_e24 window_influence: 0.45797413595844599, penalty_k: 0.42294425421251775, scale_lr: 0.61669842584296430, EAO: 0.330
Trial 868 finished with value: 0.3296021154650454 and parameters: {'window_influence': 0.457974135958446, 'penalty_k': 0.42294425421251775, 'scale_lr': 0.6166984258429643}. Best is trial 374 with value: 0.3602400896382239.
checkpoint_e24 window_influence: 0.50264626335453333, penalty_k: 0.28417249997560123, scale_lr: 0.54474444765451002, EAO: 0.305
Trial 869 finished with value: 0.30510306851177366 and parameters: {'window_influence': 0.5026462633545333, 'penalty_k': 0.28417249997560123, 'scale_lr': 0.54474444765451}. Best is trial 374 with value: 0.3602400896382239.
checkpoint_e24 window_influence: 0.47289332790141853, penalty_k: 0.05560478051877085, scale_lr: 0.32398883989558269, EAO: 0.318
Trial 870 finished with value: 0.3177011692570341 and parameters: {'window_influence': 0.4728933279014185, 'penalty_k': 0.055604780518770845, 'scale_lr': 0.3239888398955827}. Best is trial 374 with value: 0.3602400896382239.
checkpoint_e24 window_influence: 0.35607490058975044, penalty_k: 0.59864833657411021, scale_lr: 0.74151646392524462, EAO: 0.301
Trial 871 finished with value: 0.30089718555661954 and parameters: {'window_influence': 0.35607490058975044, 'penalty_k': 0.5986483365741102, 'scale_lr': 0.7415164639252446}. Best is trial 374 with value: 0.3602400896382239.
checkpoint_e24 window_influence: 0.48825353422659906, penalty_k: 0.35316153212744483, scale_lr: 0.49538716528675752, EAO: 0.312
Trial 872 finished with value: 0.3122597536224336 and parameters: {'window_influence': 0.48825353422659906, 'penalty_k': 0.35316153212744483, 'scale_lr': 0.4953871652867575}. Best is trial 374 with value: 0.3602400896382239.
checkpoint_e24 window_influence: 0.19480490394063205, penalty_k: 0.38863822523835923, scale_lr: 0.70010519180451236, EAO: 0.290
Trial 873 finished with value: 0.2902246382565814 and parameters: {'window_influence': 0.19480490394063205, 'penalty_k': 0.3886382252383592, 'scale_lr': 0.7001051918045124}. Best is trial 374 with value: 0.3602400896382239.
checkpoint_e24 window_influence: 0.45071581840327329, penalty_k: 0.22607270214753572, scale_lr: 0.52174225185933221, EAO: 0.329
Trial 874 finished with value: 0.3293642604629353 and parameters: {'window_influence': 0.4507158184032733, 'penalty_k': 0.22607270214753572, 'scale_lr': 0.5217422518593322}. Best is trial 374 with value: 0.3602400896382239.
checkpoint_e24 window_influence: 0.43629755572647200, penalty_k: 0.13960186301475266, scale_lr: 0.59313434893748695, EAO: 0.328
Trial 875 finished with value: 0.32763024213712966 and parameters: {'window_influence': 0.436297555726472, 'penalty_k': 0.13960186301475266, 'scale_lr': 0.593134348937487}. Best is trial 374 with value: 0.3602400896382239.
checkpoint_e24 window_influence: 0.57736154420586905, penalty_k: 0.25112160616251211, scale_lr: 0.65259859200708625, EAO: 0.268
Trial 876 finished with value: 0.2679101992905836 and parameters: {'window_influence': 0.577361544205869, 'penalty_k': 0.2511216061625121, 'scale_lr': 0.6525985920070863}. Best is trial 374 with value: 0.3602400896382239.
checkpoint_e24 window_influence: 0.51204452151741131, penalty_k: 0.45026745966224857, scale_lr: 0.22423955131517567, EAO: 0.295
Trial 877 finished with value: 0.2948229580189931 and parameters: {'window_influence': 0.5120445215174113, 'penalty_k': 0.45026745966224857, 'scale_lr': 0.22423955131517567}. Best is trial 374 with value: 0.3602400896382239.
checkpoint_e24 window_influence: 0.41417098047163803, penalty_k: 0.50236728912311002, scale_lr: 0.68393577962386165, EAO: 0.301
Trial 878 finished with value: 0.3008613667599422 and parameters: {'window_influence': 0.41417098047163803, 'penalty_k': 0.50236728912311, 'scale_lr': 0.6839357796238617}. Best is trial 374 with value: 0.3602400896382239.
checkpoint_e24 window_influence: 0.47739308160011606, penalty_k: 0.11863673032054620, scale_lr: 0.46847035062551390, EAO: 0.331
Trial 879 finished with value: 0.3313914852847385 and parameters: {'window_influence': 0.47739308160011606, 'penalty_k': 0.1186367303205462, 'scale_lr': 0.4684703506255139}. Best is trial 374 with value: 0.3602400896382239.
checkpoint_e24 window_influence: 0.49311439557045228, penalty_k: 0.34084380293156175, scale_lr: 0.40190130667158463, EAO: 0.329
Trial 880 finished with value: 0.32941123054649113 and parameters: {'window_influence': 0.4931143955704523, 'penalty_k': 0.34084380293156175, 'scale_lr': 0.40190130667158463}. Best is trial 374 with value: 0.3602400896382239.
checkpoint_e24 window_influence: 0.46518127898106082, penalty_k: 0.19566493680246946, scale_lr: 0.50606680766612799, EAO: 0.311
Trial 881 finished with value: 0.3113036888002885 and parameters: {'window_influence': 0.4651812789810608, 'penalty_k': 0.19566493680246946, 'scale_lr': 0.506066807666128}. Best is trial 374 with value: 0.3602400896382239.
checkpoint_e24 window_influence: 0.26146410660048242, penalty_k: 0.56835697087463677, scale_lr: 0.57631514157825359, EAO: 0.307
Trial 882 finished with value: 0.30650047540432745 and parameters: {'window_influence': 0.2614641066004824, 'penalty_k': 0.5683569708746368, 'scale_lr': 0.5763151415782536}. Best is trial 374 with value: 0.3602400896382239.
checkpoint_e24 window_influence: 0.45113048934002614, penalty_k: 0.17692078773008268, scale_lr: 0.53411605596089706, EAO: 0.344
Trial 883 finished with value: 0.3442735157124263 and parameters: {'window_influence': 0.45113048934002614, 'penalty_k': 0.17692078773008268, 'scale_lr': 0.5341160559608971}. Best is trial 374 with value: 0.3602400896382239.
checkpoint_e24 window_influence: 0.44320011612273308, penalty_k: 0.16626587734847537, scale_lr: 0.39204269428047261, EAO: 0.329
Trial 884 finished with value: 0.32895617801623583 and parameters: {'window_influence': 0.4432001161227331, 'penalty_k': 0.16626587734847537, 'scale_lr': 0.3920426942804726}. Best is trial 374 with value: 0.3602400896382239.
checkpoint_e24 window_influence: 0.43134161127521736, penalty_k: 0.17925283312066001, scale_lr: 0.29471951025508308, EAO: 0.310
Trial 885 finished with value: 0.3103938230860558 and parameters: {'window_influence': 0.43134161127521736, 'penalty_k': 0.17925283312066, 'scale_lr': 0.2947195102550831}. Best is trial 374 with value: 0.3602400896382239.
checkpoint_e24 window_influence: 0.33977354174515401, penalty_k: 0.18864474268063425, scale_lr: 0.18150667682133087, EAO: 0.310
