Trial 357 finished with value: 0.3596032280402425 and parameters: {'window_influence': 0.4657910437435563, 'penalty_k': 0.0006272760917891015, 'scale_lr': 0.5066153998319111}. Best is trial 200 with value: 0.37697677389656986.
checkpoint_e16 window_influence: 0.51976634488122708, penalty_k: 0.00056890403846924, scale_lr: 0.50262266650615683, EAO: 0.327
Trial 55 finished with value: 0.3265392290942864 and parameters: {'window_influence': 0.5197663448812271, 'penalty_k': 0.0005689040384692437, 'scale_lr': 0.5026226665061568}. Best is trial 25 with value: 0.3454640247942409.
checkpoint_e16 window_influence: 0.46801556704664860, penalty_k: 0.00139237000008596, scale_lr: 0.50778669846676938, EAO: 0.357
Trial 358 finished with value: 0.35731632665437485 and parameters: {'window_influence': 0.4680155670466486, 'penalty_k': 0.0013923700000859612, 'scale_lr': 0.5077866984667694}. Best is trial 200 with value: 0.37697677389656986.
checkpoint_e16 window_influence: 0.55993795388262779, penalty_k: 0.04889138005153543, scale_lr: 0.47045397740024303, EAO: 0.287
Trial 56 finished with value: 0.28726910002500633 and parameters: {'window_influence': 0.5599379538826278, 'penalty_k': 0.04889138005153543, 'scale_lr': 0.47045397740024303}. Best is trial 25 with value: 0.3454640247942409.
checkpoint_e16 window_influence: 0.46405528288980946, penalty_k: 0.00514186386311106, scale_lr: 0.50063205021646584, EAO: 0.354
Trial 359 finished with value: 0.3535394021509222 and parameters: {'window_influence': 0.46405528288980946, 'penalty_k': 0.005141863863111059, 'scale_lr': 0.5006320502164658}. Best is trial 200 with value: 0.37697677389656986.
checkpoint_e16 window_influence: 0.37608429934975762, penalty_k: 0.02871419244600318, scale_lr: 0.59861059156019003, EAO: 0.316
Trial 57 finished with value: 0.3164030377850922 and parameters: {'window_influence': 0.3760842993497576, 'penalty_k': 0.02871419244600318, 'scale_lr': 0.59861059156019}. Best is trial 25 with value: 0.3454640247942409.
checkpoint_e16 window_influence: 0.46358741508793749, penalty_k: 0.31059793683290815, scale_lr: 0.50663279559085839, EAO: 0.307
Trial 360 finished with value: 0.30702772243709414 and parameters: {'window_influence': 0.4635874150879375, 'penalty_k': 0.31059793683290815, 'scale_lr': 0.5066327955908584}. Best is trial 200 with value: 0.37697677389656986.
checkpoint_e16 window_influence: 0.60667351752054033, penalty_k: 0.08039701282703861, scale_lr: 0.55028545800154238, EAO: 0.247
Trial 58 finished with value: 0.24686676072471336 and parameters: {'window_influence': 0.6066735175205403, 'penalty_k': 0.08039701282703861, 'scale_lr': 0.5502854580015424}. Best is trial 25 with value: 0.3454640247942409.
checkpoint_e16 window_influence: 0.46965950356400693, penalty_k: 0.13570089048758666, scale_lr: 0.50694474740754536, EAO: 0.312
Trial 361 finished with value: 0.31224700756342033 and parameters: {'window_influence': 0.46965950356400693, 'penalty_k': 0.13570089048758666, 'scale_lr': 0.5069447474075454}. Best is trial 200 with value: 0.37697677389656986.
checkpoint_e16 window_influence: 0.46955608870559545, penalty_k: 0.05563114386152820, scale_lr: 0.62978803111560233, EAO: 0.306
Trial 59 finished with value: 0.30620693603842175 and parameters: {'window_influence': 0.46955608870559545, 'penalty_k': 0.055631143861528204, 'scale_lr': 0.6297880311156023}. Best is trial 25 with value: 0.3454640247942409.
checkpoint_e16 window_influence: 0.45384425662294542, penalty_k: 0.00141036524099627, scale_lr: 0.49327794538200198, EAO: 0.334
Trial 362 finished with value: 0.3339199397118639 and parameters: {'window_influence': 0.4538442566229454, 'penalty_k': 0.0014103652409962722, 'scale_lr': 0.493277945382002}. Best is trial 200 with value: 0.37697677389656986.
checkpoint_e16 window_influence: 0.42500801853900444, penalty_k: 0.10790491872528696, scale_lr: 0.51303950751085281, EAO: 0.303
Trial 60 finished with value: 0.30300073772089026 and parameters: {'window_influence': 0.42500801853900444, 'penalty_k': 0.10790491872528696, 'scale_lr': 0.5130395075108528}. Best is trial 25 with value: 0.3454640247942409.
checkpoint_e16 window_influence: 0.47443511446004766, penalty_k: 0.24267576984219003, scale_lr: 0.51528967433452200, EAO: 0.305
Trial 363 finished with value: 0.3050622864687953 and parameters: {'window_influence': 0.47443511446004766, 'penalty_k': 0.24267576984219003, 'scale_lr': 0.515289674334522}. Best is trial 200 with value: 0.37697677389656986.
checkpoint_e16 window_influence: 0.49592320863362543, penalty_k: 0.08808761627559696, scale_lr: 0.42667387336660112, EAO: 0.335
Trial 61 finished with value: 0.3350004447109504 and parameters: {'window_influence': 0.49592320863362543, 'penalty_k': 0.08808761627559696, 'scale_lr': 0.4266738733666011}. Best is trial 25 with value: 0.3454640247942409.
checkpoint_e16 window_influence: 0.56478067548867861, penalty_k: 0.08186455333331903, scale_lr: 0.49897662533341003, EAO: 0.287
Trial 364 finished with value: 0.2866868486896099 and parameters: {'window_influence': 0.5647806754886786, 'penalty_k': 0.08186455333331903, 'scale_lr': 0.49897662533341003}. Best is trial 200 with value: 0.37697677389656986.
checkpoint_e16 window_influence: 0.51977313936737712, penalty_k: 0.01995620469545827, scale_lr: 0.45564695936304911, EAO: 0.328
Trial 62 finished with value: 0.32760412515601295 and parameters: {'window_influence': 0.5197731393673771, 'penalty_k': 0.01995620469545827, 'scale_lr': 0.4556469593630491}. Best is trial 25 with value: 0.3454640247942409.
checkpoint_e16 window_influence: 0.46085188798041282, penalty_k: 0.22084061191703036, scale_lr: 0.45147637230884458, EAO: 0.324
Trial 365 finished with value: 0.32432867001002863 and parameters: {'window_influence': 0.4608518879804128, 'penalty_k': 0.22084061191703036, 'scale_lr': 0.4514763723088446}. Best is trial 200 with value: 0.37697677389656986.
checkpoint_e16 window_influence: 0.54043485330959395, penalty_k: 0.14153228311024746, scale_lr: 0.47948545502389400, EAO: 0.307
Trial 63 finished with value: 0.3066978969462651 and parameters: {'window_influence': 0.540434853309594, 'penalty_k': 0.14153228311024746, 'scale_lr': 0.479485455023894}. Best is trial 25 with value: 0.3454640247942409.
checkpoint_e16 window_influence: 0.44472190357541952, penalty_k: 0.00870463018406451, scale_lr: 0.48191789929642614, EAO: 0.339
Trial 366 finished with value: 0.33886288065854675 and parameters: {'window_influence': 0.4447219035754195, 'penalty_k': 0.008704630184064512, 'scale_lr': 0.48191789929642614}. Best is trial 200 with value: 0.37697677389656986.
checkpoint_e16 window_influence: 0.45349636210922672, penalty_k: 0.21376095282603186, scale_lr: 0.51296646795014977, EAO: 0.283
Trial 367 finished with value: 0.2834796940306281 and parameters: {'window_influence': 0.4534963621092267, 'penalty_k': 0.21376095282603186, 'scale_lr': 0.5129664679501498}. Best is trial 200 with value: 0.37697677389656986.
checkpoint_e16 window_influence: 0.48525790110876993, penalty_k: 0.06641076659594941, scale_lr: 0.52176658362373751, EAO: 0.331
Trial 64 finished with value: 0.33130381415790155 and parameters: {'window_influence': 0.48525790110876993, 'penalty_k': 0.06641076659594941, 'scale_lr': 0.5217665836237375}. Best is trial 25 with value: 0.3454640247942409.
checkpoint_e16 window_influence: 0.48061520310894723, penalty_k: 0.32256516550085468, scale_lr: 0.53939625798159585, EAO: 0.296
Trial 368 finished with value: 0.29567500200948826 and parameters: {'window_influence': 0.48061520310894723, 'penalty_k': 0.3225651655008547, 'scale_lr': 0.5393962579815959}. Best is trial 200 with value: 0.37697677389656986.
checkpoint_e16 window_influence: 0.45202952201380353, penalty_k: 0.11429970676776205, scale_lr: 0.54922245757208621, EAO: 0.328
Trial 65 finished with value: 0.32752568399395926 and parameters: {'window_influence': 0.45202952201380353, 'penalty_k': 0.11429970676776205, 'scale_lr': 0.5492224575720862}. Best is trial 25 with value: 0.3454640247942409.
checkpoint_e16 window_influence: 0.46612592437705380, penalty_k: 0.02171737671675327, scale_lr: 0.41733335063722360, EAO: 0.319
Trial 369 finished with value: 0.3190392847191035 and parameters: {'window_influence': 0.4661259243770538, 'penalty_k': 0.02171737671675327, 'scale_lr': 0.4173333506372236}. Best is trial 200 with value: 0.37697677389656986.
checkpoint_e16 window_influence: 0.51021851181550681, penalty_k: 0.04639721399212111, scale_lr: 0.58678889757745167, EAO: 0.321
Trial 66 finished with value: 0.32132914894285836 and parameters: {'window_influence': 0.5102185118155068, 'penalty_k': 0.046397213992121114, 'scale_lr': 0.5867888975774517}. Best is trial 25 with value: 0.3454640247942409.
checkpoint_e16 window_influence: 0.43136030353092186, penalty_k: 0.08760906886586520, scale_lr: 0.49322244480686556, EAO: 0.307
Trial 67 finished with value: 0.3067876581783888 and parameters: {'window_influence': 0.43136030353092186, 'penalty_k': 0.0876090688658652, 'scale_lr': 0.49322244480686556}. Best is trial 25 with value: 0.3454640247942409.
checkpoint_e16 window_influence: 0.44058610781839874, penalty_k: 0.00132831519766413, scale_lr: 0.46842535098459742, EAO: 0.337
Trial 370 finished with value: 0.33689402153983655 and parameters: {'window_influence': 0.44058610781839874, 'penalty_k': 0.0013283151976641282, 'scale_lr': 0.4684253509845974}. Best is trial 200 with value: 0.37697677389656986.
checkpoint_e16 window_influence: 0.49352975573297908, penalty_k: 0.18524596923026204, scale_lr: 0.40394517218442838, EAO: 0.300
Trial 68 finished with value: 0.2998377543363126 and parameters: {'window_influence': 0.4935297557329791, 'penalty_k': 0.18524596923026204, 'scale_lr': 0.4039451721844284}. Best is trial 25 with value: 0.3454640247942409.
checkpoint_e16 window_influence: 0.45622402460387301, penalty_k: 0.04332154979748805, scale_lr: 0.52156164600919508, EAO: 0.333
Trial 371 finished with value: 0.3333724219975305 and parameters: {'window_influence': 0.456224024603873, 'penalty_k': 0.04332154979748805, 'scale_lr': 0.5215616460091951}. Best is trial 200 with value: 0.37697677389656986.
checkpoint_e16 window_influence: 0.47051087041373740, penalty_k: 0.16271978862014830, scale_lr: 0.53313434082845845, EAO: 0.317
Trial 69 finished with value: 0.316583462958206 and parameters: {'window_influence': 0.4705108704137374, 'penalty_k': 0.1627197886201483, 'scale_lr': 0.5331343408284585}. Best is trial 25 with value: 0.3454640247942409.
checkpoint_e16 window_influence: 0.54697023657805321, penalty_k: 0.27306982374952543, scale_lr: 0.49617006757850030, EAO: 0.273
Trial 372 finished with value: 0.2732484796399736 and parameters: {'window_influence': 0.5469702365780532, 'penalty_k': 0.27306982374952543, 'scale_lr': 0.4961700675785003}. Best is trial 200 with value: 0.37697677389656986.
checkpoint_e16 window_influence: 0.54738321881991936, penalty_k: 0.12702627436009881, scale_lr: 0.50843508314135200, EAO: 0.298
Trial 70 finished with value: 0.29756680820934506 and parameters: {'window_influence': 0.5473832188199194, 'penalty_k': 0.1270262743600988, 'scale_lr': 0.508435083141352}. Best is trial 25 with value: 0.3454640247942409.
checkpoint_e16 window_influence: 0.43506485298748343, penalty_k: 0.00053610823480415, scale_lr: 0.74491035102816083, EAO: 0.313
Trial 373 finished with value: 0.3133329527619284 and parameters: {'window_influence': 0.43506485298748343, 'penalty_k': 0.0005361082348041505, 'scale_lr': 0.7449103510281608}. Best is trial 200 with value: 0.37697677389656986.
checkpoint_e16 window_influence: 0.50288811031489888, penalty_k: 0.06556180469446699, scale_lr: 0.56676657506179495, EAO: 0.324
Trial 71 finished with value: 0.32385615123153194 and parameters: {'window_influence': 0.5028881103148989, 'penalty_k': 0.06556180469446699, 'scale_lr': 0.566766575061795}. Best is trial 25 with value: 0.3454640247942409.
checkpoint_e16 window_influence: 0.46981196250499652, penalty_k: 0.24410359639878926, scale_lr: 0.60676885841407791, EAO: 0.300
Trial 374 finished with value: 0.30018205679808146 and parameters: {'window_influence': 0.4698119625049965, 'penalty_k': 0.24410359639878926, 'scale_lr': 0.6067688584140779}. Best is trial 200 with value: 0.37697677389656986.
checkpoint_e16 window_influence: 0.48436804534278766, penalty_k: 0.06974249483716119, scale_lr: 0.52730585849381106, EAO: 0.349
Trial 72 finished with value: 0.3491106714024154 and parameters: {'window_influence': 0.48436804534278766, 'penalty_k': 0.06974249483716119, 'scale_lr': 0.5273058584938111}. Best is trial 72 with value: 0.3491106714024154.
checkpoint_e16 window_influence: 0.48325037544181648, penalty_k: 0.03175224957894361, scale_lr: 0.26493012938092075, EAO: 0.327
Trial 375 finished with value: 0.32726941707069307 and parameters: {'window_influence': 0.4832503754418165, 'penalty_k': 0.03175224957894361, 'scale_lr': 0.26493012938092075}. Best is trial 200 with value: 0.37697677389656986.
checkpoint_e16 window_influence: 0.44903672755313551, penalty_k: 0.10152349256944185, scale_lr: 0.45597765092960962, EAO: 0.319
Trial 73 finished with value: 0.31897660846376236 and parameters: {'window_influence': 0.4490367275531355, 'penalty_k': 0.10152349256944185, 'scale_lr': 0.4559776509296096}. Best is trial 72 with value: 0.3491106714024154.
checkpoint_e16 window_influence: 0.44994840719854690, penalty_k: 0.01871288442036508, scale_lr: 0.53008669892159677, EAO: 0.328
Trial 376 finished with value: 0.32826806952749243 and parameters: {'window_influence': 0.4499484071985469, 'penalty_k': 0.018712884420365082, 'scale_lr': 0.5300866989215968}. Best is trial 200 with value: 0.37697677389656986.
checkpoint_e16 window_influence: 0.41633879175136529, penalty_k: 0.03607329596098678, scale_lr: 0.49018988197087504, EAO: 0.331
Trial 74 finished with value: 0.33051704722619707 and parameters: {'window_influence': 0.4163387917513653, 'penalty_k': 0.03607329596098678, 'scale_lr': 0.49018988197087504}. Best is trial 72 with value: 0.3491106714024154.
checkpoint_e16 window_influence: 0.43487903026271579, penalty_k: 0.00979859350223957, scale_lr: 0.43640768505926647, EAO: 0.346
Trial 377 finished with value: 0.34578495568338535 and parameters: {'window_influence': 0.4348790302627158, 'penalty_k': 0.009798593502239572, 'scale_lr': 0.43640768505926647}. Best is trial 200 with value: 0.37697677389656986.
checkpoint_e16 window_influence: 0.47717212896456507, penalty_k: 0.01486361135080501, scale_lr: 0.53774955083728071, EAO: 0.338
Trial 75 finished with value: 0.33792143526708107 and parameters: {'window_influence': 0.47717212896456507, 'penalty_k': 0.014863611350805005, 'scale_lr': 0.5377495508372807}. Best is trial 72 with value: 0.3491106714024154.
checkpoint_e16 window_influence: 0.42038247250073196, penalty_k: 0.20426951408045521, scale_lr: 0.44305946922185840, EAO: 0.297
Trial 378 finished with value: 0.29700685318573905 and parameters: {'window_influence': 0.42038247250073196, 'penalty_k': 0.2042695140804552, 'scale_lr': 0.4430594692218584}. Best is trial 200 with value: 0.37697677389656986.
checkpoint_e16 window_influence: 0.47365401329283385, penalty_k: 0.01739607634533551, scale_lr: 0.53971749299777039, EAO: 0.338
Trial 76 finished with value: 0.3381951487249901 and parameters: {'window_influence': 0.47365401329283385, 'penalty_k': 0.017396076345335514, 'scale_lr': 0.5397174929977704}. Best is trial 72 with value: 0.3491106714024154.
checkpoint_e16 window_influence: 0.43718679828997858, penalty_k: 0.02776170043303711, scale_lr: 0.42971322987460125, EAO: 0.340
Trial 379 finished with value: 0.3402057415316541 and parameters: {'window_influence': 0.4371867982899786, 'penalty_k': 0.02776170043303711, 'scale_lr': 0.42971322987460125}. Best is trial 200 with value: 0.37697677389656986.
checkpoint_e16 window_influence: 0.43906725847586175, penalty_k: 0.01804641643527300, scale_lr: 0.57599116711517084, EAO: 0.334
Trial 77 finished with value: 0.3338473928577705 and parameters: {'window_influence': 0.43906725847586175, 'penalty_k': 0.018046416435272997, 'scale_lr': 0.5759911671151708}. Best is trial 72 with value: 0.3491106714024154.
checkpoint_e16 window_influence: 0.32978421237988609, penalty_k: 0.01039280668511564, scale_lr: 0.46340853733086113, EAO: 0.305
Trial 380 finished with value: 0.3050931057809392 and parameters: {'window_influence': 0.3297842123798861, 'penalty_k': 0.010392806685115639, 'scale_lr': 0.4634085373308611}. Best is trial 200 with value: 0.37697677389656986.
checkpoint_e16 window_influence: 0.51310610171979087, penalty_k: 0.04553418699765203, scale_lr: 0.61310749028620193, EAO: 0.309
Trial 78 finished with value: 0.309264853828612 and parameters: {'window_influence': 0.5131061017197909, 'penalty_k': 0.045534186997652035, 'scale_lr': 0.6131074902862019}. Best is trial 72 with value: 0.3491106714024154.
checkpoint_e16 window_influence: 0.42808103886808180, penalty_k: 0.26014278758518705, scale_lr: 0.44495002380817228, EAO: 0.296
Trial 381 finished with value: 0.2958854845641652 and parameters: {'window_influence': 0.4280810388680818, 'penalty_k': 0.26014278758518705, 'scale_lr': 0.4449500238081723}. Best is trial 200 with value: 0.37697677389656986.
checkpoint_e16 window_influence: 0.46034389790942742, penalty_k: 0.07272905995380238, scale_lr: 0.51733381055458394, EAO: 0.339
Trial 79 finished with value: 0.33856219899793544 and parameters: {'window_influence': 0.4603438979094274, 'penalty_k': 0.07272905995380238, 'scale_lr': 0.5173338105545839}. Best is trial 72 with value: 0.3491106714024154.
checkpoint_e16 window_influence: 0.46715376028949435, penalty_k: 0.00020177609984681, scale_lr: 0.41920483548244286, EAO: 0.332
Trial 382 finished with value: 0.3320855950567045 and parameters: {'window_influence': 0.46715376028949435, 'penalty_k': 0.00020177609984681384, 'scale_lr': 0.41920483548244286}. Best is trial 200 with value: 0.37697677389656986.
checkpoint_e16 window_influence: 0.53484199717436953, penalty_k: 0.07888908015557228, scale_lr: 0.52176165079399239, EAO: 0.309
Trial 80 finished with value: 0.30866431987007303 and parameters: {'window_influence': 0.5348419971743695, 'penalty_k': 0.07888908015557228, 'scale_lr': 0.5217616507939924}. Best is trial 72 with value: 0.3491106714024154.
checkpoint_e16 window_influence: 0.40496930915784657, penalty_k: 0.04556540399375178, scale_lr: 0.39463205362089049, EAO: 0.317
Trial 383 finished with value: 0.3167295071517447 and parameters: {'window_influence': 0.40496930915784657, 'penalty_k': 0.04556540399375178, 'scale_lr': 0.3946320536208905}. Best is trial 200 with value: 0.37697677389656986.
checkpoint_e16 window_influence: 0.46103669874992492, penalty_k: 0.06120675013349140, scale_lr: 0.54923465656730786, EAO: 0.319
Trial 81 finished with value: 0.318668622856938 and parameters: {'window_influence': 0.4610366987499249, 'penalty_k': 0.0612067501334914, 'scale_lr': 0.5492346565673079}. Best is trial 72 with value: 0.3491106714024154.
checkpoint_e16 window_influence: 0.38455579851574090, penalty_k: 0.01978789537293961, scale_lr: 0.47750652339140837, EAO: 0.330
Trial 384 finished with value: 0.3300416032395938 and parameters: {'window_influence': 0.3845557985157409, 'penalty_k': 0.01978789537293961, 'scale_lr': 0.47750652339140837}. Best is trial 200 with value: 0.37697677389656986.
checkpoint_e16 window_influence: 0.48323114487169938, penalty_k: 0.00897097406585200, scale_lr: 0.50291211825163540, EAO: 0.350
Trial 82 finished with value: 0.3495157835316565 and parameters: {'window_influence': 0.4832311448716994, 'penalty_k': 0.008970974065852, 'scale_lr': 0.5029121182516354}. Best is trial 82 with value: 0.3495157835316565.
checkpoint_e16 window_influence: 0.44076467785426982, penalty_k: 0.07196986021648413, scale_lr: 0.45625235509215961, EAO: 0.315
Trial 385 finished with value: 0.31503882401184347 and parameters: {'window_influence': 0.4407646778542698, 'penalty_k': 0.07196986021648413, 'scale_lr': 0.4562523550921596}. Best is trial 200 with value: 0.37697677389656986.
checkpoint_e16 window_influence: 0.48798234913318633, penalty_k: 0.03459491427645012, scale_lr: 0.48631024772426601, EAO: 0.332
Trial 83 finished with value: 0.3323399675611392 and parameters: {'window_influence': 0.48798234913318633, 'penalty_k': 0.03459491427645012, 'scale_lr': 0.486310247724266}. Best is trial 82 with value: 0.3495157835316565.
checkpoint_e16 window_influence: 0.06224727841079097, penalty_k: 0.00005351858589797, scale_lr: 0.50684138451143301, EAO: 0.261
Trial 386 finished with value: 0.26121649389600937 and parameters: {'window_influence': 0.062247278410790974, 'penalty_k': 5.3518585897968716e-05, 'scale_lr': 0.506841384511433}. Best is trial 200 with value: 0.37697677389656986.
checkpoint_e16 window_influence: 0.44858815060897494, penalty_k: 0.07014551064800773, scale_lr: 0.50793115270712663, EAO: 0.342
Trial 84 finished with value: 0.34216280588843945 and parameters: {'window_influence': 0.44858815060897494, 'penalty_k': 0.07014551064800773, 'scale_lr': 0.5079311527071266}. Best is trial 82 with value: 0.3495157835316565.
checkpoint_e16 window_influence: 0.34745874112905650, penalty_k: 0.03485257872006818, scale_lr: 0.48322241405774963, EAO: 0.309
Trial 387 finished with value: 0.30851658059697207 and parameters: {'window_influence': 0.3474587411290565, 'penalty_k': 0.03485257872006818, 'scale_lr': 0.4832224140577496}. Best is trial 200 with value: 0.37697677389656986.
checkpoint_e16 window_influence: 0.43900819458164991, penalty_k: 0.00286298730588469, scale_lr: 0.45840720282390623, EAO: 0.348
Trial 85 finished with value: 0.348395940742604 and parameters: {'window_influence': 0.4390081945816499, 'penalty_k': 0.00286298730588469, 'scale_lr': 0.45840720282390623}. Best is trial 82 with value: 0.3495157835316565.
checkpoint_e16 window_influence: 0.51799716954385977, penalty_k: 0.09203487903693541, scale_lr: 0.43552097458663636, EAO: 0.328
