Trial 372 finished with value: 0.3384354151640421 and parameters: {'window_influence': 0.4316450935636666, 'penalty_k': 0.02766502155619862, 'scale_lr': 0.44628223610272894}. Best is trial 32 with value: 0.38394216433573325.
checkpoint_e23 window_influence: 0.44800244147840951, penalty_k: 0.05472202885556989, scale_lr: 0.59623939555319705, EAO: 0.346
Trial 373 finished with value: 0.3464084940197867 and parameters: {'window_influence': 0.4480024414784095, 'penalty_k': 0.05472202885556989, 'scale_lr': 0.596239395553197}. Best is trial 32 with value: 0.38394216433573325.
checkpoint_e23 window_influence: 0.49671148339934701, penalty_k: 0.01858017509917195, scale_lr: 0.46668691371095605, EAO: 0.328
Trial 374 finished with value: 0.32789619962760913 and parameters: {'window_influence': 0.496711483399347, 'penalty_k': 0.018580175099171946, 'scale_lr': 0.46668691371095605}. Best is trial 32 with value: 0.38394216433573325.
checkpoint_e23 window_influence: 0.46544439677809707, penalty_k: 0.03586079187345066, scale_lr: 0.48264354652814606, EAO: 0.355
Trial 375 finished with value: 0.3551900171120343 and parameters: {'window_influence': 0.46544439677809707, 'penalty_k': 0.03586079187345066, 'scale_lr': 0.48264354652814606}. Best is trial 32 with value: 0.38394216433573325.
checkpoint_e23 window_influence: 0.48501583322727043, penalty_k: 0.06868341497924375, scale_lr: 0.37215013442638789, EAO: 0.349
Trial 376 finished with value: 0.3492352753761677 and parameters: {'window_influence': 0.48501583322727043, 'penalty_k': 0.06868341497924375, 'scale_lr': 0.3721501344263879}. Best is trial 32 with value: 0.38394216433573325.
checkpoint_e23 window_influence: 0.52699891393323250, penalty_k: 0.21376300487631028, scale_lr: 0.41566410814291149, EAO: 0.332
Trial 377 finished with value: 0.3324805570019822 and parameters: {'window_influence': 0.5269989139332325, 'penalty_k': 0.21376300487631028, 'scale_lr': 0.4156641081429115}. Best is trial 32 with value: 0.38394216433573325.
checkpoint_e23 window_influence: 0.47381264435677395, penalty_k: 0.09434034120691959, scale_lr: 0.39341990683122086, EAO: 0.352
Trial 378 finished with value: 0.35214241573782745 and parameters: {'window_influence': 0.47381264435677395, 'penalty_k': 0.09434034120691959, 'scale_lr': 0.39341990683122086}. Best is trial 32 with value: 0.38394216433573325.
checkpoint_e23 window_influence: 0.45154319926027353, penalty_k: 0.04732036367530723, scale_lr: 0.50225448043234910, EAO: 0.333
Trial 379 finished with value: 0.33294095255521483 and parameters: {'window_influence': 0.45154319926027353, 'penalty_k': 0.04732036367530723, 'scale_lr': 0.5022544804323491}. Best is trial 32 with value: 0.38394216433573325.
checkpoint_e23 window_influence: 0.49934637586299530, penalty_k: 0.02922643473882867, scale_lr: 0.34406305878363397, EAO: 0.328
Trial 380 finished with value: 0.32767192793263533 and parameters: {'window_influence': 0.4993463758629953, 'penalty_k': 0.02922643473882867, 'scale_lr': 0.34406305878363397}. Best is trial 32 with value: 0.38394216433573325.
checkpoint_e23 window_influence: 0.57609915439463177, penalty_k: 0.00821399989602783, scale_lr: 0.35956928204663746, EAO: 0.306
Trial 381 finished with value: 0.306473548600182 and parameters: {'window_influence': 0.5760991543946318, 'penalty_k': 0.008213999896027826, 'scale_lr': 0.35956928204663746}. Best is trial 32 with value: 0.38394216433573325.
checkpoint_e23 window_influence: 0.46278493834084516, penalty_k: 0.19568677609028523, scale_lr: 0.28823291008056556, EAO: 0.327
Trial 382 finished with value: 0.32658491796788536 and parameters: {'window_influence': 0.46278493834084516, 'penalty_k': 0.19568677609028523, 'scale_lr': 0.28823291008056556}. Best is trial 32 with value: 0.38394216433573325.
checkpoint_e23 window_influence: 0.48505334238096193, penalty_k: 0.12790711276881780, scale_lr: 0.42900458380010609, EAO: 0.350
Trial 383 finished with value: 0.3498155849221152 and parameters: {'window_influence': 0.4850533423809619, 'penalty_k': 0.1279071127688178, 'scale_lr': 0.4290045838001061}. Best is trial 32 with value: 0.38394216433573325.
checkpoint_e23 window_influence: 0.51546353115008370, penalty_k: 0.07790335552126421, scale_lr: 0.40677757205609760, EAO: 0.337
Trial 384 finished with value: 0.3372880284192497 and parameters: {'window_influence': 0.5154635311500837, 'penalty_k': 0.0779033555212642, 'scale_lr': 0.4067775720560976}. Best is trial 32 with value: 0.38394216433573325.
checkpoint_e23 window_influence: 0.62236183812041501, penalty_k: 0.26965350498630036, scale_lr: 0.37881040838212948, EAO: 0.238
Trial 385 finished with value: 0.23767569087126839 and parameters: {'window_influence': 0.622361838120415, 'penalty_k': 0.26965350498630036, 'scale_lr': 0.3788104083821295}. Best is trial 32 with value: 0.38394216433573325.
checkpoint_e23 window_influence: 0.31912897257540751, penalty_k: 0.05405582691950862, scale_lr: 0.44259620953578344, EAO: 0.325
Trial 386 finished with value: 0.3251064734004351 and parameters: {'window_influence': 0.3191289725754075, 'penalty_k': 0.05405582691950862, 'scale_lr': 0.44259620953578344}. Best is trial 32 with value: 0.38394216433573325.
checkpoint_e23 window_influence: 0.47909345311106671, penalty_k: 0.01984051542231091, scale_lr: 0.45763544725752880, EAO: 0.359
Trial 387 finished with value: 0.35947964476704136 and parameters: {'window_influence': 0.4790934531110667, 'penalty_k': 0.019840515422310915, 'scale_lr': 0.4576354472575288}. Best is trial 32 with value: 0.38394216433573325.
checkpoint_e23 window_influence: 0.58441768597810850, penalty_k: 0.02049658745227121, scale_lr: 0.47430008597532980, EAO: 0.315
Trial 388 finished with value: 0.31545430027557253 and parameters: {'window_influence': 0.5844176859781085, 'penalty_k': 0.020496587452271214, 'scale_lr': 0.4743000859753298}. Best is trial 32 with value: 0.38394216433573325.
checkpoint_e23 window_influence: 0.41383641915165437, penalty_k: 0.01198000802310247, scale_lr: 0.48752386280233134, EAO: 0.328
Trial 389 finished with value: 0.32789583701335967 and parameters: {'window_influence': 0.41383641915165437, 'penalty_k': 0.011980008023102468, 'scale_lr': 0.48752386280233134}. Best is trial 32 with value: 0.38394216433573325.
checkpoint_e23 window_influence: 0.43898809887457568, penalty_k: 0.03738368310087900, scale_lr: 0.63463370606150360, EAO: 0.324
Trial 390 finished with value: 0.3235781942476095 and parameters: {'window_influence': 0.4389880988745757, 'penalty_k': 0.037383683100879, 'scale_lr': 0.6346337060615036}. Best is trial 32 with value: 0.38394216433573325.
checkpoint_e23 window_influence: 0.48685184818815441, penalty_k: 0.00088939380726453, scale_lr: 0.38675289263534929, EAO: 0.373
Trial 391 finished with value: 0.3731278033803873 and parameters: {'window_influence': 0.4868518481881544, 'penalty_k': 0.0008893938072645317, 'scale_lr': 0.3867528926353493}. Best is trial 32 with value: 0.38394216433573325.
checkpoint_e23 window_influence: 0.50841397536274624, penalty_k: 0.00533554749754825, scale_lr: 0.38840527197692659, EAO: 0.367
Trial 392 finished with value: 0.3672549985494131 and parameters: {'window_influence': 0.5084139753627462, 'penalty_k': 0.0053355474975482495, 'scale_lr': 0.3884052719769266}. Best is trial 32 with value: 0.38394216433573325.
checkpoint_e23 window_influence: 0.53477040150191546, penalty_k: 0.00321264567848264, scale_lr: 0.39507367842986418, EAO: 0.336
Trial 393 finished with value: 0.3357994867206084 and parameters: {'window_influence': 0.5347704015019155, 'penalty_k': 0.0032126456784826417, 'scale_lr': 0.3950736784298642}. Best is trial 32 with value: 0.38394216433573325.
checkpoint_e23 window_influence: 0.50892681536747952, penalty_k: 0.00828308728263235, scale_lr: 0.38044623929052157, EAO: 0.333
Trial 394 finished with value: 0.33289369430523436 and parameters: {'window_influence': 0.5089268153674795, 'penalty_k': 0.00828308728263235, 'scale_lr': 0.38044623929052157}. Best is trial 32 with value: 0.38394216433573325.
checkpoint_e23 window_influence: 0.49546347686116321, penalty_k: 0.00091385904463695, scale_lr: 0.40018831568685787, EAO: 0.348
Trial 395 finished with value: 0.3481052611820429 and parameters: {'window_influence': 0.4954634768611632, 'penalty_k': 0.0009138590446369464, 'scale_lr': 0.40018831568685787}. Best is trial 32 with value: 0.38394216433573325.
checkpoint_e23 window_influence: 0.52380776139688634, penalty_k: 0.01912380996052525, scale_lr: 0.38954605628127376, EAO: 0.342
Trial 396 finished with value: 0.34238964748289796 and parameters: {'window_influence': 0.5238077613968863, 'penalty_k': 0.01912380996052525, 'scale_lr': 0.38954605628127376}. Best is trial 32 with value: 0.38394216433573325.
checkpoint_e23 window_influence: 0.37736381641436567, penalty_k: 0.01418248719037691, scale_lr: 0.37037506182657337, EAO: 0.335
Trial 397 finished with value: 0.33534656737565066 and parameters: {'window_influence': 0.37736381641436567, 'penalty_k': 0.014182487190376913, 'scale_lr': 0.37037506182657337}. Best is trial 32 with value: 0.38394216433573325.
checkpoint_e23 window_influence: 0.49775313266779236, penalty_k: 0.02434560450928570, scale_lr: 0.41045640273601608, EAO: 0.359
Trial 398 finished with value: 0.35910403519752887 and parameters: {'window_influence': 0.49775313266779236, 'penalty_k': 0.024345604509285697, 'scale_lr': 0.4104564027360161}. Best is trial 32 with value: 0.38394216433573325.
checkpoint_e23 window_influence: 0.50862930410864937, penalty_k: 0.00887107407511709, scale_lr: 0.40639721623825853, EAO: 0.373
Trial 399 finished with value: 0.37299699588508456 and parameters: {'window_influence': 0.5086293041086494, 'penalty_k': 0.008871074075117088, 'scale_lr': 0.40639721623825853}. Best is trial 32 with value: 0.38394216433573325.
checkpoint_e23 window_influence: 0.50761699947724148, penalty_k: 0.00059051714512044, scale_lr: 0.41087358297091542, EAO: 0.351
Trial 400 finished with value: 0.3505431562082313 and parameters: {'window_influence': 0.5076169994772415, 'penalty_k': 0.0005905171451204404, 'scale_lr': 0.4108735829709154}. Best is trial 32 with value: 0.38394216433573325.
checkpoint_e23 window_influence: 0.52340490056311972, penalty_k: 0.00030042058932785, scale_lr: 0.41587677539644041, EAO: 0.350
Trial 401 finished with value: 0.3495551541389658 and parameters: {'window_influence': 0.5234049005631197, 'penalty_k': 0.0003004205893278461, 'scale_lr': 0.4158767753964404}. Best is trial 32 with value: 0.38394216433573325.
checkpoint_e23 window_influence: 0.51405217639957146, penalty_k: 0.01784715329555274, scale_lr: 0.39802743139603169, EAO: 0.332
Trial 402 finished with value: 0.33199341983646735 and parameters: {'window_influence': 0.5140521763995715, 'penalty_k': 0.017847153295552736, 'scale_lr': 0.3980274313960317}. Best is trial 32 with value: 0.38394216433573325.
checkpoint_e23 window_influence: 0.53870704914152268, penalty_k: 0.01280979401861220, scale_lr: 0.42063053447204735, EAO: 0.347
Trial 403 finished with value: 0.3474774207586444 and parameters: {'window_influence': 0.5387070491415227, 'penalty_k': 0.012809794018612201, 'scale_lr': 0.42063053447204735}. Best is trial 32 with value: 0.38394216433573325.
checkpoint_e23 window_influence: 0.50039906802727940, penalty_k: 0.01824606576742562, scale_lr: 0.38769807814480306, EAO: 0.345
Trial 404 finished with value: 0.3445788638137194 and parameters: {'window_influence': 0.5003990680272794, 'penalty_k': 0.018246065767425622, 'scale_lr': 0.38769807814480306}. Best is trial 32 with value: 0.38394216433573325.
checkpoint_e23 window_influence: 0.21963426264517466, penalty_k: 0.02755631199357106, scale_lr: 0.65632433657472755, EAO: 0.309
Trial 405 finished with value: 0.3087787418861797 and parameters: {'window_influence': 0.21963426264517466, 'penalty_k': 0.02755631199357106, 'scale_lr': 0.6563243365747276}. Best is trial 32 with value: 0.38394216433573325.
checkpoint_e23 window_influence: 0.55281481692308709, penalty_k: 0.00894827894897303, scale_lr: 0.40315652903403687, EAO: 0.316
Trial 406 finished with value: 0.3158129170710938 and parameters: {'window_influence': 0.5528148169230871, 'penalty_k': 0.008948278948973026, 'scale_lr': 0.40315652903403687}. Best is trial 32 with value: 0.38394216433573325.
checkpoint_e23 window_influence: 0.51560352133272302, penalty_k: 0.02859095550359833, scale_lr: 0.38389238091611849, EAO: 0.340
Trial 407 finished with value: 0.33955858873949907 and parameters: {'window_influence': 0.515603521332723, 'penalty_k': 0.028590955503598334, 'scale_lr': 0.3838923809161185}. Best is trial 32 with value: 0.38394216433573325.
checkpoint_e23 window_influence: 0.49863221954951498, penalty_k: 0.00952773704208946, scale_lr: 0.25493667894924199, EAO: 0.358
Trial 408 finished with value: 0.35827169031020734 and parameters: {'window_influence': 0.498632219549515, 'penalty_k': 0.009527737042089462, 'scale_lr': 0.254936678949242}. Best is trial 32 with value: 0.38394216433573325.
checkpoint_e23 window_influence: 0.49112367424758407, penalty_k: 0.00068073737407280, scale_lr: 0.42385421676656165, EAO: 0.341
Trial 409 finished with value: 0.3413154953648608 and parameters: {'window_influence': 0.4911236742475841, 'penalty_k': 0.0006807373740727968, 'scale_lr': 0.42385421676656165}. Best is trial 32 with value: 0.38394216433573325.
checkpoint_e23 window_influence: 0.50786426303737364, penalty_k: 0.03653869156702530, scale_lr: 0.40796969126018390, EAO: 0.361
Trial 410 finished with value: 0.36130954783250385 and parameters: {'window_influence': 0.5078642630373736, 'penalty_k': 0.0365386915670253, 'scale_lr': 0.4079696912601839}. Best is trial 32 with value: 0.38394216433573325.
checkpoint_e23 window_influence: 0.52677386653855218, penalty_k: 0.56275612628090776, scale_lr: 0.40841722014892634, EAO: 0.279
Trial 411 finished with value: 0.27911152606576334 and parameters: {'window_influence': 0.5267738665385522, 'penalty_k': 0.5627561262809078, 'scale_lr': 0.40841722014892634}. Best is trial 32 with value: 0.38394216433573325.
checkpoint_e23 window_influence: 0.50445617653726771, penalty_k: 0.02126686565697162, scale_lr: 0.40401477362154387, EAO: 0.350
Trial 412 finished with value: 0.34957235877615933 and parameters: {'window_influence': 0.5044561765372677, 'penalty_k': 0.02126686565697162, 'scale_lr': 0.40401477362154387}. Best is trial 32 with value: 0.38394216433573325.
checkpoint_e23 window_influence: 0.25463314405374304, penalty_k: 0.03218786123862713, scale_lr: 0.42656943107718703, EAO: 0.299
Trial 413 finished with value: 0.29912666953259404 and parameters: {'window_influence': 0.25463314405374304, 'penalty_k': 0.03218786123862713, 'scale_lr': 0.42656943107718703}. Best is trial 32 with value: 0.38394216433573325.
checkpoint_e23 window_influence: 0.48778540710025875, penalty_k: 0.22698317807244392, scale_lr: 0.61092211392996953, EAO: 0.344
Trial 414 finished with value: 0.3440553605092639 and parameters: {'window_influence': 0.48778540710025875, 'penalty_k': 0.22698317807244392, 'scale_lr': 0.6109221139299695}. Best is trial 32 with value: 0.38394216433573325.
checkpoint_e23 window_influence: 0.05254540232766713, penalty_k: 0.28989380700240464, scale_lr: 0.39068732833951697, EAO: 0.215
Trial 415 finished with value: 0.21491035442176032 and parameters: {'window_influence': 0.052545402327667134, 'penalty_k': 0.28989380700240464, 'scale_lr': 0.39068732833951697}. Best is trial 32 with value: 0.38394216433573325.
checkpoint_e23 window_influence: 0.51566335312406741, penalty_k: 0.41781664405579416, scale_lr: 0.52636140082256611, EAO: 0.298
Trial 416 finished with value: 0.2981309450090163 and parameters: {'window_influence': 0.5156633531240674, 'penalty_k': 0.41781664405579416, 'scale_lr': 0.5263614008225661}. Best is trial 32 with value: 0.38394216433573325.
checkpoint_e23 window_influence: 0.48385360801019200, penalty_k: 0.17066199156956607, scale_lr: 0.57391059496828345, EAO: 0.332
Trial 417 finished with value: 0.3319131902451645 and parameters: {'window_influence': 0.483853608010192, 'penalty_k': 0.17066199156956607, 'scale_lr': 0.5739105949682834}. Best is trial 32 with value: 0.38394216433573325.
checkpoint_e23 window_influence: 0.50611624900774166, penalty_k: 0.03809989023557465, scale_lr: 0.41884364562244386, EAO: 0.348
Trial 418 finished with value: 0.34783703645379627 and parameters: {'window_influence': 0.5061162490077417, 'penalty_k': 0.03809989023557465, 'scale_lr': 0.41884364562244386}. Best is trial 32 with value: 0.38394216433573325.
checkpoint_e23 window_influence: 0.42445226505618761, penalty_k: 0.01941737853364600, scale_lr: 0.55509972601137003, EAO: 0.347
Trial 419 finished with value: 0.34693266700677833 and parameters: {'window_influence': 0.4244522650561876, 'penalty_k': 0.019417378533646005, 'scale_lr': 0.55509972601137}. Best is trial 32 with value: 0.38394216433573325.
checkpoint_e23 window_influence: 0.34829520210241144, penalty_k: 0.03911148421670908, scale_lr: 0.40303102873660596, EAO: 0.320
Trial 420 finished with value: 0.3204481317027534 and parameters: {'window_influence': 0.34829520210241144, 'penalty_k': 0.039111484216709076, 'scale_lr': 0.40303102873660596}. Best is trial 32 with value: 0.38394216433573325.
checkpoint_e23 window_influence: 0.53623102270285994, penalty_k: 0.01302468934470643, scale_lr: 0.51298739196969523, EAO: 0.321
Trial 421 finished with value: 0.32062191971313164 and parameters: {'window_influence': 0.5362310227028599, 'penalty_k': 0.013024689344706426, 'scale_lr': 0.5129873919696952}. Best is trial 32 with value: 0.38394216433573325.
checkpoint_e23 window_influence: 0.39268134243767261, penalty_k: 0.02207286678724756, scale_lr: 0.38040501315521208, EAO: 0.319
Trial 422 finished with value: 0.3190550071835982 and parameters: {'window_influence': 0.3926813424376726, 'penalty_k': 0.022072866787247562, 'scale_lr': 0.3804050131552121}. Best is trial 32 with value: 0.38394216433573325.
checkpoint_e23 window_influence: 0.08457417917107229, penalty_k: 0.19702766536218064, scale_lr: 0.42972934981917527, EAO: 0.236
Trial 423 finished with value: 0.23565469473484424 and parameters: {'window_influence': 0.0845741791710723, 'penalty_k': 0.19702766536218064, 'scale_lr': 0.42972934981917527}. Best is trial 32 with value: 0.38394216433573325.
checkpoint_e23 window_influence: 0.29733938274869209, penalty_k: 0.10797765761214861, scale_lr: 0.40900156248970282, EAO: 0.315
Trial 424 finished with value: 0.31464194665855005 and parameters: {'window_influence': 0.2973393827486921, 'penalty_k': 0.10797765761214861, 'scale_lr': 0.4090015624897028}. Best is trial 32 with value: 0.38394216433573325.
checkpoint_e23 window_influence: 0.49330545979121099, penalty_k: 0.02996797678017641, scale_lr: 0.53887535960342736, EAO: 0.358
Trial 425 finished with value: 0.35807911118180835 and parameters: {'window_influence': 0.493305459791211, 'penalty_k': 0.029967976780176406, 'scale_lr': 0.5388753596034274}. Best is trial 32 with value: 0.38394216433573325.
checkpoint_e23 window_influence: 0.47879386363859544, penalty_k: 0.34581335325501589, scale_lr: 0.74762551909207897, EAO: 0.330
Trial 426 finished with value: 0.33022497762501934 and parameters: {'window_influence': 0.47879386363859544, 'penalty_k': 0.3458133532550159, 'scale_lr': 0.747625519092079}. Best is trial 32 with value: 0.38394216433573325.
checkpoint_e23 window_influence: 0.55739056426606259, penalty_k: 0.00098721361430485, scale_lr: 0.39274609675071126, EAO: 0.304
Trial 427 finished with value: 0.30430657483260454 and parameters: {'window_influence': 0.5573905642660626, 'penalty_k': 0.000987213614304849, 'scale_lr': 0.39274609675071126}. Best is trial 32 with value: 0.38394216433573325.
checkpoint_e23 window_influence: 0.45930074513066710, penalty_k: 0.04305294213651115, scale_lr: 0.37443121354501147, EAO: 0.352
Trial 428 finished with value: 0.35216798891353235 and parameters: {'window_influence': 0.4593007451306671, 'penalty_k': 0.043052942136511146, 'scale_lr': 0.37443121354501147}. Best is trial 32 with value: 0.38394216433573325.
checkpoint_e23 window_influence: 0.49036705696051813, penalty_k: 0.01328929249108054, scale_lr: 0.49948121004784313, EAO: 0.349
Trial 429 finished with value: 0.34942473523347756 and parameters: {'window_influence': 0.49036705696051813, 'penalty_k': 0.013289292491080542, 'scale_lr': 0.4994812100478431}. Best is trial 32 with value: 0.38394216433573325.
checkpoint_e23 window_influence: 0.56737066686698578, penalty_k: 0.24432605761330978, scale_lr: 0.43691735211541832, EAO: 0.284
Trial 430 finished with value: 0.28383925991995324 and parameters: {'window_influence': 0.5673706668669858, 'penalty_k': 0.24432605761330978, 'scale_lr': 0.4369173521154183}. Best is trial 32 with value: 0.38394216433573325.
checkpoint_e23 window_influence: 0.51767037810784389, penalty_k: 0.02943030968233585, scale_lr: 0.41758038352653015, EAO: 0.348
Trial 431 finished with value: 0.3476857022320714 and parameters: {'window_influence': 0.5176703781078439, 'penalty_k': 0.029430309682335846, 'scale_lr': 0.41758038352653015}. Best is trial 32 with value: 0.38394216433573325.
checkpoint_e23 window_influence: 0.47351180416183647, penalty_k: 0.19166429383132633, scale_lr: 0.39348880639842432, EAO: 0.341
Trial 432 finished with value: 0.3410285435298074 and parameters: {'window_influence': 0.47351180416183647, 'penalty_k': 0.19166429383132633, 'scale_lr': 0.3934888063984243}. Best is trial 32 with value: 0.38394216433573325.
checkpoint_e23 window_influence: 0.50417825255979054, penalty_k: 0.13054177768669950, scale_lr: 0.36406883372230869, EAO: 0.353
Trial 433 finished with value: 0.3534979501355019 and parameters: {'window_influence': 0.5041782525597905, 'penalty_k': 0.1305417776866995, 'scale_lr': 0.3640688337223087}. Best is trial 32 with value: 0.38394216433573325.
checkpoint_e23 window_influence: 0.44775121322345046, penalty_k: 0.00026389498319398, scale_lr: 0.44924033916258754, EAO: 0.347
