Trial 1914 finished with value: 0.2309976154612196 and parameters: {'window_influence': 0.647343781236084, 'penalty_k': 0.08353311580546907, 'scale_lr': 0.7058033471943254}. Best is trial 1270 with value: 0.3623636909959845.
checkpoint_e22 window_influence: 0.41449077430756592, penalty_k: 0.15172425032487369, scale_lr: 0.31744156168859461, EAO: 0.320
Trial 1915 finished with value: 0.3197906653936735 and parameters: {'window_influence': 0.4144907743075659, 'penalty_k': 0.1517242503248737, 'scale_lr': 0.3174415616885946}. Best is trial 1270 with value: 0.3623636909959845.
checkpoint_e22 window_influence: 0.20733722067043531, penalty_k: 0.11991442066721762, scale_lr: 0.44579195981167874, EAO: 0.282
Trial 1916 finished with value: 0.2823034143401491 and parameters: {'window_influence': 0.2073372206704353, 'penalty_k': 0.11991442066721762, 'scale_lr': 0.44579195981167874}. Best is trial 1270 with value: 0.3623636909959845.
checkpoint_e22 window_influence: 0.49899352049191165, penalty_k: 0.02240022665527377, scale_lr: 0.24616921936863673, EAO: 0.319
Trial 1917 finished with value: 0.31905791975180925 and parameters: {'window_influence': 0.49899352049191165, 'penalty_k': 0.02240022665527377, 'scale_lr': 0.24616921936863673}. Best is trial 1270 with value: 0.3623636909959845.
checkpoint_e22 window_influence: 0.46228404598199563, penalty_k: 0.10256371834060121, scale_lr: 0.52795085688437693, EAO: 0.329
Trial 1918 finished with value: 0.3292488610002317 and parameters: {'window_influence': 0.46228404598199563, 'penalty_k': 0.10256371834060121, 'scale_lr': 0.5279508568843769}. Best is trial 1270 with value: 0.3623636909959845.
checkpoint_e22 window_influence: 0.32163215790175437, penalty_k: 0.16599916688088784, scale_lr: 0.12452024626972663, EAO: 0.297
Trial 1919 finished with value: 0.29680203991409404 and parameters: {'window_influence': 0.32163215790175437, 'penalty_k': 0.16599916688088784, 'scale_lr': 0.12452024626972663}. Best is trial 1270 with value: 0.3623636909959845.
checkpoint_e22 window_influence: 0.48107167018471014, penalty_k: 0.30375669747090522, scale_lr: 0.79311123028569575, EAO: 0.301
Trial 1920 finished with value: 0.30084856295168166 and parameters: {'window_influence': 0.48107167018471014, 'penalty_k': 0.3037566974709052, 'scale_lr': 0.7931112302856957}. Best is trial 1270 with value: 0.3623636909959845.
checkpoint_e22 window_influence: 0.14136681441726151, penalty_k: 0.58412333631772173, scale_lr: 0.26642833031815699, EAO: 0.244
Trial 1921 finished with value: 0.2444873711362423 and parameters: {'window_influence': 0.1413668144172615, 'penalty_k': 0.5841233363177217, 'scale_lr': 0.266428330318157}. Best is trial 1270 with value: 0.3623636909959845.
checkpoint_e22 window_influence: 0.47261816757811892, penalty_k: 0.01117905716442441, scale_lr: 0.31850851015994819, EAO: 0.331
Trial 1922 finished with value: 0.33074310526309775 and parameters: {'window_influence': 0.4726181675781189, 'penalty_k': 0.011179057164424414, 'scale_lr': 0.3185085101599482}. Best is trial 1270 with value: 0.3623636909959845.
checkpoint_e22 window_influence: 0.23079097959956030, penalty_k: 0.23421844802177849, scale_lr: 0.65400108866547746, EAO: 0.272
Trial 1923 finished with value: 0.27243413280420264 and parameters: {'window_influence': 0.2307909795995603, 'penalty_k': 0.2342184480217785, 'scale_lr': 0.6540010886654775}. Best is trial 1270 with value: 0.3623636909959845.
checkpoint_e22 window_influence: 0.49444362413836579, penalty_k: 0.38970396052277578, scale_lr: 0.54910294109677682, EAO: 0.312
Trial 1924 finished with value: 0.3116750831385995 and parameters: {'window_influence': 0.4944436241383658, 'penalty_k': 0.3897039605227758, 'scale_lr': 0.5491029410967768}. Best is trial 1270 with value: 0.3623636909959845.
checkpoint_e22 window_influence: 0.25475798315202347, penalty_k: 0.51903928112338182, scale_lr: 0.59130969141199841, EAO: 0.275
Trial 1925 finished with value: 0.27482827204906524 and parameters: {'window_influence': 0.25475798315202347, 'penalty_k': 0.5190392811233818, 'scale_lr': 0.5913096914119984}. Best is trial 1270 with value: 0.3623636909959845.
checkpoint_e22 window_influence: 0.39789285099746041, penalty_k: 0.38551973341051926, scale_lr: 0.40887849775855106, EAO: 0.295
Trial 1926 finished with value: 0.2952131650443207 and parameters: {'window_influence': 0.3978928509974604, 'penalty_k': 0.38551973341051926, 'scale_lr': 0.40887849775855106}. Best is trial 1270 with value: 0.3623636909959845.
checkpoint_e22 window_influence: 0.51065569324195659, penalty_k: 0.09187808866226337, scale_lr: 0.63542636298106192, EAO: 0.314
Trial 1927 finished with value: 0.31443255223652733 and parameters: {'window_influence': 0.5106556932419566, 'penalty_k': 0.09187808866226337, 'scale_lr': 0.6354263629810619}. Best is trial 1270 with value: 0.3623636909959845.
checkpoint_e22 window_influence: 0.56187351532705410, penalty_k: 0.10890801322104512, scale_lr: 0.46061993529138945, EAO: 0.272
Trial 1928 finished with value: 0.2715835258190734 and parameters: {'window_influence': 0.5618735153270541, 'penalty_k': 0.10890801322104512, 'scale_lr': 0.46061993529138945}. Best is trial 1270 with value: 0.3623636909959845.
checkpoint_e22 window_influence: 0.45793349979804626, penalty_k: 0.51353041455447257, scale_lr: 0.50083766667776564, EAO: 0.322
Trial 1929 finished with value: 0.32158546143932565 and parameters: {'window_influence': 0.45793349979804626, 'penalty_k': 0.5135304145544726, 'scale_lr': 0.5008376666777656}. Best is trial 1270 with value: 0.3623636909959845.
checkpoint_e22 window_influence: 0.48504136724274111, penalty_k: 0.36428463423918611, scale_lr: 0.19980928816637566, EAO: 0.306
Trial 1930 finished with value: 0.30599462794654564 and parameters: {'window_influence': 0.4850413672427411, 'penalty_k': 0.3642846342391861, 'scale_lr': 0.19980928816637566}. Best is trial 1270 with value: 0.3623636909959845.
checkpoint_e22 window_influence: 0.51933849896039208, penalty_k: 0.13490132290687223, scale_lr: 0.29358985194531695, EAO: 0.321
Trial 1931 finished with value: 0.320916946238117 and parameters: {'window_influence': 0.5193384989603921, 'penalty_k': 0.13490132290687223, 'scale_lr': 0.29358985194531695}. Best is trial 1270 with value: 0.3623636909959845.
checkpoint_e22 window_influence: 0.47002013652192065, penalty_k: 0.04622209201852880, scale_lr: 0.43570895024250028, EAO: 0.331
Trial 1932 finished with value: 0.33053181972717033 and parameters: {'window_influence': 0.47002013652192065, 'penalty_k': 0.046222092018528796, 'scale_lr': 0.4357089502425003}. Best is trial 1270 with value: 0.3623636909959845.
checkpoint_e22 window_influence: 0.50333601147562224, penalty_k: 0.02943222947070734, scale_lr: 0.67544886237585233, EAO: 0.304
Trial 1933 finished with value: 0.30441897736449186 and parameters: {'window_influence': 0.5033360114756222, 'penalty_k': 0.029432229470707342, 'scale_lr': 0.6754488623758523}. Best is trial 1270 with value: 0.3623636909959845.
checkpoint_e22 window_influence: 0.31268667937970496, penalty_k: 0.55297120591571014, scale_lr: 0.74473547179124533, EAO: 0.282
Trial 1934 finished with value: 0.28160087949802903 and parameters: {'window_influence': 0.31268667937970496, 'penalty_k': 0.5529712059157101, 'scale_lr': 0.7447354717912453}. Best is trial 1270 with value: 0.3623636909959845.
checkpoint_e22 window_influence: 0.57896473421715788, penalty_k: 0.41798848279628936, scale_lr: 0.47352800021309838, EAO: 0.241
Trial 1935 finished with value: 0.2411052366059114 and parameters: {'window_influence': 0.5789647342171579, 'penalty_k': 0.41798848279628936, 'scale_lr': 0.4735280002130984}. Best is trial 1270 with value: 0.3623636909959845.
checkpoint_e22 window_influence: 0.53715644068073432, penalty_k: 0.06172296981211341, scale_lr: 0.60037878751407103, EAO: 0.294
Trial 1936 finished with value: 0.29441970047551835 and parameters: {'window_influence': 0.5371564406807343, 'penalty_k': 0.061722969812113414, 'scale_lr': 0.600378787514071}. Best is trial 1270 with value: 0.3623636909959845.
checkpoint_e22 window_influence: 0.38560569059546840, penalty_k: 0.47482504480199295, scale_lr: 0.51737225226695760, EAO: 0.293
Trial 1937 finished with value: 0.2927623777306034 and parameters: {'window_influence': 0.3856056905954684, 'penalty_k': 0.47482504480199295, 'scale_lr': 0.5173722522669576}. Best is trial 1270 with value: 0.3623636909959845.
checkpoint_e22 window_influence: 0.44932359960544122, penalty_k: 0.00005156734778133, scale_lr: 0.33377645882553481, EAO: 0.338
Trial 1938 finished with value: 0.3376220921598056 and parameters: {'window_influence': 0.4493235996054412, 'penalty_k': 5.15673477813252e-05, 'scale_lr': 0.3337764588255348}. Best is trial 1270 with value: 0.3623636909959845.
checkpoint_e22 window_influence: 0.49048927460518904, penalty_k: 0.51694419936807934, scale_lr: 0.31119280858046056, EAO: 0.299
Trial 1939 finished with value: 0.29920934361010676 and parameters: {'window_influence': 0.49048927460518904, 'penalty_k': 0.5169441993680793, 'scale_lr': 0.31119280858046056}. Best is trial 1270 with value: 0.3623636909959845.
checkpoint_e22 window_influence: 0.61998502878057427, penalty_k: 0.12304618433515563, scale_lr: 0.57432591734612126, EAO: 0.247
Trial 1940 finished with value: 0.24726360926136431 and parameters: {'window_influence': 0.6199850287805743, 'penalty_k': 0.12304618433515563, 'scale_lr': 0.5743259173461213}. Best is trial 1270 with value: 0.3623636909959845.
checkpoint_e22 window_influence: 0.21774779007286868, penalty_k: 0.18590541744445890, scale_lr: 0.61376278815049945, EAO: 0.255
Trial 1941 finished with value: 0.25513416175016634 and parameters: {'window_influence': 0.21774779007286868, 'penalty_k': 0.1859054174444589, 'scale_lr': 0.6137627881504994}. Best is trial 1270 with value: 0.3623636909959845.
checkpoint_e22 window_influence: 0.47547862030369736, penalty_k: 0.08423859432036708, scale_lr: 0.19496188274621190, EAO: 0.348
Trial 1942 finished with value: 0.3479144196334052 and parameters: {'window_influence': 0.47547862030369736, 'penalty_k': 0.08423859432036708, 'scale_lr': 0.1949618827462119}. Best is trial 1270 with value: 0.3623636909959845.
checkpoint_e22 window_influence: 0.08330007744379375, penalty_k: 0.25077042713612402, scale_lr: 0.42033335460402982, EAO: 0.253
Trial 1943 finished with value: 0.25265309759614996 and parameters: {'window_influence': 0.08330007744379375, 'penalty_k': 0.250770427136124, 'scale_lr': 0.4203333546040298}. Best is trial 1270 with value: 0.3623636909959845.
checkpoint_e22 window_influence: 0.29067603113008550, penalty_k: 0.48378068651792844, scale_lr: 0.27570597614994241, EAO: 0.273
Trial 1944 finished with value: 0.2733149485597351 and parameters: {'window_influence': 0.2906760311300855, 'penalty_k': 0.48378068651792844, 'scale_lr': 0.2757059761499424}. Best is trial 1270 with value: 0.3623636909959845.
checkpoint_e22 window_influence: 0.36976442739643123, penalty_k: 0.55175154656651038, scale_lr: 0.18116479026838342, EAO: 0.292
Trial 1945 finished with value: 0.29179472038486126 and parameters: {'window_influence': 0.36976442739643123, 'penalty_k': 0.5517515465665104, 'scale_lr': 0.18116479026838342}. Best is trial 1270 with value: 0.3623636909959845.
checkpoint_e22 window_influence: 0.46011617568642665, penalty_k: 0.01945634796508171, scale_lr: 0.53357606440325234, EAO: 0.347
Trial 1946 finished with value: 0.34681894830228754 and parameters: {'window_influence': 0.46011617568642665, 'penalty_k': 0.019456347965081708, 'scale_lr': 0.5335760644032523}. Best is trial 1270 with value: 0.3623636909959845.
checkpoint_e22 window_influence: 0.27920378039494559, penalty_k: 0.11460524258580246, scale_lr: 0.39437745142515152, EAO: 0.288
Trial 1947 finished with value: 0.28768810554469143 and parameters: {'window_influence': 0.2792037803949456, 'penalty_k': 0.11460524258580246, 'scale_lr': 0.3943774514251515}. Best is trial 1270 with value: 0.3623636909959845.
checkpoint_e22 window_influence: 0.33959238266920444, penalty_k: 0.07384583605228839, scale_lr: 0.48677225398611873, EAO: 0.292
Trial 1948 finished with value: 0.2920911148016555 and parameters: {'window_influence': 0.33959238266920444, 'penalty_k': 0.0738458360522884, 'scale_lr': 0.48677225398611873}. Best is trial 1270 with value: 0.3623636909959845.
checkpoint_e22 window_influence: 0.23850585919878498, penalty_k: 0.22788458160888109, scale_lr: 0.56063277472718931, EAO: 0.264
Trial 1949 finished with value: 0.26427930819617174 and parameters: {'window_influence': 0.23850585919878498, 'penalty_k': 0.2278845816088811, 'scale_lr': 0.5606327747271893}. Best is trial 1270 with value: 0.3623636909959845.
checkpoint_e22 window_influence: 0.25058734266668103, penalty_k: 0.05044371269562891, scale_lr: 0.64413763386275746, EAO: 0.292
Trial 1950 finished with value: 0.29234496130089815 and parameters: {'window_influence': 0.25058734266668103, 'penalty_k': 0.05044371269562891, 'scale_lr': 0.6441376338627575}. Best is trial 1270 with value: 0.3623636909959845.
checkpoint_e22 window_influence: 0.16848383342807402, penalty_k: 0.27173535331658133, scale_lr: 0.29142344684909077, EAO: 0.290
Trial 1951 finished with value: 0.28963859060395086 and parameters: {'window_influence': 0.16848383342807402, 'penalty_k': 0.27173535331658133, 'scale_lr': 0.2914234468490908}. Best is trial 1270 with value: 0.3623636909959845.
checkpoint_e22 window_influence: 0.10555027563705163, penalty_k: 0.10028143535671045, scale_lr: 0.32697303328273686, EAO: 0.252
Trial 1952 finished with value: 0.25183128429294094 and parameters: {'window_influence': 0.10555027563705163, 'penalty_k': 0.10028143535671045, 'scale_lr': 0.32697303328273686}. Best is trial 1270 with value: 0.3623636909959845.
checkpoint_e22 window_influence: 0.43543579154502537, penalty_k: 0.57187832515474257, scale_lr: 0.45820718835800461, EAO: 0.304
Trial 1953 finished with value: 0.30432669163214093 and parameters: {'window_influence': 0.4354357915450254, 'penalty_k': 0.5718783251547426, 'scale_lr': 0.4582071883580046}. Best is trial 1270 with value: 0.3623636909959845.
checkpoint_e22 window_influence: 0.56959040444216136, penalty_k: 0.15526376686564938, scale_lr: 0.71631170469964001, EAO: 0.260
Trial 1954 finished with value: 0.2598246235096037 and parameters: {'window_influence': 0.5695904044421614, 'penalty_k': 0.15526376686564938, 'scale_lr': 0.71631170469964}. Best is trial 1270 with value: 0.3623636909959845.
checkpoint_e22 window_influence: 0.48200527313150221, penalty_k: 0.03120442027961709, scale_lr: 0.76250573159200752, EAO: 0.327
Trial 1955 finished with value: 0.32702341849701877 and parameters: {'window_influence': 0.4820052731315022, 'penalty_k': 0.03120442027961709, 'scale_lr': 0.7625057315920075}. Best is trial 1270 with value: 0.3623636909959845.
checkpoint_e22 window_influence: 0.49620213273540509, penalty_k: 0.43046751011380263, scale_lr: 0.61903200910316303, EAO: 0.300
Trial 1956 finished with value: 0.2998731369406333 and parameters: {'window_influence': 0.4962021327354051, 'penalty_k': 0.43046751011380263, 'scale_lr': 0.619032009103163}. Best is trial 1270 with value: 0.3623636909959845.
checkpoint_e22 window_influence: 0.41414478319447595, penalty_k: 0.13203590696186832, scale_lr: 0.30399961194385444, EAO: 0.319
Trial 1957 finished with value: 0.3190905287687881 and parameters: {'window_influence': 0.41414478319447595, 'penalty_k': 0.13203590696186832, 'scale_lr': 0.30399961194385444}. Best is trial 1270 with value: 0.3623636909959845.
checkpoint_e22 window_influence: 0.46576031299402865, penalty_k: 0.09129594792063972, scale_lr: 0.24121182744466846, EAO: 0.317
Trial 1958 finished with value: 0.3170628055988119 and parameters: {'window_influence': 0.46576031299402865, 'penalty_k': 0.09129594792063972, 'scale_lr': 0.24121182744466846}. Best is trial 1270 with value: 0.3623636909959845.
checkpoint_e22 window_influence: 0.50927627238503914, penalty_k: 0.49716634143937033, scale_lr: 0.26525340208378395, EAO: 0.287
Trial 1959 finished with value: 0.2874773711198035 and parameters: {'window_influence': 0.5092762723850391, 'penalty_k': 0.49716634143937033, 'scale_lr': 0.26525340208378395}. Best is trial 1270 with value: 0.3623636909959845.
checkpoint_e22 window_influence: 0.19771296087374987, penalty_k: 0.00950699781882985, scale_lr: 0.59973166825040103, EAO: 0.273
Trial 1960 finished with value: 0.27323696857992313 and parameters: {'window_influence': 0.19771296087374987, 'penalty_k': 0.009506997818829847, 'scale_lr': 0.599731668250401}. Best is trial 1270 with value: 0.3623636909959845.
checkpoint_e22 window_influence: 0.45195299994622534, penalty_k: 0.11311723045792300, scale_lr: 0.13658055796839930, EAO: 0.311
Trial 1961 finished with value: 0.3112396291721656 and parameters: {'window_influence': 0.45195299994622534, 'penalty_k': 0.113117230457923, 'scale_lr': 0.1365805579683993}. Best is trial 1270 with value: 0.3623636909959845.
checkpoint_e22 window_influence: 0.40161212812394848, penalty_k: 0.28659653317214751, scale_lr: 0.77819811322200727, EAO: 0.312
Trial 1962 finished with value: 0.3121996950430629 and parameters: {'window_influence': 0.4016121281239485, 'penalty_k': 0.2865965331721475, 'scale_lr': 0.7781981132220073}. Best is trial 1270 with value: 0.3623636909959845.
checkpoint_e22 window_influence: 0.47608508128263088, penalty_k: 0.06609133141682529, scale_lr: 0.73081262788929580, EAO: 0.323
Trial 1963 finished with value: 0.3226773861201357 and parameters: {'window_influence': 0.4760850812826309, 'penalty_k': 0.06609133141682529, 'scale_lr': 0.7308126278892958}. Best is trial 1270 with value: 0.3623636909959845.
checkpoint_e22 window_influence: 0.52584237513260668, penalty_k: 0.14374643659138150, scale_lr: 0.66884539792440456, EAO: 0.288
Trial 1964 finished with value: 0.2884373481055642 and parameters: {'window_influence': 0.5258423751326067, 'penalty_k': 0.1437464365913815, 'scale_lr': 0.6688453979244046}. Best is trial 1270 with value: 0.3623636909959845.
checkpoint_e22 window_influence: 0.49507757230247473, penalty_k: 0.03912040969415755, scale_lr: 0.68972025889823607, EAO: 0.329
Trial 1965 finished with value: 0.3294432544754637 and parameters: {'window_influence': 0.49507757230247473, 'penalty_k': 0.039120409694157546, 'scale_lr': 0.6897202588982361}. Best is trial 1270 with value: 0.3623636909959845.
checkpoint_e22 window_influence: 0.34206663315594521, penalty_k: 0.08123138673045108, scale_lr: 0.50940175855725967, EAO: 0.283
Trial 1966 finished with value: 0.28265668567748387 and parameters: {'window_influence': 0.3420666331559452, 'penalty_k': 0.08123138673045108, 'scale_lr': 0.5094017585572597}. Best is trial 1270 with value: 0.3623636909959845.
checkpoint_e22 window_influence: 0.42520614683800140, penalty_k: 0.22054551231417063, scale_lr: 0.22618101871187626, EAO: 0.294
Trial 1967 finished with value: 0.2940365827501052 and parameters: {'window_influence': 0.4252061468380014, 'penalty_k': 0.22054551231417063, 'scale_lr': 0.22618101871187626}. Best is trial 1270 with value: 0.3623636909959845.
checkpoint_e22 window_influence: 0.58417022277356223, penalty_k: 0.12459201904390571, scale_lr: 0.58631472406441543, EAO: 0.274
Trial 1968 finished with value: 0.2741861810712035 and parameters: {'window_influence': 0.5841702227735622, 'penalty_k': 0.12459201904390571, 'scale_lr': 0.5863147240644154}. Best is trial 1270 with value: 0.3623636909959845.
checkpoint_e22 window_influence: 0.55147670499527091, penalty_k: 0.00007586172785952, scale_lr: 0.49518370211209772, EAO: 0.317
Trial 1969 finished with value: 0.31696762028603237 and parameters: {'window_influence': 0.5514767049952709, 'penalty_k': 7.586172785952264e-05, 'scale_lr': 0.4951837021120977}. Best is trial 1270 with value: 0.3623636909959845.
checkpoint_e22 window_influence: 0.48456432432567770, penalty_k: 0.32134933779603247, scale_lr: 0.34099896055937734, EAO: 0.302
Trial 1970 finished with value: 0.3020928971150506 and parameters: {'window_influence': 0.4845643243256777, 'penalty_k': 0.3213493377960325, 'scale_lr': 0.34099896055937734}. Best is trial 1270 with value: 0.3623636909959845.
checkpoint_e22 window_influence: 0.46580580536285110, penalty_k: 0.19242970081036226, scale_lr: 0.54686089455412790, EAO: 0.306
Trial 1971 finished with value: 0.3057974578109697 and parameters: {'window_influence': 0.4658058053628511, 'penalty_k': 0.19242970081036226, 'scale_lr': 0.5468608945541279}. Best is trial 1270 with value: 0.3623636909959845.
checkpoint_e22 window_influence: 0.12764297921183770, penalty_k: 0.10319570379027479, scale_lr: 0.44690782517090649, EAO: 0.250
Trial 1972 finished with value: 0.2501250183072072 and parameters: {'window_influence': 0.1276429792118377, 'penalty_k': 0.10319570379027479, 'scale_lr': 0.4469078251709065}. Best is trial 1270 with value: 0.3623636909959845.
checkpoint_e22 window_influence: 0.44263747699785061, penalty_k: 0.35115811542056069, scale_lr: 0.31481771905667233, EAO: 0.300
Trial 1973 finished with value: 0.3000218157406447 and parameters: {'window_influence': 0.4426374769978506, 'penalty_k': 0.3511581154205607, 'scale_lr': 0.31481771905667233}. Best is trial 1270 with value: 0.3623636909959845.
checkpoint_e22 window_influence: 0.15139798516325267, penalty_k: 0.02275451765117840, scale_lr: 0.47575296926078053, EAO: 0.266
Trial 1974 finished with value: 0.26593000572247266 and parameters: {'window_influence': 0.15139798516325267, 'penalty_k': 0.0227545176511784, 'scale_lr': 0.47575296926078053}. Best is trial 1270 with value: 0.3623636909959845.
checkpoint_e22 window_influence: 0.50583059490029558, penalty_k: 0.01060601166911101, scale_lr: 0.62897480454623478, EAO: 0.329
