Trial 1116 finished with value: 0.28870790790954914 and parameters: {'window_influence': 0.18091827649226655, 'penalty_k': 0.02231644755261384, 'scale_lr': 0.2378772572890405}. Best is trial 62 with value: 0.3726749919963718.
checkpoint_e29 window_influence: 0.37364053110263412, penalty_k: 0.06790855459380418, scale_lr: 0.72831488789898646, EAO: 0.316
Trial 1117 finished with value: 0.3157920820007992 and parameters: {'window_influence': 0.3736405311026341, 'penalty_k': 0.06790855459380418, 'scale_lr': 0.7283148878989865}. Best is trial 62 with value: 0.3726749919963718.
checkpoint_e29 window_influence: 0.50452094776578538, penalty_k: 0.04292547908837496, scale_lr: 0.26620274115011022, EAO: 0.333
Trial 1118 finished with value: 0.33257328014429444 and parameters: {'window_influence': 0.5045209477657854, 'penalty_k': 0.042925479088374956, 'scale_lr': 0.2662027411501102}. Best is trial 62 with value: 0.3726749919963718.
checkpoint_e29 window_influence: 0.55375599817887911, penalty_k: 0.10691174384530649, scale_lr: 0.22428638414545962, EAO: 0.313
Trial 1119 finished with value: 0.3131344987492617 and parameters: {'window_influence': 0.5537559981788791, 'penalty_k': 0.1069117438453065, 'scale_lr': 0.22428638414545962}. Best is trial 62 with value: 0.3726749919963718.
checkpoint_e29 window_influence: 0.40108533971730531, penalty_k: 0.05676110284631503, scale_lr: 0.46040300893147718, EAO: 0.338
Trial 1120 finished with value: 0.33750416031143543 and parameters: {'window_influence': 0.4010853397173053, 'penalty_k': 0.05676110284631503, 'scale_lr': 0.4604030089314772}. Best is trial 62 with value: 0.3726749919963718.
checkpoint_e29 window_influence: 0.51714702573525451, penalty_k: 0.37930310370838249, scale_lr: 0.15599220461760110, EAO: 0.312
Trial 1121 finished with value: 0.3120651627213111 and parameters: {'window_influence': 0.5171470257352545, 'penalty_k': 0.3793031037083825, 'scale_lr': 0.1559922046176011}. Best is trial 62 with value: 0.3726749919963718.
checkpoint_e29 window_influence: 0.09107504755829043, penalty_k: 0.29161542565781939, scale_lr: 0.28958190436838510, EAO: 0.244
Trial 1122 finished with value: 0.24357561778697523 and parameters: {'window_influence': 0.09107504755829043, 'penalty_k': 0.2916154256578194, 'scale_lr': 0.2895819043683851}. Best is trial 62 with value: 0.3726749919963718.
checkpoint_e29 window_influence: 0.48089179648907315, penalty_k: 0.14460414896513962, scale_lr: 0.18820559619844859, EAO: 0.334
Trial 1123 finished with value: 0.3342175476745873 and parameters: {'window_influence': 0.48089179648907315, 'penalty_k': 0.14460414896513962, 'scale_lr': 0.1882055961984486}. Best is trial 62 with value: 0.3726749919963718.
checkpoint_e29 window_influence: 0.45792809104185184, penalty_k: 0.40865903057305397, scale_lr: 0.53177732107615350, EAO: 0.343
Trial 1124 finished with value: 0.3425435445883859 and parameters: {'window_influence': 0.45792809104185184, 'penalty_k': 0.40865903057305397, 'scale_lr': 0.5317773210761535}. Best is trial 62 with value: 0.3726749919963718.
checkpoint_e29 window_influence: 0.43061976292819826, penalty_k: 0.01034383002287152, scale_lr: 0.12834117125989666, EAO: 0.334
Trial 1125 finished with value: 0.3341381626950164 and parameters: {'window_influence': 0.43061976292819826, 'penalty_k': 0.01034383002287152, 'scale_lr': 0.12834117125989666}. Best is trial 62 with value: 0.3726749919963718.
checkpoint_e29 window_influence: 0.35615486295355503, penalty_k: 0.09304286858577947, scale_lr: 0.30615788161565338, EAO: 0.324
Trial 1126 finished with value: 0.3239143091880858 and parameters: {'window_influence': 0.35615486295355503, 'penalty_k': 0.09304286858577947, 'scale_lr': 0.3061578816156534}. Best is trial 62 with value: 0.3726749919963718.
checkpoint_e29 window_influence: 0.29297462829706805, penalty_k: 0.07705443625435260, scale_lr: 0.50988901023504296, EAO: 0.302
Trial 1127 finished with value: 0.3024324891284282 and parameters: {'window_influence': 0.29297462829706805, 'penalty_k': 0.0770544362543526, 'scale_lr': 0.509889010235043}. Best is trial 62 with value: 0.3726749919963718.
checkpoint_e29 window_influence: 0.12154126063220719, penalty_k: 0.12424579933426563, scale_lr: 0.39892621294719904, EAO: 0.257
Trial 1128 finished with value: 0.2574152182860133 and parameters: {'window_influence': 0.12154126063220719, 'penalty_k': 0.12424579933426563, 'scale_lr': 0.39892621294719904}. Best is trial 62 with value: 0.3726749919963718.
checkpoint_e29 window_influence: 0.17390659184916371, penalty_k: 0.03204565931014846, scale_lr: 0.36426598623527340, EAO: 0.287
Trial 1129 finished with value: 0.2873154684379407 and parameters: {'window_influence': 0.1739065918491637, 'penalty_k': 0.03204565931014846, 'scale_lr': 0.3642659862352734}. Best is trial 62 with value: 0.3726749919963718.
checkpoint_e29 window_influence: 0.60086124364955151, penalty_k: 0.53592910552135176, scale_lr: 0.61156262409701934, EAO: 0.244
Trial 1130 finished with value: 0.24402056367712727 and parameters: {'window_influence': 0.6008612436495515, 'penalty_k': 0.5359291055213518, 'scale_lr': 0.6115626240970193}. Best is trial 62 with value: 0.3726749919963718.
checkpoint_e29 window_influence: 0.62671771411652322, penalty_k: 0.44716622092915936, scale_lr: 0.48518607924105478, EAO: 0.225
Trial 1131 finished with value: 0.22519234912868605 and parameters: {'window_influence': 0.6267177141165232, 'penalty_k': 0.44716622092915936, 'scale_lr': 0.4851860792410548}. Best is trial 62 with value: 0.3726749919963718.
checkpoint_e29 window_influence: 0.49321884372517677, penalty_k: 0.06184649222788582, scale_lr: 0.42305345487009172, EAO: 0.350
Trial 1132 finished with value: 0.3503476130823217 and parameters: {'window_influence': 0.49321884372517677, 'penalty_k': 0.06184649222788582, 'scale_lr': 0.4230534548700917}. Best is trial 62 with value: 0.3726749919963718.
checkpoint_e29 window_influence: 0.63733004711376218, penalty_k: 0.04754779234069895, scale_lr: 0.24616316493975871, EAO: 0.245
Trial 1133 finished with value: 0.24509943905739467 and parameters: {'window_influence': 0.6373300471137622, 'penalty_k': 0.04754779234069895, 'scale_lr': 0.2461631649397587}. Best is trial 62 with value: 0.3726749919963718.
checkpoint_e29 window_influence: 0.20286570587628344, penalty_k: 0.22002874403338410, scale_lr: 0.55532696760852152, EAO: 0.295
Trial 1134 finished with value: 0.2954396667531492 and parameters: {'window_influence': 0.20286570587628344, 'penalty_k': 0.2200287440333841, 'scale_lr': 0.5553269676085215}. Best is trial 62 with value: 0.3726749919963718.
checkpoint_e29 window_influence: 0.50657147873281205, penalty_k: 0.08875337627161063, scale_lr: 0.45675218454793881, EAO: 0.337
Trial 1135 finished with value: 0.3365626105538602 and parameters: {'window_influence': 0.506571478732812, 'penalty_k': 0.08875337627161063, 'scale_lr': 0.4567521845479388}. Best is trial 62 with value: 0.3726749919963718.
checkpoint_e29 window_influence: 0.19174398354721611, penalty_k: 0.07307707624327943, scale_lr: 0.57965268479677656, EAO: 0.289
Trial 1136 finished with value: 0.28878941384039036 and parameters: {'window_influence': 0.1917439835472161, 'penalty_k': 0.07307707624327943, 'scale_lr': 0.5796526847967766}. Best is trial 62 with value: 0.3726749919963718.
checkpoint_e29 window_influence: 0.20997436086639035, penalty_k: 0.11231237591259535, scale_lr: 0.62872230731613354, EAO: 0.290
Trial 1137 finished with value: 0.28958374777888507 and parameters: {'window_influence': 0.20997436086639035, 'penalty_k': 0.11231237591259535, 'scale_lr': 0.6287223073161335}. Best is trial 62 with value: 0.3726749919963718.
checkpoint_e29 window_influence: 0.47269630906417032, penalty_k: 0.10135760937626292, scale_lr: 0.19916754514480567, EAO: 0.329
Trial 1138 finished with value: 0.3292761904836165 and parameters: {'window_influence': 0.4726963090641703, 'penalty_k': 0.10135760937626292, 'scale_lr': 0.19916754514480567}. Best is trial 62 with value: 0.3726749919963718.
checkpoint_e29 window_influence: 0.24587141949303182, penalty_k: 0.03866330072801943, scale_lr: 0.13846088815179908, EAO: 0.282
Trial 1139 finished with value: 0.28172295427507926 and parameters: {'window_influence': 0.24587141949303182, 'penalty_k': 0.038663300728019434, 'scale_lr': 0.13846088815179908}. Best is trial 62 with value: 0.3726749919963718.
checkpoint_e29 window_influence: 0.52363757037120751, penalty_k: 0.13013392782451405, scale_lr: 0.21677275950466257, EAO: 0.321
Trial 1140 finished with value: 0.3211577556128632 and parameters: {'window_influence': 0.5236375703712075, 'penalty_k': 0.13013392782451405, 'scale_lr': 0.21677275950466257}. Best is trial 62 with value: 0.3726749919963718.
checkpoint_e29 window_influence: 0.49621587139387063, penalty_k: 0.17858973062999153, scale_lr: 0.47375893475753439, EAO: 0.359
Trial 1141 finished with value: 0.35945084227198293 and parameters: {'window_influence': 0.49621587139387063, 'penalty_k': 0.17858973062999153, 'scale_lr': 0.4737589347575344}. Best is trial 62 with value: 0.3726749919963718.
checkpoint_e29 window_influence: 0.44799080768463123, penalty_k: 0.17365534350051456, scale_lr: 0.11409150351915935, EAO: 0.333
Trial 1142 finished with value: 0.3331375452562993 and parameters: {'window_influence': 0.44799080768463123, 'penalty_k': 0.17365534350051456, 'scale_lr': 0.11409150351915935}. Best is trial 62 with value: 0.3726749919963718.
checkpoint_e29 window_influence: 0.49358384643243924, penalty_k: 0.21086044596185413, scale_lr: 0.48590177769585846, EAO: 0.336
Trial 1143 finished with value: 0.33591753696653165 and parameters: {'window_influence': 0.49358384643243924, 'penalty_k': 0.21086044596185413, 'scale_lr': 0.48590177769585846}. Best is trial 62 with value: 0.3726749919963718.
checkpoint_e29 window_influence: 0.47945896751381667, penalty_k: 0.18160849451550840, scale_lr: 0.47195386391191851, EAO: 0.324
Trial 1144 finished with value: 0.3241218116264863 and parameters: {'window_influence': 0.47945896751381667, 'penalty_k': 0.1816084945155084, 'scale_lr': 0.4719538639119185}. Best is trial 62 with value: 0.3726749919963718.
checkpoint_e29 window_influence: 0.46663232770718499, penalty_k: 0.18319170642637045, scale_lr: 0.49300913472394864, EAO: 0.338
Trial 1145 finished with value: 0.3376540956794056 and parameters: {'window_influence': 0.466632327707185, 'penalty_k': 0.18319170642637045, 'scale_lr': 0.49300913472394864}. Best is trial 62 with value: 0.3726749919963718.
checkpoint_e29 window_influence: 0.58902234078691496, penalty_k: 0.15994809924113176, scale_lr: 0.49992870059815986, EAO: 0.272
Trial 1146 finished with value: 0.27156446972709686 and parameters: {'window_influence': 0.589022340786915, 'penalty_k': 0.15994809924113176, 'scale_lr': 0.49992870059815986}. Best is trial 62 with value: 0.3726749919963718.
checkpoint_e29 window_influence: 0.50562311124100534, penalty_k: 0.13971140061026183, scale_lr: 0.54503846221181429, EAO: 0.317
Trial 1147 finished with value: 0.3165736031439518 and parameters: {'window_influence': 0.5056231112410053, 'penalty_k': 0.13971140061026183, 'scale_lr': 0.5450384622118143}. Best is trial 62 with value: 0.3726749919963718.
checkpoint_e29 window_influence: 0.49089496755424233, penalty_k: 0.16518209174439041, scale_lr: 0.77383150707890902, EAO: 0.325
Trial 1148 finished with value: 0.3247947516608331 and parameters: {'window_influence': 0.49089496755424233, 'penalty_k': 0.1651820917443904, 'scale_lr': 0.773831507078909}. Best is trial 62 with value: 0.3726749919963718.
checkpoint_e29 window_influence: 0.45738282521135043, penalty_k: 0.16695000268331492, scale_lr: 0.47425562398638693, EAO: 0.307
Trial 1149 finished with value: 0.3073797655592633 and parameters: {'window_influence': 0.45738282521135043, 'penalty_k': 0.16695000268331492, 'scale_lr': 0.47425562398638693}. Best is trial 62 with value: 0.3726749919963718.
checkpoint_e29 window_influence: 0.47849143569993902, penalty_k: 0.15213252312184164, scale_lr: 0.50843331708497852, EAO: 0.346
Trial 1150 finished with value: 0.34626980699917687 and parameters: {'window_influence': 0.478491435699939, 'penalty_k': 0.15213252312184164, 'scale_lr': 0.5084333170849785}. Best is trial 62 with value: 0.3726749919963718.
checkpoint_e29 window_influence: 0.49893823828767841, penalty_k: 0.01704142274116366, scale_lr: 0.23208992581122825, EAO: 0.327
Trial 1151 finished with value: 0.32678340926244565 and parameters: {'window_influence': 0.4989382382876784, 'penalty_k': 0.01704142274116366, 'scale_lr': 0.23208992581122825}. Best is trial 62 with value: 0.3726749919963718.
checkpoint_e29 window_influence: 0.38117853826916898, penalty_k: 0.14410418909473532, scale_lr: 0.52100102963051764, EAO: 0.317
Trial 1152 finished with value: 0.3170100855804139 and parameters: {'window_influence': 0.381178538269169, 'penalty_k': 0.14410418909473532, 'scale_lr': 0.5210010296305176}. Best is trial 62 with value: 0.3726749919963718.
checkpoint_e29 window_influence: 0.51408755382604099, penalty_k: 0.30026889918902216, scale_lr: 0.25124298721915428, EAO: 0.317
Trial 1153 finished with value: 0.31744592947022926 and parameters: {'window_influence': 0.514087553826041, 'penalty_k': 0.30026889918902216, 'scale_lr': 0.2512429872191543}. Best is trial 62 with value: 0.3726749919963718.
checkpoint_e29 window_influence: 0.39573119908296839, penalty_k: 0.15487455902012975, scale_lr: 0.47431456025022989, EAO: 0.340
Trial 1154 finished with value: 0.34035009945876865 and parameters: {'window_influence': 0.3957311990829684, 'penalty_k': 0.15487455902012975, 'scale_lr': 0.4743145602502299}. Best is trial 62 with value: 0.3726749919963718.
checkpoint_e29 window_influence: 0.53713439793674134, penalty_k: 0.19510955441006295, scale_lr: 0.17695059361047738, EAO: 0.316
Trial 1155 finished with value: 0.315898203084441 and parameters: {'window_influence': 0.5371343979367413, 'penalty_k': 0.19510955441006295, 'scale_lr': 0.17695059361047738}. Best is trial 62 with value: 0.3726749919963718.
checkpoint_e29 window_influence: 0.30873228200473113, penalty_k: 0.02785713547527852, scale_lr: 0.69115578299826130, EAO: 0.318
Trial 1156 finished with value: 0.3177359226496767 and parameters: {'window_influence': 0.30873228200473113, 'penalty_k': 0.02785713547527852, 'scale_lr': 0.6911557829982613}. Best is trial 62 with value: 0.3726749919963718.
checkpoint_e29 window_influence: 0.44334046561712070, penalty_k: 0.18704158109463373, scale_lr: 0.46056790220871269, EAO: 0.329
Trial 1157 finished with value: 0.3285988730447302 and parameters: {'window_influence': 0.4433404656171207, 'penalty_k': 0.18704158109463373, 'scale_lr': 0.4605679022087127}. Best is trial 62 with value: 0.3726749919963718.
checkpoint_e29 window_influence: 0.42161654210431115, penalty_k: 0.11700020641807374, scale_lr: 0.15693827553042336, EAO: 0.330
Trial 1158 finished with value: 0.3302701278535309 and parameters: {'window_influence': 0.42161654210431115, 'penalty_k': 0.11700020641807374, 'scale_lr': 0.15693827553042336}. Best is trial 62 with value: 0.3726749919963718.
checkpoint_e29 window_influence: 0.48316208308024744, penalty_k: 0.05604946677092206, scale_lr: 0.53381894276983277, EAO: 0.333
Trial 1159 finished with value: 0.33349760914591037 and parameters: {'window_influence': 0.48316208308024744, 'penalty_k': 0.05604946677092206, 'scale_lr': 0.5338189427698328}. Best is trial 62 with value: 0.3726749919963718.
checkpoint_e29 window_influence: 0.46648096808711775, penalty_k: 0.20436525786327803, scale_lr: 0.56804901485176951, EAO: 0.339
Trial 1160 finished with value: 0.339213541045727 and parameters: {'window_influence': 0.46648096808711775, 'penalty_k': 0.20436525786327803, 'scale_lr': 0.5680490148517695}. Best is trial 62 with value: 0.3726749919963718.
checkpoint_e29 window_influence: 0.50984639583910041, penalty_k: 0.19542268575602997, scale_lr: 0.48552354649710233, EAO: 0.328
Trial 1161 finished with value: 0.32774114487004186 and parameters: {'window_influence': 0.5098463958391004, 'penalty_k': 0.19542268575602997, 'scale_lr': 0.48552354649710233}. Best is trial 62 with value: 0.3726749919963718.
checkpoint_e29 window_influence: 0.49605239595284228, penalty_k: 0.41831977776952795, scale_lr: 0.60057894294025782, EAO: 0.306
Trial 1162 finished with value: 0.3059473485914186 and parameters: {'window_influence': 0.4960523959528423, 'penalty_k': 0.41831977776952795, 'scale_lr': 0.6005789429402578}. Best is trial 62 with value: 0.3726749919963718.
checkpoint_e29 window_influence: 0.06781554325314854, penalty_k: 0.18182500996721584, scale_lr: 0.32315828658643209, EAO: 0.245
Trial 1163 finished with value: 0.24468025768081503 and parameters: {'window_influence': 0.06781554325314854, 'penalty_k': 0.18182500996721584, 'scale_lr': 0.3231582865864321}. Best is trial 62 with value: 0.3726749919963718.
checkpoint_e29 window_influence: 0.52248054861202009, penalty_k: 0.30907781159212933, scale_lr: 0.67488659244727323, EAO: 0.309
Trial 1164 finished with value: 0.30904203908452726 and parameters: {'window_influence': 0.5224805486120201, 'penalty_k': 0.3090778115921293, 'scale_lr': 0.6748865924472732}. Best is trial 62 with value: 0.3726749919963718.
checkpoint_e29 window_influence: 0.14966808710328156, penalty_k: 0.17621617466469344, scale_lr: 0.26752550544209602, EAO: 0.263
Trial 1165 finished with value: 0.26337269551559184 and parameters: {'window_influence': 0.14966808710328156, 'penalty_k': 0.17621617466469344, 'scale_lr': 0.267525505442096}. Best is trial 62 with value: 0.3726749919963718.
checkpoint_e29 window_influence: 0.23350424126872055, penalty_k: 0.23596737452201572, scale_lr: 0.58543967116913453, EAO: 0.304
Trial 1166 finished with value: 0.30409293444935914 and parameters: {'window_influence': 0.23350424126872055, 'penalty_k': 0.23596737452201572, 'scale_lr': 0.5854396711691345}. Best is trial 62 with value: 0.3726749919963718.
checkpoint_e29 window_influence: 0.36845629354744658, penalty_k: 0.45783953103686281, scale_lr: 0.64443268795290831, EAO: 0.312
Trial 1167 finished with value: 0.31208742354862423 and parameters: {'window_influence': 0.3684562935474466, 'penalty_k': 0.4578395310368628, 'scale_lr': 0.6444326879529083}. Best is trial 62 with value: 0.3726749919963718.
checkpoint_e29 window_influence: 0.48497229204503461, penalty_k: 0.57166660961865867, scale_lr: 0.44948106756301093, EAO: 0.322
Trial 1168 finished with value: 0.32181905610088246 and parameters: {'window_influence': 0.4849722920450346, 'penalty_k': 0.5716666096186587, 'scale_lr': 0.4494810675630109}. Best is trial 62 with value: 0.3726749919963718.
checkpoint_e29 window_influence: 0.32732505180022758, penalty_k: 0.36411451378265969, scale_lr: 0.19997392428315389, EAO: 0.311
Trial 1169 finished with value: 0.31062233314671867 and parameters: {'window_influence': 0.3273250518002276, 'penalty_k': 0.3641145137826597, 'scale_lr': 0.1999739242831539}. Best is trial 62 with value: 0.3726749919963718.
checkpoint_e29 window_influence: 0.49947693909079244, penalty_k: 0.34920749225678943, scale_lr: 0.21341678746227832, EAO: 0.333
Trial 1170 finished with value: 0.3325825045428851 and parameters: {'window_influence': 0.49947693909079244, 'penalty_k': 0.34920749225678943, 'scale_lr': 0.21341678746227832}. Best is trial 62 with value: 0.3726749919963718.
checkpoint_e29 window_influence: 0.34602832275934398, penalty_k: 0.26189319657838989, scale_lr: 0.76575115176585995, EAO: 0.329
Trial 1171 finished with value: 0.32863345556685897 and parameters: {'window_influence': 0.346028322759344, 'penalty_k': 0.2618931965783899, 'scale_lr': 0.76575115176586}. Best is trial 62 with value: 0.3726749919963718.
checkpoint_e29 window_influence: 0.43177111253310946, penalty_k: 0.15221373398330454, scale_lr: 0.14568091402616493, EAO: 0.347
Trial 1172 finished with value: 0.34708756324382145 and parameters: {'window_influence': 0.43177111253310946, 'penalty_k': 0.15221373398330454, 'scale_lr': 0.14568091402616493}. Best is trial 62 with value: 0.3726749919963718.
checkpoint_e29 window_influence: 0.45401546058995879, penalty_k: 0.00013394047575145, scale_lr: 0.51517949276075548, EAO: 0.315
Trial 1173 finished with value: 0.3149579936196368 and parameters: {'window_influence': 0.4540154605899588, 'penalty_k': 0.00013394047575145118, 'scale_lr': 0.5151794927607555}. Best is trial 62 with value: 0.3726749919963718.
checkpoint_e29 window_influence: 0.46986120209754612, penalty_k: 0.10219678847030537, scale_lr: 0.34108224620372013, EAO: 0.308
Trial 1174 finished with value: 0.3077479989380224 and parameters: {'window_influence': 0.4698612020975461, 'penalty_k': 0.10219678847030537, 'scale_lr': 0.34108224620372013}. Best is trial 62 with value: 0.3726749919963718.
checkpoint_e29 window_influence: 0.55581174970324931, penalty_k: 0.22552721705874101, scale_lr: 0.24096223537627301, EAO: 0.299
Trial 1175 finished with value: 0.29949971447890833 and parameters: {'window_influence': 0.5558117497032493, 'penalty_k': 0.22552721705874101, 'scale_lr': 0.240962235376273}. Best is trial 62 with value: 0.3726749919963718.
checkpoint_e29 window_influence: 0.51290485096271465, penalty_k: 0.58839730421956682, scale_lr: 0.46625720781534247, EAO: 0.308
Trial 1176 finished with value: 0.3083907405226147 and parameters: {'window_influence': 0.5129048509627147, 'penalty_k': 0.5883973042195668, 'scale_lr': 0.46625720781534247}. Best is trial 62 with value: 0.3726749919963718.
checkpoint_e29 window_influence: 0.53393372929561334, penalty_k: 0.04346332639361486, scale_lr: 0.56144124649750549, EAO: 0.302
Trial 1177 finished with value: 0.3020401581947906 and parameters: {'window_influence': 0.5339337292956133, 'penalty_k': 0.04346332639361486, 'scale_lr': 0.5614412464975055}. Best is trial 62 with value: 0.3726749919963718.
checkpoint_e29 window_influence: 0.49268593974309616, penalty_k: 0.48326798417204497, scale_lr: 0.66574724124634310, EAO: 0.326
