A new study created in memory with name: no-name-cbfdef9e-76f0-4633-81fe-6ae3a09ba37f
checkpoint_e36 window_influence: 0.29521073241085827, penalty_k: 0.23727883538971836, scale_lr: 0.75320530094257521, EAO: 0.291
Trial 0 finished with value: 0.2911693598741687 and parameters: {'window_influence': 0.29521073241085827, 'penalty_k': 0.23727883538971836, 'scale_lr': 0.7532053009425752}. Best is trial 0 with value: 0.2911693598741687.
checkpoint_e36 window_influence: 0.37482087603150727, penalty_k: 0.56112805925598574, scale_lr: 0.32756384031754626, EAO: 0.288
Trial 1 finished with value: 0.2878382319606232 and parameters: {'window_influence': 0.37482087603150727, 'penalty_k': 0.5611280592559857, 'scale_lr': 0.32756384031754626}. Best is trial 0 with value: 0.2911693598741687.
checkpoint_e36 window_influence: 0.25242535430287255, penalty_k: 0.49575416970400343, scale_lr: 0.26948745712402167, EAO: 0.282
Trial 2 finished with value: 0.28205587161190315 and parameters: {'window_influence': 0.25242535430287255, 'penalty_k': 0.49575416970400343, 'scale_lr': 0.26948745712402167}. Best is trial 0 with value: 0.2911693598741687.
checkpoint_e36 window_influence: 0.20911026234038310, penalty_k: 0.49387432355671579, scale_lr: 0.43300711042924900, EAO: 0.280
Trial 3 finished with value: 0.2801086294975726 and parameters: {'window_influence': 0.2091102623403831, 'penalty_k': 0.4938743235567158, 'scale_lr': 0.433007110429249}. Best is trial 0 with value: 0.2911693598741687.
checkpoint_e36 window_influence: 0.30009107534913670, penalty_k: 0.33700910126954370, scale_lr: 0.24903397127748039, EAO: 0.280
Trial 4 finished with value: 0.2802095465970874 and parameters: {'window_influence': 0.3000910753491367, 'penalty_k': 0.3370091012695437, 'scale_lr': 0.2490339712774804}. Best is trial 0 with value: 0.2911693598741687.
checkpoint_e36 window_influence: 0.54230745884307885, penalty_k: 0.42721817029871167, scale_lr: 0.18955133335780527, EAO: 0.283
Trial 5 finished with value: 0.28251601210596033 and parameters: {'window_influence': 0.5423074588430788, 'penalty_k': 0.4272181702987117, 'scale_lr': 0.18955133335780527}. Best is trial 0 with value: 0.2911693598741687.
checkpoint_e36 window_influence: 0.64225439377810223, penalty_k: 0.14576646210843383, scale_lr: 0.43378088103718737, EAO: 0.244
Trial 6 finished with value: 0.24404248798171835 and parameters: {'window_influence': 0.6422543937781022, 'penalty_k': 0.14576646210843383, 'scale_lr': 0.43378088103718737}. Best is trial 0 with value: 0.2911693598741687.
checkpoint_e36 window_influence: 0.24100092618442370, penalty_k: 0.21348584648000385, scale_lr: 0.24110319735658345, EAO: 0.304
Trial 7 finished with value: 0.3035357214713375 and parameters: {'window_influence': 0.2410009261844237, 'penalty_k': 0.21348584648000385, 'scale_lr': 0.24110319735658345}. Best is trial 7 with value: 0.3035357214713375.
checkpoint_e36 window_influence: 0.21351038775631681, penalty_k: 0.33708314560328928, scale_lr: 0.27224941540977821, EAO: 0.273
Trial 8 finished with value: 0.273155854137955 and parameters: {'window_influence': 0.2135103877563168, 'penalty_k': 0.3370831456032893, 'scale_lr': 0.2722494154097782}. Best is trial 7 with value: 0.3035357214713375.
checkpoint_e36 window_influence: 0.52069990112356157, penalty_k: 0.37154927275281674, scale_lr: 0.34788470726391024, EAO: 0.320
Trial 9 finished with value: 0.3199653150622483 and parameters: {'window_influence': 0.5206999011235616, 'penalty_k': 0.37154927275281674, 'scale_lr': 0.34788470726391024}. Best is trial 9 with value: 0.3199653150622483.
checkpoint_e36 window_influence: 0.07509175093686310, penalty_k: 0.04366505384365471, scale_lr: 0.58465423036494957, EAO: 0.256
Trial 10 finished with value: 0.25615554114492023 and parameters: {'window_influence': 0.0750917509368631, 'penalty_k': 0.04366505384365471, 'scale_lr': 0.5846542303649496}. Best is trial 9 with value: 0.3199653150622483.
checkpoint_e36 window_influence: 0.42328023523064245, penalty_k: 0.23126571336686466, scale_lr: 0.14161013689091040, EAO: 0.314
Trial 11 finished with value: 0.3142363755503517 and parameters: {'window_influence': 0.42328023523064245, 'penalty_k': 0.23126571336686466, 'scale_lr': 0.1416101368909104}. Best is trial 9 with value: 0.3199653150622483.
checkpoint_e36 window_influence: 0.46064805838284029, penalty_k: 0.35509820802846920, scale_lr: 0.10724654560199096, EAO: 0.315
Trial 12 finished with value: 0.3153520213142907 and parameters: {'window_influence': 0.4606480583828403, 'penalty_k': 0.3550982080284692, 'scale_lr': 0.10724654560199096}. Best is trial 9 with value: 0.3199653150622483.
checkpoint_e36 window_influence: 0.49694721091219235, penalty_k: 0.38644506775780130, scale_lr: 0.10109359426947104, EAO: 0.294
Trial 13 finished with value: 0.2936330393594527 and parameters: {'window_influence': 0.49694721091219235, 'penalty_k': 0.3864450677578013, 'scale_lr': 0.10109359426947104}. Best is trial 9 with value: 0.3199653150622483.
checkpoint_e36 window_influence: 0.46772893439768187, penalty_k: 0.40451519303649719, scale_lr: 0.34970309865861438, EAO: 0.323
Trial 14 finished with value: 0.3230674539326694 and parameters: {'window_influence': 0.4677289343976819, 'penalty_k': 0.4045151930364972, 'scale_lr': 0.3497030986586144}. Best is trial 14 with value: 0.3230674539326694.
checkpoint_e36 window_influence: 0.55916827434329719, penalty_k: 0.44813669303074444, scale_lr: 0.36984927923070515, EAO: 0.282
Trial 15 finished with value: 0.2822594812523994 and parameters: {'window_influence': 0.5591682743432972, 'penalty_k': 0.44813669303074444, 'scale_lr': 0.36984927923070515}. Best is trial 14 with value: 0.3230674539326694.
checkpoint_e36 window_influence: 0.39815765565431049, penalty_k: 0.59878755089283509, scale_lr: 0.47930823371728687, EAO: 0.293
Trial 16 finished with value: 0.29294683763953033 and parameters: {'window_influence': 0.3981576556543105, 'penalty_k': 0.5987875508928351, 'scale_lr': 0.47930823371728687}. Best is trial 14 with value: 0.3230674539326694.
checkpoint_e36 window_influence: 0.47862268362484295, penalty_k: 0.41203153234248763, scale_lr: 0.34795046155664122, EAO: 0.302
Trial 17 finished with value: 0.30191750911423204 and parameters: {'window_influence': 0.47862268362484295, 'penalty_k': 0.4120315323424876, 'scale_lr': 0.3479504615566412}. Best is trial 14 with value: 0.3230674539326694.
checkpoint_e36 window_influence: 0.63852194799993134, penalty_k: 0.27176093700076925, scale_lr: 0.52153230433537534, EAO: 0.249
Trial 18 finished with value: 0.24906742816305347 and parameters: {'window_influence': 0.6385219479999313, 'penalty_k': 0.27176093700076925, 'scale_lr': 0.5215323043353753}. Best is trial 14 with value: 0.3230674539326694.
checkpoint_e36 window_influence: 0.56015747167888152, penalty_k: 0.28814093328850804, scale_lr: 0.36697607269183208, EAO: 0.297
Trial 19 finished with value: 0.2967906991447456 and parameters: {'window_influence': 0.5601574716788815, 'penalty_k': 0.28814093328850804, 'scale_lr': 0.3669760726918321}. Best is trial 14 with value: 0.3230674539326694.
checkpoint_e36 window_influence: 0.42966773037168143, penalty_k: 0.34960813130087620, scale_lr: 0.18774313464229703, EAO: 0.289
Trial 20 finished with value: 0.2892215021737355 and parameters: {'window_influence': 0.42966773037168143, 'penalty_k': 0.3496081313008762, 'scale_lr': 0.18774313464229703}. Best is trial 14 with value: 0.3230674539326694.
checkpoint_e36 window_influence: 0.46241048948507302, penalty_k: 0.37589850293774157, scale_lr: 0.16461193768652563, EAO: 0.327
Trial 21 finished with value: 0.3268765696987568 and parameters: {'window_influence': 0.462410489485073, 'penalty_k': 0.3758985029377416, 'scale_lr': 0.16461193768652563}. Best is trial 21 with value: 0.3268765696987568.
checkpoint_e36 window_influence: 0.49557913643446910, penalty_k: 0.40294898597179435, scale_lr: 0.30837343178919957, EAO: 0.299
Trial 22 finished with value: 0.2993549723105672 and parameters: {'window_influence': 0.4955791364344691, 'penalty_k': 0.40294898597179435, 'scale_lr': 0.30837343178919957}. Best is trial 21 with value: 0.3268765696987568.
checkpoint_e36 window_influence: 0.37208820567988821, penalty_k: 0.47271014961476776, scale_lr: 0.18207089512731522, EAO: 0.294
Trial 23 finished with value: 0.29367609008972745 and parameters: {'window_influence': 0.3720882056798882, 'penalty_k': 0.47271014961476776, 'scale_lr': 0.18207089512731522}. Best is trial 21 with value: 0.3268765696987568.
checkpoint_e36 window_influence: 0.43934067115612768, penalty_k: 0.38202635560264342, scale_lr: 0.39080384645365285, EAO: 0.308
Trial 24 finished with value: 0.3081061087461761 and parameters: {'window_influence': 0.4393406711561277, 'penalty_k': 0.3820263556026434, 'scale_lr': 0.39080384645365285}. Best is trial 21 with value: 0.3268765696987568.
checkpoint_e36 window_influence: 0.52570194382196811, penalty_k: 0.30840193092040319, scale_lr: 0.31369413979664673, EAO: 0.311
Trial 25 finished with value: 0.31075935315065345 and parameters: {'window_influence': 0.5257019438219681, 'penalty_k': 0.3084019309204032, 'scale_lr': 0.31369413979664673}. Best is trial 21 with value: 0.3268765696987568.
checkpoint_e36 window_influence: 0.59709324240323358, penalty_k: 0.44979867090403053, scale_lr: 0.21611091415556716, EAO: 0.246
Trial 26 finished with value: 0.24552254396189976 and parameters: {'window_influence': 0.5970932424032336, 'penalty_k': 0.44979867090403053, 'scale_lr': 0.21611091415556716}. Best is trial 21 with value: 0.3268765696987568.
checkpoint_e36 window_influence: 0.50236109738074763, penalty_k: 0.51236340770654087, scale_lr: 0.30059283672631731, EAO: 0.291
Trial 27 finished with value: 0.2908783937706558 and parameters: {'window_influence': 0.5023610973807476, 'penalty_k': 0.5123634077065409, 'scale_lr': 0.3005928367263173}. Best is trial 21 with value: 0.3268765696987568.
checkpoint_e36 window_influence: 0.46413249352804181, penalty_k: 0.38643242557385693, scale_lr: 0.15197292352264000, EAO: 0.310
Trial 28 finished with value: 0.30978437979861456 and parameters: {'window_influence': 0.4641324935280418, 'penalty_k': 0.38643242557385693, 'scale_lr': 0.15197292352264}. Best is trial 21 with value: 0.3268765696987568.
checkpoint_e36 window_influence: 0.58868535618874329, penalty_k: 0.44232839510733335, scale_lr: 0.22989428859135469, EAO: 0.274
Trial 29 finished with value: 0.27361569597099544 and parameters: {'window_influence': 0.5886853561887433, 'penalty_k': 0.44232839510733335, 'scale_lr': 0.2298942885913547}. Best is trial 21 with value: 0.3268765696987568.
checkpoint_e36 window_influence: 0.40964984880960803, penalty_k: 0.31295090973558759, scale_lr: 0.40120511199725728, EAO: 0.321
Trial 30 finished with value: 0.32054276068618787 and parameters: {'window_influence': 0.40964984880960803, 'penalty_k': 0.3129509097355876, 'scale_lr': 0.4012051119972573}. Best is trial 21 with value: 0.3268765696987568.
checkpoint_e36 window_influence: 0.39995052651929319, penalty_k: 0.31699453295831675, scale_lr: 0.40595558024899581, EAO: 0.315
Trial 31 finished with value: 0.31466045853924657 and parameters: {'window_influence': 0.3999505265192932, 'penalty_k': 0.31699453295831675, 'scale_lr': 0.4059555802489958}. Best is trial 21 with value: 0.3268765696987568.
checkpoint_e36 window_influence: 0.45180703531898647, penalty_k: 0.36938688091476579, scale_lr: 0.35262234095964778, EAO: 0.318
Trial 32 finished with value: 0.3177919128641544 and parameters: {'window_influence': 0.45180703531898647, 'penalty_k': 0.3693868809147658, 'scale_lr': 0.3526223409596478}. Best is trial 21 with value: 0.3268765696987568.
checkpoint_e36 window_influence: 0.34038382443957166, penalty_k: 0.27997711929473146, scale_lr: 0.28305072435741996, EAO: 0.301
Trial 33 finished with value: 0.30056758462686944 and parameters: {'window_influence': 0.34038382443957166, 'penalty_k': 0.27997711929473146, 'scale_lr': 0.28305072435741996}. Best is trial 21 with value: 0.3268765696987568.
checkpoint_e36 window_influence: 0.50151645709575998, penalty_k: 0.41491278191720404, scale_lr: 0.32716212026034108, EAO: 0.303
Trial 34 finished with value: 0.302678403919309 and parameters: {'window_influence': 0.50151645709576, 'penalty_k': 0.41491278191720404, 'scale_lr': 0.3271621202603411}. Best is trial 21 with value: 0.3268765696987568.
checkpoint_e36 window_influence: 0.34806466501539057, penalty_k: 0.51597667338559816, scale_lr: 0.47181131616950378, EAO: 0.290
Trial 35 finished with value: 0.29039564873689805 and parameters: {'window_influence': 0.3480646650153906, 'penalty_k': 0.5159766733855982, 'scale_lr': 0.4718113161695038}. Best is trial 21 with value: 0.3268765696987568.
checkpoint_e36 window_influence: 0.53012357099153840, penalty_k: 0.34394900181142840, scale_lr: 0.26590702827834622, EAO: 0.312
Trial 36 finished with value: 0.3117680292185179 and parameters: {'window_influence': 0.5301235709915384, 'penalty_k': 0.3439490018114284, 'scale_lr': 0.2659070282783462}. Best is trial 21 with value: 0.3268765696987568.
checkpoint_e36 window_influence: 0.41422804739849151, penalty_k: 0.47520480024467882, scale_lr: 0.40825001769057218, EAO: 0.313
Trial 37 finished with value: 0.31344678876233006 and parameters: {'window_influence': 0.4142280473984915, 'penalty_k': 0.4752048002446788, 'scale_lr': 0.4082500176905722}. Best is trial 21 with value: 0.3268765696987568.
checkpoint_e36 window_influence: 0.46208213269366194, penalty_k: 0.31505644891822071, scale_lr: 0.33428351474334150, EAO: 0.319
Trial 38 finished with value: 0.3189331203235263 and parameters: {'window_influence': 0.46208213269366194, 'penalty_k': 0.3150564489182207, 'scale_lr': 0.3342835147433415}. Best is trial 21 with value: 0.3268765696987568.
checkpoint_e36 window_influence: 0.37793589741858913, penalty_k: 0.26195056494909369, scale_lr: 0.23909038228937091, EAO: 0.285
Trial 39 finished with value: 0.2852544244161376 and parameters: {'window_influence': 0.37793589741858913, 'penalty_k': 0.2619505649490937, 'scale_lr': 0.2390903822893709}. Best is trial 21 with value: 0.3268765696987568.
checkpoint_e36 window_influence: 0.31008910708214610, penalty_k: 0.36807847303169317, scale_lr: 0.28163686619997635, EAO: 0.293
Trial 40 finished with value: 0.2934709910288859 and parameters: {'window_influence': 0.3100891070821461, 'penalty_k': 0.36807847303169317, 'scale_lr': 0.28163686619997635}. Best is trial 21 with value: 0.3268765696987568.
checkpoint_e36 window_influence: 0.44911730995739985, penalty_k: 0.31498087195602009, scale_lr: 0.34567947259240256, EAO: 0.309
Trial 41 finished with value: 0.30879133110612283 and parameters: {'window_influence': 0.44911730995739985, 'penalty_k': 0.3149808719560201, 'scale_lr': 0.34567947259240256}. Best is trial 21 with value: 0.3268765696987568.
checkpoint_e36 window_influence: 0.47577308405056240, penalty_k: 0.33150575847729646, scale_lr: 0.43431595871655904, EAO: 0.334
Trial 42 finished with value: 0.33427566243516793 and parameters: {'window_influence': 0.4757730840505624, 'penalty_k': 0.33150575847729646, 'scale_lr': 0.43431595871655904}. Best is trial 42 with value: 0.33427566243516793.
checkpoint_e36 window_influence: 0.42466549663725633, penalty_k: 0.41322367388956804, scale_lr: 0.43936152964549879, EAO: 0.324
Trial 43 finished with value: 0.3242557515546042 and parameters: {'window_influence': 0.42466549663725633, 'penalty_k': 0.41322367388956804, 'scale_lr': 0.4393615296454988}. Best is trial 42 with value: 0.33427566243516793.
checkpoint_e36 window_influence: 0.42128716072238720, penalty_k: 0.41686669805839160, scale_lr: 0.43448024661940043, EAO: 0.309
Trial 44 finished with value: 0.308891330189742 and parameters: {'window_influence': 0.4212871607223872, 'penalty_k': 0.4168666980583916, 'scale_lr': 0.43448024661940043}. Best is trial 42 with value: 0.33427566243516793.
checkpoint_e36 window_influence: 0.48211268229483378, penalty_k: 0.33593353752837113, scale_lr: 0.52256889177346622, EAO: 0.338
Trial 45 finished with value: 0.3376750825444084 and parameters: {'window_influence': 0.4821126822948338, 'penalty_k': 0.33593353752837113, 'scale_lr': 0.5225688917734662}. Best is trial 45 with value: 0.3376750825444084.
checkpoint_e36 window_influence: 0.46587197477047976, penalty_k: 0.33736256069024168, scale_lr: 0.54567229412476370, EAO: 0.329
Trial 46 finished with value: 0.3288709178045102 and parameters: {'window_influence': 0.46587197477047976, 'penalty_k': 0.3373625606902417, 'scale_lr': 0.5456722941247637}. Best is trial 45 with value: 0.3376750825444084.
checkpoint_e36 window_influence: 0.48200898154504473, penalty_k: 0.33798538083170993, scale_lr: 0.58035244235171968, EAO: 0.337
Trial 47 finished with value: 0.3365046253232177 and parameters: {'window_influence': 0.48200898154504473, 'penalty_k': 0.3379853808317099, 'scale_lr': 0.5803524423517197}. Best is trial 45 with value: 0.3376750825444084.
checkpoint_e36 window_influence: 0.48061406301951803, penalty_k: 0.33571663552841624, scale_lr: 0.61551646606748567, EAO: 0.351
Trial 48 finished with value: 0.35074094819187657 and parameters: {'window_influence': 0.48061406301951803, 'penalty_k': 0.33571663552841624, 'scale_lr': 0.6155164660674857}. Best is trial 48 with value: 0.35074094819187657.
checkpoint_e36 window_influence: 0.48413367873954499, penalty_k: 0.33650398046080271, scale_lr: 0.60864543850333597, EAO: 0.345
Trial 49 finished with value: 0.3451013084979373 and parameters: {'window_influence': 0.484133678739545, 'penalty_k': 0.3365039804608027, 'scale_lr': 0.608645438503336}. Best is trial 48 with value: 0.35074094819187657.
checkpoint_e36 window_influence: 0.49133167776472536, penalty_k: 0.24022375782306976, scale_lr: 0.62646884053034069, EAO: 0.348
Trial 50 finished with value: 0.3477167001262249 and parameters: {'window_influence': 0.49133167776472536, 'penalty_k': 0.24022375782306976, 'scale_lr': 0.6264688405303407}. Best is trial 48 with value: 0.35074094819187657.
checkpoint_e36 window_influence: 0.48831619081295763, penalty_k: 0.24734866741955835, scale_lr: 0.62991621309618884, EAO: 0.345
Trial 51 finished with value: 0.3448792524374876 and parameters: {'window_influence': 0.48831619081295763, 'penalty_k': 0.24734866741955835, 'scale_lr': 0.6299162130961888}. Best is trial 48 with value: 0.35074094819187657.
checkpoint_e36 window_influence: 0.51582470489674681, penalty_k: 0.24437464478506271, scale_lr: 0.63296390162099003, EAO: 0.326
Trial 52 finished with value: 0.3262358525847647 and parameters: {'window_influence': 0.5158247048967468, 'penalty_k': 0.2443746447850627, 'scale_lr': 0.63296390162099}. Best is trial 48 with value: 0.35074094819187657.
checkpoint_e36 window_influence: 0.53929459824040782, penalty_k: 0.19617722005160643, scale_lr: 0.64096481552908924, EAO: 0.320
Trial 53 finished with value: 0.3197986919012515 and parameters: {'window_influence': 0.5392945982404078, 'penalty_k': 0.19617722005160643, 'scale_lr': 0.6409648155290892}. Best is trial 48 with value: 0.35074094819187657.
checkpoint_e36 window_influence: 0.48606750018814793, penalty_k: 0.29015942997402977, scale_lr: 0.63631454499146023, EAO: 0.331
Trial 54 finished with value: 0.33083196198893894 and parameters: {'window_influence': 0.4860675001881479, 'penalty_k': 0.29015942997402977, 'scale_lr': 0.6363145449914602}. Best is trial 48 with value: 0.35074094819187657.
checkpoint_e36 window_influence: 0.49303026185922549, penalty_k: 0.24827330952285556, scale_lr: 0.68843259334082285, EAO: 0.319
Trial 55 finished with value: 0.3186677493126012 and parameters: {'window_influence': 0.4930302618592255, 'penalty_k': 0.24827330952285556, 'scale_lr': 0.6884325933408229}. Best is trial 48 with value: 0.35074094819187657.
checkpoint_e36 window_influence: 0.51717148414766667, penalty_k: 0.21567931873597673, scale_lr: 0.58428359020514153, EAO: 0.324
Trial 56 finished with value: 0.32431567967633795 and parameters: {'window_influence': 0.5171714841476667, 'penalty_k': 0.21567931873597673, 'scale_lr': 0.5842835902051415}. Best is trial 48 with value: 0.35074094819187657.
checkpoint_e36 window_influence: 0.54674055041648928, penalty_k: 0.29160642872007836, scale_lr: 0.59094786811253019, EAO: 0.306
Trial 57 finished with value: 0.3056588640240844 and parameters: {'window_influence': 0.5467405504164893, 'penalty_k': 0.29160642872007836, 'scale_lr': 0.5909478681125302}. Best is trial 48 with value: 0.35074094819187657.
checkpoint_e36 window_influence: 0.43355225382777224, penalty_k: 0.26410054701712171, scale_lr: 0.69912242681477721, EAO: 0.317
Trial 58 finished with value: 0.31741775264999744 and parameters: {'window_influence': 0.43355225382777224, 'penalty_k': 0.2641005470171217, 'scale_lr': 0.6991224268147772}. Best is trial 48 with value: 0.35074094819187657.
checkpoint_e36 window_influence: 0.48212327379137765, penalty_k: 0.27704979993335593, scale_lr: 0.53669031999871486, EAO: 0.338
Trial 59 finished with value: 0.33841534660484074 and parameters: {'window_influence': 0.48212327379137765, 'penalty_k': 0.27704979993335593, 'scale_lr': 0.5366903199987149}. Best is trial 48 with value: 0.35074094819187657.
checkpoint_e36 window_influence: 0.56077060830377889, penalty_k: 0.18793751975465245, scale_lr: 0.52095265738291752, EAO: 0.305
Trial 60 finished with value: 0.3050716217273868 and parameters: {'window_influence': 0.5607706083037789, 'penalty_k': 0.18793751975465245, 'scale_lr': 0.5209526573829175}. Best is trial 48 with value: 0.35074094819187657.
checkpoint_e36 window_influence: 0.48951934536965602, penalty_k: 0.29187530119455196, scale_lr: 0.55938206690245018, EAO: 0.311
Trial 61 finished with value: 0.310608943264772 and parameters: {'window_influence': 0.489519345369656, 'penalty_k': 0.29187530119455196, 'scale_lr': 0.5593820669024502}. Best is trial 48 with value: 0.35074094819187657.
checkpoint_e36 window_influence: 0.51161514351497195, penalty_k: 0.35304257493289160, scale_lr: 0.61036745613830778, EAO: 0.304
