Trial 1832 finished with value: 0.35929344229197224 and parameters: {'window_influence': 0.5093175691892319, 'penalty_k': 0.07711272920427084, 'scale_lr': 0.5287505816595439}. Best is trial 1674 with value: 0.38142600678748195.
checkpoint_e33 window_influence: 0.49638957688193552, penalty_k: 0.06409401534928336, scale_lr: 0.53490164042348654, EAO: 0.336
Trial 1833 finished with value: 0.33649355138322257 and parameters: {'window_influence': 0.4963895768819355, 'penalty_k': 0.06409401534928336, 'scale_lr': 0.5349016404234865}. Best is trial 1674 with value: 0.38142600678748195.
checkpoint_e33 window_influence: 0.51137521492280369, penalty_k: 0.08697936356902951, scale_lr: 0.51794176381231405, EAO: 0.352
Trial 1834 finished with value: 0.3524105263591277 and parameters: {'window_influence': 0.5113752149228037, 'penalty_k': 0.08697936356902951, 'scale_lr': 0.517941763812314}. Best is trial 1674 with value: 0.38142600678748195.
checkpoint_e33 window_influence: 0.52071858613428401, penalty_k: 0.06861052961503371, scale_lr: 0.56253751205048308, EAO: 0.316
Trial 1835 finished with value: 0.31558898439203253 and parameters: {'window_influence': 0.520718586134284, 'penalty_k': 0.06861052961503371, 'scale_lr': 0.5625375120504831}. Best is trial 1674 with value: 0.38142600678748195.
checkpoint_e33 window_influence: 0.49381476874213975, penalty_k: 0.05545356174608696, scale_lr: 0.13757122901425972, EAO: 0.351
Trial 1836 finished with value: 0.3512070432943129 and parameters: {'window_influence': 0.49381476874213975, 'penalty_k': 0.05545356174608696, 'scale_lr': 0.13757122901425972}. Best is trial 1674 with value: 0.38142600678748195.
checkpoint_e33 window_influence: 0.50154606825524906, penalty_k: 0.07268177100066377, scale_lr: 0.53859315144445230, EAO: 0.354
Trial 1837 finished with value: 0.3538845258000296 and parameters: {'window_influence': 0.5015460682552491, 'penalty_k': 0.07268177100066377, 'scale_lr': 0.5385931514444523}. Best is trial 1674 with value: 0.38142600678748195.
checkpoint_e33 window_influence: 0.48756581401827526, penalty_k: 0.04664607432926671, scale_lr: 0.51066105664702444, EAO: 0.341
Trial 1838 finished with value: 0.34071950817386465 and parameters: {'window_influence': 0.48756581401827526, 'penalty_k': 0.04664607432926671, 'scale_lr': 0.5106610566470244}. Best is trial 1674 with value: 0.38142600678748195.
checkpoint_e33 window_influence: 0.53641306874954431, penalty_k: 0.08388079835985236, scale_lr: 0.53071073679432990, EAO: 0.314
Trial 1839 finished with value: 0.3144465087104864 and parameters: {'window_influence': 0.5364130687495443, 'penalty_k': 0.08388079835985236, 'scale_lr': 0.5307107367943299}. Best is trial 1674 with value: 0.38142600678748195.
checkpoint_e33 window_influence: 0.51483474967400034, penalty_k: 0.06411181421770858, scale_lr: 0.55151913092644667, EAO: 0.337
Trial 1840 finished with value: 0.3369650729435427 and parameters: {'window_influence': 0.5148347496740003, 'penalty_k': 0.06411181421770858, 'scale_lr': 0.5515191309264467}. Best is trial 1674 with value: 0.38142600678748195.
checkpoint_e33 window_influence: 0.62885551442563070, penalty_k: 0.04028270843307735, scale_lr: 0.52200755913203523, EAO: 0.252
Trial 1841 finished with value: 0.25206800454553463 and parameters: {'window_influence': 0.6288555144256307, 'penalty_k': 0.04028270843307735, 'scale_lr': 0.5220075591320352}. Best is trial 1674 with value: 0.38142600678748195.
checkpoint_e33 window_influence: 0.55820233426056609, penalty_k: 0.29946205073448784, scale_lr: 0.54167585931541351, EAO: 0.271
Trial 1842 finished with value: 0.27146597108024567 and parameters: {'window_influence': 0.5582023342605661, 'penalty_k': 0.29946205073448784, 'scale_lr': 0.5416758593154135}. Best is trial 1674 with value: 0.38142600678748195.
checkpoint_e33 window_influence: 0.49774089298432050, penalty_k: 0.05486334312233980, scale_lr: 0.50492913637610726, EAO: 0.367
Trial 1843 finished with value: 0.36673597173932 and parameters: {'window_influence': 0.4977408929843205, 'penalty_k': 0.0548633431223398, 'scale_lr': 0.5049291363761073}. Best is trial 1674 with value: 0.38142600678748195.
checkpoint_e33 window_influence: 0.52599947408539949, penalty_k: 0.07513898208772855, scale_lr: 0.50508135651663977, EAO: 0.322
Trial 1844 finished with value: 0.3222717717000019 and parameters: {'window_influence': 0.5259994740853995, 'penalty_k': 0.07513898208772855, 'scale_lr': 0.5050813565166398}. Best is trial 1674 with value: 0.38142600678748195.
checkpoint_e33 window_influence: 0.50461952226928142, penalty_k: 0.09041042621813512, scale_lr: 0.50341621371930678, EAO: 0.330
Trial 1845 finished with value: 0.330287443640631 and parameters: {'window_influence': 0.5046195222692814, 'penalty_k': 0.09041042621813512, 'scale_lr': 0.5034162137193068}. Best is trial 1674 with value: 0.38142600678748195.
checkpoint_e33 window_influence: 0.49948285144746896, penalty_k: 0.05823579231361476, scale_lr: 0.51857743778988352, EAO: 0.354
Trial 1846 finished with value: 0.3540311216844195 and parameters: {'window_influence': 0.49948285144746896, 'penalty_k': 0.05823579231361476, 'scale_lr': 0.5185774377898835}. Best is trial 1674 with value: 0.38142600678748195.
checkpoint_e33 window_influence: 0.52139932266318634, penalty_k: 0.07347578155515094, scale_lr: 0.50004895724651321, EAO: 0.309
Trial 1847 finished with value: 0.3088248599943948 and parameters: {'window_influence': 0.5213993226631863, 'penalty_k': 0.07347578155515094, 'scale_lr': 0.5000489572465132}. Best is trial 1674 with value: 0.38142600678748195.
checkpoint_e33 window_influence: 0.51147417619769997, penalty_k: 0.09536449115445786, scale_lr: 0.57361963580628494, EAO: 0.334
Trial 1848 finished with value: 0.33421545896084853 and parameters: {'window_influence': 0.5114741761977, 'penalty_k': 0.09536449115445786, 'scale_lr': 0.5736196358062849}. Best is trial 1674 with value: 0.38142600678748195.
checkpoint_e33 window_influence: 0.49729161081956225, penalty_k: 0.32233227108033957, scale_lr: 0.51329390662055663, EAO: 0.307
Trial 1849 finished with value: 0.30715409970700974 and parameters: {'window_influence': 0.49729161081956225, 'penalty_k': 0.32233227108033957, 'scale_lr': 0.5132939066205566}. Best is trial 1674 with value: 0.38142600678748195.
checkpoint_e33 window_influence: 0.53731607375855861, penalty_k: 0.05753205684304633, scale_lr: 0.56203953523816297, EAO: 0.293
Trial 1850 finished with value: 0.2925336535454724 and parameters: {'window_influence': 0.5373160737585586, 'penalty_k': 0.057532056843046325, 'scale_lr': 0.562039535238163}. Best is trial 1674 with value: 0.38142600678748195.
checkpoint_e33 window_influence: 0.51563250927806847, penalty_k: 0.07621408522422497, scale_lr: 0.53200140081281844, EAO: 0.333
Trial 1851 finished with value: 0.33323170227299403 and parameters: {'window_influence': 0.5156325092780685, 'penalty_k': 0.07621408522422497, 'scale_lr': 0.5320014008128184}. Best is trial 1674 with value: 0.38142600678748195.
checkpoint_e33 window_influence: 0.58898440595236246, penalty_k: 0.06581012739041880, scale_lr: 0.55271500109049676, EAO: 0.257
Trial 1852 finished with value: 0.25692116999672543 and parameters: {'window_influence': 0.5889844059523625, 'penalty_k': 0.0658101273904188, 'scale_lr': 0.5527150010904968}. Best is trial 1674 with value: 0.38142600678748195.
checkpoint_e33 window_influence: 0.49140641577683380, penalty_k: 0.05509533285196658, scale_lr: 0.49916479712615536, EAO: 0.363
Trial 1853 finished with value: 0.3633000582804476 and parameters: {'window_influence': 0.4914064157768338, 'penalty_k': 0.05509533285196658, 'scale_lr': 0.49916479712615536}. Best is trial 1674 with value: 0.38142600678748195.
checkpoint_e33 window_influence: 0.50549284471223876, penalty_k: 0.08030582427903755, scale_lr: 0.49617243810118750, EAO: 0.338
Trial 1854 finished with value: 0.3384093657309907 and parameters: {'window_influence': 0.5054928447122388, 'penalty_k': 0.08030582427903755, 'scale_lr': 0.4961724381011875}. Best is trial 1674 with value: 0.38142600678748195.
checkpoint_e33 window_influence: 0.35991437652198477, penalty_k: 0.06528571528070076, scale_lr: 0.51047965811896001, EAO: 0.306
Trial 1855 finished with value: 0.3062202583143219 and parameters: {'window_influence': 0.35991437652198477, 'penalty_k': 0.06528571528070076, 'scale_lr': 0.51047965811896}. Best is trial 1674 with value: 0.38142600678748195.
checkpoint_e33 window_influence: 0.49147473109209133, penalty_k: 0.05729734783241317, scale_lr: 0.49498148047377954, EAO: 0.351
Trial 1856 finished with value: 0.35098484413633085 and parameters: {'window_influence': 0.49147473109209133, 'penalty_k': 0.05729734783241317, 'scale_lr': 0.49498148047377954}. Best is trial 1674 with value: 0.38142600678748195.
checkpoint_e33 window_influence: 0.50712561012764079, penalty_k: 0.08970499459937470, scale_lr: 0.52395169658042173, EAO: 0.328
Trial 1857 finished with value: 0.32770498914477425 and parameters: {'window_influence': 0.5071256101276408, 'penalty_k': 0.0897049945993747, 'scale_lr': 0.5239516965804217}. Best is trial 1674 with value: 0.38142600678748195.
checkpoint_e33 window_influence: 0.52872171305654159, penalty_k: 0.07042496916643327, scale_lr: 0.49392283259669212, EAO: 0.319
Trial 1858 finished with value: 0.3191106075906568 and parameters: {'window_influence': 0.5287217130565416, 'penalty_k': 0.07042496916643327, 'scale_lr': 0.4939228325966921}. Best is trial 1674 with value: 0.38142600678748195.
checkpoint_e33 window_influence: 0.39870291587351014, penalty_k: 0.28189733451537169, scale_lr: 0.50921333672704872, EAO: 0.321
Trial 1859 finished with value: 0.32059841310235776 and parameters: {'window_influence': 0.39870291587351014, 'penalty_k': 0.2818973345153717, 'scale_lr': 0.5092133367270487}. Best is trial 1674 with value: 0.38142600678748195.
checkpoint_e33 window_influence: 0.11135907686304561, penalty_k: 0.05355790365175250, scale_lr: 0.51716986325040282, EAO: 0.257
Trial 1860 finished with value: 0.2572346323311097 and parameters: {'window_influence': 0.11135907686304561, 'penalty_k': 0.0535579036517525, 'scale_lr': 0.5171698632504028}. Best is trial 1674 with value: 0.38142600678748195.
checkpoint_e33 window_influence: 0.10011479067389270, penalty_k: 0.07858706096876746, scale_lr: 0.48892294764825134, EAO: 0.265
Trial 1861 finished with value: 0.2654394910957099 and parameters: {'window_influence': 0.1001147906738927, 'penalty_k': 0.07858706096876746, 'scale_lr': 0.48892294764825134}. Best is trial 1674 with value: 0.38142600678748195.
checkpoint_e33 window_influence: 0.49682228248568550, penalty_k: 0.10010372809455126, scale_lr: 0.53325307910125608, EAO: 0.333
Trial 1862 finished with value: 0.3328355482348208 and parameters: {'window_influence': 0.4968222824856855, 'penalty_k': 0.10010372809455126, 'scale_lr': 0.5332530791012561}. Best is trial 1674 with value: 0.38142600678748195.
checkpoint_e33 window_influence: 0.52073266258349649, penalty_k: 0.05133233087463032, scale_lr: 0.50328510747445199, EAO: 0.328
Trial 1863 finished with value: 0.32830862173310515 and parameters: {'window_influence': 0.5207326625834965, 'penalty_k': 0.051332330874630315, 'scale_lr': 0.503285107474452}. Best is trial 1674 with value: 0.38142600678748195.
checkpoint_e33 window_influence: 0.49251431433289189, penalty_k: 0.06802571588791756, scale_lr: 0.54392909012684898, EAO: 0.348
Trial 1864 finished with value: 0.34810910347834634 and parameters: {'window_influence': 0.4925143143328919, 'penalty_k': 0.06802571588791756, 'scale_lr': 0.543929090126849}. Best is trial 1674 with value: 0.38142600678748195.
checkpoint_e33 window_influence: 0.51448970233641245, penalty_k: 0.29251414967836648, scale_lr: 0.51970716287216856, EAO: 0.299
Trial 1865 finished with value: 0.2993258033165208 and parameters: {'window_influence': 0.5144897023364124, 'penalty_k': 0.2925141496783665, 'scale_lr': 0.5197071628721686}. Best is trial 1674 with value: 0.38142600678748195.
checkpoint_e33 window_influence: 0.54496571588741816, penalty_k: 0.08339760149211942, scale_lr: 0.48910279698163572, EAO: 0.309
Trial 1866 finished with value: 0.30897311999640115 and parameters: {'window_influence': 0.5449657158874182, 'penalty_k': 0.08339760149211942, 'scale_lr': 0.4891027969816357}. Best is trial 1674 with value: 0.38142600678748195.
checkpoint_e33 window_influence: 0.57470786345982361, penalty_k: 0.04898409104376324, scale_lr: 0.56775798248579512, EAO: 0.290
Trial 1867 finished with value: 0.28989844667772374 and parameters: {'window_influence': 0.5747078634598236, 'penalty_k': 0.04898409104376324, 'scale_lr': 0.5677579824857951}. Best is trial 1674 with value: 0.38142600678748195.
checkpoint_e33 window_influence: 0.48605185334515960, penalty_k: 0.05916016910828856, scale_lr: 0.52888908373955801, EAO: 0.342
Trial 1868 finished with value: 0.34158265277569394 and parameters: {'window_influence': 0.4860518533451596, 'penalty_k': 0.059160169108288564, 'scale_lr': 0.528889083739558}. Best is trial 1674 with value: 0.38142600678748195.
checkpoint_e33 window_influence: 0.09754041146046699, penalty_k: 0.19020975811610843, scale_lr: 0.50622519066311411, EAO: 0.256
Trial 1869 finished with value: 0.2561158109963636 and parameters: {'window_influence': 0.09754041146046699, 'penalty_k': 0.19020975811610843, 'scale_lr': 0.5062251906631141}. Best is trial 1674 with value: 0.38142600678748195.
checkpoint_e33 window_influence: 0.50287827802463569, penalty_k: 0.27190881628322355, scale_lr: 0.10717453120774979, EAO: 0.337
Trial 1870 finished with value: 0.3369702800006718 and parameters: {'window_influence': 0.5028782780246357, 'penalty_k': 0.27190881628322355, 'scale_lr': 0.10717453120774979}. Best is trial 1674 with value: 0.38142600678748195.
checkpoint_e33 window_influence: 0.61374781451989213, penalty_k: 0.06849240207318219, scale_lr: 0.73364925216210530, EAO: 0.253
Trial 1871 finished with value: 0.2526043047584912 and parameters: {'window_influence': 0.6137478145198921, 'penalty_k': 0.06849240207318219, 'scale_lr': 0.7336492521621053}. Best is trial 1674 with value: 0.38142600678748195.
checkpoint_e33 window_influence: 0.48566143537863887, penalty_k: 0.10133037238814246, scale_lr: 0.54846029088834880, EAO: 0.337
Trial 1872 finished with value: 0.33673373711248317 and parameters: {'window_influence': 0.4856614353786389, 'penalty_k': 0.10133037238814246, 'scale_lr': 0.5484602908883488}. Best is trial 1674 with value: 0.38142600678748195.
checkpoint_e33 window_influence: 0.50861009159545001, penalty_k: 0.08896072581360662, scale_lr: 0.53552843527732419, EAO: 0.350
Trial 1873 finished with value: 0.3500239445541619 and parameters: {'window_influence': 0.50861009159545, 'penalty_k': 0.08896072581360662, 'scale_lr': 0.5355284352773242}. Best is trial 1674 with value: 0.38142600678748195.
checkpoint_e33 window_influence: 0.53223606876968632, penalty_k: 0.17239249749434127, scale_lr: 0.48771860657331567, EAO: 0.316
Trial 1874 finished with value: 0.31567387561157983 and parameters: {'window_influence': 0.5322360687696863, 'penalty_k': 0.17239249749434127, 'scale_lr': 0.48771860657331567}. Best is trial 1674 with value: 0.38142600678748195.
checkpoint_e33 window_influence: 0.37480865039867428, penalty_k: 0.04679575232485921, scale_lr: 0.50137589123709758, EAO: 0.318
Trial 1875 finished with value: 0.3177678654629897 and parameters: {'window_influence': 0.3748086503986743, 'penalty_k': 0.04679575232485921, 'scale_lr': 0.5013758912370976}. Best is trial 1674 with value: 0.38142600678748195.
checkpoint_e33 window_influence: 0.49702938200997637, penalty_k: 0.05917163404266661, scale_lr: 0.57445218630062778, EAO: 0.347
Trial 1876 finished with value: 0.3474689914558648 and parameters: {'window_influence': 0.4970293820099764, 'penalty_k': 0.05917163404266661, 'scale_lr': 0.5744521863006278}. Best is trial 1674 with value: 0.38142600678748195.
checkpoint_e33 window_influence: 0.39326043711702047, penalty_k: 0.48387751786592631, scale_lr: 0.15944206656718832, EAO: 0.313
Trial 1877 finished with value: 0.3128838025990163 and parameters: {'window_influence': 0.39326043711702047, 'penalty_k': 0.4838775178659263, 'scale_lr': 0.15944206656718832}. Best is trial 1674 with value: 0.38142600678748195.
checkpoint_e33 window_influence: 0.51974730895426668, penalty_k: 0.07772597782124220, scale_lr: 0.52172044816456342, EAO: 0.329
Trial 1878 finished with value: 0.32936188856915277 and parameters: {'window_influence': 0.5197473089542667, 'penalty_k': 0.0777259778212422, 'scale_lr': 0.5217204481645634}. Best is trial 1674 with value: 0.38142600678748195.
checkpoint_e33 window_influence: 0.49258571515821215, penalty_k: 0.04811682695459620, scale_lr: 0.74815394964837378, EAO: 0.345
Trial 1879 finished with value: 0.3454308768422687 and parameters: {'window_influence': 0.49258571515821215, 'penalty_k': 0.0481168269545962, 'scale_lr': 0.7481539496483738}. Best is trial 1674 with value: 0.38142600678748195.
checkpoint_e33 window_influence: 0.34608890364436512, penalty_k: 0.16603889715653386, scale_lr: 0.55745324276739250, EAO: 0.310
Trial 1880 finished with value: 0.30969190498966187 and parameters: {'window_influence': 0.3460889036443651, 'penalty_k': 0.16603889715653386, 'scale_lr': 0.5574532427673925}. Best is trial 1674 with value: 0.38142600678748195.
checkpoint_e33 window_influence: 0.48472491049906480, penalty_k: 0.06932515701035047, scale_lr: 0.51433171801474853, EAO: 0.361
Trial 1881 finished with value: 0.36144428401605627 and parameters: {'window_influence': 0.4847249104990648, 'penalty_k': 0.06932515701035047, 'scale_lr': 0.5143317180147485}. Best is trial 1674 with value: 0.38142600678748195.
checkpoint_e33 window_influence: 0.50441959777943435, penalty_k: 0.06343580669603402, scale_lr: 0.48209620150075938, EAO: 0.367
Trial 1882 finished with value: 0.36722335926753535 and parameters: {'window_influence': 0.5044195977794343, 'penalty_k': 0.06343580669603402, 'scale_lr': 0.4820962015007594}. Best is trial 1674 with value: 0.38142600678748195.
checkpoint_e33 window_influence: 0.51039708643862447, penalty_k: 0.06627775917754615, scale_lr: 0.48304079741870604, EAO: 0.361
Trial 1883 finished with value: 0.3614854127284618 and parameters: {'window_influence': 0.5103970864386245, 'penalty_k': 0.06627775917754615, 'scale_lr': 0.48304079741870604}. Best is trial 1674 with value: 0.38142600678748195.
checkpoint_e33 window_influence: 0.53115621681528380, penalty_k: 0.08245481270938849, scale_lr: 0.49582648971527299, EAO: 0.306
Trial 1884 finished with value: 0.30630608807509974 and parameters: {'window_influence': 0.5311562168152838, 'penalty_k': 0.0824548127093885, 'scale_lr': 0.495826489715273}. Best is trial 1674 with value: 0.38142600678748195.
checkpoint_e33 window_influence: 0.52283228362435030, penalty_k: 0.06434218858735274, scale_lr: 0.48038480631486724, EAO: 0.320
Trial 1885 finished with value: 0.3201395837945233 and parameters: {'window_influence': 0.5228322836243503, 'penalty_k': 0.06434218858735274, 'scale_lr': 0.48038480631486724}. Best is trial 1674 with value: 0.38142600678748195.
checkpoint_e33 window_influence: 0.51944112663987407, penalty_k: 0.19805423155168664, scale_lr: 0.47902062243769772, EAO: 0.324
Trial 1886 finished with value: 0.3242092056613024 and parameters: {'window_influence': 0.5194411266398741, 'penalty_k': 0.19805423155168664, 'scale_lr': 0.4790206224376977}. Best is trial 1674 with value: 0.38142600678748195.
checkpoint_e33 window_influence: 0.53718753724882384, penalty_k: 0.31233504733791490, scale_lr: 0.47943919425411918, EAO: 0.289
Trial 1887 finished with value: 0.2892596875879087 and parameters: {'window_influence': 0.5371875372488238, 'penalty_k': 0.3123350473379149, 'scale_lr': 0.4794391942541192}. Best is trial 1674 with value: 0.38142600678748195.
checkpoint_e33 window_influence: 0.55187235977787863, penalty_k: 0.28482098995385902, scale_lr: 0.47097240660982292, EAO: 0.282
Trial 1888 finished with value: 0.2817326258824493 and parameters: {'window_influence': 0.5518723597778786, 'penalty_k': 0.284820989953859, 'scale_lr': 0.4709724066098229}. Best is trial 1674 with value: 0.38142600678748195.
checkpoint_e33 window_influence: 0.51682677370736452, penalty_k: 0.08664656554025930, scale_lr: 0.48667024211888771, EAO: 0.327
Trial 1889 finished with value: 0.3268143811810341 and parameters: {'window_influence': 0.5168267737073645, 'penalty_k': 0.0866465655402593, 'scale_lr': 0.4866702421188877}. Best is trial 1674 with value: 0.38142600678748195.
checkpoint_e33 window_influence: 0.51011228337467429, penalty_k: 0.47020339370988684, scale_lr: 0.46804787988236868, EAO: 0.303
Trial 1890 finished with value: 0.3034484715197337 and parameters: {'window_influence': 0.5101122833746743, 'penalty_k': 0.47020339370988684, 'scale_lr': 0.4680478798823687}. Best is trial 1674 with value: 0.38142600678748195.
checkpoint_e33 window_influence: 0.50826378818670126, penalty_k: 0.09986839993717014, scale_lr: 0.48775826966874164, EAO: 0.342
Trial 1891 finished with value: 0.34196307037591006 and parameters: {'window_influence': 0.5082637881867013, 'penalty_k': 0.09986839993717014, 'scale_lr': 0.48775826966874164}. Best is trial 1674 with value: 0.38142600678748195.
checkpoint_e33 window_influence: 0.53395747822386330, penalty_k: 0.18071223180897944, scale_lr: 0.47295015592294148, EAO: 0.312
Trial 1892 finished with value: 0.31181083138350846 and parameters: {'window_influence': 0.5339574782238633, 'penalty_k': 0.18071223180897944, 'scale_lr': 0.4729501559229415}. Best is trial 1674 with value: 0.38142600678748195.
checkpoint_e33 window_influence: 0.21983645128467424, penalty_k: 0.06309245623160221, scale_lr: 0.49458301513413983, EAO: 0.286
