Trial 2408 finished with value: 0.3288466129089608 and parameters: {'window_influence': 0.4346824192742661, 'penalty_k': 0.2429472378246725, 'scale_lr': 0.6570126041099573}. Best is trial 1270 with value: 0.3623636909959845.
checkpoint_e22 window_influence: 0.50907264365554750, penalty_k: 0.02452846666269623, scale_lr: 0.41508146244480493, EAO: 0.304
Trial 2409 finished with value: 0.30418990610406554 and parameters: {'window_influence': 0.5090726436555475, 'penalty_k': 0.02452846666269623, 'scale_lr': 0.4150814624448049}. Best is trial 1270 with value: 0.3623636909959845.
checkpoint_e22 window_influence: 0.46000574412406348, penalty_k: 0.52888833778544542, scale_lr: 0.26583228462888914, EAO: 0.272
Trial 2410 finished with value: 0.2716543784053409 and parameters: {'window_influence': 0.4600057441240635, 'penalty_k': 0.5288883377854454, 'scale_lr': 0.26583228462888914}. Best is trial 1270 with value: 0.3623636909959845.
checkpoint_e22 window_influence: 0.57953820591637895, penalty_k: 0.04119784540509569, scale_lr: 0.48283565740283468, EAO: 0.271
Trial 2411 finished with value: 0.27094203065573474 and parameters: {'window_influence': 0.579538205916379, 'penalty_k': 0.04119784540509569, 'scale_lr': 0.4828356574028347}. Best is trial 1270 with value: 0.3623636909959845.
checkpoint_e22 window_influence: 0.48041458130517650, penalty_k: 0.11827293833826995, scale_lr: 0.67338444792321683, EAO: 0.313
Trial 2412 finished with value: 0.3131001934930972 and parameters: {'window_influence': 0.4804145813051765, 'penalty_k': 0.11827293833826995, 'scale_lr': 0.6733844479232168}. Best is trial 1270 with value: 0.3623636909959845.
checkpoint_e22 window_influence: 0.36646561131131394, penalty_k: 0.34937591425139558, scale_lr: 0.28352647377391810, EAO: 0.287
Trial 2413 finished with value: 0.286985952276664 and parameters: {'window_influence': 0.36646561131131394, 'penalty_k': 0.3493759142513956, 'scale_lr': 0.2835264737739181}. Best is trial 1270 with value: 0.3623636909959845.
checkpoint_e22 window_influence: 0.52948053303188580, penalty_k: 0.07631958107514789, scale_lr: 0.62159103765376722, EAO: 0.302
Trial 2414 finished with value: 0.30228533343582303 and parameters: {'window_influence': 0.5294805330318858, 'penalty_k': 0.07631958107514789, 'scale_lr': 0.6215910376537672}. Best is trial 1270 with value: 0.3623636909959845.
checkpoint_e22 window_influence: 0.07798412398705568, penalty_k: 0.23149393929955048, scale_lr: 0.52100829793728665, EAO: 0.244
Trial 2415 finished with value: 0.24394762144942228 and parameters: {'window_influence': 0.07798412398705568, 'penalty_k': 0.23149393929955048, 'scale_lr': 0.5210082979372866}. Best is trial 1270 with value: 0.3623636909959845.
checkpoint_e22 window_influence: 0.44821531018491606, penalty_k: 0.36179732693941757, scale_lr: 0.45235250028177543, EAO: 0.317
Trial 2416 finished with value: 0.3167810935802497 and parameters: {'window_influence': 0.44821531018491606, 'penalty_k': 0.3617973269394176, 'scale_lr': 0.4523525002817754}. Best is trial 1270 with value: 0.3623636909959845.
checkpoint_e22 window_influence: 0.49856353286401317, penalty_k: 0.06396405458883891, scale_lr: 0.34508562542999199, EAO: 0.322
Trial 2417 finished with value: 0.3216804202196663 and parameters: {'window_influence': 0.49856353286401317, 'penalty_k': 0.06396405458883891, 'scale_lr': 0.345085625429992}. Best is trial 1270 with value: 0.3623636909959845.
checkpoint_e22 window_influence: 0.46671837917369385, penalty_k: 0.48671287933517743, scale_lr: 0.55214820824479138, EAO: 0.309
Trial 2418 finished with value: 0.30875063655673296 and parameters: {'window_influence': 0.46671837917369385, 'penalty_k': 0.48671287933517743, 'scale_lr': 0.5521482082447914}. Best is trial 1270 with value: 0.3623636909959845.
checkpoint_e22 window_influence: 0.48768615165835089, penalty_k: 0.01805448741476801, scale_lr: 0.30587033753553011, EAO: 0.321
Trial 2419 finished with value: 0.3212712348551138 and parameters: {'window_influence': 0.4876861516583509, 'penalty_k': 0.018054487414768013, 'scale_lr': 0.3058703375355301}. Best is trial 1270 with value: 0.3623636909959845.
checkpoint_e22 window_influence: 0.30146099915580377, penalty_k: 0.13978373469185135, scale_lr: 0.74061905186738819, EAO: 0.308
Trial 2420 finished with value: 0.3083501563113951 and parameters: {'window_influence': 0.30146099915580377, 'penalty_k': 0.13978373469185135, 'scale_lr': 0.7406190518673882}. Best is trial 1270 with value: 0.3623636909959845.
checkpoint_e22 window_influence: 0.45603086286280714, penalty_k: 0.09577877576436222, scale_lr: 0.68534737364688580, EAO: 0.328
Trial 2421 finished with value: 0.32831978403640627 and parameters: {'window_influence': 0.45603086286280714, 'penalty_k': 0.09577877576436222, 'scale_lr': 0.6853473736468858}. Best is trial 1270 with value: 0.3623636909959845.
checkpoint_e22 window_influence: 0.56539713015467374, penalty_k: 0.11663187474851419, scale_lr: 0.23634549541102814, EAO: 0.292
Trial 2422 finished with value: 0.29226375356722434 and parameters: {'window_influence': 0.5653971301546737, 'penalty_k': 0.11663187474851419, 'scale_lr': 0.23634549541102814}. Best is trial 1270 with value: 0.3623636909959845.
checkpoint_e22 window_influence: 0.41733306754637389, penalty_k: 0.53182075781799432, scale_lr: 0.72260288562218089, EAO: 0.321
Trial 2423 finished with value: 0.32147230120948317 and parameters: {'window_influence': 0.4173330675463739, 'penalty_k': 0.5318207578179943, 'scale_lr': 0.7226028856221809}. Best is trial 1270 with value: 0.3623636909959845.
checkpoint_e22 window_influence: 0.50473964847896480, penalty_k: 0.30679422564699682, scale_lr: 0.40481139606711408, EAO: 0.303
Trial 2424 finished with value: 0.30345324499365883 and parameters: {'window_influence': 0.5047396484789648, 'penalty_k': 0.3067942256469968, 'scale_lr': 0.4048113960671141}. Best is trial 1270 with value: 0.3623636909959845.
checkpoint_e22 window_influence: 0.60946383045574715, penalty_k: 0.14991591206071422, scale_lr: 0.21695717991435809, EAO: 0.266
Trial 2425 finished with value: 0.2660720458522381 and parameters: {'window_influence': 0.6094638304557471, 'penalty_k': 0.14991591206071422, 'scale_lr': 0.2169571799143581}. Best is trial 1270 with value: 0.3623636909959845.
checkpoint_e22 window_influence: 0.32998546331096212, penalty_k: 0.10409476952744720, scale_lr: 0.64118385057358918, EAO: 0.312
Trial 2426 finished with value: 0.31215174612136204 and parameters: {'window_influence': 0.3299854633109621, 'penalty_k': 0.1040947695274472, 'scale_lr': 0.6411838505735892}. Best is trial 1270 with value: 0.3623636909959845.
checkpoint_e22 window_influence: 0.34981647706144942, penalty_k: 0.01243923264405187, scale_lr: 0.25563691325103666, EAO: 0.293
Trial 2427 finished with value: 0.2933786247606871 and parameters: {'window_influence': 0.3498164770614494, 'penalty_k': 0.012439232644051867, 'scale_lr': 0.25563691325103666}. Best is trial 1270 with value: 0.3623636909959845.
checkpoint_e22 window_influence: 0.22654669412951742, penalty_k: 0.04951192031264642, scale_lr: 0.61153500995386501, EAO: 0.273
Trial 2428 finished with value: 0.27267228194479814 and parameters: {'window_influence': 0.22654669412951742, 'penalty_k': 0.049511920312646424, 'scale_lr': 0.611535009953865}. Best is trial 1270 with value: 0.3623636909959845.
checkpoint_e22 window_influence: 0.18168006747219770, penalty_k: 0.08544544148400121, scale_lr: 0.32797348879782734, EAO: 0.262
Trial 2429 finished with value: 0.2622549201611879 and parameters: {'window_influence': 0.1816800674721977, 'penalty_k': 0.08544544148400121, 'scale_lr': 0.32797348879782734}. Best is trial 1270 with value: 0.3623636909959845.
checkpoint_e22 window_influence: 0.47424866165601431, penalty_k: 0.03050259348484582, scale_lr: 0.53509366811462489, EAO: 0.359
Trial 2430 finished with value: 0.35870752364744934 and parameters: {'window_influence': 0.4742486616560143, 'penalty_k': 0.030502593484845818, 'scale_lr': 0.5350936681146249}. Best is trial 1270 with value: 0.3623636909959845.
checkpoint_e22 window_influence: 0.48796389484316544, penalty_k: 0.03714444150894057, scale_lr: 0.53891411333335759, EAO: 0.332
Trial 2431 finished with value: 0.3315957579399361 and parameters: {'window_influence': 0.48796389484316544, 'penalty_k': 0.03714444150894057, 'scale_lr': 0.5389141133333576}. Best is trial 1270 with value: 0.3623636909959845.
checkpoint_e22 window_influence: 0.05129631834721171, penalty_k: 0.02844191222298281, scale_lr: 0.53519712861020463, EAO: 0.250
Trial 2432 finished with value: 0.24961436525393088 and parameters: {'window_influence': 0.05129631834721171, 'penalty_k': 0.02844191222298281, 'scale_lr': 0.5351971286102046}. Best is trial 1270 with value: 0.3623636909959845.
checkpoint_e22 window_influence: 0.13061570128476371, penalty_k: 0.02940776572994809, scale_lr: 0.50961635194246646, EAO: 0.264
Trial 2433 finished with value: 0.2635847244281249 and parameters: {'window_influence': 0.1306157012847637, 'penalty_k': 0.029407765729948094, 'scale_lr': 0.5096163519424665}. Best is trial 1270 with value: 0.3623636909959845.
checkpoint_e22 window_influence: 0.47831882038214302, penalty_k: 0.02002290790276623, scale_lr: 0.54251692562755893, EAO: 0.335
Trial 2434 finished with value: 0.3352208735877902 and parameters: {'window_influence': 0.478318820382143, 'penalty_k': 0.020022907902766233, 'scale_lr': 0.5425169256275589}. Best is trial 1270 with value: 0.3623636909959845.
checkpoint_e22 window_influence: 0.49574425284079415, penalty_k: 0.02954707365419464, scale_lr: 0.51958195388170025, EAO: 0.333
Trial 2435 finished with value: 0.3330981526161446 and parameters: {'window_influence': 0.49574425284079415, 'penalty_k': 0.029547073654194636, 'scale_lr': 0.5195819538817003}. Best is trial 1270 with value: 0.3623636909959845.
checkpoint_e22 window_influence: 0.47572391234637840, penalty_k: 0.04278590595351137, scale_lr: 0.50461969739107382, EAO: 0.347
Trial 2436 finished with value: 0.346820643787718 and parameters: {'window_influence': 0.4757239123463784, 'penalty_k': 0.042785905953511366, 'scale_lr': 0.5046196973910738}. Best is trial 1270 with value: 0.3623636909959845.
checkpoint_e22 window_influence: 0.51478806108759700, penalty_k: 0.01100739020896340, scale_lr: 0.53733539024382992, EAO: 0.334
Trial 2437 finished with value: 0.3337748770815853 and parameters: {'window_influence': 0.514788061087597, 'penalty_k': 0.011007390208963396, 'scale_lr': 0.5373353902438299}. Best is trial 1270 with value: 0.3623636909959845.
checkpoint_e22 window_influence: 0.48780955176154700, penalty_k: 0.04016270776463900, scale_lr: 0.49622631210115342, EAO: 0.335
Trial 2438 finished with value: 0.3348719003367517 and parameters: {'window_influence': 0.487809551761547, 'penalty_k': 0.040162707764639, 'scale_lr': 0.4962263121011534}. Best is trial 1270 with value: 0.3623636909959845.
checkpoint_e22 window_influence: 0.50503483505299551, penalty_k: 0.02305377832342283, scale_lr: 0.48267148894774975, EAO: 0.312
Trial 2439 finished with value: 0.3116366532178241 and parameters: {'window_influence': 0.5050348350529955, 'penalty_k': 0.023053778323422827, 'scale_lr': 0.48267148894774975}. Best is trial 1270 with value: 0.3623636909959845.
checkpoint_e22 window_influence: 0.47346930083562866, penalty_k: 0.01466281051921911, scale_lr: 0.50102718627926646, EAO: 0.335
Trial 2440 finished with value: 0.3351293702533737 and parameters: {'window_influence': 0.47346930083562866, 'penalty_k': 0.01466281051921911, 'scale_lr': 0.5010271862792665}. Best is trial 1270 with value: 0.3623636909959845.
checkpoint_e22 window_influence: 0.23904541489032555, penalty_k: 0.04595023168760086, scale_lr: 0.57919695351459577, EAO: 0.273
Trial 2441 finished with value: 0.27301912090889674 and parameters: {'window_influence': 0.23904541489032555, 'penalty_k': 0.04595023168760086, 'scale_lr': 0.5791969535145958}. Best is trial 1270 with value: 0.3623636909959845.
checkpoint_e22 window_influence: 0.49147843158416377, penalty_k: 0.03258024103731533, scale_lr: 0.59185797683969543, EAO: 0.333
Trial 2442 finished with value: 0.3332683335018529 and parameters: {'window_influence': 0.49147843158416377, 'penalty_k': 0.03258024103731533, 'scale_lr': 0.5918579768396954}. Best is trial 1270 with value: 0.3623636909959845.
checkpoint_e22 window_influence: 0.29696895782156130, penalty_k: 0.00978771138267112, scale_lr: 0.52585572335351505, EAO: 0.299
Trial 2443 finished with value: 0.29889479157757665 and parameters: {'window_influence': 0.2969689578215613, 'penalty_k': 0.009787711382671125, 'scale_lr': 0.525855723353515}. Best is trial 1270 with value: 0.3623636909959845.
checkpoint_e22 window_influence: 0.48135909625248774, penalty_k: 0.05607396507542302, scale_lr: 0.29325693425282556, EAO: 0.329
Trial 2444 finished with value: 0.329390627284922 and parameters: {'window_influence': 0.48135909625248774, 'penalty_k': 0.05607396507542302, 'scale_lr': 0.29325693425282556}. Best is trial 1270 with value: 0.3623636909959845.
checkpoint_e22 window_influence: 0.52006558576914641, penalty_k: 0.02509307380038591, scale_lr: 0.15716163837274372, EAO: 0.319
Trial 2445 finished with value: 0.31879480067162197 and parameters: {'window_influence': 0.5200655857691464, 'penalty_k': 0.025093073800385914, 'scale_lr': 0.15716163837274372}. Best is trial 1270 with value: 0.3623636909959845.
checkpoint_e22 window_influence: 0.20418695902987960, penalty_k: 0.01877985746601757, scale_lr: 0.55623340739477201, EAO: 0.261
Trial 2446 finished with value: 0.26072798141709563 and parameters: {'window_influence': 0.2041869590298796, 'penalty_k': 0.018779857466017565, 'scale_lr': 0.556233407394772}. Best is trial 1270 with value: 0.3623636909959845.
checkpoint_e22 window_influence: 0.46880028178197075, penalty_k: 0.50852554465275801, scale_lr: 0.51690449896583990, EAO: 0.308
Trial 2447 finished with value: 0.3081534422557178 and parameters: {'window_influence': 0.46880028178197075, 'penalty_k': 0.508525544652758, 'scale_lr': 0.5169044989658399}. Best is trial 1270 with value: 0.3623636909959845.
checkpoint_e22 window_influence: 0.49742346001906240, penalty_k: 0.00896608072306087, scale_lr: 0.27512420609195437, EAO: 0.339
Trial 2448 finished with value: 0.3388156788822278 and parameters: {'window_influence': 0.4974234600190624, 'penalty_k': 0.008966080723060873, 'scale_lr': 0.27512420609195437}. Best is trial 1270 with value: 0.3623636909959845.
checkpoint_e22 window_influence: 0.48270989618599497, penalty_k: 0.03342654160533838, scale_lr: 0.49370144599520044, EAO: 0.345
Trial 2449 finished with value: 0.3446835541539619 and parameters: {'window_influence': 0.48270989618599497, 'penalty_k': 0.03342654160533838, 'scale_lr': 0.49370144599520044}. Best is trial 1270 with value: 0.3623636909959845.
checkpoint_e22 window_influence: 0.09129384412213826, penalty_k: 0.05082719856565138, scale_lr: 0.56564341968623211, EAO: 0.269
Trial 2450 finished with value: 0.2685265374090885 and parameters: {'window_influence': 0.09129384412213826, 'penalty_k': 0.05082719856565138, 'scale_lr': 0.5656434196862321}. Best is trial 1270 with value: 0.3623636909959845.
checkpoint_e22 window_influence: 0.50748706731370696, penalty_k: 0.22189214341680052, scale_lr: 0.30609244454222140, EAO: 0.295
Trial 2451 finished with value: 0.29519564852640323 and parameters: {'window_influence': 0.507487067313707, 'penalty_k': 0.22189214341680052, 'scale_lr': 0.3060924445422214}. Best is trial 1270 with value: 0.3623636909959845.
checkpoint_e22 window_influence: 0.52972433575991607, penalty_k: 0.48996444344097134, scale_lr: 0.77939682781702335, EAO: 0.280
Trial 2452 finished with value: 0.28037878992724513 and parameters: {'window_influence': 0.5297243357599161, 'penalty_k': 0.48996444344097134, 'scale_lr': 0.7793968278170234}. Best is trial 1270 with value: 0.3623636909959845.
checkpoint_e22 window_influence: 0.10132651859097280, penalty_k: 0.42996868871138277, scale_lr: 0.28564101325458091, EAO: 0.239
Trial 2453 finished with value: 0.23875611156573093 and parameters: {'window_influence': 0.1013265185909728, 'penalty_k': 0.4299686887113828, 'scale_lr': 0.2856410132545809}. Best is trial 1270 with value: 0.3623636909959845.
checkpoint_e22 window_influence: 0.46940160554395849, penalty_k: 0.00094261757196867, scale_lr: 0.57300171929142374, EAO: 0.354
Trial 2454 finished with value: 0.354028414311576 and parameters: {'window_influence': 0.4694016055439585, 'penalty_k': 0.0009426175719686718, 'scale_lr': 0.5730017192914237}. Best is trial 1270 with value: 0.3623636909959845.
checkpoint_e22 window_influence: 0.46507926212891681, penalty_k: 0.00593949486230445, scale_lr: 0.58297104843859016, EAO: 0.317
Trial 2455 finished with value: 0.31708199377189816 and parameters: {'window_influence': 0.4650792621289168, 'penalty_k': 0.005939494862304447, 'scale_lr': 0.5829710484385902}. Best is trial 1270 with value: 0.3623636909959845.
checkpoint_e22 window_influence: 0.46714661069691349, penalty_k: 0.00029206518720018, scale_lr: 0.57065899484695737, EAO: 0.336
Trial 2456 finished with value: 0.33598403881959876 and parameters: {'window_influence': 0.4671466106969135, 'penalty_k': 0.00029206518720018004, 'scale_lr': 0.5706589948469574}. Best is trial 1270 with value: 0.3623636909959845.
checkpoint_e22 window_influence: 0.46033082894931449, penalty_k: 0.30253216689603957, scale_lr: 0.57375436434635751, EAO: 0.286
Trial 2457 finished with value: 0.2860716362175775 and parameters: {'window_influence': 0.4603308289493145, 'penalty_k': 0.30253216689603957, 'scale_lr': 0.5737543643463575}. Best is trial 1270 with value: 0.3623636909959845.
checkpoint_e22 window_influence: 0.24761710767359463, penalty_k: 0.54234818103607885, scale_lr: 0.56907635369265264, EAO: 0.280
Trial 2458 finished with value: 0.2798604766334541 and parameters: {'window_influence': 0.24761710767359463, 'penalty_k': 0.5423481810360788, 'scale_lr': 0.5690763536926526}. Best is trial 1270 with value: 0.3623636909959845.
checkpoint_e22 window_influence: 0.45626354976164818, penalty_k: 0.00905720314449613, scale_lr: 0.55634457881547106, EAO: 0.324
Trial 2459 finished with value: 0.324057812588688 and parameters: {'window_influence': 0.4562635497616482, 'penalty_k': 0.009057203144496132, 'scale_lr': 0.5563445788154711}. Best is trial 1270 with value: 0.3623636909959845.
checkpoint_e22 window_influence: 0.47198145369887418, penalty_k: 0.25243109612115966, scale_lr: 0.58520386334899333, EAO: 0.310
Trial 2460 finished with value: 0.3097993378973193 and parameters: {'window_influence': 0.4719814536988742, 'penalty_k': 0.25243109612115966, 'scale_lr': 0.5852038633489933}. Best is trial 1270 with value: 0.3623636909959845.
checkpoint_e22 window_influence: 0.46963671301971849, penalty_k: 0.00133160702235819, scale_lr: 0.59936506574134518, EAO: 0.347
Trial 2461 finished with value: 0.34733051757404315 and parameters: {'window_influence': 0.4696367130197185, 'penalty_k': 0.0013316070223581885, 'scale_lr': 0.5993650657413452}. Best is trial 1270 with value: 0.3623636909959845.
checkpoint_e22 window_influence: 0.45375860226791942, penalty_k: 0.40661137006770154, scale_lr: 0.55378336039548592, EAO: 0.322
Trial 2462 finished with value: 0.32205807136422465 and parameters: {'window_influence': 0.4537586022679194, 'penalty_k': 0.40661137006770154, 'scale_lr': 0.5537833603954859}. Best is trial 1270 with value: 0.3623636909959845.
checkpoint_e22 window_influence: 0.47606793465503505, penalty_k: 0.01484347650138067, scale_lr: 0.56308755989154824, EAO: 0.328
Trial 2463 finished with value: 0.3281660140256474 and parameters: {'window_influence': 0.47606793465503505, 'penalty_k': 0.014843476501380671, 'scale_lr': 0.5630875598915482}. Best is trial 1270 with value: 0.3623636909959845.
checkpoint_e22 window_influence: 0.46185043699138972, penalty_k: 0.00035202539780247, scale_lr: 0.58903076859652781, EAO: 0.314
Trial 2464 finished with value: 0.3136421959223914 and parameters: {'window_influence': 0.4618504369913897, 'penalty_k': 0.0003520253978024704, 'scale_lr': 0.5890307685965278}. Best is trial 1270 with value: 0.3623636909959845.
checkpoint_e22 window_influence: 0.44536346055047160, penalty_k: 0.00051204982549280, scale_lr: 0.56716787362830867, EAO: 0.317
Trial 2465 finished with value: 0.3169735443383339 and parameters: {'window_influence': 0.4453634605504716, 'penalty_k': 0.0005120498254927962, 'scale_lr': 0.5671678736283087}. Best is trial 1270 with value: 0.3623636909959845.
checkpoint_e22 window_influence: 0.18443755870837397, penalty_k: 0.00062654058338009, scale_lr: 0.53786805268649018, EAO: 0.271
Trial 2466 finished with value: 0.27121035296629376 and parameters: {'window_influence': 0.18443755870837397, 'penalty_k': 0.0006265405833800886, 'scale_lr': 0.5378680526864902}. Best is trial 1270 with value: 0.3623636909959845.
checkpoint_e22 window_influence: 0.47594940162964794, penalty_k: 0.17331015963974189, scale_lr: 0.58997249976583777, EAO: 0.308
Trial 2467 finished with value: 0.3081390400804898 and parameters: {'window_influence': 0.47594940162964794, 'penalty_k': 0.1733101596397419, 'scale_lr': 0.5899724997658378}. Best is trial 1270 with value: 0.3623636909959845.
checkpoint_e22 window_influence: 0.46454005064243226, penalty_k: 0.00003093313624120, scale_lr: 0.59811258151517843, EAO: 0.330
Trial 2468 finished with value: 0.33021623215090906 and parameters: {'window_influence': 0.46454005064243226, 'penalty_k': 3.093313624119923e-05, 'scale_lr': 0.5981125815151784}. Best is trial 1270 with value: 0.3623636909959845.
checkpoint_e22 window_influence: 0.15262793644941378, penalty_k: 0.01895536856647708, scale_lr: 0.54973341645673857, EAO: 0.269
