Trial 248 finished with value: 0.33982382024772434 and parameters: {'window_influence': 0.3823299837505863, 'penalty_k': 0.03574559832078231, 'scale_lr': 0.616302938498943}. Best is trial 226 with value: 0.354671357786609.
checkpoint_e17 window_influence: 0.37905732331032366, penalty_k: 0.23533107721650057, scale_lr: 0.75339250223860976, EAO: 0.330
Trial 249 finished with value: 0.3304625362853596 and parameters: {'window_influence': 0.37905732331032366, 'penalty_k': 0.23533107721650057, 'scale_lr': 0.7533925022386098}. Best is trial 226 with value: 0.354671357786609.
checkpoint_e17 window_influence: 0.36563779909437971, penalty_k: 0.04013522426967307, scale_lr: 0.61214483463498370, EAO: 0.326
Trial 250 finished with value: 0.32576172129189457 and parameters: {'window_influence': 0.3656377990943797, 'penalty_k': 0.040135224269673066, 'scale_lr': 0.6121448346349837}. Best is trial 226 with value: 0.354671357786609.
checkpoint_e17 window_influence: 0.35549866710012457, penalty_k: 0.53644502710885289, scale_lr: 0.71454623377382431, EAO: 0.315
Trial 251 finished with value: 0.31478182930890686 and parameters: {'window_influence': 0.35549866710012457, 'penalty_k': 0.5364450271088529, 'scale_lr': 0.7145462337738243}. Best is trial 226 with value: 0.354671357786609.
checkpoint_e17 window_influence: 0.38579682432998591, penalty_k: 0.17101114628822639, scale_lr: 0.78140619040733139, EAO: 0.313
Trial 252 finished with value: 0.3132969530639945 and parameters: {'window_influence': 0.3857968243299859, 'penalty_k': 0.1710111462882264, 'scale_lr': 0.7814061904073314}. Best is trial 226 with value: 0.354671357786609.
checkpoint_e17 window_influence: 0.42629247104963675, penalty_k: 0.06063021902760760, scale_lr: 0.64993057258820963, EAO: 0.323
Trial 253 finished with value: 0.3226178176556116 and parameters: {'window_influence': 0.42629247104963675, 'penalty_k': 0.0606302190276076, 'scale_lr': 0.6499305725882096}. Best is trial 226 with value: 0.354671357786609.
checkpoint_e17 window_influence: 0.22631992537114987, penalty_k: 0.21181231607529491, scale_lr: 0.68565307231481754, EAO: 0.300
Trial 254 finished with value: 0.30047821865239493 and parameters: {'window_influence': 0.22631992537114987, 'penalty_k': 0.2118123160752949, 'scale_lr': 0.6856530723148175}. Best is trial 226 with value: 0.354671357786609.
checkpoint_e17 window_influence: 0.40536054192933169, penalty_k: 0.10592829213698383, scale_lr: 0.77236641451384214, EAO: 0.323
Trial 255 finished with value: 0.32322785119138336 and parameters: {'window_influence': 0.4053605419293317, 'penalty_k': 0.10592829213698383, 'scale_lr': 0.7723664145138421}. Best is trial 226 with value: 0.354671357786609.
checkpoint_e17 window_influence: 0.37633735161429493, penalty_k: 0.15667591229650540, scale_lr: 0.58508049973082488, EAO: 0.314
Trial 256 finished with value: 0.3136962451591566 and parameters: {'window_influence': 0.37633735161429493, 'penalty_k': 0.1566759122965054, 'scale_lr': 0.5850804997308249}. Best is trial 226 with value: 0.354671357786609.
checkpoint_e17 window_influence: 0.34277881581795633, penalty_k: 0.19303836072730018, scale_lr: 0.67245953511643597, EAO: 0.324
Trial 257 finished with value: 0.3240296108365523 and parameters: {'window_influence': 0.34277881581795633, 'penalty_k': 0.19303836072730018, 'scale_lr': 0.672459535116436}. Best is trial 226 with value: 0.354671357786609.
checkpoint_e17 window_influence: 0.41638627174367937, penalty_k: 0.07271185581663708, scale_lr: 0.63283216990424918, EAO: 0.339
Trial 258 finished with value: 0.3391764481127958 and parameters: {'window_influence': 0.41638627174367937, 'penalty_k': 0.07271185581663708, 'scale_lr': 0.6328321699042492}. Best is trial 226 with value: 0.354671357786609.
checkpoint_e17 window_influence: 0.41953832961938453, penalty_k: 0.05005303481839907, scale_lr: 0.62846981599625218, EAO: 0.324
Trial 259 finished with value: 0.3244942619758821 and parameters: {'window_influence': 0.41953832961938453, 'penalty_k': 0.050053034818399074, 'scale_lr': 0.6284698159962522}. Best is trial 226 with value: 0.354671357786609.
checkpoint_e17 window_influence: 0.40776381034018561, penalty_k: 0.07000347364166609, scale_lr: 0.59770319508944880, EAO: 0.324
Trial 260 finished with value: 0.32384821656613033 and parameters: {'window_influence': 0.4077638103401856, 'penalty_k': 0.07000347364166609, 'scale_lr': 0.5977031950894488}. Best is trial 226 with value: 0.354671357786609.
checkpoint_e17 window_influence: 0.42991838673056754, penalty_k: 0.03572207284240665, scale_lr: 0.61018694080939251, EAO: 0.326
Trial 261 finished with value: 0.3259088421957966 and parameters: {'window_influence': 0.42991838673056754, 'penalty_k': 0.03572207284240665, 'scale_lr': 0.6101869408093925}. Best is trial 226 with value: 0.354671357786609.
checkpoint_e17 window_influence: 0.38963580332231251, penalty_k: 0.13086586222978097, scale_lr: 0.63942169772346924, EAO: 0.332
Trial 262 finished with value: 0.3322060606822893 and parameters: {'window_influence': 0.3896358033223125, 'penalty_k': 0.13086586222978097, 'scale_lr': 0.6394216977234692}. Best is trial 226 with value: 0.354671357786609.
checkpoint_e17 window_influence: 0.40034162262616702, penalty_k: 0.14798162556167055, scale_lr: 0.57396554695409052, EAO: 0.329
Trial 263 finished with value: 0.3294114820108339 and parameters: {'window_influence': 0.400341622626167, 'penalty_k': 0.14798162556167055, 'scale_lr': 0.5739655469540905}. Best is trial 226 with value: 0.354671357786609.
checkpoint_e17 window_influence: 0.36540873740335011, penalty_k: 0.20346768471380888, scale_lr: 0.79068794715963386, EAO: 0.318
Trial 264 finished with value: 0.31798267915323086 and parameters: {'window_influence': 0.3654087374033501, 'penalty_k': 0.20346768471380888, 'scale_lr': 0.7906879471596339}. Best is trial 226 with value: 0.354671357786609.
checkpoint_e17 window_influence: 0.41460656695002729, penalty_k: 0.01418163517539850, scale_lr: 0.54594302075265577, EAO: 0.334
Trial 265 finished with value: 0.33358989424046837 and parameters: {'window_influence': 0.4146065669500273, 'penalty_k': 0.0141816351753985, 'scale_lr': 0.5459430207526558}. Best is trial 226 with value: 0.354671357786609.
checkpoint_e17 window_influence: 0.35258926126790008, penalty_k: 0.11606663340348532, scale_lr: 0.62212376918633583, EAO: 0.328
Trial 266 finished with value: 0.32836820324339294 and parameters: {'window_influence': 0.3525892612679001, 'penalty_k': 0.11606663340348532, 'scale_lr': 0.6221237691863358}. Best is trial 226 with value: 0.354671357786609.
checkpoint_e17 window_influence: 0.44558702225479535, penalty_k: 0.17846776016067323, scale_lr: 0.75776447937889824, EAO: 0.305
Trial 267 finished with value: 0.30472555182555305 and parameters: {'window_influence': 0.44558702225479535, 'penalty_k': 0.17846776016067323, 'scale_lr': 0.7577644793788982}. Best is trial 226 with value: 0.354671357786609.
checkpoint_e17 window_influence: 0.38784412004655461, penalty_k: 0.16248037586923944, scale_lr: 0.65760154390853576, EAO: 0.329
Trial 268 finished with value: 0.3293964023256116 and parameters: {'window_influence': 0.3878441200465546, 'penalty_k': 0.16248037586923944, 'scale_lr': 0.6576015439085358}. Best is trial 226 with value: 0.354671357786609.
checkpoint_e17 window_influence: 0.42400042380749625, penalty_k: 0.05989057765180147, scale_lr: 0.70140963600649386, EAO: 0.312
Trial 269 finished with value: 0.31230661244012037 and parameters: {'window_influence': 0.42400042380749625, 'penalty_k': 0.059890577651801474, 'scale_lr': 0.7014096360064939}. Best is trial 226 with value: 0.354671357786609.
checkpoint_e17 window_influence: 0.37292292760139917, penalty_k: 0.13859915798317202, scale_lr: 0.73409285711798167, EAO: 0.316
Trial 270 finished with value: 0.31629225658071647 and parameters: {'window_influence': 0.37292292760139917, 'penalty_k': 0.13859915798317202, 'scale_lr': 0.7340928571179817}. Best is trial 226 with value: 0.354671357786609.
checkpoint_e17 window_influence: 0.39731970118128324, penalty_k: 0.10249853534499156, scale_lr: 0.64088452513311667, EAO: 0.331
Trial 271 finished with value: 0.3314720679233974 and parameters: {'window_influence': 0.39731970118128324, 'penalty_k': 0.10249853534499156, 'scale_lr': 0.6408845251331167}. Best is trial 226 with value: 0.354671357786609.
checkpoint_e17 window_influence: 0.40705805011285606, penalty_k: 0.02768502365539523, scale_lr: 0.71507836207769826, EAO: 0.327
Trial 272 finished with value: 0.3270594329801515 and parameters: {'window_influence': 0.40705805011285606, 'penalty_k': 0.027685023655395234, 'scale_lr': 0.7150783620776983}. Best is trial 226 with value: 0.354671357786609.
checkpoint_e17 window_influence: 0.43661309352292516, penalty_k: 0.07479683742095652, scale_lr: 0.77335345631369967, EAO: 0.301
Trial 273 finished with value: 0.30050939692597445 and parameters: {'window_influence': 0.43661309352292516, 'penalty_k': 0.07479683742095652, 'scale_lr': 0.7733534563136997}. Best is trial 226 with value: 0.354671357786609.
checkpoint_e17 window_influence: 0.38809972175012075, penalty_k: 0.27586223234913632, scale_lr: 0.74669342473769440, EAO: 0.317
Trial 274 finished with value: 0.3173756156450116 and parameters: {'window_influence': 0.38809972175012075, 'penalty_k': 0.2758622323491363, 'scale_lr': 0.7466934247376944}. Best is trial 226 with value: 0.354671357786609.
checkpoint_e17 window_influence: 0.36432438218795826, penalty_k: 0.12305047790811635, scale_lr: 0.61992815864033746, EAO: 0.313
Trial 275 finished with value: 0.3128782051546564 and parameters: {'window_influence': 0.36432438218795826, 'penalty_k': 0.12305047790811635, 'scale_lr': 0.6199281586403375}. Best is trial 226 with value: 0.354671357786609.
checkpoint_e17 window_influence: 0.33228110966569829, penalty_k: 0.15156610196119299, scale_lr: 0.79807159654118554, EAO: 0.318
Trial 276 finished with value: 0.3178597929876602 and parameters: {'window_influence': 0.3322811096656983, 'penalty_k': 0.151566101961193, 'scale_lr': 0.7980715965411855}. Best is trial 226 with value: 0.354671357786609.
checkpoint_e17 window_influence: 0.41683860957049790, penalty_k: 0.23099769390147648, scale_lr: 0.65212269933798672, EAO: 0.337
Trial 277 finished with value: 0.3366642361832964 and parameters: {'window_influence': 0.4168386095704979, 'penalty_k': 0.23099769390147648, 'scale_lr': 0.6521226993379867}. Best is trial 226 with value: 0.354671357786609.
checkpoint_e17 window_influence: 0.41757301983807266, penalty_k: 0.19411600992785141, scale_lr: 0.65388320382402387, EAO: 0.334
Trial 278 finished with value: 0.33433368488972287 and parameters: {'window_influence': 0.41757301983807266, 'penalty_k': 0.1941160099278514, 'scale_lr': 0.6538832038240239}. Best is trial 226 with value: 0.354671357786609.
checkpoint_e17 window_influence: 0.43209026853931853, penalty_k: 0.23691655808872494, scale_lr: 0.67674289274777666, EAO: 0.317
Trial 279 finished with value: 0.3173018921789956 and parameters: {'window_influence': 0.43209026853931853, 'penalty_k': 0.23691655808872494, 'scale_lr': 0.6767428927477767}. Best is trial 226 with value: 0.354671357786609.
checkpoint_e17 window_influence: 0.45965912021329763, penalty_k: 0.18488491899437087, scale_lr: 0.65814803781160214, EAO: 0.325
Trial 280 finished with value: 0.32494164150976484 and parameters: {'window_influence': 0.45965912021329763, 'penalty_k': 0.18488491899437087, 'scale_lr': 0.6581480378116021}. Best is trial 226 with value: 0.354671357786609.
checkpoint_e17 window_influence: 0.34495969034912538, penalty_k: 0.04988383822791100, scale_lr: 0.64000249033701528, EAO: 0.335
Trial 281 finished with value: 0.33476533129057534 and parameters: {'window_influence': 0.3449596903491254, 'penalty_k': 0.049883838227911, 'scale_lr': 0.6400024903370153}. Best is trial 226 with value: 0.354671357786609.
checkpoint_e17 window_influence: 0.37775962566837784, penalty_k: 0.21060319615199916, scale_lr: 0.76446228900217639, EAO: 0.344
Trial 282 finished with value: 0.3441537407585619 and parameters: {'window_influence': 0.37775962566837784, 'penalty_k': 0.21060319615199916, 'scale_lr': 0.7644622890021764}. Best is trial 226 with value: 0.354671357786609.
checkpoint_e17 window_influence: 0.41173167817209350, penalty_k: 0.19517675789058056, scale_lr: 0.69222035209935184, EAO: 0.317
Trial 283 finished with value: 0.31747754167489967 and parameters: {'window_influence': 0.4117316781720935, 'penalty_k': 0.19517675789058056, 'scale_lr': 0.6922203520993518}. Best is trial 226 with value: 0.354671357786609.
checkpoint_e17 window_influence: 0.42416318330789282, penalty_k: 0.17351210726810620, scale_lr: 0.46043542619365685, EAO: 0.328
Trial 284 finished with value: 0.32789917765656335 and parameters: {'window_influence': 0.4241631833078928, 'penalty_k': 0.1735121072681062, 'scale_lr': 0.46043542619365685}. Best is trial 226 with value: 0.354671357786609.
checkpoint_e17 window_influence: 0.44264242597443632, penalty_k: 0.29935978668175822, scale_lr: 0.75915909201156306, EAO: 0.327
Trial 285 finished with value: 0.32705594320937353 and parameters: {'window_influence': 0.4426424259744363, 'penalty_k': 0.2993597866817582, 'scale_lr': 0.7591590920115631}. Best is trial 226 with value: 0.354671357786609.
checkpoint_e17 window_influence: 0.35437079344603722, penalty_k: 0.19835564733146913, scale_lr: 0.72349750718724193, EAO: 0.334
Trial 286 finished with value: 0.33386057766031196 and parameters: {'window_influence': 0.3543707934460372, 'penalty_k': 0.19835564733146913, 'scale_lr': 0.7234975071872419}. Best is trial 226 with value: 0.354671357786609.
checkpoint_e17 window_influence: 0.37950743994931285, penalty_k: 0.01989687102388411, scale_lr: 0.10256094176970060, EAO: 0.312
Trial 287 finished with value: 0.31183153025603016 and parameters: {'window_influence': 0.37950743994931285, 'penalty_k': 0.019896871023884113, 'scale_lr': 0.1025609417697006}. Best is trial 226 with value: 0.354671357786609.
checkpoint_e17 window_influence: 0.40171986756149236, penalty_k: 0.13834419271301979, scale_lr: 0.74333702930755985, EAO: 0.323
Trial 288 finished with value: 0.32283041507353577 and parameters: {'window_influence': 0.40171986756149236, 'penalty_k': 0.1383441927130198, 'scale_lr': 0.7433370293075598}. Best is trial 226 with value: 0.354671357786609.
checkpoint_e17 window_influence: 0.41143997492474677, penalty_k: 0.21999471772136386, scale_lr: 0.70804187399991969, EAO: 0.331
Trial 289 finished with value: 0.3308149977416844 and parameters: {'window_influence': 0.41143997492474677, 'penalty_k': 0.21999471772136386, 'scale_lr': 0.7080418739999197}. Best is trial 226 with value: 0.354671357786609.
checkpoint_e17 window_influence: 0.38591414875665236, penalty_k: 0.18029379006672105, scale_lr: 0.66527453647678425, EAO: 0.338
Trial 290 finished with value: 0.3380205424843131 and parameters: {'window_influence': 0.38591414875665236, 'penalty_k': 0.18029379006672105, 'scale_lr': 0.6652745364767843}. Best is trial 226 with value: 0.354671357786609.
checkpoint_e17 window_influence: 0.39214672644895987, penalty_k: 0.21977419997703851, scale_lr: 0.64955646518053822, EAO: 0.329
Trial 291 finished with value: 0.32933565017546196 and parameters: {'window_influence': 0.39214672644895987, 'penalty_k': 0.2197741999770385, 'scale_lr': 0.6495564651805382}. Best is trial 226 with value: 0.354671357786609.
checkpoint_e17 window_influence: 0.38343334988659100, penalty_k: 0.20859493070749774, scale_lr: 0.78349413727574402, EAO: 0.327
Trial 292 finished with value: 0.3271290724263581 and parameters: {'window_influence': 0.383433349886591, 'penalty_k': 0.20859493070749774, 'scale_lr': 0.783494137275744}. Best is trial 226 with value: 0.354671357786609.
checkpoint_e17 window_influence: 0.42521779918169811, penalty_k: 0.22757742785302326, scale_lr: 0.63419374008114904, EAO: 0.319
Trial 293 finished with value: 0.31901039571613654 and parameters: {'window_influence': 0.4252177991816981, 'penalty_k': 0.22757742785302326, 'scale_lr': 0.634193740081149}. Best is trial 226 with value: 0.354671357786609.
checkpoint_e17 window_influence: 0.39849830329928781, penalty_k: 0.20280720179584363, scale_lr: 0.67243221221912841, EAO: 0.323
Trial 294 finished with value: 0.32306192705139575 and parameters: {'window_influence': 0.3984983032992878, 'penalty_k': 0.20280720179584363, 'scale_lr': 0.6724322122191284}. Best is trial 226 with value: 0.354671357786609.
checkpoint_e17 window_influence: 0.14738961876488216, penalty_k: 0.18326005343996860, scale_lr: 0.66146498991568647, EAO: 0.292
Trial 295 finished with value: 0.2924131885576805 and parameters: {'window_influence': 0.14738961876488216, 'penalty_k': 0.1832600534399686, 'scale_lr': 0.6614649899156865}. Best is trial 226 with value: 0.354671357786609.
checkpoint_e17 window_influence: 0.41129564026672943, penalty_k: 0.43530515065991615, scale_lr: 0.64810845333944000, EAO: 0.324
Trial 296 finished with value: 0.324269531939744 and parameters: {'window_influence': 0.41129564026672943, 'penalty_k': 0.43530515065991615, 'scale_lr': 0.64810845333944}. Best is trial 226 with value: 0.354671357786609.
checkpoint_e17 window_influence: 0.48020502933746356, penalty_k: 0.21418075569651429, scale_lr: 0.63285896123461516, EAO: 0.326
Trial 297 finished with value: 0.3262131273862453 and parameters: {'window_influence': 0.48020502933746356, 'penalty_k': 0.2141807556965143, 'scale_lr': 0.6328589612346152}. Best is trial 226 with value: 0.354671357786609.
checkpoint_e17 window_influence: 0.37349159069555804, penalty_k: 0.00933013609851923, scale_lr: 0.57048430080443135, EAO: 0.344
Trial 298 finished with value: 0.3438257418485931 and parameters: {'window_influence': 0.37349159069555804, 'penalty_k': 0.00933013609851923, 'scale_lr': 0.5704843008044314}. Best is trial 226 with value: 0.354671357786609.
checkpoint_e17 window_influence: 0.37101317789601640, penalty_k: 0.03747496976616790, scale_lr: 0.76388222576784559, EAO: 0.322
Trial 299 finished with value: 0.3222736833392414 and parameters: {'window_influence': 0.3710131778960164, 'penalty_k': 0.037474969766167904, 'scale_lr': 0.7638822257678456}. Best is trial 226 with value: 0.354671357786609.
checkpoint_e17 window_influence: 0.44915263676302819, penalty_k: 0.01606464860312486, scale_lr: 0.53717699498948135, EAO: 0.328
Trial 300 finished with value: 0.32755201399790174 and parameters: {'window_influence': 0.4491526367630282, 'penalty_k': 0.016064648603124856, 'scale_lr': 0.5371769949894813}. Best is trial 226 with value: 0.354671357786609.
checkpoint_e17 window_influence: 0.43103693986768615, penalty_k: 0.00565024201157493, scale_lr: 0.58862460468447964, EAO: 0.317
Trial 301 finished with value: 0.3171264879434489 and parameters: {'window_influence': 0.43103693986768615, 'penalty_k': 0.005650242011574934, 'scale_lr': 0.5886246046844796}. Best is trial 226 with value: 0.354671357786609.
checkpoint_e17 window_influence: 0.40284258610953572, penalty_k: 0.02934950402272305, scale_lr: 0.59466751307091270, EAO: 0.324
Trial 302 finished with value: 0.3244397316693332 and parameters: {'window_influence': 0.4028425861095357, 'penalty_k': 0.02934950402272305, 'scale_lr': 0.5946675130709127}. Best is trial 226 with value: 0.354671357786609.
checkpoint_e17 window_influence: 0.42112506990201198, penalty_k: 0.00124162325714762, scale_lr: 0.57480219457068182, EAO: 0.307
Trial 303 finished with value: 0.30683328727339954 and parameters: {'window_influence': 0.421125069902012, 'penalty_k': 0.00124162325714762, 'scale_lr': 0.5748021945706818}. Best is trial 226 with value: 0.354671357786609.
checkpoint_e17 window_influence: 0.38951146280590004, penalty_k: 0.06457585648477644, scale_lr: 0.55729352293017520, EAO: 0.321
Trial 304 finished with value: 0.3210980436449385 and parameters: {'window_influence': 0.38951146280590004, 'penalty_k': 0.06457585648477644, 'scale_lr': 0.5572935229301752}. Best is trial 226 with value: 0.354671357786609.
checkpoint_e17 window_influence: 0.33924885095853347, penalty_k: 0.04544830828219054, scale_lr: 0.60800500665528479, EAO: 0.312
Trial 305 finished with value: 0.3116325861285169 and parameters: {'window_influence': 0.33924885095853347, 'penalty_k': 0.04544830828219054, 'scale_lr': 0.6080050066552848}. Best is trial 226 with value: 0.354671357786609.
checkpoint_e17 window_influence: 0.37244110202726288, penalty_k: 0.32894407744948057, scale_lr: 0.78805607588366178, EAO: 0.313
Trial 306 finished with value: 0.31267957679260566 and parameters: {'window_influence': 0.3724411020272629, 'penalty_k': 0.32894407744948057, 'scale_lr': 0.7880560758836618}. Best is trial 226 with value: 0.354671357786609.
checkpoint_e17 window_influence: 0.35336575067252263, penalty_k: 0.00862958706660887, scale_lr: 0.66308405314070584, EAO: 0.329
Trial 307 finished with value: 0.32932897462919064 and parameters: {'window_influence': 0.3533657506725226, 'penalty_k': 0.008629587066608872, 'scale_lr': 0.6630840531407058}. Best is trial 226 with value: 0.354671357786609.
checkpoint_e17 window_influence: 0.40894992953255899, penalty_k: 0.34797042470002071, scale_lr: 0.75678226822519379, EAO: 0.321
Trial 308 finished with value: 0.32086239384074156 and parameters: {'window_influence': 0.408949929532559, 'penalty_k': 0.3479704247000207, 'scale_lr': 0.7567822682251938}. Best is trial 226 with value: 0.354671357786609.
checkpoint_e17 window_influence: 0.43992385930982797, penalty_k: 0.09625224234573665, scale_lr: 0.56889059230652739, EAO: 0.342
Trial 309 finished with value: 0.34168018360082275 and parameters: {'window_influence': 0.43992385930982797, 'penalty_k': 0.09625224234573665, 'scale_lr': 0.5688905923065274}. Best is trial 226 with value: 0.354671357786609.
checkpoint_e17 window_influence: 0.43161990853944476, penalty_k: 0.09332528145048338, scale_lr: 0.56130156026877087, EAO: 0.351
