Trial 120 finished with value: 0.35983701775046173 and parameters: {'window_influence': 0.4748054638305888, 'penalty_k': 0.10210180158283895, 'scale_lr': 0.5132853252447482}. Best is trial 75 with value: 0.3635930125583471.
checkpoint_e33 window_influence: 0.45955206704456730, penalty_k: 0.10987579028081268, scale_lr: 0.52021990175137867, EAO: 0.354
Trial 121 finished with value: 0.3536959392551318 and parameters: {'window_influence': 0.4595520670445673, 'penalty_k': 0.10987579028081268, 'scale_lr': 0.5202199017513787}. Best is trial 75 with value: 0.3635930125583471.
checkpoint_e33 window_influence: 0.46969776304729965, penalty_k: 0.09775037205848316, scale_lr: 0.52351193707060584, EAO: 0.341
Trial 122 finished with value: 0.34120943690088473 and parameters: {'window_influence': 0.46969776304729965, 'penalty_k': 0.09775037205848316, 'scale_lr': 0.5235119370706058}. Best is trial 75 with value: 0.3635930125583471.
checkpoint_e33 window_influence: 0.49007723304504103, penalty_k: 0.11237464843038755, scale_lr: 0.50986073310820601, EAO: 0.359
Trial 123 finished with value: 0.3585315664454657 and parameters: {'window_influence': 0.490077233045041, 'penalty_k': 0.11237464843038755, 'scale_lr': 0.509860733108206}. Best is trial 75 with value: 0.3635930125583471.
checkpoint_e33 window_influence: 0.49210129678587172, penalty_k: 0.13480722178014354, scale_lr: 0.50746212422970161, EAO: 0.331
Trial 124 finished with value: 0.33078991369514615 and parameters: {'window_influence': 0.4921012967858717, 'penalty_k': 0.13480722178014354, 'scale_lr': 0.5074621242297016}. Best is trial 75 with value: 0.3635930125583471.
checkpoint_e33 window_influence: 0.47638433640306566, penalty_k: 0.16558710906414004, scale_lr: 0.51606292121363995, EAO: 0.331
Trial 125 finished with value: 0.3306973902399902 and parameters: {'window_influence': 0.47638433640306566, 'penalty_k': 0.16558710906414004, 'scale_lr': 0.51606292121364}. Best is trial 75 with value: 0.3635930125583471.
checkpoint_e33 window_influence: 0.43996261887233007, penalty_k: 0.11041979392817963, scale_lr: 0.53319822133043682, EAO: 0.335
Trial 126 finished with value: 0.3354138402623425 and parameters: {'window_influence': 0.43996261887233007, 'penalty_k': 0.11041979392817963, 'scale_lr': 0.5331982213304368}. Best is trial 75 with value: 0.3635930125583471.
checkpoint_e33 window_influence: 0.50322025748541022, penalty_k: 0.00083868025361634, scale_lr: 0.55791458392144389, EAO: 0.317
Trial 127 finished with value: 0.3170961810689028 and parameters: {'window_influence': 0.5032202574854102, 'penalty_k': 0.0008386802536163376, 'scale_lr': 0.5579145839214439}. Best is trial 75 with value: 0.3635930125583471.
checkpoint_e33 window_influence: 0.45253271597610872, penalty_k: 0.04651121233141270, scale_lr: 0.48905311221584935, EAO: 0.338
Trial 128 finished with value: 0.3384989395679667 and parameters: {'window_influence': 0.4525327159761087, 'penalty_k': 0.0465112123314127, 'scale_lr': 0.48905311221584935}. Best is trial 75 with value: 0.3635930125583471.
checkpoint_e33 window_influence: 0.41585874969578912, penalty_k: 0.14266406287017708, scale_lr: 0.50144660120461182, EAO: 0.327
Trial 129 finished with value: 0.326910032256568 and parameters: {'window_influence': 0.4158587496957891, 'penalty_k': 0.14266406287017708, 'scale_lr': 0.5014466012046118}. Best is trial 75 with value: 0.3635930125583471.
checkpoint_e33 window_influence: 0.48526746892656025, penalty_k: 0.09496475763577676, scale_lr: 0.54094068699450049, EAO: 0.324
Trial 130 finished with value: 0.323769053306561 and parameters: {'window_influence': 0.48526746892656025, 'penalty_k': 0.09496475763577676, 'scale_lr': 0.5409406869945005}. Best is trial 75 with value: 0.3635930125583471.
checkpoint_e33 window_influence: 0.51381736296593405, penalty_k: 0.12525174070282363, scale_lr: 0.45889329918522714, EAO: 0.319
Trial 131 finished with value: 0.31870644130827386 and parameters: {'window_influence': 0.513817362965934, 'penalty_k': 0.12525174070282363, 'scale_lr': 0.45889329918522714}. Best is trial 75 with value: 0.3635930125583471.
checkpoint_e33 window_influence: 0.52923509782536771, penalty_k: 0.07856575955841077, scale_lr: 0.43230469577690422, EAO: 0.317
Trial 132 finished with value: 0.31669680826394936 and parameters: {'window_influence': 0.5292350978253677, 'penalty_k': 0.07856575955841077, 'scale_lr': 0.4323046957769042}. Best is trial 75 with value: 0.3635930125583471.
checkpoint_e33 window_influence: 0.47082864773309363, penalty_k: 0.11080553725859560, scale_lr: 0.47532168732589863, EAO: 0.342
Trial 133 finished with value: 0.3423612741644744 and parameters: {'window_influence': 0.47082864773309363, 'penalty_k': 0.1108055372585956, 'scale_lr': 0.47532168732589863}. Best is trial 75 with value: 0.3635930125583471.
checkpoint_e33 window_influence: 0.49627023795462338, penalty_k: 0.05972737371809228, scale_lr: 0.52279568606771298, EAO: 0.343
Trial 134 finished with value: 0.34311817986492055 and parameters: {'window_influence': 0.4962702379546234, 'penalty_k': 0.05972737371809228, 'scale_lr': 0.522795686067713}. Best is trial 75 with value: 0.3635930125583471.
checkpoint_e33 window_influence: 0.51280443293973765, penalty_k: 0.02918892794299045, scale_lr: 0.45304065831792389, EAO: 0.352
Trial 135 finished with value: 0.35177267363099274 and parameters: {'window_influence': 0.5128044329397377, 'penalty_k': 0.029188927942990453, 'scale_lr': 0.4530406583179239}. Best is trial 75 with value: 0.3635930125583471.
checkpoint_e33 window_influence: 0.55032675609619619, penalty_k: 0.19987223272322127, scale_lr: 0.48110924462971655, EAO: 0.302
Trial 136 finished with value: 0.3020606547130221 and parameters: {'window_influence': 0.5503267560961962, 'penalty_k': 0.19987223272322127, 'scale_lr': 0.48110924462971655}. Best is trial 75 with value: 0.3635930125583471.
checkpoint_e33 window_influence: 0.52327550056136840, penalty_k: 0.01326029505908184, scale_lr: 0.51111920764207064, EAO: 0.333
Trial 137 finished with value: 0.3326454155639916 and parameters: {'window_influence': 0.5232755005613684, 'penalty_k': 0.013260295059081844, 'scale_lr': 0.5111192076420706}. Best is trial 75 with value: 0.3635930125583471.
checkpoint_e33 window_influence: 0.48423344648558075, penalty_k: 0.04012379843273901, scale_lr: 0.42874393935792304, EAO: 0.347
Trial 138 finished with value: 0.34693542853403647 and parameters: {'window_influence': 0.48423344648558075, 'penalty_k': 0.04012379843273901, 'scale_lr': 0.42874393935792304}. Best is trial 75 with value: 0.3635930125583471.
checkpoint_e33 window_influence: 0.50488113826187087, penalty_k: 0.15753522908044434, scale_lr: 0.46389311405314149, EAO: 0.336
Trial 139 finished with value: 0.33553049791647765 and parameters: {'window_influence': 0.5048811382618709, 'penalty_k': 0.15753522908044434, 'scale_lr': 0.4638931140531415}. Best is trial 75 with value: 0.3635930125583471.
checkpoint_e33 window_influence: 0.45865703603633196, penalty_k: 0.08724818930784321, scale_lr: 0.44096843784707623, EAO: 0.339
Trial 140 finished with value: 0.33928454861566715 and parameters: {'window_influence': 0.45865703603633196, 'penalty_k': 0.08724818930784321, 'scale_lr': 0.44096843784707623}. Best is trial 75 with value: 0.3635930125583471.
checkpoint_e33 window_influence: 0.51375900847242550, penalty_k: 0.02394662617085916, scale_lr: 0.49591359409841801, EAO: 0.348
Trial 141 finished with value: 0.34785369316891473 and parameters: {'window_influence': 0.5137590084724255, 'penalty_k': 0.023946626170859155, 'scale_lr': 0.495913594098418}. Best is trial 75 with value: 0.3635930125583471.
checkpoint_e33 window_influence: 0.54084013088862348, penalty_k: 0.03391830497334093, scale_lr: 0.45141302554019658, EAO: 0.301
Trial 142 finished with value: 0.3006946397546664 and parameters: {'window_influence': 0.5408401308886235, 'penalty_k': 0.03391830497334093, 'scale_lr': 0.4514130255401966}. Best is trial 75 with value: 0.3635930125583471.
checkpoint_e33 window_influence: 0.49137933796109712, penalty_k: 0.06586780665461670, scale_lr: 0.42113415032975615, EAO: 0.350
Trial 143 finished with value: 0.3498700637993646 and parameters: {'window_influence': 0.4913793379610971, 'penalty_k': 0.0658678066546167, 'scale_lr': 0.42113415032975615}. Best is trial 75 with value: 0.3635930125583471.
checkpoint_e33 window_influence: 0.52846290457772127, penalty_k: 0.10293026879539527, scale_lr: 0.45459424635001083, EAO: 0.318
Trial 144 finished with value: 0.3182636330679697 and parameters: {'window_influence': 0.5284629045777213, 'penalty_k': 0.10293026879539527, 'scale_lr': 0.45459424635001083}. Best is trial 75 with value: 0.3635930125583471.
checkpoint_e33 window_influence: 0.47225183856868258, penalty_k: 0.01786234641478108, scale_lr: 0.47345952864254387, EAO: 0.343
Trial 145 finished with value: 0.34289417088263696 and parameters: {'window_influence': 0.4722518385686826, 'penalty_k': 0.01786234641478108, 'scale_lr': 0.47345952864254387}. Best is trial 75 with value: 0.3635930125583471.
checkpoint_e33 window_influence: 0.50559640689345997, penalty_k: 0.04705286395814628, scale_lr: 0.40411934865285171, EAO: 0.354
Trial 146 finished with value: 0.35361014764596516 and parameters: {'window_influence': 0.50559640689346, 'penalty_k': 0.047052863958146285, 'scale_lr': 0.4041193486528517}. Best is trial 75 with value: 0.3635930125583471.
checkpoint_e33 window_influence: 0.49930762323792138, penalty_k: 0.05751501140608191, scale_lr: 0.38841211656234725, EAO: 0.345
Trial 147 finished with value: 0.3447861378063024 and parameters: {'window_influence': 0.4993076232379214, 'penalty_k': 0.05751501140608191, 'scale_lr': 0.38841211656234725}. Best is trial 75 with value: 0.3635930125583471.
checkpoint_e33 window_influence: 0.44875801080501748, penalty_k: 0.07674099694585305, scale_lr: 0.40331705049527572, EAO: 0.327
Trial 148 finished with value: 0.3269734516565902 and parameters: {'window_influence': 0.4487580108050175, 'penalty_k': 0.07674099694585305, 'scale_lr': 0.4033170504952757}. Best is trial 75 with value: 0.3635930125583471.
checkpoint_e33 window_influence: 0.48030351871392052, penalty_k: 0.04881456445966481, scale_lr: 0.41633674491236861, EAO: 0.348
Trial 149 finished with value: 0.34815302050531144 and parameters: {'window_influence': 0.4803035187139205, 'penalty_k': 0.04881456445966481, 'scale_lr': 0.4163367449123686}. Best is trial 75 with value: 0.3635930125583471.
checkpoint_e33 window_influence: 0.50639297064848154, penalty_k: 0.12111776132300850, scale_lr: 0.43514302755032058, EAO: 0.330
Trial 150 finished with value: 0.33031409375862386 and parameters: {'window_influence': 0.5063929706484815, 'penalty_k': 0.1211177613230085, 'scale_lr': 0.4351430275503206}. Best is trial 75 with value: 0.3635930125583471.
checkpoint_e33 window_influence: 0.51723877064471802, penalty_k: 0.02869669407934888, scale_lr: 0.45142411228883400, EAO: 0.339
Trial 151 finished with value: 0.3391991486113359 and parameters: {'window_influence': 0.517238770644718, 'penalty_k': 0.028696694079348876, 'scale_lr': 0.451424112288834}. Best is trial 75 with value: 0.3635930125583471.
checkpoint_e33 window_influence: 0.49388176729676064, penalty_k: 0.01025427780443691, scale_lr: 0.39972000547546233, EAO: 0.336
Trial 152 finished with value: 0.33587978345410835 and parameters: {'window_influence': 0.49388176729676064, 'penalty_k': 0.010254277804436905, 'scale_lr': 0.3997200054754623}. Best is trial 75 with value: 0.3635930125583471.
checkpoint_e33 window_influence: 0.51561322447143720, penalty_k: 0.17707520567811777, scale_lr: 0.43825038951564194, EAO: 0.322
Trial 153 finished with value: 0.32199995950270255 and parameters: {'window_influence': 0.5156132244714372, 'penalty_k': 0.17707520567811777, 'scale_lr': 0.43825038951564194}. Best is trial 75 with value: 0.3635930125583471.
checkpoint_e33 window_influence: 0.46851196640303483, penalty_k: 0.04341666208818674, scale_lr: 0.41616962300345389, EAO: 0.338
Trial 154 finished with value: 0.33777809456164737 and parameters: {'window_influence': 0.46851196640303483, 'penalty_k': 0.043416662088186744, 'scale_lr': 0.4161696230034539}. Best is trial 75 with value: 0.3635930125583471.
checkpoint_e33 window_influence: 0.52953950519508985, penalty_k: 0.02449377857889694, scale_lr: 0.38081355965566704, EAO: 0.311
Trial 155 finished with value: 0.3107776118855532 and parameters: {'window_influence': 0.5295395051950899, 'penalty_k': 0.02449377857889694, 'scale_lr': 0.38081355965566704}. Best is trial 75 with value: 0.3635930125583471.
checkpoint_e33 window_influence: 0.48367045012037380, penalty_k: 0.07129941515898701, scale_lr: 0.46090470579098686, EAO: 0.338
Trial 156 finished with value: 0.33812253925123104 and parameters: {'window_influence': 0.4836704501203738, 'penalty_k': 0.07129941515898701, 'scale_lr': 0.46090470579098686}. Best is trial 75 with value: 0.3635930125583471.
checkpoint_e33 window_influence: 0.50683947327023082, penalty_k: 0.03584424034929132, scale_lr: 0.49146405025102452, EAO: 0.336
Trial 157 finished with value: 0.3362843192505002 and parameters: {'window_influence': 0.5068394732702308, 'penalty_k': 0.03584424034929132, 'scale_lr': 0.4914640502510245}. Best is trial 75 with value: 0.3635930125583471.
checkpoint_e33 window_influence: 0.54176414920184612, penalty_k: 0.00035269152568101, scale_lr: 0.36442998849507902, EAO: 0.314
Trial 158 finished with value: 0.31390912761252215 and parameters: {'window_influence': 0.5417641492018461, 'penalty_k': 0.0003526915256810148, 'scale_lr': 0.364429988495079}. Best is trial 75 with value: 0.3635930125583471.
checkpoint_e33 window_influence: 0.43341933705106866, penalty_k: 0.05567041313191885, scale_lr: 0.50835223277870500, EAO: 0.323
Trial 159 finished with value: 0.3229713093213998 and parameters: {'window_influence': 0.43341933705106866, 'penalty_k': 0.05567041313191885, 'scale_lr': 0.508352232778705}. Best is trial 75 with value: 0.3635930125583471.
checkpoint_e33 window_influence: 0.46461838198944716, penalty_k: 0.10082148458824407, scale_lr: 0.42979518963128555, EAO: 0.337
Trial 160 finished with value: 0.3371116569997736 and parameters: {'window_influence': 0.46461838198944716, 'penalty_k': 0.10082148458824407, 'scale_lr': 0.42979518963128555}. Best is trial 75 with value: 0.3635930125583471.
checkpoint_e33 window_influence: 0.46045897504116012, penalty_k: 0.08566018602283010, scale_lr: 0.40727420227205335, EAO: 0.340
Trial 161 finished with value: 0.340165778588692 and parameters: {'window_influence': 0.4604589750411601, 'penalty_k': 0.0856601860228301, 'scale_lr': 0.40727420227205335}. Best is trial 75 with value: 0.3635930125583471.
checkpoint_e33 window_influence: 0.49149196097422115, penalty_k: 0.06627152419024332, scale_lr: 0.41646797858718732, EAO: 0.331
Trial 162 finished with value: 0.33097718000875836 and parameters: {'window_influence': 0.49149196097422115, 'penalty_k': 0.06627152419024332, 'scale_lr': 0.4164679785871873}. Best is trial 75 with value: 0.3635930125583471.
checkpoint_e33 window_influence: 0.47854975142038270, penalty_k: 0.22213842816278068, scale_lr: 0.39447871795677503, EAO: 0.336
Trial 163 finished with value: 0.33589984528749367 and parameters: {'window_influence': 0.4785497514203827, 'penalty_k': 0.22213842816278068, 'scale_lr': 0.394478717956775}. Best is trial 75 with value: 0.3635930125583471.
checkpoint_e33 window_influence: 0.45333951329273214, penalty_k: 0.07792031479420967, scale_lr: 0.44582685826571344, EAO: 0.337
Trial 164 finished with value: 0.336900444925991 and parameters: {'window_influence': 0.45333951329273214, 'penalty_k': 0.07792031479420967, 'scale_lr': 0.44582685826571344}. Best is trial 75 with value: 0.3635930125583471.
checkpoint_e33 window_influence: 0.49273454842580822, penalty_k: 0.11153604963330628, scale_lr: 0.47804419731534775, EAO: 0.334
Trial 165 finished with value: 0.33376097041345293 and parameters: {'window_influence': 0.4927345484258082, 'penalty_k': 0.11153604963330628, 'scale_lr': 0.47804419731534775}. Best is trial 75 with value: 0.3635930125583471.
checkpoint_e33 window_influence: 0.39495483426241279, penalty_k: 0.09240068721421893, scale_lr: 0.42613043596384576, EAO: 0.307
Trial 166 finished with value: 0.306912500802645 and parameters: {'window_influence': 0.3949548342624128, 'penalty_k': 0.09240068721421893, 'scale_lr': 0.42613043596384576}. Best is trial 75 with value: 0.3635930125583471.
checkpoint_e33 window_influence: 0.50905533736926456, penalty_k: 0.13537362927528437, scale_lr: 0.46639925475651811, EAO: 0.328
Trial 167 finished with value: 0.3276924589496642 and parameters: {'window_influence': 0.5090553373692646, 'penalty_k': 0.13537362927528437, 'scale_lr': 0.4663992547565181}. Best is trial 75 with value: 0.3635930125583471.
checkpoint_e33 window_influence: 0.46850658995063099, penalty_k: 0.04225706382159814, scale_lr: 0.40886081346816655, EAO: 0.340
Trial 168 finished with value: 0.33968969472187505 and parameters: {'window_influence': 0.468506589950631, 'penalty_k': 0.04225706382159814, 'scale_lr': 0.40886081346816655}. Best is trial 75 with value: 0.3635930125583471.
checkpoint_e33 window_influence: 0.44092059639199660, penalty_k: 0.01351932598236653, scale_lr: 0.53010301071319488, EAO: 0.335
Trial 169 finished with value: 0.33541038388871963 and parameters: {'window_influence': 0.4409205963919966, 'penalty_k': 0.013519325982366534, 'scale_lr': 0.5301030107131949}. Best is trial 75 with value: 0.3635930125583471.
checkpoint_e33 window_influence: 0.56359617744995627, penalty_k: 0.18819962390837702, scale_lr: 0.44445526134938912, EAO: 0.291
Trial 170 finished with value: 0.29131784281378126 and parameters: {'window_influence': 0.5635961774499563, 'penalty_k': 0.18819962390837702, 'scale_lr': 0.4444552613493891}. Best is trial 75 with value: 0.3635930125583471.
checkpoint_e33 window_influence: 0.48760494938152016, penalty_k: 0.06418423822229971, scale_lr: 0.41503362989183651, EAO: 0.353
Trial 171 finished with value: 0.35342593380913195 and parameters: {'window_influence': 0.48760494938152016, 'penalty_k': 0.06418423822229971, 'scale_lr': 0.4150336298918365}. Best is trial 75 with value: 0.3635930125583471.
checkpoint_e33 window_influence: 0.48206207686143154, penalty_k: 0.05320852702103060, scale_lr: 0.38288736581298072, EAO: 0.350
Trial 172 finished with value: 0.3498850405680066 and parameters: {'window_influence': 0.48206207686143154, 'penalty_k': 0.0532085270210306, 'scale_lr': 0.3828873658129807}. Best is trial 75 with value: 0.3635930125583471.
checkpoint_e33 window_influence: 0.49829716069603025, penalty_k: 0.02731276885933714, scale_lr: 0.41944890203277102, EAO: 0.342
Trial 173 finished with value: 0.3421894718932734 and parameters: {'window_influence': 0.49829716069603025, 'penalty_k': 0.027312768859337144, 'scale_lr': 0.419448902032771}. Best is trial 75 with value: 0.3635930125583471.
checkpoint_e33 window_influence: 0.51544834867293587, penalty_k: 0.07996156583245602, scale_lr: 0.39875474538556877, EAO: 0.325
Trial 174 finished with value: 0.3251258176008551 and parameters: {'window_influence': 0.5154483486729359, 'penalty_k': 0.07996156583245602, 'scale_lr': 0.39875474538556877}. Best is trial 75 with value: 0.3635930125583471.
checkpoint_e33 window_influence: 0.47768759926919530, penalty_k: 0.06738987118842750, scale_lr: 0.42715702561744090, EAO: 0.356
Trial 175 finished with value: 0.35586351249004616 and parameters: {'window_influence': 0.4776875992691953, 'penalty_k': 0.0673898711884275, 'scale_lr': 0.4271570256174409}. Best is trial 75 with value: 0.3635930125583471.
checkpoint_e33 window_influence: 0.50305167889792035, penalty_k: 0.06094925691827627, scale_lr: 0.43477537083656315, EAO: 0.336
Trial 176 finished with value: 0.33646596939183393 and parameters: {'window_influence': 0.5030516788979204, 'penalty_k': 0.06094925691827627, 'scale_lr': 0.43477537083656315}. Best is trial 75 with value: 0.3635930125583471.
checkpoint_e33 window_influence: 0.52558409607689993, penalty_k: 0.03939297937769690, scale_lr: 0.45760394585920094, EAO: 0.329
Trial 177 finished with value: 0.32863918410664866 and parameters: {'window_influence': 0.5255840960768999, 'penalty_k': 0.039392979377696896, 'scale_lr': 0.45760394585920094}. Best is trial 75 with value: 0.3635930125583471.
checkpoint_e33 window_influence: 0.48549747644626723, penalty_k: 0.23477239832980246, scale_lr: 0.48474352216717914, EAO: 0.348
Trial 178 finished with value: 0.3475150901983684 and parameters: {'window_influence': 0.48549747644626723, 'penalty_k': 0.23477239832980246, 'scale_lr': 0.48474352216717914}. Best is trial 75 with value: 0.3635930125583471.
checkpoint_e33 window_influence: 0.47385911795766411, penalty_k: 0.09912274099186133, scale_lr: 0.54547879689125123, EAO: 0.345
Trial 179 finished with value: 0.34487215913687236 and parameters: {'window_influence': 0.4738591179576641, 'penalty_k': 0.09912274099186133, 'scale_lr': 0.5454787968912512}. Best is trial 75 with value: 0.3635930125583471.
checkpoint_e33 window_influence: 0.49852374347994238, penalty_k: 0.01813457251542436, scale_lr: 0.42811167240472181, EAO: 0.352
Trial 180 finished with value: 0.35212961453871966 and parameters: {'window_influence': 0.4985237434799424, 'penalty_k': 0.01813457251542436, 'scale_lr': 0.4281116724047218}. Best is trial 75 with value: 0.3635930125583471.
checkpoint_e33 window_influence: 0.49673480887353422, penalty_k: 0.01712046445688491, scale_lr: 0.42747963746322187, EAO: 0.358
Trial 181 finished with value: 0.35780727387866157 and parameters: {'window_influence': 0.4967348088735342, 'penalty_k': 0.017120464456884914, 'scale_lr': 0.4274796374632219}. Best is trial 75 with value: 0.3635930125583471.
checkpoint_e33 window_influence: 0.49726111744426210, penalty_k: 0.01377284400773928, scale_lr: 0.43195378291566733, EAO: 0.350
