Trial 842 finished with value: 0.31964982025586214 and parameters: {'window_influence': 0.37901496743614155, 'penalty_k': 0.009451532830499813, 'scale_lr': 0.3290054891185737}. Best is trial 509 with value: 0.3760354560636825.
checkpoint_e33 window_influence: 0.53661993002041508, penalty_k: 0.35435999650144645, scale_lr: 0.62400356231441478, EAO: 0.285
Trial 843 finished with value: 0.28461417045574705 and parameters: {'window_influence': 0.5366199300204151, 'penalty_k': 0.35435999650144645, 'scale_lr': 0.6240035623144148}. Best is trial 509 with value: 0.3760354560636825.
checkpoint_e33 window_influence: 0.41449710231465781, penalty_k: 0.07143869409565683, scale_lr: 0.75866166662028744, EAO: 0.306
Trial 844 finished with value: 0.30620772411851105 and parameters: {'window_influence': 0.4144971023146578, 'penalty_k': 0.07143869409565683, 'scale_lr': 0.7586616666202874}. Best is trial 509 with value: 0.3760354560636825.
checkpoint_e33 window_influence: 0.32875187583673926, penalty_k: 0.05273572557234060, scale_lr: 0.11712128523736641, EAO: 0.327
Trial 845 finished with value: 0.32724642933342707 and parameters: {'window_influence': 0.32875187583673926, 'penalty_k': 0.0527357255723406, 'scale_lr': 0.11712128523736641}. Best is trial 509 with value: 0.3760354560636825.
checkpoint_e33 window_influence: 0.59004757777633632, penalty_k: 0.02127020913145793, scale_lr: 0.60736693632085137, EAO: 0.256
Trial 846 finished with value: 0.2562701052728794 and parameters: {'window_influence': 0.5900475777763363, 'penalty_k': 0.021270209131457926, 'scale_lr': 0.6073669363208514}. Best is trial 509 with value: 0.3760354560636825.
checkpoint_e33 window_influence: 0.47965241489281074, penalty_k: 0.33061462039898759, scale_lr: 0.34207046735463381, EAO: 0.323
Trial 847 finished with value: 0.32296529400673357 and parameters: {'window_influence': 0.47965241489281074, 'penalty_k': 0.3306146203989876, 'scale_lr': 0.3420704673546338}. Best is trial 509 with value: 0.3760354560636825.
checkpoint_e33 window_influence: 0.47095182803882935, penalty_k: 0.46291720073008996, scale_lr: 0.53980309837417173, EAO: 0.305
Trial 848 finished with value: 0.30526280200203104 and parameters: {'window_influence': 0.47095182803882935, 'penalty_k': 0.46291720073008996, 'scale_lr': 0.5398030983741717}. Best is trial 509 with value: 0.3760354560636825.
checkpoint_e33 window_influence: 0.49725585008295520, penalty_k: 0.43463140460595995, scale_lr: 0.76844383068819910, EAO: 0.292
Trial 849 finished with value: 0.29170520464501953 and parameters: {'window_influence': 0.4972558500829552, 'penalty_k': 0.43463140460595995, 'scale_lr': 0.7684438306881991}. Best is trial 509 with value: 0.3760354560636825.
checkpoint_e33 window_influence: 0.17614031262530558, penalty_k: 0.56493785496504234, scale_lr: 0.56347283393330772, EAO: 0.260
Trial 850 finished with value: 0.2603003495166274 and parameters: {'window_influence': 0.17614031262530558, 'penalty_k': 0.5649378549650423, 'scale_lr': 0.5634728339333077}. Best is trial 509 with value: 0.3760354560636825.
checkpoint_e33 window_influence: 0.52430639369632437, penalty_k: 0.09192362174371183, scale_lr: 0.48984991390743127, EAO: 0.329
Trial 851 finished with value: 0.3285265217031486 and parameters: {'window_influence': 0.5243063936963244, 'penalty_k': 0.09192362174371183, 'scale_lr': 0.48984991390743127}. Best is trial 509 with value: 0.3760354560636825.
checkpoint_e33 window_influence: 0.36186321029498258, penalty_k: 0.41324525039676130, scale_lr: 0.47446838259493401, EAO: 0.318
Trial 852 finished with value: 0.31797994887782444 and parameters: {'window_influence': 0.3618632102949826, 'penalty_k': 0.4132452503967613, 'scale_lr': 0.474468382594934}. Best is trial 509 with value: 0.3760354560636825.
checkpoint_e33 window_influence: 0.36624543402195425, penalty_k: 0.16452550492562520, scale_lr: 0.73240805163585276, EAO: 0.316
Trial 853 finished with value: 0.3160426225875602 and parameters: {'window_influence': 0.36624543402195425, 'penalty_k': 0.1645255049256252, 'scale_lr': 0.7324080516358528}. Best is trial 509 with value: 0.3760354560636825.
checkpoint_e33 window_influence: 0.62073337812161888, penalty_k: 0.03177414433191521, scale_lr: 0.35871321808950590, EAO: 0.250
Trial 854 finished with value: 0.2504773343467527 and parameters: {'window_influence': 0.6207333781216189, 'penalty_k': 0.03177414433191521, 'scale_lr': 0.3587132180895059}. Best is trial 509 with value: 0.3760354560636825.
checkpoint_e33 window_influence: 0.18703862159575851, penalty_k: 0.06296897308167110, scale_lr: 0.71938234344768226, EAO: 0.291
Trial 855 finished with value: 0.29102325752551456 and parameters: {'window_influence': 0.18703862159575851, 'penalty_k': 0.0629689730816711, 'scale_lr': 0.7193823434476823}. Best is trial 509 with value: 0.3760354560636825.
checkpoint_e33 window_influence: 0.48869520665914801, penalty_k: 0.04183015570914738, scale_lr: 0.52138530260076266, EAO: 0.347
Trial 856 finished with value: 0.3467821361721722 and parameters: {'window_influence': 0.488695206659148, 'penalty_k': 0.04183015570914738, 'scale_lr': 0.5213853026007627}. Best is trial 509 with value: 0.3760354560636825.
checkpoint_e33 window_influence: 0.37230402247890976, penalty_k: 0.01545988221147099, scale_lr: 0.57807352150614111, EAO: 0.312
Trial 857 finished with value: 0.3120302060466796 and parameters: {'window_influence': 0.37230402247890976, 'penalty_k': 0.015459882211470995, 'scale_lr': 0.5780735215061411}. Best is trial 509 with value: 0.3760354560636825.
checkpoint_e33 window_influence: 0.24129758938399759, penalty_k: 0.47531379646786642, scale_lr: 0.63790486947730141, EAO: 0.284
Trial 858 finished with value: 0.2840652847336424 and parameters: {'window_influence': 0.2412975893839976, 'penalty_k': 0.4753137964678664, 'scale_lr': 0.6379048694773014}. Best is trial 509 with value: 0.3760354560636825.
checkpoint_e33 window_influence: 0.25684744392470871, penalty_k: 0.35192192522675503, scale_lr: 0.42204274427358035, EAO: 0.297
Trial 859 finished with value: 0.2974526226404576 and parameters: {'window_influence': 0.2568474439247087, 'penalty_k': 0.35192192522675503, 'scale_lr': 0.42204274427358035}. Best is trial 509 with value: 0.3760354560636825.
checkpoint_e33 window_influence: 0.50893954123337171, penalty_k: 0.28511325670544790, scale_lr: 0.77584289513413474, EAO: 0.304
Trial 860 finished with value: 0.3044550101696749 and parameters: {'window_influence': 0.5089395412333717, 'penalty_k': 0.2851132567054479, 'scale_lr': 0.7758428951341347}. Best is trial 509 with value: 0.3760354560636825.
checkpoint_e33 window_influence: 0.56350972522046450, penalty_k: 0.05542033156530886, scale_lr: 0.31856848912396102, EAO: 0.311
Trial 861 finished with value: 0.3106819652165884 and parameters: {'window_influence': 0.5635097252204645, 'penalty_k': 0.05542033156530886, 'scale_lr': 0.318568489123961}. Best is trial 509 with value: 0.3760354560636825.
checkpoint_e33 window_influence: 0.46828537034638096, penalty_k: 0.11772873235682016, scale_lr: 0.45841324561826691, EAO: 0.336
Trial 862 finished with value: 0.3358332133246767 and parameters: {'window_influence': 0.46828537034638096, 'penalty_k': 0.11772873235682016, 'scale_lr': 0.4584132456182669}. Best is trial 509 with value: 0.3760354560636825.
checkpoint_e33 window_influence: 0.48154881059424376, penalty_k: 0.44235949367486727, scale_lr: 0.60196796763582938, EAO: 0.305
Trial 863 finished with value: 0.3052619313567529 and parameters: {'window_influence': 0.48154881059424376, 'penalty_k': 0.44235949367486727, 'scale_lr': 0.6019679676358294}. Best is trial 509 with value: 0.3760354560636825.
checkpoint_e33 window_influence: 0.49832764323294193, penalty_k: 0.03199077345381596, scale_lr: 0.38455450863763641, EAO: 0.328
Trial 864 finished with value: 0.3277197244798163 and parameters: {'window_influence': 0.49832764323294193, 'penalty_k': 0.03199077345381596, 'scale_lr': 0.3845545086376364}. Best is trial 509 with value: 0.3760354560636825.
checkpoint_e33 window_influence: 0.11025293665810657, penalty_k: 0.25221026351971387, scale_lr: 0.33472468087416041, EAO: 0.260
Trial 865 finished with value: 0.25996632920396934 and parameters: {'window_influence': 0.11025293665810657, 'penalty_k': 0.2522102635197139, 'scale_lr': 0.3347246808741604}. Best is trial 509 with value: 0.3760354560636825.
checkpoint_e33 window_influence: 0.23093054524985493, penalty_k: 0.00945843964715491, scale_lr: 0.43817703773642314, EAO: 0.285
Trial 866 finished with value: 0.2849426342007715 and parameters: {'window_influence': 0.23093054524985493, 'penalty_k': 0.00945843964715491, 'scale_lr': 0.43817703773642314}. Best is trial 509 with value: 0.3760354560636825.
checkpoint_e33 window_influence: 0.39378273740549558, penalty_k: 0.58776422065791589, scale_lr: 0.64947672694635172, EAO: 0.317
Trial 867 finished with value: 0.3171860680042074 and parameters: {'window_influence': 0.3937827374054956, 'penalty_k': 0.5877642206579159, 'scale_lr': 0.6494767269463517}. Best is trial 509 with value: 0.3760354560636825.
checkpoint_e33 window_influence: 0.41276100398643334, penalty_k: 0.26692505115742088, scale_lr: 0.78544755361542851, EAO: 0.336
Trial 868 finished with value: 0.3359669382006278 and parameters: {'window_influence': 0.41276100398643334, 'penalty_k': 0.2669250511574209, 'scale_lr': 0.7854475536154285}. Best is trial 509 with value: 0.3760354560636825.
checkpoint_e33 window_influence: 0.51144285557502167, penalty_k: 0.08105991517365241, scale_lr: 0.55614075697843801, EAO: 0.341
Trial 869 finished with value: 0.34148485813623275 and parameters: {'window_influence': 0.5114428555750217, 'penalty_k': 0.08105991517365241, 'scale_lr': 0.556140756978438}. Best is trial 509 with value: 0.3760354560636825.
checkpoint_e33 window_influence: 0.27061848232625280, penalty_k: 0.37852631930110325, scale_lr: 0.27939541063056955, EAO: 0.282
Trial 870 finished with value: 0.28157506830961326 and parameters: {'window_influence': 0.2706184823262528, 'penalty_k': 0.37852631930110325, 'scale_lr': 0.27939541063056955}. Best is trial 509 with value: 0.3760354560636825.
checkpoint_e33 window_influence: 0.25618148834005916, penalty_k: 0.31644969224202607, scale_lr: 0.74194618412520030, EAO: 0.298
Trial 871 finished with value: 0.29821661016124695 and parameters: {'window_influence': 0.25618148834005916, 'penalty_k': 0.31644969224202607, 'scale_lr': 0.7419461841252003}. Best is trial 509 with value: 0.3760354560636825.
checkpoint_e33 window_influence: 0.60133183106927013, penalty_k: 0.02564425920612325, scale_lr: 0.67166529953543619, EAO: 0.263
Trial 872 finished with value: 0.26309451118749405 and parameters: {'window_influence': 0.6013318310692701, 'penalty_k': 0.025644259206123246, 'scale_lr': 0.6716652995354362}. Best is trial 509 with value: 0.3760354560636825.
checkpoint_e33 window_influence: 0.54870764032186536, penalty_k: 0.40149125572234884, scale_lr: 0.62475320433353865, EAO: 0.269
Trial 873 finished with value: 0.2694244446225667 and parameters: {'window_influence': 0.5487076403218654, 'penalty_k': 0.40149125572234884, 'scale_lr': 0.6247532043335386}. Best is trial 509 with value: 0.3760354560636825.
checkpoint_e33 window_influence: 0.47072317400358915, penalty_k: 0.04496885328770781, scale_lr: 0.40114524869547702, EAO: 0.345
Trial 874 finished with value: 0.34480348310581904 and parameters: {'window_influence': 0.47072317400358915, 'penalty_k': 0.044968853287707805, 'scale_lr': 0.401145248695477}. Best is trial 509 with value: 0.3760354560636825.
checkpoint_e33 window_influence: 0.48746813323656202, penalty_k: 0.51391515784290076, scale_lr: 0.53238408415792449, EAO: 0.290
Trial 875 finished with value: 0.29001738212219935 and parameters: {'window_influence': 0.487468133236562, 'penalty_k': 0.5139151578429008, 'scale_lr': 0.5323840841579245}. Best is trial 509 with value: 0.3760354560636825.
checkpoint_e33 window_influence: 0.47637556285959620, penalty_k: 0.48835717548118462, scale_lr: 0.70514508262783726, EAO: 0.320
Trial 876 finished with value: 0.3198311375852689 and parameters: {'window_influence': 0.4763755628595962, 'penalty_k': 0.4883571754811846, 'scale_lr': 0.7051450826278373}. Best is trial 509 with value: 0.3760354560636825.
checkpoint_e33 window_influence: 0.52094193145641887, penalty_k: 0.06586267152644608, scale_lr: 0.41249382384038497, EAO: 0.327
Trial 877 finished with value: 0.3271877113947145 and parameters: {'window_influence': 0.5209419314564189, 'penalty_k': 0.06586267152644608, 'scale_lr': 0.41249382384038497}. Best is trial 509 with value: 0.3760354560636825.
checkpoint_e33 window_influence: 0.29269754168265366, penalty_k: 0.37263452662042679, scale_lr: 0.45286127569765633, EAO: 0.295
Trial 878 finished with value: 0.29539802537122123 and parameters: {'window_influence': 0.29269754168265366, 'penalty_k': 0.3726345266204268, 'scale_lr': 0.45286127569765633}. Best is trial 509 with value: 0.3760354560636825.
checkpoint_e33 window_influence: 0.18740246462687873, penalty_k: 0.29673655104818369, scale_lr: 0.36662046003060950, EAO: 0.275
Trial 879 finished with value: 0.27543282543638803 and parameters: {'window_influence': 0.18740246462687873, 'penalty_k': 0.2967365510481837, 'scale_lr': 0.3666204600306095}. Best is trial 509 with value: 0.3760354560636825.
checkpoint_e33 window_influence: 0.26142944981736488, penalty_k: 0.14635378339060026, scale_lr: 0.49712879524932785, EAO: 0.288
Trial 880 finished with value: 0.2876199260643948 and parameters: {'window_influence': 0.2614294498173649, 'penalty_k': 0.14635378339060026, 'scale_lr': 0.49712879524932785}. Best is trial 509 with value: 0.3760354560636825.
checkpoint_e33 window_influence: 0.49252154268052933, penalty_k: 0.59773813749329396, scale_lr: 0.51692063278485834, EAO: 0.290
Trial 881 finished with value: 0.28990000666115534 and parameters: {'window_influence': 0.49252154268052933, 'penalty_k': 0.597738137493294, 'scale_lr': 0.5169206327848583}. Best is trial 509 with value: 0.3760354560636825.
checkpoint_e33 window_influence: 0.33969657303382295, penalty_k: 0.09565733574009162, scale_lr: 0.58174266746485970, EAO: 0.318
Trial 882 finished with value: 0.3180950268349295 and parameters: {'window_influence': 0.33969657303382295, 'penalty_k': 0.09565733574009162, 'scale_lr': 0.5817426674648597}. Best is trial 509 with value: 0.3760354560636825.
checkpoint_e33 window_influence: 0.38524516300325645, penalty_k: 0.03766640621100265, scale_lr: 0.30099706005860777, EAO: 0.330
Trial 883 finished with value: 0.3296586988269123 and parameters: {'window_influence': 0.38524516300325645, 'penalty_k': 0.03766640621100265, 'scale_lr': 0.30099706005860777}. Best is trial 509 with value: 0.3760354560636825.
checkpoint_e33 window_influence: 0.16737253666443933, penalty_k: 0.33960285618391906, scale_lr: 0.26245562100697095, EAO: 0.268
Trial 884 finished with value: 0.2682892826280705 and parameters: {'window_influence': 0.16737253666443933, 'penalty_k': 0.33960285618391906, 'scale_lr': 0.26245562100697095}. Best is trial 509 with value: 0.3760354560636825.
checkpoint_e33 window_influence: 0.46512132692826258, penalty_k: 0.05030717104976230, scale_lr: 0.75995415946565192, EAO: 0.342
Trial 885 finished with value: 0.3417151956474735 and parameters: {'window_influence': 0.4651213269282626, 'penalty_k': 0.0503071710497623, 'scale_lr': 0.7599541594656519}. Best is trial 509 with value: 0.3760354560636825.
checkpoint_e33 window_influence: 0.50019742421931834, penalty_k: 0.45165713242587291, scale_lr: 0.61071827539334733, EAO: 0.296
Trial 886 finished with value: 0.29603550945506485 and parameters: {'window_influence': 0.5001974242193183, 'penalty_k': 0.4516571324258729, 'scale_lr': 0.6107182753933473}. Best is trial 509 with value: 0.3760354560636825.
checkpoint_e33 window_influence: 0.35002285748675960, penalty_k: 0.02096704817314926, scale_lr: 0.63790489108485304, EAO: 0.316
Trial 887 finished with value: 0.316047194634894 and parameters: {'window_influence': 0.3500228574867596, 'penalty_k': 0.02096704817314926, 'scale_lr': 0.637904891084853}. Best is trial 509 with value: 0.3760354560636825.
checkpoint_e33 window_influence: 0.09659654382452748, penalty_k: 0.52073675854906765, scale_lr: 0.54707460903431737, EAO: 0.255
Trial 888 finished with value: 0.25486483294444323 and parameters: {'window_influence': 0.09659654382452748, 'penalty_k': 0.5207367585490676, 'scale_lr': 0.5470746090343174}. Best is trial 509 with value: 0.3760354560636825.
checkpoint_e33 window_influence: 0.08779507492121297, penalty_k: 0.30477522902207238, scale_lr: 0.65397900520493579, EAO: 0.262
Trial 889 finished with value: 0.26180864238553475 and parameters: {'window_influence': 0.08779507492121297, 'penalty_k': 0.3047752290220724, 'scale_lr': 0.6539790052049358}. Best is trial 509 with value: 0.3760354560636825.
checkpoint_e33 window_influence: 0.48025545539219827, penalty_k: 0.07495723288845092, scale_lr: 0.71926141461525916, EAO: 0.339
Trial 890 finished with value: 0.33854219329032453 and parameters: {'window_influence': 0.48025545539219827, 'penalty_k': 0.07495723288845092, 'scale_lr': 0.7192614146152592}. Best is trial 509 with value: 0.3760354560636825.
checkpoint_e33 window_influence: 0.53566706464801139, penalty_k: 0.00063802959474180, scale_lr: 0.69440932042221815, EAO: 0.316
Trial 891 finished with value: 0.3159246405854763 and parameters: {'window_influence': 0.5356670646480114, 'penalty_k': 0.0006380295947418027, 'scale_lr': 0.6944093204222181}. Best is trial 509 with value: 0.3760354560636825.
checkpoint_e33 window_influence: 0.20425410011743125, penalty_k: 0.05731021382318540, scale_lr: 0.37897627357728914, EAO: 0.299
Trial 892 finished with value: 0.29934131739668346 and parameters: {'window_influence': 0.20425410011743125, 'penalty_k': 0.0573102138231854, 'scale_lr': 0.37897627357728914}. Best is trial 509 with value: 0.3760354560636825.
checkpoint_e33 window_influence: 0.40600316147169441, penalty_k: 0.10253744251130723, scale_lr: 0.10549048333008193, EAO: 0.338
Trial 893 finished with value: 0.33807004918616107 and parameters: {'window_influence': 0.4060031614716944, 'penalty_k': 0.10253744251130723, 'scale_lr': 0.10549048333008193}. Best is trial 509 with value: 0.3760354560636825.
checkpoint_e33 window_influence: 0.20242161989932378, penalty_k: 0.27611709905713439, scale_lr: 0.34843452682866388, EAO: 0.272
Trial 894 finished with value: 0.2720490292236499 and parameters: {'window_influence': 0.20242161989932378, 'penalty_k': 0.2761170990571344, 'scale_lr': 0.3484345268286639}. Best is trial 509 with value: 0.3760354560636825.
checkpoint_e33 window_influence: 0.46659340908712948, penalty_k: 0.02993457471905718, scale_lr: 0.79294074573749407, EAO: 0.352
Trial 895 finished with value: 0.3523814275802805 and parameters: {'window_influence': 0.4665934090871295, 'penalty_k': 0.02993457471905718, 'scale_lr': 0.7929407457374941}. Best is trial 509 with value: 0.3760354560636825.
checkpoint_e33 window_influence: 0.50982695644214160, penalty_k: 0.01076680692392015, scale_lr: 0.48241754763451861, EAO: 0.378
Trial 896 finished with value: 0.3777425812144224 and parameters: {'window_influence': 0.5098269564421416, 'penalty_k': 0.010766806923920149, 'scale_lr': 0.4824175476345186}. Best is trial 896 with value: 0.3777425812144224.
checkpoint_e33 window_influence: 0.25014265440357014, penalty_k: 0.01090472779756269, scale_lr: 0.46997087292813522, EAO: 0.292
Trial 897 finished with value: 0.2916794214615098 and parameters: {'window_influence': 0.25014265440357014, 'penalty_k': 0.010904727797562686, 'scale_lr': 0.4699708729281352}. Best is trial 896 with value: 0.3777425812144224.
checkpoint_e33 window_influence: 0.42724298939189492, penalty_k: 0.00081017913192693, scale_lr: 0.48436637206993405, EAO: 0.335
Trial 898 finished with value: 0.33511043592185824 and parameters: {'window_influence': 0.4272429893918949, 'penalty_k': 0.0008101791319269256, 'scale_lr': 0.48436637206993405}. Best is trial 896 with value: 0.3777425812144224.
checkpoint_e33 window_influence: 0.44770478032852645, penalty_k: 0.01886605447822236, scale_lr: 0.49293473988821962, EAO: 0.334
Trial 899 finished with value: 0.3339924441237394 and parameters: {'window_influence': 0.44770478032852645, 'penalty_k': 0.01886605447822236, 'scale_lr': 0.4929347398882196}. Best is trial 896 with value: 0.3777425812144224.
checkpoint_e33 window_influence: 0.48973086991545878, penalty_k: 0.01021063676075633, scale_lr: 0.47247982912875991, EAO: 0.347
Trial 900 finished with value: 0.34730578941593837 and parameters: {'window_influence': 0.4897308699154588, 'penalty_k': 0.01021063676075633, 'scale_lr': 0.4724798291287599}. Best is trial 896 with value: 0.3777425812144224.
checkpoint_e33 window_influence: 0.47139134766960999, penalty_k: 0.55325242707773326, scale_lr: 0.49969880093920638, EAO: 0.301
Trial 901 finished with value: 0.3013173843288236 and parameters: {'window_influence': 0.47139134766961, 'penalty_k': 0.5532524270777333, 'scale_lr': 0.4996988009392064}. Best is trial 896 with value: 0.3777425812144224.
checkpoint_e33 window_influence: 0.45987217588816043, penalty_k: 0.50693798282017499, scale_lr: 0.50648431229005952, EAO: 0.334
Trial 902 finished with value: 0.333585233307998 and parameters: {'window_influence': 0.45987217588816043, 'penalty_k': 0.506937982820175, 'scale_lr': 0.5064843122900595}. Best is trial 896 with value: 0.3777425812144224.
checkpoint_e33 window_influence: 0.31650944270922909, penalty_k: 0.12449318760565213, scale_lr: 0.51538737589091643, EAO: 0.299
Trial 903 finished with value: 0.298854478776223 and parameters: {'window_influence': 0.3165094427092291, 'penalty_k': 0.12449318760565213, 'scale_lr': 0.5153873758909164}. Best is trial 896 with value: 0.3777425812144224.
checkpoint_e33 window_influence: 0.48134243227244872, penalty_k: 0.02755079339354609, scale_lr: 0.44762325462311786, EAO: 0.348
