Trial 1426 finished with value: 0.30517200545810075 and parameters: {'window_influence': 0.5106013888420358, 'penalty_k': 0.4426766879810418, 'scale_lr': 0.2878603382066235}. Best is trial 62 with value: 0.3726749919963718.
checkpoint_e29 window_influence: 0.46358294726135230, penalty_k: 0.33050246635653296, scale_lr: 0.46425373007719067, EAO: 0.329
Trial 1427 finished with value: 0.3294161436390784 and parameters: {'window_influence': 0.4635829472613523, 'penalty_k': 0.33050246635653296, 'scale_lr': 0.4642537300771907}. Best is trial 62 with value: 0.3726749919963718.
checkpoint_e29 window_influence: 0.37232389489449480, penalty_k: 0.59861609057549625, scale_lr: 0.52420906295739178, EAO: 0.337
Trial 1428 finished with value: 0.33698143894106497 and parameters: {'window_influence': 0.3723238948944948, 'penalty_k': 0.5986160905754963, 'scale_lr': 0.5242090629573918}. Best is trial 62 with value: 0.3726749919963718.
checkpoint_e29 window_influence: 0.40719980872025230, penalty_k: 0.42453737514589707, scale_lr: 0.12390643429740686, EAO: 0.322
Trial 1429 finished with value: 0.3215794948288439 and parameters: {'window_influence': 0.4071998087202523, 'penalty_k': 0.42453737514589707, 'scale_lr': 0.12390643429740686}. Best is trial 62 with value: 0.3726749919963718.
checkpoint_e29 window_influence: 0.17985300354825837, penalty_k: 0.44625806352670316, scale_lr: 0.34770315421874398, EAO: 0.259
Trial 1430 finished with value: 0.2590458453397343 and parameters: {'window_influence': 0.17985300354825837, 'penalty_k': 0.44625806352670316, 'scale_lr': 0.347703154218744}. Best is trial 62 with value: 0.3726749919963718.
checkpoint_e29 window_influence: 0.49613509410182510, penalty_k: 0.21570186088887700, scale_lr: 0.63475454543150711, EAO: 0.316
Trial 1431 finished with value: 0.3157180304193311 and parameters: {'window_influence': 0.4961350941018251, 'penalty_k': 0.215701860888877, 'scale_lr': 0.6347545454315071}. Best is trial 62 with value: 0.3726749919963718.
checkpoint_e29 window_influence: 0.52065467139901400, penalty_k: 0.37695740693090618, scale_lr: 0.10081840721843523, EAO: 0.291
Trial 1432 finished with value: 0.2911358768490038 and parameters: {'window_influence': 0.520654671399014, 'penalty_k': 0.3769574069309062, 'scale_lr': 0.10081840721843523}. Best is trial 62 with value: 0.3726749919963718.
checkpoint_e29 window_influence: 0.48283588824449619, penalty_k: 0.56868068317622189, scale_lr: 0.55521186474009376, EAO: 0.323
Trial 1433 finished with value: 0.3225597368140165 and parameters: {'window_influence': 0.4828358882444962, 'penalty_k': 0.5686806831762219, 'scale_lr': 0.5552118647400938}. Best is trial 62 with value: 0.3726749919963718.
checkpoint_e29 window_influence: 0.07178026473481991, penalty_k: 0.47752492163242199, scale_lr: 0.25888624329450194, EAO: 0.238
Trial 1434 finished with value: 0.23786239639098541 and parameters: {'window_influence': 0.07178026473481991, 'penalty_k': 0.477524921632422, 'scale_lr': 0.25888624329450194}. Best is trial 62 with value: 0.3726749919963718.
checkpoint_e29 window_influence: 0.50572187779088684, penalty_k: 0.30146904805799390, scale_lr: 0.16023908278370674, EAO: 0.322
Trial 1435 finished with value: 0.3215864954755464 and parameters: {'window_influence': 0.5057218777908868, 'penalty_k': 0.3014690480579939, 'scale_lr': 0.16023908278370674}. Best is trial 62 with value: 0.3726749919963718.
checkpoint_e29 window_influence: 0.35859213840566129, penalty_k: 0.48277351031945359, scale_lr: 0.19800573670755792, EAO: 0.323
Trial 1436 finished with value: 0.3225334141157017 and parameters: {'window_influence': 0.3585921384056613, 'penalty_k': 0.4827735103194536, 'scale_lr': 0.19800573670755792}. Best is trial 62 with value: 0.3726749919963718.
checkpoint_e29 window_influence: 0.54544184794872730, penalty_k: 0.36572579503546421, scale_lr: 0.74964701530984956, EAO: 0.290
Trial 1437 finished with value: 0.2898498241887482 and parameters: {'window_influence': 0.5454418479487273, 'penalty_k': 0.3657257950354642, 'scale_lr': 0.7496470153098496}. Best is trial 62 with value: 0.3726749919963718.
checkpoint_e29 window_influence: 0.43838898347818961, penalty_k: 0.43672543171924333, scale_lr: 0.51056432325106238, EAO: 0.320
Trial 1438 finished with value: 0.3195001894629883 and parameters: {'window_influence': 0.4383889834781896, 'penalty_k': 0.43672543171924333, 'scale_lr': 0.5105643232510624}. Best is trial 62 with value: 0.3726749919963718.
checkpoint_e29 window_influence: 0.25166293788327809, penalty_k: 0.06082867577437082, scale_lr: 0.62200723072919040, EAO: 0.306
Trial 1439 finished with value: 0.30639062972616127 and parameters: {'window_influence': 0.2516629378832781, 'penalty_k': 0.06082867577437082, 'scale_lr': 0.6220072307291904}. Best is trial 62 with value: 0.3726749919963718.
checkpoint_e29 window_influence: 0.47413076485538896, penalty_k: 0.30243929291376503, scale_lr: 0.24053038870487831, EAO: 0.342
Trial 1440 finished with value: 0.3420170825047252 and parameters: {'window_influence': 0.47413076485538896, 'penalty_k': 0.30243929291376503, 'scale_lr': 0.2405303887048783}. Best is trial 62 with value: 0.3726749919963718.
checkpoint_e29 window_influence: 0.45277248978049789, penalty_k: 0.28489583867364948, scale_lr: 0.59335776701491061, EAO: 0.318
Trial 1441 finished with value: 0.31820310994344925 and parameters: {'window_influence': 0.4527724897804979, 'penalty_k': 0.2848958386736495, 'scale_lr': 0.5933577670149106}. Best is trial 62 with value: 0.3726749919963718.
checkpoint_e29 window_influence: 0.56345080193595254, penalty_k: 0.53776290938229887, scale_lr: 0.48027145310207109, EAO: 0.272
Trial 1442 finished with value: 0.2720994977171783 and parameters: {'window_influence': 0.5634508019359525, 'penalty_k': 0.5377629093822989, 'scale_lr': 0.4802714531020711}. Best is trial 62 with value: 0.3726749919963718.
checkpoint_e29 window_influence: 0.63519044008739367, penalty_k: 0.46106334084716599, scale_lr: 0.53393362868154759, EAO: 0.240
Trial 1443 finished with value: 0.24031737296033925 and parameters: {'window_influence': 0.6351904400873937, 'penalty_k': 0.461063340847166, 'scale_lr': 0.5339336286815476}. Best is trial 62 with value: 0.3726749919963718.
checkpoint_e29 window_influence: 0.49569695216363557, penalty_k: 0.57619830978431152, scale_lr: 0.43519235985837201, EAO: 0.313
Trial 1444 finished with value: 0.31349826920125273 and parameters: {'window_influence': 0.4956969521636356, 'penalty_k': 0.5761983097843115, 'scale_lr': 0.435192359858372}. Best is trial 62 with value: 0.3726749919963718.
checkpoint_e29 window_influence: 0.20057360111958064, penalty_k: 0.38163669920603377, scale_lr: 0.14637510085269470, EAO: 0.271
Trial 1445 finished with value: 0.2708607913803034 and parameters: {'window_influence': 0.20057360111958064, 'penalty_k': 0.38163669920603377, 'scale_lr': 0.1463751008526947}. Best is trial 62 with value: 0.3726749919963718.
checkpoint_e29 window_influence: 0.42524766839652217, penalty_k: 0.51138042247305082, scale_lr: 0.77084868252207506, EAO: 0.331
Trial 1446 finished with value: 0.33054890370554496 and parameters: {'window_influence': 0.42524766839652217, 'penalty_k': 0.5113804224730508, 'scale_lr': 0.7708486825220751}. Best is trial 62 with value: 0.3726749919963718.
checkpoint_e29 window_influence: 0.51607376484341672, penalty_k: 0.56480518055202622, scale_lr: 0.21804025630844404, EAO: 0.286
Trial 1447 finished with value: 0.2860458924032835 and parameters: {'window_influence': 0.5160737648434167, 'penalty_k': 0.5648051805520262, 'scale_lr': 0.21804025630844404}. Best is trial 62 with value: 0.3726749919963718.
checkpoint_e29 window_influence: 0.53169705792600463, penalty_k: 0.33215348641874842, scale_lr: 0.37567020110611526, EAO: 0.310
Trial 1448 finished with value: 0.3104806883905648 and parameters: {'window_influence': 0.5316970579260046, 'penalty_k': 0.3321534864187484, 'scale_lr': 0.37567020110611526}. Best is trial 62 with value: 0.3726749919963718.
checkpoint_e29 window_influence: 0.46404691302105749, penalty_k: 0.55170428701817131, scale_lr: 0.30117172030584083, EAO: 0.298
Trial 1449 finished with value: 0.29764511827596896 and parameters: {'window_influence': 0.4640469130210575, 'penalty_k': 0.5517042870181713, 'scale_lr': 0.30117172030584083}. Best is trial 62 with value: 0.3726749919963718.
checkpoint_e29 window_influence: 0.48153576277064608, penalty_k: 0.10214906195130360, scale_lr: 0.46403946027994702, EAO: 0.339
Trial 1450 finished with value: 0.3389832568771644 and parameters: {'window_influence': 0.4815357627706461, 'penalty_k': 0.1021490619513036, 'scale_lr': 0.464039460279947}. Best is trial 62 with value: 0.3726749919963718.
checkpoint_e29 window_influence: 0.50546117676725699, penalty_k: 0.51941510628994214, scale_lr: 0.56448673510594660, EAO: 0.311
Trial 1451 finished with value: 0.31108668063865097 and parameters: {'window_influence': 0.505461176767257, 'penalty_k': 0.5194151062899421, 'scale_lr': 0.5644867351059466}. Best is trial 62 with value: 0.3726749919963718.
checkpoint_e29 window_influence: 0.49541625398380085, penalty_k: 0.04910866635672188, scale_lr: 0.49547802289091547, EAO: 0.339
Trial 1452 finished with value: 0.339061942777745 and parameters: {'window_influence': 0.49541625398380085, 'penalty_k': 0.04910866635672188, 'scale_lr': 0.49547802289091547}. Best is trial 62 with value: 0.3726749919963718.
checkpoint_e29 window_influence: 0.61259847396259448, penalty_k: 0.27326385254883923, scale_lr: 0.60857601197171451, EAO: 0.242
Trial 1453 finished with value: 0.24152288461241742 and parameters: {'window_influence': 0.6125984739625945, 'penalty_k': 0.2732638525488392, 'scale_lr': 0.6085760119717145}. Best is trial 62 with value: 0.3726749919963718.
checkpoint_e29 window_influence: 0.52107419563962520, penalty_k: 0.49227256090894800, scale_lr: 0.44719634485366350, EAO: 0.305
Trial 1454 finished with value: 0.30468134558850224 and parameters: {'window_influence': 0.5210741956396252, 'penalty_k': 0.492272560908948, 'scale_lr': 0.4471963448536635}. Best is trial 62 with value: 0.3726749919963718.
checkpoint_e29 window_influence: 0.09398719943070200, penalty_k: 0.11694164851628049, scale_lr: 0.40236824418283690, EAO: 0.252
Trial 1455 finished with value: 0.2524190176321839 and parameters: {'window_influence': 0.093987199430702, 'penalty_k': 0.11694164851628049, 'scale_lr': 0.4023682441828369}. Best is trial 62 with value: 0.3726749919963718.
checkpoint_e29 window_influence: 0.27692386843978911, penalty_k: 0.25446951337406210, scale_lr: 0.11431048239670312, EAO: 0.295
Trial 1456 finished with value: 0.2948531204624399 and parameters: {'window_influence': 0.2769238684397891, 'penalty_k': 0.2544695133740621, 'scale_lr': 0.11431048239670312}. Best is trial 62 with value: 0.3726749919963718.
checkpoint_e29 window_influence: 0.05224560458119415, penalty_k: 0.38797967681676238, scale_lr: 0.72554111257805720, EAO: 0.245
Trial 1457 finished with value: 0.24488927702263635 and parameters: {'window_influence': 0.05224560458119415, 'penalty_k': 0.3879796768167624, 'scale_lr': 0.7255411125780572}. Best is trial 62 with value: 0.3726749919963718.
checkpoint_e29 window_influence: 0.44888771250318449, penalty_k: 0.36703136324981778, scale_lr: 0.32667635173887444, EAO: 0.339
Trial 1458 finished with value: 0.3386258212740783 and parameters: {'window_influence': 0.4488877125031845, 'penalty_k': 0.3670313632498178, 'scale_lr': 0.32667635173887444}. Best is trial 62 with value: 0.3726749919963718.
checkpoint_e29 window_influence: 0.37552835728630718, penalty_k: 0.03281713441902749, scale_lr: 0.23266827039010662, EAO: 0.331
Trial 1459 finished with value: 0.3307185129548789 and parameters: {'window_influence': 0.3755283572863072, 'penalty_k': 0.03281713441902749, 'scale_lr': 0.23266827039010662}. Best is trial 62 with value: 0.3726749919963718.
checkpoint_e29 window_influence: 0.48632127689141202, penalty_k: 0.07285920089947873, scale_lr: 0.13329136746945114, EAO: 0.354
Trial 1460 finished with value: 0.3544733662317699 and parameters: {'window_influence': 0.486321276891412, 'penalty_k': 0.07285920089947873, 'scale_lr': 0.13329136746945114}. Best is trial 62 with value: 0.3726749919963718.
checkpoint_e29 window_influence: 0.30419151958275820, penalty_k: 0.58331973277456972, scale_lr: 0.18988987974257987, EAO: 0.306
Trial 1461 finished with value: 0.30622996702964206 and parameters: {'window_influence': 0.3041915195827582, 'penalty_k': 0.5833197327745697, 'scale_lr': 0.18988987974257987}. Best is trial 62 with value: 0.3726749919963718.
checkpoint_e29 window_influence: 0.34594501728094512, penalty_k: 0.52008608195279393, scale_lr: 0.71173213919753342, EAO: 0.321
Trial 1462 finished with value: 0.3207380991965416 and parameters: {'window_influence': 0.3459450172809451, 'penalty_k': 0.5200860819527939, 'scale_lr': 0.7117321391975334}. Best is trial 62 with value: 0.3726749919963718.
checkpoint_e29 window_influence: 0.46846149290217476, penalty_k: 0.41266586180941978, scale_lr: 0.52049043331596090, EAO: 0.362
Trial 1463 finished with value: 0.36151327221773943 and parameters: {'window_influence': 0.46846149290217476, 'penalty_k': 0.4126658618094198, 'scale_lr': 0.5204904333159609}. Best is trial 62 with value: 0.3726749919963718.
checkpoint_e29 window_influence: 0.46550313730463660, penalty_k: 0.46211482046951524, scale_lr: 0.16548751396201794, EAO: 0.314
Trial 1464 finished with value: 0.31359526068551996 and parameters: {'window_influence': 0.4655031373046366, 'penalty_k': 0.46211482046951524, 'scale_lr': 0.16548751396201794}. Best is trial 62 with value: 0.3726749919963718.
checkpoint_e29 window_influence: 0.46068078413767599, penalty_k: 0.44735310937687939, scale_lr: 0.20721036338589890, EAO: 0.314
Trial 1465 finished with value: 0.31388605997720115 and parameters: {'window_influence': 0.460680784137676, 'penalty_k': 0.4473531093768794, 'scale_lr': 0.2072103633858989}. Best is trial 62 with value: 0.3726749919963718.
checkpoint_e29 window_influence: 0.47312103330947619, penalty_k: 0.50382244891939965, scale_lr: 0.54680523484135524, EAO: 0.316
Trial 1466 finished with value: 0.31606831978499195 and parameters: {'window_influence': 0.4731210333094762, 'penalty_k': 0.5038224489193996, 'scale_lr': 0.5468052348413552}. Best is trial 62 with value: 0.3726749919963718.
checkpoint_e29 window_influence: 0.45347278079764447, penalty_k: 0.09021499399286456, scale_lr: 0.27143609251174461, EAO: 0.332
Trial 1467 finished with value: 0.33221291579625023 and parameters: {'window_influence': 0.45347278079764447, 'penalty_k': 0.09021499399286456, 'scale_lr': 0.2714360925117446}. Best is trial 62 with value: 0.3726749919963718.
checkpoint_e29 window_influence: 0.44306164569112311, penalty_k: 0.50540453503667360, scale_lr: 0.48076058913172126, EAO: 0.334
Trial 1468 finished with value: 0.3341603546986784 and parameters: {'window_influence': 0.4430616456911231, 'penalty_k': 0.5054045350366736, 'scale_lr': 0.48076058913172126}. Best is trial 62 with value: 0.3726749919963718.
checkpoint_e29 window_influence: 0.32224631387637703, penalty_k: 0.37060664810044086, scale_lr: 0.25431700072416641, EAO: 0.289
Trial 1469 finished with value: 0.28895125633779667 and parameters: {'window_influence': 0.32224631387637703, 'penalty_k': 0.37060664810044086, 'scale_lr': 0.2543170007241664}. Best is trial 62 with value: 0.3726749919963718.
checkpoint_e29 window_influence: 0.46964048642573308, penalty_k: 0.45659944446434581, scale_lr: 0.35768983871552901, EAO: 0.315
Trial 1470 finished with value: 0.3150626736392307 and parameters: {'window_influence': 0.4696404864257331, 'penalty_k': 0.4565994444643458, 'scale_lr': 0.357689838715529}. Best is trial 62 with value: 0.3726749919963718.
checkpoint_e29 window_influence: 0.47806784554658571, penalty_k: 0.13227111652124091, scale_lr: 0.67197767321216462, EAO: 0.329
Trial 1471 finished with value: 0.3286591918436006 and parameters: {'window_influence': 0.4780678455465857, 'penalty_k': 0.1322711165212409, 'scale_lr': 0.6719776732121646}. Best is trial 62 with value: 0.3726749919963718.
checkpoint_e29 window_influence: 0.43444813203364602, penalty_k: 0.43358837228886848, scale_lr: 0.17975339404658711, EAO: 0.316
Trial 1472 finished with value: 0.31560927861395516 and parameters: {'window_influence': 0.434448132033646, 'penalty_k': 0.4335883722888685, 'scale_lr': 0.1797533940465871}. Best is trial 62 with value: 0.3726749919963718.
checkpoint_e29 window_influence: 0.46240662654907538, penalty_k: 0.35201866957550687, scale_lr: 0.22035046498810343, EAO: 0.341
Trial 1473 finished with value: 0.34063598652758026 and parameters: {'window_influence': 0.4624066265490754, 'penalty_k': 0.35201866957550687, 'scale_lr': 0.22035046498810343}. Best is trial 62 with value: 0.3726749919963718.
checkpoint_e29 window_influence: 0.45371066442459435, penalty_k: 0.41572320861856349, scale_lr: 0.50806773327848842, EAO: 0.314
Trial 1474 finished with value: 0.31358303123874887 and parameters: {'window_influence': 0.45371066442459435, 'penalty_k': 0.4157232086185635, 'scale_lr': 0.5080677332784884}. Best is trial 62 with value: 0.3726749919963718.
checkpoint_e29 window_influence: 0.47938418579632408, penalty_k: 0.48376741677845381, scale_lr: 0.57346122887624917, EAO: 0.321
Trial 1475 finished with value: 0.32096141002753364 and parameters: {'window_influence': 0.4793841857963241, 'penalty_k': 0.4837674167784538, 'scale_lr': 0.5734612288762492}. Best is trial 62 with value: 0.3726749919963718.
checkpoint_e29 window_influence: 0.48635972108067388, penalty_k: 0.47577113445942970, scale_lr: 0.15624679298706606, EAO: 0.293
Trial 1476 finished with value: 0.2934956171981092 and parameters: {'window_influence': 0.4863597210806739, 'penalty_k': 0.4757711344594297, 'scale_lr': 0.15624679298706606}. Best is trial 62 with value: 0.3726749919963718.
checkpoint_e29 window_influence: 0.46666373741445777, penalty_k: 0.35424901199230424, scale_lr: 0.28882569761050597, EAO: 0.327
Trial 1477 finished with value: 0.32730700754006087 and parameters: {'window_influence': 0.46666373741445777, 'penalty_k': 0.35424901199230424, 'scale_lr': 0.28882569761050597}. Best is trial 62 with value: 0.3726749919963718.
checkpoint_e29 window_influence: 0.39077857178978115, penalty_k: 0.48761518187660668, scale_lr: 0.45703830296853859, EAO: 0.309
Trial 1478 finished with value: 0.3091465151843394 and parameters: {'window_influence': 0.39077857178978115, 'penalty_k': 0.4876151818766067, 'scale_lr': 0.4570383029685386}. Best is trial 62 with value: 0.3726749919963718.
checkpoint_e29 window_influence: 0.26132314079516439, penalty_k: 0.59599651306818824, scale_lr: 0.53658017726230722, EAO: 0.299
Trial 1479 finished with value: 0.2991287314590313 and parameters: {'window_influence': 0.2613231407951644, 'penalty_k': 0.5959965130681882, 'scale_lr': 0.5365801772623072}. Best is trial 62 with value: 0.3726749919963718.
checkpoint_e29 window_influence: 0.35201630862551425, penalty_k: 0.45101561829608566, scale_lr: 0.64890673465125692, EAO: 0.329
Trial 1480 finished with value: 0.32931525060174993 and parameters: {'window_influence': 0.35201630862551425, 'penalty_k': 0.45101561829608566, 'scale_lr': 0.6489067346512569}. Best is trial 62 with value: 0.3726749919963718.
checkpoint_e29 window_influence: 0.28675042299459530, penalty_k: 0.10141493116589322, scale_lr: 0.23299859216831609, EAO: 0.296
Trial 1481 finished with value: 0.29645319387374686 and parameters: {'window_influence': 0.2867504229945953, 'penalty_k': 0.10141493116589322, 'scale_lr': 0.2329985921683161}. Best is trial 62 with value: 0.3726749919963718.
checkpoint_e29 window_influence: 0.15102427974155119, penalty_k: 0.46277847661302890, scale_lr: 0.46859440697868177, EAO: 0.255
Trial 1482 finished with value: 0.25487002098374795 and parameters: {'window_influence': 0.1510242797415512, 'penalty_k': 0.4627784766130289, 'scale_lr': 0.46859440697868177}. Best is trial 62 with value: 0.3726749919963718.
checkpoint_e29 window_influence: 0.59593486205514656, penalty_k: 0.44758607270161876, scale_lr: 0.36753530583657779, EAO: 0.237
Trial 1483 finished with value: 0.23682579722849775 and parameters: {'window_influence': 0.5959348620551466, 'penalty_k': 0.44758607270161876, 'scale_lr': 0.3675353058365778}. Best is trial 62 with value: 0.3726749919963718.
checkpoint_e29 window_influence: 0.64928018317696523, penalty_k: 0.34336831739900853, scale_lr: 0.58731176362717696, EAO: 0.224
Trial 1484 finished with value: 0.2238434997861951 and parameters: {'window_influence': 0.6492801831769652, 'penalty_k': 0.3433683173990085, 'scale_lr': 0.587311763627177}. Best is trial 62 with value: 0.3726749919963718.
checkpoint_e29 window_influence: 0.44707913952711015, penalty_k: 0.39941651319700128, scale_lr: 0.39419028820038654, EAO: 0.342
Trial 1485 finished with value: 0.3420776002369966 and parameters: {'window_influence': 0.44707913952711015, 'penalty_k': 0.3994165131970013, 'scale_lr': 0.39419028820038654}. Best is trial 62 with value: 0.3726749919963718.
checkpoint_e29 window_influence: 0.21933509625338068, penalty_k: 0.49925214156456998, scale_lr: 0.19765580055840776, EAO: 0.284
Trial 1486 finished with value: 0.28430532533602954 and parameters: {'window_influence': 0.21933509625338068, 'penalty_k': 0.49925214156457, 'scale_lr': 0.19765580055840776}. Best is trial 62 with value: 0.3726749919963718.
checkpoint_e29 window_influence: 0.58940375889206154, penalty_k: 0.49567479273643728, scale_lr: 0.31663668940639189, EAO: 0.247
Trial 1487 finished with value: 0.24678324754368006 and parameters: {'window_influence': 0.5894037588920615, 'penalty_k': 0.4956747927364373, 'scale_lr': 0.3166366894063919}. Best is trial 62 with value: 0.3726749919963718.
checkpoint_e29 window_influence: 0.23982013877936031, penalty_k: 0.39658575199622292, scale_lr: 0.49247325168355782, EAO: 0.287
