Trial 124 finished with value: 0.32839782866522493 and parameters: {'window_influence': 0.4772602331131946, 'penalty_k': 0.11805917018101098, 'scale_lr': 0.3904456304563447}. Best is trial 117 with value: 0.3387018490858115.
checkpoint_e16 window_influence: 0.47518935798102180, penalty_k: 0.12322262255150304, scale_lr: 0.35831702803029258, EAO: 0.331
Trial 125 finished with value: 0.3310041017105607 and parameters: {'window_influence': 0.4751893579810218, 'penalty_k': 0.12322262255150304, 'scale_lr': 0.3583170280302926}. Best is trial 117 with value: 0.3387018490858115.
checkpoint_e16 window_influence: 0.49715267619252823, penalty_k: 0.12024125042379617, scale_lr: 0.35760720240065369, EAO: 0.334
Trial 126 finished with value: 0.3338635650822161 and parameters: {'window_influence': 0.49715267619252823, 'penalty_k': 0.12024125042379617, 'scale_lr': 0.3576072024006537}. Best is trial 117 with value: 0.3387018490858115.
checkpoint_e16 window_influence: 0.49938649807186736, penalty_k: 0.08447487239936219, scale_lr: 0.32075663224815737, EAO: 0.319
Trial 127 finished with value: 0.3185226666208371 and parameters: {'window_influence': 0.49938649807186736, 'penalty_k': 0.08447487239936219, 'scale_lr': 0.32075663224815737}. Best is trial 117 with value: 0.3387018490858115.
checkpoint_e16 window_influence: 0.48080409227214804, penalty_k: 0.11606782469804434, scale_lr: 0.33819719602168413, EAO: 0.357
Trial 128 finished with value: 0.3574732866732527 and parameters: {'window_influence': 0.48080409227214804, 'penalty_k': 0.11606782469804434, 'scale_lr': 0.33819719602168413}. Best is trial 128 with value: 0.3574732866732527.
checkpoint_e16 window_influence: 0.47566106161138910, penalty_k: 0.11793073212494647, scale_lr: 0.35990804775053564, EAO: 0.326
Trial 129 finished with value: 0.32607257227025604 and parameters: {'window_influence': 0.4756610616113891, 'penalty_k': 0.11793073212494647, 'scale_lr': 0.35990804775053564}. Best is trial 128 with value: 0.3574732866732527.
checkpoint_e16 window_influence: 0.51551087396033601, penalty_k: 0.06185444024288000, scale_lr: 0.33433438632077905, EAO: 0.309
Trial 130 finished with value: 0.30931164602593225 and parameters: {'window_influence': 0.515510873960336, 'penalty_k': 0.061854440242880004, 'scale_lr': 0.33433438632077905}. Best is trial 128 with value: 0.3574732866732527.
checkpoint_e16 window_influence: 0.48336445021737662, penalty_k: 0.09682110287101721, scale_lr: 0.34239307091767890, EAO: 0.331
Trial 131 finished with value: 0.33132442663847705 and parameters: {'window_influence': 0.4833644502173766, 'penalty_k': 0.09682110287101721, 'scale_lr': 0.3423930709176789}. Best is trial 128 with value: 0.3574732866732527.
checkpoint_e16 window_influence: 0.48411495056810305, penalty_k: 0.10919977013917155, scale_lr: 0.30083017586674932, EAO: 0.332
Trial 132 finished with value: 0.3319106982723748 and parameters: {'window_influence': 0.48411495056810305, 'penalty_k': 0.10919977013917155, 'scale_lr': 0.3008301758667493}. Best is trial 128 with value: 0.3574732866732527.
checkpoint_e16 window_influence: 0.49171172176038025, penalty_k: 0.10316848081471354, scale_lr: 0.29343796803417099, EAO: 0.329
Trial 133 finished with value: 0.3294679971868426 and parameters: {'window_influence': 0.49171172176038025, 'penalty_k': 0.10316848081471354, 'scale_lr': 0.293437968034171}. Best is trial 128 with value: 0.3574732866732527.
checkpoint_e16 window_influence: 0.48440089684736481, penalty_k: 0.07567303241597206, scale_lr: 0.31708772747756470, EAO: 0.328
Trial 134 finished with value: 0.3279762539998103 and parameters: {'window_influence': 0.4844008968473648, 'penalty_k': 0.07567303241597206, 'scale_lr': 0.3170877274775647}. Best is trial 128 with value: 0.3574732866732527.
checkpoint_e16 window_influence: 0.50404554252705280, penalty_k: 0.09166140650877799, scale_lr: 0.28294157133663816, EAO: 0.317
Trial 135 finished with value: 0.3166904427430045 and parameters: {'window_influence': 0.5040455425270528, 'penalty_k': 0.09166140650877799, 'scale_lr': 0.28294157133663816}. Best is trial 128 with value: 0.3574732866732527.
checkpoint_e16 window_influence: 0.53014727021926655, penalty_k: 0.04672072875846779, scale_lr: 0.33963398946186074, EAO: 0.303
Trial 136 finished with value: 0.3030510939628698 and parameters: {'window_influence': 0.5301472702192666, 'penalty_k': 0.04672072875846779, 'scale_lr': 0.33963398946186074}. Best is trial 128 with value: 0.3574732866732527.
checkpoint_e16 window_influence: 0.54454359910917227, penalty_k: 0.10780728922457936, scale_lr: 0.31931163269077739, EAO: 0.313
Trial 137 finished with value: 0.312630283287527 and parameters: {'window_influence': 0.5445435991091723, 'penalty_k': 0.10780728922457936, 'scale_lr': 0.3193116326907774}. Best is trial 128 with value: 0.3574732866732527.
checkpoint_e16 window_influence: 0.51488690246257596, penalty_k: 0.12289221959160142, scale_lr: 0.35240553486160914, EAO: 0.314
Trial 138 finished with value: 0.3138605337082644 and parameters: {'window_influence': 0.514886902462576, 'penalty_k': 0.12289221959160142, 'scale_lr': 0.35240553486160914}. Best is trial 128 with value: 0.3574732866732527.
checkpoint_e16 window_influence: 0.47113653985162318, penalty_k: 0.08114870177629377, scale_lr: 0.32692016115087130, EAO: 0.328
Trial 139 finished with value: 0.3277210003555053 and parameters: {'window_influence': 0.4711365398516232, 'penalty_k': 0.08114870177629377, 'scale_lr': 0.3269201611508713}. Best is trial 128 with value: 0.3574732866732527.
checkpoint_e16 window_influence: 0.45729837027724435, penalty_k: 0.13345478726312021, scale_lr: 0.30999939226261092, EAO: 0.324
Trial 140 finished with value: 0.3235586481567487 and parameters: {'window_influence': 0.45729837027724435, 'penalty_k': 0.1334547872631202, 'scale_lr': 0.3099993922626109}. Best is trial 128 with value: 0.3574732866732527.
checkpoint_e16 window_influence: 0.49177706381647901, penalty_k: 0.10413027575207047, scale_lr: 0.29768354682516629, EAO: 0.315
Trial 141 finished with value: 0.31525538757385446 and parameters: {'window_influence': 0.491777063816479, 'penalty_k': 0.10413027575207047, 'scale_lr': 0.2976835468251663}. Best is trial 128 with value: 0.3574732866732527.
checkpoint_e16 window_influence: 0.49611578225282887, penalty_k: 0.09547332366003687, scale_lr: 0.29009433121087436, EAO: 0.331
Trial 142 finished with value: 0.3314846660144598 and parameters: {'window_influence': 0.4961157822528289, 'penalty_k': 0.09547332366003687, 'scale_lr': 0.29009433121087436}. Best is trial 128 with value: 0.3574732866732527.
checkpoint_e16 window_influence: 0.48036007270800751, penalty_k: 0.07007605640901982, scale_lr: 0.27674974697578103, EAO: 0.321
Trial 143 finished with value: 0.3209968739794386 and parameters: {'window_influence': 0.4803600727080075, 'penalty_k': 0.07007605640901982, 'scale_lr': 0.27674974697578103}. Best is trial 128 with value: 0.3574732866732527.
checkpoint_e16 window_influence: 0.52377639844302526, penalty_k: 0.14791160843241641, scale_lr: 0.33653300686596038, EAO: 0.308
Trial 144 finished with value: 0.3080374709247151 and parameters: {'window_influence': 0.5237763984430253, 'penalty_k': 0.1479116084324164, 'scale_lr': 0.3365330068659604}. Best is trial 128 with value: 0.3574732866732527.
checkpoint_e16 window_influence: 0.49849806482380155, penalty_k: 0.08956483232187434, scale_lr: 0.36662367754942826, EAO: 0.341
Trial 145 finished with value: 0.3406748812254301 and parameters: {'window_influence': 0.49849806482380155, 'penalty_k': 0.08956483232187434, 'scale_lr': 0.36662367754942826}. Best is trial 128 with value: 0.3574732866732527.
checkpoint_e16 window_influence: 0.50312720127081179, penalty_k: 0.09212890449277648, scale_lr: 0.25721980510489173, EAO: 0.324
Trial 146 finished with value: 0.3240425593078368 and parameters: {'window_influence': 0.5031272012708118, 'penalty_k': 0.09212890449277648, 'scale_lr': 0.25721980510489173}. Best is trial 128 with value: 0.3574732866732527.
checkpoint_e16 window_influence: 0.50998740260919406, penalty_k: 0.08162498702824603, scale_lr: 0.36365271894327544, EAO: 0.314
Trial 147 finished with value: 0.3141586214072046 and parameters: {'window_influence': 0.5099874026091941, 'penalty_k': 0.08162498702824603, 'scale_lr': 0.36365271894327544}. Best is trial 128 with value: 0.3574732866732527.
checkpoint_e16 window_influence: 0.49348218067652844, penalty_k: 0.05349946757031705, scale_lr: 0.30685257682196010, EAO: 0.326
Trial 148 finished with value: 0.3260181014523896 and parameters: {'window_influence': 0.49348218067652844, 'penalty_k': 0.053499467570317046, 'scale_lr': 0.3068525768219601}. Best is trial 128 with value: 0.3574732866732527.
checkpoint_e16 window_influence: 0.46595337433190759, penalty_k: 0.10777289327021478, scale_lr: 0.34366588440042489, EAO: 0.331
Trial 149 finished with value: 0.3309000905037854 and parameters: {'window_influence': 0.4659533743319076, 'penalty_k': 0.10777289327021478, 'scale_lr': 0.3436658844004249}. Best is trial 128 with value: 0.3574732866732527.
checkpoint_e16 window_influence: 0.47125968104439858, penalty_k: 0.10887185726564523, scale_lr: 0.34343162736939531, EAO: 0.317
Trial 150 finished with value: 0.31725999278085243 and parameters: {'window_influence': 0.4712596810443986, 'penalty_k': 0.10887185726564523, 'scale_lr': 0.3434316273693953}. Best is trial 128 with value: 0.3574732866732527.
checkpoint_e16 window_influence: 0.48341497340573170, penalty_k: 0.14096027227573726, scale_lr: 0.32399844233560110, EAO: 0.332
Trial 151 finished with value: 0.3318927062508661 and parameters: {'window_influence': 0.4834149734057317, 'penalty_k': 0.14096027227573726, 'scale_lr': 0.3239984423356011}. Best is trial 128 with value: 0.3574732866732527.
checkpoint_e16 window_influence: 0.48498677715816657, penalty_k: 0.09510623007675119, scale_lr: 0.32374971481319637, EAO: 0.330
Trial 152 finished with value: 0.3299930984523974 and parameters: {'window_influence': 0.48498677715816657, 'penalty_k': 0.09510623007675119, 'scale_lr': 0.32374971481319637}. Best is trial 128 with value: 0.3574732866732527.
checkpoint_e16 window_influence: 0.45816577256061031, penalty_k: 0.12587152019917860, scale_lr: 0.28843671858007236, EAO: 0.332
Trial 153 finished with value: 0.3323595616024292 and parameters: {'window_influence': 0.4581657725606103, 'penalty_k': 0.1258715201991786, 'scale_lr': 0.28843671858007236}. Best is trial 128 with value: 0.3574732866732527.
checkpoint_e16 window_influence: 0.49873706146462787, penalty_k: 0.11320924368021382, scale_lr: 0.28942069137812670, EAO: 0.324
Trial 154 finished with value: 0.3243527844954094 and parameters: {'window_influence': 0.4987370614646279, 'penalty_k': 0.11320924368021382, 'scale_lr': 0.2894206913781267}. Best is trial 128 with value: 0.3574732866732527.
checkpoint_e16 window_influence: 0.46214281710356930, penalty_k: 0.14092059846530772, scale_lr: 0.27616094877824521, EAO: 0.349
Trial 155 finished with value: 0.3492068023301284 and parameters: {'window_influence': 0.4621428171035693, 'penalty_k': 0.14092059846530772, 'scale_lr': 0.2761609487782452}. Best is trial 128 with value: 0.3574732866732527.
checkpoint_e16 window_influence: 0.48079339537660132, penalty_k: 0.14105816887501069, scale_lr: 0.26805324410631881, EAO: 0.329
Trial 156 finished with value: 0.3285933843150677 and parameters: {'window_influence': 0.4807933953766013, 'penalty_k': 0.1410581688750107, 'scale_lr': 0.2680532441063188}. Best is trial 128 with value: 0.3574732866732527.
checkpoint_e16 window_influence: 0.51705518344468326, penalty_k: 0.12784684269117186, scale_lr: 0.24580696664650045, EAO: 0.321
Trial 157 finished with value: 0.3213112411100113 and parameters: {'window_influence': 0.5170551834446833, 'penalty_k': 0.12784684269117186, 'scale_lr': 0.24580696664650045}. Best is trial 128 with value: 0.3574732866732527.
checkpoint_e16 window_influence: 0.45665544313766687, penalty_k: 0.14944521652199397, scale_lr: 0.27483001188668699, EAO: 0.316
Trial 158 finished with value: 0.3164671037911441 and parameters: {'window_influence': 0.45665544313766687, 'penalty_k': 0.14944521652199397, 'scale_lr': 0.274830011886687}. Best is trial 128 with value: 0.3574732866732527.
checkpoint_e16 window_influence: 0.46920131895594380, penalty_k: 0.15743257858296336, scale_lr: 0.29569400028187470, EAO: 0.337
Trial 159 finished with value: 0.33742539358510115 and parameters: {'window_influence': 0.4692013189559438, 'penalty_k': 0.15743257858296336, 'scale_lr': 0.2956940002818747}. Best is trial 128 with value: 0.3574732866732527.
checkpoint_e16 window_influence: 0.53139140424380948, penalty_k: 0.14107717099971104, scale_lr: 0.30201752979275992, EAO: 0.302
Trial 160 finished with value: 0.302059618531498 and parameters: {'window_influence': 0.5313914042438095, 'penalty_k': 0.14107717099971104, 'scale_lr': 0.3020175297927599}. Best is trial 128 with value: 0.3574732866732527.
checkpoint_e16 window_influence: 0.47535640076865160, penalty_k: 0.15727396829923770, scale_lr: 0.28492395173350404, EAO: 0.341
Trial 161 finished with value: 0.34095456245344435 and parameters: {'window_influence': 0.4753564007686516, 'penalty_k': 0.1572739682992377, 'scale_lr': 0.28492395173350404}. Best is trial 128 with value: 0.3574732866732527.
checkpoint_e16 window_influence: 0.49244643883702877, penalty_k: 0.16408543574786313, scale_lr: 0.27934111019656521, EAO: 0.334
Trial 162 finished with value: 0.3340113171111749 and parameters: {'window_influence': 0.49244643883702877, 'penalty_k': 0.16408543574786313, 'scale_lr': 0.2793411101965652}. Best is trial 128 with value: 0.3574732866732527.
checkpoint_e16 window_influence: 0.49671721236542860, penalty_k: 0.15787306987714195, scale_lr: 0.28729376734917489, EAO: 0.329
Trial 163 finished with value: 0.3292493474042833 and parameters: {'window_influence': 0.4967172123654286, 'penalty_k': 0.15787306987714195, 'scale_lr': 0.2872937673491749}. Best is trial 128 with value: 0.3574732866732527.
checkpoint_e16 window_influence: 0.46592367508762578, penalty_k: 0.16493564897172092, scale_lr: 0.26481676910157109, EAO: 0.330
Trial 164 finished with value: 0.329795128408573 and parameters: {'window_influence': 0.4659236750876258, 'penalty_k': 0.16493564897172092, 'scale_lr': 0.2648167691015711}. Best is trial 128 with value: 0.3574732866732527.
checkpoint_e16 window_influence: 0.50714417541760992, penalty_k: 0.13910268257445374, scale_lr: 0.29188138634383343, EAO: 0.312
Trial 165 finished with value: 0.3116504367339472 and parameters: {'window_influence': 0.5071441754176099, 'penalty_k': 0.13910268257445374, 'scale_lr': 0.2918813863438334}. Best is trial 128 with value: 0.3574732866732527.
checkpoint_e16 window_influence: 0.45351381620753273, penalty_k: 0.17826084784252241, scale_lr: 0.25338891585634060, EAO: 0.321
Trial 166 finished with value: 0.3213812233409065 and parameters: {'window_influence': 0.4535138162075327, 'penalty_k': 0.1782608478425224, 'scale_lr': 0.2533889158563406}. Best is trial 128 with value: 0.3574732866732527.
checkpoint_e16 window_influence: 0.48607924713220102, penalty_k: 0.15768540063715225, scale_lr: 0.27637561502781710, EAO: 0.333
Trial 167 finished with value: 0.3332968350746288 and parameters: {'window_influence': 0.486079247132201, 'penalty_k': 0.15768540063715225, 'scale_lr': 0.2763756150278171}. Best is trial 128 with value: 0.3574732866732527.
checkpoint_e16 window_influence: 0.49494597001166252, penalty_k: 0.19313301401617122, scale_lr: 0.28053450540884167, EAO: 0.333
Trial 168 finished with value: 0.3327689624250167 and parameters: {'window_influence': 0.4949459700116625, 'penalty_k': 0.19313301401617122, 'scale_lr': 0.2805345054088417}. Best is trial 128 with value: 0.3574732866732527.
checkpoint_e16 window_influence: 0.46601015286967429, penalty_k: 0.20419876962299682, scale_lr: 0.23055219820522072, EAO: 0.318
Trial 169 finished with value: 0.3184660186099635 and parameters: {'window_influence': 0.4660101528696743, 'penalty_k': 0.20419876962299682, 'scale_lr': 0.23055219820522072}. Best is trial 128 with value: 0.3574732866732527.
checkpoint_e16 window_influence: 0.51892374361522398, penalty_k: 0.18781185270470196, scale_lr: 0.27502935525130612, EAO: 0.318
Trial 170 finished with value: 0.3176253623535661 and parameters: {'window_influence': 0.518923743615224, 'penalty_k': 0.18781185270470196, 'scale_lr': 0.2750293552513061}. Best is trial 128 with value: 0.3574732866732527.
checkpoint_e16 window_influence: 0.49140359046304255, penalty_k: 0.17202224303369673, scale_lr: 0.28174619757598424, EAO: 0.334
Trial 171 finished with value: 0.33368457302972965 and parameters: {'window_influence': 0.49140359046304255, 'penalty_k': 0.17202224303369673, 'scale_lr': 0.28174619757598424}. Best is trial 128 with value: 0.3574732866732527.
checkpoint_e16 window_influence: 0.48662960542249534, penalty_k: 0.17203658055566748, scale_lr: 0.26519523962771008, EAO: 0.327
Trial 172 finished with value: 0.3272459794575138 and parameters: {'window_influence': 0.48662960542249534, 'penalty_k': 0.17203658055566748, 'scale_lr': 0.2651952396277101}. Best is trial 128 with value: 0.3574732866732527.
checkpoint_e16 window_influence: 0.47519108321686065, penalty_k: 0.15621188215092743, scale_lr: 0.27610307072148471, EAO: 0.330
Trial 173 finished with value: 0.3297703400660118 and parameters: {'window_influence': 0.47519108321686065, 'penalty_k': 0.15621188215092743, 'scale_lr': 0.2761030707214847}. Best is trial 128 with value: 0.3574732866732527.
checkpoint_e16 window_influence: 0.50900495011942848, penalty_k: 0.16351391426835263, scale_lr: 0.31030606912251063, EAO: 0.309
Trial 174 finished with value: 0.3092334588793929 and parameters: {'window_influence': 0.5090049501194285, 'penalty_k': 0.16351391426835263, 'scale_lr': 0.31030606912251063}. Best is trial 128 with value: 0.3574732866732527.
checkpoint_e16 window_influence: 0.45276296533092913, penalty_k: 0.19855179602664932, scale_lr: 0.30050893848652904, EAO: 0.313
Trial 175 finished with value: 0.3128483774944966 and parameters: {'window_influence': 0.45276296533092913, 'penalty_k': 0.19855179602664932, 'scale_lr': 0.30050893848652904}. Best is trial 128 with value: 0.3574732866732527.
checkpoint_e16 window_influence: 0.48840935941983371, penalty_k: 0.18826197300082298, scale_lr: 0.24973360887797189, EAO: 0.308
Trial 176 finished with value: 0.3078798306707278 and parameters: {'window_influence': 0.4884093594198337, 'penalty_k': 0.18826197300082298, 'scale_lr': 0.24973360887797189}. Best is trial 128 with value: 0.3574732866732527.
checkpoint_e16 window_influence: 0.46972053501873462, penalty_k: 0.14481521884628060, scale_lr: 0.23114177873941072, EAO: 0.326
Trial 177 finished with value: 0.3261847235697253 and parameters: {'window_influence': 0.4697205350187346, 'penalty_k': 0.1448152188462806, 'scale_lr': 0.23114177873941072}. Best is trial 128 with value: 0.3574732866732527.
checkpoint_e16 window_influence: 0.49950296739530564, penalty_k: 0.17290932491338640, scale_lr: 0.28078259073586337, EAO: 0.330
Trial 178 finished with value: 0.33032913378472456 and parameters: {'window_influence': 0.49950296739530564, 'penalty_k': 0.1729093249133864, 'scale_lr': 0.28078259073586337}. Best is trial 128 with value: 0.3574732866732527.
checkpoint_e16 window_influence: 0.54584612128247212, penalty_k: 0.15277250138844739, scale_lr: 0.30280173789077330, EAO: 0.311
Trial 179 finished with value: 0.3114308950850008 and parameters: {'window_influence': 0.5458461212824721, 'penalty_k': 0.1527725013884474, 'scale_lr': 0.3028017378907733}. Best is trial 128 with value: 0.3574732866732527.
checkpoint_e16 window_influence: 0.48160002096107996, penalty_k: 0.13021635011953159, scale_lr: 0.25887428691470221, EAO: 0.334
Trial 180 finished with value: 0.3335603424547247 and parameters: {'window_influence': 0.48160002096107996, 'penalty_k': 0.1302163501195316, 'scale_lr': 0.2588742869147022}. Best is trial 128 with value: 0.3574732866732527.
checkpoint_e16 window_influence: 0.48220515031091032, penalty_k: 0.12766285589294035, scale_lr: 0.26882439893313403, EAO: 0.327
Trial 181 finished with value: 0.32740251598191167 and parameters: {'window_influence': 0.4822051503109103, 'penalty_k': 0.12766285589294035, 'scale_lr': 0.26882439893313403}. Best is trial 128 with value: 0.3574732866732527.
checkpoint_e16 window_influence: 0.46070662714390292, penalty_k: 0.13656695522716758, scale_lr: 0.25931839958061842, EAO: 0.312
Trial 182 finished with value: 0.3122183398166055 and parameters: {'window_influence': 0.4607066271439029, 'penalty_k': 0.13656695522716758, 'scale_lr': 0.2593183995806184}. Best is trial 128 with value: 0.3574732866732527.
checkpoint_e16 window_influence: 0.49187148404353442, penalty_k: 0.17780761586558694, scale_lr: 0.28396258837879751, EAO: 0.320
Trial 183 finished with value: 0.31985095166510646 and parameters: {'window_influence': 0.4918714840435344, 'penalty_k': 0.17780761586558694, 'scale_lr': 0.2839625883787975}. Best is trial 128 with value: 0.3574732866732527.
checkpoint_e16 window_influence: 0.50717301778596469, penalty_k: 0.16070897542052875, scale_lr: 0.24094651890320362, EAO: 0.321
Trial 184 finished with value: 0.32108156655549075 and parameters: {'window_influence': 0.5071730177859647, 'penalty_k': 0.16070897542052875, 'scale_lr': 0.24094651890320362}. Best is trial 128 with value: 0.3574732866732527.
checkpoint_e16 window_influence: 0.47818997510392619, penalty_k: 0.21979427604211776, scale_lr: 0.31652185303391034, EAO: 0.331
Trial 185 finished with value: 0.33059660203262065 and parameters: {'window_influence': 0.4781899751039262, 'penalty_k': 0.21979427604211776, 'scale_lr': 0.31652185303391034}. Best is trial 128 with value: 0.3574732866732527.
checkpoint_e16 window_influence: 0.44716592595741161, penalty_k: 0.12353578322701070, scale_lr: 0.28841938375187981, EAO: 0.330
