Trial 695 finished with value: 0.27651596341847445 and parameters: {'window_influence': 0.5229430275627666, 'penalty_k': 0.5838613352486735, 'scale_lr': 0.16147658356515987}. Best is trial 330 with value: 0.36352008859471124.
checkpoint_e31 window_influence: 0.50450914800820046, penalty_k: 0.21045186469953431, scale_lr: 0.56914529500655053, EAO: 0.330
Trial 696 finished with value: 0.330208296673771 and parameters: {'window_influence': 0.5045091480082005, 'penalty_k': 0.2104518646995343, 'scale_lr': 0.5691452950065505}. Best is trial 330 with value: 0.36352008859471124.
checkpoint_e31 window_influence: 0.46033633957282699, penalty_k: 0.10770210753436103, scale_lr: 0.13430859659104757, EAO: 0.335
Trial 697 finished with value: 0.3346560692508861 and parameters: {'window_influence': 0.460336339572827, 'penalty_k': 0.10770210753436103, 'scale_lr': 0.13430859659104757}. Best is trial 330 with value: 0.36352008859471124.
checkpoint_e31 window_influence: 0.07309255399641690, penalty_k: 0.25313358432510530, scale_lr: 0.22842920563657496, EAO: 0.242
Trial 698 finished with value: 0.2422174413032569 and parameters: {'window_influence': 0.0730925539964169, 'penalty_k': 0.2531335843251053, 'scale_lr': 0.22842920563657496}. Best is trial 330 with value: 0.36352008859471124.
checkpoint_e31 window_influence: 0.54506391053616365, penalty_k: 0.09499230392951788, scale_lr: 0.19620934737751083, EAO: 0.311
Trial 699 finished with value: 0.31056959121143773 and parameters: {'window_influence': 0.5450639105361637, 'penalty_k': 0.09499230392951788, 'scale_lr': 0.19620934737751083}. Best is trial 330 with value: 0.36352008859471124.
checkpoint_e31 window_influence: 0.14721483620759332, penalty_k: 0.13611096653772581, scale_lr: 0.31432374432428989, EAO: 0.275
Trial 700 finished with value: 0.2749045280167101 and parameters: {'window_influence': 0.14721483620759332, 'penalty_k': 0.1361109665377258, 'scale_lr': 0.3143237443242899}. Best is trial 330 with value: 0.36352008859471124.
checkpoint_e31 window_influence: 0.48294877064992736, penalty_k: 0.52227221430788440, scale_lr: 0.51804325955317965, EAO: 0.311
Trial 701 finished with value: 0.3113156522294427 and parameters: {'window_influence': 0.48294877064992736, 'penalty_k': 0.5222722143078844, 'scale_lr': 0.5180432595531796}. Best is trial 330 with value: 0.36352008859471124.
checkpoint_e31 window_influence: 0.58890168263842635, penalty_k: 0.00021191479029137, scale_lr: 0.11605634052699043, EAO: 0.315
Trial 702 finished with value: 0.3151376374384772 and parameters: {'window_influence': 0.5889016826384263, 'penalty_k': 0.00021191479029137282, 'scale_lr': 0.11605634052699043}. Best is trial 330 with value: 0.36352008859471124.
checkpoint_e31 window_influence: 0.49421387334660111, penalty_k: 0.51393826061931003, scale_lr: 0.37023798790519807, EAO: 0.322
Trial 703 finished with value: 0.32199642038994725 and parameters: {'window_influence': 0.4942138733466011, 'penalty_k': 0.51393826061931, 'scale_lr': 0.3702379879051981}. Best is trial 330 with value: 0.36352008859471124.
checkpoint_e31 window_influence: 0.50976280190704037, penalty_k: 0.42212270254011036, scale_lr: 0.18048305798490819, EAO: 0.327
Trial 704 finished with value: 0.32664965516398387 and parameters: {'window_influence': 0.5097628019070404, 'penalty_k': 0.42212270254011036, 'scale_lr': 0.18048305798490819}. Best is trial 330 with value: 0.36352008859471124.
checkpoint_e31 window_influence: 0.44887457621359728, penalty_k: 0.15924984111102483, scale_lr: 0.15430170208801702, EAO: 0.309
Trial 705 finished with value: 0.30911105511717296 and parameters: {'window_influence': 0.4488745762135973, 'penalty_k': 0.15924984111102483, 'scale_lr': 0.15430170208801702}. Best is trial 330 with value: 0.36352008859471124.
checkpoint_e31 window_influence: 0.47423768312277670, penalty_k: 0.07992033784962915, scale_lr: 0.55699556698516561, EAO: 0.324
Trial 706 finished with value: 0.3242227332485325 and parameters: {'window_influence': 0.4742376831227767, 'penalty_k': 0.07992033784962915, 'scale_lr': 0.5569955669851656}. Best is trial 330 with value: 0.36352008859471124.
checkpoint_e31 window_influence: 0.33309389467689254, penalty_k: 0.06233592604851172, scale_lr: 0.60762494397995159, EAO: 0.306
Trial 707 finished with value: 0.30568327867799233 and parameters: {'window_influence': 0.33309389467689254, 'penalty_k': 0.062335926048511715, 'scale_lr': 0.6076249439799516}. Best is trial 330 with value: 0.36352008859471124.
checkpoint_e31 window_influence: 0.52082455276541884, penalty_k: 0.17793350742171171, scale_lr: 0.12104398059876466, EAO: 0.328
Trial 708 finished with value: 0.3280433111385613 and parameters: {'window_influence': 0.5208245527654188, 'penalty_k': 0.1779335074217117, 'scale_lr': 0.12104398059876466}. Best is trial 330 with value: 0.36352008859471124.
checkpoint_e31 window_influence: 0.40593662174525796, penalty_k: 0.38035352327769922, scale_lr: 0.13738202013798206, EAO: 0.292
Trial 709 finished with value: 0.2916864740593424 and parameters: {'window_influence': 0.40593662174525796, 'penalty_k': 0.3803535232776992, 'scale_lr': 0.13738202013798206}. Best is trial 330 with value: 0.36352008859471124.
checkpoint_e31 window_influence: 0.49128133234659072, penalty_k: 0.49441754337716903, scale_lr: 0.34605382339274471, EAO: 0.315
Trial 710 finished with value: 0.3151726754027118 and parameters: {'window_influence': 0.4912813323465907, 'penalty_k': 0.49441754337716903, 'scale_lr': 0.3460538233927447}. Best is trial 330 with value: 0.36352008859471124.
checkpoint_e31 window_influence: 0.23247759619570746, penalty_k: 0.01000194104057609, scale_lr: 0.20745177971405249, EAO: 0.299
Trial 711 finished with value: 0.2985287885605593 and parameters: {'window_influence': 0.23247759619570746, 'penalty_k': 0.010001941040576091, 'scale_lr': 0.2074517797140525}. Best is trial 330 with value: 0.36352008859471124.
checkpoint_e31 window_influence: 0.25911832691838105, penalty_k: 0.28218564391516243, scale_lr: 0.22890397157057613, EAO: 0.281
Trial 712 finished with value: 0.2807125959414916 and parameters: {'window_influence': 0.25911832691838105, 'penalty_k': 0.28218564391516243, 'scale_lr': 0.22890397157057613}. Best is trial 330 with value: 0.36352008859471124.
checkpoint_e31 window_influence: 0.51013901941527462, penalty_k: 0.08822893999350026, scale_lr: 0.10123095247770263, EAO: 0.342
Trial 713 finished with value: 0.3424710392488116 and parameters: {'window_influence': 0.5101390194152746, 'penalty_k': 0.08822893999350026, 'scale_lr': 0.10123095247770263}. Best is trial 330 with value: 0.36352008859471124.
checkpoint_e31 window_influence: 0.21564907076280609, penalty_k: 0.23765840894315776, scale_lr: 0.30189633377546032, EAO: 0.279
Trial 714 finished with value: 0.2786705036455555 and parameters: {'window_influence': 0.2156490707628061, 'penalty_k': 0.23765840894315776, 'scale_lr': 0.3018963337754603}. Best is trial 330 with value: 0.36352008859471124.
checkpoint_e31 window_influence: 0.53622049975872221, penalty_k: 0.45150892063193793, scale_lr: 0.39520070229841930, EAO: 0.309
Trial 715 finished with value: 0.3090028730347926 and parameters: {'window_influence': 0.5362204997587222, 'penalty_k': 0.4515089206319379, 'scale_lr': 0.3952007022984193}. Best is trial 330 with value: 0.36352008859471124.
checkpoint_e31 window_influence: 0.48260343545388712, penalty_k: 0.05361446693668365, scale_lr: 0.14856684180825847, EAO: 0.320
Trial 716 finished with value: 0.3200981172258288 and parameters: {'window_influence': 0.4826034354538871, 'penalty_k': 0.05361446693668365, 'scale_lr': 0.14856684180825847}. Best is trial 330 with value: 0.36352008859471124.
checkpoint_e31 window_influence: 0.49952751627638176, penalty_k: 0.32390709883763336, scale_lr: 0.12617637025813302, EAO: 0.321
Trial 717 finished with value: 0.3210282178472452 and parameters: {'window_influence': 0.49952751627638176, 'penalty_k': 0.32390709883763336, 'scale_lr': 0.12617637025813302}. Best is trial 330 with value: 0.36352008859471124.
checkpoint_e31 window_influence: 0.35673312692134135, penalty_k: 0.07069303994159117, scale_lr: 0.38228520867967469, EAO: 0.307
Trial 718 finished with value: 0.30677705284222556 and parameters: {'window_influence': 0.35673312692134135, 'penalty_k': 0.07069303994159117, 'scale_lr': 0.3822852086796747}. Best is trial 330 with value: 0.36352008859471124.
checkpoint_e31 window_influence: 0.46624617549614839, penalty_k: 0.10212615305640237, scale_lr: 0.11239983769855884, EAO: 0.324
Trial 719 finished with value: 0.32361479184738856 and parameters: {'window_influence': 0.4662461754961484, 'penalty_k': 0.10212615305640237, 'scale_lr': 0.11239983769855884}. Best is trial 330 with value: 0.36352008859471124.
checkpoint_e31 window_influence: 0.13128935406864800, penalty_k: 0.35812807065410457, scale_lr: 0.20036833266998191, EAO: 0.259
Trial 720 finished with value: 0.2593255085935852 and parameters: {'window_influence': 0.131289354068648, 'penalty_k': 0.35812807065410457, 'scale_lr': 0.2003683326699819}. Best is trial 330 with value: 0.36352008859471124.
checkpoint_e31 window_influence: 0.52512362079699071, penalty_k: 0.14419303063245617, scale_lr: 0.17140507847911760, EAO: 0.328
Trial 721 finished with value: 0.3280744581023079 and parameters: {'window_influence': 0.5251236207969907, 'penalty_k': 0.14419303063245617, 'scale_lr': 0.1714050784791176}. Best is trial 330 with value: 0.36352008859471124.
checkpoint_e31 window_influence: 0.48675345377978507, penalty_k: 0.12072860105732783, scale_lr: 0.16065698910932533, EAO: 0.353
Trial 722 finished with value: 0.35326444824382025 and parameters: {'window_influence': 0.4867534537797851, 'penalty_k': 0.12072860105732783, 'scale_lr': 0.16065698910932533}. Best is trial 330 with value: 0.36352008859471124.
checkpoint_e31 window_influence: 0.42050559774234109, penalty_k: 0.11894479082812202, scale_lr: 0.16033336310930973, EAO: 0.325
Trial 723 finished with value: 0.3254210026463646 and parameters: {'window_influence': 0.4205055977423411, 'penalty_k': 0.11894479082812202, 'scale_lr': 0.16033336310930973}. Best is trial 330 with value: 0.36352008859471124.
checkpoint_e31 window_influence: 0.50087487389644259, penalty_k: 0.14130199838228444, scale_lr: 0.58045627326013782, EAO: 0.342
Trial 724 finished with value: 0.3419686432942342 and parameters: {'window_influence': 0.5008748738964426, 'penalty_k': 0.14130199838228444, 'scale_lr': 0.5804562732601378}. Best is trial 330 with value: 0.36352008859471124.
checkpoint_e31 window_influence: 0.30791385490331213, penalty_k: 0.12440738440331861, scale_lr: 0.78440491745027985, EAO: 0.310
Trial 725 finished with value: 0.3098998902372813 and parameters: {'window_influence': 0.30791385490331213, 'penalty_k': 0.12440738440331861, 'scale_lr': 0.7844049174502798}. Best is trial 330 with value: 0.36352008859471124.
checkpoint_e31 window_influence: 0.51681299234444777, penalty_k: 0.41340199814324707, scale_lr: 0.16467605435382032, EAO: 0.295
Trial 726 finished with value: 0.29452364616356935 and parameters: {'window_influence': 0.5168129923444478, 'penalty_k': 0.4134019981432471, 'scale_lr': 0.16467605435382032}. Best is trial 330 with value: 0.36352008859471124.
checkpoint_e31 window_influence: 0.07879138492117194, penalty_k: 0.10800911340849105, scale_lr: 0.19153118888628803, EAO: 0.257
Trial 727 finished with value: 0.257297402689893 and parameters: {'window_influence': 0.07879138492117194, 'penalty_k': 0.10800911340849105, 'scale_lr': 0.19153118888628803}. Best is trial 330 with value: 0.36352008859471124.
checkpoint_e31 window_influence: 0.48976497251682571, penalty_k: 0.33694372482997342, scale_lr: 0.17342888917732313, EAO: 0.334
Trial 728 finished with value: 0.3344067500954936 and parameters: {'window_influence': 0.4897649725168257, 'penalty_k': 0.3369437248299734, 'scale_lr': 0.17342888917732313}. Best is trial 330 with value: 0.36352008859471124.
checkpoint_e31 window_influence: 0.61444537697718371, penalty_k: 0.13193057053988838, scale_lr: 0.23768325519341432, EAO: 0.264
Trial 729 finished with value: 0.2637142836467765 and parameters: {'window_influence': 0.6144453769771837, 'penalty_k': 0.13193057053988838, 'scale_lr': 0.23768325519341432}. Best is trial 330 with value: 0.36352008859471124.
checkpoint_e31 window_influence: 0.47237298834575370, penalty_k: 0.11211931417070196, scale_lr: 0.21493729781354118, EAO: 0.352
Trial 730 finished with value: 0.3517501705583431 and parameters: {'window_influence': 0.4723729883457537, 'penalty_k': 0.11211931417070196, 'scale_lr': 0.21493729781354118}. Best is trial 330 with value: 0.36352008859471124.
checkpoint_e31 window_influence: 0.45418889031985960, penalty_k: 0.16281159085681535, scale_lr: 0.63316575211003701, EAO: 0.309
Trial 731 finished with value: 0.30861491359161497 and parameters: {'window_influence': 0.4541888903198596, 'penalty_k': 0.16281159085681535, 'scale_lr': 0.633165752110037}. Best is trial 330 with value: 0.36352008859471124.
checkpoint_e31 window_influence: 0.05144175922999406, penalty_k: 0.12097383969208654, scale_lr: 0.21852383142829673, EAO: 0.245
Trial 732 finished with value: 0.2451113948910153 and parameters: {'window_influence': 0.051441759229994055, 'penalty_k': 0.12097383969208654, 'scale_lr': 0.21852383142829673}. Best is trial 330 with value: 0.36352008859471124.
checkpoint_e31 window_influence: 0.46765193005312267, penalty_k: 0.10835428914577909, scale_lr: 0.50473927642562211, EAO: 0.327
Trial 733 finished with value: 0.32717055041734344 and parameters: {'window_influence': 0.46765193005312267, 'penalty_k': 0.10835428914577909, 'scale_lr': 0.5047392764256221}. Best is trial 330 with value: 0.36352008859471124.
checkpoint_e31 window_influence: 0.47475880262096359, penalty_k: 0.13352921188764474, scale_lr: 0.18672382768896142, EAO: 0.340
Trial 734 finished with value: 0.3398905631865045 and parameters: {'window_influence': 0.4747588026209636, 'penalty_k': 0.13352921188764474, 'scale_lr': 0.18672382768896142}. Best is trial 330 with value: 0.36352008859471124.
checkpoint_e31 window_influence: 0.29066478328295225, penalty_k: 0.26947158239138963, scale_lr: 0.21175484733710390, EAO: 0.302
Trial 735 finished with value: 0.3019807577017216 and parameters: {'window_influence': 0.29066478328295225, 'penalty_k': 0.26947158239138963, 'scale_lr': 0.2117548473371039}. Best is trial 330 with value: 0.36352008859471124.
checkpoint_e31 window_influence: 0.34321398704823142, penalty_k: 0.14822766442820354, scale_lr: 0.22380651163545420, EAO: 0.308
Trial 736 finished with value: 0.3079103018059341 and parameters: {'window_influence': 0.3432139870482314, 'penalty_k': 0.14822766442820354, 'scale_lr': 0.2238065116354542}. Best is trial 330 with value: 0.36352008859471124.
checkpoint_e31 window_influence: 0.43016220605290478, penalty_k: 0.46111249445346281, scale_lr: 0.53404804991400256, EAO: 0.325
Trial 737 finished with value: 0.3252568832283354 and parameters: {'window_influence': 0.4301622060529048, 'penalty_k': 0.4611124944534628, 'scale_lr': 0.5340480499140026}. Best is trial 330 with value: 0.36352008859471124.
checkpoint_e31 window_influence: 0.63890280647117847, penalty_k: 0.22216955467255664, scale_lr: 0.20314354146471580, EAO: 0.256
Trial 738 finished with value: 0.2560518759697792 and parameters: {'window_influence': 0.6389028064711785, 'penalty_k': 0.22216955467255664, 'scale_lr': 0.2031435414647158}. Best is trial 330 with value: 0.36352008859471124.
checkpoint_e31 window_influence: 0.45666507884749430, penalty_k: 0.09480221870495761, scale_lr: 0.23973206727220558, EAO: 0.323
Trial 739 finished with value: 0.3230795959438331 and parameters: {'window_influence': 0.4566650788474943, 'penalty_k': 0.09480221870495761, 'scale_lr': 0.23973206727220558}. Best is trial 330 with value: 0.36352008859471124.
checkpoint_e31 window_influence: 0.43896240230674038, penalty_k: 0.11001143425840079, scale_lr: 0.18434233860081012, EAO: 0.330
Trial 740 finished with value: 0.3298431741008499 and parameters: {'window_influence': 0.4389624023067404, 'penalty_k': 0.11001143425840079, 'scale_lr': 0.18434233860081012}. Best is trial 330 with value: 0.36352008859471124.
checkpoint_e31 window_influence: 0.28181414687059814, penalty_k: 0.01279968080765862, scale_lr: 0.15044591623146916, EAO: 0.323
Trial 741 finished with value: 0.32266818926260166 and parameters: {'window_influence': 0.28181414687059814, 'penalty_k': 0.012799680807658618, 'scale_lr': 0.15044591623146916}. Best is trial 330 with value: 0.36352008859471124.
checkpoint_e31 window_influence: 0.47948935953276073, penalty_k: 0.50157690638455699, scale_lr: 0.22235976229425547, EAO: 0.296
Trial 742 finished with value: 0.29605121469915147 and parameters: {'window_influence': 0.47948935953276073, 'penalty_k': 0.501576906384557, 'scale_lr': 0.22235976229425547}. Best is trial 330 with value: 0.36352008859471124.
checkpoint_e31 window_influence: 0.46605791080896314, penalty_k: 0.19066059819395587, scale_lr: 0.27345741921395011, EAO: 0.329
Trial 743 finished with value: 0.3287250425101254 and parameters: {'window_influence': 0.46605791080896314, 'penalty_k': 0.19066059819395587, 'scale_lr': 0.2734574192139501}. Best is trial 330 with value: 0.36352008859471124.
checkpoint_e31 window_influence: 0.48625715944699882, penalty_k: 0.12316285866336531, scale_lr: 0.20708585922349484, EAO: 0.333
Trial 744 finished with value: 0.3332884258913159 and parameters: {'window_influence': 0.4862571594469988, 'penalty_k': 0.12316285866336531, 'scale_lr': 0.20708585922349484}. Best is trial 330 with value: 0.36352008859471124.
checkpoint_e31 window_influence: 0.36473635054776887, penalty_k: 0.16901402634125656, scale_lr: 0.17750201796571685, EAO: 0.311
Trial 745 finished with value: 0.31079357508787386 and parameters: {'window_influence': 0.3647363505477689, 'penalty_k': 0.16901402634125656, 'scale_lr': 0.17750201796571685}. Best is trial 330 with value: 0.36352008859471124.
checkpoint_e31 window_influence: 0.53573901383358313, penalty_k: 0.08553079717491360, scale_lr: 0.26134622871256979, EAO: 0.312
Trial 746 finished with value: 0.31202182857906774 and parameters: {'window_influence': 0.5357390138335831, 'penalty_k': 0.0855307971749136, 'scale_lr': 0.2613462287125698}. Best is trial 330 with value: 0.36352008859471124.
checkpoint_e31 window_influence: 0.50633921310544316, penalty_k: 0.13846827201095105, scale_lr: 0.55846710279205125, EAO: 0.338
Trial 747 finished with value: 0.33811455304056753 and parameters: {'window_influence': 0.5063392131054432, 'penalty_k': 0.13846827201095105, 'scale_lr': 0.5584671027920513}. Best is trial 330 with value: 0.36352008859471124.
checkpoint_e31 window_influence: 0.56952957493528111, penalty_k: 0.55751765031853784, scale_lr: 0.14348828177276049, EAO: 0.261
Trial 748 finished with value: 0.26096872330175763 and parameters: {'window_influence': 0.5695295749352811, 'penalty_k': 0.5575176503185378, 'scale_lr': 0.1434882817727605}. Best is trial 330 with value: 0.36352008859471124.
checkpoint_e31 window_influence: 0.44795637051794013, penalty_k: 0.24847129803969267, scale_lr: 0.19635727521219071, EAO: 0.300
Trial 749 finished with value: 0.3000603496796426 and parameters: {'window_influence': 0.44795637051794013, 'penalty_k': 0.24847129803969267, 'scale_lr': 0.1963572752121907}. Best is trial 330 with value: 0.36352008859471124.
checkpoint_e31 window_influence: 0.15752707651027942, penalty_k: 0.28691595386373941, scale_lr: 0.48713133217333682, EAO: 0.257
Trial 750 finished with value: 0.2567077081375085 and parameters: {'window_influence': 0.15752707651027942, 'penalty_k': 0.2869159538637394, 'scale_lr': 0.4871313321733368}. Best is trial 330 with value: 0.36352008859471124.
checkpoint_e31 window_influence: 0.24574647705642777, penalty_k: 0.00022507041942675, scale_lr: 0.24026908643674486, EAO: 0.296
Trial 751 finished with value: 0.2955579355301096 and parameters: {'window_influence': 0.24574647705642777, 'penalty_k': 0.0002250704194267511, 'scale_lr': 0.24026908643674486}. Best is trial 330 with value: 0.36352008859471124.
checkpoint_e31 window_influence: 0.32387204279562976, penalty_k: 0.32438870454375335, scale_lr: 0.15460687822176147, EAO: 0.294
Trial 752 finished with value: 0.29414940703703735 and parameters: {'window_influence': 0.32387204279562976, 'penalty_k': 0.32438870454375335, 'scale_lr': 0.15460687822176147}. Best is trial 330 with value: 0.36352008859471124.
checkpoint_e31 window_influence: 0.47458455315714299, penalty_k: 0.10098955843871177, scale_lr: 0.28859272402787611, EAO: 0.333
Trial 753 finished with value: 0.33309161303572155 and parameters: {'window_influence': 0.474584553157143, 'penalty_k': 0.10098955843871177, 'scale_lr': 0.2885927240278761}. Best is trial 330 with value: 0.36352008859471124.
checkpoint_e31 window_influence: 0.49287920293527648, penalty_k: 0.52931220698995773, scale_lr: 0.13456553351117234, EAO: 0.294
Trial 754 finished with value: 0.2938457921669177 and parameters: {'window_influence': 0.4928792029352765, 'penalty_k': 0.5293122069899577, 'scale_lr': 0.13456553351117234}. Best is trial 330 with value: 0.36352008859471124.
checkpoint_e31 window_influence: 0.61568121173066337, penalty_k: 0.53800254868252306, scale_lr: 0.16582833964840055, EAO: 0.246
Trial 755 finished with value: 0.2462049327239916 and parameters: {'window_influence': 0.6156812117306634, 'penalty_k': 0.5380025486825231, 'scale_lr': 0.16582833964840055}. Best is trial 330 with value: 0.36352008859471124.
checkpoint_e31 window_influence: 0.54859800426721783, penalty_k: 0.11446985424996248, scale_lr: 0.22942305208110506, EAO: 0.307
Trial 756 finished with value: 0.3067470539636649 and parameters: {'window_influence': 0.5485980042672178, 'penalty_k': 0.11446985424996248, 'scale_lr': 0.22942305208110506}. Best is trial 330 with value: 0.36352008859471124.
checkpoint_e31 window_influence: 0.51298954906354799, penalty_k: 0.01866707711597260, scale_lr: 0.57761771782312032, EAO: 0.361
