Trial 926 finished with value: 0.31679998494771666 and parameters: {'window_influence': 0.3623063315846056, 'penalty_k': 0.06499419688721407, 'scale_lr': 0.6383121256324649}. Best is trial 620 with value: 0.36708399363528893.
checkpoint_e33 window_influence: 0.61149395813063023, penalty_k: 0.01117937214188999, scale_lr: 0.22207019784248980, EAO: 0.272
Trial 927 finished with value: 0.27183180119740824 and parameters: {'window_influence': 0.6114939581306302, 'penalty_k': 0.011179372141889986, 'scale_lr': 0.2220701978424898}. Best is trial 620 with value: 0.36708399363528893.
checkpoint_e33 window_influence: 0.52842018676545477, penalty_k: 0.35344093948051486, scale_lr: 0.37859775646900379, EAO: 0.298
Trial 928 finished with value: 0.29847688654053534 and parameters: {'window_influence': 0.5284201867654548, 'penalty_k': 0.35344093948051486, 'scale_lr': 0.3785977564690038}. Best is trial 620 with value: 0.36708399363528893.
checkpoint_e33 window_influence: 0.62199884744310452, penalty_k: 0.54144114273307808, scale_lr: 0.46319002756359906, EAO: 0.233
Trial 929 finished with value: 0.23332566834609333 and parameters: {'window_influence': 0.6219988474431045, 'penalty_k': 0.5414411427330781, 'scale_lr': 0.46319002756359906}. Best is trial 620 with value: 0.36708399363528893.
checkpoint_e33 window_influence: 0.49114041268657532, penalty_k: 0.45566588441828487, scale_lr: 0.16606785087578491, EAO: 0.309
Trial 930 finished with value: 0.30923878201482824 and parameters: {'window_influence': 0.4911404126865753, 'penalty_k': 0.45566588441828487, 'scale_lr': 0.1660678508757849}. Best is trial 620 with value: 0.36708399363528893.
checkpoint_e33 window_influence: 0.44688968639034576, penalty_k: 0.31378809949514036, scale_lr: 0.28493152761204255, EAO: 0.328
Trial 931 finished with value: 0.32836560533900205 and parameters: {'window_influence': 0.44688968639034576, 'penalty_k': 0.31378809949514036, 'scale_lr': 0.28493152761204255}. Best is trial 620 with value: 0.36708399363528893.
checkpoint_e33 window_influence: 0.49852177088484939, penalty_k: 0.04694727514026593, scale_lr: 0.33291149076431409, EAO: 0.342
Trial 932 finished with value: 0.34187556982968104 and parameters: {'window_influence': 0.4985217708848494, 'penalty_k': 0.046947275140265934, 'scale_lr': 0.3329114907643141}. Best is trial 620 with value: 0.36708399363528893.
checkpoint_e33 window_influence: 0.45917793970578796, penalty_k: 0.58741172500598915, scale_lr: 0.78223061417763262, EAO: 0.315
Trial 933 finished with value: 0.3153975342150328 and parameters: {'window_influence': 0.45917793970578796, 'penalty_k': 0.5874117250059891, 'scale_lr': 0.7822306141776326}. Best is trial 620 with value: 0.36708399363528893.
checkpoint_e33 window_influence: 0.27224916307111890, penalty_k: 0.09111284780903217, scale_lr: 0.41634672296902364, EAO: 0.292
Trial 934 finished with value: 0.2922138475490451 and parameters: {'window_influence': 0.2722491630711189, 'penalty_k': 0.09111284780903217, 'scale_lr': 0.41634672296902364}. Best is trial 620 with value: 0.36708399363528893.
checkpoint_e33 window_influence: 0.48199847389396905, penalty_k: 0.23327982800574321, scale_lr: 0.43855095682571982, EAO: 0.332
Trial 935 finished with value: 0.3316454645028838 and parameters: {'window_influence': 0.48199847389396905, 'penalty_k': 0.2332798280057432, 'scale_lr': 0.4385509568257198}. Best is trial 620 with value: 0.36708399363528893.
checkpoint_e33 window_influence: 0.50650222933759881, penalty_k: 0.02844053567204015, scale_lr: 0.40454695180548245, EAO: 0.346
Trial 936 finished with value: 0.3464386888747085 and parameters: {'window_influence': 0.5065022293375988, 'penalty_k': 0.02844053567204015, 'scale_lr': 0.40454695180548245}. Best is trial 620 with value: 0.36708399363528893.
checkpoint_e33 window_influence: 0.43536235138095652, penalty_k: 0.01645268621625027, scale_lr: 0.12911959456752406, EAO: 0.334
Trial 937 finished with value: 0.3342357138135554 and parameters: {'window_influence': 0.4353623513809565, 'penalty_k': 0.016452686216250272, 'scale_lr': 0.12911959456752406}. Best is trial 620 with value: 0.36708399363528893.
checkpoint_e33 window_influence: 0.47143342396258031, penalty_k: 0.12607527449293632, scale_lr: 0.49056907616110379, EAO: 0.344
Trial 938 finished with value: 0.3440029160753762 and parameters: {'window_influence': 0.4714334239625803, 'penalty_k': 0.12607527449293632, 'scale_lr': 0.4905690761611038}. Best is trial 620 with value: 0.36708399363528893.
checkpoint_e33 window_influence: 0.51557296980183764, penalty_k: 0.08315899758282966, scale_lr: 0.53290380521359504, EAO: 0.336
Trial 939 finished with value: 0.33640986043191606 and parameters: {'window_influence': 0.5155729698018376, 'penalty_k': 0.08315899758282966, 'scale_lr': 0.532903805213595}. Best is trial 620 with value: 0.36708399363528893.
checkpoint_e33 window_influence: 0.38247493395999110, penalty_k: 0.13854829477208624, scale_lr: 0.19141318949201280, EAO: 0.338
Trial 940 finished with value: 0.33833492300853657 and parameters: {'window_influence': 0.3824749339599911, 'penalty_k': 0.13854829477208624, 'scale_lr': 0.1914131894920128}. Best is trial 620 with value: 0.36708399363528893.
checkpoint_e33 window_influence: 0.27960185792846853, penalty_k: 0.40892957663522045, scale_lr: 0.27655969334101460, EAO: 0.292
Trial 941 finished with value: 0.29161565858102495 and parameters: {'window_influence': 0.27960185792846853, 'penalty_k': 0.40892957663522045, 'scale_lr': 0.2765596933410146}. Best is trial 620 with value: 0.36708399363528893.
checkpoint_e33 window_influence: 0.49063784697488327, penalty_k: 0.06876098849944914, scale_lr: 0.67129766198089291, EAO: 0.331
Trial 942 finished with value: 0.3310929340843097 and parameters: {'window_influence': 0.4906378469748833, 'penalty_k': 0.06876098849944914, 'scale_lr': 0.6712976619808929}. Best is trial 620 with value: 0.36708399363528893.
checkpoint_e33 window_influence: 0.53946358201680888, penalty_k: 0.03649751698761625, scale_lr: 0.76559455288614398, EAO: 0.304
Trial 943 finished with value: 0.3038509216753889 and parameters: {'window_influence': 0.5394635820168089, 'penalty_k': 0.036497516987616246, 'scale_lr': 0.765594552886144}. Best is trial 620 with value: 0.36708399363528893.
checkpoint_e33 window_influence: 0.37034668818268335, penalty_k: 0.10089099799981205, scale_lr: 0.73277666828862886, EAO: 0.318
Trial 944 finished with value: 0.31832741873505516 and parameters: {'window_influence': 0.37034668818268335, 'penalty_k': 0.10089099799981205, 'scale_lr': 0.7327766682886289}. Best is trial 620 with value: 0.36708399363528893.
checkpoint_e33 window_influence: 0.48118312189187429, penalty_k: 0.05435307251241811, scale_lr: 0.51116197789300044, EAO: 0.361
Trial 945 finished with value: 0.36132254384834944 and parameters: {'window_influence': 0.4811831218918743, 'penalty_k': 0.05435307251241811, 'scale_lr': 0.5111619778930004}. Best is trial 620 with value: 0.36708399363528893.
checkpoint_e33 window_influence: 0.50304206579577515, penalty_k: 0.36646295974477749, scale_lr: 0.52967142244456733, EAO: 0.299
Trial 946 finished with value: 0.299068611651543 and parameters: {'window_influence': 0.5030420657957752, 'penalty_k': 0.3664629597447775, 'scale_lr': 0.5296714224445673}. Best is trial 620 with value: 0.36708399363528893.
checkpoint_e33 window_influence: 0.20200346954384657, penalty_k: 0.30289067242949735, scale_lr: 0.50442134283889073, EAO: 0.284
Trial 947 finished with value: 0.2840554213245555 and parameters: {'window_influence': 0.20200346954384657, 'penalty_k': 0.30289067242949735, 'scale_lr': 0.5044213428388907}. Best is trial 620 with value: 0.36708399363528893.
checkpoint_e33 window_influence: 0.48318933097226940, penalty_k: 0.05082528343581494, scale_lr: 0.51099702509604350, EAO: 0.356
Trial 948 finished with value: 0.355662154200476 and parameters: {'window_influence': 0.4831893309722694, 'penalty_k': 0.05082528343581494, 'scale_lr': 0.5109970250960435}. Best is trial 620 with value: 0.36708399363528893.
checkpoint_e33 window_influence: 0.52475503206400520, penalty_k: 0.02837799901303754, scale_lr: 0.52005013835356395, EAO: 0.328
Trial 949 finished with value: 0.32847433911223356 and parameters: {'window_influence': 0.5247550320640052, 'penalty_k': 0.028377999013037537, 'scale_lr': 0.520050138353564}. Best is trial 620 with value: 0.36708399363528893.
checkpoint_e33 window_influence: 0.49546782657485916, penalty_k: 0.46229256955479459, scale_lr: 0.47974188227125802, EAO: 0.307
Trial 950 finished with value: 0.307093602442092 and parameters: {'window_influence': 0.49546782657485916, 'penalty_k': 0.4622925695547946, 'scale_lr': 0.479741882271258}. Best is trial 620 with value: 0.36708399363528893.
checkpoint_e33 window_influence: 0.51482789520317873, penalty_k: 0.49554102102736186, scale_lr: 0.49709717712686480, EAO: 0.306
Trial 951 finished with value: 0.3055641317182014 and parameters: {'window_influence': 0.5148278952031787, 'penalty_k': 0.49554102102736186, 'scale_lr': 0.4970971771268648}. Best is trial 620 with value: 0.36708399363528893.
checkpoint_e33 window_influence: 0.41333658395300771, penalty_k: 0.05219882917571123, scale_lr: 0.54978115764875612, EAO: 0.333
Trial 952 finished with value: 0.3326205020980612 and parameters: {'window_influence': 0.4133365839530077, 'penalty_k': 0.052198829175711225, 'scale_lr': 0.5497811576487561}. Best is trial 620 with value: 0.36708399363528893.
checkpoint_e33 window_influence: 0.48225370933979267, penalty_k: 0.04107898124708376, scale_lr: 0.44974773222321218, EAO: 0.360
Trial 953 finished with value: 0.3601317934488972 and parameters: {'window_influence': 0.48225370933979267, 'penalty_k': 0.04107898124708376, 'scale_lr': 0.4497477322232122}. Best is trial 620 with value: 0.36708399363528893.
checkpoint_e33 window_influence: 0.21872383193784528, penalty_k: 0.04158122126266395, scale_lr: 0.45461700807123756, EAO: 0.275
Trial 954 finished with value: 0.2754126729204497 and parameters: {'window_influence': 0.21872383193784528, 'penalty_k': 0.04158122126266395, 'scale_lr': 0.45461700807123756}. Best is trial 620 with value: 0.36708399363528893.
checkpoint_e33 window_influence: 0.23839220678358686, penalty_k: 0.05841635887860492, scale_lr: 0.46651926818807959, EAO: 0.292
Trial 955 finished with value: 0.29168331802819025 and parameters: {'window_influence': 0.23839220678358686, 'penalty_k': 0.05841635887860492, 'scale_lr': 0.4665192681880796}. Best is trial 620 with value: 0.36708399363528893.
checkpoint_e33 window_influence: 0.50084372341183836, penalty_k: 0.04359180500655952, scale_lr: 0.45431688963457978, EAO: 0.337
Trial 956 finished with value: 0.3365573939878189 and parameters: {'window_influence': 0.5008437234118384, 'penalty_k': 0.04359180500655952, 'scale_lr': 0.4543168896345798}. Best is trial 620 with value: 0.36708399363528893.
checkpoint_e33 window_influence: 0.22539108552951104, penalty_k: 0.03516161205152375, scale_lr: 0.58448404957607714, EAO: 0.283
Trial 957 finished with value: 0.2831639758807676 and parameters: {'window_influence': 0.22539108552951104, 'penalty_k': 0.035161612051523745, 'scale_lr': 0.5844840495760771}. Best is trial 620 with value: 0.36708399363528893.
checkpoint_e33 window_influence: 0.48302334511840445, penalty_k: 0.50887436487063997, scale_lr: 0.53770128633327008, EAO: 0.300
Trial 958 finished with value: 0.30019674708175287 and parameters: {'window_influence': 0.48302334511840445, 'penalty_k': 0.50887436487064, 'scale_lr': 0.5377012863332701}. Best is trial 620 with value: 0.36708399363528893.
checkpoint_e33 window_influence: 0.05092312786648567, penalty_k: 0.06343635546590126, scale_lr: 0.44073302097166200, EAO: 0.250
Trial 959 finished with value: 0.249582191153723 and parameters: {'window_influence': 0.05092312786648567, 'penalty_k': 0.06343635546590126, 'scale_lr': 0.440733020971662}. Best is trial 620 with value: 0.36708399363528893.
checkpoint_e33 window_influence: 0.32040256054101351, penalty_k: 0.05277675339919256, scale_lr: 0.48186413879226331, EAO: 0.303
Trial 960 finished with value: 0.3030970305900166 and parameters: {'window_influence': 0.3204025605410135, 'penalty_k': 0.052776753399192564, 'scale_lr': 0.4818641387922633}. Best is trial 620 with value: 0.36708399363528893.
checkpoint_e33 window_influence: 0.25752922257708410, penalty_k: 0.01974465558670237, scale_lr: 0.61223940075050409, EAO: 0.299
Trial 961 finished with value: 0.29880622933810785 and parameters: {'window_influence': 0.2575292225770841, 'penalty_k': 0.019744655586702367, 'scale_lr': 0.6122394007505041}. Best is trial 620 with value: 0.36708399363528893.
checkpoint_e33 window_influence: 0.48989423850670721, penalty_k: 0.04004481945070198, scale_lr: 0.56650067966194317, EAO: 0.350
Trial 962 finished with value: 0.3503028890734053 and parameters: {'window_influence': 0.4898942385067072, 'penalty_k': 0.04004481945070198, 'scale_lr': 0.5665006796619432}. Best is trial 620 with value: 0.36708399363528893.
checkpoint_e33 window_influence: 0.10190758313055254, penalty_k: 0.02824681172225162, scale_lr: 0.46723071757724977, EAO: 0.263
Trial 963 finished with value: 0.2626369721346792 and parameters: {'window_influence': 0.10190758313055254, 'penalty_k': 0.028246811722251616, 'scale_lr': 0.46723071757724977}. Best is trial 620 with value: 0.36708399363528893.
checkpoint_e33 window_influence: 0.50578334018267956, penalty_k: 0.05978144510757033, scale_lr: 0.42700659420610754, EAO: 0.362
Trial 964 finished with value: 0.36185890784059516 and parameters: {'window_influence': 0.5057833401826796, 'penalty_k': 0.05978144510757033, 'scale_lr': 0.42700659420610754}. Best is trial 620 with value: 0.36708399363528893.
checkpoint_e33 window_influence: 0.51022960881076118, penalty_k: 0.06194182480167788, scale_lr: 0.42645629986672723, EAO: 0.330
Trial 965 finished with value: 0.33019642746402134 and parameters: {'window_influence': 0.5102296088107612, 'penalty_k': 0.061941824801677876, 'scale_lr': 0.42645629986672723}. Best is trial 620 with value: 0.36708399363528893.
checkpoint_e33 window_influence: 0.52784388469325760, penalty_k: 0.05353308881000941, scale_lr: 0.44508447179978256, EAO: 0.314
Trial 966 finished with value: 0.31356486121504223 and parameters: {'window_influence': 0.5278438846932576, 'penalty_k': 0.05353308881000941, 'scale_lr': 0.44508447179978256}. Best is trial 620 with value: 0.36708399363528893.
checkpoint_e33 window_influence: 0.16625766672832390, penalty_k: 0.06986553057361571, scale_lr: 0.42760353190935052, EAO: 0.263
Trial 967 finished with value: 0.2628667073375056 and parameters: {'window_influence': 0.1662576667283239, 'penalty_k': 0.0698655305736157, 'scale_lr': 0.4276035319093505}. Best is trial 620 with value: 0.36708399363528893.
checkpoint_e33 window_influence: 0.50120370454109209, penalty_k: 0.04636921474314670, scale_lr: 0.15693750078752805, EAO: 0.331
Trial 968 finished with value: 0.3314273161414996 and parameters: {'window_influence': 0.5012037045410921, 'penalty_k': 0.046369214743146696, 'scale_lr': 0.15693750078752805}. Best is trial 620 with value: 0.36708399363528893.
checkpoint_e33 window_influence: 0.51592513966978970, penalty_k: 0.06165253723989414, scale_lr: 0.45377291511457546, EAO: 0.343
Trial 969 finished with value: 0.3433313525140517 and parameters: {'window_influence': 0.5159251396697897, 'penalty_k': 0.06165253723989414, 'scale_lr': 0.45377291511457546}. Best is trial 620 with value: 0.36708399363528893.
checkpoint_e33 window_influence: 0.28997880966109635, penalty_k: 0.03859454223814514, scale_lr: 0.11528793790559511, EAO: 0.312
Trial 970 finished with value: 0.3123313872150874 and parameters: {'window_influence': 0.28997880966109635, 'penalty_k': 0.03859454223814514, 'scale_lr': 0.1152879379055951}. Best is trial 620 with value: 0.36708399363528893.
checkpoint_e33 window_influence: 0.49545128530664273, penalty_k: 0.38808543362002090, scale_lr: 0.52098414902811119, EAO: 0.302
Trial 971 finished with value: 0.30174246297040336 and parameters: {'window_influence': 0.49545128530664273, 'penalty_k': 0.3880854336200209, 'scale_lr': 0.5209841490281112}. Best is trial 620 with value: 0.36708399363528893.
checkpoint_e33 window_influence: 0.35067045002309916, penalty_k: 0.07632246330620289, scale_lr: 0.43774270098772311, EAO: 0.309
Trial 972 finished with value: 0.3091193332050561 and parameters: {'window_influence': 0.35067045002309916, 'penalty_k': 0.07632246330620289, 'scale_lr': 0.4377427009877231}. Best is trial 620 with value: 0.36708399363528893.
checkpoint_e33 window_influence: 0.50908337498687728, penalty_k: 0.05162618339886946, scale_lr: 0.14286507263536838, EAO: 0.355
Trial 973 finished with value: 0.35461861590930926 and parameters: {'window_influence': 0.5090833749868773, 'penalty_k': 0.051626183398869464, 'scale_lr': 0.14286507263536838}. Best is trial 620 with value: 0.36708399363528893.
checkpoint_e33 window_influence: 0.19813769687652857, penalty_k: 0.02241781230534882, scale_lr: 0.49587306190488911, EAO: 0.285
Trial 974 finished with value: 0.2854068602221485 and parameters: {'window_influence': 0.19813769687652857, 'penalty_k': 0.022417812305348825, 'scale_lr': 0.4958730619048891}. Best is trial 620 with value: 0.36708399363528893.
checkpoint_e33 window_influence: 0.53955730813307134, penalty_k: 0.26464508886218413, scale_lr: 0.47278262022366013, EAO: 0.305
Trial 975 finished with value: 0.30493783573928046 and parameters: {'window_influence': 0.5395573081330713, 'penalty_k': 0.26464508886218413, 'scale_lr': 0.47278262022366013}. Best is trial 620 with value: 0.36708399363528893.
checkpoint_e33 window_influence: 0.48767446403615688, penalty_k: 0.21771777316115604, scale_lr: 0.42181232714678035, EAO: 0.325
Trial 976 finished with value: 0.3245118149059756 and parameters: {'window_influence': 0.4876744640361569, 'penalty_k': 0.21771777316115604, 'scale_lr': 0.42181232714678035}. Best is trial 620 with value: 0.36708399363528893.
checkpoint_e33 window_influence: 0.52242512556752063, penalty_k: 0.06932131076850652, scale_lr: 0.44391680704950193, EAO: 0.325
Trial 977 finished with value: 0.3253874444776008 and parameters: {'window_influence': 0.5224251255675206, 'penalty_k': 0.06932131076850652, 'scale_lr': 0.4439168070495019}. Best is trial 620 with value: 0.36708399363528893.
checkpoint_e33 window_influence: 0.50078851054432583, penalty_k: 0.01007041048026142, scale_lr: 0.55688965432867898, EAO: 0.328
Trial 978 finished with value: 0.3275033596772628 and parameters: {'window_influence': 0.5007885105443258, 'penalty_k': 0.010070410480261416, 'scale_lr': 0.556889654328679}. Best is trial 620 with value: 0.36708399363528893.
checkpoint_e33 window_influence: 0.48127259730474309, penalty_k: 0.03353422750688652, scale_lr: 0.51216769538597373, EAO: 0.350
Trial 979 finished with value: 0.35003184553250266 and parameters: {'window_influence': 0.4812725973047431, 'penalty_k': 0.03353422750688652, 'scale_lr': 0.5121676953859737}. Best is trial 620 with value: 0.36708399363528893.
checkpoint_e33 window_influence: 0.49640623196816297, penalty_k: 0.05813157785366527, scale_lr: 0.46066395889192835, EAO: 0.344
Trial 980 finished with value: 0.3435316837251418 and parameters: {'window_influence': 0.49640623196816297, 'penalty_k': 0.05813157785366527, 'scale_lr': 0.46066395889192835}. Best is trial 620 with value: 0.36708399363528893.
checkpoint_e33 window_influence: 0.55202959512377203, penalty_k: 0.04460614337706893, scale_lr: 0.48629669980363494, EAO: 0.289
Trial 981 finished with value: 0.289299030538199 and parameters: {'window_influence': 0.552029595123772, 'penalty_k': 0.04460614337706893, 'scale_lr': 0.48629669980363494}. Best is trial 620 with value: 0.36708399363528893.
checkpoint_e33 window_influence: 0.47659343242323177, penalty_k: 0.01789325267422338, scale_lr: 0.54470057079163936, EAO: 0.346
Trial 982 finished with value: 0.34625572198095955 and parameters: {'window_influence': 0.47659343242323177, 'penalty_k': 0.017893252674223377, 'scale_lr': 0.5447005707916394}. Best is trial 620 with value: 0.36708399363528893.
checkpoint_e33 window_influence: 0.51258675495092054, penalty_k: 0.03464519048529595, scale_lr: 0.41667177074447070, EAO: 0.338
Trial 983 finished with value: 0.33760673839758343 and parameters: {'window_influence': 0.5125867549509205, 'penalty_k': 0.03464519048529595, 'scale_lr': 0.4166717707444707}. Best is trial 620 with value: 0.36708399363528893.
checkpoint_e33 window_influence: 0.52844434314629263, penalty_k: 0.07413354000707491, scale_lr: 0.59470129654586423, EAO: 0.311
Trial 984 finished with value: 0.3112261197330423 and parameters: {'window_influence': 0.5284443431462926, 'penalty_k': 0.07413354000707491, 'scale_lr': 0.5947012965458642}. Best is trial 620 with value: 0.36708399363528893.
checkpoint_e33 window_influence: 0.08554722734232645, penalty_k: 0.23343665677845690, scale_lr: 0.43575807872832922, EAO: 0.264
Trial 985 finished with value: 0.2644017188581511 and parameters: {'window_influence': 0.08554722734232645, 'penalty_k': 0.2334366567784569, 'scale_lr': 0.4357580787283292}. Best is trial 620 with value: 0.36708399363528893.
checkpoint_e33 window_influence: 0.18550927473369905, penalty_k: 0.06101045737866263, scale_lr: 0.50883351999180393, EAO: 0.269
Trial 986 finished with value: 0.26905060081166515 and parameters: {'window_influence': 0.18550927473369905, 'penalty_k': 0.06101045737866263, 'scale_lr': 0.5088335199918039}. Best is trial 620 with value: 0.36708399363528893.
checkpoint_e33 window_influence: 0.48405695719632247, penalty_k: 0.00954450510808419, scale_lr: 0.52807528438451656, EAO: 0.346
Trial 987 finished with value: 0.34647615885920097 and parameters: {'window_influence': 0.48405695719632247, 'penalty_k': 0.00954450510808419, 'scale_lr': 0.5280752843845166}. Best is trial 620 with value: 0.36708399363528893.
checkpoint_e33 window_influence: 0.25522824671615846, penalty_k: 0.04934285854728404, scale_lr: 0.45051737637949635, EAO: 0.277
