Trial 496 finished with value: 0.29854601047614204 and parameters: {'window_influence': 0.412400547381919, 'penalty_k': 0.06269721904803721, 'scale_lr': 0.5781221006567784}. Best is trial 128 with value: 0.3574732866732527.
checkpoint_e16 window_influence: 0.38307756804442528, penalty_k: 0.07706414204735745, scale_lr: 0.27497776560156578, EAO: 0.328
Trial 497 finished with value: 0.328398720183725 and parameters: {'window_influence': 0.3830775680444253, 'penalty_k': 0.07706414204735745, 'scale_lr': 0.2749777656015658}. Best is trial 128 with value: 0.3574732866732527.
checkpoint_e16 window_influence: 0.54495526031654762, penalty_k: 0.02725584377318393, scale_lr: 0.45036764217795833, EAO: 0.289
Trial 498 finished with value: 0.28855653657987423 and parameters: {'window_influence': 0.5449552603165476, 'penalty_k': 0.027255843773183932, 'scale_lr': 0.4503676421779583}. Best is trial 128 with value: 0.3574732866732527.
checkpoint_e16 window_influence: 0.44179133525858266, penalty_k: 0.31227079178329931, scale_lr: 0.24725812809181824, EAO: 0.313
Trial 499 finished with value: 0.3130628387171935 and parameters: {'window_influence': 0.44179133525858266, 'penalty_k': 0.3122707917832993, 'scale_lr': 0.24725812809181824}. Best is trial 128 with value: 0.3574732866732527.
checkpoint_e16 window_influence: 0.61283773896272398, penalty_k: 0.09031631134615256, scale_lr: 0.29736206552698013, EAO: 0.269
Trial 500 finished with value: 0.2692929073762337 and parameters: {'window_influence': 0.612837738962724, 'penalty_k': 0.09031631134615256, 'scale_lr': 0.29736206552698013}. Best is trial 128 with value: 0.3574732866732527.
checkpoint_e16 window_influence: 0.32682844478105622, penalty_k: 0.01160969016594992, scale_lr: 0.31742879284359454, EAO: 0.314
Trial 501 finished with value: 0.3144184370101194 and parameters: {'window_influence': 0.3268284447810562, 'penalty_k': 0.011609690165949916, 'scale_lr': 0.31742879284359454}. Best is trial 128 with value: 0.3574732866732527.
checkpoint_e16 window_influence: 0.39062129289410485, penalty_k: 0.03824765522883253, scale_lr: 0.26398372585171764, EAO: 0.333
Trial 502 finished with value: 0.3327173530939488 and parameters: {'window_influence': 0.39062129289410485, 'penalty_k': 0.03824765522883253, 'scale_lr': 0.26398372585171764}. Best is trial 128 with value: 0.3574732866732527.
checkpoint_e16 window_influence: 0.33997896860655091, penalty_k: 0.09871254531863893, scale_lr: 0.23863367245204453, EAO: 0.328
Trial 503 finished with value: 0.32843314117030875 and parameters: {'window_influence': 0.3399789686065509, 'penalty_k': 0.09871254531863893, 'scale_lr': 0.23863367245204453}. Best is trial 128 with value: 0.3574732866732527.
checkpoint_e16 window_influence: 0.43020087930163814, penalty_k: 0.08520533063569313, scale_lr: 0.28939331102512406, EAO: 0.343
Trial 504 finished with value: 0.3427498389310874 and parameters: {'window_influence': 0.43020087930163814, 'penalty_k': 0.08520533063569313, 'scale_lr': 0.28939331102512406}. Best is trial 128 with value: 0.3574732866732527.
checkpoint_e16 window_influence: 0.35554700957648400, penalty_k: 0.07679365590674631, scale_lr: 0.28474430242435056, EAO: 0.320
Trial 505 finished with value: 0.3200202877071581 and parameters: {'window_influence': 0.355547009576484, 'penalty_k': 0.0767936559067463, 'scale_lr': 0.28474430242435056}. Best is trial 128 with value: 0.3574732866732527.
checkpoint_e16 window_influence: 0.11866664929148957, penalty_k: 0.07057660814859879, scale_lr: 0.30761800224763070, EAO: 0.267
Trial 506 finished with value: 0.2670675967222058 and parameters: {'window_influence': 0.11866664929148957, 'penalty_k': 0.07057660814859879, 'scale_lr': 0.3076180022476307}. Best is trial 128 with value: 0.3574732866732527.
checkpoint_e16 window_influence: 0.42381585126064214, penalty_k: 0.35442553558993495, scale_lr: 0.33087709269208398, EAO: 0.306
Trial 507 finished with value: 0.3056521647635137 and parameters: {'window_influence': 0.42381585126064214, 'penalty_k': 0.35442553558993495, 'scale_lr': 0.330877092692084}. Best is trial 128 with value: 0.3574732866732527.
checkpoint_e16 window_influence: 0.41228851388552140, penalty_k: 0.00025640465724230, scale_lr: 0.29677815310251010, EAO: 0.328
Trial 508 finished with value: 0.3283167019892296 and parameters: {'window_influence': 0.4122885138855214, 'penalty_k': 0.00025640465724229705, 'scale_lr': 0.2967781531025101}. Best is trial 128 with value: 0.3574732866732527.
checkpoint_e16 window_influence: 0.40429143841313731, penalty_k: 0.05868014558068747, scale_lr: 0.65334749870910769, EAO: 0.298
Trial 509 finished with value: 0.29805689163013194 and parameters: {'window_influence': 0.4042914384131373, 'penalty_k': 0.05868014558068747, 'scale_lr': 0.6533474987091077}. Best is trial 128 with value: 0.3574732866732527.
checkpoint_e16 window_influence: 0.42871832135930787, penalty_k: 0.07827905586819207, scale_lr: 0.74797574795617017, EAO: 0.306
Trial 510 finished with value: 0.3061512757368125 and parameters: {'window_influence': 0.4287183213593079, 'penalty_k': 0.07827905586819207, 'scale_lr': 0.7479757479561702}. Best is trial 128 with value: 0.3574732866732527.
A new study created in memory with name: no-name-b29bcfc2-8de3-4733-8cd2-bdc59a0f4228
checkpoint_e16 window_influence: 0.35246236045806739, penalty_k: 0.08580911093591326, scale_lr: 0.43166059336705870, EAO: 0.295
Trial 511 finished with value: 0.2946510214054167 and parameters: {'window_influence': 0.3524623604580674, 'penalty_k': 0.08580911093591326, 'scale_lr': 0.4316605933670587}. Best is trial 128 with value: 0.3574732866732527.
checkpoint_e16 window_influence: 0.26712501010322048, penalty_k: 0.07817035683190128, scale_lr: 0.68581696126970437, EAO: 0.299
Trial 0 finished with value: 0.29872616534103213 and parameters: {'window_influence': 0.2671250101032205, 'penalty_k': 0.07817035683190128, 'scale_lr': 0.6858169612697044}. Best is trial 0 with value: 0.29872616534103213.
checkpoint_e16 window_influence: 0.17088556860623963, penalty_k: 0.09712684267061873, scale_lr: 0.31817094586599420, EAO: 0.284
Trial 512 finished with value: 0.28387515826679854 and parameters: {'window_influence': 0.17088556860623963, 'penalty_k': 0.09712684267061873, 'scale_lr': 0.3181709458659942}. Best is trial 128 with value: 0.3574732866732527.
checkpoint_e16 window_influence: 0.29671884607591098, penalty_k: 0.05612989937305723, scale_lr: 0.28615614986680454, EAO: 0.299
Trial 513 finished with value: 0.29868624049170006 and parameters: {'window_influence': 0.296718846075911, 'penalty_k': 0.056129899373057235, 'scale_lr': 0.28615614986680454}. Best is trial 128 with value: 0.3574732866732527.
checkpoint_e16 window_influence: 0.62513732601831351, penalty_k: 0.09006361411742354, scale_lr: 0.79352723107618717, EAO: 0.235
Trial 1 finished with value: 0.23453440954944968 and parameters: {'window_influence': 0.6251373260183135, 'penalty_k': 0.09006361411742354, 'scale_lr': 0.7935272310761872}. Best is trial 0 with value: 0.29872616534103213.
checkpoint_e16 window_influence: 0.21574885857269183, penalty_k: 0.33502423097445377, scale_lr: 0.30632224673938702, EAO: 0.275
Trial 514 finished with value: 0.27511502628428464 and parameters: {'window_influence': 0.21574885857269183, 'penalty_k': 0.3350242309744538, 'scale_lr': 0.306322246739387}. Best is trial 128 with value: 0.3574732866732527.
checkpoint_e16 window_influence: 0.14402300572818491, penalty_k: 0.16396157421328353, scale_lr: 0.23820197522250991, EAO: 0.265
Trial 2 finished with value: 0.2649604557553154 and parameters: {'window_influence': 0.1440230057281849, 'penalty_k': 0.16396157421328353, 'scale_lr': 0.2382019752225099}. Best is trial 0 with value: 0.29872616534103213.
checkpoint_e16 window_influence: 0.45279687231766341, penalty_k: 0.04658157545818831, scale_lr: 0.22481571084029459, EAO: 0.319
Trial 515 finished with value: 0.318764441903927 and parameters: {'window_influence': 0.4527968723176634, 'penalty_k': 0.04658157545818831, 'scale_lr': 0.22481571084029459}. Best is trial 128 with value: 0.3574732866732527.
checkpoint_e16 window_influence: 0.17638205270499041, penalty_k: 0.28443190122752743, scale_lr: 0.67318327158338620, EAO: 0.248
Trial 3 finished with value: 0.24836020948590007 and parameters: {'window_influence': 0.1763820527049904, 'penalty_k': 0.28443190122752743, 'scale_lr': 0.6731832715833862}. Best is trial 0 with value: 0.29872616534103213.
checkpoint_e16 window_influence: 0.40039781423948867, penalty_k: 0.10389781841821913, scale_lr: 0.33092479029237548, EAO: 0.333
Trial 516 finished with value: 0.33318790497714906 and parameters: {'window_influence': 0.40039781423948867, 'penalty_k': 0.10389781841821913, 'scale_lr': 0.3309247902923755}. Best is trial 128 with value: 0.3574732866732527.
checkpoint_e16 window_influence: 0.45115832510192477, penalty_k: 0.58394633444778687, scale_lr: 0.19125330170657676, EAO: 0.277
Trial 4 finished with value: 0.2773757859890563 and parameters: {'window_influence': 0.4511583251019248, 'penalty_k': 0.5839463344477869, 'scale_lr': 0.19125330170657676}. Best is trial 0 with value: 0.29872616534103213.
checkpoint_e16 window_influence: 0.30815617715792920, penalty_k: 0.20811851148834848, scale_lr: 0.25489822439657994, EAO: 0.311
Trial 517 finished with value: 0.3106107558141886 and parameters: {'window_influence': 0.3081561771579292, 'penalty_k': 0.20811851148834848, 'scale_lr': 0.25489822439657994}. Best is trial 128 with value: 0.3574732866732527.
checkpoint_e16 window_influence: 0.41486832692258990, penalty_k: 0.08033686915648164, scale_lr: 0.72806163241304234, EAO: 0.303
Trial 5 finished with value: 0.3033476333905751 and parameters: {'window_influence': 0.4148683269225899, 'penalty_k': 0.08033686915648164, 'scale_lr': 0.7280616324130423}. Best is trial 5 with value: 0.3033476333905751.
checkpoint_e16 window_influence: 0.52489173878855366, penalty_k: 0.09095691294942901, scale_lr: 0.28220382675257072, EAO: 0.319
Trial 518 finished with value: 0.31860419835329984 and parameters: {'window_influence': 0.5248917387885537, 'penalty_k': 0.09095691294942901, 'scale_lr': 0.2822038267525707}. Best is trial 128 with value: 0.3574732866732527.
checkpoint_e16 window_influence: 0.21003715743671869, penalty_k: 0.32393731751276394, scale_lr: 0.18589090144061790, EAO: 0.275
Trial 6 finished with value: 0.2752014286671167 and parameters: {'window_influence': 0.2100371574367187, 'penalty_k': 0.32393731751276394, 'scale_lr': 0.1858909014406179}. Best is trial 5 with value: 0.3033476333905751.
checkpoint_e16 window_influence: 0.26051032810939234, penalty_k: 0.37402681903379048, scale_lr: 0.31322951127185122, EAO: 0.294
Trial 519 finished with value: 0.2935896025325538 and parameters: {'window_influence': 0.26051032810939234, 'penalty_k': 0.3740268190337905, 'scale_lr': 0.3132295112718512}. Best is trial 128 with value: 0.3574732866732527.
checkpoint_e16 window_influence: 0.42493267336162782, penalty_k: 0.55304351907297522, scale_lr: 0.20024288737057566, EAO: 0.299
Trial 520 finished with value: 0.299006249364248 and parameters: {'window_influence': 0.4249326733616278, 'penalty_k': 0.5530435190729752, 'scale_lr': 0.20024288737057566}. Best is trial 128 with value: 0.3574732866732527.
checkpoint_e16 window_influence: 0.60600501207833302, penalty_k: 0.13024752501556505, scale_lr: 0.61682102201951627, EAO: 0.254
Trial 7 finished with value: 0.25438884874726087 and parameters: {'window_influence': 0.606005012078333, 'penalty_k': 0.13024752501556505, 'scale_lr': 0.6168210220195163}. Best is trial 5 with value: 0.3033476333905751.
checkpoint_e16 window_influence: 0.48542289093853125, penalty_k: 0.02871083742073398, scale_lr: 0.29654578148297345, EAO: 0.322
Trial 521 finished with value: 0.32160741334295456 and parameters: {'window_influence': 0.48542289093853125, 'penalty_k': 0.02871083742073398, 'scale_lr': 0.29654578148297345}. Best is trial 128 with value: 0.3574732866732527.
checkpoint_e16 window_influence: 0.39265589667342948, penalty_k: 0.31306334117342144, scale_lr: 0.27618507932145242, EAO: 0.301
Trial 8 finished with value: 0.30136038583308344 and parameters: {'window_influence': 0.3926558966734295, 'penalty_k': 0.31306334117342144, 'scale_lr': 0.2761850793214524}. Best is trial 5 with value: 0.3033476333905751.
checkpoint_e16 window_influence: 0.25187811722312148, penalty_k: 0.49865459660404421, scale_lr: 0.68001584542290761, EAO: 0.283
Trial 522 finished with value: 0.2834291803697668 and parameters: {'window_influence': 0.2518781172231215, 'penalty_k': 0.4986545966040442, 'scale_lr': 0.6800158454229076}. Best is trial 128 with value: 0.3574732866732527.
checkpoint_e16 window_influence: 0.24673360095271918, penalty_k: 0.21367115610795287, scale_lr: 0.15728998005805456, EAO: 0.295
Trial 9 finished with value: 0.2951431416467934 and parameters: {'window_influence': 0.24673360095271918, 'penalty_k': 0.21367115610795287, 'scale_lr': 0.15728998005805456}. Best is trial 5 with value: 0.3033476333905751.
checkpoint_e16 window_influence: 0.50902472758772110, penalty_k: 0.58809528971930924, scale_lr: 0.41932315219718014, EAO: 0.275
Trial 523 finished with value: 0.2752726707129163 and parameters: {'window_influence': 0.5090247275877211, 'penalty_k': 0.5880952897193092, 'scale_lr': 0.41932315219718014}. Best is trial 128 with value: 0.3574732866732527.
checkpoint_e16 window_influence: 0.05599238192939493, penalty_k: 0.02564080573511779, scale_lr: 0.43503263170744555, EAO: 0.259
Trial 10 finished with value: 0.2588076964310635 and parameters: {'window_influence': 0.05599238192939493, 'penalty_k': 0.02564080573511779, 'scale_lr': 0.43503263170744555}. Best is trial 5 with value: 0.3033476333905751.
checkpoint_e16 window_influence: 0.45585290359887681, penalty_k: 0.11174781283208486, scale_lr: 0.60757642315467475, EAO: 0.300
Trial 524 finished with value: 0.29960523232643704 and parameters: {'window_influence': 0.4558529035988768, 'penalty_k': 0.11174781283208486, 'scale_lr': 0.6075764231546747}. Best is trial 128 with value: 0.3574732866732527.
checkpoint_e16 window_influence: 0.44321094348123985, penalty_k: 0.35734842169451436, scale_lr: 0.38572104485281555, EAO: 0.292
Trial 11 finished with value: 0.29159363524459214 and parameters: {'window_influence': 0.44321094348123985, 'penalty_k': 0.35734842169451436, 'scale_lr': 0.38572104485281555}. Best is trial 5 with value: 0.3033476333905751.
checkpoint_e16 window_influence: 0.43836460479829603, penalty_k: 0.38663262950067756, scale_lr: 0.23517965110028402, EAO: 0.311
Trial 525 finished with value: 0.3107721465802842 and parameters: {'window_influence': 0.43836460479829603, 'penalty_k': 0.38663262950067756, 'scale_lr': 0.23517965110028402}. Best is trial 128 with value: 0.3574732866732527.
checkpoint_e16 window_influence: 0.38288448048956802, penalty_k: 0.02423986594469613, scale_lr: 0.33634848592048538, EAO: 0.300
Trial 12 finished with value: 0.3001433825446474 and parameters: {'window_influence': 0.382884480489568, 'penalty_k': 0.024239865944696126, 'scale_lr': 0.3363484859204854}. Best is trial 5 with value: 0.3033476333905751.
checkpoint_e16 window_influence: 0.46868417004134844, penalty_k: 0.06552201377301292, scale_lr: 0.49245388412277064, EAO: 0.323
Trial 526 finished with value: 0.3230970719908926 and parameters: {'window_influence': 0.46868417004134844, 'penalty_k': 0.06552201377301292, 'scale_lr': 0.49245388412277064}. Best is trial 128 with value: 0.3574732866732527.
checkpoint_e16 window_influence: 0.32656752760767810, penalty_k: 0.04215907426123745, scale_lr: 0.18177150946254317, EAO: 0.303
Trial 527 finished with value: 0.3032437703836753 and parameters: {'window_influence': 0.3265675276076781, 'penalty_k': 0.042159074261237446, 'scale_lr': 0.18177150946254317}. Best is trial 128 with value: 0.3574732866732527.
checkpoint_e16 window_influence: 0.33938790317414536, penalty_k: 0.22717187060634367, scale_lr: 0.54648809976458490, EAO: 0.297
Trial 13 finished with value: 0.2972505043916665 and parameters: {'window_influence': 0.33938790317414536, 'penalty_k': 0.22717187060634367, 'scale_lr': 0.5464880997645849}. Best is trial 5 with value: 0.3033476333905751.
checkpoint_e16 window_influence: 0.38748839278857994, penalty_k: 0.27444343369222163, scale_lr: 0.32475773548632858, EAO: 0.301
Trial 528 finished with value: 0.30071556318826714 and parameters: {'window_influence': 0.38748839278857994, 'penalty_k': 0.27444343369222163, 'scale_lr': 0.3247577354863286}. Best is trial 128 with value: 0.3574732866732527.
checkpoint_e16 window_influence: 0.51990186024073171, penalty_k: 0.39851521333374690, scale_lr: 0.28352383023148703, EAO: 0.299
Trial 14 finished with value: 0.2989241465752227 and parameters: {'window_influence': 0.5199018602407317, 'penalty_k': 0.3985152133337469, 'scale_lr': 0.28352383023148703}. Best is trial 5 with value: 0.3033476333905751.
checkpoint_e16 window_influence: 0.37283452091650593, penalty_k: 0.23102260770756883, scale_lr: 0.53732345736801168, EAO: 0.298
Trial 529 finished with value: 0.2980009804439916 and parameters: {'window_influence': 0.37283452091650593, 'penalty_k': 0.23102260770756883, 'scale_lr': 0.5373234573680117}. Best is trial 128 with value: 0.3574732866732527.
checkpoint_e16 window_influence: 0.34705879335794798, penalty_k: 0.17400843585722320, scale_lr: 0.50973095559214143, EAO: 0.289
Trial 15 finished with value: 0.2894974995100081 and parameters: {'window_influence': 0.347058793357948, 'penalty_k': 0.1740084358572232, 'scale_lr': 0.5097309555921414}. Best is trial 5 with value: 0.3033476333905751.
checkpoint_e16 window_influence: 0.55256966962424126, penalty_k: 0.35615421861175245, scale_lr: 0.26721107561028490, EAO: 0.276
Trial 530 finished with value: 0.2757209051211984 and parameters: {'window_influence': 0.5525696696242413, 'penalty_k': 0.35615421861175245, 'scale_lr': 0.2672110756102849}. Best is trial 128 with value: 0.3574732866732527.
checkpoint_e16 window_influence: 0.50698201334037574, penalty_k: 0.25438793519665315, scale_lr: 0.10455425655465334, EAO: 0.297
Trial 16 finished with value: 0.2973443015192269 and parameters: {'window_influence': 0.5069820133403757, 'penalty_k': 0.25438793519665315, 'scale_lr': 0.10455425655465334}. Best is trial 5 with value: 0.3033476333905751.
checkpoint_e16 window_influence: 0.18268219868846977, penalty_k: 0.32785038621754725, scale_lr: 0.20388256733202573, EAO: 0.276
Trial 531 finished with value: 0.2756104997507793 and parameters: {'window_influence': 0.18268219868846977, 'penalty_k': 0.32785038621754725, 'scale_lr': 0.20388256733202573}. Best is trial 128 with value: 0.3574732866732527.
checkpoint_e16 window_influence: 0.30655204597203628, penalty_k: 0.00688804447395103, scale_lr: 0.34844485736479613, EAO: 0.302
Trial 17 finished with value: 0.30204482573711455 and parameters: {'window_influence': 0.3065520459720363, 'penalty_k': 0.006888044473951027, 'scale_lr': 0.34844485736479613}. Best is trial 5 with value: 0.3033476333905751.
checkpoint_e16 window_influence: 0.49414805486682517, penalty_k: 0.22151047331086116, scale_lr: 0.59514461574472999, EAO: 0.304
Trial 532 finished with value: 0.3042464913793111 and parameters: {'window_influence': 0.49414805486682517, 'penalty_k': 0.22151047331086116, 'scale_lr': 0.59514461574473}. Best is trial 128 with value: 0.3574732866732527.
checkpoint_e16 window_influence: 0.29943803000493407, penalty_k: 0.00138649809005138, scale_lr: 0.42352735692740023, EAO: 0.302
Trial 18 finished with value: 0.30191873431437677 and parameters: {'window_influence': 0.2994380300049341, 'penalty_k': 0.001386498090051383, 'scale_lr': 0.42352735692740023}. Best is trial 5 with value: 0.3033476333905751.
checkpoint_e16 window_influence: 0.45011776902249689, penalty_k: 0.08155160187232605, scale_lr: 0.34265228120926822, EAO: 0.319
Trial 533 finished with value: 0.3192613724952542 and parameters: {'window_influence': 0.4501177690224969, 'penalty_k': 0.08155160187232605, 'scale_lr': 0.3426522812092682}. Best is trial 128 with value: 0.3574732866732527.
checkpoint_e16 window_influence: 0.30845269314618190, penalty_k: 0.08733393742486427, scale_lr: 0.47785369050756249, EAO: 0.304
Trial 19 finished with value: 0.30360904214215184 and parameters: {'window_influence': 0.3084526931461819, 'penalty_k': 0.08733393742486427, 'scale_lr': 0.4778536905075625}. Best is trial 19 with value: 0.30360904214215184.
checkpoint_e16 window_influence: 0.48010568998594760, penalty_k: 0.10102794271626393, scale_lr: 0.25421544092436510, EAO: 0.324
Trial 534 finished with value: 0.323624520566213 and parameters: {'window_influence': 0.4801056899859476, 'penalty_k': 0.10102794271626393, 'scale_lr': 0.2542154409243651}. Best is trial 128 with value: 0.3574732866732527.
checkpoint_e16 window_influence: 0.41632604808237206, penalty_k: 0.25841567828356937, scale_lr: 0.45209888496070938, EAO: 0.291
Trial 535 finished with value: 0.2914214856661711 and parameters: {'window_influence': 0.41632604808237206, 'penalty_k': 0.25841567828356937, 'scale_lr': 0.4520988849607094}. Best is trial 128 with value: 0.3574732866732527.
checkpoint_e16 window_influence: 0.39647652375984044, penalty_k: 0.09807705484367180, scale_lr: 0.48711390033347451, EAO: 0.316
Trial 20 finished with value: 0.3161608914225018 and parameters: {'window_influence': 0.39647652375984044, 'penalty_k': 0.0980770548436718, 'scale_lr': 0.4871139003334745}. Best is trial 20 with value: 0.3161608914225018.
checkpoint_e16 window_influence: 0.46738907658237105, penalty_k: 0.45852009294354001, scale_lr: 0.30113131045471891, EAO: 0.301
Trial 536 finished with value: 0.30090136095475595 and parameters: {'window_influence': 0.46738907658237105, 'penalty_k': 0.45852009294354, 'scale_lr': 0.3011313104547189}. Best is trial 128 with value: 0.3574732866732527.
checkpoint_e16 window_influence: 0.39381607438468247, penalty_k: 0.07901099934649790, scale_lr: 0.49551717084504443, EAO: 0.319
