Trial 186 finished with value: 0.3292181878006412 and parameters: {'window_influence': 0.4703043492645004, 'penalty_k': 0.04325356612441791, 'scale_lr': 0.33450206367835034}. Best is trial 135 with value: 0.349596067973148.
checkpoint_e19 window_influence: 0.45933053459465711, penalty_k: 0.11133725506518774, scale_lr: 0.31716597038134275, EAO: 0.309
Trial 187 finished with value: 0.3086620449787912 and parameters: {'window_influence': 0.4593305345946571, 'penalty_k': 0.11133725506518774, 'scale_lr': 0.31716597038134275}. Best is trial 135 with value: 0.349596067973148.
checkpoint_e19 window_influence: 0.48234565959395820, penalty_k: 0.08133840452024151, scale_lr: 0.28382658918339143, EAO: 0.332
Trial 188 finished with value: 0.3321915091475624 and parameters: {'window_influence': 0.4823456595939582, 'penalty_k': 0.0813384045202415, 'scale_lr': 0.28382658918339143}. Best is trial 135 with value: 0.349596067973148.
checkpoint_e19 window_influence: 0.49358603057531047, penalty_k: 0.08295532807156829, scale_lr: 0.29887534299368912, EAO: 0.321
Trial 189 finished with value: 0.32126164905987825 and parameters: {'window_influence': 0.4935860305753105, 'penalty_k': 0.08295532807156829, 'scale_lr': 0.2988753429936891}. Best is trial 135 with value: 0.349596067973148.
checkpoint_e19 window_influence: 0.47998010107655137, penalty_k: 0.08907191574866405, scale_lr: 0.28173773226797239, EAO: 0.307
Trial 190 finished with value: 0.30672283447438176 and parameters: {'window_influence': 0.47998010107655137, 'penalty_k': 0.08907191574866405, 'scale_lr': 0.2817377322679724}. Best is trial 135 with value: 0.349596067973148.
checkpoint_e19 window_influence: 0.44969646155055792, penalty_k: 0.12178009033409817, scale_lr: 0.30796476850788057, EAO: 0.346
Trial 191 finished with value: 0.34611672963149814 and parameters: {'window_influence': 0.4496964615505579, 'penalty_k': 0.12178009033409817, 'scale_lr': 0.30796476850788057}. Best is trial 135 with value: 0.349596067973148.
checkpoint_e19 window_influence: 0.44621848954347004, penalty_k: 0.05861829571718263, scale_lr: 0.31271919069158383, EAO: 0.335
Trial 192 finished with value: 0.3350598802826284 and parameters: {'window_influence': 0.44621848954347004, 'penalty_k': 0.058618295717182634, 'scale_lr': 0.3127191906915838}. Best is trial 135 with value: 0.349596067973148.
checkpoint_e19 window_influence: 0.43386391235640354, penalty_k: 0.05394881032708380, scale_lr: 0.34977363809269357, EAO: 0.335
Trial 193 finished with value: 0.33526255967320173 and parameters: {'window_influence': 0.43386391235640354, 'penalty_k': 0.053948810327083804, 'scale_lr': 0.3497736380926936}. Best is trial 135 with value: 0.349596067973148.
checkpoint_e19 window_influence: 0.43324656327616434, penalty_k: 0.03992949825951921, scale_lr: 0.31292269894308422, EAO: 0.324
Trial 194 finished with value: 0.32357689790456673 and parameters: {'window_influence': 0.43324656327616434, 'penalty_k': 0.039929498259519206, 'scale_lr': 0.3129226989430842}. Best is trial 135 with value: 0.349596067973148.
checkpoint_e19 window_influence: 0.44395886173766180, penalty_k: 0.05548367088126190, scale_lr: 0.38679852555788108, EAO: 0.330
Trial 195 finished with value: 0.32988454633417763 and parameters: {'window_influence': 0.4439588617376618, 'penalty_k': 0.0554836708812619, 'scale_lr': 0.3867985255578811}. Best is trial 135 with value: 0.349596067973148.
checkpoint_e19 window_influence: 0.42599906550072519, penalty_k: 0.05754550455242353, scale_lr: 0.32693162970306794, EAO: 0.343
Trial 196 finished with value: 0.34304022209189744 and parameters: {'window_influence': 0.4259990655007252, 'penalty_k': 0.057545504552423535, 'scale_lr': 0.32693162970306794}. Best is trial 135 with value: 0.349596067973148.
checkpoint_e19 window_influence: 0.42020157878796571, penalty_k: 0.05594245702291031, scale_lr: 0.35165520378193432, EAO: 0.323
Trial 197 finished with value: 0.3226810922186662 and parameters: {'window_influence': 0.4202015787879657, 'penalty_k': 0.055942457022910314, 'scale_lr': 0.3516552037819343}. Best is trial 135 with value: 0.349596067973148.
checkpoint_e19 window_influence: 0.43067896825499802, penalty_k: 0.06861300783098707, scale_lr: 0.32801118279841857, EAO: 0.333
Trial 198 finished with value: 0.3329370601631788 and parameters: {'window_influence': 0.430678968254998, 'penalty_k': 0.06861300783098707, 'scale_lr': 0.32801118279841857}. Best is trial 135 with value: 0.349596067973148.
checkpoint_e19 window_influence: 0.45306330011616391, penalty_k: 0.04614047839210608, scale_lr: 0.37263112073545324, EAO: 0.349
Trial 199 finished with value: 0.3492799952104398 and parameters: {'window_influence': 0.4530633001161639, 'penalty_k': 0.046140478392106075, 'scale_lr': 0.37263112073545324}. Best is trial 135 with value: 0.349596067973148.
checkpoint_e19 window_influence: 0.43732716014588724, penalty_k: 0.03801943235504529, scale_lr: 0.37111747176065807, EAO: 0.350
Trial 200 finished with value: 0.3501577887553649 and parameters: {'window_influence': 0.43732716014588724, 'penalty_k': 0.03801943235504529, 'scale_lr': 0.37111747176065807}. Best is trial 200 with value: 0.3501577887553649.
checkpoint_e19 window_influence: 0.45152823722152091, penalty_k: 0.03894546746988999, scale_lr: 0.37242347587581082, EAO: 0.325
Trial 201 finished with value: 0.3246871987901309 and parameters: {'window_influence': 0.4515282372215209, 'penalty_k': 0.038945467469889986, 'scale_lr': 0.3724234758758108}. Best is trial 200 with value: 0.3501577887553649.
checkpoint_e19 window_influence: 0.43435012013128216, penalty_k: 0.02565821459387402, scale_lr: 0.36596328046603993, EAO: 0.337
Trial 202 finished with value: 0.33742620984404004 and parameters: {'window_influence': 0.43435012013128216, 'penalty_k': 0.025658214593874018, 'scale_lr': 0.36596328046603993}. Best is trial 200 with value: 0.3501577887553649.
checkpoint_e19 window_influence: 0.43490177932219981, penalty_k: 0.02262410559057493, scale_lr: 0.39085002318329365, EAO: 0.314
Trial 203 finished with value: 0.31431944529138184 and parameters: {'window_influence': 0.4349017793221998, 'penalty_k': 0.022624105590574928, 'scale_lr': 0.39085002318329365}. Best is trial 200 with value: 0.3501577887553649.
checkpoint_e19 window_influence: 0.42031900099686548, penalty_k: 0.04851629462435486, scale_lr: 0.40618970560521606, EAO: 0.334
Trial 204 finished with value: 0.33439435372092846 and parameters: {'window_influence': 0.4203190009968655, 'penalty_k': 0.04851629462435486, 'scale_lr': 0.40618970560521606}. Best is trial 200 with value: 0.3501577887553649.
checkpoint_e19 window_influence: 0.44218245770771430, penalty_k: 0.01822549668018286, scale_lr: 0.35482308234598320, EAO: 0.324
Trial 205 finished with value: 0.32358863207616695 and parameters: {'window_influence': 0.4421824577077143, 'penalty_k': 0.018225496680182862, 'scale_lr': 0.3548230823459832}. Best is trial 200 with value: 0.3501577887553649.
checkpoint_e19 window_influence: 0.39115922800202180, penalty_k: 0.00894495608083488, scale_lr: 0.43333680942747543, EAO: 0.316
Trial 206 finished with value: 0.3159873620081505 and parameters: {'window_influence': 0.3911592280020218, 'penalty_k': 0.008944956080834884, 'scale_lr': 0.43333680942747543}. Best is trial 200 with value: 0.3501577887553649.
checkpoint_e19 window_influence: 0.46285552902538196, penalty_k: 0.02498338828863299, scale_lr: 0.36618338051409655, EAO: 0.320
Trial 207 finished with value: 0.3197755494122375 and parameters: {'window_influence': 0.46285552902538196, 'penalty_k': 0.024983388288632988, 'scale_lr': 0.36618338051409655}. Best is trial 200 with value: 0.3501577887553649.
checkpoint_e19 window_influence: 0.42450003222988925, penalty_k: 0.05059696062152397, scale_lr: 0.35012971977004742, EAO: 0.337
Trial 208 finished with value: 0.3374324363841157 and parameters: {'window_influence': 0.42450003222988925, 'penalty_k': 0.05059696062152397, 'scale_lr': 0.3501297197700474}. Best is trial 200 with value: 0.3501577887553649.
checkpoint_e19 window_influence: 0.41183276556716680, penalty_k: 0.03634200796514839, scale_lr: 0.37759189622426614, EAO: 0.329
Trial 209 finished with value: 0.3286013183426764 and parameters: {'window_influence': 0.4118327655671668, 'penalty_k': 0.03634200796514839, 'scale_lr': 0.37759189622426614}. Best is trial 200 with value: 0.3501577887553649.
checkpoint_e19 window_influence: 0.40085490788725481, penalty_k: 0.00317293279977407, scale_lr: 0.34549942828581970, EAO: 0.328
Trial 210 finished with value: 0.32780598219962437 and parameters: {'window_influence': 0.4008549078872548, 'penalty_k': 0.0031729327997740663, 'scale_lr': 0.3454994282858197}. Best is trial 200 with value: 0.3501577887553649.
checkpoint_e19 window_influence: 0.42761780341795180, penalty_k: 0.04829971637513063, scale_lr: 0.34090442173734087, EAO: 0.333
Trial 211 finished with value: 0.33274564576056215 and parameters: {'window_influence': 0.4276178034179518, 'penalty_k': 0.04829971637513063, 'scale_lr': 0.34090442173734087}. Best is trial 200 with value: 0.3501577887553649.
checkpoint_e19 window_influence: 0.44961766165605233, penalty_k: 0.05388454010910794, scale_lr: 0.39417522160980850, EAO: 0.302
Trial 212 finished with value: 0.3019792329708426 and parameters: {'window_influence': 0.4496176616560523, 'penalty_k': 0.05388454010910794, 'scale_lr': 0.3941752216098085}. Best is trial 200 with value: 0.3501577887553649.
checkpoint_e19 window_influence: 0.43227457861742824, penalty_k: 0.06130697827867650, scale_lr: 0.32971045227731616, EAO: 0.333
Trial 213 finished with value: 0.33252801859193276 and parameters: {'window_influence': 0.43227457861742824, 'penalty_k': 0.061306978278676504, 'scale_lr': 0.32971045227731616}. Best is trial 200 with value: 0.3501577887553649.
checkpoint_e19 window_influence: 0.45427157571200077, penalty_k: 0.02734581883159583, scale_lr: 0.30643869824791159, EAO: 0.338
Trial 214 finished with value: 0.33793467909445557 and parameters: {'window_influence': 0.4542715757120008, 'penalty_k': 0.027345818831595828, 'scale_lr': 0.3064386982479116}. Best is trial 200 with value: 0.3501577887553649.
checkpoint_e19 window_influence: 0.46075458158367788, penalty_k: 0.02811877844277362, scale_lr: 0.36912446616019118, EAO: 0.325
Trial 215 finished with value: 0.32525107084777105 and parameters: {'window_influence': 0.4607545815836779, 'penalty_k': 0.028118778442773617, 'scale_lr': 0.3691244661601912}. Best is trial 200 with value: 0.3501577887553649.
checkpoint_e19 window_influence: 0.41671961512718370, penalty_k: 0.04157873313922397, scale_lr: 0.30342983603971685, EAO: 0.337
Trial 216 finished with value: 0.33709684176667654 and parameters: {'window_influence': 0.4167196151271837, 'penalty_k': 0.04157873313922397, 'scale_lr': 0.30342983603971685}. Best is trial 200 with value: 0.3501577887553649.
checkpoint_e19 window_influence: 0.41489843757226302, penalty_k: 0.01827650932228823, scale_lr: 0.30582959305403679, EAO: 0.327
Trial 217 finished with value: 0.32718655339474806 and parameters: {'window_influence': 0.414898437572263, 'penalty_k': 0.018276509322288234, 'scale_lr': 0.3058295930540368}. Best is trial 200 with value: 0.3501577887553649.
checkpoint_e19 window_influence: 0.42290237244168072, penalty_k: 0.00378367561512766, scale_lr: 0.35406800455878989, EAO: 0.321
Trial 218 finished with value: 0.32077824443230835 and parameters: {'window_influence': 0.4229023724416807, 'penalty_k': 0.0037836756151276574, 'scale_lr': 0.3540680045587899}. Best is trial 200 with value: 0.3501577887553649.
checkpoint_e19 window_influence: 0.44074725348329225, penalty_k: 0.03509534500398211, scale_lr: 0.33462491984633957, EAO: 0.333
Trial 219 finished with value: 0.332866991076488 and parameters: {'window_influence': 0.44074725348329225, 'penalty_k': 0.035095345003982106, 'scale_lr': 0.3346249198463396}. Best is trial 200 with value: 0.3501577887553649.
checkpoint_e19 window_influence: 0.40403635519226871, penalty_k: 0.04477561563343919, scale_lr: 0.37837859341861113, EAO: 0.313
Trial 220 finished with value: 0.3133259564058326 and parameters: {'window_influence': 0.4040363551922687, 'penalty_k': 0.04477561563343919, 'scale_lr': 0.37837859341861113}. Best is trial 200 with value: 0.3501577887553649.
checkpoint_e19 window_influence: 0.45322204590281179, penalty_k: 0.03038493135101097, scale_lr: 0.29917904083802860, EAO: 0.344
Trial 221 finished with value: 0.34385542449784184 and parameters: {'window_influence': 0.4532220459028118, 'penalty_k': 0.030384931351010967, 'scale_lr': 0.2991790408380286}. Best is trial 200 with value: 0.3501577887553649.
checkpoint_e19 window_influence: 0.43553236726528671, penalty_k: 0.03076102020202748, scale_lr: 0.30272762271659037, EAO: 0.350
Trial 222 finished with value: 0.3504677095997658 and parameters: {'window_influence': 0.4355323672652867, 'penalty_k': 0.03076102020202748, 'scale_lr': 0.30272762271659037}. Best is trial 222 with value: 0.3504677095997658.
checkpoint_e19 window_influence: 0.46595986513449233, penalty_k: 0.01785499675198997, scale_lr: 0.30499192060581054, EAO: 0.317
Trial 223 finished with value: 0.31730800530789893 and parameters: {'window_influence': 0.46595986513449233, 'penalty_k': 0.01785499675198997, 'scale_lr': 0.30499192060581054}. Best is trial 222 with value: 0.3504677095997658.
checkpoint_e19 window_influence: 0.45198381775978413, penalty_k: 0.02732089896949347, scale_lr: 0.29598319715215543, EAO: 0.335
Trial 224 finished with value: 0.3346198736925533 and parameters: {'window_influence': 0.45198381775978413, 'penalty_k': 0.027320898969493475, 'scale_lr': 0.29598319715215543}. Best is trial 222 with value: 0.3504677095997658.
checkpoint_e19 window_influence: 0.46655231725561913, penalty_k: 0.03843240905689881, scale_lr: 0.32042946184262122, EAO: 0.338
Trial 225 finished with value: 0.3384372956094111 and parameters: {'window_influence': 0.46655231725561913, 'penalty_k': 0.03843240905689881, 'scale_lr': 0.3204294618426212}. Best is trial 222 with value: 0.3504677095997658.
checkpoint_e19 window_influence: 0.43829934260245756, penalty_k: 0.03716369693855604, scale_lr: 0.31945266137573669, EAO: 0.320
Trial 226 finished with value: 0.31992873758193585 and parameters: {'window_influence': 0.43829934260245756, 'penalty_k': 0.03716369693855604, 'scale_lr': 0.3194526613757367}. Best is trial 222 with value: 0.3504677095997658.
checkpoint_e19 window_influence: 0.42140167619437130, penalty_k: 0.01543485691351914, scale_lr: 0.32418302109843300, EAO: 0.339
Trial 227 finished with value: 0.3392445508840019 and parameters: {'window_influence': 0.4214016761943713, 'penalty_k': 0.015434856913519139, 'scale_lr': 0.324183021098433}. Best is trial 222 with value: 0.3504677095997658.
checkpoint_e19 window_influence: 0.42218047880327769, penalty_k: 0.01133357355897621, scale_lr: 0.32613664487043048, EAO: 0.313
Trial 228 finished with value: 0.313411552038638 and parameters: {'window_influence': 0.4221804788032777, 'penalty_k': 0.011333573558976212, 'scale_lr': 0.3261366448704305}. Best is trial 222 with value: 0.3504677095997658.
checkpoint_e19 window_influence: 0.47078599540865579, penalty_k: 0.02611892939606652, scale_lr: 0.31646123941562604, EAO: 0.312
Trial 229 finished with value: 0.311807986131438 and parameters: {'window_influence': 0.4707859954086558, 'penalty_k': 0.026118929396066522, 'scale_lr': 0.31646123941562604}. Best is trial 222 with value: 0.3504677095997658.
checkpoint_e19 window_influence: 0.06240441805415842, penalty_k: 0.01731775172982777, scale_lr: 0.28258131223052418, EAO: 0.244
Trial 230 finished with value: 0.24395132940335032 and parameters: {'window_influence': 0.06240441805415842, 'penalty_k': 0.017317751729827767, 'scale_lr': 0.2825813122305242}. Best is trial 222 with value: 0.3504677095997658.
checkpoint_e19 window_influence: 0.37800780599934836, penalty_k: 0.00057663801269023, scale_lr: 0.30207863725686795, EAO: 0.320
Trial 231 finished with value: 0.32027315003398793 and parameters: {'window_influence': 0.37800780599934836, 'penalty_k': 0.0005766380126902317, 'scale_lr': 0.30207863725686795}. Best is trial 222 with value: 0.3504677095997658.
checkpoint_e19 window_influence: 0.45006766519773206, penalty_k: 0.04087251314652807, scale_lr: 0.30892279081367574, EAO: 0.328
Trial 232 finished with value: 0.3280001581874803 and parameters: {'window_influence': 0.45006766519773206, 'penalty_k': 0.04087251314652807, 'scale_lr': 0.30892279081367574}. Best is trial 222 with value: 0.3504677095997658.
checkpoint_e19 window_influence: 0.41140837989558365, penalty_k: 0.03124883218880199, scale_lr: 0.32685637987010280, EAO: 0.325
Trial 233 finished with value: 0.32533592919199383 and parameters: {'window_influence': 0.41140837989558365, 'penalty_k': 0.031248832188801985, 'scale_lr': 0.3268563798701028}. Best is trial 222 with value: 0.3504677095997658.
checkpoint_e19 window_influence: 0.42739152676178022, penalty_k: 0.04336878376562973, scale_lr: 0.29345800998263205, EAO: 0.349
Trial 234 finished with value: 0.3485668118361833 and parameters: {'window_influence': 0.4273915267617802, 'penalty_k': 0.04336878376562973, 'scale_lr': 0.29345800998263205}. Best is trial 222 with value: 0.3504677095997658.
checkpoint_e19 window_influence: 0.14912742916287999, penalty_k: 0.04529881940622710, scale_lr: 0.28731067309642400, EAO: 0.280
Trial 235 finished with value: 0.28036110653951474 and parameters: {'window_influence': 0.14912742916288, 'penalty_k': 0.0452988194062271, 'scale_lr': 0.287310673096424}. Best is trial 222 with value: 0.3504677095997658.
checkpoint_e19 window_influence: 0.39160678574898727, penalty_k: 0.02125060571488567, scale_lr: 0.34000078402835349, EAO: 0.340
Trial 236 finished with value: 0.3397053162411493 and parameters: {'window_influence': 0.3916067857489873, 'penalty_k': 0.021250605714885667, 'scale_lr': 0.3400007840283535}. Best is trial 222 with value: 0.3504677095997658.
checkpoint_e19 window_influence: 0.36107775425947947, penalty_k: 0.01792989657847395, scale_lr: 0.33578729958123754, EAO: 0.327
Trial 237 finished with value: 0.32705205273071614 and parameters: {'window_influence': 0.36107775425947947, 'penalty_k': 0.01792989657847395, 'scale_lr': 0.33578729958123754}. Best is trial 222 with value: 0.3504677095997658.
checkpoint_e19 window_influence: 0.43035270167383111, penalty_k: 0.02820147293514702, scale_lr: 0.34172662230392697, EAO: 0.318
Trial 238 finished with value: 0.3181672006961437 and parameters: {'window_influence': 0.4303527016738311, 'penalty_k': 0.028201472935147024, 'scale_lr': 0.341726622303927}. Best is trial 222 with value: 0.3504677095997658.
checkpoint_e19 window_influence: 0.39189228794555370, penalty_k: 0.01445978457955642, scale_lr: 0.36164875429578403, EAO: 0.323
Trial 239 finished with value: 0.3225786927145279 and parameters: {'window_influence': 0.3918922879455537, 'penalty_k': 0.014459784579556417, 'scale_lr': 0.361648754295784}. Best is trial 222 with value: 0.3504677095997658.
checkpoint_e19 window_influence: 0.45162599663863701, penalty_k: 0.06438590200431984, scale_lr: 0.31597317649411305, EAO: 0.334
Trial 240 finished with value: 0.33388716353516634 and parameters: {'window_influence': 0.451625996638637, 'penalty_k': 0.06438590200431984, 'scale_lr': 0.31597317649411305}. Best is trial 222 with value: 0.3504677095997658.
checkpoint_e19 window_influence: 0.41817977897453801, penalty_k: 0.03840900117842273, scale_lr: 0.29757241722599642, EAO: 0.332
Trial 241 finished with value: 0.33229968972243223 and parameters: {'window_influence': 0.418179778974538, 'penalty_k': 0.03840900117842273, 'scale_lr': 0.2975724172259964}. Best is trial 222 with value: 0.3504677095997658.
checkpoint_e19 window_influence: 0.39919970540815675, penalty_k: 0.04927262026042063, scale_lr: 0.27294680053544634, EAO: 0.330
Trial 242 finished with value: 0.32993777258618795 and parameters: {'window_influence': 0.39919970540815675, 'penalty_k': 0.04927262026042063, 'scale_lr': 0.27294680053544634}. Best is trial 222 with value: 0.3504677095997658.
checkpoint_e19 window_influence: 0.43836223545063835, penalty_k: 0.02844566707968867, scale_lr: 0.31248047974820314, EAO: 0.339
Trial 243 finished with value: 0.33934160916257927 and parameters: {'window_influence': 0.43836223545063835, 'penalty_k': 0.028445667079688666, 'scale_lr': 0.31248047974820314}. Best is trial 222 with value: 0.3504677095997658.
checkpoint_e19 window_influence: 0.43942504588060544, penalty_k: 0.03060101188378375, scale_lr: 0.32709474180766629, EAO: 0.306
Trial 244 finished with value: 0.30623429851309336 and parameters: {'window_influence': 0.43942504588060544, 'penalty_k': 0.03060101188378375, 'scale_lr': 0.3270947418076663}. Best is trial 222 with value: 0.3504677095997658.
checkpoint_e19 window_influence: 0.46154072111646294, penalty_k: 0.01717137906058975, scale_lr: 0.31273610668592783, EAO: 0.331
Trial 245 finished with value: 0.33113224891373155 and parameters: {'window_influence': 0.46154072111646294, 'penalty_k': 0.01717137906058975, 'scale_lr': 0.31273610668592783}. Best is trial 222 with value: 0.3504677095997658.
checkpoint_e19 window_influence: 0.45081180918121994, penalty_k: 0.02672567920882011, scale_lr: 0.29017199818598516, EAO: 0.331
Trial 246 finished with value: 0.331035662949781 and parameters: {'window_influence': 0.45081180918121994, 'penalty_k': 0.02672567920882011, 'scale_lr': 0.29017199818598516}. Best is trial 222 with value: 0.3504677095997658.
checkpoint_e19 window_influence: 0.46951237571891818, penalty_k: 0.00015844199344297, scale_lr: 0.35137187574017281, EAO: 0.308
Trial 247 finished with value: 0.30801244857014387 and parameters: {'window_influence': 0.4695123757189182, 'penalty_k': 0.00015844199344297247, 'scale_lr': 0.3513718757401728}. Best is trial 222 with value: 0.3504677095997658.
checkpoint_e19 window_influence: 0.42922948912394904, penalty_k: 0.06900118171375767, scale_lr: 0.33832982558460473, EAO: 0.325
