Trial 306 finished with value: 0.25121410788265186 and parameters: {'window_influence': 0.054221311150178086, 'penalty_k': 0.2193650023416514, 'scale_lr': 0.3360055969313942}. Best is trial 189 with value: 0.3657155072874596.
checkpoint_e33 window_influence: 0.43467765533996966, penalty_k: 0.23172995502550742, scale_lr: 0.50891952997748957, EAO: 0.327
Trial 307 finished with value: 0.32683056036322033 and parameters: {'window_influence': 0.43467765533996966, 'penalty_k': 0.23172995502550742, 'scale_lr': 0.5089195299774896}. Best is trial 189 with value: 0.3657155072874596.
checkpoint_e33 window_influence: 0.51757790522312541, penalty_k: 0.12367061832064238, scale_lr: 0.45357242196206915, EAO: 0.318
Trial 308 finished with value: 0.3183233303086767 and parameters: {'window_influence': 0.5175779052231254, 'penalty_k': 0.12367061832064238, 'scale_lr': 0.45357242196206915}. Best is trial 189 with value: 0.3657155072874596.
checkpoint_e33 window_influence: 0.45738181177895088, penalty_k: 0.08091068013141603, scale_lr: 0.27949756092628431, EAO: 0.335
Trial 309 finished with value: 0.3350700922745211 and parameters: {'window_influence': 0.4573818117789509, 'penalty_k': 0.08091068013141603, 'scale_lr': 0.2794975609262843}. Best is trial 189 with value: 0.3657155072874596.
checkpoint_e33 window_influence: 0.47228816234291077, penalty_k: 0.17994208742148712, scale_lr: 0.42614853114688001, EAO: 0.339
Trial 310 finished with value: 0.3388560627684983 and parameters: {'window_influence': 0.47228816234291077, 'penalty_k': 0.17994208742148712, 'scale_lr': 0.42614853114688}. Best is trial 189 with value: 0.3657155072874596.
checkpoint_e33 window_influence: 0.64945495158162536, penalty_k: 0.02371399614368921, scale_lr: 0.48902219820377302, EAO: 0.232
Trial 311 finished with value: 0.23198398814359064 and parameters: {'window_influence': 0.6494549515816254, 'penalty_k': 0.023713996143689214, 'scale_lr': 0.489022198203773}. Best is trial 189 with value: 0.3657155072874596.
checkpoint_e33 window_influence: 0.16801006735337431, penalty_k: 0.31553577834530888, scale_lr: 0.77945276463234836, EAO: 0.294
Trial 312 finished with value: 0.2936891720336699 and parameters: {'window_influence': 0.16801006735337431, 'penalty_k': 0.3155357783453089, 'scale_lr': 0.7794527646323484}. Best is trial 189 with value: 0.3657155072874596.
checkpoint_e33 window_influence: 0.53398564834807716, penalty_k: 0.10699943905670584, scale_lr: 0.53526831792383223, EAO: 0.310
Trial 313 finished with value: 0.3096623427093261 and parameters: {'window_influence': 0.5339856483480772, 'penalty_k': 0.10699943905670584, 'scale_lr': 0.5352683179238322}. Best is trial 189 with value: 0.3657155072874596.
checkpoint_e33 window_influence: 0.48795917960622176, penalty_k: 0.05177964087768536, scale_lr: 0.31576891914932947, EAO: 0.349
Trial 314 finished with value: 0.3489364779876828 and parameters: {'window_influence': 0.48795917960622176, 'penalty_k': 0.05177964087768536, 'scale_lr': 0.3157689191493295}. Best is trial 189 with value: 0.3657155072874596.
checkpoint_e33 window_influence: 0.50629313244447249, penalty_k: 0.00864881330984714, scale_lr: 0.40342111303401651, EAO: 0.346
Trial 315 finished with value: 0.345711127909241 and parameters: {'window_influence': 0.5062931324444725, 'penalty_k': 0.00864881330984714, 'scale_lr': 0.4034211130340165}. Best is trial 189 with value: 0.3657155072874596.
checkpoint_e33 window_influence: 0.49798282287525353, penalty_k: 0.06842873979581506, scale_lr: 0.14173799177946939, EAO: 0.337
Trial 316 finished with value: 0.33709777572739447 and parameters: {'window_influence': 0.49798282287525353, 'penalty_k': 0.06842873979581506, 'scale_lr': 0.14173799177946939}. Best is trial 189 with value: 0.3657155072874596.
checkpoint_e33 window_influence: 0.48144566386389459, penalty_k: 0.03477815081772742, scale_lr: 0.38781145490694779, EAO: 0.342
Trial 317 finished with value: 0.3418240498475991 and parameters: {'window_influence': 0.4814456638638946, 'penalty_k': 0.03477815081772742, 'scale_lr': 0.3878114549069478}. Best is trial 189 with value: 0.3657155072874596.
checkpoint_e33 window_influence: 0.59342710053175796, penalty_k: 0.13958038148192831, scale_lr: 0.46212710948412156, EAO: 0.254
Trial 318 finished with value: 0.2540500326959076 and parameters: {'window_influence': 0.593427100531758, 'penalty_k': 0.1395803814819283, 'scale_lr': 0.46212710948412156}. Best is trial 189 with value: 0.3657155072874596.
checkpoint_e33 window_influence: 0.42410909637500732, penalty_k: 0.20353865191565954, scale_lr: 0.35177474398774977, EAO: 0.324
Trial 319 finished with value: 0.3241405890029692 and parameters: {'window_influence': 0.4241090963750073, 'penalty_k': 0.20353865191565954, 'scale_lr': 0.35177474398774977}. Best is trial 189 with value: 0.3657155072874596.
checkpoint_e33 window_influence: 0.46605032420436604, penalty_k: 0.25275541798511947, scale_lr: 0.42245042591918996, EAO: 0.333
Trial 320 finished with value: 0.3329838038882393 and parameters: {'window_influence': 0.46605032420436604, 'penalty_k': 0.25275541798511947, 'scale_lr': 0.42245042591918996}. Best is trial 189 with value: 0.3657155072874596.
checkpoint_e33 window_influence: 0.44518825032156156, penalty_k: 0.26954442862233013, scale_lr: 0.26378986090066553, EAO: 0.325
Trial 321 finished with value: 0.3252628528538381 and parameters: {'window_influence': 0.44518825032156156, 'penalty_k': 0.26954442862233013, 'scale_lr': 0.26378986090066553}. Best is trial 189 with value: 0.3657155072874596.
checkpoint_e33 window_influence: 0.55542488909088017, penalty_k: 0.16938259389269159, scale_lr: 0.44475356877823302, EAO: 0.292
Trial 322 finished with value: 0.2924737287866466 and parameters: {'window_influence': 0.5554248890908802, 'penalty_k': 0.16938259389269159, 'scale_lr': 0.444753568778233}. Best is trial 189 with value: 0.3657155072874596.
checkpoint_e33 window_influence: 0.52004821569713988, penalty_k: 0.09119386576894990, scale_lr: 0.52073779924602992, EAO: 0.321
Trial 323 finished with value: 0.3210797163762935 and parameters: {'window_influence': 0.5200482156971399, 'penalty_k': 0.0911938657689499, 'scale_lr': 0.5207377992460299}. Best is trial 189 with value: 0.3657155072874596.
checkpoint_e33 window_influence: 0.37136964771117076, penalty_k: 0.15241870562790938, scale_lr: 0.47107767454838351, EAO: 0.319
Trial 324 finished with value: 0.31901463518346795 and parameters: {'window_influence': 0.37136964771117076, 'penalty_k': 0.15241870562790938, 'scale_lr': 0.4710776745483835}. Best is trial 189 with value: 0.3657155072874596.
checkpoint_e33 window_influence: 0.49197260604541077, penalty_k: 0.04702434106193633, scale_lr: 0.16460091480397265, EAO: 0.354
Trial 325 finished with value: 0.3543747211244784 and parameters: {'window_influence': 0.49197260604541077, 'penalty_k': 0.04702434106193633, 'scale_lr': 0.16460091480397265}. Best is trial 189 with value: 0.3657155072874596.
checkpoint_e33 window_influence: 0.49684895683066627, penalty_k: 0.04663636437153253, scale_lr: 0.19101338174984417, EAO: 0.351
Trial 326 finished with value: 0.350718693974417 and parameters: {'window_influence': 0.49684895683066627, 'penalty_k': 0.04663636437153253, 'scale_lr': 0.19101338174984417}. Best is trial 189 with value: 0.3657155072874596.
checkpoint_e33 window_influence: 0.50782782462570564, penalty_k: 0.02520373820106242, scale_lr: 0.12015160393563798, EAO: 0.333
Trial 327 finished with value: 0.333339097260965 and parameters: {'window_influence': 0.5078278246257056, 'penalty_k': 0.02520373820106242, 'scale_lr': 0.12015160393563798}. Best is trial 189 with value: 0.3657155072874596.
checkpoint_e33 window_influence: 0.49219095536276003, penalty_k: 0.06004049345428281, scale_lr: 0.43844566308730448, EAO: 0.358
Trial 328 finished with value: 0.35838389431456186 and parameters: {'window_influence': 0.49219095536276003, 'penalty_k': 0.06004049345428281, 'scale_lr': 0.4384456630873045}. Best is trial 189 with value: 0.3657155072874596.
checkpoint_e33 window_influence: 0.48705581039833545, penalty_k: 0.07355434855473976, scale_lr: 0.15479073891021958, EAO: 0.335
Trial 329 finished with value: 0.33461106675840074 and parameters: {'window_influence': 0.48705581039833545, 'penalty_k': 0.07355434855473976, 'scale_lr': 0.15479073891021958}. Best is trial 189 with value: 0.3657155072874596.
checkpoint_e33 window_influence: 0.41168862908800025, penalty_k: 0.05665977926430030, scale_lr: 0.16348391544487129, EAO: 0.325
Trial 330 finished with value: 0.3247777143573019 and parameters: {'window_influence': 0.41168862908800025, 'penalty_k': 0.0566597792643003, 'scale_lr': 0.1634839154448713}. Best is trial 189 with value: 0.3657155072874596.
checkpoint_e33 window_influence: 0.48183032375122092, penalty_k: 0.24185807451741162, scale_lr: 0.43627063894019624, EAO: 0.345
Trial 331 finished with value: 0.3450252227050321 and parameters: {'window_influence': 0.4818303237512209, 'penalty_k': 0.24185807451741162, 'scale_lr': 0.43627063894019624}. Best is trial 189 with value: 0.3657155072874596.
checkpoint_e33 window_influence: 0.45640479655347921, penalty_k: 0.00050181721950066, scale_lr: 0.10001297347314264, EAO: 0.337
Trial 332 finished with value: 0.33656791617898163 and parameters: {'window_influence': 0.4564047965534792, 'penalty_k': 0.0005018172195006589, 'scale_lr': 0.10001297347314264}. Best is trial 189 with value: 0.3657155072874596.
checkpoint_e33 window_influence: 0.49252992599991374, penalty_k: 0.06228499588650951, scale_lr: 0.44977533795486874, EAO: 0.345
Trial 333 finished with value: 0.3452056085089301 and parameters: {'window_influence': 0.49252992599991374, 'penalty_k': 0.062284995886509514, 'scale_lr': 0.44977533795486874}. Best is trial 189 with value: 0.3657155072874596.
checkpoint_e33 window_influence: 0.47026791795872652, penalty_k: 0.08011508315739857, scale_lr: 0.20941809315154616, EAO: 0.347
Trial 334 finished with value: 0.347248758439424 and parameters: {'window_influence': 0.4702679179587265, 'penalty_k': 0.08011508315739857, 'scale_lr': 0.20941809315154616}. Best is trial 189 with value: 0.3657155072874596.
checkpoint_e33 window_influence: 0.57163301079025031, penalty_k: 0.03750386201439260, scale_lr: 0.15288260586677685, EAO: 0.294
Trial 335 finished with value: 0.2938829157139077 and parameters: {'window_influence': 0.5716330107902503, 'penalty_k': 0.0375038620143926, 'scale_lr': 0.15288260586677685}. Best is trial 189 with value: 0.3657155072874596.
checkpoint_e33 window_influence: 0.29519925777430944, penalty_k: 0.01689341557650761, scale_lr: 0.50001481346150933, EAO: 0.300
Trial 336 finished with value: 0.29994471910398757 and parameters: {'window_influence': 0.29519925777430944, 'penalty_k': 0.016893415576507614, 'scale_lr': 0.5000148134615093}. Best is trial 189 with value: 0.3657155072874596.
checkpoint_e33 window_influence: 0.52785428805921453, penalty_k: 0.10963689576944488, scale_lr: 0.12995167707148034, EAO: 0.319
Trial 337 finished with value: 0.3185009207822933 and parameters: {'window_influence': 0.5278542880592145, 'penalty_k': 0.10963689576944488, 'scale_lr': 0.12995167707148034}. Best is trial 189 with value: 0.3657155072874596.
checkpoint_e33 window_influence: 0.50033484392530470, penalty_k: 0.13014632892824957, scale_lr: 0.47921678802086493, EAO: 0.353
Trial 338 finished with value: 0.35252392106482955 and parameters: {'window_influence': 0.5003348439253047, 'penalty_k': 0.13014632892824957, 'scale_lr': 0.4792167880208649}. Best is trial 189 with value: 0.3657155072874596.
checkpoint_e33 window_influence: 0.48019605461756754, penalty_k: 0.34348555156292726, scale_lr: 0.42803683531366965, EAO: 0.308
Trial 339 finished with value: 0.30759680021829644 and parameters: {'window_influence': 0.48019605461756754, 'penalty_k': 0.34348555156292726, 'scale_lr': 0.42803683531366965}. Best is trial 189 with value: 0.3657155072874596.
checkpoint_e33 window_influence: 0.51810387179595452, penalty_k: 0.02918202820239518, scale_lr: 0.17058276196864322, EAO: 0.343
Trial 340 finished with value: 0.3429633126184634 and parameters: {'window_influence': 0.5181038717959545, 'penalty_k': 0.029182028202395183, 'scale_lr': 0.17058276196864322}. Best is trial 189 with value: 0.3657155072874596.
checkpoint_e33 window_influence: 0.35267849302379806, penalty_k: 0.04665456587404453, scale_lr: 0.45851607247421167, EAO: 0.316
Trial 341 finished with value: 0.31589689566699447 and parameters: {'window_influence': 0.35267849302379806, 'penalty_k': 0.04665456587404453, 'scale_lr': 0.45851607247421167}. Best is trial 189 with value: 0.3657155072874596.
checkpoint_e33 window_influence: 0.61389668169018008, penalty_k: 0.09156493960757302, scale_lr: 0.58306211178109590, EAO: 0.261
Trial 342 finished with value: 0.2609325899572224 and parameters: {'window_influence': 0.6138966816901801, 'penalty_k': 0.09156493960757302, 'scale_lr': 0.5830621117810959}. Best is trial 189 with value: 0.3657155072874596.
checkpoint_e33 window_influence: 0.53923299757054943, penalty_k: 0.07214069703825148, scale_lr: 0.43925916570556445, EAO: 0.318
Trial 343 finished with value: 0.3176426015475381 and parameters: {'window_influence': 0.5392329975705494, 'penalty_k': 0.07214069703825148, 'scale_lr': 0.43925916570556445}. Best is trial 189 with value: 0.3657155072874596.
checkpoint_e33 window_influence: 0.49096210484930358, penalty_k: 0.01622057238542172, scale_lr: 0.29370611106469824, EAO: 0.325
Trial 344 finished with value: 0.32495401712707045 and parameters: {'window_influence': 0.4909621048493036, 'penalty_k': 0.01622057238542172, 'scale_lr': 0.29370611106469824}. Best is trial 189 with value: 0.3657155072874596.
checkpoint_e33 window_influence: 0.46250248026137403, penalty_k: 0.05786719385121705, scale_lr: 0.13728469340517524, EAO: 0.340
Trial 345 finished with value: 0.3404109250710632 and parameters: {'window_influence': 0.462502480261374, 'penalty_k': 0.05786719385121705, 'scale_lr': 0.13728469340517524}. Best is trial 189 with value: 0.3657155072874596.
checkpoint_e33 window_influence: 0.50755240869330098, penalty_k: 0.11460020563009592, scale_lr: 0.15673136097766932, EAO: 0.329
Trial 346 finished with value: 0.32880429042220577 and parameters: {'window_influence': 0.507552408693301, 'penalty_k': 0.11460020563009592, 'scale_lr': 0.15673136097766932}. Best is trial 189 with value: 0.3657155072874596.
checkpoint_e33 window_influence: 0.54910103007524347, penalty_k: 0.27766572858924654, scale_lr: 0.22331057152275940, EAO: 0.299
Trial 347 finished with value: 0.2986704994732304 and parameters: {'window_influence': 0.5491010300752435, 'penalty_k': 0.27766572858924654, 'scale_lr': 0.2233105715227594}. Best is trial 189 with value: 0.3657155072874596.
checkpoint_e33 window_influence: 0.47358569752207924, penalty_k: 0.03951074502414297, scale_lr: 0.41884938363837587, EAO: 0.351
Trial 348 finished with value: 0.35070562327882193 and parameters: {'window_influence': 0.47358569752207924, 'penalty_k': 0.039510745024142965, 'scale_lr': 0.41884938363837587}. Best is trial 189 with value: 0.3657155072874596.
checkpoint_e33 window_influence: 0.49066882675884455, penalty_k: 0.10038228091791640, scale_lr: 0.54709565676094551, EAO: 0.352
Trial 349 finished with value: 0.3517313790924354 and parameters: {'window_influence': 0.49066882675884455, 'penalty_k': 0.1003822809179164, 'scale_lr': 0.5470956567609455}. Best is trial 189 with value: 0.3657155072874596.
checkpoint_e33 window_influence: 0.08844364556547113, penalty_k: 0.08077577620820844, scale_lr: 0.68476464128426040, EAO: 0.236
Trial 350 finished with value: 0.23613957683863807 and parameters: {'window_influence': 0.08844364556547113, 'penalty_k': 0.08077577620820844, 'scale_lr': 0.6847646412842604}. Best is trial 189 with value: 0.3657155072874596.
checkpoint_e33 window_influence: 0.43642644748834497, penalty_k: 0.55492501004514483, scale_lr: 0.17797908798827558, EAO: 0.302
Trial 351 finished with value: 0.301714412375183 and parameters: {'window_influence': 0.43642644748834497, 'penalty_k': 0.5549250100451448, 'scale_lr': 0.17797908798827558}. Best is trial 189 with value: 0.3657155072874596.
checkpoint_e33 window_influence: 0.45385491745542084, penalty_k: 0.16041204766353495, scale_lr: 0.48904028506410863, EAO: 0.335
Trial 352 finished with value: 0.3352393875558089 and parameters: {'window_influence': 0.45385491745542084, 'penalty_k': 0.16041204766353495, 'scale_lr': 0.4890402850641086}. Best is trial 189 with value: 0.3657155072874596.
checkpoint_e33 window_influence: 0.51305363524679470, penalty_k: 0.02765094789490296, scale_lr: 0.46741117847991509, EAO: 0.354
Trial 353 finished with value: 0.3541650721071295 and parameters: {'window_influence': 0.5130536352467947, 'penalty_k': 0.02765094789490296, 'scale_lr': 0.4674111784799151}. Best is trial 189 with value: 0.3657155072874596.
checkpoint_e33 window_influence: 0.51629607539164724, penalty_k: 0.06469059029425547, scale_lr: 0.47230501354146548, EAO: 0.358
Trial 354 finished with value: 0.35838069618907886 and parameters: {'window_influence': 0.5162960753916472, 'penalty_k': 0.06469059029425547, 'scale_lr': 0.4723050135414655}. Best is trial 189 with value: 0.3657155072874596.
checkpoint_e33 window_influence: 0.52717950374647360, penalty_k: 0.06329280857758396, scale_lr: 0.45970785520640528, EAO: 0.316
Trial 355 finished with value: 0.3164776886599537 and parameters: {'window_influence': 0.5271795037464736, 'penalty_k': 0.06329280857758396, 'scale_lr': 0.4597078552064053}. Best is trial 189 with value: 0.3657155072874596.
checkpoint_e33 window_influence: 0.51453164413428853, penalty_k: 0.06811813154327605, scale_lr: 0.47095644248830465, EAO: 0.335
Trial 356 finished with value: 0.33454262850813365 and parameters: {'window_influence': 0.5145316441342885, 'penalty_k': 0.06811813154327605, 'scale_lr': 0.47095644248830465}. Best is trial 189 with value: 0.3657155072874596.
checkpoint_e33 window_influence: 0.53539856351672399, penalty_k: 0.05664081960610646, scale_lr: 0.51183485048660160, EAO: 0.309
Trial 357 finished with value: 0.3086872202876941 and parameters: {'window_influence': 0.535398563516724, 'penalty_k': 0.05664081960610646, 'scale_lr': 0.5118348504866016}. Best is trial 189 with value: 0.3657155072874596.
checkpoint_e33 window_influence: 0.51568021697262956, penalty_k: 0.07868195890170315, scale_lr: 0.44978653622363629, EAO: 0.339
Trial 358 finished with value: 0.33856165165567215 and parameters: {'window_influence': 0.5156802169726296, 'penalty_k': 0.07868195890170315, 'scale_lr': 0.4497865362236363}. Best is trial 189 with value: 0.3657155072874596.
checkpoint_e33 window_influence: 0.50626681864468293, penalty_k: 0.05090312403344070, scale_lr: 0.52735249820382291, EAO: 0.330
Trial 359 finished with value: 0.3296719034590146 and parameters: {'window_influence': 0.5062668186446829, 'penalty_k': 0.050903124033440696, 'scale_lr': 0.5273524982038229}. Best is trial 189 with value: 0.3657155072874596.
checkpoint_e33 window_influence: 0.52230735347627510, penalty_k: 0.08829239198965835, scale_lr: 0.49188183034209892, EAO: 0.324
Trial 360 finished with value: 0.323724950507921 and parameters: {'window_influence': 0.5223073534762751, 'penalty_k': 0.08829239198965835, 'scale_lr': 0.4918818303420989}. Best is trial 189 with value: 0.3657155072874596.
checkpoint_e33 window_influence: 0.24614688565072251, penalty_k: 0.22529387222720171, scale_lr: 0.43381392538889813, EAO: 0.303
Trial 361 finished with value: 0.30267605318865426 and parameters: {'window_influence': 0.2461468856507225, 'penalty_k': 0.2252938722272017, 'scale_lr': 0.4338139253888981}. Best is trial 189 with value: 0.3657155072874596.
checkpoint_e33 window_influence: 0.32145964439156949, penalty_k: 0.29765415127366146, scale_lr: 0.19385903204894192, EAO: 0.300
Trial 362 finished with value: 0.29985689577657426 and parameters: {'window_influence': 0.3214596443915695, 'penalty_k': 0.29765415127366146, 'scale_lr': 0.19385903204894192}. Best is trial 189 with value: 0.3657155072874596.
checkpoint_e33 window_influence: 0.37701788793410679, penalty_k: 0.12203277518321662, scale_lr: 0.46185302630576186, EAO: 0.319
Trial 363 finished with value: 0.3189710278919235 and parameters: {'window_influence': 0.3770178879341068, 'penalty_k': 0.12203277518321662, 'scale_lr': 0.46185302630576186}. Best is trial 189 with value: 0.3657155072874596.
checkpoint_e33 window_influence: 0.49930679066730177, penalty_k: 0.38971024217971639, scale_lr: 0.41033234175738775, EAO: 0.307
Trial 364 finished with value: 0.3065089954476412 and parameters: {'window_influence': 0.49930679066730177, 'penalty_k': 0.3897102421797164, 'scale_lr': 0.41033234175738775}. Best is trial 189 with value: 0.3657155072874596.
checkpoint_e33 window_influence: 0.42200608519822636, penalty_k: 0.24184135065828602, scale_lr: 0.44469927880067145, EAO: 0.340
Trial 365 finished with value: 0.33973544244636356 and parameters: {'window_influence': 0.42200608519822636, 'penalty_k': 0.24184135065828602, 'scale_lr': 0.44469927880067145}. Best is trial 189 with value: 0.3657155072874596.
checkpoint_e33 window_influence: 0.48290338516333603, penalty_k: 0.14542815313276539, scale_lr: 0.50390367395372015, EAO: 0.343
Trial 366 finished with value: 0.3432879290228224 and parameters: {'window_influence': 0.48290338516333603, 'penalty_k': 0.1454281531327654, 'scale_lr': 0.5039036739537202}. Best is trial 189 with value: 0.3657155072874596.
checkpoint_e33 window_influence: 0.55146491868931047, penalty_k: 0.28550784334059831, scale_lr: 0.12185872583526210, EAO: 0.282
Trial 367 finished with value: 0.281754204793199 and parameters: {'window_influence': 0.5514649186893105, 'penalty_k': 0.2855078433405983, 'scale_lr': 0.1218587258352621}. Best is trial 189 with value: 0.3657155072874596.
checkpoint_e33 window_influence: 0.46771639303230061, penalty_k: 0.03765780286235586, scale_lr: 0.25589689486041073, EAO: 0.340
