Trial 1178 finished with value: 0.32594084745483176 and parameters: {'window_influence': 0.49268593974309616, 'penalty_k': 0.483267984172045, 'scale_lr': 0.6657472412463431}. Best is trial 62 with value: 0.3726749919963718.
checkpoint_e29 window_influence: 0.29220092214494570, penalty_k: 0.13090231508330041, scale_lr: 0.30368826720416620, EAO: 0.300
Trial 1179 finished with value: 0.2995349872668893 and parameters: {'window_influence': 0.2922009221449457, 'penalty_k': 0.1309023150833004, 'scale_lr': 0.3036882672041662}. Best is trial 62 with value: 0.3726749919963718.
checkpoint_e29 window_influence: 0.41069240938937018, penalty_k: 0.31756132990033636, scale_lr: 0.13247418782915807, EAO: 0.342
Trial 1180 finished with value: 0.341979640931007 and parameters: {'window_influence': 0.4106924093893702, 'penalty_k': 0.31756132990033636, 'scale_lr': 0.13247418782915807}. Best is trial 62 with value: 0.3726749919963718.
checkpoint_e29 window_influence: 0.56820685151700534, penalty_k: 0.28045477784842165, scale_lr: 0.18684578629440513, EAO: 0.289
Trial 1181 finished with value: 0.2886766969345887 and parameters: {'window_influence': 0.5682068515170053, 'penalty_k': 0.28045477784842165, 'scale_lr': 0.18684578629440513}. Best is trial 62 with value: 0.3726749919963718.
checkpoint_e29 window_influence: 0.58343927047603716, penalty_k: 0.07999206293861251, scale_lr: 0.49925304452736746, EAO: 0.291
Trial 1182 finished with value: 0.29056931168188843 and parameters: {'window_influence': 0.5834392704760372, 'penalty_k': 0.07999206293861251, 'scale_lr': 0.49925304452736746}. Best is trial 62 with value: 0.3726749919963718.
checkpoint_e29 window_influence: 0.64578117398081847, penalty_k: 0.17187002254111680, scale_lr: 0.22854733813312952, EAO: 0.244
Trial 1183 finished with value: 0.24417229941846796 and parameters: {'window_influence': 0.6457811739808185, 'penalty_k': 0.1718700225411168, 'scale_lr': 0.22854733813312952}. Best is trial 62 with value: 0.3726749919963718.
checkpoint_e29 window_influence: 0.11036342525298143, penalty_k: 0.06598187129179868, scale_lr: 0.61946404559546120, EAO: 0.276
Trial 1184 finished with value: 0.2756583852990592 and parameters: {'window_influence': 0.11036342525298143, 'penalty_k': 0.06598187129179868, 'scale_lr': 0.6194640455954612}. Best is trial 62 with value: 0.3726749919963718.
checkpoint_e29 window_influence: 0.15165208138421502, penalty_k: 0.01645609448399025, scale_lr: 0.28237052111360444, EAO: 0.278
Trial 1185 finished with value: 0.2779591305014688 and parameters: {'window_influence': 0.15165208138421502, 'penalty_k': 0.016456094483990248, 'scale_lr': 0.28237052111360444}. Best is trial 62 with value: 0.3726749919963718.
checkpoint_e29 window_influence: 0.47894060160230234, penalty_k: 0.50341301519298276, scale_lr: 0.70690423190902862, EAO: 0.311
Trial 1186 finished with value: 0.31053038011033246 and parameters: {'window_influence': 0.47894060160230234, 'penalty_k': 0.5034130151929828, 'scale_lr': 0.7069042319090286}. Best is trial 62 with value: 0.3726749919963718.
checkpoint_e29 window_influence: 0.50427140690059236, penalty_k: 0.09259160213925363, scale_lr: 0.54176257275694251, EAO: 0.328
Trial 1187 finished with value: 0.32822971817120505 and parameters: {'window_influence': 0.5042714069005924, 'penalty_k': 0.09259160213925363, 'scale_lr': 0.5417625727569425}. Best is trial 62 with value: 0.3726749919963718.
checkpoint_e29 window_influence: 0.52175371705970885, penalty_k: 0.03257118339532559, scale_lr: 0.17055015918170133, EAO: 0.320
Trial 1188 finished with value: 0.3200486038561461 and parameters: {'window_influence': 0.5217537170597089, 'penalty_k': 0.03257118339532559, 'scale_lr': 0.17055015918170133}. Best is trial 62 with value: 0.3726749919963718.
checkpoint_e29 window_influence: 0.43984392867754074, penalty_k: 0.05480151448204309, scale_lr: 0.11125133732378724, EAO: 0.336
Trial 1189 finished with value: 0.3362932349573313 and parameters: {'window_influence': 0.43984392867754074, 'penalty_k': 0.05480151448204309, 'scale_lr': 0.11125133732378724}. Best is trial 62 with value: 0.3726749919963718.
checkpoint_e29 window_influence: 0.46237376873440916, penalty_k: 0.12243485538835686, scale_lr: 0.65736303559751619, EAO: 0.336
Trial 1190 finished with value: 0.33567728467488567 and parameters: {'window_influence': 0.46237376873440916, 'penalty_k': 0.12243485538835686, 'scale_lr': 0.6573630355975162}. Best is trial 62 with value: 0.3726749919963718.
checkpoint_e29 window_influence: 0.48862747397466388, penalty_k: 0.32318701780869380, scale_lr: 0.59093511617795991, EAO: 0.323
Trial 1191 finished with value: 0.3231741745416292 and parameters: {'window_influence': 0.4886274739746639, 'penalty_k': 0.3231870178086938, 'scale_lr': 0.5909351161779599}. Best is trial 62 with value: 0.3726749919963718.
checkpoint_e29 window_influence: 0.33641148735404569, penalty_k: 0.08770900754131354, scale_lr: 0.25150946039211375, EAO: 0.296
Trial 1192 finished with value: 0.2959331068779244 and parameters: {'window_influence': 0.3364114873540457, 'penalty_k': 0.08770900754131354, 'scale_lr': 0.25150946039211375}. Best is trial 62 with value: 0.3726749919963718.
checkpoint_e29 window_influence: 0.61627322307414745, penalty_k: 0.10952183004132382, scale_lr: 0.73098594808100725, EAO: 0.247
Trial 1193 finished with value: 0.24732664940654073 and parameters: {'window_influence': 0.6162732230741474, 'penalty_k': 0.10952183004132382, 'scale_lr': 0.7309859480810073}. Best is trial 62 with value: 0.3726749919963718.
checkpoint_e29 window_influence: 0.54509892224134615, penalty_k: 0.48157281424869752, scale_lr: 0.52945480638651354, EAO: 0.302
Trial 1194 finished with value: 0.3018657770370231 and parameters: {'window_influence': 0.5450989222413462, 'penalty_k': 0.4815728142486975, 'scale_lr': 0.5294548063865135}. Best is trial 62 with value: 0.3726749919963718.
checkpoint_e29 window_influence: 0.47528222837441492, penalty_k: 0.37843800599623212, scale_lr: 0.36529144585096929, EAO: 0.324
Trial 1195 finished with value: 0.3244226160912198 and parameters: {'window_influence': 0.4752822283744149, 'penalty_k': 0.3784380059962321, 'scale_lr': 0.3652914458509693}. Best is trial 62 with value: 0.3726749919963718.
checkpoint_e29 window_influence: 0.06014057950620288, penalty_k: 0.25067164418237897, scale_lr: 0.47710276660316303, EAO: 0.237
Trial 1196 finished with value: 0.23746865112262014 and parameters: {'window_influence': 0.060140579506202885, 'penalty_k': 0.25067164418237897, 'scale_lr': 0.47710276660316303}. Best is trial 62 with value: 0.3726749919963718.
checkpoint_e29 window_influence: 0.50882494637704268, penalty_k: 0.20473384214631918, scale_lr: 0.44532257264303754, EAO: 0.339
Trial 1197 finished with value: 0.33881590442898674 and parameters: {'window_influence': 0.5088249463770427, 'penalty_k': 0.20473384214631918, 'scale_lr': 0.44532257264303754}. Best is trial 62 with value: 0.3726749919963718.
checkpoint_e29 window_influence: 0.10297550120556723, penalty_k: 0.44903012428730305, scale_lr: 0.21791867865281883, EAO: 0.247
Trial 1198 finished with value: 0.24731162486141295 and parameters: {'window_influence': 0.10297550120556723, 'penalty_k': 0.44903012428730305, 'scale_lr': 0.21791867865281883}. Best is trial 62 with value: 0.3726749919963718.
checkpoint_e29 window_influence: 0.49834565270382980, penalty_k: 0.06899322271584463, scale_lr: 0.16034002478347520, EAO: 0.341
Trial 1199 finished with value: 0.3406603034832134 and parameters: {'window_influence': 0.4983456527038298, 'penalty_k': 0.06899322271584463, 'scale_lr': 0.1603400247834752}. Best is trial 62 with value: 0.3726749919963718.
checkpoint_e29 window_influence: 0.53034527758116967, penalty_k: 0.04658819063040908, scale_lr: 0.12707211713809907, EAO: 0.344
Trial 1200 finished with value: 0.34350132571120207 and parameters: {'window_influence': 0.5303452775811697, 'penalty_k': 0.04658819063040908, 'scale_lr': 0.12707211713809907}. Best is trial 62 with value: 0.3726749919963718.
checkpoint_e29 window_influence: 0.45127920940839217, penalty_k: 0.54034724485709695, scale_lr: 0.55537790193575753, EAO: 0.327
Trial 1201 finished with value: 0.3268143038341507 and parameters: {'window_influence': 0.45127920940839217, 'penalty_k': 0.540347244857097, 'scale_lr': 0.5553779019357575}. Best is trial 62 with value: 0.3726749919963718.
checkpoint_e29 window_influence: 0.25790101872365262, penalty_k: 0.40354776047829233, scale_lr: 0.25886128537503128, EAO: 0.280
Trial 1202 finished with value: 0.27956640128959476 and parameters: {'window_influence': 0.2579010187236526, 'penalty_k': 0.40354776047829233, 'scale_lr': 0.2588612853750313}. Best is trial 62 with value: 0.3726749919963718.
checkpoint_e29 window_influence: 0.39016042290055897, penalty_k: 0.24002722390133713, scale_lr: 0.43906986082289701, EAO: 0.335
Trial 1203 finished with value: 0.33513446737820074 and parameters: {'window_influence': 0.39016042290055897, 'penalty_k': 0.24002722390133713, 'scale_lr': 0.439069860822897}. Best is trial 62 with value: 0.3726749919963718.
checkpoint_e29 window_influence: 0.31773660159631506, penalty_k: 0.15578914819519885, scale_lr: 0.49186567918656537, EAO: 0.316
Trial 1204 finished with value: 0.3164991684228994 and parameters: {'window_influence': 0.31773660159631506, 'penalty_k': 0.15578914819519885, 'scale_lr': 0.4918656791865654}. Best is trial 62 with value: 0.3726749919963718.
checkpoint_e29 window_influence: 0.13483914906593400, penalty_k: 0.07717144051948020, scale_lr: 0.37781770264916270, EAO: 0.265
Trial 1205 finished with value: 0.2648783918716564 and parameters: {'window_influence': 0.134839149065934, 'penalty_k': 0.0771714405194802, 'scale_lr': 0.3778177026491627}. Best is trial 62 with value: 0.3726749919963718.
checkpoint_e29 window_influence: 0.48658805714737519, penalty_k: 0.27752559459999632, scale_lr: 0.10077505195786357, EAO: 0.326
Trial 1206 finished with value: 0.3257890707208025 and parameters: {'window_influence': 0.4865880571473752, 'penalty_k': 0.2775255945999963, 'scale_lr': 0.10077505195786357}. Best is trial 62 with value: 0.3726749919963718.
checkpoint_e29 window_influence: 0.51516975582916957, penalty_k: 0.13921093520600997, scale_lr: 0.74638901844956973, EAO: 0.311
Trial 1207 finished with value: 0.3113858540930173 and parameters: {'window_influence': 0.5151697558291696, 'penalty_k': 0.13921093520600997, 'scale_lr': 0.7463890184495697}. Best is trial 62 with value: 0.3726749919963718.
checkpoint_e29 window_influence: 0.46838199699296384, penalty_k: 0.06054930771114737, scale_lr: 0.56993649624777465, EAO: 0.346
Trial 1208 finished with value: 0.3464674293299129 and parameters: {'window_influence': 0.46838199699296384, 'penalty_k': 0.06054930771114737, 'scale_lr': 0.5699364962477746}. Best is trial 62 with value: 0.3726749919963718.
checkpoint_e29 window_influence: 0.49860545782799043, penalty_k: 0.09793627958031212, scale_lr: 0.51652308774797284, EAO: 0.340
Trial 1209 finished with value: 0.3401751183118338 and parameters: {'window_influence': 0.49860545782799043, 'penalty_k': 0.09793627958031212, 'scale_lr': 0.5165230877479728}. Best is trial 62 with value: 0.3726749919963718.
checkpoint_e29 window_influence: 0.47625037675554172, penalty_k: 0.02161207013002324, scale_lr: 0.19994777232951813, EAO: 0.344
Trial 1210 finished with value: 0.3440474332074711 and parameters: {'window_influence': 0.4762503767555417, 'penalty_k': 0.02161207013002324, 'scale_lr': 0.19994777232951813}. Best is trial 62 with value: 0.3726749919963718.
checkpoint_e29 window_influence: 0.52265949693709235, penalty_k: 0.19284564359257933, scale_lr: 0.60528902914025651, EAO: 0.315
Trial 1211 finished with value: 0.3145455259409396 and parameters: {'window_influence': 0.5226594969370923, 'penalty_k': 0.19284564359257933, 'scale_lr': 0.6052890291402565}. Best is trial 62 with value: 0.3726749919963718.
checkpoint_e29 window_influence: 0.42253600875663372, penalty_k: 0.54576724344886751, scale_lr: 0.63087717962021816, EAO: 0.313
Trial 1212 finished with value: 0.31309969363741375 and parameters: {'window_influence': 0.4225360087566337, 'penalty_k': 0.5457672434488675, 'scale_lr': 0.6308771796202182}. Best is trial 62 with value: 0.3726749919963718.
checkpoint_e29 window_influence: 0.36183453497587720, penalty_k: 0.03764892936317957, scale_lr: 0.46229150900477833, EAO: 0.313
Trial 1213 finished with value: 0.31309339809974346 and parameters: {'window_influence': 0.3618345349758772, 'penalty_k': 0.037648929363179574, 'scale_lr': 0.46229150900477833}. Best is trial 62 with value: 0.3726749919963718.
checkpoint_e29 window_influence: 0.18471656891952906, penalty_k: 0.16485693839073848, scale_lr: 0.32313011763769028, EAO: 0.297
Trial 1214 finished with value: 0.2966905051864075 and parameters: {'window_influence': 0.18471656891952906, 'penalty_k': 0.16485693839073848, 'scale_lr': 0.3231301176376903}. Best is trial 62 with value: 0.3726749919963718.
checkpoint_e29 window_influence: 0.50679766850774011, penalty_k: 0.08213139969126558, scale_lr: 0.50162055895793412, EAO: 0.347
Trial 1215 finished with value: 0.34658597172002387 and parameters: {'window_influence': 0.5067976685077401, 'penalty_k': 0.08213139969126558, 'scale_lr': 0.5016205589579341}. Best is trial 62 with value: 0.3726749919963718.
checkpoint_e29 window_influence: 0.08787482846512817, penalty_k: 0.39354675423050178, scale_lr: 0.14428855619406805, EAO: 0.250
Trial 1216 finished with value: 0.2501853224368411 and parameters: {'window_influence': 0.08787482846512817, 'penalty_k': 0.3935467542305018, 'scale_lr': 0.14428855619406805}. Best is trial 62 with value: 0.3726749919963718.
checkpoint_e29 window_influence: 0.48792874013264981, penalty_k: 0.11614690178098865, scale_lr: 0.23345928458478554, EAO: 0.353
Trial 1217 finished with value: 0.3531295034440111 and parameters: {'window_influence': 0.4879287401326498, 'penalty_k': 0.11614690178098865, 'scale_lr': 0.23345928458478554}. Best is trial 62 with value: 0.3726749919963718.
checkpoint_e29 window_influence: 0.43445095390854577, penalty_k: 0.24109478189643105, scale_lr: 0.18456025003209708, EAO: 0.334
Trial 1218 finished with value: 0.3336517583535339 and parameters: {'window_influence': 0.43445095390854577, 'penalty_k': 0.24109478189643105, 'scale_lr': 0.18456025003209708}. Best is trial 62 with value: 0.3726749919963718.
checkpoint_e29 window_influence: 0.45635718656094976, penalty_k: 0.04979179878917490, scale_lr: 0.27812460737144795, EAO: 0.339
Trial 1219 finished with value: 0.3392882770369489 and parameters: {'window_influence': 0.45635718656094976, 'penalty_k': 0.049791798789174904, 'scale_lr': 0.27812460737144795}. Best is trial 62 with value: 0.3726749919963718.
checkpoint_e29 window_influence: 0.22464288145385714, penalty_k: 0.01255160019141737, scale_lr: 0.21994849585746890, EAO: 0.299
Trial 1220 finished with value: 0.2991006054882873 and parameters: {'window_influence': 0.22464288145385714, 'penalty_k': 0.012551600191417371, 'scale_lr': 0.2199484958574689}. Best is trial 62 with value: 0.3726749919963718.
checkpoint_e29 window_influence: 0.49911396089216631, penalty_k: 0.06592643827550577, scale_lr: 0.54798973665400841, EAO: 0.354
Trial 1221 finished with value: 0.35369248137399845 and parameters: {'window_influence': 0.4991139608921663, 'penalty_k': 0.06592643827550577, 'scale_lr': 0.5479897366540084}. Best is trial 62 with value: 0.3726749919963718.
checkpoint_e29 window_influence: 0.48357412901989494, penalty_k: 0.08976299315711278, scale_lr: 0.38989013167478270, EAO: 0.331
Trial 1222 finished with value: 0.3306631707959602 and parameters: {'window_influence': 0.48357412901989494, 'penalty_k': 0.08976299315711278, 'scale_lr': 0.3898901316747827}. Best is trial 62 with value: 0.3726749919963718.
checkpoint_e29 window_influence: 0.51159403433651918, penalty_k: 0.10727542717330567, scale_lr: 0.45550882408122156, EAO: 0.326
Trial 1223 finished with value: 0.3262011890049574 and parameters: {'window_influence': 0.5115940343365192, 'penalty_k': 0.10727542717330567, 'scale_lr': 0.45550882408122156}. Best is trial 62 with value: 0.3726749919963718.
checkpoint_e29 window_influence: 0.46863541117035323, penalty_k: 0.07507624255906743, scale_lr: 0.48041490410118565, EAO: 0.338
Trial 1224 finished with value: 0.33781127243190423 and parameters: {'window_influence': 0.46863541117035323, 'penalty_k': 0.07507624255906743, 'scale_lr': 0.48041490410118565}. Best is trial 62 with value: 0.3726749919963718.
checkpoint_e29 window_influence: 0.44351662463804609, penalty_k: 0.21801617192828981, scale_lr: 0.20590096437298513, EAO: 0.357
Trial 1225 finished with value: 0.35747025019927714 and parameters: {'window_influence': 0.4435166246380461, 'penalty_k': 0.21801617192828981, 'scale_lr': 0.20590096437298513}. Best is trial 62 with value: 0.3726749919963718.
checkpoint_e29 window_influence: 0.44559954245381456, penalty_k: 0.17795178776043313, scale_lr: 0.19629565184139897, EAO: 0.327
Trial 1226 finished with value: 0.326847544208111 and parameters: {'window_influence': 0.44559954245381456, 'penalty_k': 0.17795178776043313, 'scale_lr': 0.19629565184139897}. Best is trial 62 with value: 0.3726749919963718.
checkpoint_e29 window_influence: 0.42942154336752592, penalty_k: 0.19116807437781302, scale_lr: 0.21321134154061536, EAO: 0.335
Trial 1227 finished with value: 0.33487729681836953 and parameters: {'window_influence': 0.4294215433675259, 'penalty_k': 0.19116807437781302, 'scale_lr': 0.21321134154061536}. Best is trial 62 with value: 0.3726749919963718.
checkpoint_e29 window_influence: 0.43688203365040151, penalty_k: 0.21037106918024384, scale_lr: 0.20409931756547967, EAO: 0.369
Trial 1228 finished with value: 0.3692105738337402 and parameters: {'window_influence': 0.4368820336504015, 'penalty_k': 0.21037106918024384, 'scale_lr': 0.20409931756547967}. Best is trial 62 with value: 0.3726749919963718.
checkpoint_e29 window_influence: 0.44030988259355797, penalty_k: 0.22008013777519828, scale_lr: 0.20959814926523615, EAO: 0.354
Trial 1229 finished with value: 0.3542433427465565 and parameters: {'window_influence': 0.44030988259355797, 'penalty_k': 0.22008013777519828, 'scale_lr': 0.20959814926523615}. Best is trial 62 with value: 0.3726749919963718.
checkpoint_e29 window_influence: 0.43497246901402242, penalty_k: 0.18510067463783170, scale_lr: 0.18119958654911261, EAO: 0.347
Trial 1230 finished with value: 0.3469501022930739 and parameters: {'window_influence': 0.4349724690140224, 'penalty_k': 0.1851006746378317, 'scale_lr': 0.1811995865491126}. Best is trial 62 with value: 0.3726749919963718.
checkpoint_e29 window_influence: 0.42104637238117110, penalty_k: 0.21587761294887192, scale_lr: 0.21034050932549686, EAO: 0.321
Trial 1231 finished with value: 0.32138131454529 and parameters: {'window_influence': 0.4210463723811711, 'penalty_k': 0.21587761294887192, 'scale_lr': 0.21034050932549686}. Best is trial 62 with value: 0.3726749919963718.
checkpoint_e29 window_influence: 0.44933558154774661, penalty_k: 0.19948723875732177, scale_lr: 0.20243417390447066, EAO: 0.345
Trial 1232 finished with value: 0.34513147644959535 and parameters: {'window_influence': 0.4493355815477466, 'penalty_k': 0.19948723875732177, 'scale_lr': 0.20243417390447066}. Best is trial 62 with value: 0.3726749919963718.
checkpoint_e29 window_influence: 0.43326092713760667, penalty_k: 0.19805551980287123, scale_lr: 0.22897447242034319, EAO: 0.332
Trial 1233 finished with value: 0.3321324879673205 and parameters: {'window_influence': 0.43326092713760667, 'penalty_k': 0.19805551980287123, 'scale_lr': 0.2289744724203432}. Best is trial 62 with value: 0.3726749919963718.
checkpoint_e29 window_influence: 0.41511199779046226, penalty_k: 0.18771531861735674, scale_lr: 0.18914988306942404, EAO: 0.333
Trial 1234 finished with value: 0.33264981331992244 and parameters: {'window_influence': 0.41511199779046226, 'penalty_k': 0.18771531861735674, 'scale_lr': 0.18914988306942404}. Best is trial 62 with value: 0.3726749919963718.
checkpoint_e29 window_influence: 0.44450725486607651, penalty_k: 0.21472718124974702, scale_lr: 0.22345919804642228, EAO: 0.337
Trial 1235 finished with value: 0.33681290414082865 and parameters: {'window_influence': 0.4445072548660765, 'penalty_k': 0.21472718124974702, 'scale_lr': 0.22345919804642228}. Best is trial 62 with value: 0.3726749919963718.
checkpoint_e29 window_influence: 0.42994123410311796, penalty_k: 0.20978849465240712, scale_lr: 0.20244067299574880, EAO: 0.337
Trial 1236 finished with value: 0.33744857242830995 and parameters: {'window_influence': 0.42994123410311796, 'penalty_k': 0.20978849465240712, 'scale_lr': 0.2024406729957488}. Best is trial 62 with value: 0.3726749919963718.
checkpoint_e29 window_influence: 0.41185502081028286, penalty_k: 0.16782221740936681, scale_lr: 0.16590295118602078, EAO: 0.326
Trial 1237 finished with value: 0.3257004414550989 and parameters: {'window_influence': 0.41185502081028286, 'penalty_k': 0.16782221740936681, 'scale_lr': 0.16590295118602078}. Best is trial 62 with value: 0.3726749919963718.
checkpoint_e29 window_influence: 0.45783384293842999, penalty_k: 0.22511921418988434, scale_lr: 0.24019992733952697, EAO: 0.341
Trial 1238 finished with value: 0.3407810543761643 and parameters: {'window_influence': 0.45783384293843, 'penalty_k': 0.22511921418988434, 'scale_lr': 0.24019992733952697}. Best is trial 62 with value: 0.3726749919963718.
checkpoint_e29 window_influence: 0.44262414515606957, penalty_k: 0.19660216576044987, scale_lr: 0.17644916934194280, EAO: 0.335
Trial 1239 finished with value: 0.33456031305548745 and parameters: {'window_influence': 0.44262414515606957, 'penalty_k': 0.19660216576044987, 'scale_lr': 0.1764491693419428}. Best is trial 62 with value: 0.3726749919963718.
checkpoint_e29 window_influence: 0.45177718543666257, penalty_k: 0.17717923978868588, scale_lr: 0.19420676561855837, EAO: 0.334
