Trial 3634 finished with value: 0.29299484767338646 and parameters: {'window_influence': 0.5144199771890607, 'penalty_k': 0.3224881585732533, 'scale_lr': 0.4190353568963016}. Best is trial 1270 with value: 0.3623636909959845.
checkpoint_e22 window_influence: 0.05475021727595397, penalty_k: 0.13103357973689689, scale_lr: 0.46213142500074178, EAO: 0.236
Trial 3635 finished with value: 0.23598290115942752 and parameters: {'window_influence': 0.05475021727595397, 'penalty_k': 0.1310335797368969, 'scale_lr': 0.4621314250007418}. Best is trial 1270 with value: 0.3623636909959845.
checkpoint_e22 window_influence: 0.43860032622534201, penalty_k: 0.08087958222643725, scale_lr: 0.64139516686347608, EAO: 0.305
Trial 3636 finished with value: 0.30506364305427563 and parameters: {'window_influence': 0.438600326225342, 'penalty_k': 0.08087958222643725, 'scale_lr': 0.6413951668634761}. Best is trial 1270 with value: 0.3623636909959845.
checkpoint_e22 window_influence: 0.34639210149627120, penalty_k: 0.37302377849221446, scale_lr: 0.33021873079402519, EAO: 0.280
Trial 3637 finished with value: 0.2802420526395048 and parameters: {'window_influence': 0.3463921014962712, 'penalty_k': 0.37302377849221446, 'scale_lr': 0.3302187307940252}. Best is trial 1270 with value: 0.3623636909959845.
checkpoint_e22 window_influence: 0.23136174052952815, penalty_k: 0.15691304081256924, scale_lr: 0.58740094214765570, EAO: 0.281
Trial 3638 finished with value: 0.28065719325022936 and parameters: {'window_influence': 0.23136174052952815, 'penalty_k': 0.15691304081256924, 'scale_lr': 0.5874009421476557}. Best is trial 1270 with value: 0.3623636909959845.
checkpoint_e22 window_influence: 0.45483795316481024, penalty_k: 0.19214797227275374, scale_lr: 0.48883543657344175, EAO: 0.323
Trial 3639 finished with value: 0.322856493787079 and parameters: {'window_influence': 0.45483795316481024, 'penalty_k': 0.19214797227275374, 'scale_lr': 0.48883543657344175}. Best is trial 1270 with value: 0.3623636909959845.
checkpoint_e22 window_influence: 0.48505379436181112, penalty_k: 0.01205952498623562, scale_lr: 0.54300731074089326, EAO: 0.343
Trial 3640 finished with value: 0.34300317409437453 and parameters: {'window_influence': 0.4850537943618111, 'penalty_k': 0.012059524986235616, 'scale_lr': 0.5430073107408933}. Best is trial 1270 with value: 0.3623636909959845.
checkpoint_e22 window_influence: 0.50417256980275738, penalty_k: 0.04246860844255240, scale_lr: 0.71056442448020662, EAO: 0.331
Trial 3641 finished with value: 0.3308173455732806 and parameters: {'window_influence': 0.5041725698027574, 'penalty_k': 0.0424686084425524, 'scale_lr': 0.7105644244802066}. Best is trial 1270 with value: 0.3623636909959845.
checkpoint_e22 window_influence: 0.46604691083507988, penalty_k: 0.09698091277171936, scale_lr: 0.30531397975742924, EAO: 0.343
Trial 3642 finished with value: 0.3429347078392014 and parameters: {'window_influence': 0.4660469108350799, 'penalty_k': 0.09698091277171936, 'scale_lr': 0.30531397975742924}. Best is trial 1270 with value: 0.3623636909959845.
checkpoint_e22 window_influence: 0.39048401340404698, penalty_k: 0.30232817312916926, scale_lr: 0.11574837070147054, EAO: 0.305
Trial 3643 finished with value: 0.3052201736066128 and parameters: {'window_influence': 0.390484013404047, 'penalty_k': 0.30232817312916926, 'scale_lr': 0.11574837070147054}. Best is trial 1270 with value: 0.3623636909959845.
checkpoint_e22 window_influence: 0.47318048486370695, penalty_k: 0.29306765797656520, scale_lr: 0.40834666972324152, EAO: 0.304
Trial 3644 finished with value: 0.30416751661653185 and parameters: {'window_influence': 0.47318048486370695, 'penalty_k': 0.2930676579765652, 'scale_lr': 0.4083466697232415}. Best is trial 1270 with value: 0.3623636909959845.
checkpoint_e22 window_influence: 0.24830824085839387, penalty_k: 0.16692264421237660, scale_lr: 0.78761808614489215, EAO: 0.271
Trial 3645 finished with value: 0.271245621115781 and parameters: {'window_influence': 0.24830824085839387, 'penalty_k': 0.1669226442123766, 'scale_lr': 0.7876180861448921}. Best is trial 1270 with value: 0.3623636909959845.
checkpoint_e22 window_influence: 0.35400825154700355, penalty_k: 0.47098652282679332, scale_lr: 0.47614186028305899, EAO: 0.312
Trial 3646 finished with value: 0.31189880354859023 and parameters: {'window_influence': 0.35400825154700355, 'penalty_k': 0.4709865228267933, 'scale_lr': 0.476141860283059}. Best is trial 1270 with value: 0.3623636909959845.
checkpoint_e22 window_influence: 0.55205351261047142, penalty_k: 0.05994393028524768, scale_lr: 0.34957434623667172, EAO: 0.294
Trial 3647 finished with value: 0.29394734259477384 and parameters: {'window_influence': 0.5520535126104714, 'penalty_k': 0.05994393028524768, 'scale_lr': 0.3495743462366717}. Best is trial 1270 with value: 0.3623636909959845.
checkpoint_e22 window_influence: 0.58480335305941300, penalty_k: 0.02010146515749018, scale_lr: 0.66153939012513585, EAO: 0.271
Trial 3648 finished with value: 0.2705731583824417 and parameters: {'window_influence': 0.584803353059413, 'penalty_k': 0.02010146515749018, 'scale_lr': 0.6615393901251359}. Best is trial 1270 with value: 0.3623636909959845.
checkpoint_e22 window_influence: 0.23835460594609159, penalty_k: 0.03396105896067388, scale_lr: 0.51861826629615770, EAO: 0.276
Trial 3649 finished with value: 0.27593680694409384 and parameters: {'window_influence': 0.2383546059460916, 'penalty_k': 0.033961058960673876, 'scale_lr': 0.5186182662961577}. Best is trial 1270 with value: 0.3623636909959845.
checkpoint_e22 window_influence: 0.37821622455056741, penalty_k: 0.52383288453369059, scale_lr: 0.16659160280425256, EAO: 0.283
Trial 3650 finished with value: 0.2832215792474116 and parameters: {'window_influence': 0.3782162245505674, 'penalty_k': 0.5238328845336906, 'scale_lr': 0.16659160280425256}. Best is trial 1270 with value: 0.3623636909959845.
checkpoint_e22 window_influence: 0.44656441207810482, penalty_k: 0.11234850100072959, scale_lr: 0.27282632487461339, EAO: 0.329
Trial 3651 finished with value: 0.32944695657329337 and parameters: {'window_influence': 0.4465644120781048, 'penalty_k': 0.11234850100072959, 'scale_lr': 0.2728263248746134}. Best is trial 1270 with value: 0.3623636909959845.
checkpoint_e22 window_influence: 0.32798085321253967, penalty_k: 0.12814148832681860, scale_lr: 0.38684185344440886, EAO: 0.292
Trial 3652 finished with value: 0.2921501229941149 and parameters: {'window_influence': 0.32798085321253967, 'penalty_k': 0.1281414883268186, 'scale_lr': 0.38684185344440886}. Best is trial 1270 with value: 0.3623636909959845.
checkpoint_e22 window_influence: 0.49100777671345369, penalty_k: 0.01199625799748508, scale_lr: 0.62579082829149502, EAO: 0.348
Trial 3653 finished with value: 0.3475701775300364 and parameters: {'window_influence': 0.4910077767134537, 'penalty_k': 0.011996257997485082, 'scale_lr': 0.625790828291495}. Best is trial 1270 with value: 0.3623636909959845.
checkpoint_e22 window_influence: 0.46517993643807859, penalty_k: 0.08333958962801696, scale_lr: 0.60465029528202352, EAO: 0.335
Trial 3654 finished with value: 0.33455443173530963 and parameters: {'window_influence': 0.4651799364380786, 'penalty_k': 0.08333958962801696, 'scale_lr': 0.6046502952820235}. Best is trial 1270 with value: 0.3623636909959845.
checkpoint_e22 window_influence: 0.18680128477812999, penalty_k: 0.17690318315864018, scale_lr: 0.43621438107928706, EAO: 0.275
Trial 3655 finished with value: 0.2751794281752657 and parameters: {'window_influence': 0.18680128477813, 'penalty_k': 0.17690318315864018, 'scale_lr': 0.43621438107928706}. Best is trial 1270 with value: 0.3623636909959845.
checkpoint_e22 window_influence: 0.53046261755796797, penalty_k: 0.10414105567257395, scale_lr: 0.76932031591851868, EAO: 0.296
Trial 3656 finished with value: 0.29615558225820965 and parameters: {'window_influence': 0.530462617557968, 'penalty_k': 0.10414105567257395, 'scale_lr': 0.7693203159185187}. Best is trial 1270 with value: 0.3623636909959845.
checkpoint_e22 window_influence: 0.48031431393443880, penalty_k: 0.24373501217406102, scale_lr: 0.31734263608586233, EAO: 0.321
Trial 3657 finished with value: 0.3208146477951614 and parameters: {'window_influence': 0.4803143139344388, 'penalty_k': 0.24373501217406102, 'scale_lr': 0.31734263608586233}. Best is trial 1270 with value: 0.3623636909959845.
checkpoint_e22 window_influence: 0.33102452650232783, penalty_k: 0.02788341903626116, scale_lr: 0.54993255168362165, EAO: 0.304
Trial 3658 finished with value: 0.304372669483901 and parameters: {'window_influence': 0.33102452650232783, 'penalty_k': 0.027883419036261164, 'scale_lr': 0.5499325516836217}. Best is trial 1270 with value: 0.3623636909959845.
checkpoint_e22 window_influence: 0.49926867266736608, penalty_k: 0.07089455276853376, scale_lr: 0.11939004892050964, EAO: 0.332
Trial 3659 finished with value: 0.3315430056840065 and parameters: {'window_influence': 0.4992686726673661, 'penalty_k': 0.07089455276853376, 'scale_lr': 0.11939004892050964}. Best is trial 1270 with value: 0.3623636909959845.
checkpoint_e22 window_influence: 0.45154804685784150, penalty_k: 0.04634849591928213, scale_lr: 0.69202701029337710, EAO: 0.321
Trial 3660 finished with value: 0.3206928717371091 and parameters: {'window_influence': 0.4515480468578415, 'penalty_k': 0.046348495919282126, 'scale_lr': 0.6920270102933771}. Best is trial 1270 with value: 0.3623636909959845.
checkpoint_e22 window_influence: 0.40454634331643402, penalty_k: 0.28343244369879361, scale_lr: 0.36378089528216273, EAO: 0.328
Trial 3661 finished with value: 0.32793641275932817 and parameters: {'window_influence': 0.404546343316434, 'penalty_k': 0.2834324436987936, 'scale_lr': 0.36378089528216273}. Best is trial 1270 with value: 0.3623636909959845.
checkpoint_e22 window_influence: 0.46023235295999126, penalty_k: 0.14566608488355282, scale_lr: 0.23941345120483820, EAO: 0.333
Trial 3662 finished with value: 0.33301993694286863 and parameters: {'window_influence': 0.46023235295999126, 'penalty_k': 0.14566608488355282, 'scale_lr': 0.2394134512048382}. Best is trial 1270 with value: 0.3623636909959845.
checkpoint_e22 window_influence: 0.20314836890657093, penalty_k: 0.00008678277237203, scale_lr: 0.56711730586561426, EAO: 0.267
Trial 3663 finished with value: 0.2667778397580529 and parameters: {'window_influence': 0.20314836890657093, 'penalty_k': 8.678277237203253e-05, 'scale_lr': 0.5671173058656143}. Best is trial 1270 with value: 0.3623636909959845.
checkpoint_e22 window_influence: 0.43393940875763576, penalty_k: 0.26796948629395595, scale_lr: 0.29072019889694067, EAO: 0.312
Trial 3664 finished with value: 0.3118428550805563 and parameters: {'window_influence': 0.43393940875763576, 'penalty_k': 0.26796948629395595, 'scale_lr': 0.2907201988969407}. Best is trial 1270 with value: 0.3623636909959845.
checkpoint_e22 window_influence: 0.62422391784584474, penalty_k: 0.30417149305075875, scale_lr: 0.15312480268353740, EAO: 0.235
Trial 3665 finished with value: 0.23526426465594816 and parameters: {'window_influence': 0.6242239178458447, 'penalty_k': 0.30417149305075875, 'scale_lr': 0.1531248026835374}. Best is trial 1270 with value: 0.3623636909959845.
checkpoint_e22 window_influence: 0.47716958006790944, penalty_k: 0.09086113150521449, scale_lr: 0.45375514464493699, EAO: 0.335
Trial 3666 finished with value: 0.33517715358084743 and parameters: {'window_influence': 0.47716958006790944, 'penalty_k': 0.09086113150521449, 'scale_lr': 0.453755144644937}. Best is trial 1270 with value: 0.3623636909959845.
checkpoint_e22 window_influence: 0.50883807490695820, penalty_k: 0.42585212417715884, scale_lr: 0.58590284566581485, EAO: 0.304
Trial 3667 finished with value: 0.3035025246412374 and parameters: {'window_influence': 0.5088380749069582, 'penalty_k': 0.42585212417715884, 'scale_lr': 0.5859028456658149}. Best is trial 1270 with value: 0.3623636909959845.
checkpoint_e22 window_influence: 0.59862141657906576, penalty_k: 0.56822079031482065, scale_lr: 0.72236379914562299, EAO: 0.229
Trial 3668 finished with value: 0.22944135575442925 and parameters: {'window_influence': 0.5986214165790658, 'penalty_k': 0.5682207903148206, 'scale_lr': 0.722363799145623}. Best is trial 1270 with value: 0.3623636909959845.
checkpoint_e22 window_influence: 0.08366015053251474, penalty_k: 0.01902807782285402, scale_lr: 0.25460880030494615, EAO: 0.258
Trial 3669 finished with value: 0.2583560426991273 and parameters: {'window_influence': 0.08366015053251474, 'penalty_k': 0.01902807782285402, 'scale_lr': 0.25460880030494615}. Best is trial 1270 with value: 0.3623636909959845.
checkpoint_e22 window_influence: 0.48904324874695343, penalty_k: 0.20239146186579182, scale_lr: 0.63719973582140343, EAO: 0.328
Trial 3670 finished with value: 0.328126569550325 and parameters: {'window_influence': 0.48904324874695343, 'penalty_k': 0.20239146186579182, 'scale_lr': 0.6371997358214034}. Best is trial 1270 with value: 0.3623636909959845.
checkpoint_e22 window_influence: 0.47081626826801060, penalty_k: 0.11730213240532833, scale_lr: 0.49749003130302782, EAO: 0.337
Trial 3671 finished with value: 0.3370903070566719 and parameters: {'window_influence': 0.4708162682680106, 'penalty_k': 0.11730213240532833, 'scale_lr': 0.4974900313030278}. Best is trial 1270 with value: 0.3623636909959845.
checkpoint_e22 window_influence: 0.44798066850861046, penalty_k: 0.38169795905717829, scale_lr: 0.21993127470911711, EAO: 0.313
Trial 3672 finished with value: 0.31319743980461523 and parameters: {'window_influence': 0.44798066850861046, 'penalty_k': 0.3816979590571783, 'scale_lr': 0.2199312747091171}. Best is trial 1270 with value: 0.3623636909959845.
checkpoint_e22 window_influence: 0.42268672792896639, penalty_k: 0.43700494800498946, scale_lr: 0.40222399894452604, EAO: 0.314
Trial 3673 finished with value: 0.3137456834432216 and parameters: {'window_influence': 0.4226867279289664, 'penalty_k': 0.43700494800498946, 'scale_lr': 0.40222399894452604}. Best is trial 1270 with value: 0.3623636909959845.
checkpoint_e22 window_influence: 0.46454832336132468, penalty_k: 0.01062913722960138, scale_lr: 0.46570036006473281, EAO: 0.328
Trial 3674 finished with value: 0.3284271701532579 and parameters: {'window_influence': 0.4645483233613247, 'penalty_k': 0.010629137229601382, 'scale_lr': 0.4657003600647328}. Best is trial 1270 with value: 0.3623636909959845.
checkpoint_e22 window_influence: 0.31759530660865121, penalty_k: 0.26984463658614821, scale_lr: 0.19886726244919140, EAO: 0.277
Trial 3675 finished with value: 0.2769508754928752 and parameters: {'window_influence': 0.3175953066086512, 'penalty_k': 0.2698446365861482, 'scale_lr': 0.1988672624491914}. Best is trial 1270 with value: 0.3623636909959845.
checkpoint_e22 window_influence: 0.34546244830216033, penalty_k: 0.13726774737539701, scale_lr: 0.74507270372541434, EAO: 0.321
Trial 3676 finished with value: 0.32107323425521184 and parameters: {'window_influence': 0.34546244830216033, 'penalty_k': 0.13726774737539701, 'scale_lr': 0.7450727037254143}. Best is trial 1270 with value: 0.3623636909959845.
checkpoint_e22 window_influence: 0.54817355655711597, penalty_k: 0.10247232619900515, scale_lr: 0.30363002372888365, EAO: 0.287
Trial 3677 finished with value: 0.2872554709127441 and parameters: {'window_influence': 0.548173556557116, 'penalty_k': 0.10247232619900515, 'scale_lr': 0.30363002372888365}. Best is trial 1270 with value: 0.3623636909959845.
checkpoint_e22 window_influence: 0.52307138396748643, penalty_k: 0.05879561049947960, scale_lr: 0.61216058163571141, EAO: 0.302
Trial 3678 finished with value: 0.302240004335396 and parameters: {'window_influence': 0.5230713839674864, 'penalty_k': 0.0587956104994796, 'scale_lr': 0.6121605816357114}. Best is trial 1270 with value: 0.3623636909959845.
checkpoint_e22 window_influence: 0.06891977533512672, penalty_k: 0.03355906249318212, scale_lr: 0.65473789343335409, EAO: 0.242
Trial 3679 finished with value: 0.24219416418196163 and parameters: {'window_influence': 0.06891977533512672, 'penalty_k': 0.03355906249318212, 'scale_lr': 0.6547378934333541}. Best is trial 1270 with value: 0.3623636909959845.
checkpoint_e22 window_influence: 0.49381104906381962, penalty_k: 0.40555544763023343, scale_lr: 0.33176263693824615, EAO: 0.294
Trial 3680 finished with value: 0.2943040062365365 and parameters: {'window_influence': 0.4938110490638196, 'penalty_k': 0.40555544763023343, 'scale_lr': 0.33176263693824615}. Best is trial 1270 with value: 0.3623636909959845.
checkpoint_e22 window_influence: 0.30366846037836581, penalty_k: 0.12794666533642851, scale_lr: 0.26909304664380762, EAO: 0.270
Trial 3681 finished with value: 0.2696412250341608 and parameters: {'window_influence': 0.3036684603783658, 'penalty_k': 0.1279466653364285, 'scale_lr': 0.2690930466438076}. Best is trial 1270 with value: 0.3623636909959845.
checkpoint_e22 window_influence: 0.48139056656892704, penalty_k: 0.08024437268222945, scale_lr: 0.59470701279055260, EAO: 0.333
Trial 3682 finished with value: 0.33265355519283607 and parameters: {'window_influence': 0.48139056656892704, 'penalty_k': 0.08024437268222945, 'scale_lr': 0.5947070127905526}. Best is trial 1270 with value: 0.3623636909959845.
checkpoint_e22 window_influence: 0.43938682599060247, penalty_k: 0.02085369115175534, scale_lr: 0.55893698610374187, EAO: 0.338
Trial 3683 finished with value: 0.3380813668210219 and parameters: {'window_influence': 0.43938682599060247, 'penalty_k': 0.020853691151755338, 'scale_lr': 0.5589369861037419}. Best is trial 1270 with value: 0.3623636909959845.
checkpoint_e22 window_influence: 0.45683081583816193, penalty_k: 0.04137980905056898, scale_lr: 0.52082131162048650, EAO: 0.320
Trial 3684 finished with value: 0.3204985553188547 and parameters: {'window_influence': 0.45683081583816193, 'penalty_k': 0.041379809050568976, 'scale_lr': 0.5208213116204865}. Best is trial 1270 with value: 0.3623636909959845.
checkpoint_e22 window_influence: 0.47222484331755354, penalty_k: 0.01318010848132575, scale_lr: 0.37483799111098515, EAO: 0.347
Trial 3685 finished with value: 0.3468281414490266 and parameters: {'window_influence': 0.47222484331755354, 'penalty_k': 0.013180108481325753, 'scale_lr': 0.37483799111098515}. Best is trial 1270 with value: 0.3623636909959845.
checkpoint_e22 window_influence: 0.50330500146629054, penalty_k: 0.16858831526899806, scale_lr: 0.42196672983979711, EAO: 0.301
Trial 3686 finished with value: 0.3012613319005484 and parameters: {'window_influence': 0.5033050014662905, 'penalty_k': 0.16858831526899806, 'scale_lr': 0.4219667298397971}. Best is trial 1270 with value: 0.3623636909959845.
checkpoint_e22 window_influence: 0.48723425994669073, penalty_k: 0.41713114951592334, scale_lr: 0.67591316858916295, EAO: 0.308
Trial 3687 finished with value: 0.3078823916990933 and parameters: {'window_influence': 0.48723425994669073, 'penalty_k': 0.41713114951592334, 'scale_lr': 0.675913168589163}. Best is trial 1270 with value: 0.3623636909959845.
checkpoint_e22 window_influence: 0.45914727541804262, penalty_k: 0.51648609762126041, scale_lr: 0.70662613866226798, EAO: 0.306
Trial 3688 finished with value: 0.30586048740357275 and parameters: {'window_influence': 0.4591472754180426, 'penalty_k': 0.5164860976212604, 'scale_lr': 0.706626138662268}. Best is trial 1270 with value: 0.3623636909959845.
checkpoint_e22 window_influence: 0.60438605655944355, penalty_k: 0.23257451942050783, scale_lr: 0.48449003078256470, EAO: 0.238
Trial 3689 finished with value: 0.2375792329877267 and parameters: {'window_influence': 0.6043860565594436, 'penalty_k': 0.23257451942050783, 'scale_lr': 0.4844900307825647}. Best is trial 1270 with value: 0.3623636909959845.
checkpoint_e22 window_influence: 0.47600970032457995, penalty_k: 0.05307791905835628, scale_lr: 0.53912034026965028, EAO: 0.323
Trial 3690 finished with value: 0.32274776343473666 and parameters: {'window_influence': 0.47600970032457995, 'penalty_k': 0.05307791905835628, 'scale_lr': 0.5391203402696503}. Best is trial 1270 with value: 0.3623636909959845.
checkpoint_e22 window_influence: 0.12763116310181008, penalty_k: 0.09176672660629902, scale_lr: 0.28961839041674692, EAO: 0.266
Trial 3691 finished with value: 0.26640264979828193 and parameters: {'window_influence': 0.12763116310181008, 'penalty_k': 0.09176672660629902, 'scale_lr': 0.2896183904167469}. Best is trial 1270 with value: 0.3623636909959845.
checkpoint_e22 window_influence: 0.37867087044253001, penalty_k: 0.35320588283871540, scale_lr: 0.63232455563189371, EAO: 0.297
Trial 3692 finished with value: 0.2968053486676532 and parameters: {'window_influence': 0.37867087044253, 'penalty_k': 0.3532058828387154, 'scale_lr': 0.6323245556318937}. Best is trial 1270 with value: 0.3623636909959845.
checkpoint_e22 window_influence: 0.49563066084400237, penalty_k: 0.24926196312912111, scale_lr: 0.57434839205686583, EAO: 0.313
Trial 3693 finished with value: 0.3133598193816174 and parameters: {'window_influence': 0.49563066084400237, 'penalty_k': 0.2492619631291211, 'scale_lr': 0.5743483920568658}. Best is trial 1270 with value: 0.3623636909959845.
checkpoint_e22 window_influence: 0.51238827748719817, penalty_k: 0.10993991805507836, scale_lr: 0.51042318072227777, EAO: 0.336
Trial 3694 finished with value: 0.336387483642259 and parameters: {'window_influence': 0.5123882774871982, 'penalty_k': 0.10993991805507836, 'scale_lr': 0.5104231807222778}. Best is trial 1270 with value: 0.3623636909959845.
checkpoint_e22 window_influence: 0.44940641931336411, penalty_k: 0.07052156745665920, scale_lr: 0.34955378505222290, EAO: 0.328
Trial 3695 finished with value: 0.32806784587147636 and parameters: {'window_influence': 0.4494064193133641, 'penalty_k': 0.0705215674566592, 'scale_lr': 0.3495537850522229}. Best is trial 1270 with value: 0.3623636909959845.
checkpoint_e22 window_influence: 0.58953331840336920, penalty_k: 0.03074313191289565, scale_lr: 0.24952211779564690, EAO: 0.284
