Trial 2076 finished with value: 0.29143685293800636 and parameters: {'window_influence': 0.2936288010338641, 'penalty_k': 0.235203139903272, 'scale_lr': 0.7165014937355683}. Best is trial 1674 with value: 0.38142600678748195.
checkpoint_e33 window_influence: 0.47529959738827493, penalty_k: 0.04178542542348322, scale_lr: 0.78533693758443412, EAO: 0.349
Trial 2077 finished with value: 0.3487466439198891 and parameters: {'window_influence': 0.47529959738827493, 'penalty_k': 0.04178542542348322, 'scale_lr': 0.7853369375844341}. Best is trial 1674 with value: 0.38142600678748195.
checkpoint_e33 window_influence: 0.63296008009216576, penalty_k: 0.12770545643320799, scale_lr: 0.50893806582507040, EAO: 0.253
Trial 2078 finished with value: 0.25262108833641395 and parameters: {'window_influence': 0.6329600800921658, 'penalty_k': 0.127705456433208, 'scale_lr': 0.5089380658250704}. Best is trial 1674 with value: 0.38142600678748195.
checkpoint_e33 window_influence: 0.37833299677994264, penalty_k: 0.18392163845191428, scale_lr: 0.48865754989894350, EAO: 0.322
Trial 2079 finished with value: 0.32158058162793113 and parameters: {'window_influence': 0.37833299677994264, 'penalty_k': 0.18392163845191428, 'scale_lr': 0.4886575498989435}. Best is trial 1674 with value: 0.38142600678748195.
checkpoint_e33 window_influence: 0.48813402583397431, penalty_k: 0.15596671829803599, scale_lr: 0.74986866017452369, EAO: 0.352
Trial 2080 finished with value: 0.35155517094793953 and parameters: {'window_influence': 0.4881340258339743, 'penalty_k': 0.155966718298036, 'scale_lr': 0.7498686601745237}. Best is trial 1674 with value: 0.38142600678748195.
checkpoint_e33 window_influence: 0.46711244276778713, penalty_k: 0.51541289853734151, scale_lr: 0.30354053403174464, EAO: 0.315
Trial 2081 finished with value: 0.3148267934178564 and parameters: {'window_influence': 0.46711244276778713, 'penalty_k': 0.5154128985373415, 'scale_lr': 0.30354053403174464}. Best is trial 1674 with value: 0.38142600678748195.
checkpoint_e33 window_influence: 0.56262755426427680, penalty_k: 0.09186198312096688, scale_lr: 0.57974817022439917, EAO: 0.287
Trial 2082 finished with value: 0.28662112650936217 and parameters: {'window_influence': 0.5626275542642768, 'penalty_k': 0.09186198312096688, 'scale_lr': 0.5797481702243992}. Best is trial 1674 with value: 0.38142600678748195.
checkpoint_e33 window_influence: 0.50446607598824911, penalty_k: 0.01972004052322509, scale_lr: 0.70179007694330953, EAO: 0.329
Trial 2083 finished with value: 0.3289528946004489 and parameters: {'window_influence': 0.5044660759882491, 'penalty_k': 0.01972004052322509, 'scale_lr': 0.7017900769433095}. Best is trial 1674 with value: 0.38142600678748195.
checkpoint_e33 window_influence: 0.44585367899181499, penalty_k: 0.05338380119583945, scale_lr: 0.27703068830870581, EAO: 0.343
Trial 2084 finished with value: 0.3429545067859531 and parameters: {'window_influence': 0.445853678991815, 'penalty_k': 0.05338380119583945, 'scale_lr': 0.2770306883087058}. Best is trial 1674 with value: 0.38142600678748195.
checkpoint_e33 window_influence: 0.28722235066061375, penalty_k: 0.07146414340680755, scale_lr: 0.53917100915466243, EAO: 0.310
Trial 2085 finished with value: 0.30962839473314324 and parameters: {'window_influence': 0.28722235066061375, 'penalty_k': 0.07146414340680755, 'scale_lr': 0.5391710091546624}. Best is trial 1674 with value: 0.38142600678748195.
checkpoint_e33 window_influence: 0.14257937317906208, penalty_k: 0.20232825067612431, scale_lr: 0.52055780734582946, EAO: 0.254
Trial 2086 finished with value: 0.25428098503949575 and parameters: {'window_influence': 0.14257937317906208, 'penalty_k': 0.2023282506761243, 'scale_lr': 0.5205578073458295}. Best is trial 1674 with value: 0.38142600678748195.
checkpoint_e33 window_influence: 0.48049079350639001, penalty_k: 0.27352426144377739, scale_lr: 0.10104096293736103, EAO: 0.321
Trial 2087 finished with value: 0.32085232372877664 and parameters: {'window_influence': 0.48049079350639, 'penalty_k': 0.2735242614437774, 'scale_lr': 0.10104096293736103}. Best is trial 1674 with value: 0.38142600678748195.
checkpoint_e33 window_influence: 0.51744656931337130, penalty_k: 0.03379321698132690, scale_lr: 0.47276087077905454, EAO: 0.341
Trial 2088 finished with value: 0.34065056624115675 and parameters: {'window_influence': 0.5174465693133713, 'penalty_k': 0.033793216981326896, 'scale_lr': 0.47276087077905454}. Best is trial 1674 with value: 0.38142600678748195.
checkpoint_e33 window_influence: 0.33573058263635258, penalty_k: 0.11737562926484416, scale_lr: 0.64680067598753654, EAO: 0.327
Trial 2089 finished with value: 0.32747181009225806 and parameters: {'window_influence': 0.3357305826363526, 'penalty_k': 0.11737562926484416, 'scale_lr': 0.6468006759875365}. Best is trial 1674 with value: 0.38142600678748195.
checkpoint_e33 window_influence: 0.49308479489714896, penalty_k: 0.13952369648340848, scale_lr: 0.23205210597495865, EAO: 0.333
Trial 2090 finished with value: 0.333412879751814 and parameters: {'window_influence': 0.49308479489714896, 'penalty_k': 0.13952369648340848, 'scale_lr': 0.23205210597495865}. Best is trial 1674 with value: 0.38142600678748195.
checkpoint_e33 window_influence: 0.45622941373953452, penalty_k: 0.34885120494220556, scale_lr: 0.39794005638188645, EAO: 0.338
Trial 2091 finished with value: 0.33820914735126123 and parameters: {'window_influence': 0.4562294137395345, 'penalty_k': 0.34885120494220556, 'scale_lr': 0.39794005638188645}. Best is trial 1674 with value: 0.38142600678748195.
checkpoint_e33 window_influence: 0.52904021649288158, penalty_k: 0.24429130907519855, scale_lr: 0.50008927511185486, EAO: 0.311
Trial 2092 finished with value: 0.311088186815555 and parameters: {'window_influence': 0.5290402164928816, 'penalty_k': 0.24429130907519855, 'scale_lr': 0.5000892751118549}. Best is trial 1674 with value: 0.38142600678748195.
checkpoint_e33 window_influence: 0.33218969750721938, penalty_k: 0.16766388459814013, scale_lr: 0.68248252909143359, EAO: 0.298
Trial 2093 finished with value: 0.29827393237718813 and parameters: {'window_influence': 0.3321896975072194, 'penalty_k': 0.16766388459814013, 'scale_lr': 0.6824825290914336}. Best is trial 1674 with value: 0.38142600678748195.
checkpoint_e33 window_influence: 0.20579171363469484, penalty_k: 0.06390882924799360, scale_lr: 0.55838852173257991, EAO: 0.306
Trial 2094 finished with value: 0.3060999593266253 and parameters: {'window_influence': 0.20579171363469484, 'penalty_k': 0.0639088292479936, 'scale_lr': 0.5583885217325799}. Best is trial 1674 with value: 0.38142600678748195.
checkpoint_e33 window_influence: 0.47115703125722053, penalty_k: 0.07939680821720380, scale_lr: 0.62731466733520669, EAO: 0.360
Trial 2095 finished with value: 0.36018761586586323 and parameters: {'window_influence': 0.4711570312572205, 'penalty_k': 0.0793968082172038, 'scale_lr': 0.6273146673352067}. Best is trial 1674 with value: 0.38142600678748195.
checkpoint_e33 window_influence: 0.15881959932347103, penalty_k: 0.00864949614481345, scale_lr: 0.66897185689006555, EAO: 0.273
Trial 2096 finished with value: 0.2725088948289708 and parameters: {'window_influence': 0.15881959932347103, 'penalty_k': 0.008649496144813446, 'scale_lr': 0.6689718568900656}. Best is trial 1674 with value: 0.38142600678748195.
checkpoint_e33 window_influence: 0.50366162437736550, penalty_k: 0.29943881846891029, scale_lr: 0.73842662551324434, EAO: 0.294
Trial 2097 finished with value: 0.29441638140131066 and parameters: {'window_influence': 0.5036616243773655, 'penalty_k': 0.2994388184689103, 'scale_lr': 0.7384266255132443}. Best is trial 1674 with value: 0.38142600678748195.
checkpoint_e33 window_influence: 0.06177471258025924, penalty_k: 0.09972835674415764, scale_lr: 0.43926879610450237, EAO: 0.240
Trial 2098 finished with value: 0.2398925465948387 and parameters: {'window_influence': 0.06177471258025924, 'penalty_k': 0.09972835674415764, 'scale_lr': 0.43926879610450237}. Best is trial 1674 with value: 0.38142600678748195.
checkpoint_e33 window_influence: 0.41380867974207680, penalty_k: 0.25788185526455060, scale_lr: 0.48928083298420438, EAO: 0.329
Trial 2099 finished with value: 0.329234450127828 and parameters: {'window_influence': 0.4138086797420768, 'penalty_k': 0.2578818552645506, 'scale_lr': 0.4892808329842044}. Best is trial 1674 with value: 0.38142600678748195.
checkpoint_e33 window_influence: 0.48616338598100267, penalty_k: 0.05318498805310579, scale_lr: 0.52625335462906064, EAO: 0.345
Trial 2100 finished with value: 0.3446430554649709 and parameters: {'window_influence': 0.48616338598100267, 'penalty_k': 0.053184988053105786, 'scale_lr': 0.5262533546290606}. Best is trial 1674 with value: 0.38142600678748195.
checkpoint_e33 window_influence: 0.43300245206347215, penalty_k: 0.19707417430852431, scale_lr: 0.60510942008876156, EAO: 0.333
Trial 2101 finished with value: 0.3334278290373806 and parameters: {'window_influence': 0.43300245206347215, 'penalty_k': 0.1970741743085243, 'scale_lr': 0.6051094200887616}. Best is trial 1674 with value: 0.38142600678748195.
checkpoint_e33 window_influence: 0.34626057049323566, penalty_k: 0.22178034047552708, scale_lr: 0.20743018407319488, EAO: 0.306
Trial 2102 finished with value: 0.30629782929494687 and parameters: {'window_influence': 0.34626057049323566, 'penalty_k': 0.22178034047552708, 'scale_lr': 0.20743018407319488}. Best is trial 1674 with value: 0.38142600678748195.
checkpoint_e33 window_influence: 0.31190613458580047, penalty_k: 0.15272438146631087, scale_lr: 0.76267581321044464, EAO: 0.319
Trial 2103 finished with value: 0.3193373677795499 and parameters: {'window_influence': 0.31190613458580047, 'penalty_k': 0.15272438146631087, 'scale_lr': 0.7626758132104446}. Best is trial 1674 with value: 0.38142600678748195.
checkpoint_e33 window_influence: 0.46195319866626244, penalty_k: 0.33124812681199445, scale_lr: 0.56987323808324475, EAO: 0.314
Trial 2104 finished with value: 0.3144324661924681 and parameters: {'window_influence': 0.46195319866626244, 'penalty_k': 0.33124812681199445, 'scale_lr': 0.5698732380832447}. Best is trial 1674 with value: 0.38142600678748195.
checkpoint_e33 window_influence: 0.51471174638259931, penalty_k: 0.55448468411169527, scale_lr: 0.45631152445807488, EAO: 0.284
Trial 2105 finished with value: 0.2837619729890898 and parameters: {'window_influence': 0.5147117463825993, 'penalty_k': 0.5544846841116953, 'scale_lr': 0.4563115244580749}. Best is trial 1674 with value: 0.38142600678748195.
checkpoint_e33 window_influence: 0.47562733650049605, penalty_k: 0.03151318161992450, scale_lr: 0.51032067146582016, EAO: 0.359
Trial 2106 finished with value: 0.35886924948673765 and parameters: {'window_influence': 0.47562733650049605, 'penalty_k': 0.0315131816199245, 'scale_lr': 0.5103206714658202}. Best is trial 1674 with value: 0.38142600678748195.
checkpoint_e33 window_influence: 0.49507473094588106, penalty_k: 0.18278492003519703, scale_lr: 0.79825803782166616, EAO: 0.332
Trial 2107 finished with value: 0.3322994865564057 and parameters: {'window_influence': 0.49507473094588106, 'penalty_k': 0.18278492003519703, 'scale_lr': 0.7982580378216662}. Best is trial 1674 with value: 0.38142600678748195.
checkpoint_e33 window_influence: 0.30157516294607861, penalty_k: 0.01887888373633174, scale_lr: 0.19041880554760476, EAO: 0.308
Trial 2108 finished with value: 0.30825963743929735 and parameters: {'window_influence': 0.3015751629460786, 'penalty_k': 0.018878883736331738, 'scale_lr': 0.19041880554760476}. Best is trial 1674 with value: 0.38142600678748195.
checkpoint_e33 window_influence: 0.53894974323130052, penalty_k: 0.04200702273633895, scale_lr: 0.54619119916268155, EAO: 0.311
Trial 2109 finished with value: 0.31133649935982105 and parameters: {'window_influence': 0.5389497432313005, 'penalty_k': 0.04200702273633895, 'scale_lr': 0.5461911991626816}. Best is trial 1674 with value: 0.38142600678748195.
checkpoint_e33 window_influence: 0.44734825018985397, penalty_k: 0.08752815851597540, scale_lr: 0.66217698962982663, EAO: 0.328
Trial 2110 finished with value: 0.3278754914780999 and parameters: {'window_influence': 0.44734825018985397, 'penalty_k': 0.0875281585159754, 'scale_lr': 0.6621769896298266}. Best is trial 1674 with value: 0.38142600678748195.
checkpoint_e33 window_influence: 0.31282749683758548, penalty_k: 0.05879901626054858, scale_lr: 0.34143565759146366, EAO: 0.294
Trial 2111 finished with value: 0.29398928310156797 and parameters: {'window_influence': 0.3128274968375855, 'penalty_k': 0.05879901626054858, 'scale_lr': 0.34143565759146366}. Best is trial 1674 with value: 0.38142600678748195.
checkpoint_e33 window_influence: 0.50547769754801475, penalty_k: 0.16566148110880619, scale_lr: 0.35634241102970143, EAO: 0.326
Trial 2112 finished with value: 0.32604052885960977 and parameters: {'window_influence': 0.5054776975480147, 'penalty_k': 0.16566148110880619, 'scale_lr': 0.35634241102970143}. Best is trial 1674 with value: 0.38142600678748195.
checkpoint_e33 window_influence: 0.40477313773355167, penalty_k: 0.13932600915374133, scale_lr: 0.59319949862457866, EAO: 0.330
Trial 2113 finished with value: 0.3302337077341191 and parameters: {'window_influence': 0.40477313773355167, 'penalty_k': 0.13932600915374133, 'scale_lr': 0.5931994986245787}. Best is trial 1674 with value: 0.38142600678748195.
checkpoint_e33 window_influence: 0.32008841147809114, penalty_k: 0.11086919893656261, scale_lr: 0.47635686382987397, EAO: 0.300
Trial 2114 finished with value: 0.29992125139858006 and parameters: {'window_influence': 0.32008841147809114, 'penalty_k': 0.11086919893656261, 'scale_lr': 0.47635686382987397}. Best is trial 1674 with value: 0.38142600678748195.
checkpoint_e33 window_influence: 0.21106283845733489, penalty_k: 0.23240003997847697, scale_lr: 0.69153999527233867, EAO: 0.286
Trial 2115 finished with value: 0.2861027438121083 and parameters: {'window_influence': 0.2110628384573349, 'penalty_k': 0.23240003997847697, 'scale_lr': 0.6915399952723387}. Best is trial 1674 with value: 0.38142600678748195.
checkpoint_e33 window_influence: 0.48154446680946056, penalty_k: 0.07331877448964683, scale_lr: 0.38671853852336002, EAO: 0.338
Trial 2116 finished with value: 0.3382483733535277 and parameters: {'window_influence': 0.48154446680946056, 'penalty_k': 0.07331877448964683, 'scale_lr': 0.38671853852336}. Best is trial 1674 with value: 0.38142600678748195.
checkpoint_e33 window_influence: 0.55266742702739047, penalty_k: 0.12845152415051023, scale_lr: 0.15967304196975374, EAO: 0.314
Trial 2117 finished with value: 0.31386550907263033 and parameters: {'window_influence': 0.5526674270273905, 'penalty_k': 0.12845152415051023, 'scale_lr': 0.15967304196975374}. Best is trial 1674 with value: 0.38142600678748195.
checkpoint_e33 window_influence: 0.46485523352289770, penalty_k: 0.52322412301313803, scale_lr: 0.49800252420289937, EAO: 0.312
Trial 2118 finished with value: 0.3123180175685697 and parameters: {'window_influence': 0.4648552335228977, 'penalty_k': 0.523224123013138, 'scale_lr': 0.49800252420289937}. Best is trial 1674 with value: 0.38142600678748195.
checkpoint_e33 window_influence: 0.52396518292999184, penalty_k: 0.00000106457978872, scale_lr: 0.53755038051245441, EAO: 0.323
Trial 2119 finished with value: 0.32251653382518414 and parameters: {'window_influence': 0.5239651829299918, 'penalty_k': 1.0645797887190445e-06, 'scale_lr': 0.5375503805124544}. Best is trial 1674 with value: 0.38142600678748195.
checkpoint_e33 window_influence: 0.49456491844430889, penalty_k: 0.04950012671452839, scale_lr: 0.63422829991985885, EAO: 0.347
Trial 2120 finished with value: 0.34654371109917936 and parameters: {'window_influence': 0.4945649184443089, 'penalty_k': 0.049500126714528386, 'scale_lr': 0.6342282999198589}. Best is trial 1674 with value: 0.38142600678748195.
checkpoint_e33 window_influence: 0.39504052340557200, penalty_k: 0.03077069839347593, scale_lr: 0.72555674839999662, EAO: 0.319
Trial 2121 finished with value: 0.31901861054656105 and parameters: {'window_influence': 0.395040523405572, 'penalty_k': 0.030770698393475935, 'scale_lr': 0.7255567483999966}. Best is trial 1674 with value: 0.38142600678748195.
checkpoint_e33 window_influence: 0.28967759458307984, penalty_k: 0.40598841686488579, scale_lr: 0.45124067344846003, EAO: 0.299
Trial 2122 finished with value: 0.29929139833274054 and parameters: {'window_influence': 0.28967759458307984, 'penalty_k': 0.4059884168648858, 'scale_lr': 0.45124067344846003}. Best is trial 1674 with value: 0.38142600678748195.
checkpoint_e33 window_influence: 0.47930929338005357, penalty_k: 0.26221257214452931, scale_lr: 0.52873364590525329, EAO: 0.336
Trial 2123 finished with value: 0.3363365682878383 and parameters: {'window_influence': 0.47930929338005357, 'penalty_k': 0.2622125721445293, 'scale_lr': 0.5287336459052533}. Best is trial 1674 with value: 0.38142600678748195.
checkpoint_e33 window_influence: 0.17012996317262619, penalty_k: 0.30998675720803193, scale_lr: 0.51097914702186253, EAO: 0.277
Trial 2124 finished with value: 0.2774015277740093 and parameters: {'window_influence': 0.1701299631726262, 'penalty_k': 0.3099867572080319, 'scale_lr': 0.5109791470218625}. Best is trial 1674 with value: 0.38142600678748195.
checkpoint_e33 window_influence: 0.51159756334046524, penalty_k: 0.17294972438945161, scale_lr: 0.57258760530197372, EAO: 0.317
Trial 2125 finished with value: 0.3173605490635341 and parameters: {'window_influence': 0.5115975633404652, 'penalty_k': 0.1729497243894516, 'scale_lr': 0.5725876053019737}. Best is trial 1674 with value: 0.38142600678748195.
checkpoint_e33 window_influence: 0.45445923058699139, penalty_k: 0.06004227245604203, scale_lr: 0.70300757216878440, EAO: 0.315
Trial 2126 finished with value: 0.31472714117760786 and parameters: {'window_influence': 0.4544592305869914, 'penalty_k': 0.06004227245604203, 'scale_lr': 0.7030075721687844}. Best is trial 1674 with value: 0.38142600678748195.
checkpoint_e33 window_influence: 0.49071761515158763, penalty_k: 0.19617676075802876, scale_lr: 0.13121321498986338, EAO: 0.318
Trial 2127 finished with value: 0.3182423243494813 and parameters: {'window_influence': 0.4907176151515876, 'penalty_k': 0.19617676075802876, 'scale_lr': 0.13121321498986338}. Best is trial 1674 with value: 0.38142600678748195.
checkpoint_e33 window_influence: 0.46991752059678032, penalty_k: 0.50482415104492018, scale_lr: 0.65503558529223715, EAO: 0.308
Trial 2128 finished with value: 0.3075735042531203 and parameters: {'window_influence': 0.4699175205967803, 'penalty_k': 0.5048241510449202, 'scale_lr': 0.6550355852922372}. Best is trial 1674 with value: 0.38142600678748195.
checkpoint_e33 window_influence: 0.43832563540242997, penalty_k: 0.15443312374337745, scale_lr: 0.48126684094493399, EAO: 0.344
Trial 2129 finished with value: 0.34385760934436366 and parameters: {'window_influence': 0.43832563540242997, 'penalty_k': 0.15443312374337745, 'scale_lr': 0.481266840944934}. Best is trial 1674 with value: 0.38142600678748195.
checkpoint_e33 window_influence: 0.22690023849420932, penalty_k: 0.27823803443871481, scale_lr: 0.46868936112250342, EAO: 0.302
Trial 2130 finished with value: 0.3020515585687838 and parameters: {'window_influence': 0.22690023849420932, 'penalty_k': 0.2782380344387148, 'scale_lr': 0.4686893611225034}. Best is trial 1674 with value: 0.38142600678748195.
checkpoint_e33 window_influence: 0.35433656225756283, penalty_k: 0.20522273496871057, scale_lr: 0.43050032914386893, EAO: 0.323
Trial 2131 finished with value: 0.32271530145801 and parameters: {'window_influence': 0.3543365622575628, 'penalty_k': 0.20522273496871057, 'scale_lr': 0.43050032914386893}. Best is trial 1674 with value: 0.38142600678748195.
checkpoint_e33 window_influence: 0.50301299463195459, penalty_k: 0.43253889775684251, scale_lr: 0.22597945759753899, EAO: 0.313
Trial 2132 finished with value: 0.3133659361633345 and parameters: {'window_influence': 0.5030129946319546, 'penalty_k': 0.4325388977568425, 'scale_lr': 0.22597945759753899}. Best is trial 1674 with value: 0.38142600678748195.
checkpoint_e33 window_influence: 0.59712416572307370, penalty_k: 0.59247500602873215, scale_lr: 0.55573550085437040, EAO: 0.237
Trial 2133 finished with value: 0.2372077511558273 and parameters: {'window_influence': 0.5971241657230737, 'penalty_k': 0.5924750060287322, 'scale_lr': 0.5557355008543704}. Best is trial 1674 with value: 0.38142600678748195.
checkpoint_e33 window_influence: 0.42492411333311519, penalty_k: 0.03981389241074640, scale_lr: 0.29430094050862327, EAO: 0.322
Trial 2134 finished with value: 0.3220054207492895 and parameters: {'window_influence': 0.4249241133331152, 'penalty_k': 0.0398138924107464, 'scale_lr': 0.29430094050862327}. Best is trial 1674 with value: 0.38142600678748195.
checkpoint_e33 window_influence: 0.48561409536812650, penalty_k: 0.47652809461941126, scale_lr: 0.23901538185144561, EAO: 0.285
Trial 2135 finished with value: 0.2852235147693278 and parameters: {'window_influence': 0.4856140953681265, 'penalty_k': 0.47652809461941126, 'scale_lr': 0.2390153818514456}. Best is trial 1674 with value: 0.38142600678748195.
checkpoint_e33 window_influence: 0.45737284754744822, penalty_k: 0.08278395961135995, scale_lr: 0.41723530809301151, EAO: 0.332
Trial 2136 finished with value: 0.33202543703962395 and parameters: {'window_influence': 0.4573728475474482, 'penalty_k': 0.08278395961135995, 'scale_lr': 0.4172353080930115}. Best is trial 1674 with value: 0.38142600678748195.
checkpoint_e33 window_influence: 0.11941261481489340, penalty_k: 0.56980822734691927, scale_lr: 0.49548434318023221, EAO: 0.260
