Trial 682 finished with value: 0.3424439354861293 and parameters: {'window_influence': 0.42084257653561435, 'penalty_k': 0.24402091132452366, 'scale_lr': 0.49439111131493785}. Best is trial 62 with value: 0.3726749919963718.
checkpoint_e29 window_influence: 0.25977717410924039, penalty_k: 0.40470924020495880, scale_lr: 0.24896090830177461, EAO: 0.296
Trial 683 finished with value: 0.29627495528659004 and parameters: {'window_influence': 0.2597771741092404, 'penalty_k': 0.4047092402049588, 'scale_lr': 0.2489609083017746}. Best is trial 62 with value: 0.3726749919963718.
checkpoint_e29 window_influence: 0.41120720966958751, penalty_k: 0.27825034351866756, scale_lr: 0.48460543476469375, EAO: 0.327
Trial 684 finished with value: 0.3265562640205895 and parameters: {'window_influence': 0.4112072096695875, 'penalty_k': 0.27825034351866756, 'scale_lr': 0.48460543476469375}. Best is trial 62 with value: 0.3726749919963718.
checkpoint_e29 window_influence: 0.59286145410464119, penalty_k: 0.01001113189835061, scale_lr: 0.50632923418868159, EAO: 0.286
Trial 685 finished with value: 0.2857759389084137 and parameters: {'window_influence': 0.5928614541046412, 'penalty_k': 0.010011131898350609, 'scale_lr': 0.5063292341886816}. Best is trial 62 with value: 0.3726749919963718.
checkpoint_e29 window_influence: 0.30430881057692999, penalty_k: 0.18287506838112313, scale_lr: 0.38094750210345318, EAO: 0.291
Trial 686 finished with value: 0.2914750563263429 and parameters: {'window_influence': 0.30430881057693, 'penalty_k': 0.18287506838112313, 'scale_lr': 0.3809475021034532}. Best is trial 62 with value: 0.3726749919963718.
checkpoint_e29 window_influence: 0.46553123744585012, penalty_k: 0.06078828316031550, scale_lr: 0.19589502985195026, EAO: 0.340
Trial 687 finished with value: 0.34041521370642847 and parameters: {'window_influence': 0.4655312374458501, 'penalty_k': 0.0607882831603155, 'scale_lr': 0.19589502985195026}. Best is trial 62 with value: 0.3726749919963718.
checkpoint_e29 window_influence: 0.56146547715430528, penalty_k: 0.11486412004520569, scale_lr: 0.68133459505855087, EAO: 0.282
Trial 688 finished with value: 0.2819460915684236 and parameters: {'window_influence': 0.5614654771543053, 'penalty_k': 0.11486412004520569, 'scale_lr': 0.6813345950585509}. Best is trial 62 with value: 0.3726749919963718.
checkpoint_e29 window_influence: 0.44638038821512815, penalty_k: 0.09287557803342361, scale_lr: 0.16237808108650234, EAO: 0.328
Trial 689 finished with value: 0.3276149661276591 and parameters: {'window_influence': 0.44638038821512815, 'penalty_k': 0.09287557803342361, 'scale_lr': 0.16237808108650234}. Best is trial 62 with value: 0.3726749919963718.
checkpoint_e29 window_influence: 0.51801529938351409, penalty_k: 0.42848702850692499, scale_lr: 0.45535563124638340, EAO: 0.304
Trial 690 finished with value: 0.30397765135486765 and parameters: {'window_influence': 0.5180152993835141, 'penalty_k': 0.428487028506925, 'scale_lr': 0.4553556312463834}. Best is trial 62 with value: 0.3726749919963718.
checkpoint_e29 window_influence: 0.49898888584425299, penalty_k: 0.07596635847184326, scale_lr: 0.10018563413874773, EAO: 0.328
Trial 691 finished with value: 0.3277479199120043 and parameters: {'window_influence': 0.498988885844253, 'penalty_k': 0.07596635847184326, 'scale_lr': 0.10018563413874773}. Best is trial 62 with value: 0.3726749919963718.
checkpoint_e29 window_influence: 0.48907111853216073, penalty_k: 0.34853491283661830, scale_lr: 0.29405566942351580, EAO: 0.334
Trial 692 finished with value: 0.3343295925786059 and parameters: {'window_influence': 0.48907111853216073, 'penalty_k': 0.3485349128366183, 'scale_lr': 0.2940556694235158}. Best is trial 62 with value: 0.3726749919963718.
checkpoint_e29 window_influence: 0.51200326848880806, penalty_k: 0.03997020058204050, scale_lr: 0.73889585742607866, EAO: 0.324
Trial 693 finished with value: 0.32444236778331637 and parameters: {'window_influence': 0.5120032684888081, 'penalty_k': 0.0399702005820405, 'scale_lr': 0.7388958574260787}. Best is trial 62 with value: 0.3726749919963718.
checkpoint_e29 window_influence: 0.61042351837672060, penalty_k: 0.05659399624632584, scale_lr: 0.22629549190432899, EAO: 0.272
Trial 694 finished with value: 0.27232522201445314 and parameters: {'window_influence': 0.6104235183767206, 'penalty_k': 0.05659399624632584, 'scale_lr': 0.226295491904329}. Best is trial 62 with value: 0.3726749919963718.
checkpoint_e29 window_influence: 0.47320431216987746, penalty_k: 0.08181036678411355, scale_lr: 0.52896948456075654, EAO: 0.335
Trial 695 finished with value: 0.33501527293183 and parameters: {'window_influence': 0.47320431216987746, 'penalty_k': 0.08181036678411355, 'scale_lr': 0.5289694845607565}. Best is trial 62 with value: 0.3726749919963718.
checkpoint_e29 window_influence: 0.54044913950048146, penalty_k: 0.09734156742415903, scale_lr: 0.46948165162428945, EAO: 0.305
Trial 696 finished with value: 0.30547972139449436 and parameters: {'window_influence': 0.5404491395004815, 'penalty_k': 0.09734156742415903, 'scale_lr': 0.46948165162428945}. Best is trial 62 with value: 0.3726749919963718.
checkpoint_e29 window_influence: 0.22037392521515095, penalty_k: 0.40528074210009107, scale_lr: 0.20396154300420982, EAO: 0.276
Trial 697 finished with value: 0.27623146523065606 and parameters: {'window_influence': 0.22037392521515095, 'penalty_k': 0.4052807421000911, 'scale_lr': 0.20396154300420982}. Best is trial 62 with value: 0.3726749919963718.
checkpoint_e29 window_influence: 0.40244259421503426, penalty_k: 0.12112614220602655, scale_lr: 0.44317920799699329, EAO: 0.306
Trial 698 finished with value: 0.3057482331875233 and parameters: {'window_influence': 0.40244259421503426, 'penalty_k': 0.12112614220602655, 'scale_lr': 0.4431792079969933}. Best is trial 62 with value: 0.3726749919963718.
checkpoint_e29 window_influence: 0.45530495812093008, penalty_k: 0.06825806227398108, scale_lr: 0.51344887763993330, EAO: 0.336
Trial 699 finished with value: 0.3358842979841195 and parameters: {'window_influence': 0.4553049581209301, 'penalty_k': 0.06825806227398108, 'scale_lr': 0.5134488776399333}. Best is trial 62 with value: 0.3726749919963718.
checkpoint_e29 window_influence: 0.27135504854656772, penalty_k: 0.43372950822421436, scale_lr: 0.17933175887400257, EAO: 0.305
Trial 700 finished with value: 0.30509274786316465 and parameters: {'window_influence': 0.2713550485465677, 'penalty_k': 0.43372950822421436, 'scale_lr': 0.17933175887400257}. Best is trial 62 with value: 0.3726749919963718.
checkpoint_e29 window_influence: 0.52501137062518011, penalty_k: 0.05002476246765281, scale_lr: 0.24144691537436938, EAO: 0.323
Trial 701 finished with value: 0.3232013105998243 and parameters: {'window_influence': 0.5250113706251801, 'penalty_k': 0.05002476246765281, 'scale_lr': 0.24144691537436938}. Best is trial 62 with value: 0.3726749919963718.
checkpoint_e29 window_influence: 0.50058988138237781, penalty_k: 0.14570795078124188, scale_lr: 0.27162399723969488, EAO: 0.352
Trial 702 finished with value: 0.3517531642422138 and parameters: {'window_influence': 0.5005898813823778, 'penalty_k': 0.14570795078124188, 'scale_lr': 0.2716239972396949}. Best is trial 62 with value: 0.3726749919963718.
checkpoint_e29 window_influence: 0.15081267082618680, penalty_k: 0.03027039825818908, scale_lr: 0.33612076311547778, EAO: 0.272
Trial 703 finished with value: 0.2723406270320313 and parameters: {'window_influence': 0.1508126708261868, 'penalty_k': 0.03027039825818908, 'scale_lr': 0.3361207631154778}. Best is trial 62 with value: 0.3726749919963718.
checkpoint_e29 window_influence: 0.48404845362309529, penalty_k: 0.08546548774544256, scale_lr: 0.13489152762379433, EAO: 0.348
Trial 704 finished with value: 0.3475572481925385 and parameters: {'window_influence': 0.4840484536230953, 'penalty_k': 0.08546548774544256, 'scale_lr': 0.13489152762379433}. Best is trial 62 with value: 0.3726749919963718.
checkpoint_e29 window_influence: 0.31672410961199005, penalty_k: 0.40828716325374759, scale_lr: 0.43463742033161412, EAO: 0.313
Trial 705 finished with value: 0.3131367274875307 and parameters: {'window_influence': 0.31672410961199005, 'penalty_k': 0.4082871632537476, 'scale_lr': 0.4346374203316141}. Best is trial 62 with value: 0.3726749919963718.
checkpoint_e29 window_influence: 0.43985424742913476, penalty_k: 0.35977084007545845, scale_lr: 0.36998396479181883, EAO: 0.330
Trial 706 finished with value: 0.329704800294531 and parameters: {'window_influence': 0.43985424742913476, 'penalty_k': 0.35977084007545845, 'scale_lr': 0.36998396479181883}. Best is trial 62 with value: 0.3726749919963718.
checkpoint_e29 window_influence: 0.50892690971230359, penalty_k: 0.25129720507682141, scale_lr: 0.14620717675705386, EAO: 0.315
Trial 707 finished with value: 0.3152803243482159 and parameters: {'window_influence': 0.5089269097123036, 'penalty_k': 0.2512972050768214, 'scale_lr': 0.14620717675705386}. Best is trial 62 with value: 0.3726749919963718.
checkpoint_e29 window_influence: 0.46735795175144207, penalty_k: 0.17250046364812160, scale_lr: 0.11933096214048562, EAO: 0.334
Trial 708 finished with value: 0.33375037771718513 and parameters: {'window_influence': 0.46735795175144207, 'penalty_k': 0.1725004636481216, 'scale_lr': 0.11933096214048562}. Best is trial 62 with value: 0.3726749919963718.
checkpoint_e29 window_influence: 0.49006693561534576, penalty_k: 0.06829092191144881, scale_lr: 0.74757222104931231, EAO: 0.336
Trial 709 finished with value: 0.3362851452502759 and parameters: {'window_influence': 0.49006693561534576, 'penalty_k': 0.06829092191144881, 'scale_lr': 0.7475722210493123}. Best is trial 62 with value: 0.3726749919963718.
checkpoint_e29 window_influence: 0.36387407450780879, penalty_k: 0.10604218444046234, scale_lr: 0.26130038466249261, EAO: 0.325
Trial 710 finished with value: 0.3250853737620528 and parameters: {'window_influence': 0.3638740745078088, 'penalty_k': 0.10604218444046234, 'scale_lr': 0.2613003846624926}. Best is trial 62 with value: 0.3726749919963718.
checkpoint_e29 window_influence: 0.49896290220374945, penalty_k: 0.45232384610130277, scale_lr: 0.48421572808790903, EAO: 0.288
Trial 711 finished with value: 0.28837032940833024 and parameters: {'window_influence': 0.49896290220374945, 'penalty_k': 0.4523238461013028, 'scale_lr': 0.484215728087909}. Best is trial 62 with value: 0.3726749919963718.
checkpoint_e29 window_influence: 0.16534519564521405, penalty_k: 0.20051411330354921, scale_lr: 0.71183164352081074, EAO: 0.303
Trial 712 finished with value: 0.30297864474906994 and parameters: {'window_influence': 0.16534519564521405, 'penalty_k': 0.2005141133035492, 'scale_lr': 0.7118316435208107}. Best is trial 62 with value: 0.3726749919963718.
checkpoint_e29 window_influence: 0.24524554938235865, penalty_k: 0.01769117733616554, scale_lr: 0.21236781826169168, EAO: 0.305
Trial 713 finished with value: 0.3045229755834847 and parameters: {'window_influence': 0.24524554938235865, 'penalty_k': 0.017691177336165535, 'scale_lr': 0.21236781826169168}. Best is trial 62 with value: 0.3726749919963718.
checkpoint_e29 window_influence: 0.47758993089689977, penalty_k: 0.04179060836892723, scale_lr: 0.46064451377600368, EAO: 0.331
Trial 714 finished with value: 0.33065298414183963 and parameters: {'window_influence': 0.4775899308968998, 'penalty_k': 0.04179060836892723, 'scale_lr': 0.4606445137760037}. Best is trial 62 with value: 0.3726749919963718.
checkpoint_e29 window_influence: 0.51749166166549354, penalty_k: 0.05888258067171724, scale_lr: 0.53429370025310874, EAO: 0.353
Trial 715 finished with value: 0.3531311044201313 and parameters: {'window_influence': 0.5174916616654935, 'penalty_k': 0.05888258067171724, 'scale_lr': 0.5342937002531087}. Best is trial 62 with value: 0.3726749919963718.
checkpoint_e29 window_influence: 0.52918183729133916, penalty_k: 0.09244502746017333, scale_lr: 0.28194111211824802, EAO: 0.323
Trial 716 finished with value: 0.3232661459000658 and parameters: {'window_influence': 0.5291818372913392, 'penalty_k': 0.09244502746017333, 'scale_lr': 0.281941112118248}. Best is trial 62 with value: 0.3726749919963718.
checkpoint_e29 window_influence: 0.45831529853572778, penalty_k: 0.15575578147210994, scale_lr: 0.23565381649394876, EAO: 0.345
Trial 717 finished with value: 0.3452835865753634 and parameters: {'window_influence': 0.4583152985357278, 'penalty_k': 0.15575578147210994, 'scale_lr': 0.23565381649394876}. Best is trial 62 with value: 0.3726749919963718.
checkpoint_e29 window_influence: 0.49229900184867303, penalty_k: 0.59209793819000001, scale_lr: 0.65695093950133854, EAO: 0.301
Trial 718 finished with value: 0.30063787711501583 and parameters: {'window_influence': 0.49229900184867303, 'penalty_k': 0.59209793819, 'scale_lr': 0.6569509395013385}. Best is trial 62 with value: 0.3726749919963718.
checkpoint_e29 window_influence: 0.37972537234566389, penalty_k: 0.08275492597261756, scale_lr: 0.30997806804459727, EAO: 0.330
Trial 719 finished with value: 0.33035299460247797 and parameters: {'window_influence': 0.3797253723456639, 'penalty_k': 0.08275492597261756, 'scale_lr': 0.30997806804459727}. Best is trial 62 with value: 0.3726749919963718.
checkpoint_e29 window_influence: 0.50452094074940801, penalty_k: 0.00504952038191665, scale_lr: 0.10010829009218983, EAO: 0.353
Trial 720 finished with value: 0.353054123050044 and parameters: {'window_influence': 0.504520940749408, 'penalty_k': 0.005049520381916653, 'scale_lr': 0.10010829009218983}. Best is trial 62 with value: 0.3726749919963718.
checkpoint_e29 window_influence: 0.60489877298714778, penalty_k: 0.13177978589705391, scale_lr: 0.42699175563785113, EAO: 0.253
Trial 721 finished with value: 0.2530511730723808 and parameters: {'window_influence': 0.6048987729871478, 'penalty_k': 0.1317797858970539, 'scale_lr': 0.42699175563785113}. Best is trial 62 with value: 0.3726749919963718.
checkpoint_e29 window_influence: 0.55473754193800928, penalty_k: 0.04968554779845852, scale_lr: 0.77638659706646895, EAO: 0.281
Trial 722 finished with value: 0.28052399739449124 and parameters: {'window_influence': 0.5547375419380093, 'penalty_k': 0.04968554779845852, 'scale_lr': 0.776386597066469}. Best is trial 62 with value: 0.3726749919963718.
checkpoint_e29 window_influence: 0.58032641745543900, penalty_k: 0.37741636552069774, scale_lr: 0.19660638488078830, EAO: 0.281
Trial 723 finished with value: 0.28084631270007865 and parameters: {'window_influence': 0.580326417455439, 'penalty_k': 0.37741636552069774, 'scale_lr': 0.1966063848807883}. Best is trial 62 with value: 0.3726749919963718.
checkpoint_e29 window_influence: 0.43467099992279734, penalty_k: 0.07454316200218292, scale_lr: 0.15618559979139623, EAO: 0.360
Trial 724 finished with value: 0.3595832859959584 and parameters: {'window_influence': 0.43467099992279734, 'penalty_k': 0.07454316200218292, 'scale_lr': 0.15618559979139623}. Best is trial 62 with value: 0.3726749919963718.
checkpoint_e29 window_influence: 0.41492051930347085, penalty_k: 0.07540672070606574, scale_lr: 0.15163658774657476, EAO: 0.339
Trial 725 finished with value: 0.3388307470291969 and parameters: {'window_influence': 0.41492051930347085, 'penalty_k': 0.07540672070606574, 'scale_lr': 0.15163658774657476}. Best is trial 62 with value: 0.3726749919963718.
checkpoint_e29 window_influence: 0.13196652871413259, penalty_k: 0.09897664905725433, scale_lr: 0.13678340337321881, EAO: 0.266
Trial 726 finished with value: 0.26602769883690175 and parameters: {'window_influence': 0.13196652871413259, 'penalty_k': 0.09897664905725433, 'scale_lr': 0.13678340337321881}. Best is trial 62 with value: 0.3726749919963718.
checkpoint_e29 window_influence: 0.43256270150129028, penalty_k: 0.07071426055789949, scale_lr: 0.12401299078830459, EAO: 0.353
Trial 727 finished with value: 0.35273212577118485 and parameters: {'window_influence': 0.4325627015012903, 'penalty_k': 0.07071426055789949, 'scale_lr': 0.12401299078830459}. Best is trial 62 with value: 0.3726749919963718.
checkpoint_e29 window_influence: 0.44895100212002448, penalty_k: 0.08934520732329664, scale_lr: 0.49784803230731561, EAO: 0.339
Trial 728 finished with value: 0.338888789777162 and parameters: {'window_influence': 0.4489510021200245, 'penalty_k': 0.08934520732329664, 'scale_lr': 0.4978480323073156}. Best is trial 62 with value: 0.3726749919963718.
checkpoint_e29 window_influence: 0.08422913850630787, penalty_k: 0.11381549688517206, scale_lr: 0.16943883287120057, EAO: 0.259
Trial 729 finished with value: 0.2593700265953977 and parameters: {'window_influence': 0.08422913850630787, 'penalty_k': 0.11381549688517206, 'scale_lr': 0.16943883287120057}. Best is trial 62 with value: 0.3726749919963718.
checkpoint_e29 window_influence: 0.42746260585553281, penalty_k: 0.07991680802193538, scale_lr: 0.40538387839665818, EAO: 0.320
Trial 730 finished with value: 0.31972692906856537 and parameters: {'window_influence': 0.4274626058555328, 'penalty_k': 0.07991680802193538, 'scale_lr': 0.4053838783966582}. Best is trial 62 with value: 0.3726749919963718.
checkpoint_e29 window_influence: 0.26484184244803571, penalty_k: 0.06611828574817194, scale_lr: 0.67411708008556948, EAO: 0.305
Trial 731 finished with value: 0.3046085520245222 and parameters: {'window_influence': 0.2648418424480357, 'penalty_k': 0.06611828574817194, 'scale_lr': 0.6741170800855695}. Best is trial 62 with value: 0.3726749919963718.
checkpoint_e29 window_influence: 0.42311412955865535, penalty_k: 0.10266995070609757, scale_lr: 0.51699203472299116, EAO: 0.333
Trial 732 finished with value: 0.33310244913694925 and parameters: {'window_influence': 0.42311412955865535, 'penalty_k': 0.10266995070609757, 'scale_lr': 0.5169920347229912}. Best is trial 62 with value: 0.3726749919963718.
checkpoint_e29 window_influence: 0.51512812634080096, penalty_k: 0.41895656416131588, scale_lr: 0.15891669136903633, EAO: 0.286
Trial 733 finished with value: 0.2858676452928944 and parameters: {'window_influence': 0.515128126340801, 'penalty_k': 0.4189565641613159, 'scale_lr': 0.15891669136903633}. Best is trial 62 with value: 0.3726749919963718.
checkpoint_e29 window_influence: 0.52484721367287523, penalty_k: 0.08299035887497853, scale_lr: 0.45126649279315678, EAO: 0.322
Trial 734 finished with value: 0.32241229765146157 and parameters: {'window_influence': 0.5248472136728752, 'penalty_k': 0.08299035887497853, 'scale_lr': 0.4512664927931568}. Best is trial 62 with value: 0.3726749919963718.
checkpoint_e29 window_influence: 0.48233187399173433, penalty_k: 0.22773340723457353, scale_lr: 0.47535340018612410, EAO: 0.349
Trial 735 finished with value: 0.34906725602855015 and parameters: {'window_influence': 0.48233187399173433, 'penalty_k': 0.22773340723457353, 'scale_lr': 0.4753534001861241}. Best is trial 62 with value: 0.3726749919963718.
checkpoint_e29 window_influence: 0.28848104347247927, penalty_k: 0.06229507507568817, scale_lr: 0.70115909531048681, EAO: 0.299
Trial 736 finished with value: 0.2990636284597189 and parameters: {'window_influence': 0.28848104347247927, 'penalty_k': 0.06229507507568817, 'scale_lr': 0.7011590953104868}. Best is trial 62 with value: 0.3726749919963718.
checkpoint_e29 window_influence: 0.54096514949566277, penalty_k: 0.09444314967286220, scale_lr: 0.35893433028928723, EAO: 0.299
Trial 737 finished with value: 0.29938035780121847 and parameters: {'window_influence': 0.5409651494956628, 'penalty_k': 0.0944431496728622, 'scale_lr': 0.35893433028928723}. Best is trial 62 with value: 0.3726749919963718.
checkpoint_e29 window_influence: 0.44571342441758521, penalty_k: 0.39888449842294699, scale_lr: 0.68973164832450296, EAO: 0.322
Trial 738 finished with value: 0.32211686375076204 and parameters: {'window_influence': 0.4457134244175852, 'penalty_k': 0.398884498422947, 'scale_lr': 0.689731648324503}. Best is trial 62 with value: 0.3726749919963718.
checkpoint_e29 window_influence: 0.40091825790507107, penalty_k: 0.12497822379198706, scale_lr: 0.32537691917928735, EAO: 0.308
Trial 739 finished with value: 0.3076605698245973 and parameters: {'window_influence': 0.4009182579050711, 'penalty_k': 0.12497822379198706, 'scale_lr': 0.32537691917928735}. Best is trial 62 with value: 0.3726749919963718.
checkpoint_e29 window_influence: 0.50504716902895208, penalty_k: 0.07524482147291703, scale_lr: 0.54239497613375764, EAO: 0.337
Trial 740 finished with value: 0.33665664395469636 and parameters: {'window_influence': 0.5050471690289521, 'penalty_k': 0.07524482147291703, 'scale_lr': 0.5423949761337576}. Best is trial 62 with value: 0.3726749919963718.
checkpoint_e29 window_influence: 0.43870975768835208, penalty_k: 0.05401174917621987, scale_lr: 0.64201020860707014, EAO: 0.316
Trial 741 finished with value: 0.3160588165549453 and parameters: {'window_influence': 0.4387097576883521, 'penalty_k': 0.05401174917621987, 'scale_lr': 0.6420102086070701}. Best is trial 62 with value: 0.3726749919963718.
checkpoint_e29 window_influence: 0.49410557351391210, penalty_k: 0.10983061997768803, scale_lr: 0.46905924958017459, EAO: 0.354
Trial 742 finished with value: 0.3541183102919434 and parameters: {'window_influence': 0.4941055735139121, 'penalty_k': 0.10983061997768803, 'scale_lr': 0.4690592495801746}. Best is trial 62 with value: 0.3726749919963718.
checkpoint_e29 window_influence: 0.51157219115946462, penalty_k: 0.35059591772519277, scale_lr: 0.43465783365069360, EAO: 0.309
Trial 743 finished with value: 0.30864845077119446 and parameters: {'window_influence': 0.5115721911594646, 'penalty_k': 0.3505959177251928, 'scale_lr': 0.4346578336506936}. Best is trial 62 with value: 0.3726749919963718.
checkpoint_e29 window_influence: 0.47493061629321992, penalty_k: 0.00049871562605722, scale_lr: 0.13176327729320284, EAO: 0.332
