Trial 496 finished with value: 0.35157141669251113 and parameters: {'window_influence': 0.4642461490324954, 'penalty_k': 0.09877851570389894, 'scale_lr': 0.42173358337413985}. Best is trial 62 with value: 0.3726749919963718.
checkpoint_e29 window_influence: 0.06487183465087043, penalty_k: 0.05836291762404864, scale_lr: 0.43146283746402958, EAO: 0.241
Trial 497 finished with value: 0.24060291196817554 and parameters: {'window_influence': 0.06487183465087043, 'penalty_k': 0.05836291762404864, 'scale_lr': 0.4314628374640296}. Best is trial 62 with value: 0.3726749919963718.
checkpoint_e29 window_influence: 0.50554667704009681, penalty_k: 0.07631761905563844, scale_lr: 0.40209789397146456, EAO: 0.334
Trial 498 finished with value: 0.3339455492417636 and parameters: {'window_influence': 0.5055466770400968, 'penalty_k': 0.07631761905563844, 'scale_lr': 0.40209789397146456}. Best is trial 62 with value: 0.3726749919963718.
checkpoint_e29 window_influence: 0.21522019106872245, penalty_k: 0.04984312397528003, scale_lr: 0.41010352433967434, EAO: 0.289
Trial 499 finished with value: 0.2894213021033469 and parameters: {'window_influence': 0.21522019106872245, 'penalty_k': 0.049843123975280026, 'scale_lr': 0.41010352433967434}. Best is trial 62 with value: 0.3726749919963718.
checkpoint_e29 window_influence: 0.49194124821640967, penalty_k: 0.23611673588055826, scale_lr: 0.45703912135521835, EAO: 0.331
Trial 500 finished with value: 0.3309667231043953 and parameters: {'window_influence': 0.49194124821640967, 'penalty_k': 0.23611673588055826, 'scale_lr': 0.45703912135521835}. Best is trial 62 with value: 0.3726749919963718.
checkpoint_e29 window_influence: 0.34973980670818255, penalty_k: 0.28225021370290720, scale_lr: 0.44841583415895414, EAO: 0.331
Trial 501 finished with value: 0.33116087711738706 and parameters: {'window_influence': 0.34973980670818255, 'penalty_k': 0.2822502137029072, 'scale_lr': 0.44841583415895414}. Best is trial 62 with value: 0.3726749919963718.
checkpoint_e29 window_influence: 0.51935576767088332, penalty_k: 0.06491885789196442, scale_lr: 0.67997214150581931, EAO: 0.311
Trial 502 finished with value: 0.31111696461063415 and parameters: {'window_influence': 0.5193557676708833, 'penalty_k': 0.06491885789196442, 'scale_lr': 0.6799721415058193}. Best is trial 62 with value: 0.3726749919963718.
checkpoint_e29 window_influence: 0.48042154332118475, penalty_k: 0.25770448388519618, scale_lr: 0.42104541421480213, EAO: 0.339
Trial 503 finished with value: 0.33853293114599087 and parameters: {'window_influence': 0.48042154332118475, 'penalty_k': 0.2577044838851962, 'scale_lr': 0.4210454142148021}. Best is trial 62 with value: 0.3726749919963718.
checkpoint_e29 window_influence: 0.50361797467452574, penalty_k: 0.08842916908601692, scale_lr: 0.48116498433449334, EAO: 0.334
Trial 504 finished with value: 0.3339862784059131 and parameters: {'window_influence': 0.5036179746745257, 'penalty_k': 0.08842916908601692, 'scale_lr': 0.48116498433449334}. Best is trial 62 with value: 0.3726749919963718.
checkpoint_e29 window_influence: 0.51276416195008268, penalty_k: 0.04282207219956376, scale_lr: 0.69787637010212145, EAO: 0.349
Trial 505 finished with value: 0.3486540725722851 and parameters: {'window_influence': 0.5127641619500827, 'penalty_k': 0.04282207219956376, 'scale_lr': 0.6978763701021214}. Best is trial 62 with value: 0.3726749919963718.
checkpoint_e29 window_influence: 0.54856842601969202, penalty_k: 0.13865688549129371, scale_lr: 0.65638874154880411, EAO: 0.284
Trial 506 finished with value: 0.2841083305355176 and parameters: {'window_influence': 0.548568426019692, 'penalty_k': 0.1386568854912937, 'scale_lr': 0.6563887415488041}. Best is trial 62 with value: 0.3726749919963718.
checkpoint_e29 window_influence: 0.49476259965267050, penalty_k: 0.10308843317071026, scale_lr: 0.47015519667781419, EAO: 0.348
Trial 507 finished with value: 0.34804568807902503 and parameters: {'window_influence': 0.4947625996526705, 'penalty_k': 0.10308843317071026, 'scale_lr': 0.4701551966778142}. Best is trial 62 with value: 0.3726749919963718.
checkpoint_e29 window_influence: 0.47250996611064644, penalty_k: 0.07682730916744794, scale_lr: 0.42972449242431010, EAO: 0.342
Trial 508 finished with value: 0.34219647567095923 and parameters: {'window_influence': 0.47250996611064644, 'penalty_k': 0.07682730916744794, 'scale_lr': 0.4297244924243101}. Best is trial 62 with value: 0.3726749919963718.
checkpoint_e29 window_influence: 0.53403011905864506, penalty_k: 0.19046587163754133, scale_lr: 0.59661413133432328, EAO: 0.305
Trial 509 finished with value: 0.304663659881525 and parameters: {'window_influence': 0.5340301190586451, 'penalty_k': 0.19046587163754133, 'scale_lr': 0.5966141313343233}. Best is trial 62 with value: 0.3726749919963718.
checkpoint_e29 window_influence: 0.45322316040340832, penalty_k: 0.05711850251872948, scale_lr: 0.28548349019282793, EAO: 0.339
Trial 510 finished with value: 0.3392317571064841 and parameters: {'window_influence': 0.4532231604034083, 'penalty_k': 0.05711850251872948, 'scale_lr': 0.2854834901928279}. Best is trial 62 with value: 0.3726749919963718.
checkpoint_e29 window_influence: 0.23285975479896887, penalty_k: 0.02883253856023887, scale_lr: 0.73629839019899090, EAO: 0.286
Trial 511 finished with value: 0.2862426203164609 and parameters: {'window_influence': 0.23285975479896887, 'penalty_k': 0.02883253856023887, 'scale_lr': 0.7362983901989909}. Best is trial 62 with value: 0.3726749919963718.
checkpoint_e29 window_influence: 0.28852316095415181, penalty_k: 0.09283213230395716, scale_lr: 0.52986358153617752, EAO: 0.306
Trial 512 finished with value: 0.3058121585892332 and parameters: {'window_influence': 0.2885231609541518, 'penalty_k': 0.09283213230395716, 'scale_lr': 0.5298635815361775}. Best is trial 62 with value: 0.3726749919963718.
checkpoint_e29 window_influence: 0.42677311585216493, penalty_k: 0.04150443361536506, scale_lr: 0.50453429467375610, EAO: 0.317
Trial 513 finished with value: 0.3170783706444247 and parameters: {'window_influence': 0.42677311585216493, 'penalty_k': 0.04150443361536506, 'scale_lr': 0.5045342946737561}. Best is trial 62 with value: 0.3726749919963718.
checkpoint_e29 window_influence: 0.48600787036222270, penalty_k: 0.06525669364369749, scale_lr: 0.61316766734038275, EAO: 0.352
Trial 514 finished with value: 0.35171155764898904 and parameters: {'window_influence': 0.4860078703622227, 'penalty_k': 0.06525669364369749, 'scale_lr': 0.6131676673403827}. Best is trial 62 with value: 0.3726749919963718.
checkpoint_e29 window_influence: 0.59326427536450510, penalty_k: 0.36939802148553619, scale_lr: 0.39062700006493029, EAO: 0.264
Trial 515 finished with value: 0.2636759686446839 and parameters: {'window_influence': 0.5932642753645051, 'penalty_k': 0.3693980214855362, 'scale_lr': 0.3906270000649303}. Best is trial 62 with value: 0.3726749919963718.
checkpoint_e29 window_influence: 0.62626786790638134, penalty_k: 0.08435944690160282, scale_lr: 0.37698810200881511, EAO: 0.256
Trial 516 finished with value: 0.2563482322349623 and parameters: {'window_influence': 0.6262678679063813, 'penalty_k': 0.08435944690160282, 'scale_lr': 0.3769881020088151}. Best is trial 62 with value: 0.3726749919963718.
checkpoint_e29 window_influence: 0.52253136506031228, penalty_k: 0.11573004854925424, scale_lr: 0.26417373615281670, EAO: 0.313
Trial 517 finished with value: 0.313373024129682 and parameters: {'window_influence': 0.5225313650603123, 'penalty_k': 0.11573004854925424, 'scale_lr': 0.2641737361528167}. Best is trial 62 with value: 0.3726749919963718.
checkpoint_e29 window_influence: 0.31345062631454518, penalty_k: 0.24967161238970390, scale_lr: 0.44772629421710658, EAO: 0.303
Trial 518 finished with value: 0.3030836325907058 and parameters: {'window_influence': 0.3134506263145452, 'penalty_k': 0.2496716123897039, 'scale_lr': 0.4477262942171066}. Best is trial 62 with value: 0.3726749919963718.
checkpoint_e29 window_influence: 0.50043573272072195, penalty_k: 0.05322125836350478, scale_lr: 0.63018444237548643, EAO: 0.321
Trial 519 finished with value: 0.3205067453333376 and parameters: {'window_influence': 0.500435732720722, 'penalty_k': 0.053221258363504775, 'scale_lr': 0.6301844423754864}. Best is trial 62 with value: 0.3726749919963718.
checkpoint_e29 window_influence: 0.51061736823409831, penalty_k: 0.07689870894153608, scale_lr: 0.57556000683758890, EAO: 0.322
Trial 520 finished with value: 0.3218868151597012 and parameters: {'window_influence': 0.5106173682340983, 'penalty_k': 0.07689870894153608, 'scale_lr': 0.5755600068375889}. Best is trial 62 with value: 0.3726749919963718.
checkpoint_e29 window_influence: 0.48692004572994235, penalty_k: 0.16421832296133435, scale_lr: 0.46069988077440838, EAO: 0.337
Trial 521 finished with value: 0.3373531180828926 and parameters: {'window_influence': 0.48692004572994235, 'penalty_k': 0.16421832296133435, 'scale_lr': 0.4606998807744084}. Best is trial 62 with value: 0.3726749919963718.
checkpoint_e29 window_influence: 0.06926053951136352, penalty_k: 0.06762567294111176, scale_lr: 0.43588933719608397, EAO: 0.249
Trial 522 finished with value: 0.2488527936926148 and parameters: {'window_influence': 0.06926053951136352, 'penalty_k': 0.06762567294111176, 'scale_lr': 0.43588933719608397}. Best is trial 62 with value: 0.3726749919963718.
checkpoint_e29 window_influence: 0.37148605542894775, penalty_k: 0.38429083032240097, scale_lr: 0.78781018823493920, EAO: 0.313
Trial 523 finished with value: 0.31310757948266854 and parameters: {'window_influence': 0.37148605542894775, 'penalty_k': 0.38429083032240097, 'scale_lr': 0.7878101882349392}. Best is trial 62 with value: 0.3726749919963718.
checkpoint_e29 window_influence: 0.46630422286064732, penalty_k: 0.03743624969724207, scale_lr: 0.23627012899152813, EAO: 0.354
Trial 524 finished with value: 0.35402739639412106 and parameters: {'window_influence': 0.4663042228606473, 'penalty_k': 0.037436249697242074, 'scale_lr': 0.23627012899152813}. Best is trial 62 with value: 0.3726749919963718.
checkpoint_e29 window_influence: 0.46443552840406843, penalty_k: 0.01799348893896133, scale_lr: 0.25651159940320384, EAO: 0.340
Trial 525 finished with value: 0.3403174126890383 and parameters: {'window_influence': 0.46443552840406843, 'penalty_k': 0.017993488938961334, 'scale_lr': 0.25651159940320384}. Best is trial 62 with value: 0.3726749919963718.
checkpoint_e29 window_influence: 0.45046213871231477, penalty_k: 0.03713785415894216, scale_lr: 0.32222245280434347, EAO: 0.326
Trial 526 finished with value: 0.3256889428030192 and parameters: {'window_influence': 0.4504621387123148, 'penalty_k': 0.03713785415894216, 'scale_lr': 0.3222224528043435}. Best is trial 62 with value: 0.3726749919963718.
checkpoint_e29 window_influence: 0.46978597791064047, penalty_k: 0.02571331652623714, scale_lr: 0.29885694861240086, EAO: 0.327
Trial 527 finished with value: 0.32716567779561423 and parameters: {'window_influence': 0.4697859779106405, 'penalty_k': 0.025713316526237144, 'scale_lr': 0.29885694861240086}. Best is trial 62 with value: 0.3726749919963718.
checkpoint_e29 window_influence: 0.47985901077410842, penalty_k: 0.04498387836658080, scale_lr: 0.10923357992367350, EAO: 0.334
Trial 528 finished with value: 0.33441552177709366 and parameters: {'window_influence': 0.4798590107741084, 'penalty_k': 0.0449838783665808, 'scale_lr': 0.1092335799236735}. Best is trial 62 with value: 0.3726749919963718.
checkpoint_e29 window_influence: 0.14332303509178645, penalty_k: 0.03215346062186288, scale_lr: 0.22069617169642866, EAO: 0.276
Trial 529 finished with value: 0.2764812480034995 and parameters: {'window_influence': 0.14332303509178645, 'penalty_k': 0.032153460621862875, 'scale_lr': 0.22069617169642866}. Best is trial 62 with value: 0.3726749919963718.
checkpoint_e29 window_influence: 0.49092866595306550, penalty_k: 0.01593981056806513, scale_lr: 0.32183603084592899, EAO: 0.313
Trial 530 finished with value: 0.3129000242234204 and parameters: {'window_influence': 0.4909286659530655, 'penalty_k': 0.01593981056806513, 'scale_lr': 0.321836030845929}. Best is trial 62 with value: 0.3726749919963718.
checkpoint_e29 window_influence: 0.39456279725044024, penalty_k: 0.05889702851796307, scale_lr: 0.36529649651451124, EAO: 0.311
Trial 531 finished with value: 0.3113136401088321 and parameters: {'window_influence': 0.39456279725044024, 'penalty_k': 0.058897028517963065, 'scale_lr': 0.36529649651451124}. Best is trial 62 with value: 0.3726749919963718.
checkpoint_e29 window_influence: 0.46481922472362114, penalty_k: 0.04916716418178105, scale_lr: 0.28318347771825791, EAO: 0.349
Trial 532 finished with value: 0.34898443746195695 and parameters: {'window_influence': 0.46481922472362114, 'penalty_k': 0.049167164181781055, 'scale_lr': 0.2831834777182579}. Best is trial 62 with value: 0.3726749919963718.
checkpoint_e29 window_influence: 0.47517553918858718, penalty_k: 0.04034923630325876, scale_lr: 0.33447446250602214, EAO: 0.323
Trial 533 finished with value: 0.32315879683318305 and parameters: {'window_influence': 0.4751755391885872, 'penalty_k': 0.04034923630325876, 'scale_lr': 0.33447446250602214}. Best is trial 62 with value: 0.3726749919963718.
checkpoint_e29 window_influence: 0.50050309081162947, penalty_k: 0.01157073466582050, scale_lr: 0.47347218718565126, EAO: 0.343
Trial 534 finished with value: 0.3427725345012279 and parameters: {'window_influence': 0.5005030908116295, 'penalty_k': 0.0115707346658205, 'scale_lr': 0.47347218718565126}. Best is trial 62 with value: 0.3726749919963718.
checkpoint_e29 window_influence: 0.48466627365502019, penalty_k: 0.06888104875446974, scale_lr: 0.36614621282596505, EAO: 0.346
Trial 535 finished with value: 0.3459792371389931 and parameters: {'window_influence': 0.4846662736550202, 'penalty_k': 0.06888104875446974, 'scale_lr': 0.36614621282596505}. Best is trial 62 with value: 0.3726749919963718.
checkpoint_e29 window_influence: 0.33847187230837278, penalty_k: 0.05451721666683199, scale_lr: 0.20436126316891948, EAO: 0.319
Trial 536 finished with value: 0.318762925290412 and parameters: {'window_influence': 0.3384718723083728, 'penalty_k': 0.054517216666831986, 'scale_lr': 0.20436126316891948}. Best is trial 62 with value: 0.3726749919963718.
checkpoint_e29 window_influence: 0.51178244892260238, penalty_k: 0.02576463978701122, scale_lr: 0.31694435375520735, EAO: 0.308
Trial 537 finished with value: 0.3084485824817813 and parameters: {'window_influence': 0.5117824489226024, 'penalty_k': 0.025764639787011222, 'scale_lr': 0.31694435375520735}. Best is trial 62 with value: 0.3726749919963718.
checkpoint_e29 window_influence: 0.49608579779784001, penalty_k: 0.08175155125340521, scale_lr: 0.34722812873858405, EAO: 0.346
Trial 538 finished with value: 0.3459105796619148 and parameters: {'window_influence': 0.49608579779784, 'penalty_k': 0.0817515512534052, 'scale_lr': 0.34722812873858405}. Best is trial 62 with value: 0.3726749919963718.
checkpoint_e29 window_influence: 0.16034068805781002, penalty_k: 0.03822923909447624, scale_lr: 0.26575855188486508, EAO: 0.262
Trial 539 finished with value: 0.2621415960185723 and parameters: {'window_influence': 0.16034068805781002, 'penalty_k': 0.03822923909447624, 'scale_lr': 0.2657585518848651}. Best is trial 62 with value: 0.3726749919963718.
checkpoint_e29 window_influence: 0.44435852798339043, penalty_k: 0.06440450485961997, scale_lr: 0.25168817659345205, EAO: 0.356
Trial 540 finished with value: 0.35585750413312056 and parameters: {'window_influence': 0.44435852798339043, 'penalty_k': 0.06440450485961997, 'scale_lr': 0.25168817659345205}. Best is trial 62 with value: 0.3726749919963718.
checkpoint_e29 window_influence: 0.43851742109741754, penalty_k: 0.05974046498651949, scale_lr: 0.24121671431128161, EAO: 0.331
Trial 541 finished with value: 0.33119487321794266 and parameters: {'window_influence': 0.43851742109741754, 'penalty_k': 0.05974046498651949, 'scale_lr': 0.2412167143112816}. Best is trial 62 with value: 0.3726749919963718.
checkpoint_e29 window_influence: 0.20122223377524909, penalty_k: 0.04631719307439772, scale_lr: 0.24727454035466739, EAO: 0.288
Trial 542 finished with value: 0.287768016065605 and parameters: {'window_influence': 0.2012222337752491, 'penalty_k': 0.046317193074397724, 'scale_lr': 0.2472745403546674}. Best is trial 62 with value: 0.3726749919963718.
checkpoint_e29 window_influence: 0.53238567513008062, penalty_k: 0.07014219797260722, scale_lr: 0.27445311029605435, EAO: 0.328
Trial 543 finished with value: 0.32767962325175914 and parameters: {'window_influence': 0.5323856751300806, 'penalty_k': 0.07014219797260722, 'scale_lr': 0.27445311029605435}. Best is trial 62 with value: 0.3726749919963718.
checkpoint_e29 window_influence: 0.43234127853473342, penalty_k: 0.05500409292168913, scale_lr: 0.28776667551351626, EAO: 0.337
Trial 544 finished with value: 0.3369487868440754 and parameters: {'window_influence': 0.4323412785347334, 'penalty_k': 0.055004092921689125, 'scale_lr': 0.28776667551351626}. Best is trial 62 with value: 0.3726749919963718.
checkpoint_e29 window_influence: 0.44713299696274611, penalty_k: 0.02852984510504664, scale_lr: 0.79922399958048551, EAO: 0.309
Trial 545 finished with value: 0.30932996279998515 and parameters: {'window_influence': 0.4471329969627461, 'penalty_k': 0.028529845105046636, 'scale_lr': 0.7992239995804855}. Best is trial 62 with value: 0.3726749919963718.
checkpoint_e29 window_influence: 0.44660377805986035, penalty_k: 0.06474778208050591, scale_lr: 0.23486989026911761, EAO: 0.336
Trial 546 finished with value: 0.33558727760259277 and parameters: {'window_influence': 0.44660377805986035, 'penalty_k': 0.06474778208050591, 'scale_lr': 0.23486989026911761}. Best is trial 62 with value: 0.3726749919963718.
checkpoint_e29 window_influence: 0.45441853450074199, penalty_k: 0.04521469700499946, scale_lr: 0.19200548115231977, EAO: 0.347
Trial 547 finished with value: 0.34712625164466143 and parameters: {'window_influence': 0.454418534500742, 'penalty_k': 0.04521469700499946, 'scale_lr': 0.19200548115231977}. Best is trial 62 with value: 0.3726749919963718.
checkpoint_e29 window_influence: 0.46528287573301930, penalty_k: 0.00980881638662519, scale_lr: 0.29879206129131952, EAO: 0.331
Trial 548 finished with value: 0.3312231465188446 and parameters: {'window_influence': 0.4652828757330193, 'penalty_k': 0.009808816386625192, 'scale_lr': 0.2987920612913195}. Best is trial 62 with value: 0.3726749919963718.
checkpoint_e29 window_influence: 0.52398750852458020, penalty_k: 0.32625222114790969, scale_lr: 0.25508206755210600, EAO: 0.318
Trial 549 finished with value: 0.3181244849810804 and parameters: {'window_influence': 0.5239875085245802, 'penalty_k': 0.3262522211479097, 'scale_lr': 0.255082067552106}. Best is trial 62 with value: 0.3726749919963718.
checkpoint_e29 window_influence: 0.27543131749136140, penalty_k: 0.07501486297047466, scale_lr: 0.22020554741839349, EAO: 0.306
Trial 550 finished with value: 0.30615118737350644 and parameters: {'window_influence': 0.2754313174913614, 'penalty_k': 0.07501486297047466, 'scale_lr': 0.2202055474183935}. Best is trial 62 with value: 0.3726749919963718.
checkpoint_e29 window_influence: 0.41877043241488787, penalty_k: 0.00001523530628982, scale_lr: 0.24658390053740933, EAO: 0.325
Trial 551 finished with value: 0.3248253869987183 and parameters: {'window_influence': 0.41877043241488787, 'penalty_k': 1.5235306289818756e-05, 'scale_lr': 0.24658390053740933}. Best is trial 62 with value: 0.3726749919963718.
checkpoint_e29 window_influence: 0.51085334346220024, penalty_k: 0.05424184572105312, scale_lr: 0.26644772063139865, EAO: 0.345
Trial 552 finished with value: 0.3453226786411226 and parameters: {'window_influence': 0.5108533434622002, 'penalty_k': 0.054241845721053124, 'scale_lr': 0.26644772063139865}. Best is trial 62 with value: 0.3726749919963718.
checkpoint_e29 window_influence: 0.47838793777368899, penalty_k: 0.23410118916908804, scale_lr: 0.22824398983713123, EAO: 0.332
Trial 553 finished with value: 0.3319001629774673 and parameters: {'window_influence': 0.478387937773689, 'penalty_k': 0.23410118916908804, 'scale_lr': 0.22824398983713123}. Best is trial 62 with value: 0.3726749919963718.
checkpoint_e29 window_influence: 0.54279833074345663, penalty_k: 0.03591240264421924, scale_lr: 0.34369009947596735, EAO: 0.304
Trial 554 finished with value: 0.3036099097144279 and parameters: {'window_influence': 0.5427983307434566, 'penalty_k': 0.03591240264421924, 'scale_lr': 0.34369009947596735}. Best is trial 62 with value: 0.3726749919963718.
checkpoint_e29 window_influence: 0.43292556638351876, penalty_k: 0.26770496166554691, scale_lr: 0.18404609165174662, EAO: 0.346
Trial 555 finished with value: 0.3458996954363144 and parameters: {'window_influence': 0.43292556638351876, 'penalty_k': 0.2677049616655469, 'scale_lr': 0.18404609165174662}. Best is trial 62 with value: 0.3726749919963718.
checkpoint_e29 window_influence: 0.45918147866834841, penalty_k: 0.08761815790088247, scale_lr: 0.22885101615441220, EAO: 0.359
Trial 556 finished with value: 0.35862940387503184 and parameters: {'window_influence': 0.4591814786683484, 'penalty_k': 0.08761815790088247, 'scale_lr': 0.2288510161544122}. Best is trial 62 with value: 0.3726749919963718.
checkpoint_e29 window_influence: 0.45950423218533604, penalty_k: 0.09135979696057898, scale_lr: 0.23014631667350727, EAO: 0.364
Trial 557 finished with value: 0.3640803654138216 and parameters: {'window_influence': 0.45950423218533604, 'penalty_k': 0.09135979696057898, 'scale_lr': 0.23014631667350727}. Best is trial 62 with value: 0.3726749919963718.
checkpoint_e29 window_influence: 0.43967251395645496, penalty_k: 0.09646873349702632, scale_lr: 0.21915377644926995, EAO: 0.346
