Trial 1128 finished with value: 0.31157310457776954 and parameters: {'window_influence': 0.3666534511158685, 'penalty_k': 0.12406787104259709, 'scale_lr': 0.7259952060074151}. Best is trial 330 with value: 0.36352008859471124.
checkpoint_e31 window_influence: 0.52646484056654397, penalty_k: 0.01287859034912256, scale_lr: 0.47941899837326696, EAO: 0.312
Trial 1129 finished with value: 0.3122695985935078 and parameters: {'window_influence': 0.526464840566544, 'penalty_k': 0.012878590349122558, 'scale_lr': 0.47941899837326696}. Best is trial 330 with value: 0.36352008859471124.
checkpoint_e31 window_influence: 0.51178311278456612, penalty_k: 0.18349696238680685, scale_lr: 0.21762730825072860, EAO: 0.335
Trial 1130 finished with value: 0.33481495030195335 and parameters: {'window_influence': 0.5117831127845661, 'penalty_k': 0.18349696238680685, 'scale_lr': 0.2176273082507286}. Best is trial 330 with value: 0.36352008859471124.
checkpoint_e31 window_influence: 0.47787954681322675, penalty_k: 0.02620010853223730, scale_lr: 0.77213803074320886, EAO: 0.323
Trial 1131 finished with value: 0.3230421721123536 and parameters: {'window_influence': 0.47787954681322675, 'penalty_k': 0.026200108532237296, 'scale_lr': 0.7721380307432089}. Best is trial 330 with value: 0.36352008859471124.
checkpoint_e31 window_influence: 0.49675542667541106, penalty_k: 0.14457715654475795, scale_lr: 0.27695532720390353, EAO: 0.330
Trial 1132 finished with value: 0.3302700149062079 and parameters: {'window_influence': 0.49675542667541106, 'penalty_k': 0.14457715654475795, 'scale_lr': 0.27695532720390353}. Best is trial 330 with value: 0.36352008859471124.
checkpoint_e31 window_influence: 0.53321421167471228, penalty_k: 0.09744793228944834, scale_lr: 0.64776045636942603, EAO: 0.315
Trial 1133 finished with value: 0.31464419713975855 and parameters: {'window_influence': 0.5332142116747123, 'penalty_k': 0.09744793228944834, 'scale_lr': 0.647760456369426}. Best is trial 330 with value: 0.36352008859471124.
checkpoint_e31 window_influence: 0.56520378882615174, penalty_k: 0.48049197571577668, scale_lr: 0.50579163035868935, EAO: 0.288
Trial 1134 finished with value: 0.28780325516652505 and parameters: {'window_influence': 0.5652037888261517, 'penalty_k': 0.4804919757157767, 'scale_lr': 0.5057916303586893}. Best is trial 330 with value: 0.36352008859471124.
checkpoint_e31 window_influence: 0.12162060049906895, penalty_k: 0.20346500837244252, scale_lr: 0.58339234018849173, EAO: 0.256
Trial 1135 finished with value: 0.2563099384539786 and parameters: {'window_influence': 0.12162060049906895, 'penalty_k': 0.20346500837244252, 'scale_lr': 0.5833923401884917}. Best is trial 330 with value: 0.36352008859471124.
checkpoint_e31 window_influence: 0.45048696096689295, penalty_k: 0.33593830716478723, scale_lr: 0.16006172056122286, EAO: 0.323
Trial 1136 finished with value: 0.3233455486218753 and parameters: {'window_influence': 0.45048696096689295, 'penalty_k': 0.33593830716478723, 'scale_lr': 0.16006172056122286}. Best is trial 330 with value: 0.36352008859471124.
checkpoint_e31 window_influence: 0.50782359932861720, penalty_k: 0.04009887304062462, scale_lr: 0.67277003125431467, EAO: 0.331
Trial 1137 finished with value: 0.33118838593653666 and parameters: {'window_influence': 0.5078235993286172, 'penalty_k': 0.04009887304062462, 'scale_lr': 0.6727700312543147}. Best is trial 330 with value: 0.36352008859471124.
checkpoint_e31 window_influence: 0.46742915280687464, penalty_k: 0.01003424544503429, scale_lr: 0.11402337608450566, EAO: 0.347
Trial 1138 finished with value: 0.347013887844197 and parameters: {'window_influence': 0.46742915280687464, 'penalty_k': 0.010034245445034288, 'scale_lr': 0.11402337608450566}. Best is trial 330 with value: 0.36352008859471124.
checkpoint_e31 window_influence: 0.27246688509689682, penalty_k: 0.13267177747213396, scale_lr: 0.17633139031655271, EAO: 0.307
Trial 1139 finished with value: 0.30701753775433344 and parameters: {'window_influence': 0.2724668850968968, 'penalty_k': 0.13267177747213396, 'scale_lr': 0.1763313903165527}. Best is trial 330 with value: 0.36352008859471124.
checkpoint_e31 window_influence: 0.59124401870927812, penalty_k: 0.41126225498023367, scale_lr: 0.63093581997900627, EAO: 0.250
Trial 1140 finished with value: 0.24980032449798362 and parameters: {'window_influence': 0.5912440187092781, 'penalty_k': 0.41126225498023367, 'scale_lr': 0.6309358199790063}. Best is trial 330 with value: 0.36352008859471124.
checkpoint_e31 window_influence: 0.48848012801945667, penalty_k: 0.02494286282167020, scale_lr: 0.13875968929984261, EAO: 0.322
Trial 1141 finished with value: 0.3223379805162259 and parameters: {'window_influence': 0.48848012801945667, 'penalty_k': 0.0249428628216702, 'scale_lr': 0.13875968929984261}. Best is trial 330 with value: 0.36352008859471124.
checkpoint_e31 window_influence: 0.54493359052113077, penalty_k: 0.35461694572778679, scale_lr: 0.24479787861647564, EAO: 0.295
Trial 1142 finished with value: 0.295139238354297 and parameters: {'window_influence': 0.5449335905211308, 'penalty_k': 0.3546169457277868, 'scale_lr': 0.24479787861647564}. Best is trial 330 with value: 0.36352008859471124.
checkpoint_e31 window_influence: 0.47895568661056181, penalty_k: 0.00962060761099323, scale_lr: 0.69710978064850482, EAO: 0.320
Trial 1143 finished with value: 0.32011986022329514 and parameters: {'window_influence': 0.4789556866105618, 'penalty_k': 0.009620607610993231, 'scale_lr': 0.6971097806485048}. Best is trial 330 with value: 0.36352008859471124.
checkpoint_e31 window_influence: 0.60464901152280803, penalty_k: 0.11912644523623195, scale_lr: 0.19923580677664746, EAO: 0.291
Trial 1144 finished with value: 0.29116762055497225 and parameters: {'window_influence': 0.604649011522808, 'penalty_k': 0.11912644523623195, 'scale_lr': 0.19923580677664746}. Best is trial 330 with value: 0.36352008859471124.
checkpoint_e31 window_influence: 0.51664004129425101, penalty_k: 0.22104329372597775, scale_lr: 0.12284926627317332, EAO: 0.324
Trial 1145 finished with value: 0.32416456734855814 and parameters: {'window_influence': 0.516640041294251, 'penalty_k': 0.22104329372597775, 'scale_lr': 0.12284926627317332}. Best is trial 330 with value: 0.36352008859471124.
checkpoint_e31 window_influence: 0.07920323755080350, penalty_k: 0.00047377082687465, scale_lr: 0.52990853570020469, EAO: 0.272
Trial 1146 finished with value: 0.27160111434960643 and parameters: {'window_influence': 0.0792032375508035, 'penalty_k': 0.0004737708268746487, 'scale_lr': 0.5299085357002047}. Best is trial 330 with value: 0.36352008859471124.
checkpoint_e31 window_influence: 0.38439887350463670, penalty_k: 0.30460854415098720, scale_lr: 0.33474907094787154, EAO: 0.304
Trial 1147 finished with value: 0.30402757412960557 and parameters: {'window_influence': 0.3843988735046367, 'penalty_k': 0.3046085441509872, 'scale_lr': 0.33474907094787154}. Best is trial 330 with value: 0.36352008859471124.
checkpoint_e31 window_influence: 0.49989787752605275, penalty_k: 0.16557381249941727, scale_lr: 0.22809502360679496, EAO: 0.329
Trial 1148 finished with value: 0.3288152692150977 and parameters: {'window_influence': 0.49989787752605275, 'penalty_k': 0.16557381249941727, 'scale_lr': 0.22809502360679496}. Best is trial 330 with value: 0.36352008859471124.
checkpoint_e31 window_influence: 0.45818537849695629, penalty_k: 0.54263697715245685, scale_lr: 0.28964642805478469, EAO: 0.290
Trial 1149 finished with value: 0.2900465216618104 and parameters: {'window_influence': 0.4581853784969563, 'penalty_k': 0.5426369771524568, 'scale_lr': 0.2896464280547847}. Best is trial 330 with value: 0.36352008859471124.
checkpoint_e31 window_influence: 0.49013349092185488, penalty_k: 0.10713273236090569, scale_lr: 0.61846948964963733, EAO: 0.337
Trial 1150 finished with value: 0.33688695502652266 and parameters: {'window_influence': 0.4901334909218549, 'penalty_k': 0.10713273236090569, 'scale_lr': 0.6184694896496373}. Best is trial 330 with value: 0.36352008859471124.
checkpoint_e31 window_influence: 0.17986481254825895, penalty_k: 0.09041979698254084, scale_lr: 0.59341439511838945, EAO: 0.273
Trial 1151 finished with value: 0.2726329976134727 and parameters: {'window_influence': 0.17986481254825895, 'penalty_k': 0.09041979698254084, 'scale_lr': 0.5934143951183894}. Best is trial 330 with value: 0.36352008859471124.
checkpoint_e31 window_influence: 0.35840213902867685, penalty_k: 0.04810606199232489, scale_lr: 0.15032486526641711, EAO: 0.312
Trial 1152 finished with value: 0.31237508176829565 and parameters: {'window_influence': 0.35840213902867685, 'penalty_k': 0.048106061992324894, 'scale_lr': 0.1503248652664171}. Best is trial 330 with value: 0.36352008859471124.
checkpoint_e31 window_influence: 0.39788511719808739, penalty_k: 0.03230156558262959, scale_lr: 0.25519637571842391, EAO: 0.315
Trial 1153 finished with value: 0.315127330531406 and parameters: {'window_influence': 0.3978851171980874, 'penalty_k': 0.032301565582629595, 'scale_lr': 0.2551963757184239}. Best is trial 330 with value: 0.36352008859471124.
checkpoint_e31 window_influence: 0.31999592009927180, penalty_k: 0.15423446373744579, scale_lr: 0.17474378914156893, EAO: 0.307
Trial 1154 finished with value: 0.30661698642407875 and parameters: {'window_influence': 0.3199959200992718, 'penalty_k': 0.1542344637374458, 'scale_lr': 0.17474378914156893}. Best is trial 330 with value: 0.36352008859471124.
checkpoint_e31 window_influence: 0.41150719096630833, penalty_k: 0.02058277607274971, scale_lr: 0.73897149110599525, EAO: 0.311
Trial 1155 finished with value: 0.31071013548494775 and parameters: {'window_influence': 0.41150719096630833, 'penalty_k': 0.020582776072749706, 'scale_lr': 0.7389714911059952}. Best is trial 330 with value: 0.36352008859471124.
checkpoint_e31 window_influence: 0.53222361214495462, penalty_k: 0.50975033967040473, scale_lr: 0.66761315976916868, EAO: 0.294
Trial 1156 finished with value: 0.2936020059808219 and parameters: {'window_influence': 0.5322236121449546, 'penalty_k': 0.5097503396704047, 'scale_lr': 0.6676131597691687}. Best is trial 330 with value: 0.36352008859471124.
checkpoint_e31 window_influence: 0.50761364578215773, penalty_k: 0.45289178860575563, scale_lr: 0.46264708915439218, EAO: 0.315
Trial 1157 finished with value: 0.31467359417375423 and parameters: {'window_influence': 0.5076136457821577, 'penalty_k': 0.45289178860575563, 'scale_lr': 0.4626470891543922}. Best is trial 330 with value: 0.36352008859471124.
checkpoint_e31 window_influence: 0.23893946993431558, penalty_k: 0.07663155971564486, scale_lr: 0.12400152473930179, EAO: 0.286
Trial 1158 finished with value: 0.2858964973618548 and parameters: {'window_influence': 0.23893946993431558, 'penalty_k': 0.07663155971564486, 'scale_lr': 0.12400152473930179}. Best is trial 330 with value: 0.36352008859471124.
checkpoint_e31 window_influence: 0.47311068932725608, penalty_k: 0.05509290077415785, scale_lr: 0.55892426859429789, EAO: 0.320
Trial 1159 finished with value: 0.32017913941975235 and parameters: {'window_influence': 0.4731106893272561, 'penalty_k': 0.05509290077415785, 'scale_lr': 0.5589242685942979}. Best is trial 330 with value: 0.36352008859471124.
checkpoint_e31 window_influence: 0.51827796445108820, penalty_k: 0.51396625058354140, scale_lr: 0.11200582055875226, EAO: 0.286
Trial 1160 finished with value: 0.2864326765681055 and parameters: {'window_influence': 0.5182779644510882, 'penalty_k': 0.5139662505835414, 'scale_lr': 0.11200582055875226}. Best is trial 330 with value: 0.36352008859471124.
checkpoint_e31 window_influence: 0.16284224164014605, penalty_k: 0.24295677303863772, scale_lr: 0.16146304728758459, EAO: 0.279
Trial 1161 finished with value: 0.27890346695013085 and parameters: {'window_influence': 0.16284224164014605, 'penalty_k': 0.24295677303863772, 'scale_lr': 0.1614630472875846}. Best is trial 330 with value: 0.36352008859471124.
checkpoint_e31 window_influence: 0.10287437614570716, penalty_k: 0.03853596752088964, scale_lr: 0.30161156598081623, EAO: 0.258
Trial 1162 finished with value: 0.2575209588972047 and parameters: {'window_influence': 0.10287437614570716, 'penalty_k': 0.03853596752088964, 'scale_lr': 0.30161156598081623}. Best is trial 330 with value: 0.36352008859471124.
checkpoint_e31 window_influence: 0.25984896331221352, penalty_k: 0.01796236975200094, scale_lr: 0.71067491327565624, EAO: 0.311
Trial 1163 finished with value: 0.31104694173493735 and parameters: {'window_influence': 0.2598489633122135, 'penalty_k': 0.01796236975200094, 'scale_lr': 0.7106749132756562}. Best is trial 330 with value: 0.36352008859471124.
checkpoint_e31 window_influence: 0.49470290110144682, penalty_k: 0.45862130726183070, scale_lr: 0.21124692496096670, EAO: 0.316
Trial 1164 finished with value: 0.3160103662120693 and parameters: {'window_influence': 0.4947029011014468, 'penalty_k': 0.4586213072618307, 'scale_lr': 0.2112469249609667}. Best is trial 330 with value: 0.36352008859471124.
checkpoint_e31 window_influence: 0.48341665909539888, penalty_k: 0.51509115158716656, scale_lr: 0.76457696184026713, EAO: 0.317
Trial 1165 finished with value: 0.3165636202356695 and parameters: {'window_influence': 0.4834166590953989, 'penalty_k': 0.5150911515871666, 'scale_lr': 0.7645769618402671}. Best is trial 330 with value: 0.36352008859471124.
checkpoint_e31 window_influence: 0.50398050059902000, penalty_k: 0.26933364548938288, scale_lr: 0.64539070555230760, EAO: 0.308
Trial 1166 finished with value: 0.30793503947295103 and parameters: {'window_influence': 0.50398050059902, 'penalty_k': 0.2693336454893829, 'scale_lr': 0.6453907055523076}. Best is trial 330 with value: 0.36352008859471124.
checkpoint_e31 window_influence: 0.44256909577134129, penalty_k: 0.32210882745375502, scale_lr: 0.56923433046947358, EAO: 0.311
Trial 1167 finished with value: 0.3110551752352993 and parameters: {'window_influence': 0.4425690957713413, 'penalty_k': 0.322108827453755, 'scale_lr': 0.5692343304694736}. Best is trial 330 with value: 0.36352008859471124.
checkpoint_e31 window_influence: 0.46815041327908274, penalty_k: 0.13414497170527723, scale_lr: 0.19061115158799080, EAO: 0.336
Trial 1168 finished with value: 0.3360880791909036 and parameters: {'window_influence': 0.46815041327908274, 'penalty_k': 0.13414497170527723, 'scale_lr': 0.1906111515879908}. Best is trial 330 with value: 0.36352008859471124.
checkpoint_e31 window_influence: 0.27083590893886411, penalty_k: 0.10662312842480132, scale_lr: 0.13598870686511300, EAO: 0.323
Trial 1169 finished with value: 0.32263155269947497 and parameters: {'window_influence': 0.2708359089388641, 'penalty_k': 0.10662312842480132, 'scale_lr': 0.135988706865113}. Best is trial 330 with value: 0.36352008859471124.
checkpoint_e31 window_influence: 0.52774811542505440, penalty_k: 0.53344615349329327, scale_lr: 0.10062749401557866, EAO: 0.263
Trial 1170 finished with value: 0.26298367808996936 and parameters: {'window_influence': 0.5277481154250544, 'penalty_k': 0.5334461534932933, 'scale_lr': 0.10062749401557866}. Best is trial 330 with value: 0.36352008859471124.
checkpoint_e31 window_influence: 0.48686671027358658, penalty_k: 0.20876926060606954, scale_lr: 0.58457885738033366, EAO: 0.333
Trial 1171 finished with value: 0.3332134034151233 and parameters: {'window_influence': 0.4868667102735866, 'penalty_k': 0.20876926060606954, 'scale_lr': 0.5845788573803337}. Best is trial 330 with value: 0.36352008859471124.
checkpoint_e31 window_influence: 0.54794799275257056, penalty_k: 0.02616125540514759, scale_lr: 0.26491841162839147, EAO: 0.313
Trial 1172 finished with value: 0.3125196923773576 and parameters: {'window_influence': 0.5479479927525706, 'penalty_k': 0.026161255405147594, 'scale_lr': 0.26491841162839147}. Best is trial 330 with value: 0.36352008859471124.
checkpoint_e31 window_influence: 0.51050438422735156, penalty_k: 0.09110991640684718, scale_lr: 0.31644163197011471, EAO: 0.334
Trial 1173 finished with value: 0.33380404323455426 and parameters: {'window_influence': 0.5105043842273516, 'penalty_k': 0.09110991640684718, 'scale_lr': 0.3164416319701147}. Best is trial 330 with value: 0.36352008859471124.
checkpoint_e31 window_influence: 0.49806470932313907, penalty_k: 0.58163974986483113, scale_lr: 0.23184469868058583, EAO: 0.269
Trial 1174 finished with value: 0.268925006925364 and parameters: {'window_influence': 0.49806470932313907, 'penalty_k': 0.5816397498648311, 'scale_lr': 0.23184469868058583}. Best is trial 330 with value: 0.36352008859471124.
checkpoint_e31 window_influence: 0.16597912517039254, penalty_k: 0.00822750636227086, scale_lr: 0.54461266525750496, EAO: 0.294
Trial 1175 finished with value: 0.2937317304458136 and parameters: {'window_influence': 0.16597912517039254, 'penalty_k': 0.008227506362270862, 'scale_lr': 0.544612665257505}. Best is trial 330 with value: 0.36352008859471124.
checkpoint_e31 window_influence: 0.46345998971602520, penalty_k: 0.06447451721433066, scale_lr: 0.48659985021933483, EAO: 0.325
Trial 1176 finished with value: 0.3250771534234169 and parameters: {'window_influence': 0.4634599897160252, 'penalty_k': 0.06447451721433066, 'scale_lr': 0.48659985021933483}. Best is trial 330 with value: 0.36352008859471124.
checkpoint_e31 window_influence: 0.47792433938241424, penalty_k: 0.23019494146034011, scale_lr: 0.61061162588793871, EAO: 0.339
Trial 1177 finished with value: 0.3387138872526963 and parameters: {'window_influence': 0.47792433938241424, 'penalty_k': 0.2301949414603401, 'scale_lr': 0.6106116258879387}. Best is trial 330 with value: 0.36352008859471124.
checkpoint_e31 window_influence: 0.43694952476919097, penalty_k: 0.12254276059558564, scale_lr: 0.12541813982830499, EAO: 0.318
Trial 1178 finished with value: 0.3179098839077968 and parameters: {'window_influence': 0.43694952476919097, 'penalty_k': 0.12254276059558564, 'scale_lr': 0.125418139828305}. Best is trial 330 with value: 0.36352008859471124.
checkpoint_e31 window_influence: 0.57325328985034607, penalty_k: 0.26672035472243605, scale_lr: 0.68039003266974807, EAO: 0.250
Trial 1179 finished with value: 0.250414062450832 and parameters: {'window_influence': 0.5732532898503461, 'penalty_k': 0.26672035472243605, 'scale_lr': 0.6803900326697481}. Best is trial 330 with value: 0.36352008859471124.
checkpoint_e31 window_influence: 0.51769942867428265, penalty_k: 0.04063446620874807, scale_lr: 0.14971047483198188, EAO: 0.329
Trial 1180 finished with value: 0.32905640850271234 and parameters: {'window_influence': 0.5176994286742826, 'penalty_k': 0.04063446620874807, 'scale_lr': 0.14971047483198188}. Best is trial 330 with value: 0.36352008859471124.
checkpoint_e31 window_influence: 0.49792241198776771, penalty_k: 0.02401481352143224, scale_lr: 0.17631363659438107, EAO: 0.338
Trial 1181 finished with value: 0.3378384991726523 and parameters: {'window_influence': 0.4979224119877677, 'penalty_k': 0.02401481352143224, 'scale_lr': 0.17631363659438107}. Best is trial 330 with value: 0.36352008859471124.
checkpoint_e31 window_influence: 0.53446439143387392, penalty_k: 0.18167490088740262, scale_lr: 0.11303076381026357, EAO: 0.308
Trial 1182 finished with value: 0.3079771776375604 and parameters: {'window_influence': 0.5344643914338739, 'penalty_k': 0.18167490088740262, 'scale_lr': 0.11303076381026357}. Best is trial 330 with value: 0.36352008859471124.
checkpoint_e31 window_influence: 0.13313635717521419, penalty_k: 0.25796453877118453, scale_lr: 0.21055022575228347, EAO: 0.254
Trial 1183 finished with value: 0.25368554217574196 and parameters: {'window_influence': 0.1331363571752142, 'penalty_k': 0.2579645387711845, 'scale_lr': 0.21055022575228347}. Best is trial 330 with value: 0.36352008859471124.
checkpoint_e31 window_influence: 0.48732299645563848, penalty_k: 0.00089678154029312, scale_lr: 0.52430849690876524, EAO: 0.327
Trial 1184 finished with value: 0.32687151878492376 and parameters: {'window_influence': 0.4873229964556385, 'penalty_k': 0.0008967815402931237, 'scale_lr': 0.5243084969087652}. Best is trial 330 with value: 0.36352008859471124.
checkpoint_e31 window_influence: 0.05869776712773744, penalty_k: 0.43854690316889572, scale_lr: 0.75089146644890081, EAO: 0.241
Trial 1185 finished with value: 0.24103652555423025 and parameters: {'window_influence': 0.058697767127737444, 'penalty_k': 0.4385469031688957, 'scale_lr': 0.7508914664489008}. Best is trial 330 with value: 0.36352008859471124.
checkpoint_e31 window_influence: 0.19360797097733359, penalty_k: 0.05157689806846823, scale_lr: 0.59660373301825109, EAO: 0.296
Trial 1186 finished with value: 0.2962356504299297 and parameters: {'window_influence': 0.1936079709773336, 'penalty_k': 0.05157689806846823, 'scale_lr': 0.5966037330182511}. Best is trial 330 with value: 0.36352008859471124.
checkpoint_e31 window_influence: 0.45623830379520203, penalty_k: 0.07729451733016689, scale_lr: 0.14140455136076102, EAO: 0.327
Trial 1187 finished with value: 0.3274110025700892 and parameters: {'window_influence': 0.456238303795202, 'penalty_k': 0.07729451733016689, 'scale_lr': 0.14140455136076102}. Best is trial 330 with value: 0.36352008859471124.
checkpoint_e31 window_influence: 0.50960566438161548, penalty_k: 0.01258036160024266, scale_lr: 0.63501061585453233, EAO: 0.335
Trial 1188 finished with value: 0.3350092379035653 and parameters: {'window_influence': 0.5096056643816155, 'penalty_k': 0.012580361600242661, 'scale_lr': 0.6350106158545323}. Best is trial 330 with value: 0.36352008859471124.
checkpoint_e31 window_influence: 0.47526997885896710, penalty_k: 0.14194697695409558, scale_lr: 0.43997247940040957, EAO: 0.338
