Trial 2036 finished with value: 0.2986788313676411 and parameters: {'window_influence': 0.330444340416145, 'penalty_k': 0.07085191168727349, 'scale_lr': 0.6853156662744171}. Best is trial 1270 with value: 0.3623636909959845.
checkpoint_e22 window_influence: 0.36543360529142016, penalty_k: 0.03964222383170349, scale_lr: 0.35822287765669092, EAO: 0.302
Trial 2037 finished with value: 0.30214002606701756 and parameters: {'window_influence': 0.36543360529142016, 'penalty_k': 0.03964222383170349, 'scale_lr': 0.3582228776566909}. Best is trial 1270 with value: 0.3623636909959845.
checkpoint_e22 window_influence: 0.56215837364099930, penalty_k: 0.15282365754893004, scale_lr: 0.25934315595479290, EAO: 0.288
Trial 2038 finished with value: 0.2882565791041007 and parameters: {'window_influence': 0.5621583736409993, 'penalty_k': 0.15282365754893004, 'scale_lr': 0.2593431559547929}. Best is trial 1270 with value: 0.3623636909959845.
checkpoint_e22 window_influence: 0.35331052738240248, penalty_k: 0.35546635871288768, scale_lr: 0.33535654176304924, EAO: 0.289
Trial 2039 finished with value: 0.2887724444328115 and parameters: {'window_influence': 0.3533105273824025, 'penalty_k': 0.3554663587128877, 'scale_lr': 0.33535654176304924}. Best is trial 1270 with value: 0.3623636909959845.
checkpoint_e22 window_influence: 0.53738156321282649, penalty_k: 0.10666529198187970, scale_lr: 0.43509727225820904, EAO: 0.290
Trial 2040 finished with value: 0.2896859648162753 and parameters: {'window_influence': 0.5373815632128265, 'penalty_k': 0.1066652919818797, 'scale_lr': 0.43509727225820904}. Best is trial 1270 with value: 0.3623636909959845.
checkpoint_e22 window_influence: 0.50020986901374997, penalty_k: 0.12068267251785732, scale_lr: 0.64748586437421740, EAO: 0.300
Trial 2041 finished with value: 0.29977349484708987 and parameters: {'window_influence': 0.50020986901375, 'penalty_k': 0.12068267251785732, 'scale_lr': 0.6474858643742174}. Best is trial 1270 with value: 0.3623636909959845.
checkpoint_e22 window_influence: 0.47640556918335258, penalty_k: 0.09676308420658847, scale_lr: 0.46409580301401127, EAO: 0.334
Trial 2042 finished with value: 0.3335993467949708 and parameters: {'window_influence': 0.4764055691833526, 'penalty_k': 0.09676308420658847, 'scale_lr': 0.46409580301401127}. Best is trial 1270 with value: 0.3623636909959845.
checkpoint_e22 window_influence: 0.45160954772533257, penalty_k: 0.44146005007343581, scale_lr: 0.34980160075061967, EAO: 0.308
Trial 2043 finished with value: 0.3077237744043773 and parameters: {'window_influence': 0.45160954772533257, 'penalty_k': 0.4414600500734358, 'scale_lr': 0.34980160075061967}. Best is trial 1270 with value: 0.3623636909959845.
checkpoint_e22 window_influence: 0.09352607382366407, penalty_k: 0.02464623804540165, scale_lr: 0.38360440518083455, EAO: 0.256
Trial 2044 finished with value: 0.25595650192828495 and parameters: {'window_influence': 0.09352607382366407, 'penalty_k': 0.02464623804540165, 'scale_lr': 0.38360440518083455}. Best is trial 1270 with value: 0.3623636909959845.
checkpoint_e22 window_influence: 0.13691432900622921, penalty_k: 0.01032493279092179, scale_lr: 0.61720537441260670, EAO: 0.258
Trial 2045 finished with value: 0.2575257385171341 and parameters: {'window_influence': 0.1369143290062292, 'penalty_k': 0.010324932790921787, 'scale_lr': 0.6172053744126067}. Best is trial 1270 with value: 0.3623636909959845.
checkpoint_e22 window_influence: 0.57373211327106399, penalty_k: 0.57273414976627202, scale_lr: 0.30578819159704140, EAO: 0.230
Trial 2046 finished with value: 0.23000330109772515 and parameters: {'window_influence': 0.573732113271064, 'penalty_k': 0.572734149766272, 'scale_lr': 0.3057881915970414}. Best is trial 1270 with value: 0.3623636909959845.
checkpoint_e22 window_influence: 0.48933194220883891, penalty_k: 0.08086561770758824, scale_lr: 0.28396168922985998, EAO: 0.340
Trial 2047 finished with value: 0.3398666866558535 and parameters: {'window_influence': 0.4893319422088389, 'penalty_k': 0.08086561770758824, 'scale_lr': 0.28396168922986}. Best is trial 1270 with value: 0.3623636909959845.
checkpoint_e22 window_influence: 0.46578223108878009, penalty_k: 0.41452983243699293, scale_lr: 0.75877615873725079, EAO: 0.325
Trial 2048 finished with value: 0.32525513967651337 and parameters: {'window_influence': 0.4657822310887801, 'penalty_k': 0.41452983243699293, 'scale_lr': 0.7587761587372508}. Best is trial 1270 with value: 0.3623636909959845.
checkpoint_e22 window_influence: 0.47725588314309536, penalty_k: 0.05686100971982291, scale_lr: 0.49170778170834717, EAO: 0.317
Trial 2049 finished with value: 0.31692092914989484 and parameters: {'window_influence': 0.47725588314309536, 'penalty_k': 0.056861009719822914, 'scale_lr': 0.49170778170834717}. Best is trial 1270 with value: 0.3623636909959845.
checkpoint_e22 window_influence: 0.61495303084848518, penalty_k: 0.12795558763785872, scale_lr: 0.66355910400473062, EAO: 0.241
Trial 2050 finished with value: 0.24078870886494677 and parameters: {'window_influence': 0.6149530308484852, 'penalty_k': 0.12795558763785872, 'scale_lr': 0.6635591040047306}. Best is trial 1270 with value: 0.3623636909959845.
checkpoint_e22 window_influence: 0.43190307461733440, penalty_k: 0.28802124484455743, scale_lr: 0.32366406508365297, EAO: 0.314
Trial 2051 finished with value: 0.3138599703631976 and parameters: {'window_influence': 0.4319030746173344, 'penalty_k': 0.28802124484455743, 'scale_lr': 0.323664065083653}. Best is trial 1270 with value: 0.3623636909959845.
checkpoint_e22 window_influence: 0.51194792382797027, penalty_k: 0.11089326337914751, scale_lr: 0.51062418613366967, EAO: 0.314
Trial 2052 finished with value: 0.3143483867673095 and parameters: {'window_influence': 0.5119479238279703, 'penalty_k': 0.11089326337914751, 'scale_lr': 0.5106241861336697}. Best is trial 1270 with value: 0.3623636909959845.
checkpoint_e22 window_influence: 0.49237523801617300, penalty_k: 0.03463958407645365, scale_lr: 0.41497186419242887, EAO: 0.334
Trial 2053 finished with value: 0.3339491325361719 and parameters: {'window_influence': 0.492375238016173, 'penalty_k': 0.03463958407645365, 'scale_lr': 0.4149718641924289}. Best is trial 1270 with value: 0.3623636909959845.
checkpoint_e22 window_influence: 0.46082323190401930, penalty_k: 0.32548429819847130, scale_lr: 0.71762478127878238, EAO: 0.308
Trial 2054 finished with value: 0.30781670366975583 and parameters: {'window_influence': 0.4608232319040193, 'penalty_k': 0.3254842981984713, 'scale_lr': 0.7176247812787824}. Best is trial 1270 with value: 0.3623636909959845.
checkpoint_e22 window_influence: 0.50306617767087636, penalty_k: 0.09159991868852070, scale_lr: 0.36751788663362434, EAO: 0.310
Trial 2055 finished with value: 0.3098047994338121 and parameters: {'window_influence': 0.5030661776708764, 'penalty_k': 0.0915999186885207, 'scale_lr': 0.36751788663362434}. Best is trial 1270 with value: 0.3623636909959845.
checkpoint_e22 window_influence: 0.28197432373968145, penalty_k: 0.25284287292333385, scale_lr: 0.18673473686584463, EAO: 0.262
Trial 2056 finished with value: 0.26225823187178676 and parameters: {'window_influence': 0.28197432373968145, 'penalty_k': 0.25284287292333385, 'scale_lr': 0.18673473686584463}. Best is trial 1270 with value: 0.3623636909959845.
checkpoint_e22 window_influence: 0.10939723918995331, penalty_k: 0.01677945324693325, scale_lr: 0.70271371263699645, EAO: 0.269
Trial 2057 finished with value: 0.2688001743898317 and parameters: {'window_influence': 0.10939723918995331, 'penalty_k': 0.016779453246933255, 'scale_lr': 0.7027137126369964}. Best is trial 1270 with value: 0.3623636909959845.
checkpoint_e22 window_influence: 0.41925916970713112, penalty_k: 0.06791879254604399, scale_lr: 0.59573958076051514, EAO: 0.316
Trial 2058 finished with value: 0.31622972481445577 and parameters: {'window_influence': 0.4192591697071311, 'penalty_k': 0.067918792546044, 'scale_lr': 0.5957395807605151}. Best is trial 1270 with value: 0.3623636909959845.
checkpoint_e22 window_influence: 0.52621292380155116, penalty_k: 0.04643277219284422, scale_lr: 0.24293742087546349, EAO: 0.318
Trial 2059 finished with value: 0.3177285964966748 and parameters: {'window_influence': 0.5262129238015512, 'penalty_k': 0.046432772192844224, 'scale_lr': 0.2429374208754635}. Best is trial 1270 with value: 0.3623636909959845.
checkpoint_e22 window_influence: 0.32257192106624288, penalty_k: 0.00039624847019817, scale_lr: 0.56426582096124855, EAO: 0.321
Trial 2060 finished with value: 0.32088156438755155 and parameters: {'window_influence': 0.3225719210662429, 'penalty_k': 0.0003962484701981687, 'scale_lr': 0.5642658209612486}. Best is trial 1270 with value: 0.3623636909959845.
checkpoint_e22 window_influence: 0.47707662027028830, penalty_k: 0.14675941099524545, scale_lr: 0.20564412259510392, EAO: 0.315
Trial 2061 finished with value: 0.3154354715857524 and parameters: {'window_influence': 0.4770766202702883, 'penalty_k': 0.14675941099524545, 'scale_lr': 0.20564412259510392}. Best is trial 1270 with value: 0.3623636909959845.
checkpoint_e22 window_influence: 0.45071928318964821, penalty_k: 0.11200511620003743, scale_lr: 0.63307115910932776, EAO: 0.329
Trial 2062 finished with value: 0.329321784789924 and parameters: {'window_influence': 0.4507192831896482, 'penalty_k': 0.11200511620003743, 'scale_lr': 0.6330711591093278}. Best is trial 1270 with value: 0.3623636909959845.
checkpoint_e22 window_influence: 0.48989029254540861, penalty_k: 0.09510949386885698, scale_lr: 0.29725602217155500, EAO: 0.332
Trial 2063 finished with value: 0.3322564055599591 and parameters: {'window_influence': 0.4898902925454086, 'penalty_k': 0.09510949386885698, 'scale_lr': 0.297256022171555}. Best is trial 1270 with value: 0.3623636909959845.
checkpoint_e22 window_influence: 0.46808659361725258, penalty_k: 0.17751909931680124, scale_lr: 0.54821310405934875, EAO: 0.314
Trial 2064 finished with value: 0.31369443898766886 and parameters: {'window_influence': 0.4680865936172526, 'penalty_k': 0.17751909931680124, 'scale_lr': 0.5482131040593488}. Best is trial 1270 with value: 0.3623636909959845.
checkpoint_e22 window_influence: 0.29419123351692000, penalty_k: 0.27849052883072761, scale_lr: 0.12569505033716072, EAO: 0.278
Trial 2065 finished with value: 0.27835363543914915 and parameters: {'window_influence': 0.29419123351692, 'penalty_k': 0.2784905288307276, 'scale_lr': 0.12569505033716072}. Best is trial 1270 with value: 0.3623636909959845.
checkpoint_e22 window_influence: 0.44202597925374132, penalty_k: 0.12805404575572613, scale_lr: 0.34062007027944230, EAO: 0.321
Trial 2066 finished with value: 0.321179354121249 and parameters: {'window_influence': 0.4420259792537413, 'penalty_k': 0.12805404575572613, 'scale_lr': 0.3406200702794423}. Best is trial 1270 with value: 0.3623636909959845.
checkpoint_e22 window_influence: 0.64280898314443258, penalty_k: 0.23559907028627072, scale_lr: 0.68301961535943945, EAO: 0.231
Trial 2067 finished with value: 0.23127665930221053 and parameters: {'window_influence': 0.6428089831444326, 'penalty_k': 0.23559907028627072, 'scale_lr': 0.6830196153594394}. Best is trial 1270 with value: 0.3623636909959845.
checkpoint_e22 window_influence: 0.59456607927803318, penalty_k: 0.16256056641851521, scale_lr: 0.52914073837341924, EAO: 0.249
Trial 2068 finished with value: 0.2494528033274157 and parameters: {'window_influence': 0.5945660792780332, 'penalty_k': 0.1625605664185152, 'scale_lr': 0.5291407383734192}. Best is trial 1270 with value: 0.3623636909959845.
checkpoint_e22 window_influence: 0.07161649723492020, penalty_k: 0.02778429571559726, scale_lr: 0.45263293126181792, EAO: 0.252
Trial 2069 finished with value: 0.25155036858779445 and parameters: {'window_influence': 0.0716164972349202, 'penalty_k': 0.027784295715597263, 'scale_lr': 0.4526329312618179}. Best is trial 1270 with value: 0.3623636909959845.
checkpoint_e22 window_influence: 0.48175958206251795, penalty_k: 0.13880897122313246, scale_lr: 0.31533843712095289, EAO: 0.320
Trial 2070 finished with value: 0.320413225297798 and parameters: {'window_influence': 0.48175958206251795, 'penalty_k': 0.13880897122313246, 'scale_lr': 0.3153384371209529}. Best is trial 1270 with value: 0.3623636909959845.
checkpoint_e22 window_influence: 0.50710776671678726, penalty_k: 0.08800216662812800, scale_lr: 0.26834628137345162, EAO: 0.323
Trial 2071 finished with value: 0.32332230298435644 and parameters: {'window_influence': 0.5071077667167873, 'penalty_k': 0.088002166628128, 'scale_lr': 0.2683462813734516}. Best is trial 1270 with value: 0.3623636909959845.
checkpoint_e22 window_influence: 0.46444461156772604, penalty_k: 0.58935689366874855, scale_lr: 0.48254763307397969, EAO: 0.302
Trial 2072 finished with value: 0.3019764753863042 and parameters: {'window_influence': 0.46444461156772604, 'penalty_k': 0.5893568936687485, 'scale_lr': 0.4825476330739797}. Best is trial 1270 with value: 0.3623636909959845.
checkpoint_e22 window_influence: 0.08892087150195471, penalty_k: 0.01219621172515364, scale_lr: 0.28977689413453500, EAO: 0.251
Trial 2073 finished with value: 0.25115463868189414 and parameters: {'window_influence': 0.08892087150195471, 'penalty_k': 0.012196211725153639, 'scale_lr': 0.289776894134535}. Best is trial 1270 with value: 0.3623636909959845.
checkpoint_e22 window_influence: 0.63960331444346941, penalty_k: 0.10480027989204756, scale_lr: 0.43085542616556721, EAO: 0.240
Trial 2074 finished with value: 0.24033742400922664 and parameters: {'window_influence': 0.6396033144434694, 'penalty_k': 0.10480027989204756, 'scale_lr': 0.4308554261655672}. Best is trial 1270 with value: 0.3623636909959845.
checkpoint_e22 window_influence: 0.49477821606720973, penalty_k: 0.52251689639156584, scale_lr: 0.60921733905829245, EAO: 0.300
Trial 2075 finished with value: 0.3003266547092668 and parameters: {'window_influence': 0.49477821606720973, 'penalty_k': 0.5225168963915658, 'scale_lr': 0.6092173390582925}. Best is trial 1270 with value: 0.3623636909959845.
checkpoint_e22 window_influence: 0.45624150012003800, penalty_k: 0.21493862011827464, scale_lr: 0.38693938130800354, EAO: 0.322
Trial 2076 finished with value: 0.3217765724844506 and parameters: {'window_influence': 0.456241500120038, 'penalty_k': 0.21493862011827464, 'scale_lr': 0.38693938130800354}. Best is trial 1270 with value: 0.3623636909959845.
checkpoint_e22 window_influence: 0.47440678719302037, penalty_k: 0.45828511487278356, scale_lr: 0.78170313593179386, EAO: 0.305
Trial 2077 finished with value: 0.3050853437254865 and parameters: {'window_influence': 0.4744067871930204, 'penalty_k': 0.45828511487278356, 'scale_lr': 0.7817031359317939}. Best is trial 1270 with value: 0.3623636909959845.
checkpoint_e22 window_influence: 0.51609111814051090, penalty_k: 0.07598432468771156, scale_lr: 0.58686772732294790, EAO: 0.325
Trial 2078 finished with value: 0.3248460975254556 and parameters: {'window_influence': 0.5160911181405109, 'penalty_k': 0.07598432468771156, 'scale_lr': 0.5868677273229479}. Best is trial 1270 with value: 0.3623636909959845.
checkpoint_e22 window_influence: 0.37902514704775736, penalty_k: 0.05259884267848927, scale_lr: 0.32908392717519919, EAO: 0.287
Trial 2079 finished with value: 0.2865221623316813 and parameters: {'window_influence': 0.37902514704775736, 'penalty_k': 0.05259884267848927, 'scale_lr': 0.3290839271751992}. Best is trial 1270 with value: 0.3623636909959845.
checkpoint_e22 window_influence: 0.48472965129135193, penalty_k: 0.11703900447663269, scale_lr: 0.36372519935609160, EAO: 0.334
Trial 2080 finished with value: 0.33357549803730113 and parameters: {'window_influence': 0.4847296512913519, 'penalty_k': 0.1170390044766327, 'scale_lr': 0.3637251993560916}. Best is trial 1270 with value: 0.3623636909959845.
checkpoint_e22 window_influence: 0.55497051138625508, penalty_k: 0.40222128509604516, scale_lr: 0.64883261838389705, EAO: 0.283
Trial 2081 finished with value: 0.2834612535247543 and parameters: {'window_influence': 0.5549705113862551, 'penalty_k': 0.40222128509604516, 'scale_lr': 0.648832618383897}. Best is trial 1270 with value: 0.3623636909959845.
checkpoint_e22 window_influence: 0.43188880233555388, penalty_k: 0.23413482301364819, scale_lr: 0.39610098716500286, EAO: 0.321
Trial 2082 finished with value: 0.32061888103587155 and parameters: {'window_influence': 0.4318888023355539, 'penalty_k': 0.23413482301364819, 'scale_lr': 0.39610098716500286}. Best is trial 1270 with value: 0.3623636909959845.
checkpoint_e22 window_influence: 0.19542628260932693, penalty_k: 0.06445977456708173, scale_lr: 0.73059406728127851, EAO: 0.283
Trial 2083 finished with value: 0.2826015517289536 and parameters: {'window_influence': 0.19542628260932693, 'penalty_k': 0.06445977456708173, 'scale_lr': 0.7305940672812785}. Best is trial 1270 with value: 0.3623636909959845.
checkpoint_e22 window_influence: 0.49914677153720000, penalty_k: 0.54555995164194371, scale_lr: 0.62299480827700016, EAO: 0.277
Trial 2084 finished with value: 0.2774758987157725 and parameters: {'window_influence': 0.4991467715372, 'penalty_k': 0.5455599516419437, 'scale_lr': 0.6229948082770002}. Best is trial 1270 with value: 0.3623636909959845.
checkpoint_e22 window_influence: 0.46782491482047384, penalty_k: 0.01882289218558705, scale_lr: 0.79863366354332854, EAO: 0.307
Trial 2085 finished with value: 0.3066867580093762 and parameters: {'window_influence': 0.46782491482047384, 'penalty_k': 0.018822892185587053, 'scale_lr': 0.7986336635433285}. Best is trial 1270 with value: 0.3623636909959845.
checkpoint_e22 window_influence: 0.45309829509977156, penalty_k: 0.20146962699140852, scale_lr: 0.22433217302755520, EAO: 0.318
Trial 2086 finished with value: 0.3182852308226003 and parameters: {'window_influence': 0.45309829509977156, 'penalty_k': 0.20146962699140852, 'scale_lr': 0.2243321730275552}. Best is trial 1270 with value: 0.3623636909959845.
checkpoint_e22 window_influence: 0.40271510496716634, penalty_k: 0.51708348023695039, scale_lr: 0.47037559036388288, EAO: 0.287
Trial 2087 finished with value: 0.286724352593088 and parameters: {'window_influence': 0.40271510496716634, 'penalty_k': 0.5170834802369504, 'scale_lr': 0.4703755903638829}. Best is trial 1270 with value: 0.3623636909959845.
checkpoint_e22 window_influence: 0.44410627347341269, penalty_k: 0.37546320064009964, scale_lr: 0.34428509054512763, EAO: 0.316
Trial 2088 finished with value: 0.3163008313002753 and parameters: {'window_influence': 0.4441062734734127, 'penalty_k': 0.37546320064009964, 'scale_lr': 0.3442850905451276}. Best is trial 1270 with value: 0.3623636909959845.
checkpoint_e22 window_influence: 0.48723809043533267, penalty_k: 0.10019670775512300, scale_lr: 0.27757407140186574, EAO: 0.343
Trial 2089 finished with value: 0.34324949875415994 and parameters: {'window_influence': 0.48723809043533267, 'penalty_k': 0.100196707755123, 'scale_lr': 0.27757407140186574}. Best is trial 1270 with value: 0.3623636909959845.
checkpoint_e22 window_influence: 0.52904181095761693, penalty_k: 0.47188166583679869, scale_lr: 0.57114139721632795, EAO: 0.281
Trial 2090 finished with value: 0.2810212128473163 and parameters: {'window_influence': 0.5290418109576169, 'penalty_k': 0.4718816658367987, 'scale_lr': 0.571141397216328}. Best is trial 1270 with value: 0.3623636909959845.
checkpoint_e22 window_influence: 0.07735274185335544, penalty_k: 0.03623266391107421, scale_lr: 0.50293943273258424, EAO: 0.251
Trial 2091 finished with value: 0.2512150538454724 and parameters: {'window_influence': 0.07735274185335544, 'penalty_k': 0.036232663911074214, 'scale_lr': 0.5029394327325842}. Best is trial 1270 with value: 0.3623636909959845.
checkpoint_e22 window_influence: 0.63335793665010520, penalty_k: 0.50219206940907180, scale_lr: 0.25039835910561042, EAO: 0.220
Trial 2092 finished with value: 0.2200562543442277 and parameters: {'window_influence': 0.6333579366501052, 'penalty_k': 0.5021920694090718, 'scale_lr': 0.2503983591056104}. Best is trial 1270 with value: 0.3623636909959845.
checkpoint_e22 window_influence: 0.23158781045837340, penalty_k: 0.42834610402146661, scale_lr: 0.41643042662212609, EAO: 0.278
Trial 2093 finished with value: 0.2777087345197507 and parameters: {'window_influence': 0.2315878104583734, 'penalty_k': 0.4283461040214666, 'scale_lr': 0.4164304266221261}. Best is trial 1270 with value: 0.3623636909959845.
checkpoint_e22 window_influence: 0.47446391669162036, penalty_k: 0.00010990259612933, scale_lr: 0.31532471549904301, EAO: 0.341
Trial 2094 finished with value: 0.34072023966433007 and parameters: {'window_influence': 0.47446391669162036, 'penalty_k': 0.00010990259612932672, 'scale_lr': 0.315324715499043}. Best is trial 1270 with value: 0.3623636909959845.
checkpoint_e22 window_influence: 0.62305738026999735, penalty_k: 0.18424134335246378, scale_lr: 0.30465308273143893, EAO: 0.232
Trial 2095 finished with value: 0.23168870737116623 and parameters: {'window_influence': 0.6230573802699974, 'penalty_k': 0.18424134335246378, 'scale_lr': 0.30465308273143893}. Best is trial 1270 with value: 0.3623636909959845.
checkpoint_e22 window_influence: 0.07964712517809597, penalty_k: 0.08612082518041914, scale_lr: 0.32812930086533448, EAO: 0.251
Trial 2096 finished with value: 0.25066075668260746 and parameters: {'window_influence': 0.07964712517809597, 'penalty_k': 0.08612082518041914, 'scale_lr': 0.3281293008653345}. Best is trial 1270 with value: 0.3623636909959845.
checkpoint_e22 window_influence: 0.50478310310266417, penalty_k: 0.26134850515520514, scale_lr: 0.44817187531218800, EAO: 0.302
Trial 2097 finished with value: 0.3024351214736352 and parameters: {'window_influence': 0.5047831031026642, 'penalty_k': 0.26134850515520514, 'scale_lr': 0.448171875312188}. Best is trial 1270 with value: 0.3623636909959845.
checkpoint_e22 window_influence: 0.54040908081593930, penalty_k: 0.53893099013853107, scale_lr: 0.52016774101424734, EAO: 0.261
