Trial 124 finished with value: 0.328264278486545 and parameters: {'window_influence': 0.401238454614988, 'penalty_k': 0.10661449406364971, 'scale_lr': 0.7258967569967486}. Best is trial 65 with value: 0.3505306407403389.
checkpoint_e17 window_influence: 0.38588706199745026, penalty_k: 0.06356127952355010, scale_lr: 0.62251050820592158, EAO: 0.330
Trial 125 finished with value: 0.330078244035346 and parameters: {'window_influence': 0.38588706199745026, 'penalty_k': 0.0635612795235501, 'scale_lr': 0.6225105082059216}. Best is trial 65 with value: 0.3505306407403389.
checkpoint_e17 window_influence: 0.35001510168982625, penalty_k: 0.14730850178518545, scale_lr: 0.67796424770596642, EAO: 0.320
Trial 126 finished with value: 0.319683216599175 and parameters: {'window_influence': 0.35001510168982625, 'penalty_k': 0.14730850178518545, 'scale_lr': 0.6779642477059664}. Best is trial 65 with value: 0.3505306407403389.
checkpoint_e17 window_influence: 0.49999160514049235, penalty_k: 0.12322233184828651, scale_lr: 0.64425539988467107, EAO: 0.325
Trial 127 finished with value: 0.32504929248461 and parameters: {'window_influence': 0.49999160514049235, 'penalty_k': 0.12322233184828651, 'scale_lr': 0.6442553998846711}. Best is trial 65 with value: 0.3505306407403389.
checkpoint_e17 window_influence: 0.36806400557533037, penalty_k: 0.02117334728134336, scale_lr: 0.66711390768163725, EAO: 0.311
Trial 128 finished with value: 0.31063175039068736 and parameters: {'window_influence': 0.36806400557533037, 'penalty_k': 0.02117334728134336, 'scale_lr': 0.6671139076816373}. Best is trial 65 with value: 0.3505306407403389.
checkpoint_e17 window_influence: 0.45705703486240612, penalty_k: 0.04401848498408637, scale_lr: 0.78672669905681814, EAO: 0.319
Trial 129 finished with value: 0.3192591929830002 and parameters: {'window_influence': 0.4570570348624061, 'penalty_k': 0.04401848498408637, 'scale_lr': 0.7867266990568181}. Best is trial 65 with value: 0.3505306407403389.
checkpoint_e17 window_influence: 0.41110476232783855, penalty_k: 0.07541346078677229, scale_lr: 0.69631040640390451, EAO: 0.327
Trial 130 finished with value: 0.3270520096507054 and parameters: {'window_influence': 0.41110476232783855, 'penalty_k': 0.07541346078677229, 'scale_lr': 0.6963104064039045}. Best is trial 65 with value: 0.3505306407403389.
checkpoint_e17 window_influence: 0.43148043078223014, penalty_k: 0.10488699968777657, scale_lr: 0.74776220926920256, EAO: 0.334
Trial 131 finished with value: 0.3335956315933962 and parameters: {'window_influence': 0.43148043078223014, 'penalty_k': 0.10488699968777657, 'scale_lr': 0.7477622092692026}. Best is trial 65 with value: 0.3505306407403389.
checkpoint_e17 window_influence: 0.42734878848081009, penalty_k: 0.10321554165896935, scale_lr: 0.74979629844240914, EAO: 0.328
Trial 132 finished with value: 0.32815318348806655 and parameters: {'window_influence': 0.4273487884808101, 'penalty_k': 0.10321554165896935, 'scale_lr': 0.7497962984424091}. Best is trial 65 with value: 0.3505306407403389.
checkpoint_e17 window_influence: 0.44905960732900574, penalty_k: 0.09295765264707680, scale_lr: 0.76657644721149376, EAO: 0.311
Trial 133 finished with value: 0.31068624932942224 and parameters: {'window_influence': 0.44905960732900574, 'penalty_k': 0.0929576526470768, 'scale_lr': 0.7665764472114938}. Best is trial 65 with value: 0.3505306407403389.
checkpoint_e17 window_influence: 0.48706483083697261, penalty_k: 0.11619102868463685, scale_lr: 0.72095099748241820, EAO: 0.311
Trial 134 finished with value: 0.31056640769721006 and parameters: {'window_influence': 0.4870648308369726, 'penalty_k': 0.11619102868463685, 'scale_lr': 0.7209509974824182}. Best is trial 65 with value: 0.3505306407403389.
checkpoint_e17 window_influence: 0.43321770781315500, penalty_k: 0.06087926197813955, scale_lr: 0.73826423539225017, EAO: 0.324
Trial 135 finished with value: 0.3236400060616579 and parameters: {'window_influence': 0.433217707813155, 'penalty_k': 0.060879261978139546, 'scale_lr': 0.7382642353922502}. Best is trial 65 with value: 0.3505306407403389.
checkpoint_e17 window_influence: 0.39205700584881803, penalty_k: 0.08406370931873458, scale_lr: 0.70676162267552145, EAO: 0.328
Trial 136 finished with value: 0.3277214459408118 and parameters: {'window_influence': 0.39205700584881803, 'penalty_k': 0.08406370931873458, 'scale_lr': 0.7067616226755215}. Best is trial 65 with value: 0.3505306407403389.
checkpoint_e17 window_influence: 0.41519308716982561, penalty_k: 0.14032551551124253, scale_lr: 0.79990811505920412, EAO: 0.317
Trial 137 finished with value: 0.31659071599695005 and parameters: {'window_influence': 0.4151930871698256, 'penalty_k': 0.14032551551124253, 'scale_lr': 0.7999081150592041}. Best is trial 65 with value: 0.3505306407403389.
checkpoint_e17 window_influence: 0.31746918986280759, penalty_k: 0.12803533290477093, scale_lr: 0.64893850943610942, EAO: 0.324
Trial 138 finished with value: 0.32413860558303875 and parameters: {'window_influence': 0.3174691898628076, 'penalty_k': 0.12803533290477093, 'scale_lr': 0.6489385094361094}. Best is trial 65 with value: 0.3505306407403389.
checkpoint_e17 window_influence: 0.33416441588985302, penalty_k: 0.01302142529254438, scale_lr: 0.61382686487760385, EAO: 0.316
Trial 139 finished with value: 0.31628123122894347 and parameters: {'window_influence': 0.334164415889853, 'penalty_k': 0.01302142529254438, 'scale_lr': 0.6138268648776039}. Best is trial 65 with value: 0.3505306407403389.
checkpoint_e17 window_influence: 0.47062129520950302, penalty_k: 0.05317982654009543, scale_lr: 0.78078725677582961, EAO: 0.329
Trial 140 finished with value: 0.3291554865554149 and parameters: {'window_influence': 0.470621295209503, 'penalty_k': 0.05317982654009543, 'scale_lr': 0.7807872567758296}. Best is trial 65 with value: 0.3505306407403389.
checkpoint_e17 window_influence: 0.40766736956186489, penalty_k: 0.11182214669706851, scale_lr: 0.68106826960937805, EAO: 0.331
Trial 141 finished with value: 0.330977009602094 and parameters: {'window_influence': 0.4076673695618649, 'penalty_k': 0.11182214669706851, 'scale_lr': 0.681068269609378}. Best is trial 65 with value: 0.3505306407403389.
checkpoint_e17 window_influence: 0.42257786829567417, penalty_k: 0.07137297605941156, scale_lr: 0.71016122163798423, EAO: 0.322
Trial 142 finished with value: 0.32180104082892375 and parameters: {'window_influence': 0.4225778682956742, 'penalty_k': 0.07137297605941156, 'scale_lr': 0.7101612216379842}. Best is trial 65 with value: 0.3505306407403389.
checkpoint_e17 window_influence: 0.44205963747146892, penalty_k: 0.10264208576658108, scale_lr: 0.72011288343197777, EAO: 0.318
Trial 143 finished with value: 0.31840251641282774 and parameters: {'window_influence': 0.4420596374714689, 'penalty_k': 0.10264208576658108, 'scale_lr': 0.7201128834319778}. Best is trial 65 with value: 0.3505306407403389.
checkpoint_e17 window_influence: 0.38778387768753464, penalty_k: 0.02850920058831020, scale_lr: 0.75831043101779261, EAO: 0.307
Trial 144 finished with value: 0.30700737348094526 and parameters: {'window_influence': 0.38778387768753464, 'penalty_k': 0.028509200588310205, 'scale_lr': 0.7583104310177926}. Best is trial 65 with value: 0.3505306407403389.
checkpoint_e17 window_influence: 0.36836272024753719, penalty_k: 0.08582640129214707, scale_lr: 0.66756369314589448, EAO: 0.338
Trial 145 finished with value: 0.33830246410481196 and parameters: {'window_influence': 0.3683627202475372, 'penalty_k': 0.08582640129214707, 'scale_lr': 0.6675636931458945}. Best is trial 65 with value: 0.3505306407403389.
checkpoint_e17 window_influence: 0.36969572106514215, penalty_k: 0.09044244623286608, scale_lr: 0.62802166414298277, EAO: 0.335
Trial 146 finished with value: 0.3348088825723077 and parameters: {'window_influence': 0.36969572106514215, 'penalty_k': 0.09044244623286608, 'scale_lr': 0.6280216641429828}. Best is trial 65 with value: 0.3505306407403389.
checkpoint_e17 window_influence: 0.37021775066141965, penalty_k: 0.08768303151051472, scale_lr: 0.60414766589268831, EAO: 0.329
Trial 147 finished with value: 0.3291390459361243 and parameters: {'window_influence': 0.37021775066141965, 'penalty_k': 0.08768303151051472, 'scale_lr': 0.6041476658926883}. Best is trial 65 with value: 0.3505306407403389.
checkpoint_e17 window_influence: 0.34152324715698190, penalty_k: 0.07329675931091527, scale_lr: 0.62608965166808705, EAO: 0.325
Trial 148 finished with value: 0.3251482330059727 and parameters: {'window_influence': 0.3415232471569819, 'penalty_k': 0.07329675931091527, 'scale_lr': 0.626089651668087}. Best is trial 65 with value: 0.3505306407403389.
checkpoint_e17 window_influence: 0.35747163577191127, penalty_k: 0.03975434917749660, scale_lr: 0.64957924885067320, EAO: 0.323
Trial 149 finished with value: 0.3229639840381155 and parameters: {'window_influence': 0.35747163577191127, 'penalty_k': 0.039754349177496595, 'scale_lr': 0.6495792488506732}. Best is trial 65 with value: 0.3505306407403389.
checkpoint_e17 window_influence: 0.37027917843637420, penalty_k: 0.05512489975369139, scale_lr: 0.66371353000496869, EAO: 0.309
Trial 150 finished with value: 0.30867896307303283 and parameters: {'window_influence': 0.3702791784363742, 'penalty_k': 0.055124899753691385, 'scale_lr': 0.6637135300049687}. Best is trial 65 with value: 0.3505306407403389.
checkpoint_e17 window_influence: 0.39987517147822310, penalty_k: 0.09536730125358207, scale_lr: 0.62961036555666050, EAO: 0.322
Trial 151 finished with value: 0.3219766447516267 and parameters: {'window_influence': 0.3998751714782231, 'penalty_k': 0.09536730125358207, 'scale_lr': 0.6296103655566605}. Best is trial 65 with value: 0.3505306407403389.
checkpoint_e17 window_influence: 0.38331047580329741, penalty_k: 0.11565158358870076, scale_lr: 0.65754403668470884, EAO: 0.327
Trial 152 finished with value: 0.3271732438747057 and parameters: {'window_influence': 0.3833104758032974, 'penalty_k': 0.11565158358870076, 'scale_lr': 0.6575440366847088}. Best is trial 65 with value: 0.3505306407403389.
checkpoint_e17 window_influence: 0.34723530961216492, penalty_k: 0.00014311183749127, scale_lr: 0.69114023327532370, EAO: 0.319
Trial 153 finished with value: 0.31864222814600757 and parameters: {'window_influence': 0.3472353096121649, 'penalty_k': 0.0001431118374912721, 'scale_lr': 0.6911402332753237}. Best is trial 65 with value: 0.3505306407403389.
checkpoint_e17 window_influence: 0.40162423518615759, penalty_k: 0.08073693190948561, scale_lr: 0.59646229255145200, EAO: 0.328
Trial 154 finished with value: 0.3278571437421012 and parameters: {'window_influence': 0.4016242351861576, 'penalty_k': 0.08073693190948561, 'scale_lr': 0.596462292551452}. Best is trial 65 with value: 0.3505306407403389.
checkpoint_e17 window_influence: 0.37816608327951845, penalty_k: 0.06869406354079075, scale_lr: 0.58051812229726518, EAO: 0.328
Trial 155 finished with value: 0.328459453895862 and parameters: {'window_influence': 0.37816608327951845, 'penalty_k': 0.06869406354079075, 'scale_lr': 0.5805181222972652}. Best is trial 65 with value: 0.3505306407403389.
checkpoint_e17 window_influence: 0.43002907536364676, penalty_k: 0.12866047049559484, scale_lr: 0.61560042952097072, EAO: 0.326
Trial 156 finished with value: 0.326355931997763 and parameters: {'window_influence': 0.43002907536364676, 'penalty_k': 0.12866047049559484, 'scale_lr': 0.6156004295209707}. Best is trial 65 with value: 0.3505306407403389.
checkpoint_e17 window_influence: 0.36482161299751314, penalty_k: 0.09288471394025798, scale_lr: 0.51568264035042755, EAO: 0.331
Trial 157 finished with value: 0.3310151098419256 and parameters: {'window_influence': 0.36482161299751314, 'penalty_k': 0.09288471394025798, 'scale_lr': 0.5156826403504275}. Best is trial 65 with value: 0.3505306407403389.
checkpoint_e17 window_influence: 0.32898735514415445, penalty_k: 0.14490741747573993, scale_lr: 0.64172547034584138, EAO: 0.306
Trial 158 finished with value: 0.3061719464884658 and parameters: {'window_influence': 0.32898735514415445, 'penalty_k': 0.14490741747573993, 'scale_lr': 0.6417254703458414}. Best is trial 65 with value: 0.3505306407403389.
checkpoint_e17 window_influence: 0.45633963168439290, penalty_k: 0.17126540381126779, scale_lr: 0.67791190751564312, EAO: 0.321
Trial 159 finished with value: 0.32072370038422165 and parameters: {'window_influence': 0.4563396316843929, 'penalty_k': 0.17126540381126779, 'scale_lr': 0.6779119075156431}. Best is trial 65 with value: 0.3505306407403389.
checkpoint_e17 window_influence: 0.41933721892259762, penalty_k: 0.15400205226134422, scale_lr: 0.76943823353135632, EAO: 0.337
Trial 160 finished with value: 0.33685859139095486 and parameters: {'window_influence': 0.4193372189225976, 'penalty_k': 0.15400205226134422, 'scale_lr': 0.7694382335313563}. Best is trial 65 with value: 0.3505306407403389.
checkpoint_e17 window_influence: 0.39416701781334423, penalty_k: 0.15518437747939529, scale_lr: 0.76890453029099604, EAO: 0.324
Trial 161 finished with value: 0.3244577894414909 and parameters: {'window_influence': 0.39416701781334423, 'penalty_k': 0.15518437747939529, 'scale_lr': 0.768904530290996}. Best is trial 65 with value: 0.3505306407403389.
checkpoint_e17 window_influence: 0.41544955251431215, penalty_k: 0.10683404798792298, scale_lr: 0.75441120788890348, EAO: 0.323
Trial 162 finished with value: 0.32331459856218864 and parameters: {'window_influence': 0.41544955251431215, 'penalty_k': 0.10683404798792298, 'scale_lr': 0.7544112078889035}. Best is trial 65 with value: 0.3505306407403389.
checkpoint_e17 window_influence: 0.41146143032339039, penalty_k: 0.13550911052570336, scale_lr: 0.73869400643304561, EAO: 0.334
Trial 163 finished with value: 0.3340003939802081 and parameters: {'window_influence': 0.4114614303233904, 'penalty_k': 0.13550911052570336, 'scale_lr': 0.7386940064330456}. Best is trial 65 with value: 0.3505306407403389.
checkpoint_e17 window_influence: 0.40989319515391881, penalty_k: 0.15649404891969290, scale_lr: 0.72604755312660796, EAO: 0.330
Trial 164 finished with value: 0.3300487543474375 and parameters: {'window_influence': 0.4098931951539188, 'penalty_k': 0.1564940489196929, 'scale_lr': 0.726047553126608}. Best is trial 65 with value: 0.3505306407403389.
checkpoint_e17 window_influence: 0.38072342139562593, penalty_k: 0.18927684922632282, scale_lr: 0.78403750752562629, EAO: 0.316
Trial 165 finished with value: 0.3157237471889429 and parameters: {'window_influence': 0.3807234213956259, 'penalty_k': 0.18927684922632282, 'scale_lr': 0.7840375075256263}. Best is trial 65 with value: 0.3505306407403389.
checkpoint_e17 window_influence: 0.35512881948371594, penalty_k: 0.13542331599354479, scale_lr: 0.73603809823803878, EAO: 0.321
Trial 166 finished with value: 0.32136507198968284 and parameters: {'window_influence': 0.35512881948371594, 'penalty_k': 0.1354233159935448, 'scale_lr': 0.7360380982380388}. Best is trial 65 with value: 0.3505306407403389.
checkpoint_e17 window_influence: 0.44308545489031909, penalty_k: 0.17471015407136559, scale_lr: 0.62978946488172449, EAO: 0.331
Trial 167 finished with value: 0.330963762585755 and parameters: {'window_influence': 0.4430854548903191, 'penalty_k': 0.1747101540713656, 'scale_lr': 0.6297894648817245}. Best is trial 65 with value: 0.3505306407403389.
checkpoint_e17 window_influence: 0.42165216997655081, penalty_k: 0.01576101256229790, scale_lr: 0.70139949006719360, EAO: 0.326
Trial 168 finished with value: 0.32603200794657844 and parameters: {'window_influence': 0.4216521699765508, 'penalty_k': 0.015761012562297904, 'scale_lr': 0.7013994900671936}. Best is trial 65 with value: 0.3505306407403389.
checkpoint_e17 window_influence: 0.39776262668835577, penalty_k: 0.04858902086922935, scale_lr: 0.56063132324400788, EAO: 0.328
Trial 169 finished with value: 0.32752410099200235 and parameters: {'window_influence': 0.39776262668835577, 'penalty_k': 0.04858902086922935, 'scale_lr': 0.5606313232440079}. Best is trial 65 with value: 0.3505306407403389.
checkpoint_e17 window_influence: 0.40972758453450742, penalty_k: 0.12201400308121255, scale_lr: 0.67158472264150937, EAO: 0.347
Trial 170 finished with value: 0.3470870294691524 and parameters: {'window_influence': 0.4097275845345074, 'penalty_k': 0.12201400308121255, 'scale_lr': 0.6715847226415094}. Best is trial 65 with value: 0.3505306407403389.
checkpoint_e17 window_influence: 0.40500752317301486, penalty_k: 0.12323473618690889, scale_lr: 0.64823444663656427, EAO: 0.325
Trial 171 finished with value: 0.3247607944656439 and parameters: {'window_influence': 0.40500752317301486, 'penalty_k': 0.12323473618690889, 'scale_lr': 0.6482344466365643}. Best is trial 65 with value: 0.3505306407403389.
checkpoint_e17 window_influence: 0.41982911394209066, penalty_k: 0.14440745651291939, scale_lr: 0.66323171290327942, EAO: 0.326
Trial 172 finished with value: 0.32604899115367625 and parameters: {'window_influence': 0.41982911394209066, 'penalty_k': 0.1444074565129194, 'scale_lr': 0.6632317129032794}. Best is trial 65 with value: 0.3505306407403389.
checkpoint_e17 window_influence: 0.38829546233032614, penalty_k: 0.11961394706782799, scale_lr: 0.67484484093622488, EAO: 0.326
Trial 173 finished with value: 0.3258941723214977 and parameters: {'window_influence': 0.38829546233032614, 'penalty_k': 0.11961394706782799, 'scale_lr': 0.6748448409362249}. Best is trial 65 with value: 0.3505306407403389.
checkpoint_e17 window_influence: 0.43743948842436770, penalty_k: 0.25151811551491798, scale_lr: 0.69446087774950527, EAO: 0.326
Trial 174 finished with value: 0.3261988911531315 and parameters: {'window_influence': 0.4374394884243677, 'penalty_k': 0.251518115514918, 'scale_lr': 0.6944608777495053}. Best is trial 65 with value: 0.3505306407403389.
checkpoint_e17 window_influence: 0.37333932830024347, penalty_k: 0.08402404080532638, scale_lr: 0.77193290515541535, EAO: 0.336
Trial 175 finished with value: 0.33553086151640704 and parameters: {'window_influence': 0.37333932830024347, 'penalty_k': 0.08402404080532638, 'scale_lr': 0.7719329051554153}. Best is trial 65 with value: 0.3505306407403389.
checkpoint_e17 window_influence: 0.37112800640359861, penalty_k: 0.08487305467386427, scale_lr: 0.76955811634028093, EAO: 0.328
Trial 176 finished with value: 0.3283526638834393 and parameters: {'window_influence': 0.3711280064035986, 'penalty_k': 0.08487305467386427, 'scale_lr': 0.7695581163402809}. Best is trial 65 with value: 0.3505306407403389.
checkpoint_e17 window_influence: 0.40795772006798775, penalty_k: 0.06211067219282718, scale_lr: 0.78974900612016719, EAO: 0.337
Trial 177 finished with value: 0.3370241682817036 and parameters: {'window_influence': 0.40795772006798775, 'penalty_k': 0.06211067219282718, 'scale_lr': 0.7897490061201672}. Best is trial 65 with value: 0.3505306407403389.
checkpoint_e17 window_influence: 0.41122716026320377, penalty_k: 0.06262522005798460, scale_lr: 0.79403229680032250, EAO: 0.322
Trial 178 finished with value: 0.32159899668007047 and parameters: {'window_influence': 0.4112271602632038, 'penalty_k': 0.0626252200579846, 'scale_lr': 0.7940322968003225}. Best is trial 65 with value: 0.3505306407403389.
checkpoint_e17 window_influence: 0.39268962758737469, penalty_k: 0.03164179836513689, scale_lr: 0.77751248555898034, EAO: 0.303
Trial 179 finished with value: 0.303448354281804 and parameters: {'window_influence': 0.3926896275873747, 'penalty_k': 0.03164179836513689, 'scale_lr': 0.7775124855589803}. Best is trial 65 with value: 0.3505306407403389.
checkpoint_e17 window_influence: 0.45199682051414669, penalty_k: 0.04494095778793421, scale_lr: 0.76478900522614335, EAO: 0.318
Trial 180 finished with value: 0.3182660632328301 and parameters: {'window_influence': 0.4519968205141467, 'penalty_k': 0.044940957787934215, 'scale_lr': 0.7647890052261433}. Best is trial 65 with value: 0.3505306407403389.
checkpoint_e17 window_influence: 0.40335992205214333, penalty_k: 0.07445370293793227, scale_lr: 0.74899570656444325, EAO: 0.331
Trial 181 finished with value: 0.330935297077268 and parameters: {'window_influence': 0.4033599220521433, 'penalty_k': 0.07445370293793227, 'scale_lr': 0.7489957065644433}. Best is trial 65 with value: 0.3505306407403389.
checkpoint_e17 window_influence: 0.38196927870192687, penalty_k: 0.06134932263646518, scale_lr: 0.79912991708100400, EAO: 0.314
Trial 182 finished with value: 0.31357128367349796 and parameters: {'window_influence': 0.3819692787019269, 'penalty_k': 0.06134932263646518, 'scale_lr': 0.799129917081004}. Best is trial 65 with value: 0.3505306407403389.
checkpoint_e17 window_influence: 0.42847237436352814, penalty_k: 0.30740174047583768, scale_lr: 0.73178036816629310, EAO: 0.322
Trial 183 finished with value: 0.3219359706116094 and parameters: {'window_influence': 0.42847237436352814, 'penalty_k': 0.3074017404758377, 'scale_lr': 0.7317803681662931}. Best is trial 65 with value: 0.3505306407403389.
checkpoint_e17 window_influence: 0.41890303104042703, penalty_k: 0.09160458127429211, scale_lr: 0.78322402502417110, EAO: 0.306
Trial 184 finished with value: 0.3058220633388957 and parameters: {'window_influence': 0.41890303104042703, 'penalty_k': 0.09160458127429211, 'scale_lr': 0.7832240250241711}. Best is trial 65 with value: 0.3505306407403389.
checkpoint_e17 window_influence: 0.36371333723194971, penalty_k: 0.07721088560806333, scale_lr: 0.74465368784273067, EAO: 0.329
Trial 185 finished with value: 0.32861075901103853 and parameters: {'window_influence': 0.3637133372319497, 'penalty_k': 0.07721088560806333, 'scale_lr': 0.7446536878427307}. Best is trial 65 with value: 0.3505306407403389.
checkpoint_e17 window_influence: 0.39560459574502199, penalty_k: 0.02283162071819320, scale_lr: 0.76082344379881595, EAO: 0.314
