Trial 13 finished with value: 0.23541444168944303 and parameters: {'window_influence': 0.634802026276409, 'penalty_k': 0.3071964597625121, 'scale_lr': 0.6084394521448386}. Best is trial 4 with value: 0.3306027331356872.
checkpoint_e31 window_influence: 0.48051114631154912, penalty_k: 0.14090736311665553, scale_lr: 0.37924831147757115, EAO: 0.333
Trial 14 finished with value: 0.33288792743989004 and parameters: {'window_influence': 0.4805111463115491, 'penalty_k': 0.14090736311665553, 'scale_lr': 0.37924831147757115}. Best is trial 14 with value: 0.33288792743989004.
checkpoint_e31 window_influence: 0.37373770240853244, penalty_k: 0.12742011146166252, scale_lr: 0.60372480113145610, EAO: 0.324
Trial 15 finished with value: 0.3237584748156804 and parameters: {'window_influence': 0.37373770240853244, 'penalty_k': 0.12742011146166252, 'scale_lr': 0.6037248011314561}. Best is trial 14 with value: 0.33288792743989004.
checkpoint_e31 window_influence: 0.56205573907607920, penalty_k: 0.08221808864658595, scale_lr: 0.40532635812813111, EAO: 0.301
Trial 16 finished with value: 0.30147481608251653 and parameters: {'window_influence': 0.5620557390760792, 'penalty_k': 0.08221808864658595, 'scale_lr': 0.4053263581281311}. Best is trial 14 with value: 0.33288792743989004.
checkpoint_e31 window_influence: 0.27512466562589732, penalty_k: 0.19006911992678566, scale_lr: 0.28796834204092403, EAO: 0.289
Trial 17 finished with value: 0.2888537774637979 and parameters: {'window_influence': 0.2751246656258973, 'penalty_k': 0.19006911992678566, 'scale_lr': 0.28796834204092403}. Best is trial 14 with value: 0.33288792743989004.
checkpoint_e31 window_influence: 0.44201305208948249, penalty_k: 0.07385334772277995, scale_lr: 0.41236681679868964, EAO: 0.315
Trial 18 finished with value: 0.3151889775629637 and parameters: {'window_influence': 0.4420130520894825, 'penalty_k': 0.07385334772277995, 'scale_lr': 0.41236681679868964}. Best is trial 14 with value: 0.33288792743989004.
checkpoint_e31 window_influence: 0.37323138260800731, penalty_k: 0.28920224521590426, scale_lr: 0.53421315341316733, EAO: 0.316
Trial 19 finished with value: 0.31588125362238534 and parameters: {'window_influence': 0.3732313826080073, 'penalty_k': 0.28920224521590426, 'scale_lr': 0.5342131534131673}. Best is trial 14 with value: 0.33288792743989004.
checkpoint_e31 window_influence: 0.50385319319550870, penalty_k: 0.18431417170234293, scale_lr: 0.42246946820028486, EAO: 0.329
Trial 20 finished with value: 0.3293070417433861 and parameters: {'window_influence': 0.5038531931955087, 'penalty_k': 0.18431417170234293, 'scale_lr': 0.42246946820028486}. Best is trial 14 with value: 0.33288792743989004.
checkpoint_e31 window_influence: 0.49759375067792933, penalty_k: 0.17595931682842278, scale_lr: 0.39995555030107882, EAO: 0.321
Trial 21 finished with value: 0.3206244911781081 and parameters: {'window_influence': 0.4975937506779293, 'penalty_k': 0.17595931682842278, 'scale_lr': 0.3999555503010788}. Best is trial 14 with value: 0.33288792743989004.
checkpoint_e31 window_influence: 0.55876506616768429, penalty_k: 0.09341437034561423, scale_lr: 0.48962523978507283, EAO: 0.301
Trial 22 finished with value: 0.3011816779463208 and parameters: {'window_influence': 0.5587650661676843, 'penalty_k': 0.09341437034561423, 'scale_lr': 0.48962523978507283}. Best is trial 14 with value: 0.33288792743989004.
checkpoint_e31 window_influence: 0.45932960234357273, penalty_k: 0.20405152560422721, scale_lr: 0.25176421667643806, EAO: 0.329
Trial 23 finished with value: 0.32931251464418865 and parameters: {'window_influence': 0.45932960234357273, 'penalty_k': 0.2040515256042272, 'scale_lr': 0.25176421667643806}. Best is trial 14 with value: 0.33288792743989004.
checkpoint_e31 window_influence: 0.42442287294358372, penalty_k: 0.07245882690554101, scale_lr: 0.26542353458865858, EAO: 0.311
Trial 24 finished with value: 0.3112212598671709 and parameters: {'window_influence': 0.4244228729435837, 'penalty_k': 0.07245882690554101, 'scale_lr': 0.2654235345886586}. Best is trial 14 with value: 0.33288792743989004.
checkpoint_e31 window_influence: 0.45160447132609410, penalty_k: 0.15741101323744996, scale_lr: 0.20803628986184347, EAO: 0.319
Trial 25 finished with value: 0.31867819711392026 and parameters: {'window_influence': 0.4516044713260941, 'penalty_k': 0.15741101323744996, 'scale_lr': 0.20803628986184347}. Best is trial 14 with value: 0.33288792743989004.
checkpoint_e31 window_influence: 0.39007433235157191, penalty_k: 0.21280186176366281, scale_lr: 0.10036916106722604, EAO: 0.313
Trial 26 finished with value: 0.3133824498389018 and parameters: {'window_influence': 0.3900743323515719, 'penalty_k': 0.2128018617636628, 'scale_lr': 0.10036916106722604}. Best is trial 14 with value: 0.33288792743989004.
checkpoint_e31 window_influence: 0.31287390672925625, penalty_k: 0.11708216637279491, scale_lr: 0.29082569114722739, EAO: 0.300
Trial 27 finished with value: 0.30028161864568287 and parameters: {'window_influence': 0.31287390672925625, 'penalty_k': 0.11708216637279491, 'scale_lr': 0.2908256911472274}. Best is trial 14 with value: 0.33288792743989004.
checkpoint_e31 window_influence: 0.45699029443091432, penalty_k: 0.26723120786674981, scale_lr: 0.37721374151395543, EAO: 0.318
Trial 28 finished with value: 0.3178013488940228 and parameters: {'window_influence': 0.4569902944309143, 'penalty_k': 0.2672312078667498, 'scale_lr': 0.3772137415139554}. Best is trial 14 with value: 0.33288792743989004.
checkpoint_e31 window_influence: 0.40522360910812083, penalty_k: 0.00460425303653708, scale_lr: 0.23933237101517035, EAO: 0.318
Trial 29 finished with value: 0.31815971857378916 and parameters: {'window_influence': 0.40522360910812083, 'penalty_k': 0.0046042530365370815, 'scale_lr': 0.23933237101517035}. Best is trial 14 with value: 0.33288792743989004.
checkpoint_e31 window_influence: 0.27636328804435539, penalty_k: 0.04216557798494067, scale_lr: 0.23391652507179367, EAO: 0.308
Trial 30 finished with value: 0.30836040025091355 and parameters: {'window_influence': 0.2763632880443554, 'penalty_k': 0.042165577984940666, 'scale_lr': 0.23391652507179367}. Best is trial 14 with value: 0.33288792743989004.
checkpoint_e31 window_influence: 0.51072402612376955, penalty_k: 0.18057113964188573, scale_lr: 0.44220035792391210, EAO: 0.310
Trial 31 finished with value: 0.30987903394587774 and parameters: {'window_influence': 0.5107240261237695, 'penalty_k': 0.18057113964188573, 'scale_lr': 0.4422003579239121}. Best is trial 14 with value: 0.33288792743989004.
checkpoint_e31 window_influence: 0.47301349250621799, penalty_k: 0.19888462227734424, scale_lr: 0.31006681030245048, EAO: 0.307
Trial 32 finished with value: 0.3066694983480505 and parameters: {'window_influence': 0.473013492506218, 'penalty_k': 0.19888462227734424, 'scale_lr': 0.3100668103024505}. Best is trial 14 with value: 0.33288792743989004.
checkpoint_e31 window_influence: 0.42041708244071457, penalty_k: 0.16965614397410295, scale_lr: 0.36646027838341610, EAO: 0.308
Trial 33 finished with value: 0.30845233374764486 and parameters: {'window_influence': 0.4204170824407146, 'penalty_k': 0.16965614397410295, 'scale_lr': 0.3664602783834161}. Best is trial 14 with value: 0.33288792743989004.
checkpoint_e31 window_influence: 0.48414877324143057, penalty_k: 0.11131282353697713, scale_lr: 0.45708467816367127, EAO: 0.332
Trial 34 finished with value: 0.33229515571074725 and parameters: {'window_influence': 0.4841487732414306, 'penalty_k': 0.11131282353697713, 'scale_lr': 0.45708467816367127}. Best is trial 14 with value: 0.33288792743989004.
checkpoint_e31 window_influence: 0.36576037402163997, penalty_k: 0.10085797664424029, scale_lr: 0.46240573518048061, EAO: 0.302
Trial 35 finished with value: 0.30185136570077 and parameters: {'window_influence': 0.36576037402163997, 'penalty_k': 0.10085797664424029, 'scale_lr': 0.4624057351804806}. Best is trial 14 with value: 0.33288792743989004.
checkpoint_e31 window_influence: 0.40770719588371135, penalty_k: 0.04522613442810221, scale_lr: 0.36268563745529003, EAO: 0.319
Trial 36 finished with value: 0.31930027130976724 and parameters: {'window_influence': 0.40770719588371135, 'penalty_k': 0.04522613442810221, 'scale_lr': 0.36268563745529003}. Best is trial 14 with value: 0.33288792743989004.
checkpoint_e31 window_influence: 0.47286450602305846, penalty_k: 0.13640888257055309, scale_lr: 0.51689091309169433, EAO: 0.313
Trial 37 finished with value: 0.3125173121342863 and parameters: {'window_influence': 0.47286450602305846, 'penalty_k': 0.13640888257055309, 'scale_lr': 0.5168909130916943}. Best is trial 14 with value: 0.33288792743989004.
checkpoint_e31 window_influence: 0.53190729884925436, penalty_k: 0.11212686877917438, scale_lr: 0.46339242972241818, EAO: 0.313
Trial 38 finished with value: 0.3127741855406112 and parameters: {'window_influence': 0.5319072988492544, 'penalty_k': 0.11212686877917438, 'scale_lr': 0.4633924297224182}. Best is trial 14 with value: 0.33288792743989004.
checkpoint_e31 window_influence: 0.59598198109170508, penalty_k: 0.22434188473808098, scale_lr: 0.44902358837514811, EAO: 0.273
Trial 39 finished with value: 0.27299729523027916 and parameters: {'window_influence': 0.5959819810917051, 'penalty_k': 0.22434188473808098, 'scale_lr': 0.4490235883751481}. Best is trial 14 with value: 0.33288792743989004.
checkpoint_e31 window_influence: 0.43526369841202056, penalty_k: 0.15851997677096250, scale_lr: 0.32048847283400894, EAO: 0.307
Trial 40 finished with value: 0.30654215151697745 and parameters: {'window_influence': 0.43526369841202056, 'penalty_k': 0.1585199767709625, 'scale_lr': 0.32048847283400894}. Best is trial 14 with value: 0.33288792743989004.
checkpoint_e31 window_influence: 0.48847181127243744, penalty_k: 0.20479430825632278, scale_lr: 0.41492073388907058, EAO: 0.324
Trial 41 finished with value: 0.3242667213604144 and parameters: {'window_influence': 0.48847181127243744, 'penalty_k': 0.20479430825632278, 'scale_lr': 0.4149207338890706}. Best is trial 14 with value: 0.33288792743989004.
checkpoint_e31 window_influence: 0.53043562298479818, penalty_k: 0.15067150327057138, scale_lr: 0.50656469771846446, EAO: 0.317
Trial 42 finished with value: 0.31688082403709916 and parameters: {'window_influence': 0.5304356229847982, 'penalty_k': 0.15067150327057138, 'scale_lr': 0.5065646977184645}. Best is trial 14 with value: 0.33288792743989004.
checkpoint_e31 window_influence: 0.47695538578005536, penalty_k: 0.11391933816798260, scale_lr: 0.36393969373546586, EAO: 0.320
Trial 43 finished with value: 0.3201312950960857 and parameters: {'window_influence': 0.47695538578005536, 'penalty_k': 0.1139193381679826, 'scale_lr': 0.36393969373546586}. Best is trial 14 with value: 0.33288792743989004.
checkpoint_e31 window_influence: 0.51044783919419467, penalty_k: 0.23648168156607735, scale_lr: 0.48250677232261990, EAO: 0.323
Trial 44 finished with value: 0.3234630839949916 and parameters: {'window_influence': 0.5104478391941947, 'penalty_k': 0.23648168156607735, 'scale_lr': 0.4825067723226199}. Best is trial 14 with value: 0.33288792743989004.
checkpoint_e31 window_influence: 0.44067174296916067, penalty_k: 0.05017934981450295, scale_lr: 0.42285946968216381, EAO: 0.306
Trial 45 finished with value: 0.3059946992633871 and parameters: {'window_influence': 0.4406717429691607, 'penalty_k': 0.05017934981450295, 'scale_lr': 0.4228594696821638}. Best is trial 14 with value: 0.33288792743989004.
checkpoint_e31 window_influence: 0.39255211962958342, penalty_k: 0.14616755496914130, scale_lr: 0.33961734023615231, EAO: 0.313
Trial 46 finished with value: 0.3132300922494918 and parameters: {'window_influence': 0.3925521196295834, 'penalty_k': 0.1461675549691413, 'scale_lr': 0.3396173402361523}. Best is trial 14 with value: 0.33288792743989004.
checkpoint_e31 window_influence: 0.49601387406651171, penalty_k: 0.18848805513254402, scale_lr: 0.55115758272255078, EAO: 0.323
Trial 47 finished with value: 0.32323991423219095 and parameters: {'window_influence': 0.4960138740665117, 'penalty_k': 0.18848805513254402, 'scale_lr': 0.5511575827225508}. Best is trial 14 with value: 0.33288792743989004.
checkpoint_e31 window_influence: 0.45909839078137116, penalty_k: 0.12298856282620360, scale_lr: 0.39089834730312017, EAO: 0.303
Trial 48 finished with value: 0.3030014953028831 and parameters: {'window_influence': 0.45909839078137116, 'penalty_k': 0.1229885628262036, 'scale_lr': 0.3908983473031202}. Best is trial 14 with value: 0.33288792743989004.
checkpoint_e31 window_influence: 0.58579534046019233, penalty_k: 0.24965428947063098, scale_lr: 0.43449988924785055, EAO: 0.254
Trial 49 finished with value: 0.2544420817830683 and parameters: {'window_influence': 0.5857953404601923, 'penalty_k': 0.24965428947063098, 'scale_lr': 0.43449988924785055}. Best is trial 14 with value: 0.33288792743989004.
checkpoint_e31 window_influence: 0.53469411832495228, penalty_k: 0.08679612173019764, scale_lr: 0.47190129204697340, EAO: 0.316
Trial 50 finished with value: 0.31602129467730394 and parameters: {'window_influence': 0.5346941183249523, 'penalty_k': 0.08679612173019764, 'scale_lr': 0.4719012920469734}. Best is trial 14 with value: 0.33288792743989004.
checkpoint_e31 window_influence: 0.48012943235825878, penalty_k: 0.21414313275528796, scale_lr: 0.34845358806730209, EAO: 0.322
Trial 51 finished with value: 0.32164346244084696 and parameters: {'window_influence': 0.4801294323582588, 'penalty_k': 0.21414313275528796, 'scale_lr': 0.3484535880673021}. Best is trial 14 with value: 0.33288792743989004.
checkpoint_e31 window_influence: 0.42366408368753772, penalty_k: 0.16832963027761785, scale_lr: 0.37520357879451882, EAO: 0.327
Trial 52 finished with value: 0.3270282174826596 and parameters: {'window_influence': 0.4236640836875377, 'penalty_k': 0.16832963027761785, 'scale_lr': 0.3752035787945188}. Best is trial 14 with value: 0.33288792743989004.
checkpoint_e31 window_influence: 0.44496579524140739, penalty_k: 0.13259961932745057, scale_lr: 0.39729950676602743, EAO: 0.304
Trial 53 finished with value: 0.3041926192750263 and parameters: {'window_influence': 0.4449657952414074, 'penalty_k': 0.13259961932745057, 'scale_lr': 0.39729950676602743}. Best is trial 14 with value: 0.33288792743989004.
checkpoint_e31 window_influence: 0.55516891606020147, penalty_k: 0.19782049715204730, scale_lr: 0.42973968409877078, EAO: 0.300
Trial 54 finished with value: 0.3003354799654697 and parameters: {'window_influence': 0.5551689160602015, 'penalty_k': 0.1978204971520473, 'scale_lr': 0.4297396840987708}. Best is trial 14 with value: 0.33288792743989004.
checkpoint_e31 window_influence: 0.51020843390188597, penalty_k: 0.29889388108186593, scale_lr: 0.32788987606154291, EAO: 0.298
Trial 55 finished with value: 0.2980198618966782 and parameters: {'window_influence': 0.510208433901886, 'penalty_k': 0.29889388108186593, 'scale_lr': 0.3278898760615429}. Best is trial 14 with value: 0.33288792743989004.
checkpoint_e31 window_influence: 0.49371000024927431, penalty_k: 0.16657351017887231, scale_lr: 0.29425272531586022, EAO: 0.331
Trial 56 finished with value: 0.331463346685417 and parameters: {'window_influence': 0.4937100002492743, 'penalty_k': 0.1665735101788723, 'scale_lr': 0.2942527253158602}. Best is trial 14 with value: 0.33288792743989004.
checkpoint_e31 window_influence: 0.46418305181989661, penalty_k: 0.09778189377026950, scale_lr: 0.27378624168488702, EAO: 0.330
Trial 57 finished with value: 0.3303506919961959 and parameters: {'window_influence': 0.4641830518198966, 'penalty_k': 0.0977818937702695, 'scale_lr': 0.273786241684887}. Best is trial 14 with value: 0.33288792743989004.
checkpoint_e31 window_influence: 0.34648122695950551, penalty_k: 0.07449866365341037, scale_lr: 0.26589672049905549, EAO: 0.291
Trial 58 finished with value: 0.2911190879368133 and parameters: {'window_influence': 0.3464812269595055, 'penalty_k': 0.07449866365341037, 'scale_lr': 0.2658967204990555}. Best is trial 14 with value: 0.33288792743989004.
checkpoint_e31 window_influence: 0.46336678690723254, penalty_k: 0.09877409521817848, scale_lr: 0.19712448810522118, EAO: 0.317
Trial 59 finished with value: 0.31730946301254315 and parameters: {'window_influence': 0.46336678690723254, 'penalty_k': 0.09877409521817848, 'scale_lr': 0.19712448810522118}. Best is trial 14 with value: 0.33288792743989004.
checkpoint_e31 window_influence: 0.39438198338088520, penalty_k: 0.15079137550572308, scale_lr: 0.29745652058719152, EAO: 0.298
Trial 60 finished with value: 0.29762971250463555 and parameters: {'window_influence': 0.3943819833808852, 'penalty_k': 0.15079137550572308, 'scale_lr': 0.2974565205871915}. Best is trial 14 with value: 0.33288792743989004.
checkpoint_e31 window_influence: 0.49833119674325799, penalty_k: 0.17153721240405945, scale_lr: 0.26885216742883472, EAO: 0.314
Trial 61 finished with value: 0.313546629615331 and parameters: {'window_influence': 0.498331196743258, 'penalty_k': 0.17153721240405945, 'scale_lr': 0.2688521674288347}. Best is trial 14 with value: 0.33288792743989004.
checkpoint_e31 window_influence: 0.43681522130927608, penalty_k: 0.12852662766631920, scale_lr: 0.30406065191257836, EAO: 0.331
Trial 62 finished with value: 0.33092155785876026 and parameters: {'window_influence': 0.4368152213092761, 'penalty_k': 0.1285266276663192, 'scale_lr': 0.30406065191257836}. Best is trial 14 with value: 0.33288792743989004.
checkpoint_e31 window_influence: 0.43217694878383911, penalty_k: 0.10999051895502393, scale_lr: 0.28467212704602701, EAO: 0.324
Trial 63 finished with value: 0.324169861667351 and parameters: {'window_influence': 0.4321769487838391, 'penalty_k': 0.10999051895502393, 'scale_lr': 0.284672127046027}. Best is trial 14 with value: 0.33288792743989004.
checkpoint_e31 window_influence: 0.45428001734969470, penalty_k: 0.06284570569365892, scale_lr: 0.24471313304994718, EAO: 0.325
Trial 64 finished with value: 0.32531398633342773 and parameters: {'window_influence': 0.4542800173496947, 'penalty_k': 0.06284570569365892, 'scale_lr': 0.24471313304994718}. Best is trial 14 with value: 0.33288792743989004.
checkpoint_e31 window_influence: 0.41636502863986502, penalty_k: 0.12739861050211898, scale_lr: 0.30981941289084097, EAO: 0.316
Trial 65 finished with value: 0.3163792890449442 and parameters: {'window_influence': 0.416365028639865, 'penalty_k': 0.12739861050211898, 'scale_lr': 0.309819412890841}. Best is trial 14 with value: 0.33288792743989004.
checkpoint_e31 window_influence: 0.48687759268823877, penalty_k: 0.09241334807479493, scale_lr: 0.32951066253852485, EAO: 0.331
Trial 66 finished with value: 0.33092567284051544 and parameters: {'window_influence': 0.48687759268823877, 'penalty_k': 0.09241334807479493, 'scale_lr': 0.32951066253852485}. Best is trial 14 with value: 0.33288792743989004.
checkpoint_e31 window_influence: 0.48921264539126041, penalty_k: 0.09246273664224910, scale_lr: 0.34592398423427972, EAO: 0.317
Trial 67 finished with value: 0.3173735766791184 and parameters: {'window_influence': 0.4892126453912604, 'penalty_k': 0.0924627366422491, 'scale_lr': 0.3459239842342797}. Best is trial 14 with value: 0.33288792743989004.
checkpoint_e31 window_influence: 0.37120109177873706, penalty_k: 0.02733778529552620, scale_lr: 0.21816029529731218, EAO: 0.322
Trial 68 finished with value: 0.32201929007754715 and parameters: {'window_influence': 0.37120109177873706, 'penalty_k': 0.027337785295526204, 'scale_lr': 0.21816029529731218}. Best is trial 14 with value: 0.33288792743989004.
checkpoint_e31 window_influence: 0.47556076465639163, penalty_k: 0.06850330088964840, scale_lr: 0.32265435090893185, EAO: 0.325
Trial 69 finished with value: 0.32492289677668174 and parameters: {'window_influence': 0.47556076465639163, 'penalty_k': 0.0685033008896484, 'scale_lr': 0.32265435090893185}. Best is trial 14 with value: 0.33288792743989004.
checkpoint_e31 window_influence: 0.54540086265522458, penalty_k: 0.08809304513380517, scale_lr: 0.27997311646193546, EAO: 0.303
Trial 70 finished with value: 0.3033662686552055 and parameters: {'window_influence': 0.5454008626552246, 'penalty_k': 0.08809304513380517, 'scale_lr': 0.27997311646193546}. Best is trial 14 with value: 0.33288792743989004.
checkpoint_e31 window_influence: 0.51787549615954187, penalty_k: 0.13628412453609184, scale_lr: 0.25130335346673638, EAO: 0.342
Trial 71 finished with value: 0.3423913077157759 and parameters: {'window_influence': 0.5178754961595419, 'penalty_k': 0.13628412453609184, 'scale_lr': 0.2513033534667364}. Best is trial 71 with value: 0.3423913077157759.
checkpoint_e31 window_influence: 0.52551172640010402, penalty_k: 0.13363476099209459, scale_lr: 0.30569407087200040, EAO: 0.310
Trial 72 finished with value: 0.3104152951954868 and parameters: {'window_influence': 0.525511726400104, 'penalty_k': 0.1336347609920946, 'scale_lr': 0.3056940708720004}. Best is trial 71 with value: 0.3423913077157759.
checkpoint_e31 window_influence: 0.51631854824054968, penalty_k: 0.10772854550798279, scale_lr: 0.25764331641114890, EAO: 0.347
Trial 73 finished with value: 0.34714627428277456 and parameters: {'window_influence': 0.5163185482405497, 'penalty_k': 0.10772854550798279, 'scale_lr': 0.2576433164111489}. Best is trial 73 with value: 0.34714627428277456.
checkpoint_e31 window_influence: 0.51396834083306675, penalty_k: 0.11806821972586952, scale_lr: 0.25328938538394319, EAO: 0.323
Trial 74 finished with value: 0.3233638001091285 and parameters: {'window_influence': 0.5139683408330668, 'penalty_k': 0.11806821972586952, 'scale_lr': 0.2532893853839432}. Best is trial 73 with value: 0.34714627428277456.
checkpoint_e31 window_influence: 0.56757667542251511, penalty_k: 0.15894622491884014, scale_lr: 0.19390515781262108, EAO: 0.285
