Trial 3113 finished with value: 0.3365351820966149 and parameters: {'window_influence': 0.3982359300788188, 'penalty_k': 0.029341680179618256, 'scale_lr': 0.6696240845203865}. Best is trial 1674 with value: 0.38142600678748195.
checkpoint_e33 window_influence: 0.07721687431107316, penalty_k: 0.06838140276618634, scale_lr: 0.49543879279149838, EAO: 0.260
Trial 3114 finished with value: 0.25952568574870144 and parameters: {'window_influence': 0.07721687431107316, 'penalty_k': 0.06838140276618634, 'scale_lr': 0.4954387927914984}. Best is trial 1674 with value: 0.38142600678748195.
checkpoint_e33 window_influence: 0.47906722478774205, penalty_k: 0.49229667336322080, scale_lr: 0.46994214276020146, EAO: 0.310
Trial 3115 finished with value: 0.3102934071178102 and parameters: {'window_influence': 0.47906722478774205, 'penalty_k': 0.4922966733632208, 'scale_lr': 0.46994214276020146}. Best is trial 1674 with value: 0.38142600678748195.
checkpoint_e33 window_influence: 0.45556352204264999, penalty_k: 0.10125313112319625, scale_lr: 0.55764096539439945, EAO: 0.355
Trial 3116 finished with value: 0.355016316421301 and parameters: {'window_influence': 0.45556352204265, 'penalty_k': 0.10125313112319625, 'scale_lr': 0.5576409653943994}. Best is trial 1674 with value: 0.38142600678748195.
checkpoint_e33 window_influence: 0.37590687307170856, penalty_k: 0.11444340688611655, scale_lr: 0.42197438874778864, EAO: 0.309
Trial 3117 finished with value: 0.3093693038368967 and parameters: {'window_influence': 0.37590687307170856, 'penalty_k': 0.11444340688611655, 'scale_lr': 0.42197438874778864}. Best is trial 1674 with value: 0.38142600678748195.
checkpoint_e33 window_influence: 0.51502265811577042, penalty_k: 0.01276396119030405, scale_lr: 0.51851844371004807, EAO: 0.335
Trial 3118 finished with value: 0.3350913682336473 and parameters: {'window_influence': 0.5150226581157704, 'penalty_k': 0.01276396119030405, 'scale_lr': 0.5185184437100481}. Best is trial 1674 with value: 0.38142600678748195.
checkpoint_e33 window_influence: 0.41024223311124913, penalty_k: 0.33489118727583589, scale_lr: 0.40561985832350622, EAO: 0.340
Trial 3119 finished with value: 0.33996322090059866 and parameters: {'window_influence': 0.41024223311124913, 'penalty_k': 0.3348911872758359, 'scale_lr': 0.4056198583235062}. Best is trial 1674 with value: 0.38142600678748195.
checkpoint_e33 window_influence: 0.21434280715362372, penalty_k: 0.08394180837533652, scale_lr: 0.74851922260650683, EAO: 0.298
Trial 3120 finished with value: 0.2980181216497829 and parameters: {'window_influence': 0.21434280715362372, 'penalty_k': 0.08394180837533652, 'scale_lr': 0.7485192226065068}. Best is trial 1674 with value: 0.38142600678748195.
checkpoint_e33 window_influence: 0.49057919537541744, penalty_k: 0.03690617378670316, scale_lr: 0.69825165347905838, EAO: 0.322
Trial 3121 finished with value: 0.3215134531723386 and parameters: {'window_influence': 0.49057919537541744, 'penalty_k': 0.03690617378670316, 'scale_lr': 0.6982516534790584}. Best is trial 1674 with value: 0.38142600678748195.
checkpoint_e33 window_influence: 0.46575569228544916, penalty_k: 0.05266773149100584, scale_lr: 0.17384823679206013, EAO: 0.338
Trial 3122 finished with value: 0.3377567242091732 and parameters: {'window_influence': 0.46575569228544916, 'penalty_k': 0.05266773149100584, 'scale_lr': 0.17384823679206013}. Best is trial 1674 with value: 0.38142600678748195.
checkpoint_e33 window_influence: 0.44683858618458477, penalty_k: 0.14226456340425686, scale_lr: 0.60516128149152126, EAO: 0.355
Trial 3123 finished with value: 0.35517363754691783 and parameters: {'window_influence': 0.4468385861845848, 'penalty_k': 0.14226456340425686, 'scale_lr': 0.6051612814915213}. Best is trial 1674 with value: 0.38142600678748195.
checkpoint_e33 window_influence: 0.20660902369585502, penalty_k: 0.19427760088330182, scale_lr: 0.46004570121013710, EAO: 0.290
Trial 3124 finished with value: 0.28986197675248526 and parameters: {'window_influence': 0.20660902369585502, 'penalty_k': 0.19427760088330182, 'scale_lr': 0.4600457012101371}. Best is trial 1674 with value: 0.38142600678748195.
checkpoint_e33 window_influence: 0.47401035406054498, penalty_k: 0.15706720702680751, scale_lr: 0.48454840236330915, EAO: 0.349
Trial 3125 finished with value: 0.3493790333141149 and parameters: {'window_influence': 0.474010354060545, 'penalty_k': 0.15706720702680751, 'scale_lr': 0.48454840236330915}. Best is trial 1674 with value: 0.38142600678748195.
checkpoint_e33 window_influence: 0.50298760385082864, penalty_k: 0.24800589054951144, scale_lr: 0.14593709610913153, EAO: 0.313
Trial 3126 finished with value: 0.31305821767576936 and parameters: {'window_influence': 0.5029876038508286, 'penalty_k': 0.24800589054951144, 'scale_lr': 0.14593709610913153}. Best is trial 1674 with value: 0.38142600678748195.
checkpoint_e33 window_influence: 0.48465633945371706, penalty_k: 0.45464651158195535, scale_lr: 0.50909665778648427, EAO: 0.303
Trial 3127 finished with value: 0.302794013911648 and parameters: {'window_influence': 0.48465633945371706, 'penalty_k': 0.45464651158195535, 'scale_lr': 0.5090966577864843}. Best is trial 1674 with value: 0.38142600678748195.
checkpoint_e33 window_influence: 0.49504005805811957, penalty_k: 0.06406845284158019, scale_lr: 0.65376642023949749, EAO: 0.330
Trial 3128 finished with value: 0.3301403663965515 and parameters: {'window_influence': 0.49504005805811957, 'penalty_k': 0.06406845284158019, 'scale_lr': 0.6537664202394975}. Best is trial 1674 with value: 0.38142600678748195.
checkpoint_e33 window_influence: 0.52709644192004168, penalty_k: 0.18503032046774823, scale_lr: 0.38497585663339284, EAO: 0.324
Trial 3129 finished with value: 0.3237196870930928 and parameters: {'window_influence': 0.5270964419200417, 'penalty_k': 0.18503032046774823, 'scale_lr': 0.38497585663339284}. Best is trial 1674 with value: 0.38142600678748195.
checkpoint_e33 window_influence: 0.46629545485683238, penalty_k: 0.46719949696944102, scale_lr: 0.30921187679569218, EAO: 0.308
Trial 3130 finished with value: 0.3077493300117871 and parameters: {'window_influence': 0.4662954548568324, 'penalty_k': 0.467199496969441, 'scale_lr': 0.3092118767956922}. Best is trial 1674 with value: 0.38142600678748195.
checkpoint_e33 window_influence: 0.51290948199772091, penalty_k: 0.54214774351064365, scale_lr: 0.78900895113388392, EAO: 0.307
Trial 3131 finished with value: 0.30668615720847237 and parameters: {'window_influence': 0.5129094819977209, 'penalty_k': 0.5421477435106437, 'scale_lr': 0.7890089511338839}. Best is trial 1674 with value: 0.38142600678748195.
checkpoint_e33 window_influence: 0.44611611103583870, penalty_k: 0.59027464865222745, scale_lr: 0.62811961053189658, EAO: 0.323
Trial 3132 finished with value: 0.32332529933536097 and parameters: {'window_influence': 0.4461161110358387, 'penalty_k': 0.5902746486522275, 'scale_lr': 0.6281196105318966}. Best is trial 1674 with value: 0.38142600678748195.
checkpoint_e33 window_influence: 0.17982428498115643, penalty_k: 0.02221439421096240, scale_lr: 0.54626842606426185, EAO: 0.273
Trial 3133 finished with value: 0.2733782187742018 and parameters: {'window_influence': 0.17982428498115643, 'penalty_k': 0.0222143942109624, 'scale_lr': 0.5462684260642618}. Best is trial 1674 with value: 0.38142600678748195.
checkpoint_e33 window_influence: 0.47938150425882442, penalty_k: 0.31698332088528408, scale_lr: 0.26030001132576008, EAO: 0.320
Trial 3134 finished with value: 0.32017324273456393 and parameters: {'window_influence': 0.4793815042588244, 'penalty_k': 0.3169833208852841, 'scale_lr': 0.2603000113257601}. Best is trial 1674 with value: 0.38142600678748195.
checkpoint_e33 window_influence: 0.42940131531606557, penalty_k: 0.12644515733427714, scale_lr: 0.28083635748386654, EAO: 0.330
Trial 3135 finished with value: 0.3300988137258166 and parameters: {'window_influence': 0.42940131531606557, 'penalty_k': 0.12644515733427714, 'scale_lr': 0.28083635748386654}. Best is trial 1674 with value: 0.38142600678748195.
checkpoint_e33 window_influence: 0.39230170017717791, penalty_k: 0.04199958395053642, scale_lr: 0.57501385740828204, EAO: 0.333
Trial 3136 finished with value: 0.33283359867589485 and parameters: {'window_influence': 0.3923017001771779, 'penalty_k': 0.04199958395053642, 'scale_lr': 0.575013857408282}. Best is trial 1674 with value: 0.38142600678748195.
checkpoint_e33 window_influence: 0.49778984722777397, penalty_k: 0.07472640603536929, scale_lr: 0.52986758410999635, EAO: 0.357
Trial 3137 finished with value: 0.35732091354488865 and parameters: {'window_influence': 0.497789847227774, 'penalty_k': 0.07472640603536929, 'scale_lr': 0.5298675841099963}. Best is trial 1674 with value: 0.38142600678748195.
checkpoint_e33 window_influence: 0.30161135485073026, penalty_k: 0.34610729203250312, scale_lr: 0.79993643935621617, EAO: 0.304
Trial 3138 finished with value: 0.3038800470096128 and parameters: {'window_influence': 0.30161135485073026, 'penalty_k': 0.3461072920325031, 'scale_lr': 0.7999364393562162}. Best is trial 1674 with value: 0.38142600678748195.
checkpoint_e33 window_influence: 0.45975218504407378, penalty_k: 0.57009729622372141, scale_lr: 0.67501501894037674, EAO: 0.306
Trial 3139 finished with value: 0.3058118304157999 and parameters: {'window_influence': 0.4597521850440738, 'penalty_k': 0.5700972962237214, 'scale_lr': 0.6750150189403767}. Best is trial 1674 with value: 0.38142600678748195.
checkpoint_e33 window_influence: 0.24226679325900663, penalty_k: 0.30881511978032083, scale_lr: 0.20515244613732098, EAO: 0.283
Trial 3140 finished with value: 0.28340844665056075 and parameters: {'window_influence': 0.24226679325900663, 'penalty_k': 0.30881511978032083, 'scale_lr': 0.20515244613732098}. Best is trial 1674 with value: 0.38142600678748195.
checkpoint_e33 window_influence: 0.48449010072036880, penalty_k: 0.10974914293074758, scale_lr: 0.49413249265979903, EAO: 0.337
Trial 3141 finished with value: 0.33669565832568515 and parameters: {'window_influence': 0.4844901007203688, 'penalty_k': 0.10974914293074758, 'scale_lr': 0.494132492659799}. Best is trial 1674 with value: 0.38142600678748195.
checkpoint_e33 window_influence: 0.50624755273165978, penalty_k: 0.05431352258413885, scale_lr: 0.72707693131504447, EAO: 0.339
Trial 3142 finished with value: 0.33855164932369725 and parameters: {'window_influence': 0.5062475527316598, 'penalty_k': 0.05431352258413885, 'scale_lr': 0.7270769313150445}. Best is trial 1674 with value: 0.38142600678748195.
checkpoint_e33 window_influence: 0.54119794850066383, penalty_k: 0.16849694646026966, scale_lr: 0.76984873458416681, EAO: 0.293
Trial 3143 finished with value: 0.2927029283014253 and parameters: {'window_influence': 0.5411979485006638, 'penalty_k': 0.16849694646026966, 'scale_lr': 0.7698487345841668}. Best is trial 1674 with value: 0.38142600678748195.
checkpoint_e33 window_influence: 0.62224634676019597, penalty_k: 0.08745643435830519, scale_lr: 0.12314650919488895, EAO: 0.270
Trial 3144 finished with value: 0.2697154078270211 and parameters: {'window_influence': 0.622246346760196, 'penalty_k': 0.08745643435830519, 'scale_lr': 0.12314650919488895}. Best is trial 1674 with value: 0.38142600678748195.
checkpoint_e33 window_influence: 0.27712078069204310, penalty_k: 0.53379577371354214, scale_lr: 0.21896372154263516, EAO: 0.283
Trial 3145 finished with value: 0.28294886341354725 and parameters: {'window_influence': 0.2771207806920431, 'penalty_k': 0.5337957737135421, 'scale_lr': 0.21896372154263516}. Best is trial 1674 with value: 0.38142600678748195.
checkpoint_e33 window_influence: 0.15495795601769605, penalty_k: 0.28353573808148536, scale_lr: 0.23833673323808985, EAO: 0.274
Trial 3146 finished with value: 0.2735402724390364 and parameters: {'window_influence': 0.15495795601769605, 'penalty_k': 0.28353573808148536, 'scale_lr': 0.23833673323808985}. Best is trial 1674 with value: 0.38142600678748195.
checkpoint_e33 window_influence: 0.46833989294794431, penalty_k: 0.21065932713813573, scale_lr: 0.58586191028809576, EAO: 0.338
Trial 3147 finished with value: 0.33761419060165315 and parameters: {'window_influence': 0.4683398929479443, 'penalty_k': 0.21065932713813573, 'scale_lr': 0.5858619102880958}. Best is trial 1674 with value: 0.38142600678748195.
checkpoint_e33 window_influence: 0.49176085962121951, penalty_k: 0.14230525942333969, scale_lr: 0.35044275213724196, EAO: 0.334
Trial 3148 finished with value: 0.3342686178387371 and parameters: {'window_influence': 0.4917608596212195, 'penalty_k': 0.1423052594233397, 'scale_lr': 0.35044275213724196}. Best is trial 1674 with value: 0.38142600678748195.
checkpoint_e33 window_influence: 0.51931508844119401, penalty_k: 0.27069407106396698, scale_lr: 0.32587897808010052, EAO: 0.307
Trial 3149 finished with value: 0.3071453614225647 and parameters: {'window_influence': 0.519315088441194, 'penalty_k': 0.270694071063967, 'scale_lr': 0.3258789780801005}. Best is trial 1674 with value: 0.38142600678748195.
checkpoint_e33 window_influence: 0.45381486650166308, penalty_k: 0.25539062847645128, scale_lr: 0.44789291294402722, EAO: 0.326
Trial 3150 finished with value: 0.32608166441379355 and parameters: {'window_influence': 0.4538148665016631, 'penalty_k': 0.2553906284764513, 'scale_lr': 0.4478929129440272}. Best is trial 1674 with value: 0.38142600678748195.
checkpoint_e33 window_influence: 0.57986456141215992, penalty_k: 0.01374012142940454, scale_lr: 0.47607733988547912, EAO: 0.279
Trial 3151 finished with value: 0.2786660584030448 and parameters: {'window_influence': 0.5798645614121599, 'penalty_k': 0.013740121429404535, 'scale_lr': 0.4760773398854791}. Best is trial 1674 with value: 0.38142600678748195.
checkpoint_e33 window_influence: 0.47580996193999980, penalty_k: 0.23087669157419619, scale_lr: 0.75458270397734506, EAO: 0.338
Trial 3152 finished with value: 0.33799401795353873 and parameters: {'window_influence': 0.4758099619399998, 'penalty_k': 0.23087669157419619, 'scale_lr': 0.7545827039773451}. Best is trial 1674 with value: 0.38142600678748195.
checkpoint_e33 window_influence: 0.50844856710106856, penalty_k: 0.02935594177109014, scale_lr: 0.70644676707753162, EAO: 0.348
Trial 3153 finished with value: 0.34753718809858836 and parameters: {'window_influence': 0.5084485671010686, 'penalty_k': 0.02935594177109014, 'scale_lr': 0.7064467670775316}. Best is trial 1674 with value: 0.38142600678748195.
checkpoint_e33 window_influence: 0.48715221280031223, penalty_k: 0.06685855643835434, scale_lr: 0.63551840630866641, EAO: 0.342
Trial 3154 finished with value: 0.34222916487589883 and parameters: {'window_influence': 0.48715221280031223, 'penalty_k': 0.06685855643835434, 'scale_lr': 0.6355184063086664}. Best is trial 1674 with value: 0.38142600678748195.
checkpoint_e33 window_influence: 0.32839002638386161, penalty_k: 0.13141052262217867, scale_lr: 0.51638946213957271, EAO: 0.298
Trial 3155 finished with value: 0.29813261625831694 and parameters: {'window_influence': 0.3283900263838616, 'penalty_k': 0.13141052262217867, 'scale_lr': 0.5163894621395727}. Best is trial 1674 with value: 0.38142600678748195.
checkpoint_e33 window_influence: 0.43895890298269391, penalty_k: 0.15490898364464148, scale_lr: 0.65124942369730932, EAO: 0.323
Trial 3156 finished with value: 0.3229881535476284 and parameters: {'window_influence': 0.4389589029826939, 'penalty_k': 0.15490898364464148, 'scale_lr': 0.6512494236973093}. Best is trial 1674 with value: 0.38142600678748195.
checkpoint_e33 window_influence: 0.36495673029505693, penalty_k: 0.04526509493675128, scale_lr: 0.56526888795335972, EAO: 0.335
Trial 3157 finished with value: 0.33468719296418276 and parameters: {'window_influence': 0.36495673029505693, 'penalty_k': 0.04526509493675128, 'scale_lr': 0.5652688879533597}. Best is trial 1674 with value: 0.38142600678748195.
checkpoint_e33 window_influence: 0.62132665928396791, penalty_k: 0.51627522549600313, scale_lr: 0.39286069441199972, EAO: 0.233
Trial 3158 finished with value: 0.23283963583786663 and parameters: {'window_influence': 0.6213266592839679, 'penalty_k': 0.5162752254960031, 'scale_lr': 0.3928606944119997}. Best is trial 1674 with value: 0.38142600678748195.
checkpoint_e33 window_influence: 0.10113143404290775, penalty_k: 0.09875966306153895, scale_lr: 0.43360946050743548, EAO: 0.260
Trial 3159 finished with value: 0.2604739631776216 and parameters: {'window_influence': 0.10113143404290775, 'penalty_k': 0.09875966306153895, 'scale_lr': 0.4336094605074355}. Best is trial 1674 with value: 0.38142600678748195.
checkpoint_e33 window_influence: 0.47157426799245744, penalty_k: 0.00849364696439928, scale_lr: 0.61218250442267785, EAO: 0.341
Trial 3160 finished with value: 0.3412540229146119 and parameters: {'window_influence': 0.47157426799245744, 'penalty_k': 0.008493646964399283, 'scale_lr': 0.6121825044226779}. Best is trial 1674 with value: 0.38142600678748195.
checkpoint_e33 window_influence: 0.49752339263522882, penalty_k: 0.11953842858224246, scale_lr: 0.49918358036375154, EAO: 0.353
Trial 3161 finished with value: 0.3532740565357505 and parameters: {'window_influence': 0.4975233926352288, 'penalty_k': 0.11953842858224246, 'scale_lr': 0.49918358036375154}. Best is trial 1674 with value: 0.38142600678748195.
checkpoint_e33 window_influence: 0.56219676416615105, penalty_k: 0.00067420325506825, scale_lr: 0.46218952029595428, EAO: 0.299
Trial 3162 finished with value: 0.2990066578416045 and parameters: {'window_influence': 0.562196764166151, 'penalty_k': 0.0006742032550682529, 'scale_lr': 0.4621895202959543}. Best is trial 1674 with value: 0.38142600678748195.
checkpoint_e33 window_influence: 0.06956135161055038, penalty_k: 0.18203770420783144, scale_lr: 0.55036403522830624, EAO: 0.241
Trial 3163 finished with value: 0.24104039550755274 and parameters: {'window_influence': 0.06956135161055038, 'penalty_k': 0.18203770420783144, 'scale_lr': 0.5503640352283062}. Best is trial 1674 with value: 0.38142600678748195.
checkpoint_e33 window_influence: 0.45392667698805050, penalty_k: 0.24324871779126736, scale_lr: 0.69433590075745499, EAO: 0.351
Trial 3164 finished with value: 0.35136282212075554 and parameters: {'window_influence': 0.4539266769880505, 'penalty_k': 0.24324871779126736, 'scale_lr': 0.694335900757455}. Best is trial 1674 with value: 0.38142600678748195.
checkpoint_e33 window_influence: 0.52844005998993238, penalty_k: 0.58193919613211320, scale_lr: 0.16900358200699683, EAO: 0.276
Trial 3165 finished with value: 0.27551527819976734 and parameters: {'window_influence': 0.5284400599899324, 'penalty_k': 0.5819391961321132, 'scale_lr': 0.16900358200699683}. Best is trial 1674 with value: 0.38142600678748195.
checkpoint_e33 window_influence: 0.12247197833055057, penalty_k: 0.58791398233734493, scale_lr: 0.52836331615616372, EAO: 0.249
Trial 3166 finished with value: 0.2489430244562691 and parameters: {'window_influence': 0.12247197833055057, 'penalty_k': 0.5879139823373449, 'scale_lr': 0.5283633161561637}. Best is trial 1674 with value: 0.38142600678748195.
checkpoint_e33 window_influence: 0.27031891393180563, penalty_k: 0.08235301225751210, scale_lr: 0.47991643129833733, EAO: 0.276
Trial 3167 finished with value: 0.27582274278778046 and parameters: {'window_influence': 0.2703189139318056, 'penalty_k': 0.0823530122575121, 'scale_lr': 0.47991643129833733}. Best is trial 1674 with value: 0.38142600678748195.
checkpoint_e33 window_influence: 0.23692848649897524, penalty_k: 0.02979875117101530, scale_lr: 0.68180590369878546, EAO: 0.296
Trial 3168 finished with value: 0.2964326810048248 and parameters: {'window_influence': 0.23692848649897524, 'penalty_k': 0.029798751171015297, 'scale_lr': 0.6818059036987855}. Best is trial 1674 with value: 0.38142600678748195.
checkpoint_e33 window_influence: 0.47724865136356698, penalty_k: 0.05744494943153447, scale_lr: 0.73684022927655535, EAO: 0.349
Trial 3169 finished with value: 0.348786371459293 and parameters: {'window_influence': 0.477248651363567, 'penalty_k': 0.05744494943153447, 'scale_lr': 0.7368402292765553}. Best is trial 1674 with value: 0.38142600678748195.
checkpoint_e33 window_influence: 0.31183779416260882, penalty_k: 0.48789948448052767, scale_lr: 0.78392748694908132, EAO: 0.320
Trial 3170 finished with value: 0.31977533349035314 and parameters: {'window_influence': 0.3118377941626088, 'penalty_k': 0.48789948448052767, 'scale_lr': 0.7839274869490813}. Best is trial 1674 with value: 0.38142600678748195.
checkpoint_e33 window_influence: 0.06583336513796739, penalty_k: 0.04189255242337749, scale_lr: 0.49860425987831486, EAO: 0.268
Trial 3171 finished with value: 0.2678924929423091 and parameters: {'window_influence': 0.06583336513796739, 'penalty_k': 0.041892552423377485, 'scale_lr': 0.49860425987831486}. Best is trial 1674 with value: 0.38142600678748195.
checkpoint_e33 window_influence: 0.46206755425465967, penalty_k: 0.41618181605889770, scale_lr: 0.66890382454155028, EAO: 0.326
Trial 3172 finished with value: 0.3258898227479207 and parameters: {'window_influence': 0.4620675542546597, 'penalty_k': 0.4161818160588977, 'scale_lr': 0.6689038245415503}. Best is trial 1674 with value: 0.38142600678748195.
checkpoint_e33 window_influence: 0.51762347857947855, penalty_k: 0.22156869704410082, scale_lr: 0.10787660075372302, EAO: 0.321
Trial 3173 finished with value: 0.3211326755090446 and parameters: {'window_influence': 0.5176234785794785, 'penalty_k': 0.22156869704410082, 'scale_lr': 0.10787660075372302}. Best is trial 1674 with value: 0.38142600678748195.
checkpoint_e33 window_influence: 0.42994397528942707, penalty_k: 0.16647742204235239, scale_lr: 0.34184885799269749, EAO: 0.338
