Trial 98 finished with value: 0.32708520190029294 and parameters: {'window_influence': 0.41020908318372684, 'penalty_k': 0.20554488317769168, 'scale_lr': 0.21857894312613996}. Best is trial 82 with value: 0.34982893671043186.
checkpoint_e33 window_influence: 0.44755670781223972, penalty_k: 0.25815972143443994, scale_lr: 0.18759520026154008, EAO: 0.336
Trial 99 finished with value: 0.3361693669385947 and parameters: {'window_influence': 0.4475567078122397, 'penalty_k': 0.25815972143443994, 'scale_lr': 0.18759520026154008}. Best is trial 82 with value: 0.34982893671043186.
checkpoint_e33 window_influence: 0.46886280378767736, penalty_k: 0.22707546482845267, scale_lr: 0.16547774468354115, EAO: 0.347
Trial 100 finished with value: 0.3469991340711423 and parameters: {'window_influence': 0.46886280378767736, 'penalty_k': 0.22707546482845267, 'scale_lr': 0.16547774468354115}. Best is trial 82 with value: 0.34982893671043186.
checkpoint_e33 window_influence: 0.48761950220165806, penalty_k: 0.16296304389414623, scale_lr: 0.16945395335108504, EAO: 0.335
Trial 101 finished with value: 0.3345530195458854 and parameters: {'window_influence': 0.48761950220165806, 'penalty_k': 0.16296304389414623, 'scale_lr': 0.16945395335108504}. Best is trial 82 with value: 0.34982893671043186.
checkpoint_e33 window_influence: 0.46826318169272974, penalty_k: 0.23040163780723130, scale_lr: 0.14602802266183695, EAO: 0.353
Trial 102 finished with value: 0.3531196803898199 and parameters: {'window_influence': 0.46826318169272974, 'penalty_k': 0.2304016378072313, 'scale_lr': 0.14602802266183695}. Best is trial 102 with value: 0.3531196803898199.
checkpoint_e33 window_influence: 0.47288679981470261, penalty_k: 0.22878490263335821, scale_lr: 0.13174217760702847, EAO: 0.336
Trial 103 finished with value: 0.3355530414020041 and parameters: {'window_influence': 0.4728867998147026, 'penalty_k': 0.2287849026333582, 'scale_lr': 0.13174217760702847}. Best is trial 102 with value: 0.3531196803898199.
checkpoint_e33 window_influence: 0.45944213173037929, penalty_k: 0.20426361022248643, scale_lr: 0.10032597072113511, EAO: 0.332
Trial 104 finished with value: 0.3315229237311545 and parameters: {'window_influence': 0.4594421317303793, 'penalty_k': 0.20426361022248643, 'scale_lr': 0.10032597072113511}. Best is trial 102 with value: 0.3531196803898199.
checkpoint_e33 window_influence: 0.50767814432967884, penalty_k: 0.17971098613158626, scale_lr: 0.15201631768874188, EAO: 0.342
Trial 105 finished with value: 0.3421181214226823 and parameters: {'window_influence': 0.5076781443296788, 'penalty_k': 0.17971098613158626, 'scale_lr': 0.15201631768874188}. Best is trial 102 with value: 0.3531196803898199.
checkpoint_e33 window_influence: 0.53847458047696029, penalty_k: 0.24173200667335612, scale_lr: 0.16810523326832957, EAO: 0.301
Trial 106 finished with value: 0.3010804157428704 and parameters: {'window_influence': 0.5384745804769603, 'penalty_k': 0.24173200667335612, 'scale_lr': 0.16810523326832957}. Best is trial 102 with value: 0.3531196803898199.
checkpoint_e33 window_influence: 0.49262789692879216, penalty_k: 0.21950114702323231, scale_lr: 0.11710226667437162, EAO: 0.338
Trial 107 finished with value: 0.3381388119570476 and parameters: {'window_influence': 0.49262789692879216, 'penalty_k': 0.2195011470232323, 'scale_lr': 0.11710226667437162}. Best is trial 102 with value: 0.3531196803898199.
checkpoint_e33 window_influence: 0.46370484294882991, penalty_k: 0.17050935562310271, scale_lr: 0.14576205242482074, EAO: 0.336
Trial 108 finished with value: 0.33623849620846924 and parameters: {'window_influence': 0.4637048429488299, 'penalty_k': 0.1705093556231027, 'scale_lr': 0.14576205242482074}. Best is trial 102 with value: 0.3531196803898199.
checkpoint_e33 window_influence: 0.48081400688229481, penalty_k: 0.18780624148075353, scale_lr: 0.21154959639009635, EAO: 0.350
Trial 109 finished with value: 0.3497317497136528 and parameters: {'window_influence': 0.4808140068822948, 'penalty_k': 0.18780624148075353, 'scale_lr': 0.21154959639009635}. Best is trial 102 with value: 0.3531196803898199.
checkpoint_e33 window_influence: 0.47266068869752065, penalty_k: 0.19712227662957080, scale_lr: 0.20633964068538832, EAO: 0.335
Trial 110 finished with value: 0.33496235386406864 and parameters: {'window_influence': 0.47266068869752065, 'penalty_k': 0.1971222766295708, 'scale_lr': 0.20633964068538832}. Best is trial 102 with value: 0.3531196803898199.
checkpoint_e33 window_influence: 0.48226488401633638, penalty_k: 0.23309287224672581, scale_lr: 0.16209501480973168, EAO: 0.346
Trial 111 finished with value: 0.34558018323048545 and parameters: {'window_influence': 0.4822648840163364, 'penalty_k': 0.2330928722467258, 'scale_lr': 0.16209501480973168}. Best is trial 102 with value: 0.3531196803898199.
checkpoint_e33 window_influence: 0.48165916770253014, penalty_k: 0.18983750973251790, scale_lr: 0.18157808753177368, EAO: 0.328
Trial 112 finished with value: 0.3277123259083306 and parameters: {'window_influence': 0.48165916770253014, 'penalty_k': 0.1898375097325179, 'scale_lr': 0.18157808753177368}. Best is trial 102 with value: 0.3531196803898199.
checkpoint_e33 window_influence: 0.51821369748584101, penalty_k: 0.23218797808494726, scale_lr: 0.22967659527829254, EAO: 0.299
Trial 113 finished with value: 0.2994712207335906 and parameters: {'window_influence': 0.518213697485841, 'penalty_k': 0.23218797808494726, 'scale_lr': 0.22967659527829254}. Best is trial 102 with value: 0.3531196803898199.
checkpoint_e33 window_influence: 0.50208327219088622, penalty_k: 0.25089497061049526, scale_lr: 0.16329580738168986, EAO: 0.326
Trial 114 finished with value: 0.3261425012164543 and parameters: {'window_influence': 0.5020832721908862, 'penalty_k': 0.25089497061049526, 'scale_lr': 0.16329580738168986}. Best is trial 102 with value: 0.3531196803898199.
checkpoint_e33 window_influence: 0.42912337603703776, penalty_k: 0.26953158412386524, scale_lr: 0.24289825356397582, EAO: 0.345
Trial 115 finished with value: 0.34459443975979254 and parameters: {'window_influence': 0.42912337603703776, 'penalty_k': 0.26953158412386524, 'scale_lr': 0.24289825356397582}. Best is trial 102 with value: 0.3531196803898199.
checkpoint_e33 window_influence: 0.43061694158512254, penalty_k: 0.26531989800201378, scale_lr: 0.21472708238956875, EAO: 0.326
Trial 116 finished with value: 0.3264952267190362 and parameters: {'window_influence': 0.43061694158512254, 'penalty_k': 0.2653198980020138, 'scale_lr': 0.21472708238956875}. Best is trial 102 with value: 0.3531196803898199.
checkpoint_e33 window_influence: 0.44880645619351062, penalty_k: 0.21138093541173908, scale_lr: 0.27112771377538969, EAO: 0.311
Trial 117 finished with value: 0.3113001212187778 and parameters: {'window_influence': 0.4488064561935106, 'penalty_k': 0.21138093541173908, 'scale_lr': 0.2711277137753897}. Best is trial 102 with value: 0.3531196803898199.
checkpoint_e33 window_influence: 0.41256984006530345, penalty_k: 0.23404782211440875, scale_lr: 0.18039858185952273, EAO: 0.352
Trial 118 finished with value: 0.35205943180893184 and parameters: {'window_influence': 0.41256984006530345, 'penalty_k': 0.23404782211440875, 'scale_lr': 0.18039858185952273}. Best is trial 102 with value: 0.3531196803898199.
checkpoint_e33 window_influence: 0.41503624256910576, penalty_k: 0.23555641231269428, scale_lr: 0.24108105516673151, EAO: 0.322
Trial 119 finished with value: 0.32153289304169236 and parameters: {'window_influence': 0.41503624256910576, 'penalty_k': 0.23555641231269428, 'scale_lr': 0.2410810551667315}. Best is trial 102 with value: 0.3531196803898199.
checkpoint_e33 window_influence: 0.40143627280079008, penalty_k: 0.27425571729930903, scale_lr: 0.25325192386730311, EAO: 0.326
Trial 120 finished with value: 0.32622509875881994 and parameters: {'window_influence': 0.4014362728007901, 'penalty_k': 0.27425571729930903, 'scale_lr': 0.2532519238673031}. Best is trial 102 with value: 0.3531196803898199.
checkpoint_e33 window_influence: 0.42842830772071250, penalty_k: 0.25166933397593833, scale_lr: 0.17977188263352303, EAO: 0.348
Trial 121 finished with value: 0.34821826590638216 and parameters: {'window_influence': 0.4284283077207125, 'penalty_k': 0.2516693339759383, 'scale_lr': 0.17977188263352303}. Best is trial 102 with value: 0.3531196803898199.
checkpoint_e33 window_influence: 0.38596956648633074, penalty_k: 0.25790810441634693, scale_lr: 0.17654809018131951, EAO: 0.327
Trial 122 finished with value: 0.3270924838716418 and parameters: {'window_influence': 0.38596956648633074, 'penalty_k': 0.25790810441634693, 'scale_lr': 0.1765480901813195}. Best is trial 102 with value: 0.3531196803898199.
checkpoint_e33 window_influence: 0.43306730780534852, penalty_k: 0.21746984314732817, scale_lr: 0.15659053246579774, EAO: 0.337
Trial 123 finished with value: 0.33681037477018305 and parameters: {'window_influence': 0.4330673078053485, 'penalty_k': 0.21746984314732817, 'scale_lr': 0.15659053246579774}. Best is trial 102 with value: 0.3531196803898199.
checkpoint_e33 window_influence: 0.41733778121922138, penalty_k: 0.22772478064122118, scale_lr: 0.20316037140751544, EAO: 0.312
Trial 124 finished with value: 0.3116080760375999 and parameters: {'window_influence': 0.4173377812192214, 'penalty_k': 0.22772478064122118, 'scale_lr': 0.20316037140751544}. Best is trial 102 with value: 0.3531196803898199.
checkpoint_e33 window_influence: 0.44619896975647427, penalty_k: 0.18797963576837218, scale_lr: 0.14177481076427975, EAO: 0.343
Trial 125 finished with value: 0.3426400404495952 and parameters: {'window_influence': 0.4461989697564743, 'penalty_k': 0.18797963576837218, 'scale_lr': 0.14177481076427975}. Best is trial 102 with value: 0.3531196803898199.
checkpoint_e33 window_influence: 0.42989476831851903, penalty_k: 0.20465135467565826, scale_lr: 0.21859287299421465, EAO: 0.340
Trial 126 finished with value: 0.33986973704531037 and parameters: {'window_influence': 0.429894768318519, 'penalty_k': 0.20465135467565826, 'scale_lr': 0.21859287299421465}. Best is trial 102 with value: 0.3531196803898199.
checkpoint_e33 window_influence: 0.39569809873362449, penalty_k: 0.24558440489313763, scale_lr: 0.16523912079247352, EAO: 0.330
Trial 127 finished with value: 0.32962252878029524 and parameters: {'window_influence': 0.3956980987336245, 'penalty_k': 0.24558440489313763, 'scale_lr': 0.16523912079247352}. Best is trial 102 with value: 0.3531196803898199.
checkpoint_e33 window_influence: 0.37511272936303219, penalty_k: 0.27089080601559373, scale_lr: 0.18593819656395644, EAO: 0.308
Trial 128 finished with value: 0.30813395953827794 and parameters: {'window_influence': 0.3751127293630322, 'penalty_k': 0.27089080601559373, 'scale_lr': 0.18593819656395644}. Best is trial 102 with value: 0.3531196803898199.
checkpoint_e33 window_influence: 0.45820033643246533, penalty_k: 0.30481770003950870, scale_lr: 0.13909689905090000, EAO: 0.317
Trial 129 finished with value: 0.3172695298719035 and parameters: {'window_influence': 0.4582003364324653, 'penalty_k': 0.3048177000395087, 'scale_lr': 0.1390968990509}. Best is trial 102 with value: 0.3531196803898199.
checkpoint_e33 window_influence: 0.40883951901404714, penalty_k: 0.17508220481013093, scale_lr: 0.20370930010615906, EAO: 0.331
Trial 130 finished with value: 0.3308518377027623 and parameters: {'window_influence': 0.40883951901404714, 'penalty_k': 0.17508220481013093, 'scale_lr': 0.20370930010615906}. Best is trial 102 with value: 0.3531196803898199.
checkpoint_e33 window_influence: 0.47358826852006514, penalty_k: 0.24754971344740154, scale_lr: 0.19413084157492855, EAO: 0.342
Trial 131 finished with value: 0.34241823080912637 and parameters: {'window_influence': 0.47358826852006514, 'penalty_k': 0.24754971344740154, 'scale_lr': 0.19413084157492855}. Best is trial 102 with value: 0.3531196803898199.
checkpoint_e33 window_influence: 0.44347180625333316, penalty_k: 0.23802261421201265, scale_lr: 0.17828011783051179, EAO: 0.329
Trial 132 finished with value: 0.32915545872445234 and parameters: {'window_influence': 0.44347180625333316, 'penalty_k': 0.23802261421201265, 'scale_lr': 0.1782801178305118}. Best is trial 102 with value: 0.3531196803898199.
checkpoint_e33 window_influence: 0.48345872322357664, penalty_k: 0.25473691199305321, scale_lr: 0.23011207819126264, EAO: 0.328
Trial 133 finished with value: 0.32820533105835376 and parameters: {'window_influence': 0.48345872322357664, 'penalty_k': 0.2547369119930532, 'scale_lr': 0.23011207819126264}. Best is trial 102 with value: 0.3531196803898199.
checkpoint_e33 window_influence: 0.42243674511586998, penalty_k: 0.21922490767114408, scale_lr: 0.15267835606922428, EAO: 0.352
Trial 134 finished with value: 0.35174651067080664 and parameters: {'window_influence': 0.42243674511587, 'penalty_k': 0.21922490767114408, 'scale_lr': 0.15267835606922428}. Best is trial 102 with value: 0.3531196803898199.
checkpoint_e33 window_influence: 0.42597106389340827, penalty_k: 0.21753288525369188, scale_lr: 0.15194317964604215, EAO: 0.325
Trial 135 finished with value: 0.32471441161539766 and parameters: {'window_influence': 0.4259710638934083, 'penalty_k': 0.21753288525369188, 'scale_lr': 0.15194317964604215}. Best is trial 102 with value: 0.3531196803898199.
checkpoint_e33 window_influence: 0.41903257635339863, penalty_k: 0.20079867997044651, scale_lr: 0.12922555863697366, EAO: 0.344
Trial 136 finished with value: 0.3439530340614022 and parameters: {'window_influence': 0.41903257635339863, 'penalty_k': 0.2007986799704465, 'scale_lr': 0.12922555863697366}. Best is trial 102 with value: 0.3531196803898199.
checkpoint_e33 window_influence: 0.43607648182351283, penalty_k: 0.22697302837608638, scale_lr: 0.16971866002781755, EAO: 0.346
Trial 137 finished with value: 0.3459804648323282 and parameters: {'window_influence': 0.43607648182351283, 'penalty_k': 0.22697302837608638, 'scale_lr': 0.16971866002781755}. Best is trial 102 with value: 0.3531196803898199.
checkpoint_e33 window_influence: 0.43575076077645464, penalty_k: 0.27657399489953566, scale_lr: 0.16758558866990991, EAO: 0.314
Trial 138 finished with value: 0.31440694021343724 and parameters: {'window_influence': 0.43575076077645464, 'penalty_k': 0.27657399489953566, 'scale_lr': 0.1675855886699099}. Best is trial 102 with value: 0.3531196803898199.
checkpoint_e33 window_influence: 0.40618146525063675, penalty_k: 0.22651363991959006, scale_lr: 0.11462405405569820, EAO: 0.325
Trial 139 finished with value: 0.3251884798827338 and parameters: {'window_influence': 0.40618146525063675, 'penalty_k': 0.22651363991959006, 'scale_lr': 0.1146240540556982}. Best is trial 102 with value: 0.3531196803898199.
checkpoint_e33 window_influence: 0.39153515990542359, penalty_k: 0.29435959192247241, scale_lr: 0.29970316548357723, EAO: 0.312
Trial 140 finished with value: 0.3124290675156775 and parameters: {'window_influence': 0.3915351599054236, 'penalty_k': 0.2943595919224724, 'scale_lr': 0.2997031654835772}. Best is trial 102 with value: 0.3531196803898199.
checkpoint_e33 window_influence: 0.45617902060001947, penalty_k: 0.23518761132402202, scale_lr: 0.15502268807645647, EAO: 0.335
Trial 141 finished with value: 0.33538724516848184 and parameters: {'window_influence': 0.45617902060001947, 'penalty_k': 0.23518761132402202, 'scale_lr': 0.15502268807645647}. Best is trial 102 with value: 0.3531196803898199.
checkpoint_e33 window_influence: 0.44687708391267000, penalty_k: 0.19344799464802581, scale_lr: 0.17292483807937065, EAO: 0.328
Trial 142 finished with value: 0.32819782562756816 and parameters: {'window_influence': 0.44687708391267, 'penalty_k': 0.1934479946480258, 'scale_lr': 0.17292483807937065}. Best is trial 102 with value: 0.3531196803898199.
checkpoint_e33 window_influence: 0.46556848680524449, penalty_k: 0.20826423073271239, scale_lr: 0.18613382509329551, EAO: 0.354
Trial 143 finished with value: 0.35449491528221605 and parameters: {'window_influence': 0.4655684868052445, 'penalty_k': 0.20826423073271239, 'scale_lr': 0.1861338250932955}. Best is trial 143 with value: 0.35449491528221605.
checkpoint_e33 window_influence: 0.47034195792705097, penalty_k: 0.26178537856208933, scale_lr: 0.14254343254134863, EAO: 0.323
Trial 144 finished with value: 0.32297571745596043 and parameters: {'window_influence': 0.47034195792705097, 'penalty_k': 0.26178537856208933, 'scale_lr': 0.14254343254134863}. Best is trial 143 with value: 0.35449491528221605.
checkpoint_e33 window_influence: 0.43773155009827641, penalty_k: 0.20904257111876767, scale_lr: 0.19076134242948634, EAO: 0.319
Trial 145 finished with value: 0.31912536565431826 and parameters: {'window_influence': 0.4377315500982764, 'penalty_k': 0.20904257111876767, 'scale_lr': 0.19076134242948634}. Best is trial 143 with value: 0.35449491528221605.
checkpoint_e33 window_influence: 0.49115912378321774, penalty_k: 0.22312343014537472, scale_lr: 0.15991210644657861, EAO: 0.343
Trial 146 finished with value: 0.34304416921815983 and parameters: {'window_influence': 0.49115912378321774, 'penalty_k': 0.22312343014537472, 'scale_lr': 0.1599121064465786}. Best is trial 143 with value: 0.35449491528221605.
checkpoint_e33 window_influence: 0.46526452592061607, penalty_k: 0.24249548930094580, scale_lr: 0.20846176707748143, EAO: 0.349
Trial 147 finished with value: 0.34934101981411647 and parameters: {'window_influence': 0.46526452592061607, 'penalty_k': 0.2424954893009458, 'scale_lr': 0.20846176707748143}. Best is trial 143 with value: 0.35449491528221605.
checkpoint_e33 window_influence: 0.46569798583027761, penalty_k: 0.23591443620376029, scale_lr: 0.21347458008050049, EAO: 0.335
Trial 148 finished with value: 0.33450897820728764 and parameters: {'window_influence': 0.4656979858302776, 'penalty_k': 0.2359144362037603, 'scale_lr': 0.2134745800805005}. Best is trial 143 with value: 0.35449491528221605.
checkpoint_e33 window_influence: 0.45567519842183729, penalty_k: 0.21054516593810407, scale_lr: 0.13454681070968252, EAO: 0.338
Trial 149 finished with value: 0.337747792325595 and parameters: {'window_influence': 0.4556751984218373, 'penalty_k': 0.21054516593810407, 'scale_lr': 0.13454681070968252}. Best is trial 143 with value: 0.35449491528221605.
checkpoint_e33 window_influence: 0.48498775685802259, penalty_k: 0.18552274849427186, scale_lr: 0.17880132463126117, EAO: 0.342
Trial 150 finished with value: 0.3423677942632237 and parameters: {'window_influence': 0.4849877568580226, 'penalty_k': 0.18552274849427186, 'scale_lr': 0.17880132463126117}. Best is trial 143 with value: 0.35449491528221605.
checkpoint_e33 window_influence: 0.42316033241093171, penalty_k: 0.25849502128819940, scale_lr: 0.20388236182768305, EAO: 0.326
Trial 151 finished with value: 0.3258310158081092 and parameters: {'window_influence': 0.4231603324109317, 'penalty_k': 0.2584950212881994, 'scale_lr': 0.20388236182768305}. Best is trial 143 with value: 0.35449491528221605.
checkpoint_e33 window_influence: 0.43495255042146214, penalty_k: 0.24549297303928669, scale_lr: 0.22609247364073540, EAO: 0.355
Trial 152 finished with value: 0.35547018457015667 and parameters: {'window_influence': 0.43495255042146214, 'penalty_k': 0.2454929730392867, 'scale_lr': 0.2260924736407354}. Best is trial 152 with value: 0.35547018457015667.
checkpoint_e33 window_influence: 0.46893751424749197, penalty_k: 0.24764023090702256, scale_lr: 0.22388613539798849, EAO: 0.348
Trial 153 finished with value: 0.3475125505070742 and parameters: {'window_influence': 0.46893751424749197, 'penalty_k': 0.24764023090702256, 'scale_lr': 0.2238861353979885}. Best is trial 152 with value: 0.35547018457015667.
checkpoint_e33 window_influence: 0.43984579442482735, penalty_k: 0.24707835016440444, scale_lr: 0.27004925097427207, EAO: 0.332
Trial 154 finished with value: 0.3318426490757716 and parameters: {'window_influence': 0.43984579442482735, 'penalty_k': 0.24707835016440444, 'scale_lr': 0.27004925097427207}. Best is trial 152 with value: 0.35547018457015667.
checkpoint_e33 window_influence: 0.46485558659095516, penalty_k: 0.21906934964170127, scale_lr: 0.22607647084230925, EAO: 0.341
Trial 155 finished with value: 0.34145693162072027 and parameters: {'window_influence': 0.46485558659095516, 'penalty_k': 0.21906934964170127, 'scale_lr': 0.22607647084230925}. Best is trial 152 with value: 0.35547018457015667.
checkpoint_e33 window_influence: 0.45258894549423712, penalty_k: 0.24460601167605400, scale_lr: 0.19187939997042358, EAO: 0.352
Trial 156 finished with value: 0.35185769988868953 and parameters: {'window_influence': 0.4525889454942371, 'penalty_k': 0.244606011676054, 'scale_lr': 0.19187939997042358}. Best is trial 152 with value: 0.35547018457015667.
checkpoint_e33 window_influence: 0.45256370617241692, penalty_k: 0.28128312311624593, scale_lr: 0.22389925533020111, EAO: 0.348
Trial 157 finished with value: 0.3481662863655313 and parameters: {'window_influence': 0.4525637061724169, 'penalty_k': 0.2812831231162459, 'scale_lr': 0.2238992553302011}. Best is trial 152 with value: 0.35547018457015667.
checkpoint_e33 window_influence: 0.47357346240724807, penalty_k: 0.27868059841607801, scale_lr: 0.25823500628413365, EAO: 0.327
Trial 158 finished with value: 0.32693544186738677 and parameters: {'window_influence': 0.47357346240724807, 'penalty_k': 0.278680598416078, 'scale_lr': 0.25823500628413365}. Best is trial 152 with value: 0.35547018457015667.
checkpoint_e33 window_influence: 0.44938324818826481, penalty_k: 0.24864522079477422, scale_lr: 0.23336480207214755, EAO: 0.340
Trial 159 finished with value: 0.3404539069776869 and parameters: {'window_influence': 0.4493832481882648, 'penalty_k': 0.24864522079477422, 'scale_lr': 0.23336480207214755}. Best is trial 152 with value: 0.35547018457015667.
checkpoint_e33 window_influence: 0.41339737406833593, penalty_k: 0.28996743171559791, scale_lr: 0.21454746427112828, EAO: 0.344
