Trial 127 finished with value: 0.3363889168208675 and parameters: {'window_influence': 0.44171910533882475, 'penalty_k': 0.040904789095571534, 'scale_lr': 0.24722569855314108}. Best is trial 115 with value: 0.3654321275564483.
checkpoint_e18 window_influence: 0.43879327196342677, penalty_k: 0.16153505401032325, scale_lr: 0.73334687428378798, EAO: 0.305
Trial 58 finished with value: 0.30489287192023684 and parameters: {'window_influence': 0.43879327196342677, 'penalty_k': 0.16153505401032325, 'scale_lr': 0.733346874283788}. Best is trial 13 with value: 0.3571438087795495.
checkpoint_e18 window_influence: 0.36960051856655290, penalty_k: 0.08958989644335547, scale_lr: 0.30967391842170877, EAO: 0.315
Trial 128 finished with value: 0.31460225280620707 and parameters: {'window_influence': 0.3696005185665529, 'penalty_k': 0.08958989644335547, 'scale_lr': 0.30967391842170877}. Best is trial 115 with value: 0.3654321275564483.
checkpoint_e18 window_influence: 0.40875569242857013, penalty_k: 0.02352444798459459, scale_lr: 0.36016061603665345, EAO: 0.341
Trial 129 finished with value: 0.3406339103377747 and parameters: {'window_influence': 0.4087556924285701, 'penalty_k': 0.02352444798459459, 'scale_lr': 0.36016061603665345}. Best is trial 115 with value: 0.3654321275564483.
checkpoint_e18 window_influence: 0.41215133918706059, penalty_k: 0.03588105902999478, scale_lr: 0.35578750173729984, EAO: 0.317
Trial 130 finished with value: 0.3168478738009234 and parameters: {'window_influence': 0.4121513391870606, 'penalty_k': 0.035881059029994784, 'scale_lr': 0.35578750173729984}. Best is trial 115 with value: 0.3654321275564483.
checkpoint_e18 window_influence: 0.46627041453422008, penalty_k: 0.10426210402981319, scale_lr: 0.57949913386996810, EAO: 0.293
Trial 59 finished with value: 0.2930728161149452 and parameters: {'window_influence': 0.4662704145342201, 'penalty_k': 0.10426210402981319, 'scale_lr': 0.5794991338699681}. Best is trial 13 with value: 0.3571438087795495.
checkpoint_e18 window_influence: 0.40417543791918703, penalty_k: 0.01898172502158778, scale_lr: 0.27382186754265664, EAO: 0.342
Trial 131 finished with value: 0.34195786529014083 and parameters: {'window_influence': 0.40417543791918703, 'penalty_k': 0.018981725021587778, 'scale_lr': 0.27382186754265664}. Best is trial 115 with value: 0.3654321275564483.
checkpoint_e18 window_influence: 0.35988690766824516, penalty_k: 0.02037039628107115, scale_lr: 0.27673643129274828, EAO: 0.323
Trial 132 finished with value: 0.32274578302982715 and parameters: {'window_influence': 0.35988690766824516, 'penalty_k': 0.020370396281071155, 'scale_lr': 0.2767364312927483}. Best is trial 115 with value: 0.3654321275564483.
checkpoint_e18 window_influence: 0.40164749854450543, penalty_k: 0.01236617657155874, scale_lr: 0.32835556087492868, EAO: 0.334
Trial 133 finished with value: 0.33366252279003306 and parameters: {'window_influence': 0.40164749854450543, 'penalty_k': 0.012366176571558744, 'scale_lr': 0.3283555608749287}. Best is trial 115 with value: 0.3654321275564483.
checkpoint_e18 window_influence: 0.42676033844657046, penalty_k: 0.02641915339630685, scale_lr: 0.29955191450235408, EAO: 0.322
Trial 134 finished with value: 0.3223074985385405 and parameters: {'window_influence': 0.42676033844657046, 'penalty_k': 0.02641915339630685, 'scale_lr': 0.2995519145023541}. Best is trial 115 with value: 0.3654321275564483.
checkpoint_e18 window_influence: 0.40565101151347793, penalty_k: 0.05678512287442682, scale_lr: 0.55382603296855126, EAO: 0.315
Trial 60 finished with value: 0.3145679254592161 and parameters: {'window_influence': 0.40565101151347793, 'penalty_k': 0.056785122874426816, 'scale_lr': 0.5538260329685513}. Best is trial 13 with value: 0.3571438087795495.
checkpoint_e18 window_influence: 0.44328581447619803, penalty_k: 0.00174380516849942, scale_lr: 0.36905232701245838, EAO: 0.349
Trial 135 finished with value: 0.34927167966671957 and parameters: {'window_influence': 0.443285814476198, 'penalty_k': 0.0017438051684994186, 'scale_lr': 0.3690523270124584}. Best is trial 115 with value: 0.3654321275564483.
checkpoint_e18 window_influence: 0.37881073934847670, penalty_k: 0.00226113234730675, scale_lr: 0.35313566601530683, EAO: 0.323
Trial 136 finished with value: 0.322615388766337 and parameters: {'window_influence': 0.3788107393484767, 'penalty_k': 0.0022611323473067527, 'scale_lr': 0.3531356660153068}. Best is trial 115 with value: 0.3654321275564483.
checkpoint_e18 window_influence: 0.39127180008943013, penalty_k: 0.04953946927162349, scale_lr: 0.38408462559014728, EAO: 0.327
Trial 137 finished with value: 0.32673047564141017 and parameters: {'window_influence': 0.39127180008943013, 'penalty_k': 0.04953946927162349, 'scale_lr': 0.3840846255901473}. Best is trial 115 with value: 0.3654321275564483.
checkpoint_e18 window_influence: 0.42676682740423433, penalty_k: 0.00170102428323552, scale_lr: 0.61923587981677830, EAO: 0.330
Trial 61 finished with value: 0.3298970726445491 and parameters: {'window_influence': 0.42676682740423433, 'penalty_k': 0.0017010242832355207, 'scale_lr': 0.6192358798167783}. Best is trial 13 with value: 0.3571438087795495.
checkpoint_e18 window_influence: 0.44295710747131151, penalty_k: 0.04137734986096912, scale_lr: 0.37624435152271768, EAO: 0.337
Trial 138 finished with value: 0.3366920696390278 and parameters: {'window_influence': 0.4429571074713115, 'penalty_k': 0.041377349860969116, 'scale_lr': 0.3762443515227177}. Best is trial 115 with value: 0.3654321275564483.
checkpoint_e18 window_influence: 0.40619749952520851, penalty_k: 0.06167531506863685, scale_lr: 0.33573304135597942, EAO: 0.327
Trial 139 finished with value: 0.32685534400930666 and parameters: {'window_influence': 0.4061974995252085, 'penalty_k': 0.06167531506863685, 'scale_lr': 0.3357330413559794}. Best is trial 115 with value: 0.3654321275564483.
checkpoint_e18 window_influence: 0.43169728828611775, penalty_k: 0.02471994055895859, scale_lr: 0.26335889021296577, EAO: 0.332
Trial 140 finished with value: 0.33156511355698803 and parameters: {'window_influence': 0.43169728828611775, 'penalty_k': 0.024719940558958594, 'scale_lr': 0.26335889021296577}. Best is trial 115 with value: 0.3654321275564483.
checkpoint_e18 window_influence: 0.44836705176122532, penalty_k: 0.01371399906231638, scale_lr: 0.31243361644444528, EAO: 0.319
Trial 141 finished with value: 0.31937895709438546 and parameters: {'window_influence': 0.4483670517612253, 'penalty_k': 0.013713999062316375, 'scale_lr': 0.3124336164444453}. Best is trial 115 with value: 0.3654321275564483.
checkpoint_e18 window_influence: 0.36991744293314383, penalty_k: 0.00039348476445851, scale_lr: 0.61418481999633068, EAO: 0.288
Trial 62 finished with value: 0.2877061276584284 and parameters: {'window_influence': 0.3699174429331438, 'penalty_k': 0.00039348476445851335, 'scale_lr': 0.6141848199963307}. Best is trial 13 with value: 0.3571438087795495.
checkpoint_e18 window_influence: 0.46460992372742321, penalty_k: 0.00106004306544571, scale_lr: 0.28791874279210244, EAO: 0.350
Trial 142 finished with value: 0.34974818957918813 and parameters: {'window_influence': 0.4646099237274232, 'penalty_k': 0.0010600430654457112, 'scale_lr': 0.28791874279210244}. Best is trial 115 with value: 0.3654321275564483.
checkpoint_e18 window_influence: 0.42056129194898473, penalty_k: 0.00105717230688508, scale_lr: 0.27509002512518760, EAO: 0.316
Trial 143 finished with value: 0.3156582655725776 and parameters: {'window_influence': 0.42056129194898473, 'penalty_k': 0.001057172306885082, 'scale_lr': 0.2750900251251876}. Best is trial 115 with value: 0.3654321275564483.
checkpoint_e18 window_influence: 0.44007613633388831, penalty_k: 0.03217750813138823, scale_lr: 0.29042531731437438, EAO: 0.335
Trial 144 finished with value: 0.33500783597680844 and parameters: {'window_influence': 0.4400761363338883, 'penalty_k': 0.03217750813138823, 'scale_lr': 0.2904253173143744}. Best is trial 115 with value: 0.3654321275564483.
checkpoint_e18 window_influence: 0.43176765036825759, penalty_k: 0.03130367740949672, scale_lr: 0.67263657110321740, EAO: 0.311
Trial 63 finished with value: 0.3112840684355465 and parameters: {'window_influence': 0.4317676503682576, 'penalty_k': 0.03130367740949672, 'scale_lr': 0.6726365711032174}. Best is trial 13 with value: 0.3571438087795495.
A new study created in memory with name: no-name-66f54391-3113-4a37-8b74-4438738bad00
A new study created in memory with name: no-name-33f10d9c-30ca-445f-b0af-6996def5ff28
checkpoint_e18 window_influence: 0.07315733772135384, penalty_k: 0.08506332372075177, scale_lr: 0.62444173194888686, EAO: 0.274
Trial 0 finished with value: 0.2744442305676204 and parameters: {'window_influence': 0.07315733772135384, 'penalty_k': 0.08506332372075177, 'scale_lr': 0.6244417319488869}. Best is trial 0 with value: 0.2744442305676204.
checkpoint_e18 window_influence: 0.63613378259834341, penalty_k: 0.34908031483478846, scale_lr: 0.65269927127203764, EAO: 0.216
Trial 0 finished with value: 0.21624367199983113 and parameters: {'window_influence': 0.6361337825983434, 'penalty_k': 0.34908031483478846, 'scale_lr': 0.6526992712720376}. Best is trial 0 with value: 0.21624367199983113.
checkpoint_e18 window_influence: 0.58378717358029475, penalty_k: 0.32920118664758918, scale_lr: 0.75704371261534320, EAO: 0.250
Trial 1 finished with value: 0.24982786654034478 and parameters: {'window_influence': 0.5837871735802947, 'penalty_k': 0.3292011866475892, 'scale_lr': 0.7570437126153432}. Best is trial 0 with value: 0.2744442305676204.
checkpoint_e18 window_influence: 0.28006074730166830, penalty_k: 0.20331830179807783, scale_lr: 0.39628677588767280, EAO: 0.299
Trial 2 finished with value: 0.29887147873987946 and parameters: {'window_influence': 0.2800607473016683, 'penalty_k': 0.20331830179807783, 'scale_lr': 0.3962867758876728}. Best is trial 2 with value: 0.29887147873987946.
checkpoint_e18 window_influence: 0.37274078327474602, penalty_k: 0.27419835369114187, scale_lr: 0.49506149633566765, EAO: 0.291
Trial 3 finished with value: 0.2912100665996047 and parameters: {'window_influence': 0.372740783274746, 'penalty_k': 0.27419835369114187, 'scale_lr': 0.49506149633566765}. Best is trial 2 with value: 0.29887147873987946.
checkpoint_e18 window_influence: 0.35752207952347270, penalty_k: 0.19247454366439556, scale_lr: 0.39618581043043433, EAO: 0.303
Trial 1 finished with value: 0.3034812984299567 and parameters: {'window_influence': 0.3575220795234727, 'penalty_k': 0.19247454366439556, 'scale_lr': 0.3961858104304343}. Best is trial 1 with value: 0.3034812984299567.
checkpoint_e18 window_influence: 0.38033677994841109, penalty_k: 0.34468412595673187, scale_lr: 0.46488103346412202, EAO: 0.292
Trial 4 finished with value: 0.29238354823468726 and parameters: {'window_influence': 0.3803367799484111, 'penalty_k': 0.34468412595673187, 'scale_lr': 0.464881033464122}. Best is trial 2 with value: 0.29887147873987946.
checkpoint_e18 window_influence: 0.59363187576498222, penalty_k: 0.24969429347119731, scale_lr: 0.21608195362410282, EAO: 0.267
Trial 5 finished with value: 0.2672433183466878 and parameters: {'window_influence': 0.5936318757649822, 'penalty_k': 0.24969429347119731, 'scale_lr': 0.21608195362410282}. Best is trial 2 with value: 0.29887147873987946.
checkpoint_e18 window_influence: 0.37918122245460645, penalty_k: 0.22626517266548332, scale_lr: 0.29457594914772700, EAO: 0.311
Trial 2 finished with value: 0.31140329366991953 and parameters: {'window_influence': 0.37918122245460645, 'penalty_k': 0.22626517266548332, 'scale_lr': 0.294575949147727}. Best is trial 2 with value: 0.31140329366991953.
checkpoint_e18 window_influence: 0.30802496515936539, penalty_k: 0.10830471049087809, scale_lr: 0.17449947552861345, EAO: 0.295
Trial 6 finished with value: 0.2953148662812051 and parameters: {'window_influence': 0.3080249651593654, 'penalty_k': 0.10830471049087809, 'scale_lr': 0.17449947552861345}. Best is trial 2 with value: 0.29887147873987946.
checkpoint_e18 window_influence: 0.56385311934047111, penalty_k: 0.47142504419284648, scale_lr: 0.45489227284168421, EAO: 0.251
Trial 7 finished with value: 0.2507397792798536 and parameters: {'window_influence': 0.5638531193404711, 'penalty_k': 0.4714250441928465, 'scale_lr': 0.4548922728416842}. Best is trial 2 with value: 0.29887147873987946.
checkpoint_e18 window_influence: 0.07305756060021869, penalty_k: 0.41562789149025170, scale_lr: 0.56587680110568328, EAO: 0.239
Trial 3 finished with value: 0.23938392137507056 and parameters: {'window_influence': 0.07305756060021869, 'penalty_k': 0.4156278914902517, 'scale_lr': 0.5658768011056833}. Best is trial 2 with value: 0.31140329366991953.
checkpoint_e18 window_influence: 0.35021103375215396, penalty_k: 0.03849289812187144, scale_lr: 0.53664151071968336, EAO: 0.303
Trial 8 finished with value: 0.302765040604057 and parameters: {'window_influence': 0.35021103375215396, 'penalty_k': 0.03849289812187144, 'scale_lr': 0.5366415107196834}. Best is trial 8 with value: 0.302765040604057.
checkpoint_e18 window_influence: 0.46517789233731943, penalty_k: 0.43644436623651700, scale_lr: 0.72871368813086734, EAO: 0.310
Trial 9 finished with value: 0.3099096300305096 and parameters: {'window_influence': 0.46517789233731943, 'penalty_k': 0.436444366236517, 'scale_lr': 0.7287136881308673}. Best is trial 9 with value: 0.3099096300305096.
checkpoint_e18 window_influence: 0.05024905718166504, penalty_k: 0.53095792221587779, scale_lr: 0.22952350674805158, EAO: 0.205
Trial 4 finished with value: 0.20488031910087348 and parameters: {'window_influence': 0.05024905718166504, 'penalty_k': 0.5309579222158778, 'scale_lr': 0.22952350674805158}. Best is trial 2 with value: 0.31140329366991953.
checkpoint_e18 window_influence: 0.47768036810857667, penalty_k: 0.59175362017689492, scale_lr: 0.74964495722020341, EAO: 0.310
Trial 10 finished with value: 0.31035352651943027 and parameters: {'window_influence': 0.47768036810857667, 'penalty_k': 0.5917536201768949, 'scale_lr': 0.7496449572202034}. Best is trial 10 with value: 0.31035352651943027.
checkpoint_e18 window_influence: 0.48956932538100872, penalty_k: 0.57810138883735607, scale_lr: 0.79480975944748067, EAO: 0.296
Trial 11 finished with value: 0.2957076057501804 and parameters: {'window_influence': 0.4895693253810087, 'penalty_k': 0.5781013888373561, 'scale_lr': 0.7948097594474807}. Best is trial 10 with value: 0.31035352651943027.
checkpoint_e18 window_influence: 0.58583604315642002, penalty_k: 0.27405741802290390, scale_lr: 0.55376920955256825, EAO: 0.245
Trial 5 finished with value: 0.24531690254517566 and parameters: {'window_influence': 0.58583604315642, 'penalty_k': 0.2740574180229039, 'scale_lr': 0.5537692095525683}. Best is trial 2 with value: 0.31140329366991953.
checkpoint_e18 window_influence: 0.47324045676908066, penalty_k: 0.59711714411620276, scale_lr: 0.68313291778289942, EAO: 0.293
Trial 12 finished with value: 0.29308088883351724 and parameters: {'window_influence': 0.47324045676908066, 'penalty_k': 0.5971171441162028, 'scale_lr': 0.6831329177828994}. Best is trial 10 with value: 0.31035352651943027.
checkpoint_e18 window_influence: 0.64471160582931619, penalty_k: 0.47906240316094606, scale_lr: 0.65716419691609584, EAO: 0.223
Trial 13 finished with value: 0.22280779956379754 and parameters: {'window_influence': 0.6447116058293162, 'penalty_k': 0.47906240316094606, 'scale_lr': 0.6571641969160958}. Best is trial 10 with value: 0.31035352651943027.
checkpoint_e18 window_influence: 0.44574121072681605, penalty_k: 0.47302756285510505, scale_lr: 0.78848516109671929, EAO: 0.337
Trial 14 finished with value: 0.33692474274783746 and parameters: {'window_influence': 0.44574121072681605, 'penalty_k': 0.47302756285510505, 'scale_lr': 0.7884851610967193}. Best is trial 14 with value: 0.33692474274783746.
checkpoint_e18 window_influence: 0.37787743218756803, penalty_k: 0.56321071832742853, scale_lr: 0.67593591470667536, EAO: 0.308
Trial 6 finished with value: 0.3076123030501117 and parameters: {'window_influence': 0.37787743218756803, 'penalty_k': 0.5632107183274285, 'scale_lr': 0.6759359147066754}. Best is trial 2 with value: 0.31140329366991953.
checkpoint_e18 window_influence: 0.42521314074142991, penalty_k: 0.53075170540116456, scale_lr: 0.79939974237291012, EAO: 0.310
Trial 15 finished with value: 0.3099153182154036 and parameters: {'window_influence': 0.4252131407414299, 'penalty_k': 0.5307517054011646, 'scale_lr': 0.7993997423729101}. Best is trial 14 with value: 0.33692474274783746.
checkpoint_e18 window_influence: 0.48764936430156353, penalty_k: 0.52996363005285629, scale_lr: 0.60625717336201890, EAO: 0.274
Trial 16 finished with value: 0.27424127878150123 and parameters: {'window_influence': 0.4876493643015635, 'penalty_k': 0.5299636300528563, 'scale_lr': 0.6062571733620189}. Best is trial 14 with value: 0.33692474274783746.
checkpoint_e18 window_influence: 0.45214057192181561, penalty_k: 0.36516983882955251, scale_lr: 0.40000697501913285, EAO: 0.324
Trial 7 finished with value: 0.3239596019922991 and parameters: {'window_influence': 0.4521405719218156, 'penalty_k': 0.3651698388295525, 'scale_lr': 0.40000697501913285}. Best is trial 7 with value: 0.3239596019922991.
checkpoint_e18 window_influence: 0.52325220469163469, penalty_k: 0.40864910202988092, scale_lr: 0.71271863141768643, EAO: 0.282
Trial 17 finished with value: 0.2820445998981305 and parameters: {'window_influence': 0.5232522046916347, 'penalty_k': 0.4086491020298809, 'scale_lr': 0.7127186314176864}. Best is trial 14 with value: 0.33692474274783746.
checkpoint_e18 window_influence: 0.43309921853163791, penalty_k: 0.38958721824635067, scale_lr: 0.58719976075436098, EAO: 0.297
Trial 18 finished with value: 0.2970623455738743 and parameters: {'window_influence': 0.4330992185316379, 'penalty_k': 0.3895872182463507, 'scale_lr': 0.587199760754361}. Best is trial 14 with value: 0.33692474274783746.
checkpoint_e18 window_influence: 0.39883244862236111, penalty_k: 0.25185338295729426, scale_lr: 0.24221056923647130, EAO: 0.302
Trial 8 finished with value: 0.3017494175220742 and parameters: {'window_influence': 0.3988324486223611, 'penalty_k': 0.25185338295729426, 'scale_lr': 0.2422105692364713}. Best is trial 7 with value: 0.3239596019922991.
checkpoint_e18 window_influence: 0.26466776971241202, penalty_k: 0.55207978292571036, scale_lr: 0.70308572806745251, EAO: 0.275
Trial 19 finished with value: 0.27524662974511604 and parameters: {'window_influence': 0.264667769712412, 'penalty_k': 0.5520797829257104, 'scale_lr': 0.7030857280674525}. Best is trial 14 with value: 0.33692474274783746.
checkpoint_e18 window_influence: 0.53063562679399934, penalty_k: 0.49098916947786481, scale_lr: 0.79346742198088804, EAO: 0.280
Trial 20 finished with value: 0.2801122924581112 and parameters: {'window_influence': 0.5306356267939993, 'penalty_k': 0.4909891694778648, 'scale_lr': 0.793467421980888}. Best is trial 14 with value: 0.33692474274783746.
checkpoint_e18 window_influence: 0.06417794207813106, penalty_k: 0.39745893633626223, scale_lr: 0.22415585551451100, EAO: 0.222
Trial 9 finished with value: 0.22164112213520687 and parameters: {'window_influence': 0.06417794207813106, 'penalty_k': 0.3974589363362622, 'scale_lr': 0.224155855514511}. Best is trial 7 with value: 0.3239596019922991.
checkpoint_e18 window_influence: 0.41079959136704319, penalty_k: 0.52822016646884806, scale_lr: 0.78776900217375712, EAO: 0.302
Trial 21 finished with value: 0.3024988347222369 and parameters: {'window_influence': 0.4107995913670432, 'penalty_k': 0.5282201664688481, 'scale_lr': 0.7877690021737571}. Best is trial 14 with value: 0.33692474274783746.
checkpoint_e18 window_influence: 0.41985455003937905, penalty_k: 0.53101299224773157, scale_lr: 0.73376039554743555, EAO: 0.309
Trial 22 finished with value: 0.3088252513673055 and parameters: {'window_influence': 0.41985455003937905, 'penalty_k': 0.5310129922477316, 'scale_lr': 0.7337603955474356}. Best is trial 14 with value: 0.33692474274783746.
checkpoint_e18 window_influence: 0.51724455842390404, penalty_k: 0.03346771625020584, scale_lr: 0.40722598487309636, EAO: 0.311
Trial 10 finished with value: 0.3106992050483533 and parameters: {'window_influence': 0.517244558423904, 'penalty_k': 0.03346771625020584, 'scale_lr': 0.40722598487309636}. Best is trial 7 with value: 0.3239596019922991.
checkpoint_e18 window_influence: 0.46112122358009083, penalty_k: 0.57512810511466461, scale_lr: 0.66568556459241912, EAO: 0.300
Trial 23 finished with value: 0.2998787822774412 and parameters: {'window_influence': 0.46112122358009083, 'penalty_k': 0.5751281051146646, 'scale_lr': 0.6656855645924191}. Best is trial 14 with value: 0.33692474274783746.
checkpoint_e18 window_influence: 0.41053139313909004, penalty_k: 0.59481759302181958, scale_lr: 0.79354942384511595, EAO: 0.297
Trial 24 finished with value: 0.29727207785218607 and parameters: {'window_influence': 0.41053139313909004, 'penalty_k': 0.5948175930218196, 'scale_lr': 0.793549423845116}. Best is trial 14 with value: 0.33692474274783746.
checkpoint_e18 window_influence: 0.45909735092821718, penalty_k: 0.16201799666970304, scale_lr: 0.10354099735237002, EAO: 0.307
Trial 11 finished with value: 0.3065854611331851 and parameters: {'window_influence': 0.4590973509282172, 'penalty_k': 0.16201799666970304, 'scale_lr': 0.10354099735237002}. Best is trial 7 with value: 0.3239596019922991.
checkpoint_e18 window_influence: 0.51663737778689978, penalty_k: 0.49630663763156385, scale_lr: 0.73317048383641792, EAO: 0.272
Trial 25 finished with value: 0.27223837010359486 and parameters: {'window_influence': 0.5166373777868998, 'penalty_k': 0.49630663763156385, 'scale_lr': 0.7331704838364179}. Best is trial 14 with value: 0.33692474274783746.
checkpoint_e18 window_influence: 0.32931518667762810, penalty_k: 0.43514209325953129, scale_lr: 0.66679857059201675, EAO: 0.303
