Trial 499 finished with value: 0.31202672416134103 and parameters: {'window_influence': 0.4453155076949251, 'penalty_k': 0.1358827745861387, 'scale_lr': 0.34082504216646425}. Best is trial 386 with value: 0.35297253809086543.
checkpoint_e18 window_influence: 0.44350209405524688, penalty_k: 0.05535943429923333, scale_lr: 0.40899191854989758, EAO: 0.304
Trial 221 finished with value: 0.30389866325641884 and parameters: {'window_influence': 0.4435020940552469, 'penalty_k': 0.05535943429923333, 'scale_lr': 0.4089919185498976}. Best is trial 201 with value: 0.34928440305509456.
checkpoint_e18 window_influence: 0.60347791641585968, penalty_k: 0.51860680070964360, scale_lr: 0.40441748109977216, EAO: 0.228
Trial 500 finished with value: 0.22824824946399794 and parameters: {'window_influence': 0.6034779164158597, 'penalty_k': 0.5186068007096436, 'scale_lr': 0.40441748109977216}. Best is trial 386 with value: 0.35297253809086543.
checkpoint_e18 window_influence: 0.31268602893539993, penalty_k: 0.05830177323848840, scale_lr: 0.43731654586561941, EAO: 0.313
Trial 501 finished with value: 0.31342848074343416 and parameters: {'window_influence': 0.31268602893539993, 'penalty_k': 0.0583017732384884, 'scale_lr': 0.4373165458656194}. Best is trial 386 with value: 0.35297253809086543.
checkpoint_e18 window_influence: 0.41661817067373130, penalty_k: 0.00059053014258779, scale_lr: 0.39138365620832988, EAO: 0.310
Trial 222 finished with value: 0.30984548812710355 and parameters: {'window_influence': 0.4166181706737313, 'penalty_k': 0.0005905301425877876, 'scale_lr': 0.3913836562083299}. Best is trial 201 with value: 0.34928440305509456.
checkpoint_e18 window_influence: 0.48702514328033031, penalty_k: 0.25672647330169307, scale_lr: 0.46432992269952594, EAO: 0.302
Trial 502 finished with value: 0.3015197449389135 and parameters: {'window_influence': 0.4870251432803303, 'penalty_k': 0.25672647330169307, 'scale_lr': 0.46432992269952594}. Best is trial 386 with value: 0.35297253809086543.
checkpoint_e18 window_influence: 0.46374198906673370, penalty_k: 0.01330847552242229, scale_lr: 0.36356711350809329, EAO: 0.331
Trial 503 finished with value: 0.33107825696236426 and parameters: {'window_influence': 0.4637419890667337, 'penalty_k': 0.013308475522422286, 'scale_lr': 0.3635671135080933}. Best is trial 386 with value: 0.35297253809086543.
checkpoint_e18 window_influence: 0.54773676492579504, penalty_k: 0.10115766755061931, scale_lr: 0.35816389170198598, EAO: 0.316
Trial 504 finished with value: 0.3158638776508287 and parameters: {'window_influence': 0.547736764925795, 'penalty_k': 0.1011576675506193, 'scale_lr': 0.358163891701986}. Best is trial 386 with value: 0.35297253809086543.
checkpoint_e18 window_influence: 0.43480255182750965, penalty_k: 0.03368916579147679, scale_lr: 0.40212058474775048, EAO: 0.317
Trial 223 finished with value: 0.3174768329710348 and parameters: {'window_influence': 0.43480255182750965, 'penalty_k': 0.03368916579147679, 'scale_lr': 0.4021205847477505}. Best is trial 201 with value: 0.34928440305509456.
checkpoint_e18 window_influence: 0.25420456493791654, penalty_k: 0.32789706100673444, scale_lr: 0.39413517291557221, EAO: 0.283
Trial 505 finished with value: 0.2830961054401175 and parameters: {'window_influence': 0.25420456493791654, 'penalty_k': 0.32789706100673444, 'scale_lr': 0.3941351729155722}. Best is trial 386 with value: 0.35297253809086543.
checkpoint_e18 window_influence: 0.49805606002593589, penalty_k: 0.08818226599614341, scale_lr: 0.41667327270351118, EAO: 0.331
Trial 506 finished with value: 0.3310002688072071 and parameters: {'window_influence': 0.4980560600259359, 'penalty_k': 0.08818226599614341, 'scale_lr': 0.4166732727035112}. Best is trial 386 with value: 0.35297253809086543.
checkpoint_e18 window_influence: 0.45479415043599292, penalty_k: 0.04412664552033836, scale_lr: 0.41717114682986239, EAO: 0.328
Trial 224 finished with value: 0.32770823081411743 and parameters: {'window_influence': 0.4547941504359929, 'penalty_k': 0.04412664552033836, 'scale_lr': 0.4171711468298624}. Best is trial 201 with value: 0.34928440305509456.
checkpoint_e18 window_influence: 0.58944446722310828, penalty_k: 0.03179488185575733, scale_lr: 0.44605602924703702, EAO: 0.258
Trial 507 finished with value: 0.25797094729391984 and parameters: {'window_influence': 0.5894444672231083, 'penalty_k': 0.03179488185575733, 'scale_lr': 0.446056029247037}. Best is trial 386 with value: 0.35297253809086543.
checkpoint_e18 window_influence: 0.48181431740492525, penalty_k: 0.12250803685771303, scale_lr: 0.31305584037684631, EAO: 0.330
Trial 508 finished with value: 0.33017002892633357 and parameters: {'window_influence': 0.48181431740492525, 'penalty_k': 0.12250803685771303, 'scale_lr': 0.3130558403768463}. Best is trial 386 with value: 0.35297253809086543.
checkpoint_e18 window_influence: 0.42107853512491478, penalty_k: 0.06468744582617025, scale_lr: 0.39521596147874799, EAO: 0.329
Trial 225 finished with value: 0.3288667298244595 and parameters: {'window_influence': 0.4210785351249148, 'penalty_k': 0.06468744582617025, 'scale_lr': 0.395215961478748}. Best is trial 201 with value: 0.34928440305509456.
checkpoint_e18 window_influence: 0.44466463327161510, penalty_k: 0.56068214359410429, scale_lr: 0.42897163772010144, EAO: 0.320
Trial 509 finished with value: 0.32007657327772576 and parameters: {'window_influence': 0.4446646332716151, 'penalty_k': 0.5606821435941043, 'scale_lr': 0.42897163772010144}. Best is trial 386 with value: 0.35297253809086543.
checkpoint_e18 window_influence: 0.57395624401337519, penalty_k: 0.15014545825004705, scale_lr: 0.47804488064558048, EAO: 0.279
Trial 510 finished with value: 0.2788419800625701 and parameters: {'window_influence': 0.5739562440133752, 'penalty_k': 0.15014545825004705, 'scale_lr': 0.4780448806455805}. Best is trial 386 with value: 0.35297253809086543.
checkpoint_e18 window_influence: 0.44425041348401012, penalty_k: 0.02224443257403651, scale_lr: 0.37460838653059997, EAO: 0.314
Trial 226 finished with value: 0.31353480951563395 and parameters: {'window_influence': 0.4442504134840101, 'penalty_k': 0.02224443257403651, 'scale_lr': 0.37460838653059997}. Best is trial 201 with value: 0.34928440305509456.
checkpoint_e18 window_influence: 0.21843154152605815, penalty_k: 0.31053807080529044, scale_lr: 0.28970561336445222, EAO: 0.276
Trial 511 finished with value: 0.2761597423469974 and parameters: {'window_influence': 0.21843154152605815, 'penalty_k': 0.31053807080529044, 'scale_lr': 0.2897056133644522}. Best is trial 386 with value: 0.35297253809086543.
checkpoint_e18 window_influence: 0.50892946593606447, penalty_k: 0.18149073552067951, scale_lr: 0.49572046266180125, EAO: 0.294
Trial 512 finished with value: 0.2942128140290887 and parameters: {'window_influence': 0.5089294659360645, 'penalty_k': 0.1814907355206795, 'scale_lr': 0.49572046266180125}. Best is trial 386 with value: 0.35297253809086543.
checkpoint_e18 window_influence: 0.49454273844754304, penalty_k: 0.20876320065554549, scale_lr: 0.45231733850176292, EAO: 0.309
Trial 227 finished with value: 0.30865090267899437 and parameters: {'window_influence': 0.49454273844754304, 'penalty_k': 0.2087632006555455, 'scale_lr': 0.4523173385017629}. Best is trial 201 with value: 0.34928440305509456.
checkpoint_e18 window_influence: 0.35031570084157204, penalty_k: 0.16965961629832713, scale_lr: 0.34569700727820823, EAO: 0.329
Trial 513 finished with value: 0.32897412023191785 and parameters: {'window_influence': 0.35031570084157204, 'penalty_k': 0.16965961629832713, 'scale_lr': 0.34569700727820823}. Best is trial 386 with value: 0.35297253809086543.
checkpoint_e18 window_influence: 0.61709454417860621, penalty_k: 0.28378533194367039, scale_lr: 0.65403589456348310, EAO: 0.252
Trial 514 finished with value: 0.25193777674598916 and parameters: {'window_influence': 0.6170945441786062, 'penalty_k': 0.2837853319436704, 'scale_lr': 0.6540358945634831}. Best is trial 386 with value: 0.35297253809086543.
checkpoint_e18 window_influence: 0.46574964168871646, penalty_k: 0.10826480634917299, scale_lr: 0.37745175040934553, EAO: 0.337
Trial 515 finished with value: 0.33713160588583596 and parameters: {'window_influence': 0.46574964168871646, 'penalty_k': 0.10826480634917299, 'scale_lr': 0.37745175040934553}. Best is trial 386 with value: 0.35297253809086543.
checkpoint_e18 window_influence: 0.40811233952478632, penalty_k: 0.08425183422924239, scale_lr: 0.43229676617443913, EAO: 0.323
Trial 228 finished with value: 0.3231454019068744 and parameters: {'window_influence': 0.4081123395247863, 'penalty_k': 0.08425183422924239, 'scale_lr': 0.43229676617443913}. Best is trial 201 with value: 0.34928440305509456.
checkpoint_e18 window_influence: 0.46070856140806149, penalty_k: 0.12393965638456220, scale_lr: 0.32130368285105498, EAO: 0.329
Trial 516 finished with value: 0.3289389956438124 and parameters: {'window_influence': 0.4607085614080615, 'penalty_k': 0.1239396563845622, 'scale_lr': 0.321303682851055}. Best is trial 386 with value: 0.35297253809086543.
checkpoint_e18 window_influence: 0.44598347275780531, penalty_k: 0.10823740747212131, scale_lr: 0.32766989791068785, EAO: 0.326
Trial 517 finished with value: 0.3263287292612202 and parameters: {'window_influence': 0.4459834727578053, 'penalty_k': 0.10823740747212131, 'scale_lr': 0.32766989791068785}. Best is trial 386 with value: 0.35297253809086543.
checkpoint_e18 window_influence: 0.37456297771030045, penalty_k: 0.05189937499347325, scale_lr: 0.38523359713799732, EAO: 0.303
Trial 229 finished with value: 0.3030651683705326 and parameters: {'window_influence': 0.37456297771030045, 'penalty_k': 0.05189937499347325, 'scale_lr': 0.3852335971379973}. Best is trial 201 with value: 0.34928440305509456.
checkpoint_e18 window_influence: 0.34243281126277764, penalty_k: 0.07769789967134433, scale_lr: 0.38933942600439420, EAO: 0.325
Trial 518 finished with value: 0.3251774836954904 and parameters: {'window_influence': 0.34243281126277764, 'penalty_k': 0.07769789967134433, 'scale_lr': 0.3893394260043942}. Best is trial 386 with value: 0.35297253809086543.
checkpoint_e18 window_influence: 0.46817158568603873, penalty_k: 0.04425128359442630, scale_lr: 0.38218894740595710, EAO: 0.335
Trial 519 finished with value: 0.33505165733483977 and parameters: {'window_influence': 0.4681715856860387, 'penalty_k': 0.0442512835944263, 'scale_lr': 0.3821889474059571}. Best is trial 386 with value: 0.35297253809086543.
checkpoint_e18 window_influence: 0.51365565912865818, penalty_k: 0.01047683622499020, scale_lr: 0.40764638707379464, EAO: 0.311
Trial 230 finished with value: 0.31056320087455125 and parameters: {'window_influence': 0.5136556591286582, 'penalty_k': 0.010476836224990203, 'scale_lr': 0.40764638707379464}. Best is trial 201 with value: 0.34928440305509456.
checkpoint_e18 window_influence: 0.05822219433196740, penalty_k: 0.04140839272165148, scale_lr: 0.38611607163389516, EAO: 0.264
Trial 520 finished with value: 0.26351186528743936 and parameters: {'window_influence': 0.0582221943319674, 'penalty_k': 0.04140839272165148, 'scale_lr': 0.38611607163389516}. Best is trial 386 with value: 0.35297253809086543.
checkpoint_e18 window_influence: 0.64889171285683978, penalty_k: 0.06134943125801291, scale_lr: 0.40717716777549817, EAO: 0.226
Trial 521 finished with value: 0.2263879117334863 and parameters: {'window_influence': 0.6488917128568398, 'penalty_k': 0.061349431258012906, 'scale_lr': 0.40717716777549817}. Best is trial 386 with value: 0.35297253809086543.
checkpoint_e18 window_influence: 0.46047286542338151, penalty_k: 0.03401651175156083, scale_lr: 0.36907456448638337, EAO: 0.308
Trial 231 finished with value: 0.30783169504965324 and parameters: {'window_influence': 0.4604728654233815, 'penalty_k': 0.034016511751560834, 'scale_lr': 0.36907456448638337}. Best is trial 201 with value: 0.34928440305509456.
checkpoint_e18 window_influence: 0.45832232347125162, penalty_k: 0.24904974988619927, scale_lr: 0.34122300800317723, EAO: 0.339
Trial 522 finished with value: 0.33918191289623423 and parameters: {'window_influence': 0.4583223234712516, 'penalty_k': 0.24904974988619927, 'scale_lr': 0.34122300800317723}. Best is trial 386 with value: 0.35297253809086543.
checkpoint_e18 window_influence: 0.44805492106976241, penalty_k: 0.25048951691537413, scale_lr: 0.33137144016123554, EAO: 0.326
Trial 523 finished with value: 0.3255306905577619 and parameters: {'window_influence': 0.4480549210697624, 'penalty_k': 0.25048951691537413, 'scale_lr': 0.33137144016123554}. Best is trial 386 with value: 0.35297253809086543.
checkpoint_e18 window_influence: 0.44666410858663924, penalty_k: 0.04598714213264948, scale_lr: 0.35303028211906629, EAO: 0.308
Trial 232 finished with value: 0.30822092457040273 and parameters: {'window_influence': 0.44666410858663924, 'penalty_k': 0.04598714213264948, 'scale_lr': 0.3530302821190663}. Best is trial 201 with value: 0.34928440305509456.
checkpoint_e18 window_influence: 0.45591443633220774, penalty_k: 0.34773353472135415, scale_lr: 0.35252746042263994, EAO: 0.322
Trial 524 finished with value: 0.3216946653238994 and parameters: {'window_influence': 0.45591443633220774, 'penalty_k': 0.34773353472135415, 'scale_lr': 0.35252746042263994}. Best is trial 386 with value: 0.35297253809086543.
checkpoint_e18 window_influence: 0.46280093130248878, penalty_k: 0.15059182463187343, scale_lr: 0.36118306859285859, EAO: 0.320
Trial 525 finished with value: 0.3199433887283162 and parameters: {'window_influence': 0.4628009313024888, 'penalty_k': 0.15059182463187343, 'scale_lr': 0.3611830685928586}. Best is trial 386 with value: 0.35297253809086543.
checkpoint_e18 window_influence: 0.53197460543717334, penalty_k: 0.19023407618311625, scale_lr: 0.37697300454070670, EAO: 0.279
Trial 526 finished with value: 0.27929976431776116 and parameters: {'window_influence': 0.5319746054371733, 'penalty_k': 0.19023407618311625, 'scale_lr': 0.3769730045407067}. Best is trial 386 with value: 0.35297253809086543.
checkpoint_e18 window_influence: 0.47261479250678812, penalty_k: 0.53802732933143615, scale_lr: 0.38478621049413586, EAO: 0.292
Trial 233 finished with value: 0.292264240319163 and parameters: {'window_influence': 0.4726147925067881, 'penalty_k': 0.5380273293314362, 'scale_lr': 0.38478621049413586}. Best is trial 201 with value: 0.34928440305509456.
checkpoint_e18 window_influence: 0.45587044062696985, penalty_k: 0.13217294144389452, scale_lr: 0.32241105424409477, EAO: 0.342
Trial 527 finished with value: 0.3423261320080739 and parameters: {'window_influence': 0.45587044062696985, 'penalty_k': 0.13217294144389452, 'scale_lr': 0.3224110542440948}. Best is trial 386 with value: 0.35297253809086543.
checkpoint_e18 window_influence: 0.37015862211733525, penalty_k: 0.16026167747448333, scale_lr: 0.32906413456929412, EAO: 0.308
Trial 528 finished with value: 0.3081907639823535 and parameters: {'window_influence': 0.37015862211733525, 'penalty_k': 0.16026167747448333, 'scale_lr': 0.3290641345692941}. Best is trial 386 with value: 0.35297253809086543.
checkpoint_e18 window_influence: 0.42985020268049351, penalty_k: 0.02719521408439453, scale_lr: 0.33278098111838444, EAO: 0.319
Trial 234 finished with value: 0.3186055009583091 and parameters: {'window_influence': 0.4298502026804935, 'penalty_k': 0.02719521408439453, 'scale_lr': 0.33278098111838444}. Best is trial 201 with value: 0.34928440305509456.
checkpoint_e18 window_influence: 0.44031223310027939, penalty_k: 0.29859753345291212, scale_lr: 0.36740699419010781, EAO: 0.319
Trial 529 finished with value: 0.31932889893361105 and parameters: {'window_influence': 0.4403122331002794, 'penalty_k': 0.2985975334529121, 'scale_lr': 0.3674069941901078}. Best is trial 386 with value: 0.35297253809086543.
checkpoint_e18 window_influence: 0.45406173473867789, penalty_k: 0.16279073493821225, scale_lr: 0.29315724657451064, EAO: 0.314
Trial 530 finished with value: 0.31383345997982914 and parameters: {'window_influence': 0.4540617347386779, 'penalty_k': 0.16279073493821225, 'scale_lr': 0.29315724657451064}. Best is trial 386 with value: 0.35297253809086543.
checkpoint_e18 window_influence: 0.19127426506456180, penalty_k: 0.22749444355124190, scale_lr: 0.32229372739716866, EAO: 0.289
Trial 531 finished with value: 0.2885140115069044 and parameters: {'window_influence': 0.1912742650645618, 'penalty_k': 0.2274944435512419, 'scale_lr': 0.32229372739716866}. Best is trial 386 with value: 0.35297253809086543.
checkpoint_e18 window_influence: 0.39315804556618128, penalty_k: 0.38236826645545530, scale_lr: 0.39983391229764365, EAO: 0.298
Trial 235 finished with value: 0.2983373981621479 and parameters: {'window_influence': 0.3931580455661813, 'penalty_k': 0.3823682664554553, 'scale_lr': 0.39983391229764365}. Best is trial 201 with value: 0.34928440305509456.
checkpoint_e18 window_influence: 0.44284591683058266, penalty_k: 0.14422067676373837, scale_lr: 0.36789712100140770, EAO: 0.335
Trial 532 finished with value: 0.33459837079512006 and parameters: {'window_influence': 0.44284591683058266, 'penalty_k': 0.14422067676373837, 'scale_lr': 0.3678971210014077}. Best is trial 386 with value: 0.35297253809086543.
checkpoint_e18 window_influence: 0.47784295970350971, penalty_k: 0.13533901872190537, scale_lr: 0.35475111495928063, EAO: 0.324
Trial 533 finished with value: 0.32412576681213157 and parameters: {'window_influence': 0.4778429597035097, 'penalty_k': 0.13533901872190537, 'scale_lr': 0.35475111495928063}. Best is trial 386 with value: 0.35297253809086543.
checkpoint_e18 window_influence: 0.45662658357889507, penalty_k: 0.06775437391968425, scale_lr: 0.18326133893601193, EAO: 0.334
Trial 236 finished with value: 0.33380658292584847 and parameters: {'window_influence': 0.4566265835788951, 'penalty_k': 0.06775437391968425, 'scale_lr': 0.18326133893601193}. Best is trial 201 with value: 0.34928440305509456.
checkpoint_e18 window_influence: 0.60420190299046650, penalty_k: 0.19448853908211169, scale_lr: 0.30405014626491988, EAO: 0.262
Trial 534 finished with value: 0.2624392991283988 and parameters: {'window_influence': 0.6042019029904665, 'penalty_k': 0.1944885390821117, 'scale_lr': 0.3040501462649199}. Best is trial 386 with value: 0.35297253809086543.
checkpoint_e18 window_influence: 0.45751939405945652, penalty_k: 0.13219793333502872, scale_lr: 0.32897344053195327, EAO: 0.304
Trial 535 finished with value: 0.3039468168516567 and parameters: {'window_influence': 0.4575193940594565, 'penalty_k': 0.13219793333502872, 'scale_lr': 0.32897344053195327}. Best is trial 386 with value: 0.35297253809086543.
checkpoint_e18 window_influence: 0.49493201973172618, penalty_k: 0.17330901579813393, scale_lr: 0.33457076618892495, EAO: 0.314
Trial 536 finished with value: 0.3142803360052146 and parameters: {'window_influence': 0.4949320197317262, 'penalty_k': 0.17330901579813393, 'scale_lr': 0.33457076618892495}. Best is trial 386 with value: 0.35297253809086543.
checkpoint_e18 window_influence: 0.48028969607578048, penalty_k: 0.07286384502751883, scale_lr: 0.42474939668206257, EAO: 0.307
Trial 237 finished with value: 0.30670584883207475 and parameters: {'window_influence': 0.4802896960757805, 'penalty_k': 0.07286384502751883, 'scale_lr': 0.4247493966820626}. Best is trial 201 with value: 0.34928440305509456.
checkpoint_e18 window_influence: 0.54582529256102641, penalty_k: 0.12284503261694163, scale_lr: 0.36890474115858668, EAO: 0.289
Trial 537 finished with value: 0.28856960756537514 and parameters: {'window_influence': 0.5458252925610264, 'penalty_k': 0.12284503261694163, 'scale_lr': 0.3689047411585867}. Best is trial 386 with value: 0.35297253809086543.
checkpoint_e18 window_influence: 0.29102912843097961, penalty_k: 0.30851558355174280, scale_lr: 0.45295740660909511, EAO: 0.284
Trial 538 finished with value: 0.28423942805264246 and parameters: {'window_influence': 0.2910291284309796, 'penalty_k': 0.3085155835517428, 'scale_lr': 0.4529574066090951}. Best is trial 386 with value: 0.35297253809086543.
checkpoint_e18 window_influence: 0.06912337049426032, penalty_k: 0.09475069563615185, scale_lr: 0.11178365715549310, EAO: 0.256
Trial 238 finished with value: 0.2557665796131475 and parameters: {'window_influence': 0.06912337049426032, 'penalty_k': 0.09475069563615185, 'scale_lr': 0.1117836571554931}. Best is trial 201 with value: 0.34928440305509456.
checkpoint_e18 window_influence: 0.46982279466068444, penalty_k: 0.15444013587461214, scale_lr: 0.34370962326771393, EAO: 0.340
Trial 539 finished with value: 0.33975128603352645 and parameters: {'window_influence': 0.46982279466068444, 'penalty_k': 0.15444013587461214, 'scale_lr': 0.3437096232677139}. Best is trial 386 with value: 0.35297253809086543.
checkpoint_e18 window_influence: 0.44003692886217105, penalty_k: 0.14210368863563494, scale_lr: 0.34221405437223817, EAO: 0.316
Trial 540 finished with value: 0.31622476232191005 and parameters: {'window_influence': 0.44003692886217105, 'penalty_k': 0.14210368863563494, 'scale_lr': 0.3422140543722382}. Best is trial 386 with value: 0.35297253809086543.
checkpoint_e18 window_influence: 0.56387891061725604, penalty_k: 0.15598623016907714, scale_lr: 0.31598729635573108, EAO: 0.305
Trial 541 finished with value: 0.30527530598965136 and parameters: {'window_influence': 0.563878910617256, 'penalty_k': 0.15598623016907714, 'scale_lr': 0.3159872963557311}. Best is trial 386 with value: 0.35297253809086543.
checkpoint_e18 window_influence: 0.41822674840848567, penalty_k: 0.05678001221047554, scale_lr: 0.24746277122213919, EAO: 0.338
Trial 239 finished with value: 0.3381414325320767 and parameters: {'window_influence': 0.41822674840848567, 'penalty_k': 0.056780012210475544, 'scale_lr': 0.2474627712221392}. Best is trial 201 with value: 0.34928440305509456.
checkpoint_e18 window_influence: 0.46669834017150169, penalty_k: 0.13590442816660256, scale_lr: 0.27248078707389700, EAO: 0.336
