Trial 496 finished with value: 0.3074387125236051 and parameters: {'window_influence': 0.4958677093783374, 'penalty_k': 0.0838854864608422, 'scale_lr': 0.3944062685454302}. Best is trial 97 with value: 0.3587390516054769.
checkpoint_e22 window_influence: 0.45823451352360312, penalty_k: 0.44543003868933029, scale_lr: 0.31004076513413154, EAO: 0.309
Trial 497 finished with value: 0.3094598634697584 and parameters: {'window_influence': 0.4582345135236031, 'penalty_k': 0.4454300386893303, 'scale_lr': 0.31004076513413154}. Best is trial 97 with value: 0.3587390516054769.
checkpoint_e22 window_influence: 0.44711780952221369, penalty_k: 0.10088875053443766, scale_lr: 0.46921976216665107, EAO: 0.319
Trial 498 finished with value: 0.31923217961296496 and parameters: {'window_influence': 0.4471178095222137, 'penalty_k': 0.10088875053443766, 'scale_lr': 0.46921976216665107}. Best is trial 97 with value: 0.3587390516054769.
checkpoint_e22 window_influence: 0.48598864844757123, penalty_k: 0.35451054461398646, scale_lr: 0.41665283066584524, EAO: 0.313
Trial 499 finished with value: 0.3127861268789388 and parameters: {'window_influence': 0.4859886484475712, 'penalty_k': 0.35451054461398646, 'scale_lr': 0.41665283066584524}. Best is trial 97 with value: 0.3587390516054769.
checkpoint_e22 window_influence: 0.30754545143138956, penalty_k: 0.01958349464381082, scale_lr: 0.35052712832696298, EAO: 0.287
Trial 500 finished with value: 0.28667616455703393 and parameters: {'window_influence': 0.30754545143138956, 'penalty_k': 0.019583494643810817, 'scale_lr': 0.350527128326963}. Best is trial 97 with value: 0.3587390516054769.
checkpoint_e22 window_influence: 0.47667639720649985, penalty_k: 0.06705650159283269, scale_lr: 0.37983493935231050, EAO: 0.304
Trial 501 finished with value: 0.30441227427716383 and parameters: {'window_influence': 0.47667639720649985, 'penalty_k': 0.06705650159283269, 'scale_lr': 0.3798349393523105}. Best is trial 97 with value: 0.3587390516054769.
checkpoint_e22 window_influence: 0.46386239966141252, penalty_k: 0.00107846859427230, scale_lr: 0.23166076747251374, EAO: 0.327
Trial 502 finished with value: 0.3269309798683174 and parameters: {'window_influence': 0.4638623996614125, 'penalty_k': 0.0010784685942722971, 'scale_lr': 0.23166076747251374}. Best is trial 97 with value: 0.3587390516054769.
checkpoint_e22 window_influence: 0.11490422506339831, penalty_k: 0.05560688862353165, scale_lr: 0.28933677767142102, EAO: 0.261
Trial 503 finished with value: 0.2606625933243607 and parameters: {'window_influence': 0.11490422506339831, 'penalty_k': 0.05560688862353165, 'scale_lr': 0.289336777671421}. Best is trial 97 with value: 0.3587390516054769.
checkpoint_e22 window_influence: 0.43443134292367924, penalty_k: 0.28638915979134938, scale_lr: 0.78118617236366017, EAO: 0.310
Trial 504 finished with value: 0.30988070281795027 and parameters: {'window_influence': 0.43443134292367924, 'penalty_k': 0.2863891597913494, 'scale_lr': 0.7811861723636602}. Best is trial 97 with value: 0.3587390516054769.
checkpoint_e22 window_influence: 0.49883727977369408, penalty_k: 0.24866122906622212, scale_lr: 0.43373617414385068, EAO: 0.305
Trial 505 finished with value: 0.30528981067559136 and parameters: {'window_influence': 0.4988372797736941, 'penalty_k': 0.24866122906622212, 'scale_lr': 0.4337361741438507}. Best is trial 97 with value: 0.3587390516054769.
checkpoint_e22 window_influence: 0.45173674869442093, penalty_k: 0.08000408779437895, scale_lr: 0.36460534616562923, EAO: 0.302
Trial 506 finished with value: 0.3019801506388512 and parameters: {'window_influence': 0.45173674869442093, 'penalty_k': 0.08000408779437895, 'scale_lr': 0.36460534616562923}. Best is trial 97 with value: 0.3587390516054769.
checkpoint_e22 window_influence: 0.47236857694049250, penalty_k: 0.10460749796012057, scale_lr: 0.31959357968257679, EAO: 0.349
Trial 507 finished with value: 0.34852538196957067 and parameters: {'window_influence': 0.4723685769404925, 'penalty_k': 0.10460749796012057, 'scale_lr': 0.3195935796825768}. Best is trial 97 with value: 0.3587390516054769.
checkpoint_e22 window_influence: 0.47002959963756513, penalty_k: 0.55379047598926978, scale_lr: 0.32776106383804193, EAO: 0.289
Trial 508 finished with value: 0.28850526203209326 and parameters: {'window_influence': 0.47002959963756513, 'penalty_k': 0.5537904759892698, 'scale_lr': 0.32776106383804193}. Best is trial 97 with value: 0.3587390516054769.
checkpoint_e22 window_influence: 0.39539295651870920, penalty_k: 0.10093186163171108, scale_lr: 0.16430885826127056, EAO: 0.298
Trial 509 finished with value: 0.2983330403552445 and parameters: {'window_influence': 0.3953929565187092, 'penalty_k': 0.10093186163171108, 'scale_lr': 0.16430885826127056}. Best is trial 97 with value: 0.3587390516054769.
checkpoint_e22 window_influence: 0.56193915327636812, penalty_k: 0.22472106902822447, scale_lr: 0.34695542526652423, EAO: 0.285
Trial 510 finished with value: 0.2850399878354388 and parameters: {'window_influence': 0.5619391532763681, 'penalty_k': 0.22472106902822447, 'scale_lr': 0.34695542526652423}. Best is trial 97 with value: 0.3587390516054769.
checkpoint_e22 window_influence: 0.35297528857421845, penalty_k: 0.10801426653288750, scale_lr: 0.32347953774511867, EAO: 0.316
Trial 511 finished with value: 0.3164740304538712 and parameters: {'window_influence': 0.35297528857421845, 'penalty_k': 0.1080142665328875, 'scale_lr': 0.3234795377451187}. Best is trial 97 with value: 0.3587390516054769.
checkpoint_e22 window_influence: 0.46072520887231039, penalty_k: 0.11698620650043869, scale_lr: 0.20439477096020303, EAO: 0.335
Trial 512 finished with value: 0.3351092532219126 and parameters: {'window_influence': 0.4607252088723104, 'penalty_k': 0.11698620650043869, 'scale_lr': 0.20439477096020303}. Best is trial 97 with value: 0.3587390516054769.
checkpoint_e22 window_influence: 0.44342840743366629, penalty_k: 0.09161991431089918, scale_lr: 0.14243388627868542, EAO: 0.325
Trial 513 finished with value: 0.3253761183195077 and parameters: {'window_influence': 0.4434284074336663, 'penalty_k': 0.09161991431089918, 'scale_lr': 0.14243388627868542}. Best is trial 97 with value: 0.3587390516054769.
checkpoint_e22 window_influence: 0.47835610897304021, penalty_k: 0.32523928943358299, scale_lr: 0.36601930238785996, EAO: 0.316
Trial 514 finished with value: 0.3155157734795767 and parameters: {'window_influence': 0.4783561089730402, 'penalty_k': 0.325239289433583, 'scale_lr': 0.36601930238785996}. Best is trial 97 with value: 0.3587390516054769.
checkpoint_e22 window_influence: 0.45628178837129885, penalty_k: 0.29923744112127759, scale_lr: 0.10124962279773195, EAO: 0.286
Trial 515 finished with value: 0.28614655629902036 and parameters: {'window_influence': 0.45628178837129885, 'penalty_k': 0.2992374411212776, 'scale_lr': 0.10124962279773195}. Best is trial 97 with value: 0.3587390516054769.
checkpoint_e22 window_influence: 0.42626995684009317, penalty_k: 0.17415442292289024, scale_lr: 0.29711994258695068, EAO: 0.320
Trial 516 finished with value: 0.31973033186758537 and parameters: {'window_influence': 0.42626995684009317, 'penalty_k': 0.17415442292289024, 'scale_lr': 0.2971199425869507}. Best is trial 97 with value: 0.3587390516054769.
checkpoint_e22 window_influence: 0.47026537163718451, penalty_k: 0.19151729778278187, scale_lr: 0.33643512671615189, EAO: 0.331
Trial 517 finished with value: 0.3308278396435749 and parameters: {'window_influence': 0.4702653716371845, 'penalty_k': 0.19151729778278187, 'scale_lr': 0.3364351267161519}. Best is trial 97 with value: 0.3587390516054769.
checkpoint_e22 window_influence: 0.49137927442837093, penalty_k: 0.12375326407507227, scale_lr: 0.27652156154577379, EAO: 0.338
Trial 518 finished with value: 0.33832110783469355 and parameters: {'window_influence': 0.4913792744283709, 'penalty_k': 0.12375326407507227, 'scale_lr': 0.2765215615457738}. Best is trial 97 with value: 0.3587390516054769.
checkpoint_e22 window_influence: 0.40844531123115291, penalty_k: 0.07049743167081537, scale_lr: 0.38872714958973931, EAO: 0.325
Trial 519 finished with value: 0.32513515564254286 and parameters: {'window_influence': 0.4084453112311529, 'penalty_k': 0.07049743167081537, 'scale_lr': 0.3887271495897393}. Best is trial 97 with value: 0.3587390516054769.
checkpoint_e22 window_influence: 0.44394750616676121, penalty_k: 0.10730584698449508, scale_lr: 0.44943770831958585, EAO: 0.335
Trial 520 finished with value: 0.3350501322560737 and parameters: {'window_influence': 0.4439475061667612, 'penalty_k': 0.10730584698449508, 'scale_lr': 0.44943770831958585}. Best is trial 97 with value: 0.3587390516054769.
checkpoint_e22 window_influence: 0.11069271129707048, penalty_k: 0.23871615880000391, scale_lr: 0.31806627246241354, EAO: 0.250
Trial 521 finished with value: 0.2504043980911084 and parameters: {'window_influence': 0.11069271129707048, 'penalty_k': 0.2387161588000039, 'scale_lr': 0.31806627246241354}. Best is trial 97 with value: 0.3587390516054769.
checkpoint_e22 window_influence: 0.37099300671086821, penalty_k: 0.13361683243637199, scale_lr: 0.35619765189240887, EAO: 0.304
Trial 522 finished with value: 0.3039108017307311 and parameters: {'window_influence': 0.3709930067108682, 'penalty_k': 0.13361683243637199, 'scale_lr': 0.3561976518924089}. Best is trial 97 with value: 0.3587390516054769.
checkpoint_e22 window_influence: 0.53012283528607451, penalty_k: 0.30603717835002886, scale_lr: 0.37674688102630816, EAO: 0.286
Trial 523 finished with value: 0.2863576405822999 and parameters: {'window_influence': 0.5301228352860745, 'penalty_k': 0.30603717835002886, 'scale_lr': 0.37674688102630816}. Best is trial 97 with value: 0.3587390516054769.
checkpoint_e22 window_influence: 0.48182237969389763, penalty_k: 0.08463058728814496, scale_lr: 0.30622995503228667, EAO: 0.333
Trial 524 finished with value: 0.33283733080797157 and parameters: {'window_influence': 0.48182237969389763, 'penalty_k': 0.08463058728814496, 'scale_lr': 0.30622995503228667}. Best is trial 97 with value: 0.3587390516054769.
checkpoint_e22 window_influence: 0.45862147538580605, penalty_k: 0.20969849646129912, scale_lr: 0.18377067914974660, EAO: 0.324
Trial 525 finished with value: 0.3239495396498112 and parameters: {'window_influence': 0.45862147538580605, 'penalty_k': 0.20969849646129912, 'scale_lr': 0.1837706791497466}. Best is trial 97 with value: 0.3587390516054769.
checkpoint_e22 window_influence: 0.46944309138550017, penalty_k: 0.15988731063157852, scale_lr: 0.34728111608891227, EAO: 0.311
Trial 526 finished with value: 0.31095796435027734 and parameters: {'window_influence': 0.46944309138550017, 'penalty_k': 0.15988731063157852, 'scale_lr': 0.34728111608891227}. Best is trial 97 with value: 0.3587390516054769.
checkpoint_e22 window_influence: 0.50695015710761338, penalty_k: 0.03919562581028357, scale_lr: 0.33436816928639956, EAO: 0.325
Trial 527 finished with value: 0.3252537807717861 and parameters: {'window_influence': 0.5069501571076134, 'penalty_k': 0.03919562581028357, 'scale_lr': 0.33436816928639956}. Best is trial 97 with value: 0.3587390516054769.
checkpoint_e22 window_influence: 0.48438891402825823, penalty_k: 0.09720119888390434, scale_lr: 0.39820272020068836, EAO: 0.338
Trial 528 finished with value: 0.33782367193745266 and parameters: {'window_influence': 0.48438891402825823, 'penalty_k': 0.09720119888390434, 'scale_lr': 0.39820272020068836}. Best is trial 97 with value: 0.3587390516054769.
checkpoint_e22 window_influence: 0.44117320898537732, penalty_k: 0.22925351921811632, scale_lr: 0.36371789159415452, EAO: 0.330
Trial 529 finished with value: 0.3295742013575038 and parameters: {'window_influence': 0.4411732089853773, 'penalty_k': 0.22925351921811632, 'scale_lr': 0.3637178915941545}. Best is trial 97 with value: 0.3587390516054769.
checkpoint_e22 window_influence: 0.46432785394707304, penalty_k: 0.05680153108971620, scale_lr: 0.24085198847784209, EAO: 0.322
Trial 530 finished with value: 0.32225047654910777 and parameters: {'window_influence': 0.46432785394707304, 'penalty_k': 0.056801531089716195, 'scale_lr': 0.2408519884778421}. Best is trial 97 with value: 0.3587390516054769.
checkpoint_e22 window_influence: 0.42740886423036539, penalty_k: 0.37976894066864875, scale_lr: 0.28182972697838310, EAO: 0.302
Trial 531 finished with value: 0.3022936238157146 and parameters: {'window_influence': 0.4274088642303654, 'penalty_k': 0.37976894066864875, 'scale_lr': 0.2818297269783831}. Best is trial 97 with value: 0.3587390516054769.
checkpoint_e22 window_influence: 0.23265314904293194, penalty_k: 0.11280875547965152, scale_lr: 0.13170467109366057, EAO: 0.291
Trial 532 finished with value: 0.2909684168457521 and parameters: {'window_influence': 0.23265314904293194, 'penalty_k': 0.11280875547965152, 'scale_lr': 0.13170467109366057}. Best is trial 97 with value: 0.3587390516054769.
checkpoint_e22 window_influence: 0.32909925002505624, penalty_k: 0.07259326752678183, scale_lr: 0.31564718792737528, EAO: 0.284
Trial 533 finished with value: 0.28407618797706724 and parameters: {'window_influence': 0.32909925002505624, 'penalty_k': 0.07259326752678183, 'scale_lr': 0.3156471879273753}. Best is trial 97 with value: 0.3587390516054769.
checkpoint_e22 window_influence: 0.45145354173891422, penalty_k: 0.08720537542394115, scale_lr: 0.29710977916444686, EAO: 0.317
Trial 534 finished with value: 0.31654483068314043 and parameters: {'window_influence': 0.4514535417389142, 'penalty_k': 0.08720537542394115, 'scale_lr': 0.29710977916444686}. Best is trial 97 with value: 0.3587390516054769.
checkpoint_e22 window_influence: 0.47537457160094981, penalty_k: 0.14378341964674590, scale_lr: 0.11583587824694425, EAO: 0.330
Trial 535 finished with value: 0.32956998572043406 and parameters: {'window_influence': 0.4753745716009498, 'penalty_k': 0.1437834196467459, 'scale_lr': 0.11583587824694425}. Best is trial 97 with value: 0.3587390516054769.
checkpoint_e22 window_influence: 0.48989724831110965, penalty_k: 0.10447009915303612, scale_lr: 0.37936677699958338, EAO: 0.306
Trial 536 finished with value: 0.3060461852105211 and parameters: {'window_influence': 0.48989724831110965, 'penalty_k': 0.10447009915303612, 'scale_lr': 0.3793667769995834}. Best is trial 97 with value: 0.3587390516054769.
checkpoint_e22 window_influence: 0.05447679044458820, penalty_k: 0.12471046115459317, scale_lr: 0.53164555164048277, EAO: 0.241
Trial 537 finished with value: 0.24093287719362905 and parameters: {'window_influence': 0.0544767904445882, 'penalty_k': 0.12471046115459317, 'scale_lr': 0.5316455516404828}. Best is trial 97 with value: 0.3587390516054769.
checkpoint_e22 window_influence: 0.51733310559975931, penalty_k: 0.09572202440326985, scale_lr: 0.50709513523469973, EAO: 0.336
Trial 538 finished with value: 0.3363432070160654 and parameters: {'window_influence': 0.5173331055997593, 'penalty_k': 0.09572202440326985, 'scale_lr': 0.5070951352346997}. Best is trial 97 with value: 0.3587390516054769.
checkpoint_e22 window_influence: 0.54379610083684893, penalty_k: 0.06342990163155028, scale_lr: 0.40645175568145336, EAO: 0.308
Trial 539 finished with value: 0.30838328750680855 and parameters: {'window_influence': 0.5437961008368489, 'penalty_k': 0.06342990163155028, 'scale_lr': 0.40645175568145336}. Best is trial 97 with value: 0.3587390516054769.
checkpoint_e22 window_influence: 0.45401466980795452, penalty_k: 0.07963724544314872, scale_lr: 0.34830900934958536, EAO: 0.311
Trial 540 finished with value: 0.31136838500369846 and parameters: {'window_influence': 0.4540146698079545, 'penalty_k': 0.07963724544314872, 'scale_lr': 0.34830900934958536}. Best is trial 97 with value: 0.3587390516054769.
checkpoint_e22 window_influence: 0.61641023217577851, penalty_k: 0.51960829436610578, scale_lr: 0.17910167099265700, EAO: 0.213
Trial 541 finished with value: 0.21309540487448994 and parameters: {'window_influence': 0.6164102321757785, 'penalty_k': 0.5196082943661058, 'scale_lr': 0.179101670992657}. Best is trial 97 with value: 0.3587390516054769.
checkpoint_e22 window_influence: 0.46815340291494745, penalty_k: 0.26420547680548889, scale_lr: 0.22589141632410897, EAO: 0.319
Trial 542 finished with value: 0.31934637956118306 and parameters: {'window_influence': 0.46815340291494745, 'penalty_k': 0.2642054768054889, 'scale_lr': 0.22589141632410897}. Best is trial 97 with value: 0.3587390516054769.
checkpoint_e22 window_influence: 0.50132831408469136, penalty_k: 0.02872472792202965, scale_lr: 0.32921328659636812, EAO: 0.330
Trial 543 finished with value: 0.32960025102247986 and parameters: {'window_influence': 0.5013283140846914, 'penalty_k': 0.028724727922029653, 'scale_lr': 0.3292132865963681}. Best is trial 97 with value: 0.3587390516054769.
checkpoint_e22 window_influence: 0.47927509510249167, penalty_k: 0.11493841974052571, scale_lr: 0.51823927546029358, EAO: 0.315
Trial 544 finished with value: 0.3152332303588956 and parameters: {'window_influence': 0.47927509510249167, 'penalty_k': 0.11493841974052571, 'scale_lr': 0.5182392754602936}. Best is trial 97 with value: 0.3587390516054769.
checkpoint_e22 window_influence: 0.43846514831747302, penalty_k: 0.27451996107289078, scale_lr: 0.28326046101815927, EAO: 0.312
Trial 545 finished with value: 0.31239320691457517 and parameters: {'window_influence': 0.438465148317473, 'penalty_k': 0.2745199610728908, 'scale_lr': 0.28326046101815927}. Best is trial 97 with value: 0.3587390516054769.
checkpoint_e22 window_influence: 0.13389043523678101, penalty_k: 0.43440915682493597, scale_lr: 0.20173573517431689, EAO: 0.248
Trial 546 finished with value: 0.2476905563462105 and parameters: {'window_influence': 0.133890435236781, 'penalty_k': 0.43440915682493597, 'scale_lr': 0.2017357351743169}. Best is trial 97 with value: 0.3587390516054769.
checkpoint_e22 window_influence: 0.46352487371522938, penalty_k: 0.13131260119505347, scale_lr: 0.30449165905219006, EAO: 0.334
Trial 547 finished with value: 0.33447278763533567 and parameters: {'window_influence': 0.4635248737152294, 'penalty_k': 0.13131260119505347, 'scale_lr': 0.30449165905219006}. Best is trial 97 with value: 0.3587390516054769.
checkpoint_e22 window_influence: 0.44997841671130345, penalty_k: 0.21725340935847626, scale_lr: 0.41437258840856483, EAO: 0.305
Trial 548 finished with value: 0.30526108616520925 and parameters: {'window_influence': 0.44997841671130345, 'penalty_k': 0.21725340935847626, 'scale_lr': 0.41437258840856483}. Best is trial 97 with value: 0.3587390516054769.
checkpoint_e22 window_influence: 0.06491128973781846, penalty_k: 0.10247068872115847, scale_lr: 0.45790092981803682, EAO: 0.236
Trial 549 finished with value: 0.23573126084377793 and parameters: {'window_influence': 0.06491128973781846, 'penalty_k': 0.10247068872115847, 'scale_lr': 0.4579009298180368}. Best is trial 97 with value: 0.3587390516054769.
checkpoint_e22 window_influence: 0.35994895492962875, penalty_k: 0.04520010111574079, scale_lr: 0.36491337296203985, EAO: 0.301
Trial 550 finished with value: 0.3007030782184712 and parameters: {'window_influence': 0.35994895492962875, 'penalty_k': 0.04520010111574079, 'scale_lr': 0.36491337296203985}. Best is trial 97 with value: 0.3587390516054769.
checkpoint_e22 window_influence: 0.48522455334042619, penalty_k: 0.58657819777474618, scale_lr: 0.15267758671180656, EAO: 0.277
Trial 551 finished with value: 0.2770090401172638 and parameters: {'window_influence': 0.4852245533404262, 'penalty_k': 0.5865781977747462, 'scale_lr': 0.15267758671180656}. Best is trial 97 with value: 0.3587390516054769.
checkpoint_e22 window_influence: 0.41465525499906025, penalty_k: 0.08738318712101942, scale_lr: 0.33792315426394609, EAO: 0.315
Trial 552 finished with value: 0.31459477207540076 and parameters: {'window_influence': 0.41465525499906025, 'penalty_k': 0.08738318712101942, 'scale_lr': 0.3379231542639461}. Best is trial 97 with value: 0.3587390516054769.
checkpoint_e22 window_influence: 0.47544205252904037, penalty_k: 0.15125053001673328, scale_lr: 0.46894503111946417, EAO: 0.333
Trial 553 finished with value: 0.3331270176149064 and parameters: {'window_influence': 0.47544205252904037, 'penalty_k': 0.15125053001673328, 'scale_lr': 0.4689450311194642}. Best is trial 97 with value: 0.3587390516054769.
checkpoint_e22 window_influence: 0.33462485303129985, penalty_k: 0.11567406496974511, scale_lr: 0.10155216059797049, EAO: 0.309
Trial 554 finished with value: 0.309141329928131 and parameters: {'window_influence': 0.33462485303129985, 'penalty_k': 0.11567406496974511, 'scale_lr': 0.1015521605979705}. Best is trial 97 with value: 0.3587390516054769.
checkpoint_e22 window_influence: 0.49459587683136336, penalty_k: 0.07222401220565161, scale_lr: 0.43182088158541476, EAO: 0.307
Trial 555 finished with value: 0.3071477879346113 and parameters: {'window_influence': 0.49459587683136336, 'penalty_k': 0.07222401220565161, 'scale_lr': 0.43182088158541476}. Best is trial 97 with value: 0.3587390516054769.
checkpoint_e22 window_influence: 0.46002845168643347, penalty_k: 0.09667739010166004, scale_lr: 0.26667366112044510, EAO: 0.323
Trial 556 finished with value: 0.32262579076253023 and parameters: {'window_influence': 0.46002845168643347, 'penalty_k': 0.09667739010166004, 'scale_lr': 0.2666736611204451}. Best is trial 97 with value: 0.3587390516054769.
checkpoint_e22 window_influence: 0.55888668285425080, penalty_k: 0.05272190380939570, scale_lr: 0.31725740311801454, EAO: 0.291
Trial 557 finished with value: 0.29081016025190687 and parameters: {'window_influence': 0.5588866828542508, 'penalty_k': 0.0527219038093957, 'scale_lr': 0.31725740311801454}. Best is trial 97 with value: 0.3587390516054769.
checkpoint_e22 window_influence: 0.28868764652987011, penalty_k: 0.01793544200166900, scale_lr: 0.24438076279284293, EAO: 0.296
