Trial 372 finished with value: 0.3241413654288429 and parameters: {'window_influence': 0.4160707177816431, 'penalty_k': 0.1080618732674482, 'scale_lr': 0.615960458851168}. Best is trial 226 with value: 0.354671357786609.
checkpoint_e17 window_influence: 0.48551487024414597, penalty_k: 0.30989350343781719, scale_lr: 0.59295046863198964, EAO: 0.302
Trial 373 finished with value: 0.3024902572195817 and parameters: {'window_influence': 0.48551487024414597, 'penalty_k': 0.3098935034378172, 'scale_lr': 0.5929504686319896}. Best is trial 226 with value: 0.354671357786609.
checkpoint_e17 window_influence: 0.43048395760152902, penalty_k: 0.06301963546378556, scale_lr: 0.27023589117019819, EAO: 0.345
Trial 374 finished with value: 0.34476855350839486 and parameters: {'window_influence': 0.430483957601529, 'penalty_k': 0.06301963546378556, 'scale_lr': 0.2702358911701982}. Best is trial 226 with value: 0.354671357786609.
checkpoint_e17 window_influence: 0.11043554811579398, penalty_k: 0.40028390169498757, scale_lr: 0.30284200892102875, EAO: 0.266
Trial 375 finished with value: 0.26617336447136875 and parameters: {'window_influence': 0.11043554811579398, 'penalty_k': 0.40028390169498757, 'scale_lr': 0.30284200892102875}. Best is trial 226 with value: 0.354671357786609.
checkpoint_e17 window_influence: 0.44975458814076719, penalty_k: 0.05677072567615411, scale_lr: 0.52924291587355721, EAO: 0.331
Trial 376 finished with value: 0.3311061822602721 and parameters: {'window_influence': 0.4497545881407672, 'penalty_k': 0.056770725676154106, 'scale_lr': 0.5292429158735572}. Best is trial 226 with value: 0.354671357786609.
checkpoint_e17 window_influence: 0.43216983464001185, penalty_k: 0.06792760116025871, scale_lr: 0.41355198587555181, EAO: 0.321
Trial 377 finished with value: 0.321073596115706 and parameters: {'window_influence': 0.43216983464001185, 'penalty_k': 0.06792760116025871, 'scale_lr': 0.4135519858755518}. Best is trial 226 with value: 0.354671357786609.
checkpoint_e17 window_influence: 0.45812211832478611, penalty_k: 0.08416608102852442, scale_lr: 0.26695407004919786, EAO: 0.335
Trial 378 finished with value: 0.3348287258746559 and parameters: {'window_influence': 0.4581221183247861, 'penalty_k': 0.08416608102852442, 'scale_lr': 0.26695407004919786}. Best is trial 226 with value: 0.354671357786609.
checkpoint_e17 window_influence: 0.51642605332543345, penalty_k: 0.04030016098062557, scale_lr: 0.56349238112617073, EAO: 0.326
Trial 379 finished with value: 0.3255374170115022 and parameters: {'window_influence': 0.5164260533254335, 'penalty_k': 0.04030016098062557, 'scale_lr': 0.5634923811261707}. Best is trial 226 with value: 0.354671357786609.
checkpoint_e17 window_influence: 0.44278440143381176, penalty_k: 0.07029934689066175, scale_lr: 0.35412905387117055, EAO: 0.327
Trial 380 finished with value: 0.32700009800580687 and parameters: {'window_influence': 0.44278440143381176, 'penalty_k': 0.07029934689066175, 'scale_lr': 0.35412905387117055}. Best is trial 226 with value: 0.354671357786609.
checkpoint_e17 window_influence: 0.47380212749650785, penalty_k: 0.01804095590791343, scale_lr: 0.39489785479406442, EAO: 0.323
Trial 381 finished with value: 0.3231396309248668 and parameters: {'window_influence': 0.47380212749650785, 'penalty_k': 0.01804095590791343, 'scale_lr': 0.3948978547940644}. Best is trial 226 with value: 0.354671357786609.
checkpoint_e17 window_influence: 0.32475057007365193, penalty_k: 0.24770062572569868, scale_lr: 0.52000286566583931, EAO: 0.309
Trial 382 finished with value: 0.3090702871636194 and parameters: {'window_influence': 0.32475057007365193, 'penalty_k': 0.24770062572569868, 'scale_lr': 0.5200028656658393}. Best is trial 226 with value: 0.354671357786609.
checkpoint_e17 window_influence: 0.41163173951441268, penalty_k: 0.09858427205107910, scale_lr: 0.20785915735902138, EAO: 0.316
Trial 383 finished with value: 0.3156872938463196 and parameters: {'window_influence': 0.4116317395144127, 'penalty_k': 0.0985842720510791, 'scale_lr': 0.20785915735902138}. Best is trial 226 with value: 0.354671357786609.
checkpoint_e17 window_influence: 0.42879211810631263, penalty_k: 0.29131856614998025, scale_lr: 0.54457190241351161, EAO: 0.307
Trial 384 finished with value: 0.3071208798583843 and parameters: {'window_influence': 0.4287921181063126, 'penalty_k': 0.29131856614998025, 'scale_lr': 0.5445719024135116}. Best is trial 226 with value: 0.354671357786609.
checkpoint_e17 window_influence: 0.62472819049569750, penalty_k: 0.07869329821221122, scale_lr: 0.26105322118843272, EAO: 0.270
Trial 385 finished with value: 0.27027635751763207 and parameters: {'window_influence': 0.6247281904956975, 'penalty_k': 0.07869329821221122, 'scale_lr': 0.2610532211884327}. Best is trial 226 with value: 0.354671357786609.
checkpoint_e17 window_influence: 0.42001633682131645, penalty_k: 0.11789026301604197, scale_lr: 0.38195322811787868, EAO: 0.311
Trial 386 finished with value: 0.31064974861618144 and parameters: {'window_influence': 0.42001633682131645, 'penalty_k': 0.11789026301604197, 'scale_lr': 0.3819532281178787}. Best is trial 226 with value: 0.354671357786609.
checkpoint_e17 window_influence: 0.44360844507319486, penalty_k: 0.06185711995016586, scale_lr: 0.44506616731426846, EAO: 0.319
Trial 387 finished with value: 0.319403586046705 and parameters: {'window_influence': 0.44360844507319486, 'penalty_k': 0.06185711995016586, 'scale_lr': 0.44506616731426846}. Best is trial 226 with value: 0.354671357786609.
checkpoint_e17 window_influence: 0.46898787780378098, penalty_k: 0.04900310188178744, scale_lr: 0.14272291079982330, EAO: 0.314
Trial 388 finished with value: 0.31390517039753585 and parameters: {'window_influence': 0.468987877803781, 'penalty_k': 0.049003101881787435, 'scale_lr': 0.1427229107998233}. Best is trial 226 with value: 0.354671357786609.
checkpoint_e17 window_influence: 0.19695858776438846, penalty_k: 0.09252054632778998, scale_lr: 0.36873928869616640, EAO: 0.282
Trial 389 finished with value: 0.28220414987797865 and parameters: {'window_influence': 0.19695858776438846, 'penalty_k': 0.09252054632778998, 'scale_lr': 0.3687392886961664}. Best is trial 226 with value: 0.354671357786609.
checkpoint_e17 window_influence: 0.43331318147793862, penalty_k: 0.03412197342704385, scale_lr: 0.40722358181814416, EAO: 0.320
Trial 390 finished with value: 0.31989616723839875 and parameters: {'window_influence': 0.4333131814779386, 'penalty_k': 0.03412197342704385, 'scale_lr': 0.40722358181814416}. Best is trial 226 with value: 0.354671357786609.
checkpoint_e17 window_influence: 0.40856594290621012, penalty_k: 0.28314605822944727, scale_lr: 0.47869682014854192, EAO: 0.307
Trial 391 finished with value: 0.30714475980992445 and parameters: {'window_influence': 0.4085659429062101, 'penalty_k': 0.2831460582294473, 'scale_lr': 0.4786968201485419}. Best is trial 226 with value: 0.354671357786609.
checkpoint_e17 window_influence: 0.45229015206270573, penalty_k: 0.10785530454053048, scale_lr: 0.41693408845102203, EAO: 0.322
Trial 392 finished with value: 0.32240784504534203 and parameters: {'window_influence': 0.45229015206270573, 'penalty_k': 0.10785530454053048, 'scale_lr': 0.41693408845102203}. Best is trial 226 with value: 0.354671357786609.
checkpoint_e17 window_influence: 0.42627715483602158, penalty_k: 0.01421618824827816, scale_lr: 0.32856503955691518, EAO: 0.326
Trial 393 finished with value: 0.3260317473212105 and parameters: {'window_influence': 0.4262771548360216, 'penalty_k': 0.014216188248278156, 'scale_lr': 0.3285650395569152}. Best is trial 226 with value: 0.354671357786609.
checkpoint_e17 window_influence: 0.50742383935176816, penalty_k: 0.07901643266153693, scale_lr: 0.44233893782620742, EAO: 0.325
Trial 394 finished with value: 0.3252514423331398 and parameters: {'window_influence': 0.5074238393517682, 'penalty_k': 0.07901643266153693, 'scale_lr': 0.4423389378262074}. Best is trial 226 with value: 0.354671357786609.
checkpoint_e17 window_influence: 0.41500045344803704, penalty_k: 0.12003665648084585, scale_lr: 0.58879997312441601, EAO: 0.345
Trial 395 finished with value: 0.34468069243523863 and parameters: {'window_influence': 0.41500045344803704, 'penalty_k': 0.12003665648084585, 'scale_lr': 0.588799973124416}. Best is trial 226 with value: 0.354671357786609.
checkpoint_e17 window_influence: 0.33521667942352718, penalty_k: 0.11974957925617957, scale_lr: 0.58851462415668632, EAO: 0.325
Trial 396 finished with value: 0.3247065525574443 and parameters: {'window_influence': 0.3352166794235272, 'penalty_k': 0.11974957925617957, 'scale_lr': 0.5885146241566863}. Best is trial 226 with value: 0.354671357786609.
checkpoint_e17 window_influence: 0.45581667336236970, penalty_k: 0.12645829330109865, scale_lr: 0.57650191131286421, EAO: 0.331
Trial 397 finished with value: 0.33064696424666085 and parameters: {'window_influence': 0.4558166733623697, 'penalty_k': 0.12645829330109865, 'scale_lr': 0.5765019113128642}. Best is trial 226 with value: 0.354671357786609.
checkpoint_e17 window_influence: 0.44417329222241103, penalty_k: 0.10825139874032279, scale_lr: 0.60490817395675101, EAO: 0.322
Trial 398 finished with value: 0.32173442382524914 and parameters: {'window_influence': 0.44417329222241103, 'penalty_k': 0.10825139874032279, 'scale_lr': 0.604908173956751}. Best is trial 226 with value: 0.354671357786609.
checkpoint_e17 window_influence: 0.40626828178531360, penalty_k: 0.12210383130603966, scale_lr: 0.55746068515684744, EAO: 0.337
Trial 399 finished with value: 0.33723350651997075 and parameters: {'window_influence': 0.4062682817853136, 'penalty_k': 0.12210383130603966, 'scale_lr': 0.5574606851568474}. Best is trial 226 with value: 0.354671357786609.
checkpoint_e17 window_influence: 0.43392742226590969, penalty_k: 0.47828856290644517, scale_lr: 0.73916682615661466, EAO: 0.310
Trial 400 finished with value: 0.3096491980877368 and parameters: {'window_influence': 0.4339274222659097, 'penalty_k': 0.47828856290644517, 'scale_lr': 0.7391668261566147}. Best is trial 226 with value: 0.354671357786609.
checkpoint_e17 window_influence: 0.48279079444902223, penalty_k: 0.09864075864002046, scale_lr: 0.58774082171270370, EAO: 0.307
Trial 401 finished with value: 0.30696292378095336 and parameters: {'window_influence': 0.48279079444902223, 'penalty_k': 0.09864075864002046, 'scale_lr': 0.5877408217127037}. Best is trial 226 with value: 0.354671357786609.
checkpoint_e17 window_influence: 0.42062310525426666, penalty_k: 0.02674629666529513, scale_lr: 0.42919685317294354, EAO: 0.331
Trial 402 finished with value: 0.33147672236197656 and parameters: {'window_influence': 0.42062310525426666, 'penalty_k': 0.02674629666529513, 'scale_lr': 0.42919685317294354}. Best is trial 226 with value: 0.354671357786609.
checkpoint_e17 window_influence: 0.46383702209504740, penalty_k: 0.00063668799362539, scale_lr: 0.42625499160745639, EAO: 0.340
Trial 403 finished with value: 0.33994277615955365 and parameters: {'window_influence': 0.4638370220950474, 'penalty_k': 0.0006366879936253924, 'scale_lr': 0.4262549916074564}. Best is trial 226 with value: 0.354671357786609.
checkpoint_e17 window_influence: 0.46628618996500659, penalty_k: 0.00134261258326581, scale_lr: 0.43319413649480176, EAO: 0.336
Trial 404 finished with value: 0.33585178678137784 and parameters: {'window_influence': 0.4662861899650066, 'penalty_k': 0.0013426125832658095, 'scale_lr': 0.43319413649480176}. Best is trial 226 with value: 0.354671357786609.
checkpoint_e17 window_influence: 0.47144063766449984, penalty_k: 0.00064885780364068, scale_lr: 0.38261064301954484, EAO: 0.321
Trial 405 finished with value: 0.3206036612681378 and parameters: {'window_influence': 0.47144063766449984, 'penalty_k': 0.0006488578036406784, 'scale_lr': 0.38261064301954484}. Best is trial 226 with value: 0.354671357786609.
checkpoint_e17 window_influence: 0.58983939482159120, penalty_k: 0.12923465427203784, scale_lr: 0.50739565602400771, EAO: 0.273
Trial 406 finished with value: 0.2725792151480797 and parameters: {'window_influence': 0.5898393948215912, 'penalty_k': 0.12923465427203784, 'scale_lr': 0.5073956560240077}. Best is trial 226 with value: 0.354671357786609.
checkpoint_e17 window_influence: 0.46137918301161035, penalty_k: 0.09624846614463922, scale_lr: 0.54467871081253028, EAO: 0.339
Trial 407 finished with value: 0.3392370848224321 and parameters: {'window_influence': 0.46137918301161035, 'penalty_k': 0.09624846614463922, 'scale_lr': 0.5446787108125303}. Best is trial 226 with value: 0.354671357786609.
checkpoint_e17 window_influence: 0.45117144812126431, penalty_k: 0.01752364712225958, scale_lr: 0.57086258886365404, EAO: 0.333
Trial 408 finished with value: 0.33281532660532553 and parameters: {'window_influence': 0.4511714481212643, 'penalty_k': 0.01752364712225958, 'scale_lr': 0.570862588863654}. Best is trial 226 with value: 0.354671357786609.
checkpoint_e17 window_influence: 0.44334781558866693, penalty_k: 0.10903066211062164, scale_lr: 0.56508262180299351, EAO: 0.337
Trial 409 finished with value: 0.33707748266509535 and parameters: {'window_influence': 0.4433478155886669, 'penalty_k': 0.10903066211062164, 'scale_lr': 0.5650826218029935}. Best is trial 226 with value: 0.354671357786609.
checkpoint_e17 window_influence: 0.49392768895493339, penalty_k: 0.09013281830456428, scale_lr: 0.48364818840344587, EAO: 0.331
Trial 410 finished with value: 0.33073499224761116 and parameters: {'window_influence': 0.4939276889549334, 'penalty_k': 0.09013281830456428, 'scale_lr': 0.48364818840344587}. Best is trial 226 with value: 0.354671357786609.
checkpoint_e17 window_influence: 0.48280638960165068, penalty_k: 0.21172989323793961, scale_lr: 0.19034213472156131, EAO: 0.326
Trial 411 finished with value: 0.32641780666340187 and parameters: {'window_influence': 0.4828063896016507, 'penalty_k': 0.21172989323793961, 'scale_lr': 0.1903421347215613}. Best is trial 226 with value: 0.354671357786609.
checkpoint_e17 window_influence: 0.43569894763472367, penalty_k: 0.01126705593810100, scale_lr: 0.30323319732332865, EAO: 0.320
Trial 412 finished with value: 0.32042750153792043 and parameters: {'window_influence': 0.43569894763472367, 'penalty_k': 0.011267055938101005, 'scale_lr': 0.30323319732332865}. Best is trial 226 with value: 0.354671357786609.
checkpoint_e17 window_influence: 0.42662460025974069, penalty_k: 0.11201095944285686, scale_lr: 0.53489921662443729, EAO: 0.337
Trial 413 finished with value: 0.3373356845360322 and parameters: {'window_influence': 0.4266246002597407, 'penalty_k': 0.11201095944285686, 'scale_lr': 0.5348992166244373}. Best is trial 226 with value: 0.354671357786609.
checkpoint_e17 window_influence: 0.45914070946431673, penalty_k: 0.02435912972687295, scale_lr: 0.34058866823121020, EAO: 0.336
Trial 414 finished with value: 0.33599620153004095 and parameters: {'window_influence': 0.45914070946431673, 'penalty_k': 0.02435912972687295, 'scale_lr': 0.3405886682312102}. Best is trial 226 with value: 0.354671357786609.
checkpoint_e17 window_influence: 0.30197051596451846, penalty_k: 0.08687074088383484, scale_lr: 0.42384648226580240, EAO: 0.331
Trial 415 finished with value: 0.3313077903907123 and parameters: {'window_influence': 0.30197051596451846, 'penalty_k': 0.08687074088383484, 'scale_lr': 0.4238464822658024}. Best is trial 226 with value: 0.354671357786609.
checkpoint_e17 window_influence: 0.41476383511665837, penalty_k: 0.31539292234642158, scale_lr: 0.47198997728232683, EAO: 0.314
Trial 416 finished with value: 0.31398420633045154 and parameters: {'window_influence': 0.4147638351166584, 'penalty_k': 0.3153929223464216, 'scale_lr': 0.47198997728232683}. Best is trial 226 with value: 0.354671357786609.
checkpoint_e17 window_influence: 0.32276976536538782, penalty_k: 0.13168651598667638, scale_lr: 0.40369421649146092, EAO: 0.332
Trial 417 finished with value: 0.3322904289696467 and parameters: {'window_influence': 0.3227697653653878, 'penalty_k': 0.13168651598667638, 'scale_lr': 0.4036942164914609}. Best is trial 226 with value: 0.354671357786609.
checkpoint_e17 window_influence: 0.47569597180869055, penalty_k: 0.06464798980349604, scale_lr: 0.46036902826321957, EAO: 0.335
Trial 418 finished with value: 0.33498823051322757 and parameters: {'window_influence': 0.47569597180869055, 'penalty_k': 0.06464798980349604, 'scale_lr': 0.46036902826321957}. Best is trial 226 with value: 0.354671357786609.
checkpoint_e17 window_influence: 0.44826801817442774, penalty_k: 0.36724721823791884, scale_lr: 0.71269660904129617, EAO: 0.316
Trial 419 finished with value: 0.3161204287977998 and parameters: {'window_influence': 0.44826801817442774, 'penalty_k': 0.36724721823791884, 'scale_lr': 0.7126966090412962}. Best is trial 226 with value: 0.354671357786609.
checkpoint_e17 window_influence: 0.43839998819861919, penalty_k: 0.09815118979250555, scale_lr: 0.55268287543684824, EAO: 0.326
Trial 420 finished with value: 0.32570274429330565 and parameters: {'window_influence': 0.4383999881986192, 'penalty_k': 0.09815118979250555, 'scale_lr': 0.5526828754368482}. Best is trial 226 with value: 0.354671357786609.
checkpoint_e17 window_influence: 0.16401808666266984, penalty_k: 0.11538526660658634, scale_lr: 0.58006583793892319, EAO: 0.279
Trial 421 finished with value: 0.2792232690038384 and parameters: {'window_influence': 0.16401808666266984, 'penalty_k': 0.11538526660658634, 'scale_lr': 0.5800658379389232}. Best is trial 226 with value: 0.354671357786609.
checkpoint_e17 window_influence: 0.08078812427667620, penalty_k: 0.25571173519606566, scale_lr: 0.51381603901653738, EAO: 0.265
Trial 422 finished with value: 0.2646168607218256 and parameters: {'window_influence': 0.0807881242766762, 'penalty_k': 0.25571173519606566, 'scale_lr': 0.5138160390165374}. Best is trial 226 with value: 0.354671357786609.
checkpoint_e17 window_influence: 0.40356847480203223, penalty_k: 0.01230286342041799, scale_lr: 0.73089587645609488, EAO: 0.316
Trial 423 finished with value: 0.31594470462214624 and parameters: {'window_influence': 0.40356847480203223, 'penalty_k': 0.012302863420417986, 'scale_lr': 0.7308958764560949}. Best is trial 226 with value: 0.354671357786609.
checkpoint_e17 window_influence: 0.34961398158336693, penalty_k: 0.04851810388420259, scale_lr: 0.22855897437959727, EAO: 0.320
Trial 424 finished with value: 0.32007578195069086 and parameters: {'window_influence': 0.34961398158336693, 'penalty_k': 0.04851810388420259, 'scale_lr': 0.22855897437959727}. Best is trial 226 with value: 0.354671357786609.
checkpoint_e17 window_influence: 0.42444822277917277, penalty_k: 0.08298313470319287, scale_lr: 0.50387567770406017, EAO: 0.329
Trial 425 finished with value: 0.32864187588255694 and parameters: {'window_influence': 0.42444822277917277, 'penalty_k': 0.08298313470319287, 'scale_lr': 0.5038756777040602}. Best is trial 226 with value: 0.354671357786609.
checkpoint_e17 window_influence: 0.46264900774346646, penalty_k: 0.10440355612967794, scale_lr: 0.42958393724412508, EAO: 0.322
Trial 426 finished with value: 0.3217723823590965 and parameters: {'window_influence': 0.46264900774346646, 'penalty_k': 0.10440355612967794, 'scale_lr': 0.4295839372441251}. Best is trial 226 with value: 0.354671357786609.
checkpoint_e17 window_influence: 0.43524655149637670, penalty_k: 0.22276463134405838, scale_lr: 0.36430736376607531, EAO: 0.307
Trial 427 finished with value: 0.3067741587120271 and parameters: {'window_influence': 0.4352465514963767, 'penalty_k': 0.22276463134405838, 'scale_lr': 0.3643073637660753}. Best is trial 226 with value: 0.354671357786609.
checkpoint_e17 window_influence: 0.24708828709950800, penalty_k: 0.07389407207330112, scale_lr: 0.26858116050593728, EAO: 0.299
Trial 428 finished with value: 0.2985721987161191 and parameters: {'window_influence': 0.247088287099508, 'penalty_k': 0.07389407207330112, 'scale_lr': 0.2685811605059373}. Best is trial 226 with value: 0.354671357786609.
checkpoint_e17 window_influence: 0.41519323267648967, penalty_k: 0.12496022067261561, scale_lr: 0.38710117817723899, EAO: 0.306
Trial 429 finished with value: 0.3063856206167533 and parameters: {'window_influence': 0.41519323267648967, 'penalty_k': 0.12496022067261561, 'scale_lr': 0.387101178177239}. Best is trial 226 with value: 0.354671357786609.
checkpoint_e17 window_influence: 0.39614977954536429, penalty_k: 0.00139425401889299, scale_lr: 0.59847186642512851, EAO: 0.330
Trial 430 finished with value: 0.3299842869377322 and parameters: {'window_influence': 0.3961497795453643, 'penalty_k': 0.0013942540188929885, 'scale_lr': 0.5984718664251285}. Best is trial 226 with value: 0.354671357786609.
checkpoint_e17 window_influence: 0.45136994771874162, penalty_k: 0.05983020069618716, scale_lr: 0.41561638172594262, EAO: 0.328
Trial 431 finished with value: 0.32767041224681914 and parameters: {'window_influence': 0.4513699477187416, 'penalty_k': 0.059830200696187164, 'scale_lr': 0.4156163817259426}. Best is trial 226 with value: 0.354671357786609.
checkpoint_e17 window_influence: 0.36594695575931513, penalty_k: 0.03238545848165396, scale_lr: 0.74727318967055534, EAO: 0.320
Trial 432 finished with value: 0.3199575289446092 and parameters: {'window_influence': 0.36594695575931513, 'penalty_k': 0.03238545848165396, 'scale_lr': 0.7472731896705553}. Best is trial 226 with value: 0.354671357786609.
checkpoint_e17 window_influence: 0.27785322147642155, penalty_k: 0.08918761333947461, scale_lr: 0.56744197597829815, EAO: 0.305
Trial 433 finished with value: 0.30473089287717053 and parameters: {'window_influence': 0.27785322147642155, 'penalty_k': 0.08918761333947461, 'scale_lr': 0.5674419759782982}. Best is trial 226 with value: 0.354671357786609.
checkpoint_e17 window_influence: 0.34167248282211810, penalty_k: 0.10361434610443197, scale_lr: 0.33386411846861885, EAO: 0.326
