Trial 1500 finished with value: 0.2979553014271918 and parameters: {'window_influence': 0.23451439981521546, 'penalty_k': 0.045730266500379695, 'scale_lr': 0.3926314008590603}. Best is trial 1044 with value: 0.36650777071830365.
checkpoint_e29 window_influence: 0.57580087299858662, penalty_k: 0.11399851947978468, scale_lr: 0.16784227993886902, EAO: 0.298
Trial 1501 finished with value: 0.2982751810017263 and parameters: {'window_influence': 0.5758008729985866, 'penalty_k': 0.11399851947978468, 'scale_lr': 0.16784227993886902}. Best is trial 1044 with value: 0.36650777071830365.
checkpoint_e29 window_influence: 0.27385840427449815, penalty_k: 0.47369177473905366, scale_lr: 0.20662479694583247, EAO: 0.286
Trial 1502 finished with value: 0.2863273607269799 and parameters: {'window_influence': 0.27385840427449815, 'penalty_k': 0.47369177473905366, 'scale_lr': 0.20662479694583247}. Best is trial 1044 with value: 0.36650777071830365.
checkpoint_e29 window_influence: 0.48165869357258362, penalty_k: 0.06794985156692895, scale_lr: 0.18622605529160566, EAO: 0.332
Trial 1503 finished with value: 0.3320641987286653 and parameters: {'window_influence': 0.4816586935725836, 'penalty_k': 0.06794985156692895, 'scale_lr': 0.18622605529160566}. Best is trial 1044 with value: 0.36650777071830365.
checkpoint_e29 window_influence: 0.46520077688056827, penalty_k: 0.41279215373140926, scale_lr: 0.46260799556288978, EAO: 0.331
Trial 1504 finished with value: 0.3314261711293157 and parameters: {'window_influence': 0.46520077688056827, 'penalty_k': 0.41279215373140926, 'scale_lr': 0.4626079955628898}. Best is trial 1044 with value: 0.36650777071830365.
checkpoint_e29 window_influence: 0.05963773267197453, penalty_k: 0.13157815227401898, scale_lr: 0.53542069722335717, EAO: 0.240
Trial 1505 finished with value: 0.23995425160756834 and parameters: {'window_influence': 0.05963773267197453, 'penalty_k': 0.13157815227401898, 'scale_lr': 0.5354206972233572}. Best is trial 1044 with value: 0.36650777071830365.
checkpoint_e29 window_influence: 0.37398927518333036, penalty_k: 0.14226261472712448, scale_lr: 0.73398792118702882, EAO: 0.330
Trial 1506 finished with value: 0.3297754988828058 and parameters: {'window_influence': 0.37398927518333036, 'penalty_k': 0.14226261472712448, 'scale_lr': 0.7339879211870288}. Best is trial 1044 with value: 0.36650777071830365.
checkpoint_e29 window_influence: 0.51844660226147288, penalty_k: 0.08824365070958981, scale_lr: 0.59754296082971259, EAO: 0.314
Trial 1507 finished with value: 0.3137865515882403 and parameters: {'window_influence': 0.5184466022614729, 'penalty_k': 0.08824365070958981, 'scale_lr': 0.5975429608297126}. Best is trial 1044 with value: 0.36650777071830365.
checkpoint_e29 window_influence: 0.43554849082484970, penalty_k: 0.03006826027155055, scale_lr: 0.66555185231677505, EAO: 0.321
Trial 1508 finished with value: 0.32138657981551577 and parameters: {'window_influence': 0.4355484908248497, 'penalty_k': 0.030068260271550545, 'scale_lr': 0.665551852316775}. Best is trial 1044 with value: 0.36650777071830365.
checkpoint_e29 window_influence: 0.38920672573815412, penalty_k: 0.05604649089299293, scale_lr: 0.77671127803218321, EAO: 0.325
Trial 1509 finished with value: 0.3252485103412361 and parameters: {'window_influence': 0.3892067257381541, 'penalty_k': 0.056046490892992934, 'scale_lr': 0.7767112780321832}. Best is trial 1044 with value: 0.36650777071830365.
checkpoint_e29 window_influence: 0.62751594305190594, penalty_k: 0.12124519985981316, scale_lr: 0.75325002756423109, EAO: 0.245
Trial 1510 finished with value: 0.24509782857236231 and parameters: {'window_influence': 0.6275159430519059, 'penalty_k': 0.12124519985981316, 'scale_lr': 0.7532500275642311}. Best is trial 1044 with value: 0.36650777071830365.
checkpoint_e29 window_influence: 0.18729455136041720, penalty_k: 0.18870515838082236, scale_lr: 0.17278273433749267, EAO: 0.268
Trial 1511 finished with value: 0.268183029463319 and parameters: {'window_influence': 0.1872945513604172, 'penalty_k': 0.18870515838082236, 'scale_lr': 0.17278273433749267}. Best is trial 1044 with value: 0.36650777071830365.
checkpoint_e29 window_influence: 0.41572444897158001, penalty_k: 0.25301372293562613, scale_lr: 0.61209908852012229, EAO: 0.327
Trial 1512 finished with value: 0.3270298436226084 and parameters: {'window_influence': 0.41572444897158, 'penalty_k': 0.25301372293562613, 'scale_lr': 0.6120990885201223}. Best is trial 1044 with value: 0.36650777071830365.
checkpoint_e29 window_influence: 0.49722335318448080, penalty_k: 0.43679491820110261, scale_lr: 0.31378651699596649, EAO: 0.316
Trial 1513 finished with value: 0.316074248069919 and parameters: {'window_influence': 0.4972233531844808, 'penalty_k': 0.4367949182011026, 'scale_lr': 0.3137865169959665}. Best is trial 1044 with value: 0.36650777071830365.
checkpoint_e29 window_influence: 0.47979193659753089, penalty_k: 0.29541019092956722, scale_lr: 0.19536494409815203, EAO: 0.329
Trial 1514 finished with value: 0.32919439122602634 and parameters: {'window_influence': 0.4797919365975309, 'penalty_k': 0.2954101909295672, 'scale_lr': 0.19536494409815203}. Best is trial 1044 with value: 0.36650777071830365.
checkpoint_e29 window_influence: 0.46866420984892676, penalty_k: 0.40621609501986716, scale_lr: 0.69033258836106859, EAO: 0.341
Trial 1515 finished with value: 0.3411362081882091 and parameters: {'window_influence': 0.46866420984892676, 'penalty_k': 0.40621609501986716, 'scale_lr': 0.6903325883610686}. Best is trial 1044 with value: 0.36650777071830365.
checkpoint_e29 window_influence: 0.50836891383438454, penalty_k: 0.26530886103069473, scale_lr: 0.78803322773385942, EAO: 0.304
Trial 1516 finished with value: 0.30374380592474215 and parameters: {'window_influence': 0.5083689138343845, 'penalty_k': 0.26530886103069473, 'scale_lr': 0.7880332277338594}. Best is trial 1044 with value: 0.36650777071830365.
checkpoint_e29 window_influence: 0.48516316914713431, penalty_k: 0.14780555033474524, scale_lr: 0.22400831489859607, EAO: 0.350
Trial 1517 finished with value: 0.350065641945902 and parameters: {'window_influence': 0.4851631691471343, 'penalty_k': 0.14780555033474524, 'scale_lr': 0.22400831489859607}. Best is trial 1044 with value: 0.36650777071830365.
checkpoint_e29 window_influence: 0.52505343927117576, penalty_k: 0.03534387654248256, scale_lr: 0.28702407068653252, EAO: 0.326
Trial 1518 finished with value: 0.3256746955534827 and parameters: {'window_influence': 0.5250534392711758, 'penalty_k': 0.035343876542482555, 'scale_lr': 0.2870240706865325}. Best is trial 1044 with value: 0.36650777071830365.
checkpoint_e29 window_influence: 0.49601846547306960, penalty_k: 0.27482047617190947, scale_lr: 0.48948226785652799, EAO: 0.311
Trial 1519 finished with value: 0.31086618085083795 and parameters: {'window_influence': 0.4960184654730696, 'penalty_k': 0.27482047617190947, 'scale_lr': 0.489482267856528}. Best is trial 1044 with value: 0.36650777071830365.
checkpoint_e29 window_influence: 0.30416921270853137, penalty_k: 0.01135678324956340, scale_lr: 0.31828631015252379, EAO: 0.313
Trial 1520 finished with value: 0.31331663384511776 and parameters: {'window_influence': 0.30416921270853137, 'penalty_k': 0.011356783249563403, 'scale_lr': 0.3182863101525238}. Best is trial 1044 with value: 0.36650777071830365.
checkpoint_e29 window_influence: 0.32830497948613668, penalty_k: 0.42393890466220457, scale_lr: 0.24220709172106358, EAO: 0.310
Trial 1521 finished with value: 0.3095749627059536 and parameters: {'window_influence': 0.3283049794861367, 'penalty_k': 0.4239389046622046, 'scale_lr': 0.24220709172106358}. Best is trial 1044 with value: 0.36650777071830365.
checkpoint_e29 window_influence: 0.45283384713915925, penalty_k: 0.20007200344283144, scale_lr: 0.44427844203728234, EAO: 0.339
Trial 1522 finished with value: 0.33907184120745976 and parameters: {'window_influence': 0.45283384713915925, 'penalty_k': 0.20007200344283144, 'scale_lr': 0.44427844203728234}. Best is trial 1044 with value: 0.36650777071830365.
checkpoint_e29 window_influence: 0.60652560177803561, penalty_k: 0.10393308166640317, scale_lr: 0.58792147548956808, EAO: 0.252
Trial 1523 finished with value: 0.2518686126294303 and parameters: {'window_influence': 0.6065256017780356, 'penalty_k': 0.10393308166640317, 'scale_lr': 0.5879214754895681}. Best is trial 1044 with value: 0.36650777071830365.
checkpoint_e29 window_influence: 0.36462525297237608, penalty_k: 0.13254311847743983, scale_lr: 0.63305726309130839, EAO: 0.338
Trial 1524 finished with value: 0.33825874954809937 and parameters: {'window_influence': 0.3646252529723761, 'penalty_k': 0.13254311847743983, 'scale_lr': 0.6330572630913084}. Best is trial 1044 with value: 0.36650777071830365.
checkpoint_e29 window_influence: 0.53962490234678484, penalty_k: 0.53039509473451896, scale_lr: 0.72263652291375324, EAO: 0.277
Trial 1525 finished with value: 0.27711562487633773 and parameters: {'window_influence': 0.5396249023467848, 'penalty_k': 0.530395094734519, 'scale_lr': 0.7226365229137532}. Best is trial 1044 with value: 0.36650777071830365.
checkpoint_e29 window_influence: 0.37864747141971183, penalty_k: 0.16572914129887334, scale_lr: 0.47468049225415615, EAO: 0.308
Trial 1526 finished with value: 0.3084167544711889 and parameters: {'window_influence': 0.37864747141971183, 'penalty_k': 0.16572914129887334, 'scale_lr': 0.47468049225415615}. Best is trial 1044 with value: 0.36650777071830365.
checkpoint_e29 window_influence: 0.47160108745429269, penalty_k: 0.56785090080673006, scale_lr: 0.15914062176746649, EAO: 0.314
Trial 1527 finished with value: 0.31387669103154875 and parameters: {'window_influence': 0.4716010874542927, 'penalty_k': 0.5678509008067301, 'scale_lr': 0.1591406217674665}. Best is trial 1044 with value: 0.36650777071830365.
checkpoint_e29 window_influence: 0.40339989339047705, penalty_k: 0.06686220857399294, scale_lr: 0.40204764085359879, EAO: 0.319
Trial 1528 finished with value: 0.3190690526586562 and parameters: {'window_influence': 0.40339989339047705, 'penalty_k': 0.06686220857399294, 'scale_lr': 0.4020476408535988}. Best is trial 1044 with value: 0.36650777071830365.
checkpoint_e29 window_influence: 0.43891220546732623, penalty_k: 0.00092493104504898, scale_lr: 0.21229174819952440, EAO: 0.349
Trial 1529 finished with value: 0.3494553039509963 and parameters: {'window_influence': 0.43891220546732623, 'penalty_k': 0.0009249310450489823, 'scale_lr': 0.2122917481995244}. Best is trial 1044 with value: 0.36650777071830365.
checkpoint_e29 window_influence: 0.48806182557452721, penalty_k: 0.14298744143353570, scale_lr: 0.17761982311965732, EAO: 0.331
Trial 1530 finished with value: 0.33069882637563847 and parameters: {'window_influence': 0.4880618255745272, 'penalty_k': 0.1429874414335357, 'scale_lr': 0.17761982311965732}. Best is trial 1044 with value: 0.36650777071830365.
checkpoint_e29 window_influence: 0.51275176863203353, penalty_k: 0.21933379785247187, scale_lr: 0.42357500400900772, EAO: 0.311
Trial 1531 finished with value: 0.31140322797725173 and parameters: {'window_influence': 0.5127517686320335, 'penalty_k': 0.21933379785247187, 'scale_lr': 0.4235750040090077}. Best is trial 1044 with value: 0.36650777071830365.
checkpoint_e29 window_influence: 0.61606027471938596, penalty_k: 0.08840643713256609, scale_lr: 0.64685910294050519, EAO: 0.252
Trial 1532 finished with value: 0.25198266397190466 and parameters: {'window_influence': 0.616060274719386, 'penalty_k': 0.08840643713256609, 'scale_lr': 0.6468591029405052}. Best is trial 1044 with value: 0.36650777071830365.
checkpoint_e29 window_influence: 0.49754510674039387, penalty_k: 0.11304916714381152, scale_lr: 0.51445568801774610, EAO: 0.344
Trial 1533 finished with value: 0.3439655974217426 and parameters: {'window_influence': 0.49754510674039387, 'penalty_k': 0.11304916714381152, 'scale_lr': 0.5144556880177461}. Best is trial 1044 with value: 0.36650777071830365.
checkpoint_e29 window_influence: 0.46733854819982035, penalty_k: 0.04199189954348247, scale_lr: 0.16318283886615989, EAO: 0.355
Trial 1534 finished with value: 0.3550035824803527 and parameters: {'window_influence': 0.46733854819982035, 'penalty_k': 0.04199189954348247, 'scale_lr': 0.1631828388661599}. Best is trial 1044 with value: 0.36650777071830365.
checkpoint_e29 window_influence: 0.53207456347080218, penalty_k: 0.17327862485495873, scale_lr: 0.57455245478994799, EAO: 0.296
Trial 1535 finished with value: 0.29613498351917195 and parameters: {'window_influence': 0.5320745634708022, 'penalty_k': 0.17327862485495873, 'scale_lr': 0.574552454789948}. Best is trial 1044 with value: 0.36650777071830365.
checkpoint_e29 window_influence: 0.42496230816547159, penalty_k: 0.30022447459438728, scale_lr: 0.33395792543968150, EAO: 0.315
Trial 1536 finished with value: 0.3154651806744156 and parameters: {'window_influence': 0.4249623081654716, 'penalty_k': 0.3002244745943873, 'scale_lr': 0.3339579254396815}. Best is trial 1044 with value: 0.36650777071830365.
checkpoint_e29 window_influence: 0.45620835165627099, penalty_k: 0.49521671028027647, scale_lr: 0.35472922888204711, EAO: 0.317
Trial 1537 finished with value: 0.31703808845712983 and parameters: {'window_influence': 0.456208351656271, 'penalty_k': 0.4952167102802765, 'scale_lr': 0.3547292288820471}. Best is trial 1044 with value: 0.36650777071830365.
checkpoint_e29 window_influence: 0.39425270082936664, penalty_k: 0.19420181353533453, scale_lr: 0.74045139147209993, EAO: 0.312
Trial 1538 finished with value: 0.3120760984921734 and parameters: {'window_influence': 0.39425270082936664, 'penalty_k': 0.19420181353533453, 'scale_lr': 0.7404513914720999}. Best is trial 1044 with value: 0.36650777071830365.
checkpoint_e29 window_influence: 0.06783345711712174, penalty_k: 0.05082672595517725, scale_lr: 0.27037322873127240, EAO: 0.282
Trial 1539 finished with value: 0.2816964197135621 and parameters: {'window_influence': 0.06783345711712174, 'penalty_k': 0.050826725955177246, 'scale_lr': 0.2703732287312724}. Best is trial 1044 with value: 0.36650777071830365.
checkpoint_e29 window_influence: 0.25164924981234937, penalty_k: 0.42984338880995765, scale_lr: 0.68120659663316352, EAO: 0.317
Trial 1540 finished with value: 0.31718200619118686 and parameters: {'window_influence': 0.2516492498123494, 'penalty_k': 0.42984338880995765, 'scale_lr': 0.6812065966331635}. Best is trial 1044 with value: 0.36650777071830365.
checkpoint_e29 window_influence: 0.47874555157010629, penalty_k: 0.07784740906806037, scale_lr: 0.55592607316181708, EAO: 0.348
Trial 1541 finished with value: 0.3479373340244887 and parameters: {'window_influence': 0.4787455515701063, 'penalty_k': 0.07784740906806037, 'scale_lr': 0.5559260731618171}. Best is trial 1044 with value: 0.36650777071830365.
checkpoint_e29 window_influence: 0.50306320938247995, penalty_k: 0.02239593535653132, scale_lr: 0.75966476606221234, EAO: 0.336
Trial 1542 finished with value: 0.336049826576552 and parameters: {'window_influence': 0.50306320938248, 'penalty_k': 0.022395935356531324, 'scale_lr': 0.7596647660622123}. Best is trial 1044 with value: 0.36650777071830365.
checkpoint_e29 window_influence: 0.28584995752127607, penalty_k: 0.15345559474390461, scale_lr: 0.10216087992529634, EAO: 0.312
Trial 1543 finished with value: 0.3122272292579658 and parameters: {'window_influence': 0.28584995752127607, 'penalty_k': 0.1534555947439046, 'scale_lr': 0.10216087992529634}. Best is trial 1044 with value: 0.36650777071830365.
checkpoint_e29 window_influence: 0.25302264329035651, penalty_k: 0.40323517592733277, scale_lr: 0.62756340507960184, EAO: 0.293
Trial 1544 finished with value: 0.2926351048255245 and parameters: {'window_influence': 0.2530226432903565, 'penalty_k': 0.40323517592733277, 'scale_lr': 0.6275634050796018}. Best is trial 1044 with value: 0.36650777071830365.
checkpoint_e29 window_influence: 0.55733002861570968, penalty_k: 0.12631811917545172, scale_lr: 0.18359703231383540, EAO: 0.312
Trial 1545 finished with value: 0.3122203301362954 and parameters: {'window_influence': 0.5573300286157097, 'penalty_k': 0.12631811917545172, 'scale_lr': 0.1835970323138354}. Best is trial 1044 with value: 0.36650777071830365.
checkpoint_e29 window_influence: 0.48175304731524143, penalty_k: 0.41714895397745372, scale_lr: 0.65922922081501345, EAO: 0.326
Trial 1546 finished with value: 0.3262932850229137 and parameters: {'window_influence': 0.48175304731524143, 'penalty_k': 0.4171489539774537, 'scale_lr': 0.6592292208150135}. Best is trial 1044 with value: 0.36650777071830365.
checkpoint_e29 window_influence: 0.51483381331182965, penalty_k: 0.46981407366210959, scale_lr: 0.54064220266268437, EAO: 0.314
Trial 1547 finished with value: 0.3135522233488959 and parameters: {'window_influence': 0.5148338133118296, 'penalty_k': 0.4698140736621096, 'scale_lr': 0.5406422026626844}. Best is trial 1044 with value: 0.36650777071830365.
checkpoint_e29 window_influence: 0.38255912202534059, penalty_k: 0.13658788289206558, scale_lr: 0.60599553334391310, EAO: 0.319
Trial 1548 finished with value: 0.3189882393129141 and parameters: {'window_influence': 0.3825591220253406, 'penalty_k': 0.13658788289206558, 'scale_lr': 0.6059955333439131}. Best is trial 1044 with value: 0.36650777071830365.
checkpoint_e29 window_influence: 0.46105362866060690, penalty_k: 0.09802267611754396, scale_lr: 0.20265067869216169, EAO: 0.337
Trial 1549 finished with value: 0.3372913405357168 and parameters: {'window_influence': 0.4610536286606069, 'penalty_k': 0.09802267611754396, 'scale_lr': 0.2026506786921617}. Best is trial 1044 with value: 0.36650777071830365.
checkpoint_e29 window_influence: 0.36767713736289992, penalty_k: 0.05936802386154985, scale_lr: 0.25562204202234046, EAO: 0.306
Trial 1550 finished with value: 0.3057506349995906 and parameters: {'window_influence': 0.3676771373628999, 'penalty_k': 0.05936802386154985, 'scale_lr': 0.25562204202234046}. Best is trial 1044 with value: 0.36650777071830365.
checkpoint_e29 window_influence: 0.41621133547469880, penalty_k: 0.17732675634088960, scale_lr: 0.15282678568777355, EAO: 0.345
Trial 1551 finished with value: 0.34457756364391934 and parameters: {'window_influence': 0.4162113354746988, 'penalty_k': 0.1773267563408896, 'scale_lr': 0.15282678568777355}. Best is trial 1044 with value: 0.36650777071830365.
checkpoint_e29 window_influence: 0.48961178468755984, penalty_k: 0.45555306712258598, scale_lr: 0.11812605841286179, EAO: 0.303
Trial 1552 finished with value: 0.3028732744636239 and parameters: {'window_influence': 0.48961178468755984, 'penalty_k': 0.455553067122586, 'scale_lr': 0.11812605841286179}. Best is trial 1044 with value: 0.36650777071830365.
checkpoint_e29 window_influence: 0.44827018934709745, penalty_k: 0.15247430503489728, scale_lr: 0.16472904657037152, EAO: 0.340
Trial 1553 finished with value: 0.3400592589424742 and parameters: {'window_influence': 0.44827018934709745, 'penalty_k': 0.15247430503489728, 'scale_lr': 0.16472904657037152}. Best is trial 1044 with value: 0.36650777071830365.
checkpoint_e29 window_influence: 0.63529734677061811, penalty_k: 0.28601312611691937, scale_lr: 0.23243873026680109, EAO: 0.242
Trial 1554 finished with value: 0.24248360184380052 and parameters: {'window_influence': 0.6352973467706181, 'penalty_k': 0.28601312611691937, 'scale_lr': 0.2324387302668011}. Best is trial 1044 with value: 0.36650777071830365.
checkpoint_e29 window_influence: 0.47334582343614262, penalty_k: 0.14085366843545932, scale_lr: 0.19423209578919870, EAO: 0.359
Trial 1555 finished with value: 0.3585618785383173 and parameters: {'window_influence': 0.4733458234361426, 'penalty_k': 0.14085366843545932, 'scale_lr': 0.1942320957891987}. Best is trial 1044 with value: 0.36650777071830365.
checkpoint_e29 window_influence: 0.50362711827551587, penalty_k: 0.14120875535011118, scale_lr: 0.18574261908719822, EAO: 0.331
Trial 1556 finished with value: 0.3312588278421632 and parameters: {'window_influence': 0.5036271182755159, 'penalty_k': 0.14120875535011118, 'scale_lr': 0.18574261908719822}. Best is trial 1044 with value: 0.36650777071830365.
checkpoint_e29 window_influence: 0.49058367792594576, penalty_k: 0.12731342947866128, scale_lr: 0.17430207436838838, EAO: 0.350
Trial 1557 finished with value: 0.35047824257542654 and parameters: {'window_influence': 0.49058367792594576, 'penalty_k': 0.12731342947866128, 'scale_lr': 0.17430207436838838}. Best is trial 1044 with value: 0.36650777071830365.
checkpoint_e29 window_influence: 0.40365917457499151, penalty_k: 0.14809342689334540, scale_lr: 0.70865441925065675, EAO: 0.315
Trial 1558 finished with value: 0.3154380562704361 and parameters: {'window_influence': 0.4036591745749915, 'penalty_k': 0.1480934268933454, 'scale_lr': 0.7086544192506568}. Best is trial 1044 with value: 0.36650777071830365.
checkpoint_e29 window_influence: 0.52606080030060420, penalty_k: 0.11525238789249644, scale_lr: 0.14365190660861243, EAO: 0.339
Trial 1559 finished with value: 0.3390042605567071 and parameters: {'window_influence': 0.5260608003006042, 'penalty_k': 0.11525238789249644, 'scale_lr': 0.14365190660861243}. Best is trial 1044 with value: 0.36650777071830365.
checkpoint_e29 window_influence: 0.43687989866770571, penalty_k: 0.16637103579320603, scale_lr: 0.45396761050113177, EAO: 0.321
Trial 1560 finished with value: 0.3213132030769081 and parameters: {'window_influence': 0.4368798986677057, 'penalty_k': 0.16637103579320603, 'scale_lr': 0.45396761050113177}. Best is trial 1044 with value: 0.36650777071830365.
checkpoint_e29 window_influence: 0.32252674702589074, penalty_k: 0.14057882979927303, scale_lr: 0.19366839993017476, EAO: 0.324
