Trial 268 finished with value: 0.33697909244303575 and parameters: {'window_influence': 0.4895407058173181, 'penalty_k': 0.35649346876250176, 'scale_lr': 0.6073461350575916}. Best is trial 164 with value: 0.3660086329577034.
checkpoint_e29 window_influence: 0.40687968203934261, penalty_k: 0.37085301805688276, scale_lr: 0.61854008087197920, EAO: 0.339
Trial 269 finished with value: 0.3390321334976167 and parameters: {'window_influence': 0.4068796820393426, 'penalty_k': 0.37085301805688276, 'scale_lr': 0.6185400808719792}. Best is trial 164 with value: 0.3660086329577034.
checkpoint_e29 window_influence: 0.38785795053426725, penalty_k: 0.39626989673468632, scale_lr: 0.52764546153397107, EAO: 0.316
Trial 270 finished with value: 0.3159860813780054 and parameters: {'window_influence': 0.38785795053426725, 'penalty_k': 0.3962698967346863, 'scale_lr': 0.5276454615339711}. Best is trial 164 with value: 0.3660086329577034.
checkpoint_e29 window_influence: 0.44145373066815913, penalty_k: 0.33916151860670762, scale_lr: 0.36346026908940665, EAO: 0.335
Trial 271 finished with value: 0.3352489247628223 and parameters: {'window_influence': 0.44145373066815913, 'penalty_k': 0.3391615186067076, 'scale_lr': 0.36346026908940665}. Best is trial 164 with value: 0.3660086329577034.
checkpoint_e29 window_influence: 0.33182765838579309, penalty_k: 0.38177898487945139, scale_lr: 0.56270323784832765, EAO: 0.321
Trial 272 finished with value: 0.32054479263635927 and parameters: {'window_influence': 0.3318276583857931, 'penalty_k': 0.3817789848794514, 'scale_lr': 0.5627032378483277}. Best is trial 164 with value: 0.3660086329577034.
checkpoint_e29 window_influence: 0.42218256944495913, penalty_k: 0.31582732069772818, scale_lr: 0.66316650571576352, EAO: 0.321
Trial 273 finished with value: 0.3211098786457967 and parameters: {'window_influence': 0.42218256944495913, 'penalty_k': 0.3158273206977282, 'scale_lr': 0.6631665057157635}. Best is trial 164 with value: 0.3660086329577034.
checkpoint_e29 window_influence: 0.39873951591433138, penalty_k: 0.41660592923000772, scale_lr: 0.59322154691244044, EAO: 0.317
Trial 274 finished with value: 0.3174329285839652 and parameters: {'window_influence': 0.3987395159143314, 'penalty_k': 0.4166059292300077, 'scale_lr': 0.5932215469124404}. Best is trial 164 with value: 0.3660086329577034.
checkpoint_e29 window_influence: 0.45660201405846679, penalty_k: 0.36274133612597198, scale_lr: 0.71025594071644116, EAO: 0.327
Trial 275 finished with value: 0.32734868347876733 and parameters: {'window_influence': 0.4566020140584668, 'penalty_k': 0.362741336125972, 'scale_lr': 0.7102559407164412}. Best is trial 164 with value: 0.3660086329577034.
checkpoint_e29 window_influence: 0.41295095345673255, penalty_k: 0.17990871696306024, scale_lr: 0.76518407096700314, EAO: 0.333
Trial 276 finished with value: 0.33337943586394014 and parameters: {'window_influence': 0.41295095345673255, 'penalty_k': 0.17990871696306024, 'scale_lr': 0.7651840709670031}. Best is trial 164 with value: 0.3660086329577034.
checkpoint_e29 window_influence: 0.43202490558884121, penalty_k: 0.34930222171092851, scale_lr: 0.57852766731081895, EAO: 0.330
Trial 277 finished with value: 0.3304080557266562 and parameters: {'window_influence': 0.4320249055888412, 'penalty_k': 0.3493022217109285, 'scale_lr': 0.578527667310819}. Best is trial 164 with value: 0.3660086329577034.
checkpoint_e29 window_influence: 0.38243847146568477, penalty_k: 0.43367891585610735, scale_lr: 0.63322492389317875, EAO: 0.313
Trial 278 finished with value: 0.3131015676468727 and parameters: {'window_influence': 0.38243847146568477, 'penalty_k': 0.43367891585610735, 'scale_lr': 0.6332249238931787}. Best is trial 164 with value: 0.3660086329577034.
checkpoint_e29 window_influence: 0.40030216107808975, penalty_k: 0.37799628010535852, scale_lr: 0.65231313226417542, EAO: 0.339
Trial 279 finished with value: 0.3387108972796206 and parameters: {'window_influence': 0.40030216107808975, 'penalty_k': 0.3779962801053585, 'scale_lr': 0.6523131322641754}. Best is trial 164 with value: 0.3660086329577034.
checkpoint_e29 window_influence: 0.44499675355967983, penalty_k: 0.40092779321036848, scale_lr: 0.68894595071630649, EAO: 0.331
Trial 280 finished with value: 0.33055621501536686 and parameters: {'window_influence': 0.4449967535596798, 'penalty_k': 0.4009277932103685, 'scale_lr': 0.6889459507163065}. Best is trial 164 with value: 0.3660086329577034.
checkpoint_e29 window_influence: 0.47495872867034511, penalty_k: 0.30350226950618087, scale_lr: 0.60725778577991907, EAO: 0.337
Trial 281 finished with value: 0.3366591487413251 and parameters: {'window_influence': 0.4749587286703451, 'penalty_k': 0.30350226950618087, 'scale_lr': 0.6072577857799191}. Best is trial 164 with value: 0.3660086329577034.
checkpoint_e29 window_influence: 0.41504720032564985, penalty_k: 0.36479312755306931, scale_lr: 0.14726728504449743, EAO: 0.315
Trial 282 finished with value: 0.3149081415239475 and parameters: {'window_influence': 0.41504720032564985, 'penalty_k': 0.3647931275530693, 'scale_lr': 0.14726728504449743}. Best is trial 164 with value: 0.3660086329577034.
checkpoint_e29 window_influence: 0.37248424805723684, penalty_k: 0.32634222857080170, scale_lr: 0.78336833700246267, EAO: 0.340
Trial 283 finished with value: 0.3400401300261457 and parameters: {'window_influence': 0.37248424805723684, 'penalty_k': 0.3263422285708017, 'scale_lr': 0.7833683370024627}. Best is trial 164 with value: 0.3660086329577034.
checkpoint_e29 window_influence: 0.39305367873487229, penalty_k: 0.49345797882920484, scale_lr: 0.62077510583357509, EAO: 0.319
Trial 284 finished with value: 0.31890036055550036 and parameters: {'window_influence': 0.3930536787348723, 'penalty_k': 0.49345797882920484, 'scale_lr': 0.6207751058335751}. Best is trial 164 with value: 0.3660086329577034.
checkpoint_e29 window_influence: 0.42936799492939520, penalty_k: 0.35496037929791247, scale_lr: 0.59640487079270232, EAO: 0.329
Trial 285 finished with value: 0.32861680105502505 and parameters: {'window_influence': 0.4293679949293952, 'penalty_k': 0.35496037929791247, 'scale_lr': 0.5964048707927023}. Best is trial 164 with value: 0.3660086329577034.
checkpoint_e29 window_influence: 0.45902864790764103, penalty_k: 0.38926478017993887, scale_lr: 0.64183487882424617, EAO: 0.329
Trial 286 finished with value: 0.32887823015799317 and parameters: {'window_influence': 0.45902864790764103, 'penalty_k': 0.3892647801799389, 'scale_lr': 0.6418348788242462}. Best is trial 164 with value: 0.3660086329577034.
checkpoint_e29 window_influence: 0.41389208978108333, penalty_k: 0.33873435518052936, scale_lr: 0.57962648109457371, EAO: 0.338
Trial 287 finished with value: 0.33778775016621393 and parameters: {'window_influence': 0.4138920897810833, 'penalty_k': 0.33873435518052936, 'scale_lr': 0.5796264810945737}. Best is trial 164 with value: 0.3660086329577034.
checkpoint_e29 window_influence: 0.38547454607667547, penalty_k: 0.05486815629258948, scale_lr: 0.74500687701077384, EAO: 0.322
Trial 288 finished with value: 0.3224829806428011 and parameters: {'window_influence': 0.3854745460766755, 'penalty_k': 0.05486815629258948, 'scale_lr': 0.7450068770107738}. Best is trial 164 with value: 0.3660086329577034.
checkpoint_e29 window_influence: 0.44415330755129967, penalty_k: 0.27967162610088386, scale_lr: 0.54839314521857552, EAO: 0.334
Trial 289 finished with value: 0.3335906274123878 and parameters: {'window_influence': 0.44415330755129967, 'penalty_k': 0.27967162610088386, 'scale_lr': 0.5483931452185755}. Best is trial 164 with value: 0.3660086329577034.
checkpoint_e29 window_influence: 0.40427943395410854, penalty_k: 0.37504359026643624, scale_lr: 0.61619283815673365, EAO: 0.327
Trial 290 finished with value: 0.32683542040303526 and parameters: {'window_influence': 0.40427943395410854, 'penalty_k': 0.37504359026643624, 'scale_lr': 0.6161928381567336}. Best is trial 164 with value: 0.3660086329577034.
checkpoint_e29 window_influence: 0.42436704042842799, penalty_k: 0.38824823439810890, scale_lr: 0.67274414243923064, EAO: 0.334
Trial 291 finished with value: 0.333622895674019 and parameters: {'window_influence': 0.424367040428428, 'penalty_k': 0.3882482343981089, 'scale_lr': 0.6727441424392306}. Best is trial 164 with value: 0.3660086329577034.
checkpoint_e29 window_influence: 0.46754728151074199, penalty_k: 0.41167406491839387, scale_lr: 0.64057685411269127, EAO: 0.324
Trial 292 finished with value: 0.3242287969774773 and parameters: {'window_influence': 0.467547281510742, 'penalty_k': 0.41167406491839387, 'scale_lr': 0.6405768541126913}. Best is trial 164 with value: 0.3660086329577034.
checkpoint_e29 window_influence: 0.36643407930911309, penalty_k: 0.36455468753628606, scale_lr: 0.60155861963681923, EAO: 0.300
Trial 293 finished with value: 0.30001986403641534 and parameters: {'window_influence': 0.3664340793091131, 'penalty_k': 0.36455468753628606, 'scale_lr': 0.6015586196368192}. Best is trial 164 with value: 0.3660086329577034.
checkpoint_e29 window_influence: 0.39667641169909229, penalty_k: 0.34935454628013568, scale_lr: 0.56648253966097628, EAO: 0.315
Trial 294 finished with value: 0.31519146617284544 and parameters: {'window_influence': 0.3966764116990923, 'penalty_k': 0.3493545462801357, 'scale_lr': 0.5664825396609763}. Best is trial 164 with value: 0.3660086329577034.
checkpoint_e29 window_influence: 0.43566711795773855, penalty_k: 0.31467152545700883, scale_lr: 0.62752621767172823, EAO: 0.327
Trial 295 finished with value: 0.32708437039230587 and parameters: {'window_influence': 0.43566711795773855, 'penalty_k': 0.3146715254570088, 'scale_lr': 0.6275262176717282}. Best is trial 164 with value: 0.3660086329577034.
checkpoint_e29 window_influence: 0.49695700273519161, penalty_k: 0.37940190075214020, scale_lr: 0.65434389793210568, EAO: 0.326
Trial 296 finished with value: 0.32639659610703764 and parameters: {'window_influence': 0.4969570027351916, 'penalty_k': 0.3794019007521402, 'scale_lr': 0.6543438979321057}. Best is trial 164 with value: 0.3660086329577034.
checkpoint_e29 window_influence: 0.35597488349833417, penalty_k: 0.40199167324283225, scale_lr: 0.58859486440752962, EAO: 0.332
Trial 297 finished with value: 0.3317316823896267 and parameters: {'window_influence': 0.35597488349833417, 'penalty_k': 0.40199167324283225, 'scale_lr': 0.5885948644075296}. Best is trial 164 with value: 0.3660086329577034.
checkpoint_e29 window_influence: 0.45157587062502680, penalty_k: 0.30032142656743527, scale_lr: 0.61096399536080515, EAO: 0.344
Trial 298 finished with value: 0.3437084287752901 and parameters: {'window_influence': 0.4515758706250268, 'penalty_k': 0.30032142656743527, 'scale_lr': 0.6109639953608051}. Best is trial 164 with value: 0.3660086329577034.
checkpoint_e29 window_influence: 0.40759194449579561, penalty_k: 0.36765304866173115, scale_lr: 0.62994888087537526, EAO: 0.342
Trial 299 finished with value: 0.3424571749069347 and parameters: {'window_influence': 0.4075919444957956, 'penalty_k': 0.36765304866173115, 'scale_lr': 0.6299488808753753}. Best is trial 164 with value: 0.3660086329577034.
checkpoint_e29 window_influence: 0.48217249727751665, penalty_k: 0.33408297089846267, scale_lr: 0.79603587422873645, EAO: 0.315
Trial 300 finished with value: 0.3147897127189525 and parameters: {'window_influence': 0.48217249727751665, 'penalty_k': 0.3340829708984627, 'scale_lr': 0.7960358742287365}. Best is trial 164 with value: 0.3660086329577034.
checkpoint_e29 window_influence: 0.42542344976284990, penalty_k: 0.38888852558485565, scale_lr: 0.51330503656819204, EAO: 0.336
Trial 301 finished with value: 0.3355220974883217 and parameters: {'window_influence': 0.4254234497628499, 'penalty_k': 0.38888852558485565, 'scale_lr': 0.513305036568192}. Best is trial 164 with value: 0.3660086329577034.
checkpoint_e29 window_influence: 0.37987896030754154, penalty_k: 0.35507018342740232, scale_lr: 0.55400687821824679, EAO: 0.320
Trial 302 finished with value: 0.31959955498634146 and parameters: {'window_influence': 0.37987896030754154, 'penalty_k': 0.3550701834274023, 'scale_lr': 0.5540068782182468}. Best is trial 164 with value: 0.3660086329577034.
checkpoint_e29 window_influence: 0.07785473417047062, penalty_k: 0.37495785485890182, scale_lr: 0.73640686307002878, EAO: 0.252
Trial 303 finished with value: 0.2520292575837109 and parameters: {'window_influence': 0.07785473417047062, 'penalty_k': 0.3749578548589018, 'scale_lr': 0.7364068630700288}. Best is trial 164 with value: 0.3660086329577034.
checkpoint_e29 window_influence: 0.38879520438938192, penalty_k: 0.32523195856620224, scale_lr: 0.66178396336745804, EAO: 0.337
Trial 304 finished with value: 0.33682286866907946 and parameters: {'window_influence': 0.3887952043893819, 'penalty_k': 0.32523195856620224, 'scale_lr': 0.661783963367458}. Best is trial 164 with value: 0.3660086329577034.
checkpoint_e29 window_influence: 0.42145117435320362, penalty_k: 0.42193179406807280, scale_lr: 0.72129044723853664, EAO: 0.305
Trial 305 finished with value: 0.30469151426845953 and parameters: {'window_influence': 0.4214511743532036, 'penalty_k': 0.4219317940680728, 'scale_lr': 0.7212904472385366}. Best is trial 164 with value: 0.3660086329577034.
checkpoint_e29 window_influence: 0.43643377048032000, penalty_k: 0.29126133889270478, scale_lr: 0.59803342519769698, EAO: 0.345
Trial 306 finished with value: 0.34525089679061205 and parameters: {'window_influence': 0.43643377048032, 'penalty_k': 0.2912613388927048, 'scale_lr': 0.598033425197697}. Best is trial 164 with value: 0.3660086329577034.
checkpoint_e29 window_influence: 0.40764709365355251, penalty_k: 0.39480366308025527, scale_lr: 0.53398192991997162, EAO: 0.328
Trial 307 finished with value: 0.3282680499878375 and parameters: {'window_influence': 0.4076470936535525, 'penalty_k': 0.3948036630802553, 'scale_lr': 0.5339819299199716}. Best is trial 164 with value: 0.3660086329577034.
checkpoint_e29 window_influence: 0.45108845431970629, penalty_k: 0.36412327526244276, scale_lr: 0.48267063214410427, EAO: 0.329
Trial 308 finished with value: 0.3287201001950275 and parameters: {'window_influence': 0.4510884543197063, 'penalty_k': 0.36412327526244276, 'scale_lr': 0.4826706321441043}. Best is trial 164 with value: 0.3660086329577034.
checkpoint_e29 window_influence: 0.39402643604119186, penalty_k: 0.34400078048074295, scale_lr: 0.50412849849001551, EAO: 0.345
Trial 309 finished with value: 0.3448081299488647 and parameters: {'window_influence': 0.39402643604119186, 'penalty_k': 0.34400078048074295, 'scale_lr': 0.5041284984900155}. Best is trial 164 with value: 0.3660086329577034.
checkpoint_e29 window_influence: 0.58426307491738738, penalty_k: 0.40590786465838585, scale_lr: 0.67954903756968432, EAO: 0.261
Trial 310 finished with value: 0.2606869629848792 and parameters: {'window_influence': 0.5842630749173874, 'penalty_k': 0.40590786465838585, 'scale_lr': 0.6795490375696843}. Best is trial 164 with value: 0.3660086329577034.
checkpoint_e29 window_influence: 0.46894477684183700, penalty_k: 0.38170232584224395, scale_lr: 0.57847330048465828, EAO: 0.331
Trial 311 finished with value: 0.3312198788739364 and parameters: {'window_influence': 0.468944776841837, 'penalty_k': 0.38170232584224395, 'scale_lr': 0.5784733004846583}. Best is trial 164 with value: 0.3660086329577034.
checkpoint_e29 window_influence: 0.37237326532679998, penalty_k: 0.59427876956102377, scale_lr: 0.64191395834117038, EAO: 0.323
Trial 312 finished with value: 0.3234020811922355 and parameters: {'window_influence': 0.3723732653268, 'penalty_k': 0.5942787695610238, 'scale_lr': 0.6419139583411704}. Best is trial 164 with value: 0.3660086329577034.
checkpoint_e29 window_influence: 0.53580704188502459, penalty_k: 0.35111936959724321, scale_lr: 0.61635206146260590, EAO: 0.305
Trial 313 finished with value: 0.3045051661446864 and parameters: {'window_influence': 0.5358070418850246, 'penalty_k': 0.3511193695972432, 'scale_lr': 0.6163520614626059}. Best is trial 164 with value: 0.3660086329577034.
checkpoint_e29 window_influence: 0.41440478971959444, penalty_k: 0.26911370944655844, scale_lr: 0.62471873824756929, EAO: 0.334
Trial 314 finished with value: 0.3342520705920713 and parameters: {'window_influence': 0.41440478971959444, 'penalty_k': 0.26911370944655844, 'scale_lr': 0.6247187382475693}. Best is trial 164 with value: 0.3660086329577034.
checkpoint_e29 window_influence: 0.43684998268153830, penalty_k: 0.31244574291497712, scale_lr: 0.45969747040037634, EAO: 0.323
Trial 315 finished with value: 0.3231859310939618 and parameters: {'window_influence': 0.4368499826815383, 'penalty_k': 0.3124457429149771, 'scale_lr': 0.45969747040037634}. Best is trial 164 with value: 0.3660086329577034.
checkpoint_e29 window_influence: 0.40302044711908863, penalty_k: 0.36994789768723774, scale_lr: 0.76817946658550429, EAO: 0.363
Trial 316 finished with value: 0.3632496074711766 and parameters: {'window_influence': 0.40302044711908863, 'penalty_k': 0.36994789768723774, 'scale_lr': 0.7681794665855043}. Best is trial 164 with value: 0.3660086329577034.
checkpoint_e29 window_influence: 0.38275939576545576, penalty_k: 0.36981241116674402, scale_lr: 0.60586534611161225, EAO: 0.328
Trial 317 finished with value: 0.327754919283121 and parameters: {'window_influence': 0.38275939576545576, 'penalty_k': 0.369812411166744, 'scale_lr': 0.6058653461116122}. Best is trial 164 with value: 0.3660086329577034.
checkpoint_e29 window_influence: 0.39886724348583080, penalty_k: 0.38502796723383448, scale_lr: 0.58888754565252510, EAO: 0.328
Trial 318 finished with value: 0.32818812392796987 and parameters: {'window_influence': 0.3988672434858308, 'penalty_k': 0.3850279672338345, 'scale_lr': 0.5888875456525251}. Best is trial 164 with value: 0.3660086329577034.
checkpoint_e29 window_influence: 0.35205221015344729, penalty_k: 0.35608183029881724, scale_lr: 0.64524262209677641, EAO: 0.325
Trial 319 finished with value: 0.3254163646744383 and parameters: {'window_influence': 0.3520522101534473, 'penalty_k': 0.35608183029881724, 'scale_lr': 0.6452426220967764}. Best is trial 164 with value: 0.3660086329577034.
checkpoint_e29 window_influence: 0.45859630787772088, penalty_k: 0.39842682895325643, scale_lr: 0.57410627755473298, EAO: 0.323
Trial 320 finished with value: 0.3232538451364532 and parameters: {'window_influence': 0.4585963078777209, 'penalty_k': 0.39842682895325643, 'scale_lr': 0.574106277554733}. Best is trial 164 with value: 0.3660086329577034.
checkpoint_e29 window_influence: 0.41709829550905519, penalty_k: 0.37183721910718365, scale_lr: 0.69714003838831118, EAO: 0.316
Trial 321 finished with value: 0.31622001082284906 and parameters: {'window_influence': 0.4170982955090552, 'penalty_k': 0.37183721910718365, 'scale_lr': 0.6971400383883112}. Best is trial 164 with value: 0.3660086329577034.
checkpoint_e29 window_influence: 0.44449565258669310, penalty_k: 0.34042818789167861, scale_lr: 0.66257374907770039, EAO: 0.322
Trial 322 finished with value: 0.32234890770587477 and parameters: {'window_influence': 0.4444956525866931, 'penalty_k': 0.3404281878916786, 'scale_lr': 0.6625737490777004}. Best is trial 164 with value: 0.3660086329577034.
checkpoint_e29 window_influence: 0.40204796116404412, penalty_k: 0.38084403426547464, scale_lr: 0.76724466541856351, EAO: 0.338
Trial 323 finished with value: 0.338498183725409 and parameters: {'window_influence': 0.4020479611640441, 'penalty_k': 0.38084403426547464, 'scale_lr': 0.7672446654185635}. Best is trial 164 with value: 0.3660086329577034.
checkpoint_e29 window_influence: 0.36585075423142177, penalty_k: 0.36170593637737808, scale_lr: 0.63090636257174226, EAO: 0.295
Trial 324 finished with value: 0.29450179549506666 and parameters: {'window_influence': 0.36585075423142177, 'penalty_k': 0.3617059363773781, 'scale_lr': 0.6309063625717423}. Best is trial 164 with value: 0.3660086329577034.
checkpoint_e29 window_influence: 0.42628365216162722, penalty_k: 0.41515017373419505, scale_lr: 0.60621200139769038, EAO: 0.335
Trial 325 finished with value: 0.3348568898230675 and parameters: {'window_influence': 0.4262836521616272, 'penalty_k': 0.41515017373419505, 'scale_lr': 0.6062120013976904}. Best is trial 164 with value: 0.3660086329577034.
checkpoint_e29 window_influence: 0.23002557554111192, penalty_k: 0.39457115170760509, scale_lr: 0.48493508264698848, EAO: 0.295
Trial 326 finished with value: 0.2954862291131038 and parameters: {'window_influence': 0.23002557554111192, 'penalty_k': 0.3945711517076051, 'scale_lr': 0.4849350826469885}. Best is trial 164 with value: 0.3660086329577034.
checkpoint_e29 window_influence: 0.37979381898997255, penalty_k: 0.36885290997894687, scale_lr: 0.55981423029341926, EAO: 0.314
Trial 327 finished with value: 0.3137149722659634 and parameters: {'window_influence': 0.37979381898997255, 'penalty_k': 0.3688529099789469, 'scale_lr': 0.5598142302934193}. Best is trial 164 with value: 0.3660086329577034.
checkpoint_e29 window_influence: 0.39189361809865364, penalty_k: 0.35071625677301377, scale_lr: 0.51961093700824512, EAO: 0.334
Trial 328 finished with value: 0.33350061245465557 and parameters: {'window_influence': 0.39189361809865364, 'penalty_k': 0.35071625677301377, 'scale_lr': 0.5196109370082451}. Best is trial 164 with value: 0.3660086329577034.
checkpoint_e29 window_influence: 0.40841046338440773, penalty_k: 0.38475948387025194, scale_lr: 0.59061907156922377, EAO: 0.323
Trial 329 finished with value: 0.32347107629367816 and parameters: {'window_influence': 0.40841046338440773, 'penalty_k': 0.38475948387025194, 'scale_lr': 0.5906190715692238}. Best is trial 164 with value: 0.3660086329577034.
checkpoint_e29 window_influence: 0.47334099199270824, penalty_k: 0.40715985243913438, scale_lr: 0.61910473712741421, EAO: 0.331
