Trial 1378 finished with value: 0.2360325276503767 and parameters: {'window_influence': 0.6091374738434915, 'penalty_k': 0.5347886157688896, 'scale_lr': 0.45483411529119094}. Best is trial 1044 with value: 0.36650777071830365.
checkpoint_e29 window_influence: 0.52543636038060693, penalty_k: 0.54462797242098460, scale_lr: 0.12290326536165071, EAO: 0.275
Trial 1379 finished with value: 0.2753686114623853 and parameters: {'window_influence': 0.5254363603806069, 'penalty_k': 0.5446279724209846, 'scale_lr': 0.12290326536165071}. Best is trial 1044 with value: 0.36650777071830365.
checkpoint_e29 window_influence: 0.39612782952860992, penalty_k: 0.05859444135212127, scale_lr: 0.19201827692697565, EAO: 0.343
Trial 1380 finished with value: 0.342641499023957 and parameters: {'window_influence': 0.3961278295286099, 'penalty_k': 0.058594441352121274, 'scale_lr': 0.19201827692697565}. Best is trial 1044 with value: 0.36650777071830365.
checkpoint_e29 window_influence: 0.50702184526755878, penalty_k: 0.13225607311485463, scale_lr: 0.45113118111429240, EAO: 0.334
Trial 1381 finished with value: 0.33379470038042924 and parameters: {'window_influence': 0.5070218452675588, 'penalty_k': 0.13225607311485463, 'scale_lr': 0.4511311811142924}. Best is trial 1044 with value: 0.36650777071830365.
checkpoint_e29 window_influence: 0.38572533196189740, penalty_k: 0.16510329587455147, scale_lr: 0.76548268421439636, EAO: 0.316
Trial 1382 finished with value: 0.31566560627885365 and parameters: {'window_influence': 0.3857253319618974, 'penalty_k': 0.16510329587455147, 'scale_lr': 0.7654826842143964}. Best is trial 1044 with value: 0.36650777071830365.
checkpoint_e29 window_influence: 0.44853013933993308, penalty_k: 0.14448188460189146, scale_lr: 0.21851203907152000, EAO: 0.348
Trial 1383 finished with value: 0.34829744453096206 and parameters: {'window_influence': 0.4485301393399331, 'penalty_k': 0.14448188460189146, 'scale_lr': 0.21851203907152}. Best is trial 1044 with value: 0.36650777071830365.
checkpoint_e29 window_influence: 0.48355769459321296, penalty_k: 0.02636942442319901, scale_lr: 0.15956138353728316, EAO: 0.344
Trial 1384 finished with value: 0.3444498211493288 and parameters: {'window_influence': 0.48355769459321296, 'penalty_k': 0.026369424423199013, 'scale_lr': 0.15956138353728316}. Best is trial 1044 with value: 0.36650777071830365.
checkpoint_e29 window_influence: 0.22936652692365483, penalty_k: 0.10787038065711686, scale_lr: 0.72241774039080342, EAO: 0.296
Trial 1385 finished with value: 0.2960501418735267 and parameters: {'window_influence': 0.22936652692365483, 'penalty_k': 0.10787038065711686, 'scale_lr': 0.7224177403908034}. Best is trial 1044 with value: 0.36650777071830365.
checkpoint_e29 window_influence: 0.47204300414419464, penalty_k: 0.21131868556667471, scale_lr: 0.17624408461971197, EAO: 0.329
Trial 1386 finished with value: 0.3291089592160882 and parameters: {'window_influence': 0.47204300414419464, 'penalty_k': 0.2113186855666747, 'scale_lr': 0.17624408461971197}. Best is trial 1044 with value: 0.36650777071830365.
checkpoint_e29 window_influence: 0.15739291765317812, penalty_k: 0.12075003820593644, scale_lr: 0.56609931524930246, EAO: 0.293
Trial 1387 finished with value: 0.29302066912446967 and parameters: {'window_influence': 0.15739291765317812, 'penalty_k': 0.12075003820593644, 'scale_lr': 0.5660993152493025}. Best is trial 1044 with value: 0.36650777071830365.
checkpoint_e29 window_influence: 0.49489159166975549, penalty_k: 0.17176796321294982, scale_lr: 0.28616561642965493, EAO: 0.339
Trial 1388 finished with value: 0.33905073617682846 and parameters: {'window_influence': 0.4948915916697555, 'penalty_k': 0.17176796321294982, 'scale_lr': 0.28616561642965493}. Best is trial 1044 with value: 0.36650777071830365.
checkpoint_e29 window_influence: 0.51658271001420741, penalty_k: 0.45401816506889220, scale_lr: 0.30923489809489324, EAO: 0.287
Trial 1389 finished with value: 0.2867722486939412 and parameters: {'window_influence': 0.5165827100142074, 'penalty_k': 0.4540181650688922, 'scale_lr': 0.30923489809489324}. Best is trial 1044 with value: 0.36650777071830365.
checkpoint_e29 window_influence: 0.64323499645179261, penalty_k: 0.07488152363763928, scale_lr: 0.50669795097012715, EAO: 0.249
Trial 1390 finished with value: 0.24866815438994175 and parameters: {'window_influence': 0.6432349964517926, 'penalty_k': 0.07488152363763928, 'scale_lr': 0.5066979509701272}. Best is trial 1044 with value: 0.36650777071830365.
checkpoint_e29 window_influence: 0.46404831207863673, penalty_k: 0.00020247604746781, scale_lr: 0.13382389066715006, EAO: 0.343
Trial 1391 finished with value: 0.34310049653517133 and parameters: {'window_influence': 0.4640483120786367, 'penalty_k': 0.00020247604746781445, 'scale_lr': 0.13382389066715006}. Best is trial 1044 with value: 0.36650777071830365.
checkpoint_e29 window_influence: 0.50272631798160072, penalty_k: 0.15657599756227852, scale_lr: 0.22695383891629253, EAO: 0.338
Trial 1392 finished with value: 0.33760244489179975 and parameters: {'window_influence': 0.5027263179816007, 'penalty_k': 0.15657599756227852, 'scale_lr': 0.22695383891629253}. Best is trial 1044 with value: 0.36650777071830365.
checkpoint_e29 window_influence: 0.48454090799851046, penalty_k: 0.05209285936505559, scale_lr: 0.65505738365573485, EAO: 0.320
Trial 1393 finished with value: 0.3197304498012892 and parameters: {'window_influence': 0.48454090799851046, 'penalty_k': 0.05209285936505559, 'scale_lr': 0.6550573836557348}. Best is trial 1044 with value: 0.36650777071830365.
checkpoint_e29 window_influence: 0.44556286581165777, penalty_k: 0.23176471641958768, scale_lr: 0.43163705801032520, EAO: 0.335
Trial 1394 finished with value: 0.3351777785019188 and parameters: {'window_influence': 0.44556286581165777, 'penalty_k': 0.23176471641958768, 'scale_lr': 0.4316370580103252}. Best is trial 1044 with value: 0.36650777071830365.
checkpoint_e29 window_influence: 0.45998122719981377, penalty_k: 0.24618264480029520, scale_lr: 0.74404804170321870, EAO: 0.319
Trial 1395 finished with value: 0.319475358620228 and parameters: {'window_influence': 0.45998122719981377, 'penalty_k': 0.2461826448002952, 'scale_lr': 0.7440480417032187}. Best is trial 1044 with value: 0.36650777071830365.
checkpoint_e29 window_influence: 0.13630922367644588, penalty_k: 0.08861841490586042, scale_lr: 0.15048641470318769, EAO: 0.274
Trial 1396 finished with value: 0.27396766400754685 and parameters: {'window_influence': 0.13630922367644588, 'penalty_k': 0.08861841490586042, 'scale_lr': 0.1504864147031877}. Best is trial 1044 with value: 0.36650777071830365.
checkpoint_e29 window_influence: 0.40738958666584657, penalty_k: 0.50041804236625786, scale_lr: 0.26933801697640719, EAO: 0.315
Trial 1397 finished with value: 0.31537924538790485 and parameters: {'window_influence': 0.40738958666584657, 'penalty_k': 0.5004180423662579, 'scale_lr': 0.2693380169764072}. Best is trial 1044 with value: 0.36650777071830365.
checkpoint_e29 window_influence: 0.47561292947883499, penalty_k: 0.13882842958744790, scale_lr: 0.70854525172838934, EAO: 0.320
Trial 1398 finished with value: 0.32006380582366006 and parameters: {'window_influence': 0.475612929478835, 'penalty_k': 0.1388284295874479, 'scale_lr': 0.7085452517283893}. Best is trial 1044 with value: 0.36650777071830365.
checkpoint_e29 window_influence: 0.13414939224797254, penalty_k: 0.18176570183135701, scale_lr: 0.33610539800518308, EAO: 0.258
Trial 1399 finished with value: 0.2580257488363912 and parameters: {'window_influence': 0.13414939224797254, 'penalty_k': 0.181765701831357, 'scale_lr': 0.3361053980051831}. Best is trial 1044 with value: 0.36650777071830365.
checkpoint_e29 window_influence: 0.12405159367627669, penalty_k: 0.20138693418436007, scale_lr: 0.58212039235882340, EAO: 0.270
Trial 1400 finished with value: 0.2704331587260799 and parameters: {'window_influence': 0.12405159367627669, 'penalty_k': 0.20138693418436007, 'scale_lr': 0.5821203923588234}. Best is trial 1044 with value: 0.36650777071830365.
checkpoint_e29 window_influence: 0.09511918243234391, penalty_k: 0.27843648166331225, scale_lr: 0.32563147733843989, EAO: 0.259
Trial 1401 finished with value: 0.2591046874741172 and parameters: {'window_influence': 0.09511918243234391, 'penalty_k': 0.27843648166331225, 'scale_lr': 0.3256314773384399}. Best is trial 1044 with value: 0.36650777071830365.
checkpoint_e29 window_influence: 0.05073148307633479, penalty_k: 0.42694264754967010, scale_lr: 0.47298152446182062, EAO: 0.223
Trial 1402 finished with value: 0.2230791991670772 and parameters: {'window_influence': 0.050731483076334793, 'penalty_k': 0.4269426475496701, 'scale_lr': 0.4729815244618206}. Best is trial 1044 with value: 0.36650777071830365.
checkpoint_e29 window_influence: 0.49605131549896736, penalty_k: 0.15210483731612867, scale_lr: 0.10080155742209619, EAO: 0.344
Trial 1403 finished with value: 0.3435672015995367 and parameters: {'window_influence': 0.49605131549896736, 'penalty_k': 0.15210483731612867, 'scale_lr': 0.10080155742209619}. Best is trial 1044 with value: 0.36650777071830365.
checkpoint_e29 window_influence: 0.20181651200500453, penalty_k: 0.02062507342219470, scale_lr: 0.78284413503040007, EAO: 0.272
Trial 1404 finished with value: 0.2721711260335455 and parameters: {'window_influence': 0.20181651200500453, 'penalty_k': 0.020625073422194697, 'scale_lr': 0.7828441350304001}. Best is trial 1044 with value: 0.36650777071830365.
checkpoint_e29 window_influence: 0.18853165320441007, penalty_k: 0.12218927575726461, scale_lr: 0.35317190365536388, EAO: 0.289
Trial 1405 finished with value: 0.2887999247832057 and parameters: {'window_influence': 0.18853165320441007, 'penalty_k': 0.12218927575726461, 'scale_lr': 0.3531719036553639}. Best is trial 1044 with value: 0.36650777071830365.
checkpoint_e29 window_influence: 0.51830678271314812, penalty_k: 0.06192823442829964, scale_lr: 0.68759927335484727, EAO: 0.335
Trial 1406 finished with value: 0.33467405245925663 and parameters: {'window_influence': 0.5183067827131481, 'penalty_k': 0.06192823442829964, 'scale_lr': 0.6875992733548473}. Best is trial 1044 with value: 0.36650777071830365.
checkpoint_e29 window_influence: 0.60591433463978916, penalty_k: 0.16775629529689040, scale_lr: 0.16704723918894357, EAO: 0.282
Trial 1407 finished with value: 0.28184678333046836 and parameters: {'window_influence': 0.6059143346397892, 'penalty_k': 0.1677562952968904, 'scale_lr': 0.16704723918894357}. Best is trial 1044 with value: 0.36650777071830365.
checkpoint_e29 window_influence: 0.19865123383878752, penalty_k: 0.13679637277610285, scale_lr: 0.18707140103078942, EAO: 0.290
Trial 1408 finished with value: 0.2900058023544601 and parameters: {'window_influence': 0.19865123383878752, 'penalty_k': 0.13679637277610285, 'scale_lr': 0.18707140103078942}. Best is trial 1044 with value: 0.36650777071830365.
checkpoint_e29 window_influence: 0.38730645370507494, penalty_k: 0.03934283577482626, scale_lr: 0.20199994519142078, EAO: 0.333
Trial 1409 finished with value: 0.3332401220088803 and parameters: {'window_influence': 0.38730645370507494, 'penalty_k': 0.03934283577482626, 'scale_lr': 0.20199994519142078}. Best is trial 1044 with value: 0.36650777071830365.
checkpoint_e29 window_influence: 0.31666357989725152, penalty_k: 0.44105936875695750, scale_lr: 0.41259685390894529, EAO: 0.309
Trial 1410 finished with value: 0.30946646103135345 and parameters: {'window_influence': 0.3166635798972515, 'penalty_k': 0.4410593687569575, 'scale_lr': 0.4125968539089453}. Best is trial 1044 with value: 0.36650777071830365.
checkpoint_e29 window_influence: 0.53281831911713251, penalty_k: 0.46173980310874790, scale_lr: 0.12594898459670234, EAO: 0.270
Trial 1411 finished with value: 0.2704665872489432 and parameters: {'window_influence': 0.5328183191171325, 'penalty_k': 0.4617398031087479, 'scale_lr': 0.12594898459670234}. Best is trial 1044 with value: 0.36650777071830365.
checkpoint_e29 window_influence: 0.56091177527491098, penalty_k: 0.09734258771761226, scale_lr: 0.14668219456210646, EAO: 0.316
Trial 1412 finished with value: 0.31587639746730894 and parameters: {'window_influence': 0.560911775274911, 'penalty_k': 0.09734258771761226, 'scale_lr': 0.14668219456210646}. Best is trial 1044 with value: 0.36650777071830365.
checkpoint_e29 window_influence: 0.48766379613380939, penalty_k: 0.58417467794303191, scale_lr: 0.75493298903194672, EAO: 0.318
Trial 1413 finished with value: 0.31821764895424304 and parameters: {'window_influence': 0.4876637961338094, 'penalty_k': 0.5841746779430319, 'scale_lr': 0.7549329890319467}. Best is trial 1044 with value: 0.36650777071830365.
checkpoint_e29 window_influence: 0.50503582271430403, penalty_k: 0.10557167429571368, scale_lr: 0.16221187196099832, EAO: 0.351
Trial 1414 finished with value: 0.3505706745362931 and parameters: {'window_influence': 0.505035822714304, 'penalty_k': 0.10557167429571368, 'scale_lr': 0.16221187196099832}. Best is trial 1044 with value: 0.36650777071830365.
checkpoint_e29 window_influence: 0.07253056376928502, penalty_k: 0.14840162251668604, scale_lr: 0.66778699650089990, EAO: 0.247
Trial 1415 finished with value: 0.2468811840050879 and parameters: {'window_influence': 0.07253056376928502, 'penalty_k': 0.14840162251668604, 'scale_lr': 0.6677869965008999}. Best is trial 1044 with value: 0.36650777071830365.
checkpoint_e29 window_influence: 0.47532672835707490, penalty_k: 0.07898761062110950, scale_lr: 0.53348017999302877, EAO: 0.323
Trial 1416 finished with value: 0.3231166023108746 and parameters: {'window_influence': 0.4753267283570749, 'penalty_k': 0.0789876106211095, 'scale_lr': 0.5334801799930288}. Best is trial 1044 with value: 0.36650777071830365.
checkpoint_e29 window_influence: 0.54521764416100293, penalty_k: 0.19189242611934354, scale_lr: 0.17965247742689036, EAO: 0.318
Trial 1417 finished with value: 0.31758763470074547 and parameters: {'window_influence': 0.5452176441610029, 'penalty_k': 0.19189242611934354, 'scale_lr': 0.17965247742689036}. Best is trial 1044 with value: 0.36650777071830365.
checkpoint_e29 window_influence: 0.46184647679417024, penalty_k: 0.16007035645991083, scale_lr: 0.64420085429644991, EAO: 0.334
Trial 1418 finished with value: 0.3338686087484026 and parameters: {'window_influence': 0.46184647679417024, 'penalty_k': 0.16007035645991083, 'scale_lr': 0.6442008542964499}. Best is trial 1044 with value: 0.36650777071830365.
checkpoint_e29 window_influence: 0.39797759668622296, penalty_k: 0.47685551684579469, scale_lr: 0.31797485189928865, EAO: 0.328
Trial 1419 finished with value: 0.3278303924469632 and parameters: {'window_influence': 0.39797759668622296, 'penalty_k': 0.4768555168457947, 'scale_lr': 0.31797485189928865}. Best is trial 1044 with value: 0.36650777071830365.
checkpoint_e29 window_influence: 0.62879255106996967, penalty_k: 0.03405822420038761, scale_lr: 0.24568148853860436, EAO: 0.263
Trial 1420 finished with value: 0.26295106976876464 and parameters: {'window_influence': 0.6287925510699697, 'penalty_k': 0.03405822420038761, 'scale_lr': 0.24568148853860436}. Best is trial 1044 with value: 0.36650777071830365.
checkpoint_e29 window_influence: 0.48917189712949105, penalty_k: 0.11767262117667993, scale_lr: 0.36880284328397117, EAO: 0.339
Trial 1421 finished with value: 0.3388638354924866 and parameters: {'window_influence': 0.48917189712949105, 'penalty_k': 0.11767262117667993, 'scale_lr': 0.36880284328397117}. Best is trial 1044 with value: 0.36650777071830365.
checkpoint_e29 window_influence: 0.50757724717985120, penalty_k: 0.17729511530189829, scale_lr: 0.73282890470373319, EAO: 0.307
Trial 1422 finished with value: 0.30654657565434157 and parameters: {'window_influence': 0.5075772471798512, 'penalty_k': 0.1772951153018983, 'scale_lr': 0.7328289047037332}. Best is trial 1044 with value: 0.36650777071830365.
checkpoint_e29 window_influence: 0.44201799428557093, penalty_k: 0.06228471989678626, scale_lr: 0.29425592455013871, EAO: 0.329
Trial 1423 finished with value: 0.32912371223538767 and parameters: {'window_influence': 0.4420179942855709, 'penalty_k': 0.06228471989678626, 'scale_lr': 0.2942559245501387}. Best is trial 1044 with value: 0.36650777071830365.
checkpoint_e29 window_influence: 0.41084780909977225, penalty_k: 0.51523408810431159, scale_lr: 0.38427280646236173, EAO: 0.332
Trial 1424 finished with value: 0.33241676634851597 and parameters: {'window_influence': 0.41084780909977225, 'penalty_k': 0.5152340881043116, 'scale_lr': 0.3842728064623617}. Best is trial 1044 with value: 0.36650777071830365.
checkpoint_e29 window_influence: 0.47535735225609710, penalty_k: 0.56570266802535518, scale_lr: 0.39727625579321424, EAO: 0.304
Trial 1425 finished with value: 0.3042995112763305 and parameters: {'window_influence': 0.4753573522560971, 'penalty_k': 0.5657026680253552, 'scale_lr': 0.39727625579321424}. Best is trial 1044 with value: 0.36650777071830365.
checkpoint_e29 window_influence: 0.49876764784177685, penalty_k: 0.25684861297270212, scale_lr: 0.76978779146527854, EAO: 0.332
Trial 1426 finished with value: 0.33174552272729835 and parameters: {'window_influence': 0.49876764784177685, 'penalty_k': 0.2568486129727021, 'scale_lr': 0.7697877914652785}. Best is trial 1044 with value: 0.36650777071830365.
checkpoint_e29 window_influence: 0.45114223666036013, penalty_k: 0.14430820822748214, scale_lr: 0.13870970737103366, EAO: 0.344
Trial 1427 finished with value: 0.3442756455927971 and parameters: {'window_influence': 0.45114223666036013, 'penalty_k': 0.14430820822748214, 'scale_lr': 0.13870970737103366}. Best is trial 1044 with value: 0.36650777071830365.
checkpoint_e29 window_influence: 0.38363447930991490, penalty_k: 0.42560929465213798, scale_lr: 0.52071396395294145, EAO: 0.329
Trial 1428 finished with value: 0.3287270194361646 and parameters: {'window_influence': 0.3836344793099149, 'penalty_k': 0.425609294652138, 'scale_lr': 0.5207139639529414}. Best is trial 1044 with value: 0.36650777071830365.
checkpoint_e29 window_influence: 0.48507328314878723, penalty_k: 0.13318458099204658, scale_lr: 0.21498066524177550, EAO: 0.331
Trial 1429 finished with value: 0.3311338382356362 and parameters: {'window_influence': 0.4850732831487872, 'penalty_k': 0.13318458099204658, 'scale_lr': 0.2149806652417755}. Best is trial 1044 with value: 0.36650777071830365.
checkpoint_e29 window_influence: 0.51966893991906171, penalty_k: 0.16711778016943127, scale_lr: 0.57889837328613514, EAO: 0.304
Trial 1430 finished with value: 0.3040554218487053 and parameters: {'window_influence': 0.5196689399190617, 'penalty_k': 0.16711778016943127, 'scale_lr': 0.5788983732861351}. Best is trial 1044 with value: 0.36650777071830365.
checkpoint_e29 window_influence: 0.46775520816190730, penalty_k: 0.01208125772946445, scale_lr: 0.69393336761030755, EAO: 0.336
Trial 1431 finished with value: 0.3360662325810829 and parameters: {'window_influence': 0.4677552081619073, 'penalty_k': 0.012081257729464452, 'scale_lr': 0.6939333676103075}. Best is trial 1044 with value: 0.36650777071830365.
checkpoint_e29 window_influence: 0.49660410498379748, penalty_k: 0.04661068621750092, scale_lr: 0.71541931787345281, EAO: 0.331
Trial 1432 finished with value: 0.3313716996736564 and parameters: {'window_influence': 0.4966041049837975, 'penalty_k': 0.04661068621750092, 'scale_lr': 0.7154193178734528}. Best is trial 1044 with value: 0.36650777071830365.
checkpoint_e29 window_influence: 0.17288774613812144, penalty_k: 0.44554252971459440, scale_lr: 0.11508368116364850, EAO: 0.270
Trial 1433 finished with value: 0.27030530647313084 and parameters: {'window_influence': 0.17288774613812144, 'penalty_k': 0.4455425297145944, 'scale_lr': 0.1150836811636485}. Best is trial 1044 with value: 0.36650777071830365.
checkpoint_e29 window_influence: 0.45822672997182262, penalty_k: 0.55738321301829608, scale_lr: 0.20187497558514439, EAO: 0.329
Trial 1434 finished with value: 0.3285003611781718 and parameters: {'window_influence': 0.4582267299718226, 'penalty_k': 0.5573832130182961, 'scale_lr': 0.2018749755851444}. Best is trial 1044 with value: 0.36650777071830365.
checkpoint_e29 window_influence: 0.08704165327051505, penalty_k: 0.18757600533208701, scale_lr: 0.16784587730309247, EAO: 0.254
Trial 1435 finished with value: 0.2536424055753515 and parameters: {'window_influence': 0.08704165327051505, 'penalty_k': 0.18757600533208701, 'scale_lr': 0.16784587730309247}. Best is trial 1044 with value: 0.36650777071830365.
checkpoint_e29 window_influence: 0.48227271493477769, penalty_k: 0.13112414128264602, scale_lr: 0.55449070371843234, EAO: 0.333
Trial 1436 finished with value: 0.33269771690034683 and parameters: {'window_influence': 0.4822727149347777, 'penalty_k': 0.13112414128264602, 'scale_lr': 0.5544907037184323}. Best is trial 1044 with value: 0.36650777071830365.
checkpoint_e29 window_influence: 0.31488691752522557, penalty_k: 0.26229542083007962, scale_lr: 0.50199727111895709, EAO: 0.313
Trial 1437 finished with value: 0.3127338332540794 and parameters: {'window_influence': 0.3148869175252256, 'penalty_k': 0.2622954208300796, 'scale_lr': 0.5019972711189571}. Best is trial 1044 with value: 0.36650777071830365.
checkpoint_e29 window_influence: 0.53085319158013622, penalty_k: 0.27607379728479792, scale_lr: 0.25416645992039494, EAO: 0.327
Trial 1438 finished with value: 0.3271240008712279 and parameters: {'window_influence': 0.5308531915801362, 'penalty_k': 0.2760737972847979, 'scale_lr': 0.25416645992039494}. Best is trial 1044 with value: 0.36650777071830365.
checkpoint_e29 window_influence: 0.26364119006499548, penalty_k: 0.15130022805826696, scale_lr: 0.15284520013638964, EAO: 0.285
