Trial 288 finished with value: 0.3169381198136259 and parameters: {'window_influence': 0.43620198222487283, 'penalty_k': 0.18710702070377347, 'scale_lr': 0.6021172807953896}. Best is trial 200 with value: 0.37697677389656986.
checkpoint_e16 window_influence: 0.40235077616782439, penalty_k: 0.06758424557950869, scale_lr: 0.55896868181738801, EAO: 0.300
Trial 289 finished with value: 0.30047059778109597 and parameters: {'window_influence': 0.4023507761678244, 'penalty_k': 0.06758424557950869, 'scale_lr': 0.558968681817388}. Best is trial 200 with value: 0.37697677389656986.
checkpoint_e16 window_influence: 0.48723346710303911, penalty_k: 0.17447189421574083, scale_lr: 0.47040167280033313, EAO: 0.315
Trial 290 finished with value: 0.3150954755015874 and parameters: {'window_influence': 0.4872334671030391, 'penalty_k': 0.17447189421574083, 'scale_lr': 0.4704016728003331}. Best is trial 200 with value: 0.37697677389656986.
checkpoint_e16 window_influence: 0.44767369736986190, penalty_k: 0.01215995139510851, scale_lr: 0.50863448060476768, EAO: 0.359
Trial 291 finished with value: 0.35875713175836704 and parameters: {'window_influence': 0.4476736973698619, 'penalty_k': 0.012159951395108512, 'scale_lr': 0.5086344806047677}. Best is trial 200 with value: 0.37697677389656986.
checkpoint_e16 window_influence: 0.42291760620702479, penalty_k: 0.01165355780048964, scale_lr: 0.40704249689463229, EAO: 0.317
Trial 292 finished with value: 0.3166813472365591 and parameters: {'window_influence': 0.4229176062070248, 'penalty_k': 0.01165355780048964, 'scale_lr': 0.4070424968946323}. Best is trial 200 with value: 0.37697677389656986.
checkpoint_e16 window_influence: 0.44741853101151080, penalty_k: 0.01938511152319916, scale_lr: 0.50042976233400749, EAO: 0.318
Trial 293 finished with value: 0.3184932630929502 and parameters: {'window_influence': 0.4474185310115108, 'penalty_k': 0.019385111523199165, 'scale_lr': 0.5004297623340075}. Best is trial 200 with value: 0.37697677389656986.
checkpoint_e16 window_influence: 0.45648885548043522, penalty_k: 0.01189759369472880, scale_lr: 0.48643601106335566, EAO: 0.344
Trial 294 finished with value: 0.344126367731317 and parameters: {'window_influence': 0.4564888554804352, 'penalty_k': 0.011897593694728802, 'scale_lr': 0.48643601106335566}. Best is trial 200 with value: 0.37697677389656986.
checkpoint_e16 window_influence: 0.43135316703627846, penalty_k: 0.15473943380534377, scale_lr: 0.56927017525538948, EAO: 0.300
Trial 295 finished with value: 0.2996463270038946 and parameters: {'window_influence': 0.43135316703627846, 'penalty_k': 0.15473943380534377, 'scale_lr': 0.5692701752553895}. Best is trial 200 with value: 0.37697677389656986.
checkpoint_e16 window_influence: 0.44436051270034371, penalty_k: 0.00014922620432088, scale_lr: 0.51676295118677484, EAO: 0.336
Trial 296 finished with value: 0.3360862642642589 and parameters: {'window_influence': 0.4443605127003437, 'penalty_k': 0.00014922620432088196, 'scale_lr': 0.5167629511867748}. Best is trial 200 with value: 0.37697677389656986.
checkpoint_e16 window_influence: 0.47107569726036841, penalty_k: 0.03003051387404528, scale_lr: 0.46190677846869782, EAO: 0.324
Trial 297 finished with value: 0.32364709234655137 and parameters: {'window_influence': 0.4710756972603684, 'penalty_k': 0.030030513874045282, 'scale_lr': 0.4619067784686978}. Best is trial 200 with value: 0.37697677389656986.
checkpoint_e16 window_influence: 0.41768142401470904, penalty_k: 0.02165116447574507, scale_lr: 0.54597156818069026, EAO: 0.333
Trial 298 finished with value: 0.332564586563333 and parameters: {'window_influence': 0.41768142401470904, 'penalty_k': 0.02165116447574507, 'scale_lr': 0.5459715681806903}. Best is trial 200 with value: 0.37697677389656986.
checkpoint_e16 window_influence: 0.45586030856413057, penalty_k: 0.03845919031396077, scale_lr: 0.69053076562813054, EAO: 0.326
Trial 299 finished with value: 0.32558485082847133 and parameters: {'window_influence': 0.45586030856413057, 'penalty_k': 0.03845919031396077, 'scale_lr': 0.6905307656281305}. Best is trial 200 with value: 0.37697677389656986.
checkpoint_e16 window_influence: 0.50696387417230271, penalty_k: 0.00872637992506909, scale_lr: 0.50639487581154885, EAO: 0.324
Trial 300 finished with value: 0.3239144139600635 and parameters: {'window_influence': 0.5069638741723027, 'penalty_k': 0.00872637992506909, 'scale_lr': 0.5063948758115489}. Best is trial 200 with value: 0.37697677389656986.
checkpoint_e16 window_influence: 0.44041167041745305, penalty_k: 0.02170717563398875, scale_lr: 0.57750637586568598, EAO: 0.314
Trial 301 finished with value: 0.3139096187710298 and parameters: {'window_influence': 0.44041167041745305, 'penalty_k': 0.021707175633988746, 'scale_lr': 0.577506375865686}. Best is trial 200 with value: 0.37697677389656986.
A new study created in memory with name: no-name-697d661d-da53-4364-9559-eb350519892a
checkpoint_e16 window_influence: 0.45962986595435285, penalty_k: 0.10611166294699845, scale_lr: 0.49125817739566785, EAO: 0.309
Trial 302 finished with value: 0.30862996515596886 and parameters: {'window_influence': 0.45962986595435285, 'penalty_k': 0.10611166294699845, 'scale_lr': 0.49125817739566785}. Best is trial 200 with value: 0.37697677389656986.
checkpoint_e16 window_influence: 0.50541238436612856, penalty_k: 0.53261600095844353, scale_lr: 0.38367635193921656, EAO: 0.284
Trial 0 finished with value: 0.28403061651534145 and parameters: {'window_influence': 0.5054123843661286, 'penalty_k': 0.5326160009584435, 'scale_lr': 0.38367635193921656}. Best is trial 0 with value: 0.28403061651534145.
checkpoint_e16 window_influence: 0.48475425020385804, penalty_k: 0.01232393489587690, scale_lr: 0.61321218471988781, EAO: 0.327
Trial 303 finished with value: 0.32718004767532943 and parameters: {'window_influence': 0.48475425020385804, 'penalty_k': 0.012323934895876895, 'scale_lr': 0.6132121847198878}. Best is trial 200 with value: 0.37697677389656986.
checkpoint_e16 window_influence: 0.16063600963679614, penalty_k: 0.22085620821557447, scale_lr: 0.55439535604861434, EAO: 0.276
Trial 1 finished with value: 0.2760726525973717 and parameters: {'window_influence': 0.16063600963679614, 'penalty_k': 0.22085620821557447, 'scale_lr': 0.5543953560486143}. Best is trial 0 with value: 0.28403061651534145.
checkpoint_e16 window_influence: 0.39616818333888132, penalty_k: 0.03651416809121742, scale_lr: 0.55561629771383725, EAO: 0.317
Trial 304 finished with value: 0.3172873873191121 and parameters: {'window_influence': 0.3961681833388813, 'penalty_k': 0.03651416809121742, 'scale_lr': 0.5556162977138372}. Best is trial 200 with value: 0.37697677389656986.
checkpoint_e16 window_influence: 0.45094649456940378, penalty_k: 0.47456408106214670, scale_lr: 0.22625389429898674, EAO: 0.294
Trial 2 finished with value: 0.29377836592002604 and parameters: {'window_influence': 0.4509464945694038, 'penalty_k': 0.4745640810621467, 'scale_lr': 0.22625389429898674}. Best is trial 2 with value: 0.29377836592002604.
checkpoint_e16 window_influence: 0.43410111685608777, penalty_k: 0.02697300783295195, scale_lr: 0.42454177928220255, EAO: 0.341
Trial 305 finished with value: 0.3408411730820103 and parameters: {'window_influence': 0.43410111685608777, 'penalty_k': 0.02697300783295195, 'scale_lr': 0.42454177928220255}. Best is trial 200 with value: 0.37697677389656986.
checkpoint_e16 window_influence: 0.41194479181740967, penalty_k: 0.02596941166814803, scale_lr: 0.70133354727698594, EAO: 0.331
Trial 3 finished with value: 0.3314129286355082 and parameters: {'window_influence': 0.4119447918174097, 'penalty_k': 0.025969411668148035, 'scale_lr': 0.7013335472769859}. Best is trial 3 with value: 0.3314129286355082.
checkpoint_e16 window_influence: 0.53223392429399552, penalty_k: 0.11802632516527206, scale_lr: 0.79211485069771637, EAO: 0.307
Trial 306 finished with value: 0.30748997941787143 and parameters: {'window_influence': 0.5322339242939955, 'penalty_k': 0.11802632516527206, 'scale_lr': 0.7921148506977164}. Best is trial 200 with value: 0.37697677389656986.
checkpoint_e16 window_influence: 0.06125643863173560, penalty_k: 0.39292293414723084, scale_lr: 0.39074631003015736, EAO: 0.271
Trial 4 finished with value: 0.27145622850392115 and parameters: {'window_influence': 0.061256438631735605, 'penalty_k': 0.39292293414723084, 'scale_lr': 0.39074631003015736}. Best is trial 3 with value: 0.3314129286355082.
checkpoint_e16 window_influence: 0.47003251923184231, penalty_k: 0.20544860644897117, scale_lr: 0.53829442601743038, EAO: 0.295
Trial 307 finished with value: 0.2954065956262299 and parameters: {'window_influence': 0.4700325192318423, 'penalty_k': 0.20544860644897117, 'scale_lr': 0.5382944260174304}. Best is trial 200 with value: 0.37697677389656986.
checkpoint_e16 window_influence: 0.05777057367214647, penalty_k: 0.13763690661907835, scale_lr: 0.11978565852716620, EAO: 0.248
Trial 5 finished with value: 0.24835409989384827 and parameters: {'window_influence': 0.05777057367214647, 'penalty_k': 0.13763690661907835, 'scale_lr': 0.1197856585271662}. Best is trial 3 with value: 0.3314129286355082.
checkpoint_e16 window_influence: 0.61054753384531013, penalty_k: 0.00017122059417623, scale_lr: 0.47856586027185022, EAO: 0.274
Trial 308 finished with value: 0.2737135034242957 and parameters: {'window_influence': 0.6105475338453101, 'penalty_k': 0.0001712205941762253, 'scale_lr': 0.4785658602718502}. Best is trial 200 with value: 0.37697677389656986.
checkpoint_e16 window_influence: 0.21177168926213435, penalty_k: 0.16876662727943362, scale_lr: 0.65483814445402388, EAO: 0.272
Trial 6 finished with value: 0.2716180879318297 and parameters: {'window_influence': 0.21177168926213435, 'penalty_k': 0.16876662727943362, 'scale_lr': 0.6548381444540239}. Best is trial 3 with value: 0.3314129286355082.
checkpoint_e16 window_influence: 0.58008440204689282, penalty_k: 0.01210012858036040, scale_lr: 0.51932336121488454, EAO: 0.277
Trial 309 finished with value: 0.27721220741939917 and parameters: {'window_influence': 0.5800844020468928, 'penalty_k': 0.012100128580360402, 'scale_lr': 0.5193233612148845}. Best is trial 200 with value: 0.37697677389656986.
checkpoint_e16 window_influence: 0.09051731000215320, penalty_k: 0.49069540910419485, scale_lr: 0.43847667748456653, EAO: 0.255
Trial 7 finished with value: 0.254779639295103 and parameters: {'window_influence': 0.0905173100021532, 'penalty_k': 0.49069540910419485, 'scale_lr': 0.43847667748456653}. Best is trial 3 with value: 0.3314129286355082.
checkpoint_e16 window_influence: 0.45248604454561592, penalty_k: 0.02298809511860678, scale_lr: 0.45293769896953529, EAO: 0.327
Trial 310 finished with value: 0.32688453921084276 and parameters: {'window_influence': 0.4524860445456159, 'penalty_k': 0.022988095118606777, 'scale_lr': 0.4529376989695353}. Best is trial 200 with value: 0.37697677389656986.
checkpoint_e16 window_influence: 0.08013206878204501, penalty_k: 0.53533427961868307, scale_lr: 0.17923570237200076, EAO: 0.248
Trial 8 finished with value: 0.24821997239663907 and parameters: {'window_influence': 0.08013206878204501, 'penalty_k': 0.5353342796186831, 'scale_lr': 0.17923570237200076}. Best is trial 3 with value: 0.3314129286355082.
checkpoint_e16 window_influence: 0.49733082864338019, penalty_k: 0.04605690627523345, scale_lr: 0.59136786410692799, EAO: 0.316
Trial 311 finished with value: 0.31591667229099496 and parameters: {'window_influence': 0.4973308286433802, 'penalty_k': 0.04605690627523345, 'scale_lr': 0.591367864106928}. Best is trial 200 with value: 0.37697677389656986.
checkpoint_e16 window_influence: 0.46129730257491119, penalty_k: 0.21947992727191351, scale_lr: 0.43355323913921051, EAO: 0.324
Trial 9 finished with value: 0.3240297208268355 and parameters: {'window_influence': 0.4612973025749112, 'penalty_k': 0.2194799272719135, 'scale_lr': 0.4335532391392105}. Best is trial 3 with value: 0.3314129286355082.
checkpoint_e16 window_influence: 0.42694337353984957, penalty_k: 0.01053429561925548, scale_lr: 0.50897800996515918, EAO: 0.347
Trial 312 finished with value: 0.3468876620211026 and parameters: {'window_influence': 0.42694337353984957, 'penalty_k': 0.01053429561925548, 'scale_lr': 0.5089780099651592}. Best is trial 200 with value: 0.37697677389656986.
checkpoint_e16 window_influence: 0.61720214946554819, penalty_k: 0.02488307205474612, scale_lr: 0.78108487995007703, EAO: 0.242
Trial 10 finished with value: 0.2420390903485888 and parameters: {'window_influence': 0.6172021494655482, 'penalty_k': 0.024883072054746123, 'scale_lr': 0.781084879950077}. Best is trial 3 with value: 0.3314129286355082.
checkpoint_e16 window_influence: 0.41103010463512824, penalty_k: 0.03418627808787757, scale_lr: 0.52684610199007820, EAO: 0.330
Trial 313 finished with value: 0.3295021411393867 and parameters: {'window_influence': 0.41103010463512824, 'penalty_k': 0.034186278087877574, 'scale_lr': 0.5268461019900782}. Best is trial 200 with value: 0.37697677389656986.
checkpoint_e16 window_influence: 0.36984884637995297, penalty_k: 0.03760073985620343, scale_lr: 0.57496974133100065, EAO: 0.307
Trial 11 finished with value: 0.307279731049148 and parameters: {'window_influence': 0.36984884637995297, 'penalty_k': 0.03760073985620343, 'scale_lr': 0.5749697413310006}. Best is trial 3 with value: 0.3314129286355082.
checkpoint_e16 window_influence: 0.42561684698658214, penalty_k: 0.14298710978645601, scale_lr: 0.50579588159922051, EAO: 0.317
Trial 314 finished with value: 0.31725750306932843 and parameters: {'window_influence': 0.42561684698658214, 'penalty_k': 0.142987109786456, 'scale_lr': 0.5057958815992205}. Best is trial 200 with value: 0.37697677389656986.
checkpoint_e16 window_influence: 0.32032062718644805, penalty_k: 0.28176719325192578, scale_lr: 0.77524139851305063, EAO: 0.288
Trial 12 finished with value: 0.2883046658470473 and parameters: {'window_influence': 0.32032062718644805, 'penalty_k': 0.2817671932519258, 'scale_lr': 0.7752413985130506}. Best is trial 3 with value: 0.3314129286355082.
checkpoint_e16 window_influence: 0.59857031666810145, penalty_k: 0.28262914250923521, scale_lr: 0.56028611884813184, EAO: 0.246
Trial 315 finished with value: 0.24602827563128118 and parameters: {'window_influence': 0.5985703166681015, 'penalty_k': 0.2826291425092352, 'scale_lr': 0.5602861188481318}. Best is trial 200 with value: 0.37697677389656986.
checkpoint_e16 window_influence: 0.47775837467572740, penalty_k: 0.10375343314439092, scale_lr: 0.51697913085250002, EAO: 0.343
Trial 13 finished with value: 0.34327919531889 and parameters: {'window_influence': 0.4777583746757274, 'penalty_k': 0.10375343314439092, 'scale_lr': 0.5169791308525}. Best is trial 13 with value: 0.34327919531889.
checkpoint_e16 window_influence: 0.42190690097004657, penalty_k: 0.01528201595152934, scale_lr: 0.54301763451081619, EAO: 0.309
Trial 316 finished with value: 0.3088877900913068 and parameters: {'window_influence': 0.42190690097004657, 'penalty_k': 0.015282015951529337, 'scale_lr': 0.5430176345108162}. Best is trial 200 with value: 0.37697677389656986.
checkpoint_e16 window_influence: 0.57604039598925383, penalty_k: 0.00081143365201236, scale_lr: 0.66567149073931542, EAO: 0.279
Trial 14 finished with value: 0.27887337738901724 and parameters: {'window_influence': 0.5760403959892538, 'penalty_k': 0.0008114336520123611, 'scale_lr': 0.6656714907393154}. Best is trial 13 with value: 0.34327919531889.
checkpoint_e16 window_influence: 0.43990293429988542, penalty_k: 0.07627197285827467, scale_lr: 0.50868097734002105, EAO: 0.315
Trial 317 finished with value: 0.315285463277468 and parameters: {'window_influence': 0.4399029342998854, 'penalty_k': 0.07627197285827467, 'scale_lr': 0.508680977340021}. Best is trial 200 with value: 0.37697677389656986.
checkpoint_e16 window_influence: 0.36623195462221320, penalty_k: 0.08358832372512524, scale_lr: 0.52661545906312757, EAO: 0.314
Trial 15 finished with value: 0.3135249208267561 and parameters: {'window_influence': 0.3662319546222132, 'penalty_k': 0.08358832372512524, 'scale_lr': 0.5266154590631276}. Best is trial 13 with value: 0.34327919531889.
checkpoint_e16 window_influence: 0.48041601762004443, penalty_k: 0.01047852040307899, scale_lr: 0.57266927940959145, EAO: 0.324
Trial 318 finished with value: 0.32440329003890667 and parameters: {'window_influence': 0.48041601762004443, 'penalty_k': 0.010478520403078988, 'scale_lr': 0.5726692794095914}. Best is trial 200 with value: 0.37697677389656986.
checkpoint_e16 window_influence: 0.53892180489807529, penalty_k: 0.09402366626123770, scale_lr: 0.66361453405099269, EAO: 0.287
Trial 16 finished with value: 0.28700672733644567 and parameters: {'window_influence': 0.5389218048980753, 'penalty_k': 0.0940236662612377, 'scale_lr': 0.6636145340509927}. Best is trial 13 with value: 0.34327919531889.
checkpoint_e16 window_influence: 0.35664050365205835, penalty_k: 0.04471685925940121, scale_lr: 0.52907324071224138, EAO: 0.328
Trial 319 finished with value: 0.3283121888507665 and parameters: {'window_influence': 0.35664050365205835, 'penalty_k': 0.04471685925940121, 'scale_lr': 0.5290732407122414}. Best is trial 200 with value: 0.37697677389656986.
checkpoint_e16 window_influence: 0.62859880791510692, penalty_k: 0.08740158061049447, scale_lr: 0.50359873759449159, EAO: 0.249
Trial 17 finished with value: 0.2492616276912652 and parameters: {'window_influence': 0.6285988079151069, 'penalty_k': 0.08740158061049447, 'scale_lr': 0.5035987375944916}. Best is trial 13 with value: 0.34327919531889.
checkpoint_e16 window_influence: 0.33718376677906442, penalty_k: 0.00038254313864271, scale_lr: 0.41502527737721334, EAO: 0.320
Trial 320 finished with value: 0.31985562187456434 and parameters: {'window_influence': 0.3371837667790644, 'penalty_k': 0.0003825431386427075, 'scale_lr': 0.41502527737721334}. Best is trial 200 with value: 0.37697677389656986.
checkpoint_e16 window_influence: 0.43271657075187475, penalty_k: 0.15258805258656524, scale_lr: 0.71277090818575006, EAO: 0.319
Trial 18 finished with value: 0.31903996965068787 and parameters: {'window_influence': 0.43271657075187475, 'penalty_k': 0.15258805258656524, 'scale_lr': 0.7127709081857501}. Best is trial 13 with value: 0.34327919531889.
checkpoint_e16 window_influence: 0.44694271377668310, penalty_k: 0.08941606358184770, scale_lr: 0.38095166218257448, EAO: 0.312
Trial 321 finished with value: 0.3118354198069888 and parameters: {'window_influence': 0.4469427137766831, 'penalty_k': 0.0894160635818477, 'scale_lr': 0.3809516621825745}. Best is trial 200 with value: 0.37697677389656986.
checkpoint_e16 window_influence: 0.29312276465682136, penalty_k: 0.31370847316244249, scale_lr: 0.61816385621865233, EAO: 0.297
Trial 19 finished with value: 0.2968803331661781 and parameters: {'window_influence': 0.29312276465682136, 'penalty_k': 0.3137084731624425, 'scale_lr': 0.6181638562186523}. Best is trial 13 with value: 0.34327919531889.
checkpoint_e16 window_influence: 0.50792031228587975, penalty_k: 0.12578165900523944, scale_lr: 0.51750384362949065, EAO: 0.302
Trial 322 finished with value: 0.3020804221180163 and parameters: {'window_influence': 0.5079203122858797, 'penalty_k': 0.12578165900523944, 'scale_lr': 0.5175038436294906}. Best is trial 200 with value: 0.37697677389656986.
checkpoint_e16 window_influence: 0.51762189149996329, penalty_k: 0.00875935328559379, scale_lr: 0.71953437633765571, EAO: 0.316
Trial 20 finished with value: 0.31551246095724145 and parameters: {'window_influence': 0.5176218914999633, 'penalty_k': 0.008759353285593786, 'scale_lr': 0.7195343763376557}. Best is trial 13 with value: 0.34327919531889.
checkpoint_e16 window_influence: 0.40242563367409617, penalty_k: 0.02459684956065904, scale_lr: 0.55748544682656320, EAO: 0.294
Trial 323 finished with value: 0.2936952543165897 and parameters: {'window_influence': 0.4024256336740962, 'penalty_k': 0.024596849560659044, 'scale_lr': 0.5574854468265632}. Best is trial 200 with value: 0.37697677389656986.
checkpoint_e16 window_influence: 0.44215852093963154, penalty_k: 0.20054964119250651, scale_lr: 0.45349242373776649, EAO: 0.303
Trial 21 finished with value: 0.3034203791200883 and parameters: {'window_influence': 0.44215852093963154, 'penalty_k': 0.2005496411925065, 'scale_lr': 0.4534924237377665}. Best is trial 13 with value: 0.34327919531889.
checkpoint_e16 window_influence: 0.46397635319589020, penalty_k: 0.29029001112048514, scale_lr: 0.43434466933043581, EAO: 0.313
Trial 324 finished with value: 0.31316281397055096 and parameters: {'window_influence': 0.4639763531958902, 'penalty_k': 0.29029001112048514, 'scale_lr': 0.4343446693304358}. Best is trial 200 with value: 0.37697677389656986.
checkpoint_e16 window_influence: 0.48014052324220458, penalty_k: 0.10831661872555792, scale_lr: 0.58466971767325882, EAO: 0.327
Trial 22 finished with value: 0.3268898838572929 and parameters: {'window_influence': 0.4801405232422046, 'penalty_k': 0.10831661872555792, 'scale_lr': 0.5846697176732588}. Best is trial 13 with value: 0.34327919531889.
checkpoint_e16 window_influence: 0.41299919087838705, penalty_k: 0.02867970069407995, scale_lr: 0.30852643946869712, EAO: 0.296
Trial 325 finished with value: 0.2956503694623361 and parameters: {'window_influence': 0.41299919087838705, 'penalty_k': 0.028679700694079952, 'scale_lr': 0.3085264394686971}. Best is trial 200 with value: 0.37697677389656986.
checkpoint_e16 window_influence: 0.40079476244405388, penalty_k: 0.07849867895137766, scale_lr: 0.59366990441175294, EAO: 0.333
Trial 23 finished with value: 0.3325078505950215 and parameters: {'window_influence': 0.4007947624440539, 'penalty_k': 0.07849867895137766, 'scale_lr': 0.5936699044117529}. Best is trial 13 with value: 0.34327919531889.
checkpoint_e16 window_influence: 0.52113061403262906, penalty_k: 0.05857328629139034, scale_lr: 0.47385200098724362, EAO: 0.313
