Trial 1073 finished with value: 0.33332659576653506 and parameters: {'window_influence': 0.5156955531943941, 'penalty_k': 0.017105426512925986, 'scale_lr': 0.18351412917737026}. Best is trial 1044 with value: 0.36650777071830365.
checkpoint_e29 window_influence: 0.49398852843769653, penalty_k: 0.06810140097646081, scale_lr: 0.16484922506032396, EAO: 0.357
Trial 1074 finished with value: 0.3570569120492453 and parameters: {'window_influence': 0.49398852843769653, 'penalty_k': 0.06810140097646081, 'scale_lr': 0.16484922506032396}. Best is trial 1044 with value: 0.36650777071830365.
checkpoint_e29 window_influence: 0.49973448322348074, penalty_k: 0.06869469501924348, scale_lr: 0.15714231034935022, EAO: 0.352
Trial 1075 finished with value: 0.3524842023385638 and parameters: {'window_influence': 0.49973448322348074, 'penalty_k': 0.06869469501924348, 'scale_lr': 0.15714231034935022}. Best is trial 1044 with value: 0.36650777071830365.
checkpoint_e29 window_influence: 0.49607148173302873, penalty_k: 0.05421419423989848, scale_lr: 0.14060595190951300, EAO: 0.333
Trial 1076 finished with value: 0.33302530739094033 and parameters: {'window_influence': 0.49607148173302873, 'penalty_k': 0.054214194239898476, 'scale_lr': 0.140605951909513}. Best is trial 1044 with value: 0.36650777071830365.
checkpoint_e29 window_influence: 0.48514943569914692, penalty_k: 0.07850603080839200, scale_lr: 0.15246642708147973, EAO: 0.345
Trial 1077 finished with value: 0.3451248996452599 and parameters: {'window_influence': 0.4851494356991469, 'penalty_k': 0.078506030808392, 'scale_lr': 0.15246642708147973}. Best is trial 1044 with value: 0.36650777071830365.
checkpoint_e29 window_influence: 0.49725246492335656, penalty_k: 0.03515505913604620, scale_lr: 0.16506841130255487, EAO: 0.333
Trial 1078 finished with value: 0.33290103193850834 and parameters: {'window_influence': 0.49725246492335656, 'penalty_k': 0.0351550591360462, 'scale_lr': 0.16506841130255487}. Best is trial 1044 with value: 0.36650777071830365.
checkpoint_e29 window_influence: 0.47839066753164949, penalty_k: 0.06533275588599580, scale_lr: 0.13597611574185822, EAO: 0.330
Trial 1079 finished with value: 0.33000647308529585 and parameters: {'window_influence': 0.4783906675316495, 'penalty_k': 0.0653327558859958, 'scale_lr': 0.13597611574185822}. Best is trial 1044 with value: 0.36650777071830365.
checkpoint_e29 window_influence: 0.50874979831232203, penalty_k: 0.06575232124477369, scale_lr: 0.14892634127627213, EAO: 0.336
Trial 1080 finished with value: 0.3361637527376761 and parameters: {'window_influence': 0.508749798312322, 'penalty_k': 0.06575232124477369, 'scale_lr': 0.14892634127627213}. Best is trial 1044 with value: 0.36650777071830365.
checkpoint_e29 window_influence: 0.24909904351629586, penalty_k: 0.07205500147489535, scale_lr: 0.16940494027863096, EAO: 0.309
Trial 1081 finished with value: 0.30891559165739363 and parameters: {'window_influence': 0.24909904351629586, 'penalty_k': 0.07205500147489535, 'scale_lr': 0.16940494027863096}. Best is trial 1044 with value: 0.36650777071830365.
checkpoint_e29 window_influence: 0.49277804610262155, penalty_k: 0.00159769250522168, scale_lr: 0.15845191708171466, EAO: 0.346
Trial 1082 finished with value: 0.34551365296664405 and parameters: {'window_influence': 0.49277804610262155, 'penalty_k': 0.0015976925052216817, 'scale_lr': 0.15845191708171466}. Best is trial 1044 with value: 0.36650777071830365.
checkpoint_e29 window_influence: 0.52035026981649946, penalty_k: 0.03838823665614710, scale_lr: 0.19275230339480590, EAO: 0.328
Trial 1083 finished with value: 0.32778694089284666 and parameters: {'window_influence': 0.5203502698164995, 'penalty_k': 0.0383882366561471, 'scale_lr': 0.1927523033948059}. Best is trial 1044 with value: 0.36650777071830365.
checkpoint_e29 window_influence: 0.48438522759684088, penalty_k: 0.07879575499177215, scale_lr: 0.13270634904655543, EAO: 0.354
Trial 1084 finished with value: 0.3539657941820093 and parameters: {'window_influence': 0.4843852275968409, 'penalty_k': 0.07879575499177215, 'scale_lr': 0.13270634904655543}. Best is trial 1044 with value: 0.36650777071830365.
checkpoint_e29 window_influence: 0.47795545059960926, penalty_k: 0.07998123512092829, scale_lr: 0.13255549815214321, EAO: 0.348
Trial 1085 finished with value: 0.348415454190065 and parameters: {'window_influence': 0.47795545059960926, 'penalty_k': 0.07998123512092829, 'scale_lr': 0.1325554981521432}. Best is trial 1044 with value: 0.36650777071830365.
checkpoint_e29 window_influence: 0.47672377287812645, penalty_k: 0.05160229925532398, scale_lr: 0.13258440494844070, EAO: 0.332
Trial 1086 finished with value: 0.3321624484043641 and parameters: {'window_influence': 0.47672377287812645, 'penalty_k': 0.05160229925532398, 'scale_lr': 0.1325844049484407}. Best is trial 1044 with value: 0.36650777071830365.
checkpoint_e29 window_influence: 0.48530227603270465, penalty_k: 0.09455924135430233, scale_lr: 0.12788469344634187, EAO: 0.338
Trial 1087 finished with value: 0.3378867719191985 and parameters: {'window_influence': 0.48530227603270465, 'penalty_k': 0.09455924135430233, 'scale_lr': 0.12788469344634187}. Best is trial 1044 with value: 0.36650777071830365.
checkpoint_e29 window_influence: 0.47311847134192736, penalty_k: 0.12916590387213589, scale_lr: 0.14653612786459047, EAO: 0.355
Trial 1088 finished with value: 0.35465175087349887 and parameters: {'window_influence': 0.47311847134192736, 'penalty_k': 0.1291659038721359, 'scale_lr': 0.14653612786459047}. Best is trial 1044 with value: 0.36650777071830365.
checkpoint_e29 window_influence: 0.46707289141345609, penalty_k: 0.12405475718787277, scale_lr: 0.12055081199462075, EAO: 0.334
Trial 1089 finished with value: 0.3344132982571301 and parameters: {'window_influence': 0.4670728914134561, 'penalty_k': 0.12405475718787277, 'scale_lr': 0.12055081199462075}. Best is trial 1044 with value: 0.36650777071830365.
checkpoint_e29 window_influence: 0.58064601787411085, penalty_k: 0.13148855681639554, scale_lr: 0.16048476857561861, EAO: 0.293
Trial 1090 finished with value: 0.29322373408983654 and parameters: {'window_influence': 0.5806460178741109, 'penalty_k': 0.13148855681639554, 'scale_lr': 0.1604847685756186}. Best is trial 1044 with value: 0.36650777071830365.
checkpoint_e29 window_influence: 0.47690198240223530, penalty_k: 0.11693668259554965, scale_lr: 0.12118329980719424, EAO: 0.348
Trial 1091 finished with value: 0.34818834182353336 and parameters: {'window_influence': 0.4769019824022353, 'penalty_k': 0.11693668259554965, 'scale_lr': 0.12118329980719424}. Best is trial 1044 with value: 0.36650777071830365.
checkpoint_e29 window_influence: 0.54112807542074959, penalty_k: 0.13336877212836154, scale_lr: 0.11381272772476647, EAO: 0.315
Trial 1092 finished with value: 0.31549457347578574 and parameters: {'window_influence': 0.5411280754207496, 'penalty_k': 0.13336877212836154, 'scale_lr': 0.11381272772476647}. Best is trial 1044 with value: 0.36650777071830365.
checkpoint_e29 window_influence: 0.63335352424385272, penalty_k: 0.18153886847592457, scale_lr: 0.13883375977223611, EAO: 0.258
Trial 1093 finished with value: 0.25831388777795933 and parameters: {'window_influence': 0.6333535242438527, 'penalty_k': 0.18153886847592457, 'scale_lr': 0.1388337597722361}. Best is trial 1044 with value: 0.36650777071830365.
checkpoint_e29 window_influence: 0.55597914652363223, penalty_k: 0.14967014062887332, scale_lr: 0.13979248052975354, EAO: 0.299
Trial 1094 finished with value: 0.2990085134710319 and parameters: {'window_influence': 0.5559791465236322, 'penalty_k': 0.14967014062887332, 'scale_lr': 0.13979248052975354}. Best is trial 1044 with value: 0.36650777071830365.
checkpoint_e29 window_influence: 0.47296719106862767, penalty_k: 0.15734117825073840, scale_lr: 0.10146963676953455, EAO: 0.334
Trial 1095 finished with value: 0.33414064886968886 and parameters: {'window_influence': 0.47296719106862767, 'penalty_k': 0.1573411782507384, 'scale_lr': 0.10146963676953455}. Best is trial 1044 with value: 0.36650777071830365.
checkpoint_e29 window_influence: 0.48410055017627912, penalty_k: 0.16076813702912432, scale_lr: 0.14643042633820522, EAO: 0.339
Trial 1096 finished with value: 0.3393058215597724 and parameters: {'window_influence': 0.4841005501762791, 'penalty_k': 0.16076813702912432, 'scale_lr': 0.14643042633820522}. Best is trial 1044 with value: 0.36650777071830365.
checkpoint_e29 window_influence: 0.46918264101144497, penalty_k: 0.08078003384074864, scale_lr: 0.16807325119034328, EAO: 0.328
Trial 1097 finished with value: 0.3281548735232669 and parameters: {'window_influence': 0.46918264101144497, 'penalty_k': 0.08078003384074864, 'scale_lr': 0.16807325119034328}. Best is trial 1044 with value: 0.36650777071830365.
checkpoint_e29 window_influence: 0.49324395530343157, penalty_k: 0.09040996559110261, scale_lr: 0.21624112102012744, EAO: 0.339
Trial 1098 finished with value: 0.33948245621376927 and parameters: {'window_influence': 0.49324395530343157, 'penalty_k': 0.0904099655911026, 'scale_lr': 0.21624112102012744}. Best is trial 1044 with value: 0.36650777071830365.
checkpoint_e29 window_influence: 0.51028053732842493, penalty_k: 0.02828753205950803, scale_lr: 0.17810468164482235, EAO: 0.344
Trial 1099 finished with value: 0.34447558403942835 and parameters: {'window_influence': 0.5102805373284249, 'penalty_k': 0.028287532059508028, 'scale_lr': 0.17810468164482235}. Best is trial 1044 with value: 0.36650777071830365.
checkpoint_e29 window_influence: 0.47096734114924077, penalty_k: 0.14292842008218523, scale_lr: 0.22853002185591928, EAO: 0.357
Trial 1100 finished with value: 0.35659093951900644 and parameters: {'window_influence': 0.47096734114924077, 'penalty_k': 0.14292842008218523, 'scale_lr': 0.22853002185591928}. Best is trial 1044 with value: 0.36650777071830365.
checkpoint_e29 window_influence: 0.47670765473963728, penalty_k: 0.14128047135147495, scale_lr: 0.22880945300595928, EAO: 0.336
Trial 1101 finished with value: 0.3364754122054994 and parameters: {'window_influence': 0.4767076547396373, 'penalty_k': 0.14128047135147495, 'scale_lr': 0.22880945300595928}. Best is trial 1044 with value: 0.36650777071830365.
checkpoint_e29 window_influence: 0.48493581304352007, penalty_k: 0.13358554110564264, scale_lr: 0.25268996553797268, EAO: 0.347
Trial 1102 finished with value: 0.3473373380152632 and parameters: {'window_influence': 0.48493581304352007, 'penalty_k': 0.13358554110564264, 'scale_lr': 0.2526899655379727}. Best is trial 1044 with value: 0.36650777071830365.
checkpoint_e29 window_influence: 0.46913823376998487, penalty_k: 0.09260829185772586, scale_lr: 0.23659068679477543, EAO: 0.329
Trial 1103 finished with value: 0.3294572962977079 and parameters: {'window_influence': 0.46913823376998487, 'penalty_k': 0.09260829185772586, 'scale_lr': 0.23659068679477543}. Best is trial 1044 with value: 0.36650777071830365.
checkpoint_e29 window_influence: 0.50168554828074063, penalty_k: 0.04164603461639792, scale_lr: 0.25285623864808626, EAO: 0.348
Trial 1104 finished with value: 0.3479728717284444 and parameters: {'window_influence': 0.5016855482807406, 'penalty_k': 0.041646034616397924, 'scale_lr': 0.25285623864808626}. Best is trial 1044 with value: 0.36650777071830365.
checkpoint_e29 window_influence: 0.48720520489211083, penalty_k: 0.10039684228619410, scale_lr: 0.23258988033508193, EAO: 0.343
Trial 1105 finished with value: 0.3427565663705076 and parameters: {'window_influence': 0.48720520489211083, 'penalty_k': 0.1003968422861941, 'scale_lr': 0.23258988033508193}. Best is trial 1044 with value: 0.36650777071830365.
checkpoint_e29 window_influence: 0.61438998941299161, penalty_k: 0.07543071238276483, scale_lr: 0.20638214105599173, EAO: 0.282
Trial 1106 finished with value: 0.28242631355148345 and parameters: {'window_influence': 0.6143899894129916, 'penalty_k': 0.07543071238276483, 'scale_lr': 0.20638214105599173}. Best is trial 1044 with value: 0.36650777071830365.
checkpoint_e29 window_influence: 0.46751460339675266, penalty_k: 0.11675467225606770, scale_lr: 0.24062817439013390, EAO: 0.333
Trial 1107 finished with value: 0.3331029247565028 and parameters: {'window_influence': 0.46751460339675266, 'penalty_k': 0.1167546722560677, 'scale_lr': 0.2406281743901339}. Best is trial 1044 with value: 0.36650777071830365.
checkpoint_e29 window_influence: 0.53116166647891527, penalty_k: 0.01894465726972451, scale_lr: 0.27199157619572800, EAO: 0.328
Trial 1108 finished with value: 0.3275701222716602 and parameters: {'window_influence': 0.5311616664789153, 'penalty_k': 0.01894465726972451, 'scale_lr': 0.271991576195728}. Best is trial 1044 with value: 0.36650777071830365.
checkpoint_e29 window_influence: 0.25952769315253055, penalty_k: 0.04339379420482387, scale_lr: 0.21525140373792906, EAO: 0.299
Trial 1109 finished with value: 0.2986643163610525 and parameters: {'window_influence': 0.25952769315253055, 'penalty_k': 0.04339379420482387, 'scale_lr': 0.21525140373792906}. Best is trial 1044 with value: 0.36650777071830365.
checkpoint_e29 window_influence: 0.47537609197780606, penalty_k: 0.12999097406197851, scale_lr: 0.11562699818037389, EAO: 0.329
Trial 1110 finished with value: 0.32878394668436234 and parameters: {'window_influence': 0.47537609197780606, 'penalty_k': 0.12999097406197851, 'scale_lr': 0.11562699818037389}. Best is trial 1044 with value: 0.36650777071830365.
checkpoint_e29 window_influence: 0.13211128204486033, penalty_k: 0.06107090836345786, scale_lr: 0.20391671682207466, EAO: 0.281
Trial 1111 finished with value: 0.28089045254868755 and parameters: {'window_influence': 0.13211128204486033, 'penalty_k': 0.06107090836345786, 'scale_lr': 0.20391671682207466}. Best is trial 1044 with value: 0.36650777071830365.
checkpoint_e29 window_influence: 0.50664491561377323, penalty_k: 0.08750482803518685, scale_lr: 0.26459326288358903, EAO: 0.337
Trial 1112 finished with value: 0.3370919893223952 and parameters: {'window_influence': 0.5066449156137732, 'penalty_k': 0.08750482803518685, 'scale_lr': 0.26459326288358903}. Best is trial 1044 with value: 0.36650777071830365.
checkpoint_e29 window_influence: 0.54733003354331156, penalty_k: 0.19022764810097550, scale_lr: 0.14907608261759514, EAO: 0.312
Trial 1113 finished with value: 0.31169508333799906 and parameters: {'window_influence': 0.5473300335433116, 'penalty_k': 0.1902276481009755, 'scale_lr': 0.14907608261759514}. Best is trial 1044 with value: 0.36650777071830365.
checkpoint_e29 window_influence: 0.49578387128513346, penalty_k: 0.25625948492860839, scale_lr: 0.22267526357757331, EAO: 0.332
Trial 1114 finished with value: 0.3318850734934269 and parameters: {'window_influence': 0.49578387128513346, 'penalty_k': 0.2562594849286084, 'scale_lr': 0.2226752635775733}. Best is trial 1044 with value: 0.36650777071830365.
checkpoint_e29 window_influence: 0.48702164443912577, penalty_k: 0.20060432321670280, scale_lr: 0.24781010249879881, EAO: 0.351
Trial 1115 finished with value: 0.3505171072390293 and parameters: {'window_influence': 0.48702164443912577, 'penalty_k': 0.2006043232167028, 'scale_lr': 0.2478101024987988}. Best is trial 1044 with value: 0.36650777071830365.
checkpoint_e29 window_influence: 0.46597153915880762, penalty_k: 0.01695808205826504, scale_lr: 0.12832634164943979, EAO: 0.344
Trial 1116 finished with value: 0.34414485850686694 and parameters: {'window_influence': 0.4659715391588076, 'penalty_k': 0.016958082058265045, 'scale_lr': 0.1283263416494398}. Best is trial 1044 with value: 0.36650777071830365.
checkpoint_e29 window_influence: 0.21630517473796987, penalty_k: 0.12260971111382241, scale_lr: 0.19916867245858483, EAO: 0.295
Trial 1117 finished with value: 0.2946707678212266 and parameters: {'window_influence': 0.21630517473796987, 'penalty_k': 0.1226097111138224, 'scale_lr': 0.19916867245858483}. Best is trial 1044 with value: 0.36650777071830365.
checkpoint_e29 window_influence: 0.51798495563738411, penalty_k: 0.10237406871558041, scale_lr: 0.23042529290291283, EAO: 0.326
Trial 1118 finished with value: 0.32570238991238265 and parameters: {'window_influence': 0.5179849556373841, 'penalty_k': 0.10237406871558041, 'scale_lr': 0.23042529290291283}. Best is trial 1044 with value: 0.36650777071830365.
checkpoint_e29 window_influence: 0.49383275590386100, penalty_k: 0.52031411633998370, scale_lr: 0.27650775648374631, EAO: 0.315
Trial 1119 finished with value: 0.31472650535607616 and parameters: {'window_influence': 0.493832755903861, 'penalty_k': 0.5203141163399837, 'scale_lr': 0.2765077564837463}. Best is trial 1044 with value: 0.36650777071830365.
checkpoint_e29 window_influence: 0.47783678901196430, penalty_k: 0.07629202175060816, scale_lr: 0.14266025058800688, EAO: 0.332
Trial 1120 finished with value: 0.33198882123375684 and parameters: {'window_influence': 0.4778367890119643, 'penalty_k': 0.07629202175060816, 'scale_lr': 0.14266025058800688}. Best is trial 1044 with value: 0.36650777071830365.
checkpoint_e29 window_influence: 0.50519044733510143, penalty_k: 0.04576024248753145, scale_lr: 0.11386981172546973, EAO: 0.340
Trial 1121 finished with value: 0.3397398303454952 and parameters: {'window_influence': 0.5051904473351014, 'penalty_k': 0.04576024248753145, 'scale_lr': 0.11386981172546973}. Best is trial 1044 with value: 0.36650777071830365.
checkpoint_e29 window_influence: 0.46205675909358251, penalty_k: 0.05949449332372444, scale_lr: 0.19334317776124724, EAO: 0.351
Trial 1122 finished with value: 0.3505025392376495 and parameters: {'window_influence': 0.4620567590935825, 'penalty_k': 0.05949449332372444, 'scale_lr': 0.19334317776124724}. Best is trial 1044 with value: 0.36650777071830365.
checkpoint_e29 window_influence: 0.59839709476320757, penalty_k: 0.03115178173397165, scale_lr: 0.29014850481263160, EAO: 0.295
Trial 1123 finished with value: 0.29480960802809275 and parameters: {'window_influence': 0.5983970947632076, 'penalty_k': 0.03115178173397165, 'scale_lr': 0.2901485048126316}. Best is trial 1044 with value: 0.36650777071830365.
checkpoint_e29 window_influence: 0.48162505310976345, penalty_k: 0.14365548649934470, scale_lr: 0.15783844751952250, EAO: 0.365
Trial 1124 finished with value: 0.3654004141746328 and parameters: {'window_influence': 0.48162505310976345, 'penalty_k': 0.1436554864993447, 'scale_lr': 0.1578384475195225}. Best is trial 1044 with value: 0.36650777071830365.
checkpoint_e29 window_influence: 0.48221935032427410, penalty_k: 0.13515730608440008, scale_lr: 0.16132200427168369, EAO: 0.334
Trial 1125 finished with value: 0.33429281645479836 and parameters: {'window_influence': 0.4822193503242741, 'penalty_k': 0.13515730608440008, 'scale_lr': 0.1613220042716837}. Best is trial 1044 with value: 0.36650777071830365.
checkpoint_e29 window_influence: 0.47608706780136034, penalty_k: 0.15306053884875673, scale_lr: 0.15909766785983778, EAO: 0.355
Trial 1126 finished with value: 0.35505307091813143 and parameters: {'window_influence': 0.47608706780136034, 'penalty_k': 0.15306053884875673, 'scale_lr': 0.15909766785983778}. Best is trial 1044 with value: 0.36650777071830365.
checkpoint_e29 window_influence: 0.47153657788415959, penalty_k: 0.14392644201323784, scale_lr: 0.15336602289485540, EAO: 0.321
Trial 1127 finished with value: 0.32056038615072746 and parameters: {'window_influence': 0.4715365778841596, 'penalty_k': 0.14392644201323784, 'scale_lr': 0.1533660228948554}. Best is trial 1044 with value: 0.36650777071830365.
checkpoint_e29 window_influence: 0.10027924513867245, penalty_k: 0.14229280632572591, scale_lr: 0.13940161118913375, EAO: 0.255
Trial 1128 finished with value: 0.2549397270503211 and parameters: {'window_influence': 0.10027924513867245, 'penalty_k': 0.1422928063257259, 'scale_lr': 0.13940161118913375}. Best is trial 1044 with value: 0.36650777071830365.
checkpoint_e29 window_influence: 0.48233184133393198, penalty_k: 0.16176359823576164, scale_lr: 0.16362686281448571, EAO: 0.356
Trial 1129 finished with value: 0.3555192889406523 and parameters: {'window_influence': 0.482331841333932, 'penalty_k': 0.16176359823576164, 'scale_lr': 0.1636268628144857}. Best is trial 1044 with value: 0.36650777071830365.
checkpoint_e29 window_influence: 0.49194379387185322, penalty_k: 0.14952326563039867, scale_lr: 0.15051016758214478, EAO: 0.343
Trial 1130 finished with value: 0.34346046811875663 and parameters: {'window_influence': 0.4919437938718532, 'penalty_k': 0.14952326563039867, 'scale_lr': 0.15051016758214478}. Best is trial 1044 with value: 0.36650777071830365.
checkpoint_e29 window_influence: 0.48410306046117818, penalty_k: 0.15202014342506870, scale_lr: 0.16518994023192055, EAO: 0.337
Trial 1131 finished with value: 0.3365282176881449 and parameters: {'window_influence': 0.4841030604611782, 'penalty_k': 0.1520201434250687, 'scale_lr': 0.16518994023192055}. Best is trial 1044 with value: 0.36650777071830365.
checkpoint_e29 window_influence: 0.46633332488216828, penalty_k: 0.12403940946050630, scale_lr: 0.13332765159171339, EAO: 0.330
Trial 1132 finished with value: 0.3302714789307999 and parameters: {'window_influence': 0.4663333248821683, 'penalty_k': 0.1240394094605063, 'scale_lr': 0.1333276515917134}. Best is trial 1044 with value: 0.36650777071830365.
checkpoint_e29 window_influence: 0.49108282023211070, penalty_k: 0.12395219693892298, scale_lr: 0.14966631112021075, EAO: 0.349
Trial 1133 finished with value: 0.3488328622704814 and parameters: {'window_influence': 0.4910828202321107, 'penalty_k': 0.12395219693892298, 'scale_lr': 0.14966631112021075}. Best is trial 1044 with value: 0.36650777071830365.
checkpoint_e29 window_influence: 0.50601781403408186, penalty_k: 0.14653342555363927, scale_lr: 0.17176333896580534, EAO: 0.334
