Trial 109 finished with value: 0.31124890824700147 and parameters: {'window_influence': 0.4646964767003924, 'penalty_k': 0.33893386675246445, 'scale_lr': 0.7114879736188138}. Best is trial 14 with value: 0.33692474274783746.
checkpoint_e18 window_influence: 0.40644323214993816, penalty_k: 0.31251313890950577, scale_lr: 0.72895679048031636, EAO: 0.310
Trial 110 finished with value: 0.31027464429460144 and parameters: {'window_influence': 0.40644323214993816, 'penalty_k': 0.31251313890950577, 'scale_lr': 0.7289567904803164}. Best is trial 14 with value: 0.33692474274783746.
checkpoint_e18 window_influence: 0.33342938826356117, penalty_k: 0.03807825451285406, scale_lr: 0.38345655200224288, EAO: 0.313
Trial 53 finished with value: 0.31278389756085806 and parameters: {'window_influence': 0.33342938826356117, 'penalty_k': 0.038078254512854064, 'scale_lr': 0.3834565520022429}. Best is trial 31 with value: 0.34328013252655354.
checkpoint_e18 window_influence: 0.48246528216302825, penalty_k: 0.48576634430739274, scale_lr: 0.76214600547510314, EAO: 0.319
Trial 111 finished with value: 0.3194617776903197 and parameters: {'window_influence': 0.48246528216302825, 'penalty_k': 0.48576634430739274, 'scale_lr': 0.7621460054751031}. Best is trial 14 with value: 0.33692474274783746.
checkpoint_e18 window_influence: 0.48674346773731031, penalty_k: 0.47738214605305240, scale_lr: 0.75437996556750297, EAO: 0.301
Trial 112 finished with value: 0.30124243977932613 and parameters: {'window_influence': 0.4867434677373103, 'penalty_k': 0.4773821460530524, 'scale_lr': 0.754379965567503}. Best is trial 14 with value: 0.33692474274783746.
checkpoint_e18 window_influence: 0.42703119062906530, penalty_k: 0.07753080942137036, scale_lr: 0.48482561634476423, EAO: 0.308
Trial 54 finished with value: 0.3075619802632684 and parameters: {'window_influence': 0.4270311906290653, 'penalty_k': 0.07753080942137036, 'scale_lr': 0.48482561634476423}. Best is trial 31 with value: 0.34328013252655354.
checkpoint_e18 window_influence: 0.45405297201824962, penalty_k: 0.51269420040035873, scale_lr: 0.77405056443486497, EAO: 0.324
Trial 113 finished with value: 0.3235332319940574 and parameters: {'window_influence': 0.4540529720182496, 'penalty_k': 0.5126942004003587, 'scale_lr': 0.774050564434865}. Best is trial 14 with value: 0.33692474274783746.
checkpoint_e18 window_influence: 0.44535614708674942, penalty_k: 0.52244867454956689, scale_lr: 0.77613332832643278, EAO: 0.309
Trial 114 finished with value: 0.30853958798985537 and parameters: {'window_influence': 0.4453561470867494, 'penalty_k': 0.5224486745495669, 'scale_lr': 0.7761333283264328}. Best is trial 14 with value: 0.33692474274783746.
checkpoint_e18 window_influence: 0.45539919227514930, penalty_k: 0.53877479509712500, scale_lr: 0.76923114945057658, EAO: 0.300
Trial 115 finished with value: 0.29963162547187583 and parameters: {'window_influence': 0.4553991922751493, 'penalty_k': 0.538774795097125, 'scale_lr': 0.7692311494505766}. Best is trial 14 with value: 0.33692474274783746.
checkpoint_e18 window_influence: 0.38802025332054874, penalty_k: 0.02248173080384022, scale_lr: 0.43749857286302690, EAO: 0.326
Trial 55 finished with value: 0.32550286759662256 and parameters: {'window_influence': 0.38802025332054874, 'penalty_k': 0.022481730803840222, 'scale_lr': 0.4374985728630269}. Best is trial 31 with value: 0.34328013252655354.
checkpoint_e18 window_influence: 0.42591808683888843, penalty_k: 0.48654455317111051, scale_lr: 0.73716851187162136, EAO: 0.315
Trial 116 finished with value: 0.31518746558794253 and parameters: {'window_influence': 0.42591808683888843, 'penalty_k': 0.4865445531711105, 'scale_lr': 0.7371685118716214}. Best is trial 14 with value: 0.33692474274783746.
checkpoint_e18 window_influence: 0.48032447564768654, penalty_k: 0.50780811000677095, scale_lr: 0.79984494633625958, EAO: 0.305
Trial 117 finished with value: 0.304964744685225 and parameters: {'window_influence': 0.48032447564768654, 'penalty_k': 0.507808110006771, 'scale_lr': 0.7998449463362596}. Best is trial 14 with value: 0.33692474274783746.
checkpoint_e18 window_influence: 0.35940795938938375, penalty_k: 0.13475440428215063, scale_lr: 0.34184336987066866, EAO: 0.308
Trial 56 finished with value: 0.3076186122133574 and parameters: {'window_influence': 0.35940795938938375, 'penalty_k': 0.13475440428215063, 'scale_lr': 0.34184336987066866}. Best is trial 31 with value: 0.34328013252655354.
checkpoint_e18 window_influence: 0.49876188520014486, penalty_k: 0.49565483257341825, scale_lr: 0.69018226113887748, EAO: 0.313
Trial 118 finished with value: 0.3126802573756021 and parameters: {'window_influence': 0.49876188520014486, 'penalty_k': 0.49565483257341825, 'scale_lr': 0.6901822611388775}. Best is trial 14 with value: 0.33692474274783746.
checkpoint_e18 window_influence: 0.39427849186862457, penalty_k: 0.46963469800126173, scale_lr: 0.75956174026608991, EAO: 0.290
Trial 119 finished with value: 0.2903126726934418 and parameters: {'window_influence': 0.39427849186862457, 'penalty_k': 0.46963469800126173, 'scale_lr': 0.7595617402660899}. Best is trial 14 with value: 0.33692474274783746.
checkpoint_e18 window_influence: 0.42037509169166482, penalty_k: 0.10755547672115112, scale_lr: 0.42701901341589144, EAO: 0.312
Trial 57 finished with value: 0.3117425786150105 and parameters: {'window_influence': 0.4203750916916648, 'penalty_k': 0.10755547672115112, 'scale_lr': 0.42701901341589144}. Best is trial 31 with value: 0.34328013252655354.
checkpoint_e18 window_influence: 0.43451316057130496, penalty_k: 0.51108292845309655, scale_lr: 0.77542186090873177, EAO: 0.310
Trial 120 finished with value: 0.30962631112174765 and parameters: {'window_influence': 0.43451316057130496, 'penalty_k': 0.5110829284530966, 'scale_lr': 0.7754218609087318}. Best is trial 14 with value: 0.33692474274783746.
checkpoint_e18 window_influence: 0.47649264312820461, penalty_k: 0.45114649357286940, scale_lr: 0.74611138320698989, EAO: 0.289
Trial 121 finished with value: 0.2887777057603175 and parameters: {'window_influence': 0.4764926431282046, 'penalty_k': 0.4511464935728694, 'scale_lr': 0.7461113832069899}. Best is trial 14 with value: 0.33692474274783746.
checkpoint_e18 window_influence: 0.45026655191462972, penalty_k: 0.09629638348551367, scale_lr: 0.46566914756823463, EAO: 0.316
Trial 58 finished with value: 0.3156150400870505 and parameters: {'window_influence': 0.4502665519146297, 'penalty_k': 0.09629638348551367, 'scale_lr': 0.46566914756823463}. Best is trial 31 with value: 0.34328013252655354.
checkpoint_e18 window_influence: 0.46343819035732764, penalty_k: 0.52066712009571536, scale_lr: 0.71841693833344067, EAO: 0.308
Trial 122 finished with value: 0.3083925453605355 and parameters: {'window_influence': 0.46343819035732764, 'penalty_k': 0.5206671200957154, 'scale_lr': 0.7184169383334407}. Best is trial 14 with value: 0.33692474274783746.
checkpoint_e18 window_influence: 0.44961135393973206, penalty_k: 0.42844280831477849, scale_lr: 0.73978166120966926, EAO: 0.326
Trial 123 finished with value: 0.32641595700603515 and parameters: {'window_influence': 0.44961135393973206, 'penalty_k': 0.4284428083147785, 'scale_lr': 0.7397816612096693}. Best is trial 14 with value: 0.33692474274783746.
checkpoint_e18 window_influence: 0.48178633644761459, penalty_k: 0.04583110343675316, scale_lr: 0.26838429852260542, EAO: 0.315
Trial 59 finished with value: 0.3147322877023934 and parameters: {'window_influence': 0.4817863364476146, 'penalty_k': 0.04583110343675316, 'scale_lr': 0.2683842985226054}. Best is trial 31 with value: 0.34328013252655354.
checkpoint_e18 window_influence: 0.44733563542956034, penalty_k: 0.43525925487272116, scale_lr: 0.78704560068871166, EAO: 0.309
Trial 124 finished with value: 0.3085849076973325 and parameters: {'window_influence': 0.44733563542956034, 'penalty_k': 0.43525925487272116, 'scale_lr': 0.7870456006887117}. Best is trial 14 with value: 0.33692474274783746.
checkpoint_e18 window_influence: 0.52424508642307732, penalty_k: 0.41687730874999562, scale_lr: 0.73156947022539642, EAO: 0.266
Trial 125 finished with value: 0.26604699328947623 and parameters: {'window_influence': 0.5242450864230773, 'penalty_k': 0.4168773087499956, 'scale_lr': 0.7315694702253964}. Best is trial 14 with value: 0.33692474274783746.
checkpoint_e18 window_influence: 0.41819686716449372, penalty_k: 0.46116102961250838, scale_lr: 0.70694365290037098, EAO: 0.297
Trial 126 finished with value: 0.2974109209001296 and parameters: {'window_influence': 0.4181968671644937, 'penalty_k': 0.4611610296125084, 'scale_lr': 0.706943652900371}. Best is trial 14 with value: 0.33692474274783746.
checkpoint_e18 window_influence: 0.38098882652895999, penalty_k: 0.01884896009494727, scale_lr: 0.33374255774773076, EAO: 0.311
Trial 60 finished with value: 0.3109668482834263 and parameters: {'window_influence': 0.38098882652896, 'penalty_k': 0.01884896009494727, 'scale_lr': 0.33374255774773076}. Best is trial 31 with value: 0.34328013252655354.
checkpoint_e18 window_influence: 0.43880536513209129, penalty_k: 0.49208743333614835, scale_lr: 0.75228250058472612, EAO: 0.298
Trial 127 finished with value: 0.2978697190140936 and parameters: {'window_influence': 0.4388053651320913, 'penalty_k': 0.49208743333614835, 'scale_lr': 0.7522825005847261}. Best is trial 14 with value: 0.33692474274783746.
checkpoint_e18 window_influence: 0.45613391736968906, penalty_k: 0.47314289803222215, scale_lr: 0.76753611259455345, EAO: 0.324
Trial 128 finished with value: 0.32422758830196663 and parameters: {'window_influence': 0.45613391736968906, 'penalty_k': 0.47314289803222215, 'scale_lr': 0.7675361125945535}. Best is trial 14 with value: 0.33692474274783746.
checkpoint_e18 window_influence: 0.38687334378811794, penalty_k: 0.01917600168368421, scale_lr: 0.44849643777132664, EAO: 0.324
Trial 61 finished with value: 0.32379319481116786 and parameters: {'window_influence': 0.38687334378811794, 'penalty_k': 0.01917600168368421, 'scale_lr': 0.44849643777132664}. Best is trial 31 with value: 0.34328013252655354.
checkpoint_e18 window_influence: 0.45425111492681103, penalty_k: 0.44106206542759790, scale_lr: 0.78206298716317391, EAO: 0.334
Trial 129 finished with value: 0.33355239485952176 and parameters: {'window_influence': 0.45425111492681103, 'penalty_k': 0.4410620654275979, 'scale_lr': 0.7820629871631739}. Best is trial 14 with value: 0.33692474274783746.
checkpoint_e18 window_influence: 0.45408235981234196, penalty_k: 0.44131059259264704, scale_lr: 0.78350428876996181, EAO: 0.307
Trial 130 finished with value: 0.3070786508952597 and parameters: {'window_influence': 0.45408235981234196, 'penalty_k': 0.44131059259264704, 'scale_lr': 0.7835042887699618}. Best is trial 14 with value: 0.33692474274783746.
checkpoint_e18 window_influence: 0.41763985391334324, penalty_k: 0.06282977353312977, scale_lr: 0.38837973689187311, EAO: 0.328
Trial 62 finished with value: 0.3278053777459067 and parameters: {'window_influence': 0.41763985391334324, 'penalty_k': 0.06282977353312977, 'scale_lr': 0.3883797368918731}. Best is trial 31 with value: 0.34328013252655354.
checkpoint_e18 window_influence: 0.42554445614473352, penalty_k: 0.42560736505094393, scale_lr: 0.77183919709809168, EAO: 0.327
Trial 131 finished with value: 0.3265338305253463 and parameters: {'window_influence': 0.4255444561447335, 'penalty_k': 0.42560736505094393, 'scale_lr': 0.7718391970980917}. Best is trial 14 with value: 0.33692474274783746.
checkpoint_e18 window_influence: 0.40683165699166490, penalty_k: 0.42247080644280222, scale_lr: 0.73864629581236019, EAO: 0.318
Trial 132 finished with value: 0.31801568650086104 and parameters: {'window_influence': 0.4068316569916649, 'penalty_k': 0.4224708064428022, 'scale_lr': 0.7386462958123602}. Best is trial 14 with value: 0.33692474274783746.
checkpoint_e18 window_influence: 0.41309488970462349, penalty_k: 0.06680568305117529, scale_lr: 0.37588784178125639, EAO: 0.321
Trial 63 finished with value: 0.32106685342723756 and parameters: {'window_influence': 0.4130948897046235, 'penalty_k': 0.06680568305117529, 'scale_lr': 0.3758878417812564}. Best is trial 31 with value: 0.34328013252655354.
checkpoint_e18 window_influence: 0.42473251504818416, penalty_k: 0.45602938775922830, scale_lr: 0.77471245069201644, EAO: 0.311
Trial 133 finished with value: 0.31064996065332734 and parameters: {'window_influence': 0.42473251504818416, 'penalty_k': 0.4560293877592283, 'scale_lr': 0.7747124506920164}. Best is trial 14 with value: 0.33692474274783746.
checkpoint_e18 window_influence: 0.46221623593550332, penalty_k: 0.46961890964452879, scale_lr: 0.78526040638962713, EAO: 0.303
Trial 134 finished with value: 0.30315007959358425 and parameters: {'window_influence': 0.4622162359355033, 'penalty_k': 0.4696189096445288, 'scale_lr': 0.7852604063896271}. Best is trial 14 with value: 0.33692474274783746.
checkpoint_e18 window_influence: 0.44970519692106120, penalty_k: 0.05032270325420712, scale_lr: 0.40636071499141618, EAO: 0.299
Trial 64 finished with value: 0.29852012234671105 and parameters: {'window_influence': 0.4497051969210612, 'penalty_k': 0.050322703254207124, 'scale_lr': 0.4063607149914162}. Best is trial 31 with value: 0.34328013252655354.
checkpoint_e18 window_influence: 0.38479350107221622, penalty_k: 0.43347488871613510, scale_lr: 0.72308215636474271, EAO: 0.311
Trial 135 finished with value: 0.3109378886014107 and parameters: {'window_influence': 0.3847935010722162, 'penalty_k': 0.4334748887161351, 'scale_lr': 0.7230821563647427}. Best is trial 14 with value: 0.33692474274783746.
checkpoint_e18 window_influence: 0.44545905054878060, penalty_k: 0.40680068110565482, scale_lr: 0.75282442350832612, EAO: 0.314
Trial 136 finished with value: 0.31356507296228225 and parameters: {'window_influence': 0.4454590505487806, 'penalty_k': 0.4068006811056548, 'scale_lr': 0.7528244235083261}. Best is trial 14 with value: 0.33692474274783746.
checkpoint_e18 window_influence: 0.41201915954062862, penalty_k: 0.44577189778388071, scale_lr: 0.79950751458141034, EAO: 0.301
Trial 137 finished with value: 0.3011515635112844 and parameters: {'window_influence': 0.4120191595406286, 'penalty_k': 0.4457718977838807, 'scale_lr': 0.7995075145814103}. Best is trial 14 with value: 0.33692474274783746.
checkpoint_e18 window_influence: 0.42698843059709612, penalty_k: 0.08804926522947497, scale_lr: 0.35053017630383992, EAO: 0.295
Trial 65 finished with value: 0.29495555145035457 and parameters: {'window_influence': 0.4269884305970961, 'penalty_k': 0.08804926522947497, 'scale_lr': 0.3505301763038399}. Best is trial 31 with value: 0.34328013252655354.
checkpoint_e18 window_influence: 0.46949566540867627, penalty_k: 0.42696933206363746, scale_lr: 0.76858387444428655, EAO: 0.328
Trial 138 finished with value: 0.32790187424490885 and parameters: {'window_influence': 0.46949566540867627, 'penalty_k': 0.42696933206363746, 'scale_lr': 0.7685838744442866}. Best is trial 14 with value: 0.33692474274783746.
checkpoint_e18 window_influence: 0.49620242028273370, penalty_k: 0.42902355937662068, scale_lr: 0.77331682772938792, EAO: 0.298
Trial 139 finished with value: 0.29801100046022394 and parameters: {'window_influence': 0.4962024202827337, 'penalty_k': 0.4290235593766207, 'scale_lr': 0.7733168277293879}. Best is trial 14 with value: 0.33692474274783746.
checkpoint_e18 window_influence: 0.46042125082752877, penalty_k: 0.00093461065389900, scale_lr: 0.31880575025479507, EAO: 0.336
Trial 66 finished with value: 0.3357745898372932 and parameters: {'window_influence': 0.46042125082752877, 'penalty_k': 0.0009346106538989981, 'scale_lr': 0.3188057502547951}. Best is trial 31 with value: 0.34328013252655354.
checkpoint_e18 window_influence: 0.47395077193181723, penalty_k: 0.40812793490542382, scale_lr: 0.78887506932217100, EAO: 0.299
Trial 140 finished with value: 0.29898203323787287 and parameters: {'window_influence': 0.4739507719318172, 'penalty_k': 0.4081279349054238, 'scale_lr': 0.788875069322171}. Best is trial 14 with value: 0.33692474274783746.
checkpoint_e18 window_influence: 0.45457266477798230, penalty_k: 0.41996414704735724, scale_lr: 0.74018330744907324, EAO: 0.319
Trial 141 finished with value: 0.3194044078718363 and parameters: {'window_influence': 0.4545726647779823, 'penalty_k': 0.41996414704735724, 'scale_lr': 0.7401833074490732}. Best is trial 14 with value: 0.33692474274783746.
checkpoint_e18 window_influence: 0.46594144568801876, penalty_k: 0.00144207800070928, scale_lr: 0.31980785982062510, EAO: 0.325
Trial 67 finished with value: 0.324931553887486 and parameters: {'window_influence': 0.46594144568801876, 'penalty_k': 0.001442078000709281, 'scale_lr': 0.3198078598206251}. Best is trial 31 with value: 0.34328013252655354.
checkpoint_e18 window_influence: 0.42793350542268926, penalty_k: 0.45884794704868337, scale_lr: 0.76140340320904398, EAO: 0.307
Trial 142 finished with value: 0.3070074541907366 and parameters: {'window_influence': 0.42793350542268926, 'penalty_k': 0.45884794704868337, 'scale_lr': 0.761403403209044}. Best is trial 14 with value: 0.33692474274783746.
checkpoint_e18 window_influence: 0.46649703137426346, penalty_k: 0.47033470543613420, scale_lr: 0.70056516557845816, EAO: 0.316
Trial 143 finished with value: 0.3159411475932088 and parameters: {'window_influence': 0.46649703137426346, 'penalty_k': 0.4703347054361342, 'scale_lr': 0.7005651655784582}. Best is trial 14 with value: 0.33692474274783746.
checkpoint_e18 window_influence: 0.53463765400685759, penalty_k: 0.02742667806675125, scale_lr: 0.38262811970286115, EAO: 0.304
Trial 68 finished with value: 0.30350789369776093 and parameters: {'window_influence': 0.5346376540068576, 'penalty_k': 0.02742667806675125, 'scale_lr': 0.38262811970286115}. Best is trial 31 with value: 0.34328013252655354.
checkpoint_e18 window_influence: 0.44283520930214915, penalty_k: 0.44549824278000300, scale_lr: 0.73050368183735137, EAO: 0.315
Trial 144 finished with value: 0.3147264103829165 and parameters: {'window_influence': 0.44283520930214915, 'penalty_k': 0.445498242780003, 'scale_lr': 0.7305036818373514}. Best is trial 14 with value: 0.33692474274783746.
checkpoint_e18 window_influence: 0.45153633278818661, penalty_k: 0.43338792174038054, scale_lr: 0.76818667156127385, EAO: 0.309
Trial 145 finished with value: 0.3088783065748586 and parameters: {'window_influence': 0.4515363327881866, 'penalty_k': 0.43338792174038054, 'scale_lr': 0.7681866715612738}. Best is trial 14 with value: 0.33692474274783746.
checkpoint_e18 window_influence: 0.49956891958294242, penalty_k: 0.05655607779042319, scale_lr: 0.31258840990984810, EAO: 0.328
Trial 69 finished with value: 0.32805547234149296 and parameters: {'window_influence': 0.4995689195829424, 'penalty_k': 0.05655607779042319, 'scale_lr': 0.3125884099098481}. Best is trial 31 with value: 0.34328013252655354.
checkpoint_e18 window_influence: 0.49087755400193644, penalty_k: 0.38881623394344927, scale_lr: 0.74512606917405788, EAO: 0.309
Trial 146 finished with value: 0.30862895002161017 and parameters: {'window_influence': 0.49087755400193644, 'penalty_k': 0.3888162339434493, 'scale_lr': 0.7451260691740579}. Best is trial 14 with value: 0.33692474274783746.
checkpoint_e18 window_influence: 0.51020506471590110, penalty_k: 0.47436587601788671, scale_lr: 0.67066271508794562, EAO: 0.289
Trial 147 finished with value: 0.28913939683353856 and parameters: {'window_influence': 0.5102050647159011, 'penalty_k': 0.4743658760178867, 'scale_lr': 0.6706627150879456}. Best is trial 14 with value: 0.33692474274783746.
checkpoint_e18 window_influence: 0.48158123603766873, penalty_k: 0.06427487921525206, scale_lr: 0.26351021369498917, EAO: 0.319
Trial 70 finished with value: 0.31941769959165894 and parameters: {'window_influence': 0.4815812360376687, 'penalty_k': 0.06427487921525206, 'scale_lr': 0.26351021369498917}. Best is trial 31 with value: 0.34328013252655354.
checkpoint_e18 window_influence: 0.43377182397860181, penalty_k: 0.55776308476305969, scale_lr: 0.71350037958279600, EAO: 0.300
Trial 148 finished with value: 0.2998613181745032 and parameters: {'window_influence': 0.4337718239786018, 'penalty_k': 0.5577630847630597, 'scale_lr': 0.713500379582796}. Best is trial 14 with value: 0.33692474274783746.
checkpoint_e18 window_influence: 0.41775351854166970, penalty_k: 0.41758398361415738, scale_lr: 0.77840222034657658, EAO: 0.322
Trial 149 finished with value: 0.32233342974798224 and parameters: {'window_influence': 0.4177535185416697, 'penalty_k': 0.4175839836141574, 'scale_lr': 0.7784022203465766}. Best is trial 14 with value: 0.33692474274783746.
checkpoint_e18 window_influence: 0.39810273542983471, penalty_k: 0.41795551493777483, scale_lr: 0.78545917084872052, EAO: 0.318
Trial 150 finished with value: 0.3179343032581797 and parameters: {'window_influence': 0.3981027354298347, 'penalty_k': 0.41795551493777483, 'scale_lr': 0.7854591708487205}. Best is trial 14 with value: 0.33692474274783746.
checkpoint_e18 window_influence: 0.43779096616027185, penalty_k: 0.04633495342765373, scale_lr: 0.31177775952732584, EAO: 0.311
Trial 71 finished with value: 0.31145893083704124 and parameters: {'window_influence': 0.43779096616027185, 'penalty_k': 0.04633495342765373, 'scale_lr': 0.31177775952732584}. Best is trial 31 with value: 0.34328013252655354.
checkpoint_e18 window_influence: 0.46847548340865208, penalty_k: 0.44908950234844652, scale_lr: 0.75616123280350378, EAO: 0.299
Trial 151 finished with value: 0.2992361928934253 and parameters: {'window_influence': 0.4684754834086521, 'penalty_k': 0.4490895023484465, 'scale_lr': 0.7561612328035038}. Best is trial 14 with value: 0.33692474274783746.
checkpoint_e18 window_influence: 0.41573734090436909, penalty_k: 0.43091233849612043, scale_lr: 0.76865932576659379, EAO: 0.325
