Trial 323 finished with value: 0.3381864060919572 and parameters: {'window_influence': 0.49752370836285825, 'penalty_k': 0.030454066088955668, 'scale_lr': 0.2071606489028396}. Best is trial 315 with value: 0.3542454940799609.
checkpoint_e31 window_influence: 0.48450790559227364, penalty_k: 0.04731881244583783, scale_lr: 0.19769624082779660, EAO: 0.322
Trial 324 finished with value: 0.3216461894693078 and parameters: {'window_influence': 0.48450790559227364, 'penalty_k': 0.04731881244583783, 'scale_lr': 0.1976962408277966}. Best is trial 315 with value: 0.3542454940799609.
checkpoint_e31 window_influence: 0.50677095348480916, penalty_k: 0.01203728417693995, scale_lr: 0.13016433460714566, EAO: 0.333
Trial 325 finished with value: 0.3328634891296639 and parameters: {'window_influence': 0.5067709534848092, 'penalty_k': 0.012037284176939951, 'scale_lr': 0.13016433460714566}. Best is trial 315 with value: 0.3542454940799609.
checkpoint_e31 window_influence: 0.53626860399172083, penalty_k: 0.02527036998715701, scale_lr: 0.44898272184396315, EAO: 0.335
Trial 326 finished with value: 0.3352501608054462 and parameters: {'window_influence': 0.5362686039917208, 'penalty_k': 0.025270369987157013, 'scale_lr': 0.44898272184396315}. Best is trial 315 with value: 0.3542454940799609.
checkpoint_e31 window_influence: 0.62219692831259876, penalty_k: 0.03280589800904757, scale_lr: 0.14459440869684226, EAO: 0.274
Trial 327 finished with value: 0.2737621230721938 and parameters: {'window_influence': 0.6221969283125988, 'penalty_k': 0.03280589800904757, 'scale_lr': 0.14459440869684226}. Best is trial 315 with value: 0.3542454940799609.
checkpoint_e31 window_influence: 0.49079547370764909, penalty_k: 0.00018128821461728, scale_lr: 0.16052148655782458, EAO: 0.353
Trial 328 finished with value: 0.3526670263667051 and parameters: {'window_influence': 0.4907954737076491, 'penalty_k': 0.000181288214617277, 'scale_lr': 0.16052148655782458}. Best is trial 315 with value: 0.3542454940799609.
checkpoint_e31 window_influence: 0.39262349445671285, penalty_k: 0.00749002951639699, scale_lr: 0.12040744154971481, EAO: 0.320
Trial 329 finished with value: 0.32045457799147076 and parameters: {'window_influence': 0.39262349445671285, 'penalty_k': 0.007490029516396993, 'scale_lr': 0.1204074415497148}. Best is trial 315 with value: 0.3542454940799609.
checkpoint_e31 window_influence: 0.47219525243321958, penalty_k: 0.01569602600486743, scale_lr: 0.22472682284673631, EAO: 0.364
Trial 330 finished with value: 0.36352008859471124 and parameters: {'window_influence': 0.4721952524332196, 'penalty_k': 0.015696026004867428, 'scale_lr': 0.2247268228467363}. Best is trial 330 with value: 0.36352008859471124.
checkpoint_e31 window_influence: 0.48936228333974707, penalty_k: 0.00080504160585211, scale_lr: 0.47134721103052030, EAO: 0.330
Trial 331 finished with value: 0.3295949085213331 and parameters: {'window_influence': 0.4893622833397471, 'penalty_k': 0.0008050416058521118, 'scale_lr': 0.4713472110305203}. Best is trial 330 with value: 0.36352008859471124.
checkpoint_e31 window_influence: 0.47767104102867924, penalty_k: 0.02070711687119668, scale_lr: 0.17620570313257874, EAO: 0.342
Trial 332 finished with value: 0.3422742845483327 and parameters: {'window_influence': 0.47767104102867924, 'penalty_k': 0.020707116871196682, 'scale_lr': 0.17620570313257874}. Best is trial 330 with value: 0.36352008859471124.
checkpoint_e31 window_influence: 0.31097647082166635, penalty_k: 0.01225990344141685, scale_lr: 0.21923895907891805, EAO: 0.294
Trial 333 finished with value: 0.29418681254646656 and parameters: {'window_influence': 0.31097647082166635, 'penalty_k': 0.01225990344141685, 'scale_lr': 0.21923895907891805}. Best is trial 330 with value: 0.36352008859471124.
checkpoint_e31 window_influence: 0.52484689794659911, penalty_k: 0.00083427291439211, scale_lr: 0.18822617350498580, EAO: 0.336
Trial 334 finished with value: 0.33577924143479493 and parameters: {'window_influence': 0.5248468979465991, 'penalty_k': 0.0008342729143921094, 'scale_lr': 0.1882261735049858}. Best is trial 330 with value: 0.36352008859471124.
checkpoint_e31 window_influence: 0.49306834131106753, penalty_k: 0.02036859923918703, scale_lr: 0.22376847948171202, EAO: 0.349
Trial 335 finished with value: 0.3490870588020592 and parameters: {'window_influence': 0.4930683413110675, 'penalty_k': 0.020368599239187025, 'scale_lr': 0.22376847948171202}. Best is trial 330 with value: 0.36352008859471124.
checkpoint_e31 window_influence: 0.58793860640094997, penalty_k: 0.02252633131324830, scale_lr: 0.16653794057504570, EAO: 0.296
Trial 336 finished with value: 0.29633022201200404 and parameters: {'window_influence': 0.58793860640095, 'penalty_k': 0.0225263313132483, 'scale_lr': 0.1665379405750457}. Best is trial 330 with value: 0.36352008859471124.
checkpoint_e31 window_influence: 0.48645024493996608, penalty_k: 0.01783988303669345, scale_lr: 0.20625195596457646, EAO: 0.340
Trial 337 finished with value: 0.3401564634495672 and parameters: {'window_influence': 0.4864502449399661, 'penalty_k': 0.017839883036693448, 'scale_lr': 0.20625195596457646}. Best is trial 330 with value: 0.36352008859471124.
checkpoint_e31 window_influence: 0.46899639370033919, penalty_k: 0.03541751823339905, scale_lr: 0.43590121175893110, EAO: 0.347
Trial 338 finished with value: 0.3466250661050299 and parameters: {'window_influence': 0.4689963937003392, 'penalty_k': 0.035417518233399045, 'scale_lr': 0.4359012117589311}. Best is trial 330 with value: 0.36352008859471124.
checkpoint_e31 window_influence: 0.47069641516806171, penalty_k: 0.03442093480416375, scale_lr: 0.43509046463737272, EAO: 0.340
Trial 339 finished with value: 0.3400862051123311 and parameters: {'window_influence': 0.4706964151680617, 'penalty_k': 0.03442093480416375, 'scale_lr': 0.4350904646373727}. Best is trial 330 with value: 0.36352008859471124.
checkpoint_e31 window_influence: 0.46952386441102667, penalty_k: 0.03778097059457822, scale_lr: 0.42301909882746830, EAO: 0.330
Trial 340 finished with value: 0.33019342635856064 and parameters: {'window_influence': 0.46952386441102667, 'penalty_k': 0.037780970594578224, 'scale_lr': 0.4230190988274683}. Best is trial 330 with value: 0.36352008859471124.
checkpoint_e31 window_influence: 0.51284556183963315, penalty_k: 0.04556858422343082, scale_lr: 0.15671692572961304, EAO: 0.324
Trial 341 finished with value: 0.32378412864319545 and parameters: {'window_influence': 0.5128455618396331, 'penalty_k': 0.045568584223430825, 'scale_lr': 0.15671692572961304}. Best is trial 330 with value: 0.36352008859471124.
checkpoint_e31 window_influence: 0.44501790391847368, penalty_k: 0.03202851102142906, scale_lr: 0.45729958147781685, EAO: 0.321
Trial 342 finished with value: 0.3207061489036575 and parameters: {'window_influence': 0.4450179039184737, 'penalty_k': 0.032028511021429056, 'scale_lr': 0.45729958147781685}. Best is trial 330 with value: 0.36352008859471124.
checkpoint_e31 window_influence: 0.47950250366231517, penalty_k: 0.00006696122727654, scale_lr: 0.41391903428669607, EAO: 0.325
Trial 343 finished with value: 0.32514742718364475 and parameters: {'window_influence': 0.47950250366231517, 'penalty_k': 6.696122727653867e-05, 'scale_lr': 0.4139190342866961}. Best is trial 330 with value: 0.36352008859471124.
checkpoint_e31 window_influence: 0.50403656078959003, penalty_k: 0.02335423661274494, scale_lr: 0.43830824549429992, EAO: 0.329
Trial 344 finished with value: 0.3294278239461698 and parameters: {'window_influence': 0.50403656078959, 'penalty_k': 0.023354236612744935, 'scale_lr': 0.4383082454942999}. Best is trial 330 with value: 0.36352008859471124.
checkpoint_e31 window_influence: 0.41391095420951585, penalty_k: 0.04518861251288867, scale_lr: 0.14768621631407558, EAO: 0.325
Trial 345 finished with value: 0.3249197063626946 and parameters: {'window_influence': 0.41391095420951585, 'penalty_k': 0.045188612512888665, 'scale_lr': 0.14768621631407558}. Best is trial 330 with value: 0.36352008859471124.
checkpoint_e31 window_influence: 0.46847096457774379, penalty_k: 0.01696256290350861, scale_lr: 0.12656456191533294, EAO: 0.339
Trial 346 finished with value: 0.33850455005809027 and parameters: {'window_influence': 0.4684709645777438, 'penalty_k': 0.01696256290350861, 'scale_lr': 0.12656456191533294}. Best is trial 330 with value: 0.36352008859471124.
checkpoint_e31 window_influence: 0.37325069494837376, penalty_k: 0.02754995992258361, scale_lr: 0.39064720167250855, EAO: 0.324
Trial 347 finished with value: 0.3240023541195383 and parameters: {'window_influence': 0.37325069494837376, 'penalty_k': 0.02754995992258361, 'scale_lr': 0.39064720167250855}. Best is trial 330 with value: 0.36352008859471124.
checkpoint_e31 window_influence: 0.38705095326544364, penalty_k: 0.05064058258219636, scale_lr: 0.44140321123825327, EAO: 0.318
Trial 348 finished with value: 0.31796749718922124 and parameters: {'window_influence': 0.38705095326544364, 'penalty_k': 0.050640582582196364, 'scale_lr': 0.44140321123825327}. Best is trial 330 with value: 0.36352008859471124.
checkpoint_e31 window_influence: 0.55953955344646733, penalty_k: 0.12346961330690066, scale_lr: 0.46647938681856566, EAO: 0.292
Trial 349 finished with value: 0.2922674168176688 and parameters: {'window_influence': 0.5595395534464673, 'penalty_k': 0.12346961330690066, 'scale_lr': 0.46647938681856566}. Best is trial 330 with value: 0.36352008859471124.
checkpoint_e31 window_influence: 0.48365295839589589, penalty_k: 0.01000338805997792, scale_lr: 0.19660432423188987, EAO: 0.333
Trial 350 finished with value: 0.332522311273252 and parameters: {'window_influence': 0.4836529583958959, 'penalty_k': 0.010003388059977924, 'scale_lr': 0.19660432423188987}. Best is trial 330 with value: 0.36352008859471124.
checkpoint_e31 window_influence: 0.45823327368688632, penalty_k: 0.03958332042532030, scale_lr: 0.18057348418742936, EAO: 0.331
Trial 351 finished with value: 0.330752855840824 and parameters: {'window_influence': 0.4582332736868863, 'penalty_k': 0.0395833204253203, 'scale_lr': 0.18057348418742936}. Best is trial 330 with value: 0.36352008859471124.
checkpoint_e31 window_influence: 0.52818500823250825, penalty_k: 0.15249534709048085, scale_lr: 0.42294300364296117, EAO: 0.313
Trial 352 finished with value: 0.3129584560830306 and parameters: {'window_influence': 0.5281850082325082, 'penalty_k': 0.15249534709048085, 'scale_lr': 0.42294300364296117}. Best is trial 330 with value: 0.36352008859471124.
checkpoint_e31 window_influence: 0.54616668501390675, penalty_k: 0.02577598125870898, scale_lr: 0.24367295334024067, EAO: 0.318
Trial 353 finished with value: 0.3182480229130051 and parameters: {'window_influence': 0.5461666850139067, 'penalty_k': 0.02577598125870898, 'scale_lr': 0.24367295334024067}. Best is trial 330 with value: 0.36352008859471124.
checkpoint_e31 window_influence: 0.49661354196493634, penalty_k: 0.01461556444791747, scale_lr: 0.16273443436517843, EAO: 0.338
Trial 354 finished with value: 0.33766590168967786 and parameters: {'window_influence': 0.49661354196493634, 'penalty_k': 0.014615564447917472, 'scale_lr': 0.16273443436517843}. Best is trial 330 with value: 0.36352008859471124.
checkpoint_e31 window_influence: 0.51315150729509018, penalty_k: 0.03736025255965687, scale_lr: 0.40948163534233789, EAO: 0.332
Trial 355 finished with value: 0.33201176426753926 and parameters: {'window_influence': 0.5131515072950902, 'penalty_k': 0.03736025255965687, 'scale_lr': 0.4094816353423379}. Best is trial 330 with value: 0.36352008859471124.
checkpoint_e31 window_influence: 0.47636889906057100, penalty_k: 0.41638004709412108, scale_lr: 0.21658318017909961, EAO: 0.300
Trial 356 finished with value: 0.299699062329322 and parameters: {'window_influence': 0.476368899060571, 'penalty_k': 0.4163800470941211, 'scale_lr': 0.2165831801790996}. Best is trial 330 with value: 0.36352008859471124.
checkpoint_e31 window_influence: 0.49229533463444308, penalty_k: 0.27280090469758123, scale_lr: 0.22601390034345584, EAO: 0.320
Trial 357 finished with value: 0.3202409085596582 and parameters: {'window_influence': 0.4922953346344431, 'penalty_k': 0.2728009046975812, 'scale_lr': 0.22601390034345584}. Best is trial 330 with value: 0.36352008859471124.
checkpoint_e31 window_influence: 0.50462073656745510, penalty_k: 0.05576269957293117, scale_lr: 0.25223945917310359, EAO: 0.348
Trial 358 finished with value: 0.34804838060868853 and parameters: {'window_influence': 0.5046207365674551, 'penalty_k': 0.05576269957293117, 'scale_lr': 0.2522394591731036}. Best is trial 330 with value: 0.36352008859471124.
checkpoint_e31 window_influence: 0.51612604610847346, penalty_k: 0.13222841005558206, scale_lr: 0.15461610949350235, EAO: 0.312
Trial 359 finished with value: 0.3120023497463664 and parameters: {'window_influence': 0.5161260461084735, 'penalty_k': 0.13222841005558206, 'scale_lr': 0.15461610949350235}. Best is trial 330 with value: 0.36352008859471124.
checkpoint_e31 window_influence: 0.52974853917681175, penalty_k: 0.05220574376889456, scale_lr: 0.47997447635425738, EAO: 0.320
Trial 360 finished with value: 0.31958894408398564 and parameters: {'window_influence': 0.5297485391768118, 'penalty_k': 0.05220574376889456, 'scale_lr': 0.4799744763542574}. Best is trial 330 with value: 0.36352008859471124.
checkpoint_e31 window_influence: 0.50484483095604304, penalty_k: 0.00008743823284054, scale_lr: 0.45914751889634359, EAO: 0.345
Trial 361 finished with value: 0.3449596602629131 and parameters: {'window_influence': 0.504844830956043, 'penalty_k': 8.74382328405407e-05, 'scale_lr': 0.4591475188963436}. Best is trial 330 with value: 0.36352008859471124.
checkpoint_e31 window_influence: 0.50604012566683165, penalty_k: 0.00001152651360788, scale_lr: 0.49807022221841851, EAO: 0.331
Trial 362 finished with value: 0.33084825156727654 and parameters: {'window_influence': 0.5060401256668317, 'penalty_k': 1.1526513607883204e-05, 'scale_lr': 0.4980702222184185}. Best is trial 330 with value: 0.36352008859471124.
checkpoint_e31 window_influence: 0.51757935332636618, penalty_k: 0.00962283836440103, scale_lr: 0.48677524714350168, EAO: 0.340
Trial 363 finished with value: 0.33999386209458227 and parameters: {'window_influence': 0.5175793533263662, 'penalty_k': 0.009622838364401034, 'scale_lr': 0.4867752471435017}. Best is trial 330 with value: 0.36352008859471124.
checkpoint_e31 window_influence: 0.56951834590129757, penalty_k: 0.02313144543677926, scale_lr: 0.45610314698734356, EAO: 0.283
Trial 364 finished with value: 0.2826591314972607 and parameters: {'window_influence': 0.5695183459012976, 'penalty_k': 0.023131445436779256, 'scale_lr': 0.45610314698734356}. Best is trial 330 with value: 0.36352008859471124.
checkpoint_e31 window_influence: 0.50064540493420262, penalty_k: 0.01196375938820893, scale_lr: 0.17847624192224004, EAO: 0.329
Trial 365 finished with value: 0.32872732905562285 and parameters: {'window_influence': 0.5006454049342026, 'penalty_k': 0.011963759388208926, 'scale_lr': 0.17847624192224004}. Best is trial 330 with value: 0.36352008859471124.
checkpoint_e31 window_influence: 0.53685372897989503, penalty_k: 0.02741004221177554, scale_lr: 0.44260488612810089, EAO: 0.316
Trial 366 finished with value: 0.3163192084327282 and parameters: {'window_influence': 0.536853728979895, 'penalty_k': 0.02741004221177554, 'scale_lr': 0.4426048861281009}. Best is trial 330 with value: 0.36352008859471124.
checkpoint_e31 window_influence: 0.35289574134956758, penalty_k: 0.14473070139004907, scale_lr: 0.13323707811422722, EAO: 0.307
Trial 367 finished with value: 0.3066782588392844 and parameters: {'window_influence': 0.3528957413495676, 'penalty_k': 0.14473070139004907, 'scale_lr': 0.13323707811422722}. Best is trial 330 with value: 0.36352008859471124.
checkpoint_e31 window_influence: 0.42748735518555536, penalty_k: 0.59600463207151311, scale_lr: 0.10487229976779180, EAO: 0.278
Trial 368 finished with value: 0.27765972645598164 and parameters: {'window_influence': 0.42748735518555536, 'penalty_k': 0.5960046320715131, 'scale_lr': 0.1048722997677918}. Best is trial 330 with value: 0.36352008859471124.
checkpoint_e31 window_influence: 0.52237882282810799, penalty_k: 0.00073478905076943, scale_lr: 0.46819386639261479, EAO: 0.326
Trial 369 finished with value: 0.3263541794008782 and parameters: {'window_influence': 0.522378822828108, 'penalty_k': 0.0007347890507694272, 'scale_lr': 0.4681938663926148}. Best is trial 330 with value: 0.36352008859471124.
checkpoint_e31 window_influence: 0.50708257404146750, penalty_k: 0.05480374611201896, scale_lr: 0.44866858700978357, EAO: 0.346
Trial 370 finished with value: 0.34614722471292847 and parameters: {'window_influence': 0.5070825740414675, 'penalty_k': 0.054803746112018964, 'scale_lr': 0.44866858700978357}. Best is trial 330 with value: 0.36352008859471124.
checkpoint_e31 window_influence: 0.50730205749609614, penalty_k: 0.05366585918952388, scale_lr: 0.45958675449846276, EAO: 0.335
Trial 371 finished with value: 0.3345922541293653 and parameters: {'window_influence': 0.5073020574960961, 'penalty_k': 0.05366585918952388, 'scale_lr': 0.45958675449846276}. Best is trial 330 with value: 0.36352008859471124.
checkpoint_e31 window_influence: 0.52004682843088479, penalty_k: 0.11176335064936613, scale_lr: 0.44722742978569474, EAO: 0.324
Trial 372 finished with value: 0.32379638093454827 and parameters: {'window_influence': 0.5200468284308848, 'penalty_k': 0.11176335064936613, 'scale_lr': 0.44722742978569474}. Best is trial 330 with value: 0.36352008859471124.
checkpoint_e31 window_influence: 0.54368513769732896, penalty_k: 0.17531659628369892, scale_lr: 0.42304183300089038, EAO: 0.302
Trial 373 finished with value: 0.30246745334061204 and parameters: {'window_influence': 0.543685137697329, 'penalty_k': 0.17531659628369892, 'scale_lr': 0.4230418330008904}. Best is trial 330 with value: 0.36352008859471124.
checkpoint_e31 window_influence: 0.50588574020435872, penalty_k: 0.05782151090278788, scale_lr: 0.44687744196211049, EAO: 0.335
Trial 374 finished with value: 0.3350047804270273 and parameters: {'window_influence': 0.5058857402043587, 'penalty_k': 0.05782151090278788, 'scale_lr': 0.4468774419621105}. Best is trial 330 with value: 0.36352008859471124.
checkpoint_e31 window_influence: 0.40768528780571872, penalty_k: 0.04480884605501763, scale_lr: 0.14668747200085813, EAO: 0.322
Trial 375 finished with value: 0.3220767684947656 and parameters: {'window_influence': 0.4076852878057187, 'penalty_k': 0.04480884605501763, 'scale_lr': 0.14668747200085813}. Best is trial 330 with value: 0.36352008859471124.
checkpoint_e31 window_influence: 0.49776579355934714, penalty_k: 0.03583954799764937, scale_lr: 0.40239825071457008, EAO: 0.327
Trial 376 finished with value: 0.32677929445463394 and parameters: {'window_influence': 0.49776579355934714, 'penalty_k': 0.035839547997649365, 'scale_lr': 0.4023982507145701}. Best is trial 330 with value: 0.36352008859471124.
checkpoint_e31 window_influence: 0.52677292275250420, penalty_k: 0.12342279184358558, scale_lr: 0.53147880912739198, EAO: 0.327
Trial 377 finished with value: 0.3270022915495045 and parameters: {'window_influence': 0.5267729227525042, 'penalty_k': 0.12342279184358558, 'scale_lr': 0.531478809127392}. Best is trial 330 with value: 0.36352008859471124.
checkpoint_e31 window_influence: 0.51277899589101450, penalty_k: 0.06076518256740616, scale_lr: 0.43124303029650007, EAO: 0.341
Trial 378 finished with value: 0.34108171945416044 and parameters: {'window_influence': 0.5127789958910145, 'penalty_k': 0.06076518256740616, 'scale_lr': 0.4312430302965001}. Best is trial 330 with value: 0.36352008859471124.
checkpoint_e31 window_influence: 0.46314724444056365, penalty_k: 0.16415651309129228, scale_lr: 0.46771051484198645, EAO: 0.320
Trial 379 finished with value: 0.3195448484170298 and parameters: {'window_influence': 0.46314724444056365, 'penalty_k': 0.16415651309129228, 'scale_lr': 0.46771051484198645}. Best is trial 330 with value: 0.36352008859471124.
checkpoint_e31 window_influence: 0.44337354997242812, penalty_k: 0.18611336581864091, scale_lr: 0.16679441645141638, EAO: 0.320
Trial 380 finished with value: 0.3201305581553901 and parameters: {'window_influence': 0.4433735499724281, 'penalty_k': 0.1861133658186409, 'scale_lr': 0.16679441645141638}. Best is trial 330 with value: 0.36352008859471124.
checkpoint_e31 window_influence: 0.49093390377051194, penalty_k: 0.07176754153413167, scale_lr: 0.19300928965157801, EAO: 0.345
Trial 381 finished with value: 0.34493454038401056 and parameters: {'window_influence': 0.49093390377051194, 'penalty_k': 0.07176754153413167, 'scale_lr': 0.19300928965157801}. Best is trial 330 with value: 0.36352008859471124.
checkpoint_e31 window_influence: 0.47824089723801694, penalty_k: 0.10299793195460606, scale_lr: 0.19064952840076818, EAO: 0.327
Trial 382 finished with value: 0.3273585259566511 and parameters: {'window_influence': 0.47824089723801694, 'penalty_k': 0.10299793195460606, 'scale_lr': 0.19064952840076818}. Best is trial 330 with value: 0.36352008859471124.
checkpoint_e31 window_influence: 0.49999405395642693, penalty_k: 0.02299438929249850, scale_lr: 0.19872529490815355, EAO: 0.333
Trial 383 finished with value: 0.33342115291129754 and parameters: {'window_influence': 0.49999405395642693, 'penalty_k': 0.022994389292498498, 'scale_lr': 0.19872529490815355}. Best is trial 330 with value: 0.36352008859471124.
checkpoint_e31 window_influence: 0.51390973196184964, penalty_k: 0.04252980891098597, scale_lr: 0.49983183540653064, EAO: 0.323
Trial 384 finished with value: 0.3233667316371829 and parameters: {'window_influence': 0.5139097319618496, 'penalty_k': 0.04252980891098597, 'scale_lr': 0.49983183540653064}. Best is trial 330 with value: 0.36352008859471124.
checkpoint_e31 window_influence: 0.53309340627264912, penalty_k: 0.29126110997419558, scale_lr: 0.45535359526102809, EAO: 0.295
