Trial 819 finished with value: 0.316471644180758 and parameters: {'window_influence': 0.46355855768306814, 'penalty_k': 0.31673255996869293, 'scale_lr': 0.6872266689805467}. Best is trial 330 with value: 0.36352008859471124.
checkpoint_e31 window_influence: 0.38723476098076293, penalty_k: 0.04708707313664139, scale_lr: 0.58220593483980987, EAO: 0.325
Trial 820 finished with value: 0.3246859605442225 and parameters: {'window_influence': 0.3872347609807629, 'penalty_k': 0.047087073136641386, 'scale_lr': 0.5822059348398099}. Best is trial 330 with value: 0.36352008859471124.
checkpoint_e31 window_influence: 0.26622772196089273, penalty_k: 0.06671732771897684, scale_lr: 0.49845680874828563, EAO: 0.294
Trial 821 finished with value: 0.2942191499796359 and parameters: {'window_influence': 0.2662277219608927, 'penalty_k': 0.06671732771897684, 'scale_lr': 0.49845680874828563}. Best is trial 330 with value: 0.36352008859471124.
checkpoint_e31 window_influence: 0.50368171999790390, penalty_k: 0.36280771397826772, scale_lr: 0.66257763485148558, EAO: 0.314
Trial 822 finished with value: 0.31422335738569845 and parameters: {'window_influence': 0.5036817199979039, 'penalty_k': 0.3628077139782677, 'scale_lr': 0.6625776348514856}. Best is trial 330 with value: 0.36352008859471124.
checkpoint_e31 window_influence: 0.23284971540941168, penalty_k: 0.10817633893687453, scale_lr: 0.76985803395996211, EAO: 0.290
Trial 823 finished with value: 0.2897964614490591 and parameters: {'window_influence': 0.23284971540941168, 'penalty_k': 0.10817633893687453, 'scale_lr': 0.7698580339599621}. Best is trial 330 with value: 0.36352008859471124.
checkpoint_e31 window_influence: 0.06568118171395282, penalty_k: 0.07959930935646259, scale_lr: 0.54983430839413927, EAO: 0.256
Trial 824 finished with value: 0.2560375897568951 and parameters: {'window_influence': 0.06568118171395282, 'penalty_k': 0.07959930935646259, 'scale_lr': 0.5498343083941393}. Best is trial 330 with value: 0.36352008859471124.
checkpoint_e31 window_influence: 0.52208303394722633, penalty_k: 0.55315895683092364, scale_lr: 0.67265071653467978, EAO: 0.295
Trial 825 finished with value: 0.2951117971991751 and parameters: {'window_influence': 0.5220830339472263, 'penalty_k': 0.5531589568309236, 'scale_lr': 0.6726507165346798}. Best is trial 330 with value: 0.36352008859471124.
checkpoint_e31 window_influence: 0.22555516603277093, penalty_k: 0.13766241983223498, scale_lr: 0.57459438531717422, EAO: 0.286
Trial 826 finished with value: 0.28575921719640146 and parameters: {'window_influence': 0.22555516603277093, 'penalty_k': 0.13766241983223498, 'scale_lr': 0.5745943853171742}. Best is trial 330 with value: 0.36352008859471124.
checkpoint_e31 window_influence: 0.43466527959624379, penalty_k: 0.01675478523553151, scale_lr: 0.70711234292180603, EAO: 0.315
Trial 827 finished with value: 0.3153586131937309 and parameters: {'window_influence': 0.4346652795962438, 'penalty_k': 0.016754785235531505, 'scale_lr': 0.707112342921806}. Best is trial 330 with value: 0.36352008859471124.
checkpoint_e31 window_influence: 0.47662838113104034, penalty_k: 0.03112894268599194, scale_lr: 0.66342314401678026, EAO: 0.332
Trial 828 finished with value: 0.3318005365388403 and parameters: {'window_influence': 0.47662838113104034, 'penalty_k': 0.031128942685991944, 'scale_lr': 0.6634231440167803}. Best is trial 330 with value: 0.36352008859471124.
checkpoint_e31 window_influence: 0.49367224032269430, penalty_k: 0.48336319301964220, scale_lr: 0.77412338196500108, EAO: 0.304
Trial 829 finished with value: 0.3036434208604612 and parameters: {'window_influence': 0.4936722403226943, 'penalty_k': 0.4833631930196422, 'scale_lr': 0.7741233819650011}. Best is trial 330 with value: 0.36352008859471124.
checkpoint_e31 window_influence: 0.50476823159839279, penalty_k: 0.17146637443950347, scale_lr: 0.71794463821401067, EAO: 0.341
Trial 830 finished with value: 0.3413505572753194 and parameters: {'window_influence': 0.5047682315983928, 'penalty_k': 0.17146637443950347, 'scale_lr': 0.7179446382140107}. Best is trial 330 with value: 0.36352008859471124.
checkpoint_e31 window_influence: 0.53295825404465891, penalty_k: 0.09944961587620757, scale_lr: 0.58649448542432958, EAO: 0.314
Trial 831 finished with value: 0.31355852636613735 and parameters: {'window_influence': 0.5329582540446589, 'penalty_k': 0.09944961587620757, 'scale_lr': 0.5864944854243296}. Best is trial 330 with value: 0.36352008859471124.
checkpoint_e31 window_influence: 0.48506027546954777, penalty_k: 0.01245895854730465, scale_lr: 0.42034167790021437, EAO: 0.306
Trial 832 finished with value: 0.3064342536583021 and parameters: {'window_influence': 0.4850602754695478, 'penalty_k': 0.012458958547304645, 'scale_lr': 0.42034167790021437}. Best is trial 330 with value: 0.36352008859471124.
checkpoint_e31 window_influence: 0.51369514447975317, penalty_k: 0.35032723180257608, scale_lr: 0.48575826204122019, EAO: 0.307
Trial 833 finished with value: 0.30680446541262973 and parameters: {'window_influence': 0.5136951444797532, 'penalty_k': 0.3503272318025761, 'scale_lr': 0.4857582620412202}. Best is trial 330 with value: 0.36352008859471124.
checkpoint_e31 window_influence: 0.35339159736896031, penalty_k: 0.36836450356495232, scale_lr: 0.66216764933815908, EAO: 0.340
Trial 834 finished with value: 0.34049365991284414 and parameters: {'window_influence': 0.3533915973689603, 'penalty_k': 0.3683645035649523, 'scale_lr': 0.6621676493381591}. Best is trial 330 with value: 0.36352008859471124.
checkpoint_e31 window_influence: 0.45892154184692124, penalty_k: 0.50002472106212748, scale_lr: 0.62127913440774052, EAO: 0.323
Trial 835 finished with value: 0.3226868100899203 and parameters: {'window_influence': 0.45892154184692124, 'penalty_k': 0.5000247210621275, 'scale_lr': 0.6212791344077405}. Best is trial 330 with value: 0.36352008859471124.
checkpoint_e31 window_influence: 0.47585103513033605, penalty_k: 0.12779427096959906, scale_lr: 0.19958644735163092, EAO: 0.309
Trial 836 finished with value: 0.3090401364323694 and parameters: {'window_influence': 0.47585103513033605, 'penalty_k': 0.12779427096959906, 'scale_lr': 0.19958644735163092}. Best is trial 330 with value: 0.36352008859471124.
checkpoint_e31 window_influence: 0.42187617956190498, penalty_k: 0.07483100408110753, scale_lr: 0.67336583624416813, EAO: 0.331
Trial 837 finished with value: 0.33138432553770014 and parameters: {'window_influence': 0.421876179561905, 'penalty_k': 0.07483100408110753, 'scale_lr': 0.6733658362441681}. Best is trial 330 with value: 0.36352008859471124.
checkpoint_e31 window_influence: 0.59399127346461000, penalty_k: 0.28594638794136151, scale_lr: 0.60821489016733277, EAO: 0.266
Trial 838 finished with value: 0.26647282371493164 and parameters: {'window_influence': 0.59399127346461, 'penalty_k': 0.2859463879413615, 'scale_lr': 0.6082148901673328}. Best is trial 330 with value: 0.36352008859471124.
checkpoint_e31 window_influence: 0.49651994851390119, penalty_k: 0.04474921485548047, scale_lr: 0.63497351952554515, EAO: 0.347
Trial 839 finished with value: 0.34659357850189804 and parameters: {'window_influence': 0.4965199485139012, 'penalty_k': 0.044749214855480474, 'scale_lr': 0.6349735195255451}. Best is trial 330 with value: 0.36352008859471124.
checkpoint_e31 window_influence: 0.56363163631893853, penalty_k: 0.23426861890358958, scale_lr: 0.79416710894390652, EAO: 0.266
Trial 840 finished with value: 0.2662597927717847 and parameters: {'window_influence': 0.5636316363189385, 'penalty_k': 0.23426861890358958, 'scale_lr': 0.7941671089439065}. Best is trial 330 with value: 0.36352008859471124.
checkpoint_e31 window_influence: 0.46954990726592122, penalty_k: 0.58596899418301451, scale_lr: 0.31023682815123194, EAO: 0.289
Trial 841 finished with value: 0.2889351854644397 and parameters: {'window_influence': 0.4695499072659212, 'penalty_k': 0.5859689941830145, 'scale_lr': 0.31023682815123194}. Best is trial 330 with value: 0.36352008859471124.
checkpoint_e31 window_influence: 0.39585116595037106, penalty_k: 0.14641590517306891, scale_lr: 0.54295503692673708, EAO: 0.312
Trial 842 finished with value: 0.3120192741025747 and parameters: {'window_influence': 0.39585116595037106, 'penalty_k': 0.1464159051730689, 'scale_lr': 0.5429550369267371}. Best is trial 330 with value: 0.36352008859471124.
checkpoint_e31 window_influence: 0.15778363906366236, penalty_k: 0.02801585020124393, scale_lr: 0.55447008370879658, EAO: 0.283
Trial 843 finished with value: 0.28284115590705944 and parameters: {'window_influence': 0.15778363906366236, 'penalty_k': 0.028015850201243933, 'scale_lr': 0.5544700837087966}. Best is trial 330 with value: 0.36352008859471124.
checkpoint_e31 window_influence: 0.52071462135542712, penalty_k: 0.06426966974122592, scale_lr: 0.75064330628087239, EAO: 0.324
Trial 844 finished with value: 0.3244652768981132 and parameters: {'window_influence': 0.5207146213554271, 'penalty_k': 0.06426966974122592, 'scale_lr': 0.7506433062808724}. Best is trial 330 with value: 0.36352008859471124.
checkpoint_e31 window_influence: 0.48437752710288384, penalty_k: 0.08872717154965203, scale_lr: 0.77072855785168670, EAO: 0.339
Trial 845 finished with value: 0.33903180741150557 and parameters: {'window_influence': 0.48437752710288384, 'penalty_k': 0.08872717154965203, 'scale_lr': 0.7707285578516867}. Best is trial 330 with value: 0.36352008859471124.
checkpoint_e31 window_influence: 0.50879764571244712, penalty_k: 0.11676785613197277, scale_lr: 0.72248051628607501, EAO: 0.345
Trial 846 finished with value: 0.34482889787696214 and parameters: {'window_influence': 0.5087976457124471, 'penalty_k': 0.11676785613197277, 'scale_lr': 0.722480516286075}. Best is trial 330 with value: 0.36352008859471124.
checkpoint_e31 window_influence: 0.45535133048871007, penalty_k: 0.01041331259215636, scale_lr: 0.16641472736734914, EAO: 0.324
Trial 847 finished with value: 0.32427871911442235 and parameters: {'window_influence': 0.45535133048871007, 'penalty_k': 0.010413312592156365, 'scale_lr': 0.16641472736734914}. Best is trial 330 with value: 0.36352008859471124.
checkpoint_e31 window_influence: 0.27459967641245214, penalty_k: 0.32575034684861803, scale_lr: 0.14168258493198638, EAO: 0.281
Trial 848 finished with value: 0.2811891992616282 and parameters: {'window_influence': 0.27459967641245214, 'penalty_k': 0.32575034684861803, 'scale_lr': 0.14168258493198638}. Best is trial 330 with value: 0.36352008859471124.
checkpoint_e31 window_influence: 0.49610507294090317, penalty_k: 0.18097206684411116, scale_lr: 0.64594973363532437, EAO: 0.333
Trial 849 finished with value: 0.3332926024490757 and parameters: {'window_influence': 0.49610507294090317, 'penalty_k': 0.18097206684411116, 'scale_lr': 0.6459497336353244}. Best is trial 330 with value: 0.36352008859471124.
checkpoint_e31 window_influence: 0.29040879635458844, penalty_k: 0.47828989067590444, scale_lr: 0.68329634210337953, EAO: 0.289
Trial 850 finished with value: 0.28932730934731227 and parameters: {'window_influence': 0.29040879635458844, 'penalty_k': 0.47828989067590444, 'scale_lr': 0.6832963421033795}. Best is trial 330 with value: 0.36352008859471124.
checkpoint_e31 window_influence: 0.54343487333270424, penalty_k: 0.00003522822269679, scale_lr: 0.61210505033116080, EAO: 0.300
Trial 851 finished with value: 0.3002706575370484 and parameters: {'window_influence': 0.5434348733327042, 'penalty_k': 3.522822269679145e-05, 'scale_lr': 0.6121050503311608}. Best is trial 330 with value: 0.36352008859471124.
checkpoint_e31 window_influence: 0.48750106122602782, penalty_k: 0.16153483660798609, scale_lr: 0.63851232471233366, EAO: 0.335
Trial 852 finished with value: 0.33489550516763084 and parameters: {'window_influence': 0.4875010612260278, 'penalty_k': 0.1615348366079861, 'scale_lr': 0.6385123247123337}. Best is trial 330 with value: 0.36352008859471124.
checkpoint_e31 window_influence: 0.52708821461406097, penalty_k: 0.10282019618041510, scale_lr: 0.52377694632835747, EAO: 0.307
Trial 853 finished with value: 0.306823741601135 and parameters: {'window_influence': 0.527088214614061, 'penalty_k': 0.1028201961804151, 'scale_lr': 0.5237769463283575}. Best is trial 330 with value: 0.36352008859471124.
checkpoint_e31 window_influence: 0.51003241669664590, penalty_k: 0.05432354195533528, scale_lr: 0.11562598804764423, EAO: 0.340
Trial 854 finished with value: 0.339868143780686 and parameters: {'window_influence': 0.5100324166966459, 'penalty_k': 0.05432354195533528, 'scale_lr': 0.11562598804764423}. Best is trial 330 with value: 0.36352008859471124.
checkpoint_e31 window_influence: 0.31905340917135278, penalty_k: 0.03838942116169060, scale_lr: 0.59844320143380647, EAO: 0.297
Trial 855 finished with value: 0.2965169766997549 and parameters: {'window_influence': 0.3190534091713528, 'penalty_k': 0.0383894211616906, 'scale_lr': 0.5984432014338065}. Best is trial 330 with value: 0.36352008859471124.
checkpoint_e31 window_influence: 0.62926643213036704, penalty_k: 0.02725314857842063, scale_lr: 0.10009680898360161, EAO: 0.283
Trial 856 finished with value: 0.28286611430839803 and parameters: {'window_influence': 0.629266432130367, 'penalty_k': 0.02725314857842063, 'scale_lr': 0.10009680898360161}. Best is trial 330 with value: 0.36352008859471124.
checkpoint_e31 window_influence: 0.44847890199245610, penalty_k: 0.07753991246938777, scale_lr: 0.59897681483278709, EAO: 0.329
Trial 857 finished with value: 0.3285807504496222 and parameters: {'window_influence': 0.4484789019924561, 'penalty_k': 0.07753991246938777, 'scale_lr': 0.5989768148327871}. Best is trial 330 with value: 0.36352008859471124.
checkpoint_e31 window_influence: 0.46889441465161913, penalty_k: 0.44584619371635015, scale_lr: 0.69828518154127939, EAO: 0.317
Trial 858 finished with value: 0.3171537714477643 and parameters: {'window_influence': 0.46889441465161913, 'penalty_k': 0.44584619371635015, 'scale_lr': 0.6982851815412794}. Best is trial 330 with value: 0.36352008859471124.
checkpoint_e31 window_influence: 0.50055998837583449, penalty_k: 0.01849074586744718, scale_lr: 0.19041969984730656, EAO: 0.335
Trial 859 finished with value: 0.3351430344442449 and parameters: {'window_influence': 0.5005599883758345, 'penalty_k': 0.018490745867447176, 'scale_lr': 0.19041969984730656}. Best is trial 330 with value: 0.36352008859471124.
checkpoint_e31 window_influence: 0.47875190587786748, penalty_k: 0.29213568249626326, scale_lr: 0.13119315970928314, EAO: 0.331
Trial 860 finished with value: 0.33097865284648853 and parameters: {'window_influence': 0.4787519058778675, 'penalty_k': 0.29213568249626326, 'scale_lr': 0.13119315970928314}. Best is trial 330 with value: 0.36352008859471124.
checkpoint_e31 window_influence: 0.51489901937106719, penalty_k: 0.43606440889410314, scale_lr: 0.33952895249756798, EAO: 0.308
Trial 861 finished with value: 0.30754939429027095 and parameters: {'window_influence': 0.5148990193710672, 'penalty_k': 0.43606440889410314, 'scale_lr': 0.339528952497568}. Best is trial 330 with value: 0.36352008859471124.
checkpoint_e31 window_influence: 0.43034282761884635, penalty_k: 0.26478117455914429, scale_lr: 0.17826050683875508, EAO: 0.313
Trial 862 finished with value: 0.3133403240242821 and parameters: {'window_influence': 0.43034282761884635, 'penalty_k': 0.2647811745591443, 'scale_lr': 0.17826050683875508}. Best is trial 330 with value: 0.36352008859471124.
checkpoint_e31 window_influence: 0.25570253824008055, penalty_k: 0.22739612480086377, scale_lr: 0.21240621120284436, EAO: 0.289
Trial 863 finished with value: 0.2890732709303904 and parameters: {'window_influence': 0.25570253824008055, 'penalty_k': 0.22739612480086377, 'scale_lr': 0.21240621120284436}. Best is trial 330 with value: 0.36352008859471124.
checkpoint_e31 window_influence: 0.48806122977685329, penalty_k: 0.09439683058374286, scale_lr: 0.61448366950491129, EAO: 0.343
Trial 864 finished with value: 0.34344445893736664 and parameters: {'window_influence': 0.4880612297768533, 'penalty_k': 0.09439683058374286, 'scale_lr': 0.6144836695049113}. Best is trial 330 with value: 0.36352008859471124.
checkpoint_e31 window_influence: 0.50189452479077568, penalty_k: 0.06280117131919706, scale_lr: 0.57243630407786217, EAO: 0.356
Trial 865 finished with value: 0.3559277450760051 and parameters: {'window_influence': 0.5018945247907757, 'penalty_k': 0.06280117131919706, 'scale_lr': 0.5724363040778622}. Best is trial 330 with value: 0.36352008859471124.
checkpoint_e31 window_influence: 0.52725174271750019, penalty_k: 0.05968583209283996, scale_lr: 0.62113632687598541, EAO: 0.326
Trial 866 finished with value: 0.32563763010362706 and parameters: {'window_influence': 0.5272517427175002, 'penalty_k': 0.05968583209283996, 'scale_lr': 0.6211363268759854}. Best is trial 330 with value: 0.36352008859471124.
checkpoint_e31 window_influence: 0.06738054090377921, penalty_k: 0.51101322884435585, scale_lr: 0.71075652969690761, EAO: 0.250
Trial 867 finished with value: 0.2503641581141067 and parameters: {'window_influence': 0.0673805409037792, 'penalty_k': 0.5110132288443558, 'scale_lr': 0.7107565296969076}. Best is trial 330 with value: 0.36352008859471124.
checkpoint_e31 window_influence: 0.37895603615281082, penalty_k: 0.04778255170001203, scale_lr: 0.54390355769916521, EAO: 0.313
Trial 868 finished with value: 0.31263444772722193 and parameters: {'window_influence': 0.3789560361528108, 'penalty_k': 0.04778255170001203, 'scale_lr': 0.5439035576991652}. Best is trial 330 with value: 0.36352008859471124.
checkpoint_e31 window_influence: 0.08072802695584658, penalty_k: 0.57327813052891141, scale_lr: 0.48527005612657670, EAO: 0.256
Trial 869 finished with value: 0.25637619620631175 and parameters: {'window_influence': 0.08072802695584658, 'penalty_k': 0.5732781305289114, 'scale_lr': 0.4852700561265767}. Best is trial 330 with value: 0.36352008859471124.
checkpoint_e31 window_influence: 0.12016300532990298, penalty_k: 0.04101483290131175, scale_lr: 0.64247585701476528, EAO: 0.279
Trial 870 finished with value: 0.2785843965608322 and parameters: {'window_influence': 0.12016300532990298, 'penalty_k': 0.04101483290131175, 'scale_lr': 0.6424758570147653}. Best is trial 330 with value: 0.36352008859471124.
checkpoint_e31 window_influence: 0.58094447019124917, penalty_k: 0.06471508069513979, scale_lr: 0.55397782492887426, EAO: 0.287
Trial 871 finished with value: 0.28726956381640084 and parameters: {'window_influence': 0.5809444701912492, 'penalty_k': 0.06471508069513979, 'scale_lr': 0.5539778249288743}. Best is trial 330 with value: 0.36352008859471124.
checkpoint_e31 window_influence: 0.50420378587728276, penalty_k: 0.03240392234756904, scale_lr: 0.57175079733211476, EAO: 0.350
Trial 872 finished with value: 0.350463210028897 and parameters: {'window_influence': 0.5042037858772828, 'penalty_k': 0.032403922347569045, 'scale_lr': 0.5717507973321148}. Best is trial 330 with value: 0.36352008859471124.
checkpoint_e31 window_influence: 0.53284095476473814, penalty_k: 0.52089022495322368, scale_lr: 0.57001172727011618, EAO: 0.299
Trial 873 finished with value: 0.2987349229911886 and parameters: {'window_influence': 0.5328409547647381, 'penalty_k': 0.5208902249532237, 'scale_lr': 0.5700117272701162}. Best is trial 330 with value: 0.36352008859471124.
checkpoint_e31 window_influence: 0.51801770387172075, penalty_k: 0.04703126683675926, scale_lr: 0.55536914462761722, EAO: 0.341
Trial 874 finished with value: 0.34130593171843293 and parameters: {'window_influence': 0.5180177038717207, 'penalty_k': 0.04703126683675926, 'scale_lr': 0.5553691446276172}. Best is trial 330 with value: 0.36352008859471124.
checkpoint_e31 window_influence: 0.50548655513701124, penalty_k: 0.05746088253211637, scale_lr: 0.60515033203173929, EAO: 0.345
Trial 875 finished with value: 0.3454940927863585 and parameters: {'window_influence': 0.5054865551370112, 'penalty_k': 0.05746088253211637, 'scale_lr': 0.6051503320317393}. Best is trial 330 with value: 0.36352008859471124.
checkpoint_e31 window_influence: 0.50262931737906602, penalty_k: 0.03058375253563249, scale_lr: 0.56992083247897263, EAO: 0.323
Trial 876 finished with value: 0.3230433695395169 and parameters: {'window_influence': 0.502629317379066, 'penalty_k': 0.030583752535632485, 'scale_lr': 0.5699208324789726}. Best is trial 330 with value: 0.36352008859471124.
checkpoint_e31 window_influence: 0.05374293963149346, penalty_k: 0.06990745003287341, scale_lr: 0.65799393474008483, EAO: 0.266
Trial 877 finished with value: 0.2656168346854963 and parameters: {'window_influence': 0.05374293963149346, 'penalty_k': 0.06990745003287341, 'scale_lr': 0.6579939347400848}. Best is trial 330 with value: 0.36352008859471124.
checkpoint_e31 window_influence: 0.12686770992993998, penalty_k: 0.13104969018995702, scale_lr: 0.52707235592809931, EAO: 0.272
Trial 878 finished with value: 0.2719569283352752 and parameters: {'window_influence': 0.12686770992993998, 'penalty_k': 0.13104969018995702, 'scale_lr': 0.5270723559280993}. Best is trial 330 with value: 0.36352008859471124.
checkpoint_e31 window_influence: 0.55032579129554238, penalty_k: 0.54282386397369464, scale_lr: 0.57740106875788577, EAO: 0.273
Trial 879 finished with value: 0.27258016714094213 and parameters: {'window_influence': 0.5503257912955424, 'penalty_k': 0.5428238639736946, 'scale_lr': 0.5774010687578858}. Best is trial 330 with value: 0.36352008859471124.
checkpoint_e31 window_influence: 0.52055206272145715, penalty_k: 0.03639867177586900, scale_lr: 0.57017302443491713, EAO: 0.308
Trial 880 finished with value: 0.30776692555804197 and parameters: {'window_influence': 0.5205520627214572, 'penalty_k': 0.036398671775869, 'scale_lr': 0.5701730244349171}. Best is trial 330 with value: 0.36352008859471124.
checkpoint_e31 window_influence: 0.24776654088307135, penalty_k: 0.21197053039120248, scale_lr: 0.58467080923076942, EAO: 0.294
