Trial 676 finished with value: 0.29822741147377146 and parameters: {'window_influence': 0.3940226437205582, 'penalty_k': 0.19906854991483292, 'scale_lr': 0.4593489945593787}. Best is trial 386 with value: 0.35297253809086543.
checkpoint_e18 window_influence: 0.43505536913240767, penalty_k: 0.23388903304149308, scale_lr: 0.43167461749997266, EAO: 0.321
Trial 677 finished with value: 0.32126557995141247 and parameters: {'window_influence': 0.43505536913240767, 'penalty_k': 0.23388903304149308, 'scale_lr': 0.43167461749997266}. Best is trial 386 with value: 0.35297253809086543.
checkpoint_e18 window_influence: 0.50707012363654769, penalty_k: 0.20867709315428301, scale_lr: 0.44911101896244326, EAO: 0.316
Trial 678 finished with value: 0.3161837730542231 and parameters: {'window_influence': 0.5070701236365477, 'penalty_k': 0.208677093154283, 'scale_lr': 0.44911101896244326}. Best is trial 386 with value: 0.35297253809086543.
checkpoint_e18 window_influence: 0.45894503228156297, penalty_k: 0.22327870698626401, scale_lr: 0.47398322588110015, EAO: 0.299
Trial 679 finished with value: 0.2993229170717618 and parameters: {'window_influence': 0.45894503228156297, 'penalty_k': 0.223278706986264, 'scale_lr': 0.47398322588110015}. Best is trial 386 with value: 0.35297253809086543.
checkpoint_e18 window_influence: 0.44392555421358432, penalty_k: 0.18033533563401688, scale_lr: 0.42684316059624416, EAO: 0.322
Trial 680 finished with value: 0.3217879056002843 and parameters: {'window_influence': 0.4439255542135843, 'penalty_k': 0.18033533563401688, 'scale_lr': 0.42684316059624416}. Best is trial 386 with value: 0.35297253809086543.
checkpoint_e18 window_influence: 0.47529880100466582, penalty_k: 0.15332262140509179, scale_lr: 0.44927050935168183, EAO: 0.348
Trial 681 finished with value: 0.3482673558975472 and parameters: {'window_influence': 0.4752988010046658, 'penalty_k': 0.15332262140509179, 'scale_lr': 0.44927050935168183}. Best is trial 386 with value: 0.35297253809086543.
checkpoint_e18 window_influence: 0.47523142581614847, penalty_k: 0.16083065918866657, scale_lr: 0.44546660913987396, EAO: 0.314
Trial 682 finished with value: 0.31420146786981057 and parameters: {'window_influence': 0.47523142581614847, 'penalty_k': 0.16083065918866657, 'scale_lr': 0.44546660913987396}. Best is trial 386 with value: 0.35297253809086543.
checkpoint_e18 window_influence: 0.46473795026506537, penalty_k: 0.15465266039676878, scale_lr: 0.44127900230187889, EAO: 0.322
Trial 683 finished with value: 0.32205740000023453 and parameters: {'window_influence': 0.46473795026506537, 'penalty_k': 0.15465266039676878, 'scale_lr': 0.4412790023018789}. Best is trial 386 with value: 0.35297253809086543.
checkpoint_e18 window_influence: 0.37504700939509106, penalty_k: 0.17440507728166524, scale_lr: 0.46523575779807119, EAO: 0.299
Trial 684 finished with value: 0.2991849412482072 and parameters: {'window_influence': 0.37504700939509106, 'penalty_k': 0.17440507728166524, 'scale_lr': 0.4652357577980712}. Best is trial 386 with value: 0.35297253809086543.
checkpoint_e18 window_influence: 0.62691909482649266, penalty_k: 0.25177479973159034, scale_lr: 0.40980413272039740, EAO: 0.238
Trial 685 finished with value: 0.23837107164850493 and parameters: {'window_influence': 0.6269190948264927, 'penalty_k': 0.25177479973159034, 'scale_lr': 0.4098041327203974}. Best is trial 386 with value: 0.35297253809086543.
checkpoint_e18 window_influence: 0.45156286529742723, penalty_k: 0.18567689286353978, scale_lr: 0.57328652357458310, EAO: 0.316
Trial 686 finished with value: 0.316290243822313 and parameters: {'window_influence': 0.45156286529742723, 'penalty_k': 0.18567689286353978, 'scale_lr': 0.5732865235745831}. Best is trial 386 with value: 0.35297253809086543.
checkpoint_e18 window_influence: 0.47902561609532290, penalty_k: 0.14797945914307759, scale_lr: 0.44343001725250963, EAO: 0.327
Trial 687 finished with value: 0.32737868832938866 and parameters: {'window_influence': 0.4790256160953229, 'penalty_k': 0.14797945914307759, 'scale_lr': 0.44343001725250963}. Best is trial 386 with value: 0.35297253809086543.
checkpoint_e18 window_influence: 0.24649348685675199, penalty_k: 0.16676043118398798, scale_lr: 0.18552760621384223, EAO: 0.285
Trial 688 finished with value: 0.2845392983827146 and parameters: {'window_influence': 0.246493486856752, 'penalty_k': 0.16676043118398798, 'scale_lr': 0.18552760621384223}. Best is trial 386 with value: 0.35297253809086543.
checkpoint_e18 window_influence: 0.42123539746133143, penalty_k: 0.13912801144059578, scale_lr: 0.45884935921649156, EAO: 0.301
Trial 689 finished with value: 0.3008803484620751 and parameters: {'window_influence': 0.42123539746133143, 'penalty_k': 0.13912801144059578, 'scale_lr': 0.45884935921649156}. Best is trial 386 with value: 0.35297253809086543.
checkpoint_e18 window_influence: 0.17832987515092483, penalty_k: 0.27385315904428531, scale_lr: 0.41916850830644431, EAO: 0.275
Trial 690 finished with value: 0.2748385000437614 and parameters: {'window_influence': 0.17832987515092483, 'penalty_k': 0.2738531590442853, 'scale_lr': 0.4191685083064443}. Best is trial 386 with value: 0.35297253809086543.
checkpoint_e18 window_influence: 0.46701405658455258, penalty_k: 0.19931865414441197, scale_lr: 0.70220132674655278, EAO: 0.304
Trial 691 finished with value: 0.3041621051757716 and parameters: {'window_influence': 0.4670140565845526, 'penalty_k': 0.19931865414441197, 'scale_lr': 0.7022013267465528}. Best is trial 386 with value: 0.35297253809086543.
checkpoint_e18 window_influence: 0.48613570072627688, penalty_k: 0.21225828510865899, scale_lr: 0.25307959165029426, EAO: 0.326
Trial 692 finished with value: 0.32627511134639325 and parameters: {'window_influence': 0.4861357007262769, 'penalty_k': 0.212258285108659, 'scale_lr': 0.25307959165029426}. Best is trial 386 with value: 0.35297253809086543.
checkpoint_e18 window_influence: 0.45456677628013198, penalty_k: 0.21851532677427715, scale_lr: 0.55553915321994463, EAO: 0.316
Trial 693 finished with value: 0.31578548699037573 and parameters: {'window_influence': 0.454566776280132, 'penalty_k': 0.21851532677427715, 'scale_lr': 0.5555391532199446}. Best is trial 386 with value: 0.35297253809086543.
checkpoint_e18 window_influence: 0.43031410601806680, penalty_k: 0.06805406540484032, scale_lr: 0.35801803266328558, EAO: 0.300
Trial 694 finished with value: 0.3004242403266031 and parameters: {'window_influence': 0.4303141060180668, 'penalty_k': 0.06805406540484032, 'scale_lr': 0.3580180326632856}. Best is trial 386 with value: 0.35297253809086543.
checkpoint_e18 window_influence: 0.47127312285392464, penalty_k: 0.23862697127585530, scale_lr: 0.40178010485729043, EAO: 0.296
Trial 695 finished with value: 0.2963908144820061 and parameters: {'window_influence': 0.47127312285392464, 'penalty_k': 0.2386269712758553, 'scale_lr': 0.40178010485729043}. Best is trial 386 with value: 0.35297253809086543.
checkpoint_e18 window_influence: 0.44262460922542823, penalty_k: 0.13077169629206425, scale_lr: 0.28838560215173581, EAO: 0.332
Trial 696 finished with value: 0.3319730453686028 and parameters: {'window_influence': 0.44262460922542823, 'penalty_k': 0.13077169629206425, 'scale_lr': 0.2883856021517358}. Best is trial 386 with value: 0.35297253809086543.
checkpoint_e18 window_influence: 0.57134814426187119, penalty_k: 0.26331317420901384, scale_lr: 0.61184847157532629, EAO: 0.254
Trial 697 finished with value: 0.25416656922737446 and parameters: {'window_influence': 0.5713481442618712, 'penalty_k': 0.26331317420901384, 'scale_lr': 0.6118484715753263}. Best is trial 386 with value: 0.35297253809086543.
checkpoint_e18 window_influence: 0.34892099322567544, penalty_k: 0.29981351991218852, scale_lr: 0.42849737059236837, EAO: 0.284
Trial 698 finished with value: 0.28385414386073904 and parameters: {'window_influence': 0.34892099322567544, 'penalty_k': 0.2998135199121885, 'scale_lr': 0.42849737059236837}. Best is trial 386 with value: 0.35297253809086543.
checkpoint_e18 window_influence: 0.64895018077920152, penalty_k: 0.08905851818054333, scale_lr: 0.65446747010408690, EAO: 0.233
Trial 699 finished with value: 0.23284004588071475 and parameters: {'window_influence': 0.6489501807792015, 'penalty_k': 0.08905851818054333, 'scale_lr': 0.6544674701040869}. Best is trial 386 with value: 0.35297253809086543.
checkpoint_e18 window_influence: 0.45533913152289274, penalty_k: 0.15566835467331974, scale_lr: 0.59256072278472594, EAO: 0.329
Trial 700 finished with value: 0.32942581379691915 and parameters: {'window_influence': 0.45533913152289274, 'penalty_k': 0.15566835467331974, 'scale_lr': 0.5925607227847259}. Best is trial 386 with value: 0.35297253809086543.
checkpoint_e18 window_influence: 0.48352536144373348, penalty_k: 0.14234220869699868, scale_lr: 0.45270612289793932, EAO: 0.320
Trial 701 finished with value: 0.3195562411375083 and parameters: {'window_influence': 0.4835253614437335, 'penalty_k': 0.14234220869699868, 'scale_lr': 0.4527061228979393}. Best is trial 386 with value: 0.35297253809086543.
checkpoint_e18 window_influence: 0.46378582868649443, penalty_k: 0.11843152328723645, scale_lr: 0.37808332640747677, EAO: 0.330
Trial 702 finished with value: 0.32965131446081375 and parameters: {'window_influence': 0.46378582868649443, 'penalty_k': 0.11843152328723645, 'scale_lr': 0.37808332640747677}. Best is trial 386 with value: 0.35297253809086543.
checkpoint_e18 window_influence: 0.32735295027620726, penalty_k: 0.09476702770806915, scale_lr: 0.56472071130003432, EAO: 0.305
Trial 703 finished with value: 0.30452588328127733 and parameters: {'window_influence': 0.32735295027620726, 'penalty_k': 0.09476702770806915, 'scale_lr': 0.5647207113000343}. Best is trial 386 with value: 0.35297253809086543.
checkpoint_e18 window_influence: 0.43726413637747286, penalty_k: 0.07372436630978660, scale_lr: 0.31931154015650243, EAO: 0.324
Trial 704 finished with value: 0.32386464825632044 and parameters: {'window_influence': 0.43726413637747286, 'penalty_k': 0.0737243663097866, 'scale_lr': 0.3193115401565024}. Best is trial 386 with value: 0.35297253809086543.
checkpoint_e18 window_influence: 0.47116292946973598, penalty_k: 0.24889883930260651, scale_lr: 0.47376875832333426, EAO: 0.306
Trial 705 finished with value: 0.305672639944674 and parameters: {'window_influence': 0.471162929469736, 'penalty_k': 0.2488988393026065, 'scale_lr': 0.47376875832333426}. Best is trial 386 with value: 0.35297253809086543.
checkpoint_e18 window_influence: 0.17208988966363101, penalty_k: 0.10731864935350055, scale_lr: 0.35033643236026119, EAO: 0.279
Trial 706 finished with value: 0.2794847644372673 and parameters: {'window_influence': 0.172089889663631, 'penalty_k': 0.10731864935350055, 'scale_lr': 0.3503364323602612}. Best is trial 386 with value: 0.35297253809086543.
checkpoint_e18 window_influence: 0.49433749187805232, penalty_k: 0.31649620315413296, scale_lr: 0.57929492149654760, EAO: 0.304
Trial 707 finished with value: 0.3042549544271328 and parameters: {'window_influence': 0.4943374918780523, 'penalty_k': 0.31649620315413296, 'scale_lr': 0.5792949214965476}. Best is trial 386 with value: 0.35297253809086543.
checkpoint_e18 window_influence: 0.29102877671420430, penalty_k: 0.20960742566804319, scale_lr: 0.53063628259531526, EAO: 0.298
Trial 708 finished with value: 0.2981689445355523 and parameters: {'window_influence': 0.2910287767142043, 'penalty_k': 0.2096074256680432, 'scale_lr': 0.5306362825953153}. Best is trial 386 with value: 0.35297253809086543.
checkpoint_e18 window_influence: 0.18812032373154125, penalty_k: 0.22837988387675659, scale_lr: 0.72294737884938964, EAO: 0.284
Trial 709 finished with value: 0.28442558379488697 and parameters: {'window_influence': 0.18812032373154125, 'penalty_k': 0.2283798838767566, 'scale_lr': 0.7229473788493896}. Best is trial 386 with value: 0.35297253809086543.
checkpoint_e18 window_influence: 0.62243322701556358, penalty_k: 0.18273724726721918, scale_lr: 0.68357375446523438, EAO: 0.226
Trial 710 finished with value: 0.22552284476590065 and parameters: {'window_influence': 0.6224332270155636, 'penalty_k': 0.18273724726721918, 'scale_lr': 0.6835737544652344}. Best is trial 386 with value: 0.35297253809086543.
checkpoint_e18 window_influence: 0.44843637367738731, penalty_k: 0.13397172816147435, scale_lr: 0.21725041836481640, EAO: 0.326
Trial 711 finished with value: 0.32564774167212995 and parameters: {'window_influence': 0.4484363736773873, 'penalty_k': 0.13397172816147435, 'scale_lr': 0.2172504183648164}. Best is trial 386 with value: 0.35297253809086543.
checkpoint_e18 window_influence: 0.47851264888962802, penalty_k: 0.08351930768869337, scale_lr: 0.63775457749056130, EAO: 0.315
Trial 712 finished with value: 0.31515949274547367 and parameters: {'window_influence': 0.478512648889628, 'penalty_k': 0.08351930768869337, 'scale_lr': 0.6377545774905613}. Best is trial 386 with value: 0.35297253809086543.
checkpoint_e18 window_influence: 0.40068563879971814, penalty_k: 0.15945927543258245, scale_lr: 0.38741559514740354, EAO: 0.319
Trial 713 finished with value: 0.318575606445858 and parameters: {'window_influence': 0.40068563879971814, 'penalty_k': 0.15945927543258245, 'scale_lr': 0.38741559514740354}. Best is trial 386 with value: 0.35297253809086543.
checkpoint_e18 window_influence: 0.45992971016422357, penalty_k: 0.11928462193866456, scale_lr: 0.43121058457020600, EAO: 0.335
Trial 714 finished with value: 0.33497239707276977 and parameters: {'window_influence': 0.45992971016422357, 'penalty_k': 0.11928462193866456, 'scale_lr': 0.431210584570206}. Best is trial 386 with value: 0.35297253809086543.
checkpoint_e18 window_influence: 0.42179322545463183, penalty_k: 0.05496751871265610, scale_lr: 0.67576701150748231, EAO: 0.311
Trial 715 finished with value: 0.3114496838837746 and parameters: {'window_influence': 0.4217932254546318, 'penalty_k': 0.0549675187126561, 'scale_lr': 0.6757670115074823}. Best is trial 386 with value: 0.35297253809086543.
checkpoint_e18 window_influence: 0.44759249697782683, penalty_k: 0.36828264979577280, scale_lr: 0.33990550362184579, EAO: 0.322
Trial 716 finished with value: 0.3216753477948185 and parameters: {'window_influence': 0.4475924969778268, 'penalty_k': 0.3682826497957728, 'scale_lr': 0.3399055036218458}. Best is trial 386 with value: 0.35297253809086543.
checkpoint_e18 window_influence: 0.33780385864428919, penalty_k: 0.17091910362794330, scale_lr: 0.48686919024055192, EAO: 0.305
Trial 717 finished with value: 0.3049604897369207 and parameters: {'window_influence': 0.3378038586442892, 'penalty_k': 0.1709191036279433, 'scale_lr': 0.4868691902405519}. Best is trial 386 with value: 0.35297253809086543.
checkpoint_e18 window_influence: 0.49166363888693343, penalty_k: 0.10375676264457574, scale_lr: 0.54335365772105426, EAO: 0.316
Trial 718 finished with value: 0.31643065166612544 and parameters: {'window_influence': 0.49166363888693343, 'penalty_k': 0.10375676264457574, 'scale_lr': 0.5433536577210543}. Best is trial 386 with value: 0.35297253809086543.
checkpoint_e18 window_influence: 0.46541273262544097, penalty_k: 0.13839639200113832, scale_lr: 0.31090602827053915, EAO: 0.337
Trial 719 finished with value: 0.33732252304192184 and parameters: {'window_influence': 0.465412732625441, 'penalty_k': 0.13839639200113832, 'scale_lr': 0.31090602827053915}. Best is trial 386 with value: 0.35297253809086543.
checkpoint_e18 window_influence: 0.37027571926898750, penalty_k: 0.14776493176051830, scale_lr: 0.28409261680600323, EAO: 0.323
Trial 720 finished with value: 0.32275384531178825 and parameters: {'window_influence': 0.3702757192689875, 'penalty_k': 0.1477649317605183, 'scale_lr': 0.28409261680600323}. Best is trial 386 with value: 0.35297253809086543.
checkpoint_e18 window_influence: 0.43677007798299161, penalty_k: 0.13429325425636124, scale_lr: 0.30581158810653208, EAO: 0.327
Trial 721 finished with value: 0.32709893334932366 and parameters: {'window_influence': 0.4367700779829916, 'penalty_k': 0.13429325425636124, 'scale_lr': 0.3058115881065321}. Best is trial 386 with value: 0.35297253809086543.
checkpoint_e18 window_influence: 0.47759810035923661, penalty_k: 0.14987931138780916, scale_lr: 0.32057037262815535, EAO: 0.341
Trial 722 finished with value: 0.3412617802156085 and parameters: {'window_influence': 0.4775981003592366, 'penalty_k': 0.14987931138780916, 'scale_lr': 0.32057037262815535}. Best is trial 386 with value: 0.35297253809086543.
checkpoint_e18 window_influence: 0.48372750289024835, penalty_k: 0.14665759830853234, scale_lr: 0.31692281244590736, EAO: 0.316
Trial 723 finished with value: 0.31646866609382257 and parameters: {'window_influence': 0.48372750289024835, 'penalty_k': 0.14665759830853234, 'scale_lr': 0.31692281244590736}. Best is trial 386 with value: 0.35297253809086543.
checkpoint_e18 window_influence: 0.47242224058549359, penalty_k: 0.15879108835824898, scale_lr: 0.30026879292607056, EAO: 0.330
Trial 724 finished with value: 0.330217683361662 and parameters: {'window_influence': 0.4724222405854936, 'penalty_k': 0.15879108835824898, 'scale_lr': 0.30026879292607056}. Best is trial 386 with value: 0.35297253809086543.
checkpoint_e18 window_influence: 0.63775512635968146, penalty_k: 0.14139085860363698, scale_lr: 0.32809599514569376, EAO: 0.246
Trial 725 finished with value: 0.24593554953192923 and parameters: {'window_influence': 0.6377551263596815, 'penalty_k': 0.14139085860363698, 'scale_lr': 0.32809599514569376}. Best is trial 386 with value: 0.35297253809086543.
checkpoint_e18 window_influence: 0.49893899447366002, penalty_k: 0.33384952407648816, scale_lr: 0.69137215470597890, EAO: 0.302
Trial 726 finished with value: 0.3022246891886344 and parameters: {'window_influence': 0.49893899447366, 'penalty_k': 0.33384952407648816, 'scale_lr': 0.6913721547059789}. Best is trial 386 with value: 0.35297253809086543.
checkpoint_e18 window_influence: 0.48187817317245929, penalty_k: 0.30003414322214389, scale_lr: 0.32340350215482955, EAO: 0.314
Trial 727 finished with value: 0.3142851360924977 and parameters: {'window_influence': 0.4818781731724593, 'penalty_k': 0.3000341432221439, 'scale_lr': 0.32340350215482955}. Best is trial 386 with value: 0.35297253809086543.
checkpoint_e18 window_influence: 0.47165328187576849, penalty_k: 0.12729464856447895, scale_lr: 0.30949657859719909, EAO: 0.323
Trial 728 finished with value: 0.3225058859308406 and parameters: {'window_influence': 0.4716532818757685, 'penalty_k': 0.12729464856447895, 'scale_lr': 0.3094965785971991}. Best is trial 386 with value: 0.35297253809086543.
checkpoint_e18 window_influence: 0.49798024101817617, penalty_k: 0.15209043910254474, scale_lr: 0.28555399794905995, EAO: 0.313
Trial 729 finished with value: 0.3132915748464458 and parameters: {'window_influence': 0.4979802410181762, 'penalty_k': 0.15209043910254474, 'scale_lr': 0.28555399794905995}. Best is trial 386 with value: 0.35297253809086543.
checkpoint_e18 window_influence: 0.46264106934309901, penalty_k: 0.16625771067311310, scale_lr: 0.44696332292047991, EAO: 0.320
Trial 730 finished with value: 0.31953304489994794 and parameters: {'window_influence': 0.462641069343099, 'penalty_k': 0.1662577106731131, 'scale_lr': 0.4469633229204799}. Best is trial 386 with value: 0.35297253809086543.
checkpoint_e18 window_influence: 0.48461415406950092, penalty_k: 0.13637675984764897, scale_lr: 0.33356129966115577, EAO: 0.318
Trial 731 finished with value: 0.3183171741577438 and parameters: {'window_influence': 0.4846141540695009, 'penalty_k': 0.13637675984764897, 'scale_lr': 0.3335612996611558}. Best is trial 386 with value: 0.35297253809086543.
checkpoint_e18 window_influence: 0.56670937492816731, penalty_k: 0.12468244391584625, scale_lr: 0.47113903357904574, EAO: 0.273
Trial 732 finished with value: 0.2726851381680381 and parameters: {'window_influence': 0.5667093749281673, 'penalty_k': 0.12468244391584625, 'scale_lr': 0.47113903357904574}. Best is trial 386 with value: 0.35297253809086543.
checkpoint_e18 window_influence: 0.05220683053794972, penalty_k: 0.27530908567338130, scale_lr: 0.31127569179020370, EAO: 0.235
Trial 733 finished with value: 0.23522986923906125 and parameters: {'window_influence': 0.05220683053794972, 'penalty_k': 0.2753090856733813, 'scale_lr': 0.3112756917902037}. Best is trial 386 with value: 0.35297253809086543.
checkpoint_e18 window_influence: 0.24926513566718694, penalty_k: 0.07001778505974665, scale_lr: 0.29608378305706679, EAO: 0.299
Trial 734 finished with value: 0.2992819040897755 and parameters: {'window_influence': 0.24926513566718694, 'penalty_k': 0.07001778505974665, 'scale_lr': 0.2960837830570668}. Best is trial 386 with value: 0.35297253809086543.
checkpoint_e18 window_influence: 0.47569069277316522, penalty_k: 0.00954794525253011, scale_lr: 0.52963045928234886, EAO: 0.303
Trial 735 finished with value: 0.3029727758948441 and parameters: {'window_influence': 0.4756906927731652, 'penalty_k': 0.00954794525253011, 'scale_lr': 0.5296304592823489}. Best is trial 386 with value: 0.35297253809086543.
checkpoint_e18 window_influence: 0.35726583702302128, penalty_k: 0.25585168782932366, scale_lr: 0.58864160083200434, EAO: 0.286
Trial 736 finished with value: 0.2864593513280965 and parameters: {'window_influence': 0.3572658370230213, 'penalty_k': 0.25585168782932366, 'scale_lr': 0.5886416008320043}. Best is trial 386 with value: 0.35297253809086543.
checkpoint_e18 window_influence: 0.61347363860538162, penalty_k: 0.29258966247530771, scale_lr: 0.46181913791532808, EAO: 0.237
Trial 737 finished with value: 0.2368303327476932 and parameters: {'window_influence': 0.6134736386053816, 'penalty_k': 0.2925896624753077, 'scale_lr': 0.4618191379153281}. Best is trial 386 with value: 0.35297253809086543.
checkpoint_e18 window_influence: 0.07458437803981832, penalty_k: 0.15452718110986674, scale_lr: 0.62309450711159453, EAO: 0.269
