Trial 1606 finished with value: 0.32995799920206403 and parameters: {'window_influence': 0.46372552096498504, 'penalty_k': 0.15585661484021596, 'scale_lr': 0.22622483815469827}. Best is trial 1270 with value: 0.3623636909959845.
checkpoint_e22 window_influence: 0.43674581156492143, penalty_k: 0.07643604910078194, scale_lr: 0.33269983487473020, EAO: 0.301
Trial 1607 finished with value: 0.30084514983201305 and parameters: {'window_influence': 0.4367458115649214, 'penalty_k': 0.07643604910078194, 'scale_lr': 0.3326998348747302}. Best is trial 1270 with value: 0.3623636909959845.
checkpoint_e22 window_influence: 0.47938734574913577, penalty_k: 0.01430296115340271, scale_lr: 0.62430268593713500, EAO: 0.353
Trial 1608 finished with value: 0.3531960580599447 and parameters: {'window_influence': 0.4793873457491358, 'penalty_k': 0.014302961153402707, 'scale_lr': 0.624302685937135}. Best is trial 1270 with value: 0.3623636909959845.
checkpoint_e22 window_influence: 0.45269932018101561, penalty_k: 0.37990108109583914, scale_lr: 0.71656616837256892, EAO: 0.312
Trial 1609 finished with value: 0.31206315344177793 and parameters: {'window_influence': 0.4526993201810156, 'penalty_k': 0.37990108109583914, 'scale_lr': 0.7165661683725689}. Best is trial 1270 with value: 0.3623636909959845.
checkpoint_e22 window_influence: 0.11195856377247732, penalty_k: 0.10955251066447011, scale_lr: 0.59852990113241322, EAO: 0.252
Trial 1610 finished with value: 0.25153976516500987 and parameters: {'window_influence': 0.11195856377247732, 'penalty_k': 0.10955251066447011, 'scale_lr': 0.5985299011324132}. Best is trial 1270 with value: 0.3623636909959845.
checkpoint_e22 window_influence: 0.47116865520860551, penalty_k: 0.01051573869879584, scale_lr: 0.63884538252859135, EAO: 0.340
Trial 1611 finished with value: 0.33959117566565133 and parameters: {'window_influence': 0.4711686552086055, 'penalty_k': 0.010515738698795836, 'scale_lr': 0.6388453825285914}. Best is trial 1270 with value: 0.3623636909959845.
checkpoint_e22 window_influence: 0.47770009851941669, penalty_k: 0.00006474732339925, scale_lr: 0.60409522498451562, EAO: 0.342
Trial 1612 finished with value: 0.34166916764199967 and parameters: {'window_influence': 0.4777000985194167, 'penalty_k': 6.474732339925271e-05, 'scale_lr': 0.6040952249845156}. Best is trial 1270 with value: 0.3623636909959845.
checkpoint_e22 window_influence: 0.45603012151773609, penalty_k: 0.14516505064351420, scale_lr: 0.63143590626035362, EAO: 0.324
Trial 1613 finished with value: 0.32365722971667577 and parameters: {'window_influence': 0.4560301215177361, 'penalty_k': 0.1451650506435142, 'scale_lr': 0.6314359062603536}. Best is trial 1270 with value: 0.3623636909959845.
checkpoint_e22 window_influence: 0.47015791774320320, penalty_k: 0.09032392088215395, scale_lr: 0.67519200727574280, EAO: 0.323
Trial 1614 finished with value: 0.3227414726515224 and parameters: {'window_influence': 0.4701579177432032, 'penalty_k': 0.09032392088215395, 'scale_lr': 0.6751920072757428}. Best is trial 1270 with value: 0.3623636909959845.
checkpoint_e22 window_influence: 0.25267872014762116, penalty_k: 0.52275408603010520, scale_lr: 0.62901749345814195, EAO: 0.273
Trial 1615 finished with value: 0.27272446540543077 and parameters: {'window_influence': 0.25267872014762116, 'penalty_k': 0.5227540860301052, 'scale_lr': 0.629017493458142}. Best is trial 1270 with value: 0.3623636909959845.
checkpoint_e22 window_influence: 0.44627189203630269, penalty_k: 0.21542175222190518, scale_lr: 0.62362469981433388, EAO: 0.308
Trial 1616 finished with value: 0.30820258674918444 and parameters: {'window_influence': 0.4462718920363027, 'penalty_k': 0.21542175222190518, 'scale_lr': 0.6236246998143339}. Best is trial 1270 with value: 0.3623636909959845.
checkpoint_e22 window_influence: 0.48212960245918857, penalty_k: 0.22111370110951895, scale_lr: 0.79985481255928192, EAO: 0.319
Trial 1617 finished with value: 0.3194109650785357 and parameters: {'window_influence': 0.48212960245918857, 'penalty_k': 0.22111370110951895, 'scale_lr': 0.7998548125592819}. Best is trial 1270 with value: 0.3623636909959845.
checkpoint_e22 window_influence: 0.31235050667606501, penalty_k: 0.57715752087249239, scale_lr: 0.60731377815659937, EAO: 0.292
Trial 1618 finished with value: 0.29151891867706287 and parameters: {'window_influence': 0.312350506676065, 'penalty_k': 0.5771575208724924, 'scale_lr': 0.6073137781565994}. Best is trial 1270 with value: 0.3623636909959845.
checkpoint_e22 window_influence: 0.46768910179970191, penalty_k: 0.30095056008399845, scale_lr: 0.58875674383937804, EAO: 0.300
Trial 1619 finished with value: 0.29984616392549374 and parameters: {'window_influence': 0.4676891017997019, 'penalty_k': 0.30095056008399845, 'scale_lr': 0.588756743839378}. Best is trial 1270 with value: 0.3623636909959845.
checkpoint_e22 window_influence: 0.45740497379837342, penalty_k: 0.11989287589336438, scale_lr: 0.60838239947126038, EAO: 0.322
Trial 1620 finished with value: 0.32195886911585175 and parameters: {'window_influence': 0.4574049737983734, 'penalty_k': 0.11989287589336438, 'scale_lr': 0.6083823994712604}. Best is trial 1270 with value: 0.3623636909959845.
checkpoint_e22 window_influence: 0.48349681238731451, penalty_k: 0.23825944514477748, scale_lr: 0.68762967608776682, EAO: 0.319
Trial 1621 finished with value: 0.3193664377417546 and parameters: {'window_influence': 0.4834968123873145, 'penalty_k': 0.23825944514477748, 'scale_lr': 0.6876296760877668}. Best is trial 1270 with value: 0.3623636909959845.
checkpoint_e22 window_influence: 0.42581938437841788, penalty_k: 0.06761065801825460, scale_lr: 0.35516352854003058, EAO: 0.337
Trial 1622 finished with value: 0.33660142871656307 and parameters: {'window_influence': 0.4258193843784179, 'penalty_k': 0.0676106580182546, 'scale_lr': 0.3551635285400306}. Best is trial 1270 with value: 0.3623636909959845.
checkpoint_e22 window_influence: 0.44534928958772763, penalty_k: 0.49047494471197300, scale_lr: 0.61747303144865340, EAO: 0.310
Trial 1623 finished with value: 0.31048407240368514 and parameters: {'window_influence': 0.4453492895877276, 'penalty_k': 0.490474944711973, 'scale_lr': 0.6174730314486534}. Best is trial 1270 with value: 0.3623636909959845.
checkpoint_e22 window_influence: 0.35440099853660756, penalty_k: 0.37560761967268858, scale_lr: 0.61848729446307427, EAO: 0.312
Trial 1624 finished with value: 0.3116162282483587 and parameters: {'window_influence': 0.35440099853660756, 'penalty_k': 0.3756076196726886, 'scale_lr': 0.6184872944630743}. Best is trial 1270 with value: 0.3623636909959845.
checkpoint_e22 window_influence: 0.46625664734447225, penalty_k: 0.36060571470939717, scale_lr: 0.56279600915326300, EAO: 0.298
Trial 1625 finished with value: 0.29839117465548015 and parameters: {'window_influence': 0.46625664734447225, 'penalty_k': 0.3606057147093972, 'scale_lr': 0.562796009153263}. Best is trial 1270 with value: 0.3623636909959845.
checkpoint_e22 window_influence: 0.48963349873970613, penalty_k: 0.12845304158577825, scale_lr: 0.34274840487655300, EAO: 0.338
Trial 1626 finished with value: 0.3384198519738268 and parameters: {'window_influence': 0.48963349873970613, 'penalty_k': 0.12845304158577825, 'scale_lr': 0.342748404876553}. Best is trial 1270 with value: 0.3623636909959845.
checkpoint_e22 window_influence: 0.38099811225237057, penalty_k: 0.39004753711851980, scale_lr: 0.61303468291244678, EAO: 0.315
Trial 1627 finished with value: 0.31450651429506593 and parameters: {'window_influence': 0.38099811225237057, 'penalty_k': 0.3900475371185198, 'scale_lr': 0.6130346829124468}. Best is trial 1270 with value: 0.3623636909959845.
checkpoint_e22 window_influence: 0.22343534121704864, penalty_k: 0.10015691669832853, scale_lr: 0.37229688848735942, EAO: 0.286
Trial 1628 finished with value: 0.2858021773021045 and parameters: {'window_influence': 0.22343534121704864, 'penalty_k': 0.10015691669832853, 'scale_lr': 0.3722968884873594}. Best is trial 1270 with value: 0.3623636909959845.
checkpoint_e22 window_influence: 0.10376080404325264, penalty_k: 0.01486029199164401, scale_lr: 0.59557454657801734, EAO: 0.271
Trial 1629 finished with value: 0.27065834698742003 and parameters: {'window_influence': 0.10376080404325264, 'penalty_k': 0.014860291991644006, 'scale_lr': 0.5955745465780173}. Best is trial 1270 with value: 0.3623636909959845.
checkpoint_e22 window_influence: 0.47623330129432190, penalty_k: 0.03058399448366044, scale_lr: 0.57931193076331222, EAO: 0.319
Trial 1630 finished with value: 0.31854698456215025 and parameters: {'window_influence': 0.4762333012943219, 'penalty_k': 0.030583994483660445, 'scale_lr': 0.5793119307633122}. Best is trial 1270 with value: 0.3623636909959845.
checkpoint_e22 window_influence: 0.43777834419401673, penalty_k: 0.33532397398107594, scale_lr: 0.64956894483095773, EAO: 0.300
Trial 1631 finished with value: 0.3003797429081067 and parameters: {'window_influence': 0.43777834419401673, 'penalty_k': 0.33532397398107594, 'scale_lr': 0.6495689448309577}. Best is trial 1270 with value: 0.3623636909959845.
checkpoint_e22 window_influence: 0.45998663767288650, penalty_k: 0.08589916617414470, scale_lr: 0.13303713085015978, EAO: 0.324
Trial 1632 finished with value: 0.3236505161347556 and parameters: {'window_influence': 0.4599866376728865, 'penalty_k': 0.0858991661741447, 'scale_lr': 0.13303713085015978}. Best is trial 1270 with value: 0.3623636909959845.
checkpoint_e22 window_influence: 0.49251641448881806, penalty_k: 0.43026612251927460, scale_lr: 0.20488900872939814, EAO: 0.296
Trial 1633 finished with value: 0.29640082035083254 and parameters: {'window_influence': 0.49251641448881806, 'penalty_k': 0.4302661225192746, 'scale_lr': 0.20488900872939814}. Best is trial 1270 with value: 0.3623636909959845.
checkpoint_e22 window_influence: 0.27917063477524778, penalty_k: 0.04669806336156589, scale_lr: 0.38626667179769814, EAO: 0.272
Trial 1634 finished with value: 0.2717246202759242 and parameters: {'window_influence': 0.2791706347752478, 'penalty_k': 0.046698063361565886, 'scale_lr': 0.38626667179769814}. Best is trial 1270 with value: 0.3623636909959845.
checkpoint_e22 window_influence: 0.47748222483293939, penalty_k: 0.11203303632297151, scale_lr: 0.14874171936150798, EAO: 0.337
Trial 1635 finished with value: 0.3368870172983014 and parameters: {'window_influence': 0.4774822248329394, 'penalty_k': 0.11203303632297151, 'scale_lr': 0.14874171936150798}. Best is trial 1270 with value: 0.3623636909959845.
checkpoint_e22 window_influence: 0.46621244451019289, penalty_k: 0.13893038406174410, scale_lr: 0.75568107108885063, EAO: 0.322
Trial 1636 finished with value: 0.32188800945588125 and parameters: {'window_influence': 0.4662124445101929, 'penalty_k': 0.1389303840617441, 'scale_lr': 0.7556810710888506}. Best is trial 1270 with value: 0.3623636909959845.
checkpoint_e22 window_influence: 0.45174572575176569, penalty_k: 0.41141223791693016, scale_lr: 0.77215377249759332, EAO: 0.303
Trial 1637 finished with value: 0.30339353343160236 and parameters: {'window_influence': 0.4517457257517657, 'penalty_k': 0.41141223791693016, 'scale_lr': 0.7721537724975933}. Best is trial 1270 with value: 0.3623636909959845.
checkpoint_e22 window_influence: 0.48381780740250852, penalty_k: 0.01151053939219457, scale_lr: 0.42994768740712447, EAO: 0.326
Trial 1638 finished with value: 0.3257300811402993 and parameters: {'window_influence': 0.4838178074025085, 'penalty_k': 0.011510539392194569, 'scale_lr': 0.42994768740712447}. Best is trial 1270 with value: 0.3623636909959845.
checkpoint_e22 window_influence: 0.16746515307394305, penalty_k: 0.07129088789147936, scale_lr: 0.31921061448533899, EAO: 0.267
Trial 1639 finished with value: 0.2669130619977699 and parameters: {'window_influence': 0.16746515307394305, 'penalty_k': 0.07129088789147936, 'scale_lr': 0.319210614485339}. Best is trial 1270 with value: 0.3623636909959845.
checkpoint_e22 window_influence: 0.41220468390105897, penalty_k: 0.10067311798089716, scale_lr: 0.66044248190426147, EAO: 0.325
Trial 1640 finished with value: 0.3251730020408037 and parameters: {'window_influence': 0.41220468390105897, 'penalty_k': 0.10067311798089716, 'scale_lr': 0.6604424819042615}. Best is trial 1270 with value: 0.3623636909959845.
checkpoint_e22 window_influence: 0.09092085807113576, penalty_k: 0.02073319751039788, scale_lr: 0.11737735201177885, EAO: 0.248
Trial 1641 finished with value: 0.2478255550685096 and parameters: {'window_influence': 0.09092085807113576, 'penalty_k': 0.020733197510397875, 'scale_lr': 0.11737735201177885}. Best is trial 1270 with value: 0.3623636909959845.
checkpoint_e22 window_influence: 0.22293231151492746, penalty_k: 0.18978663610901350, scale_lr: 0.70681851229998616, EAO: 0.259
Trial 1642 finished with value: 0.25883660764081934 and parameters: {'window_influence': 0.22293231151492746, 'penalty_k': 0.1897866361090135, 'scale_lr': 0.7068185122999862}. Best is trial 1270 with value: 0.3623636909959845.
checkpoint_e22 window_influence: 0.60616056514653593, penalty_k: 0.28522157455643449, scale_lr: 0.35890667586201119, EAO: 0.234
Trial 1643 finished with value: 0.2344067323996399 and parameters: {'window_influence': 0.6061605651465359, 'penalty_k': 0.2852215745564345, 'scale_lr': 0.3589066758620112}. Best is trial 1270 with value: 0.3623636909959845.
checkpoint_e22 window_influence: 0.10053327061262501, penalty_k: 0.00010775981024297, scale_lr: 0.59149572828485653, EAO: 0.255
Trial 1644 finished with value: 0.2551857005761291 and parameters: {'window_influence': 0.10053327061262501, 'penalty_k': 0.00010775981024296541, 'scale_lr': 0.5914957282848565}. Best is trial 1270 with value: 0.3623636909959845.
checkpoint_e22 window_influence: 0.29817429423623620, penalty_k: 0.44392732074194474, scale_lr: 0.45049180720371362, EAO: 0.282
Trial 1645 finished with value: 0.2821572261213792 and parameters: {'window_influence': 0.2981742942362362, 'penalty_k': 0.44392732074194474, 'scale_lr': 0.4504918072037136}. Best is trial 1270 with value: 0.3623636909959845.
checkpoint_e22 window_influence: 0.17770102736898100, penalty_k: 0.15725057557126876, scale_lr: 0.33883704860266955, EAO: 0.261
Trial 1646 finished with value: 0.26133795534822263 and parameters: {'window_influence': 0.177701027368981, 'penalty_k': 0.15725057557126876, 'scale_lr': 0.33883704860266955}. Best is trial 1270 with value: 0.3623636909959845.
checkpoint_e22 window_influence: 0.64502800966427354, penalty_k: 0.18303321274192177, scale_lr: 0.54647652719591977, EAO: 0.232
Trial 1647 finished with value: 0.23187879058405583 and parameters: {'window_influence': 0.6450280096642735, 'penalty_k': 0.18303321274192177, 'scale_lr': 0.5464765271959198}. Best is trial 1270 with value: 0.3623636909959845.
checkpoint_e22 window_influence: 0.34226278328666687, penalty_k: 0.12440830938340457, scale_lr: 0.40962220914589537, EAO: 0.294
Trial 1648 finished with value: 0.2943381879348235 and parameters: {'window_influence': 0.34226278328666687, 'penalty_k': 0.12440830938340457, 'scale_lr': 0.40962220914589537}. Best is trial 1270 with value: 0.3623636909959845.
checkpoint_e22 window_influence: 0.49370754819871954, penalty_k: 0.08399807255517291, scale_lr: 0.57810201577443499, EAO: 0.329
Trial 1649 finished with value: 0.3293569743169421 and parameters: {'window_influence': 0.49370754819871954, 'penalty_k': 0.08399807255517291, 'scale_lr': 0.578102015774435}. Best is trial 1270 with value: 0.3623636909959845.
checkpoint_e22 window_influence: 0.47390787249496386, penalty_k: 0.05823711394833339, scale_lr: 0.46795127125761105, EAO: 0.317
Trial 1650 finished with value: 0.31717933354906536 and parameters: {'window_influence': 0.47390787249496386, 'penalty_k': 0.05823711394833339, 'scale_lr': 0.46795127125761105}. Best is trial 1270 with value: 0.3623636909959845.
checkpoint_e22 window_influence: 0.57471839037685424, penalty_k: 0.03901969221042675, scale_lr: 0.64158007146487728, EAO: 0.276
Trial 1651 finished with value: 0.2757677684034355 and parameters: {'window_influence': 0.5747183903768542, 'penalty_k': 0.03901969221042675, 'scale_lr': 0.6415800714648773}. Best is trial 1270 with value: 0.3623636909959845.
checkpoint_e22 window_influence: 0.43841475734894297, penalty_k: 0.30904012285182036, scale_lr: 0.72402005226662580, EAO: 0.313
Trial 1652 finished with value: 0.31323379649262484 and parameters: {'window_influence': 0.438414757348943, 'penalty_k': 0.30904012285182036, 'scale_lr': 0.7240200522666258}. Best is trial 1270 with value: 0.3623636909959845.
checkpoint_e22 window_influence: 0.22969500310007390, penalty_k: 0.36381903598267429, scale_lr: 0.74648873198858412, EAO: 0.262
Trial 1653 finished with value: 0.2616638080851113 and parameters: {'window_influence': 0.2296950031000739, 'penalty_k': 0.3638190359826743, 'scale_lr': 0.7464887319885841}. Best is trial 1270 with value: 0.3623636909959845.
checkpoint_e22 window_influence: 0.46037811694578790, penalty_k: 0.25134857912278552, scale_lr: 0.35094829050893178, EAO: 0.323
Trial 1654 finished with value: 0.32320756665231654 and parameters: {'window_influence': 0.4603781169457879, 'penalty_k': 0.2513485791227855, 'scale_lr': 0.3509482905089318}. Best is trial 1270 with value: 0.3623636909959845.
checkpoint_e22 window_influence: 0.27100245176959659, penalty_k: 0.21012759378845439, scale_lr: 0.61999551842043332, EAO: 0.275
Trial 1655 finished with value: 0.27478054461544127 and parameters: {'window_influence': 0.2710024517695966, 'penalty_k': 0.2101275937884544, 'scale_lr': 0.6199955184204333}. Best is trial 1270 with value: 0.3623636909959845.
checkpoint_e22 window_influence: 0.51157554540152372, penalty_k: 0.27918179892148487, scale_lr: 0.31614127443488632, EAO: 0.298
Trial 1656 finished with value: 0.29834327745298467 and parameters: {'window_influence': 0.5115755454015237, 'penalty_k': 0.27918179892148487, 'scale_lr': 0.3161412744348863}. Best is trial 1270 with value: 0.3623636909959845.
checkpoint_e22 window_influence: 0.55589858716957086, penalty_k: 0.09478755212933809, scale_lr: 0.68673750209850726, EAO: 0.286
Trial 1657 finished with value: 0.28559845059762207 and parameters: {'window_influence': 0.5558985871695709, 'penalty_k': 0.09478755212933809, 'scale_lr': 0.6867375020985073}. Best is trial 1270 with value: 0.3623636909959845.
checkpoint_e22 window_influence: 0.48527353866886974, penalty_k: 0.11152007990009999, scale_lr: 0.37950609032102467, EAO: 0.328
Trial 1658 finished with value: 0.3275570874084295 and parameters: {'window_influence': 0.48527353866886974, 'penalty_k': 0.11152007990009999, 'scale_lr': 0.37950609032102467}. Best is trial 1270 with value: 0.3623636909959845.
checkpoint_e22 window_influence: 0.42866441445048897, penalty_k: 0.27512048717821425, scale_lr: 0.10144045600203427, EAO: 0.292
Trial 1659 finished with value: 0.29229073330817984 and parameters: {'window_influence': 0.428664414450489, 'penalty_k': 0.27512048717821425, 'scale_lr': 0.10144045600203427}. Best is trial 1270 with value: 0.3623636909959845.
checkpoint_e22 window_influence: 0.47107442632805591, penalty_k: 0.01276393641040798, scale_lr: 0.56713563938174405, EAO: 0.350
Trial 1660 finished with value: 0.34977362290430625 and parameters: {'window_influence': 0.4710744263280559, 'penalty_k': 0.012763936410407977, 'scale_lr': 0.567135639381744}. Best is trial 1270 with value: 0.3623636909959845.
checkpoint_e22 window_influence: 0.44798492055497652, penalty_k: 0.03146107407959688, scale_lr: 0.43796574748012124, EAO: 0.313
Trial 1661 finished with value: 0.31316425880337506 and parameters: {'window_influence': 0.4479849205549765, 'penalty_k': 0.03146107407959688, 'scale_lr': 0.43796574748012124}. Best is trial 1270 with value: 0.3623636909959845.
checkpoint_e22 window_influence: 0.45670780640833003, penalty_k: 0.05561074427828516, scale_lr: 0.60233183311881255, EAO: 0.341
Trial 1662 finished with value: 0.34104467644301834 and parameters: {'window_influence': 0.45670780640833003, 'penalty_k': 0.055610744278285155, 'scale_lr': 0.6023318331188126}. Best is trial 1270 with value: 0.3623636909959845.
checkpoint_e22 window_influence: 0.46816573624234542, penalty_k: 0.03779655948921069, scale_lr: 0.40790865508367086, EAO: 0.306
Trial 1663 finished with value: 0.3060441788300466 and parameters: {'window_influence': 0.4681657362423454, 'penalty_k': 0.037796559489210686, 'scale_lr': 0.40790865508367086}. Best is trial 1270 with value: 0.3623636909959845.
checkpoint_e22 window_influence: 0.44683359019111529, penalty_k: 0.16591344570778027, scale_lr: 0.62325812777205414, EAO: 0.324
Trial 1664 finished with value: 0.32362777029493905 and parameters: {'window_influence': 0.4468335901911153, 'penalty_k': 0.16591344570778027, 'scale_lr': 0.6232581277720541}. Best is trial 1270 with value: 0.3623636909959845.
checkpoint_e22 window_influence: 0.58846723744373186, penalty_k: 0.02406367886148723, scale_lr: 0.58647861016087721, EAO: 0.259
Trial 1665 finished with value: 0.2585604103854658 and parameters: {'window_influence': 0.5884672374437319, 'penalty_k': 0.024063678861487234, 'scale_lr': 0.5864786101608772}. Best is trial 1270 with value: 0.3623636909959845.
checkpoint_e22 window_influence: 0.61968064344018237, penalty_k: 0.12718361196903968, scale_lr: 0.38911308974908349, EAO: 0.239
Trial 1666 finished with value: 0.23944520266139555 and parameters: {'window_influence': 0.6196806434401824, 'penalty_k': 0.12718361196903968, 'scale_lr': 0.3891130897490835}. Best is trial 1270 with value: 0.3623636909959845.
checkpoint_e22 window_influence: 0.46342305999333810, penalty_k: 0.07260143291511689, scale_lr: 0.61134435558211342, EAO: 0.341
