Trial 966 finished with value: 0.30755983623549166 and parameters: {'window_influence': 0.286281895891264, 'penalty_k': 0.18296985893836154, 'scale_lr': 0.7998783498371488}. Best is trial 896 with value: 0.3777425812144224.
checkpoint_e33 window_influence: 0.39062710110969695, penalty_k: 0.18831528557061597, scale_lr: 0.44914090555872066, EAO: 0.307
Trial 967 finished with value: 0.30749663774373465 and parameters: {'window_influence': 0.39062710110969695, 'penalty_k': 0.18831528557061597, 'scale_lr': 0.44914090555872066}. Best is trial 896 with value: 0.3777425812144224.
checkpoint_e33 window_influence: 0.50457515181216861, penalty_k: 0.56366863889305896, scale_lr: 0.63724309879749808, EAO: 0.305
Trial 968 finished with value: 0.3052983397639679 and parameters: {'window_influence': 0.5045751518121686, 'penalty_k': 0.563668638893059, 'scale_lr': 0.6372430987974981}. Best is trial 896 with value: 0.3777425812144224.
checkpoint_e33 window_influence: 0.23197140513334175, penalty_k: 0.38359407485569030, scale_lr: 0.25574631642093243, EAO: 0.281
Trial 969 finished with value: 0.2810116708858468 and parameters: {'window_influence': 0.23197140513334175, 'penalty_k': 0.3835940748556903, 'scale_lr': 0.25574631642093243}. Best is trial 896 with value: 0.3777425812144224.
checkpoint_e33 window_influence: 0.36000916858426113, penalty_k: 0.07101882501257352, scale_lr: 0.49124382772425979, EAO: 0.326
Trial 970 finished with value: 0.32595643296779825 and parameters: {'window_influence': 0.36000916858426113, 'penalty_k': 0.07101882501257352, 'scale_lr': 0.4912438277242598}. Best is trial 896 with value: 0.3777425812144224.
checkpoint_e33 window_influence: 0.48341177907990646, penalty_k: 0.59815870143989003, scale_lr: 0.41741496590316707, EAO: 0.308
Trial 971 finished with value: 0.3075996534137874 and parameters: {'window_influence': 0.48341177907990646, 'penalty_k': 0.59815870143989, 'scale_lr': 0.41741496590316707}. Best is trial 896 with value: 0.3777425812144224.
checkpoint_e33 window_influence: 0.47342954902089035, penalty_k: 0.49630345087812877, scale_lr: 0.75236414517707717, EAO: 0.307
Trial 972 finished with value: 0.30655596344387487 and parameters: {'window_influence': 0.47342954902089035, 'penalty_k': 0.49630345087812877, 'scale_lr': 0.7523641451770772}. Best is trial 896 with value: 0.3777425812144224.
checkpoint_e33 window_influence: 0.64553255230103357, penalty_k: 0.47024959298317198, scale_lr: 0.15418486550220914, EAO: 0.219
Trial 973 finished with value: 0.21897132630941932 and parameters: {'window_influence': 0.6455325523010336, 'penalty_k': 0.470249592983172, 'scale_lr': 0.15418486550220914}. Best is trial 896 with value: 0.3777425812144224.
checkpoint_e33 window_influence: 0.63196001683223391, penalty_k: 0.54106738783987507, scale_lr: 0.77069322737739465, EAO: 0.226
Trial 974 finished with value: 0.22591527455743649 and parameters: {'window_influence': 0.6319600168322339, 'penalty_k': 0.5410673878398751, 'scale_lr': 0.7706932273773947}. Best is trial 896 with value: 0.3777425812144224.
checkpoint_e33 window_influence: 0.43426033147082554, penalty_k: 0.11403840456150330, scale_lr: 0.51732954034369838, EAO: 0.320
Trial 975 finished with value: 0.32000645832792796 and parameters: {'window_influence': 0.43426033147082554, 'penalty_k': 0.1140384045615033, 'scale_lr': 0.5173295403436984}. Best is trial 896 with value: 0.3777425812144224.
checkpoint_e33 window_influence: 0.42009677351032082, penalty_k: 0.13616591569939510, scale_lr: 0.46584381110272949, EAO: 0.328
Trial 976 finished with value: 0.3279074170710048 and parameters: {'window_influence': 0.4200967735103208, 'penalty_k': 0.1361659156993951, 'scale_lr': 0.4658438111027295}. Best is trial 896 with value: 0.3777425812144224.
checkpoint_e33 window_influence: 0.33208803195585496, penalty_k: 0.07678411178198716, scale_lr: 0.60127125641610935, EAO: 0.317
Trial 977 finished with value: 0.3168883676774771 and parameters: {'window_influence': 0.33208803195585496, 'penalty_k': 0.07678411178198716, 'scale_lr': 0.6012712564161093}. Best is trial 896 with value: 0.3777425812144224.
checkpoint_e33 window_influence: 0.11148221531356078, penalty_k: 0.45950023734690576, scale_lr: 0.62799393680783722, EAO: 0.256
Trial 978 finished with value: 0.2558185212922931 and parameters: {'window_influence': 0.11148221531356078, 'penalty_k': 0.45950023734690576, 'scale_lr': 0.6279939368078372}. Best is trial 896 with value: 0.3777425812144224.
checkpoint_e33 window_influence: 0.49120384850509657, penalty_k: 0.06107269849407489, scale_lr: 0.14030823759262334, EAO: 0.345
Trial 979 finished with value: 0.34527030204520615 and parameters: {'window_influence': 0.4912038485050966, 'penalty_k': 0.061072698494074894, 'scale_lr': 0.14030823759262334}. Best is trial 896 with value: 0.3777425812144224.
checkpoint_e33 window_influence: 0.52991073820261825, penalty_k: 0.30032148564009997, scale_lr: 0.47637532057782961, EAO: 0.295
Trial 980 finished with value: 0.2950858970096603 and parameters: {'window_influence': 0.5299107382026182, 'penalty_k': 0.30032148564009997, 'scale_lr': 0.4763753205778296}. Best is trial 896 with value: 0.3777425812144224.
checkpoint_e33 window_influence: 0.51332573264425119, penalty_k: 0.12794908623014944, scale_lr: 0.28164799038098154, EAO: 0.321
Trial 981 finished with value: 0.3209703866725766 and parameters: {'window_influence': 0.5133257326442512, 'penalty_k': 0.12794908623014944, 'scale_lr': 0.28164799038098154}. Best is trial 896 with value: 0.3777425812144224.
checkpoint_e33 window_influence: 0.13690543644076950, penalty_k: 0.15465447503236895, scale_lr: 0.64532940960447016, EAO: 0.270
Trial 982 finished with value: 0.2696677704961383 and parameters: {'window_influence': 0.1369054364407695, 'penalty_k': 0.15465447503236895, 'scale_lr': 0.6453294096044702}. Best is trial 896 with value: 0.3777425812144224.
checkpoint_e33 window_influence: 0.27312299528632178, penalty_k: 0.28338980825832416, scale_lr: 0.24753473144736862, EAO: 0.285
Trial 983 finished with value: 0.2847597490024938 and parameters: {'window_influence': 0.2731229952863218, 'penalty_k': 0.28338980825832416, 'scale_lr': 0.24753473144736862}. Best is trial 896 with value: 0.3777425812144224.
checkpoint_e33 window_influence: 0.46742085115749493, penalty_k: 0.08865325460421181, scale_lr: 0.43044342908432420, EAO: 0.339
Trial 984 finished with value: 0.33868009327450616 and parameters: {'window_influence': 0.46742085115749493, 'penalty_k': 0.0886532546042118, 'scale_lr': 0.4304434290843242}. Best is trial 896 with value: 0.3777425812144224.
checkpoint_e33 window_influence: 0.49816956332808549, penalty_k: 0.44230616677540791, scale_lr: 0.49898085788836016, EAO: 0.300
Trial 985 finished with value: 0.30016653042591035 and parameters: {'window_influence': 0.4981695633280855, 'penalty_k': 0.4423061667754079, 'scale_lr': 0.49898085788836016}. Best is trial 896 with value: 0.3777425812144224.
checkpoint_e33 window_influence: 0.38781728816803179, penalty_k: 0.31164250383904529, scale_lr: 0.53647138121081073, EAO: 0.336
Trial 986 finished with value: 0.3358193045692221 and parameters: {'window_influence': 0.3878172881680318, 'penalty_k': 0.3116425038390453, 'scale_lr': 0.5364713812108107}. Best is trial 896 with value: 0.3777425812144224.
checkpoint_e33 window_influence: 0.22906171137869147, penalty_k: 0.19091959747017800, scale_lr: 0.74260353495995002, EAO: 0.291
Trial 987 finished with value: 0.2907163712996917 and parameters: {'window_influence': 0.22906171137869147, 'penalty_k': 0.190919597470178, 'scale_lr': 0.74260353495995}. Best is trial 896 with value: 0.3777425812144224.
checkpoint_e33 window_influence: 0.48349141024436731, penalty_k: 0.04766392358615758, scale_lr: 0.10342138386934591, EAO: 0.334
Trial 988 finished with value: 0.3344843908274684 and parameters: {'window_influence': 0.4834914102443673, 'penalty_k': 0.04766392358615758, 'scale_lr': 0.1034213838693459}. Best is trial 896 with value: 0.3777425812144224.
checkpoint_e33 window_influence: 0.44802059843198094, penalty_k: 0.41183651769254775, scale_lr: 0.61355471713460685, EAO: 0.316
Trial 989 finished with value: 0.3163289651564587 and parameters: {'window_influence': 0.44802059843198094, 'penalty_k': 0.41183651769254775, 'scale_lr': 0.6135547171346069}. Best is trial 896 with value: 0.3777425812144224.
checkpoint_e33 window_influence: 0.12513090520642697, penalty_k: 0.25501111495806283, scale_lr: 0.78614015928883019, EAO: 0.271
Trial 990 finished with value: 0.27055898581265475 and parameters: {'window_influence': 0.12513090520642697, 'penalty_k': 0.25501111495806283, 'scale_lr': 0.7861401592888302}. Best is trial 896 with value: 0.3777425812144224.
checkpoint_e33 window_influence: 0.41959031040042366, penalty_k: 0.26831053357311024, scale_lr: 0.52574135370964514, EAO: 0.341
Trial 991 finished with value: 0.34087507536902967 and parameters: {'window_influence': 0.41959031040042366, 'penalty_k': 0.26831053357311024, 'scale_lr': 0.5257413537096451}. Best is trial 896 with value: 0.3777425812144224.
checkpoint_e33 window_influence: 0.50925749014728472, penalty_k: 0.16204355307783580, scale_lr: 0.55797521246961390, EAO: 0.325
Trial 992 finished with value: 0.324978739834945 and parameters: {'window_influence': 0.5092574901472847, 'penalty_k': 0.1620435530778358, 'scale_lr': 0.5579752124696139}. Best is trial 896 with value: 0.3777425812144224.
checkpoint_e33 window_influence: 0.46667023846646127, penalty_k: 0.14164907585082301, scale_lr: 0.44606259028517803, EAO: 0.343
Trial 993 finished with value: 0.3432113735824244 and parameters: {'window_influence': 0.4666702384664613, 'penalty_k': 0.141649075850823, 'scale_lr': 0.44606259028517803}. Best is trial 896 with value: 0.3777425812144224.
checkpoint_e33 window_influence: 0.48737388216636668, penalty_k: 0.50502278988961757, scale_lr: 0.48828540700832129, EAO: 0.315
Trial 994 finished with value: 0.31507909912543536 and parameters: {'window_influence': 0.4873738821663667, 'penalty_k': 0.5050227898896176, 'scale_lr': 0.4882854070083213}. Best is trial 896 with value: 0.3777425812144224.
checkpoint_e33 window_influence: 0.49671369136811644, penalty_k: 0.22780815911408087, scale_lr: 0.76351749478439479, EAO: 0.335
Trial 995 finished with value: 0.3353544300864179 and parameters: {'window_influence': 0.49671369136811644, 'penalty_k': 0.22780815911408087, 'scale_lr': 0.7635174947843948}. Best is trial 896 with value: 0.3777425812144224.
checkpoint_e33 window_influence: 0.61596320397768500, penalty_k: 0.39789453154776711, scale_lr: 0.51106800877586456, EAO: 0.232
Trial 996 finished with value: 0.23234749205613414 and parameters: {'window_influence': 0.615963203977685, 'penalty_k': 0.3978945315477671, 'scale_lr': 0.5110680087758646}. Best is trial 896 with value: 0.3777425812144224.
checkpoint_e33 window_influence: 0.11549078219111902, penalty_k: 0.06769810517693084, scale_lr: 0.11471178989172844, EAO: 0.264
Trial 997 finished with value: 0.26357382860629014 and parameters: {'window_influence': 0.11549078219111902, 'penalty_k': 0.06769810517693084, 'scale_lr': 0.11471178989172844}. Best is trial 896 with value: 0.3777425812144224.
checkpoint_e33 window_influence: 0.48201368699400055, penalty_k: 0.52494433153684572, scale_lr: 0.23227408037607447, EAO: 0.300
Trial 998 finished with value: 0.2995477413852855 and parameters: {'window_influence': 0.48201368699400055, 'penalty_k': 0.5249443315368457, 'scale_lr': 0.23227408037607447}. Best is trial 896 with value: 0.3777425812144224.
checkpoint_e33 window_influence: 0.15822703366775939, penalty_k: 0.33514055829044387, scale_lr: 0.29534669855166079, EAO: 0.270
Trial 999 finished with value: 0.2698403008948968 and parameters: {'window_influence': 0.1582270336677594, 'penalty_k': 0.33514055829044387, 'scale_lr': 0.2953466985516608}. Best is trial 896 with value: 0.3777425812144224.
checkpoint_e33 window_influence: 0.17156947476106144, penalty_k: 0.45817293525673131, scale_lr: 0.17008686945841595, EAO: 0.264
Trial 1000 finished with value: 0.2636141150841917 and parameters: {'window_influence': 0.17156947476106144, 'penalty_k': 0.4581729352567313, 'scale_lr': 0.17008686945841595}. Best is trial 896 with value: 0.3777425812144224.
checkpoint_e33 window_influence: 0.45829036619493269, penalty_k: 0.04102826194718293, scale_lr: 0.45869097192171648, EAO: 0.342
Trial 1001 finished with value: 0.34208095270835936 and parameters: {'window_influence': 0.4582903661949327, 'penalty_k': 0.041028261947182926, 'scale_lr': 0.4586909719217165}. Best is trial 896 with value: 0.3777425812144224.
checkpoint_e33 window_influence: 0.54082441093742006, penalty_k: 0.05365867760441097, scale_lr: 0.64619265848438845, EAO: 0.294
Trial 1002 finished with value: 0.2941288679026444 and parameters: {'window_influence': 0.5408244109374201, 'penalty_k': 0.05365867760441097, 'scale_lr': 0.6461926584843884}. Best is trial 896 with value: 0.3777425812144224.
checkpoint_e33 window_influence: 0.43902186240749236, penalty_k: 0.53963148077625211, scale_lr: 0.63637023607332022, EAO: 0.331
Trial 1003 finished with value: 0.33110026035327395 and parameters: {'window_influence': 0.43902186240749236, 'penalty_k': 0.5396314807762521, 'scale_lr': 0.6363702360733202}. Best is trial 896 with value: 0.3777425812144224.
checkpoint_e33 window_influence: 0.47344310701243347, penalty_k: 0.57543625988973224, scale_lr: 0.39613045636166122, EAO: 0.322
Trial 1004 finished with value: 0.3218715513262767 and parameters: {'window_influence': 0.4734431070124335, 'penalty_k': 0.5754362598897322, 'scale_lr': 0.3961304563616612}. Best is trial 896 with value: 0.3777425812144224.
checkpoint_e33 window_influence: 0.40606730677044423, penalty_k: 0.11043627873859575, scale_lr: 0.65763171943178955, EAO: 0.326
Trial 1005 finished with value: 0.3263851934137975 and parameters: {'window_influence': 0.4060673067704442, 'penalty_k': 0.11043627873859575, 'scale_lr': 0.6576317194317896}. Best is trial 896 with value: 0.3777425812144224.
checkpoint_e33 window_influence: 0.10423982806129367, penalty_k: 0.56198964648197625, scale_lr: 0.59668059876370683, EAO: 0.249
Trial 1006 finished with value: 0.24874095340415198 and parameters: {'window_influence': 0.10423982806129367, 'penalty_k': 0.5619896464819762, 'scale_lr': 0.5966805987637068}. Best is trial 896 with value: 0.3777425812144224.
checkpoint_e33 window_influence: 0.51541190146202176, penalty_k: 0.17323789414913202, scale_lr: 0.40742602984566562, EAO: 0.327
Trial 1007 finished with value: 0.3273542226520494 and parameters: {'window_influence': 0.5154119014620218, 'penalty_k': 0.17323789414913202, 'scale_lr': 0.4074260298456656}. Best is trial 896 with value: 0.3777425812144224.
checkpoint_e33 window_influence: 0.49805912404811187, penalty_k: 0.14942219033766535, scale_lr: 0.78022094315424440, EAO: 0.344
Trial 1008 finished with value: 0.3439988241121463 and parameters: {'window_influence': 0.49805912404811187, 'penalty_k': 0.14942219033766535, 'scale_lr': 0.7802209431542444}. Best is trial 896 with value: 0.3777425812144224.
checkpoint_e33 window_influence: 0.31195569670783485, penalty_k: 0.43212224607596955, scale_lr: 0.27133939988449629, EAO: 0.292
Trial 1009 finished with value: 0.29211026557688585 and parameters: {'window_influence': 0.31195569670783485, 'penalty_k': 0.43212224607596955, 'scale_lr': 0.2713393998844963}. Best is trial 896 with value: 0.3777425812144224.
checkpoint_e33 window_influence: 0.42796531635703461, penalty_k: 0.36006149471885185, scale_lr: 0.61605244708125739, EAO: 0.321
Trial 1010 finished with value: 0.32132584013131804 and parameters: {'window_influence': 0.4279653163570346, 'penalty_k': 0.36006149471885185, 'scale_lr': 0.6160524470812574}. Best is trial 896 with value: 0.3777425812144224.
checkpoint_e33 window_influence: 0.53069636645815310, penalty_k: 0.42001647440985895, scale_lr: 0.47440926691173840, EAO: 0.289
Trial 1011 finished with value: 0.2885236611973915 and parameters: {'window_influence': 0.5306963664581531, 'penalty_k': 0.42001647440985895, 'scale_lr': 0.4744092669117384}. Best is trial 896 with value: 0.3777425812144224.
checkpoint_e33 window_influence: 0.46332282289286292, penalty_k: 0.29332739980922284, scale_lr: 0.75854205769238625, EAO: 0.325
Trial 1012 finished with value: 0.3247182114115021 and parameters: {'window_influence': 0.4633228228928629, 'penalty_k': 0.29332739980922284, 'scale_lr': 0.7585420576923863}. Best is trial 896 with value: 0.3777425812144224.
checkpoint_e33 window_influence: 0.37944093566669063, penalty_k: 0.09868650518473308, scale_lr: 0.53683478122567996, EAO: 0.346
Trial 1013 finished with value: 0.34641332141620174 and parameters: {'window_influence': 0.3794409356666906, 'penalty_k': 0.09868650518473308, 'scale_lr': 0.53683478122568}. Best is trial 896 with value: 0.3777425812144224.
checkpoint_e33 window_influence: 0.23975297541143864, penalty_k: 0.21195323805116811, scale_lr: 0.58780996703825417, EAO: 0.312
Trial 1014 finished with value: 0.3115209100427331 and parameters: {'window_influence': 0.23975297541143864, 'penalty_k': 0.2119532380511681, 'scale_lr': 0.5878099670382542}. Best is trial 896 with value: 0.3777425812144224.
checkpoint_e33 window_influence: 0.30199663797432613, penalty_k: 0.07974813995409491, scale_lr: 0.42403755751683470, EAO: 0.308
Trial 1015 finished with value: 0.30801048660324704 and parameters: {'window_influence': 0.30199663797432613, 'penalty_k': 0.07974813995409491, 'scale_lr': 0.4240375575168347}. Best is trial 896 with value: 0.3777425812144224.
checkpoint_e33 window_influence: 0.47733467943033220, penalty_k: 0.27752850146117714, scale_lr: 0.51331268627323134, EAO: 0.334
Trial 1016 finished with value: 0.33374583396466323 and parameters: {'window_influence': 0.4773346794303322, 'penalty_k': 0.27752850146117714, 'scale_lr': 0.5133126862732313}. Best is trial 896 with value: 0.3777425812144224.
checkpoint_e33 window_influence: 0.35485041361399472, penalty_k: 0.19381185008388668, scale_lr: 0.74164579738009040, EAO: 0.315
Trial 1017 finished with value: 0.3152578866783283 and parameters: {'window_influence': 0.3548504136139947, 'penalty_k': 0.19381185008388668, 'scale_lr': 0.7416457973800904}. Best is trial 896 with value: 0.3777425812144224.
checkpoint_e33 window_influence: 0.19001426676495956, penalty_k: 0.02918845196987507, scale_lr: 0.55290559617470447, EAO: 0.278
Trial 1018 finished with value: 0.27840591161167577 and parameters: {'window_influence': 0.19001426676495956, 'penalty_k': 0.029188451969875073, 'scale_lr': 0.5529055961747045}. Best is trial 896 with value: 0.3777425812144224.
checkpoint_e33 window_influence: 0.33526247904758433, penalty_k: 0.00951983612868348, scale_lr: 0.15796866559554240, EAO: 0.312
Trial 1019 finished with value: 0.3123355602939769 and parameters: {'window_influence': 0.3352624790475843, 'penalty_k': 0.009519836128683477, 'scale_lr': 0.1579686655955424}. Best is trial 896 with value: 0.3777425812144224.
checkpoint_e33 window_influence: 0.45389445331840950, penalty_k: 0.23252860187872837, scale_lr: 0.49837514878001221, EAO: 0.349
Trial 1020 finished with value: 0.3492042669294409 and parameters: {'window_influence': 0.4538944533184095, 'penalty_k': 0.23252860187872837, 'scale_lr': 0.4983751487800122}. Best is trial 896 with value: 0.3777425812144224.
checkpoint_e33 window_influence: 0.50472969362215703, penalty_k: 0.06156078545104010, scale_lr: 0.62829187241179307, EAO: 0.329
Trial 1021 finished with value: 0.32930966365198217 and parameters: {'window_influence': 0.504729693622157, 'penalty_k': 0.0615607854510401, 'scale_lr': 0.6282918724117931}. Best is trial 896 with value: 0.3777425812144224.
checkpoint_e33 window_influence: 0.60102038738083885, penalty_k: 0.04363682712032989, scale_lr: 0.25124088858690602, EAO: 0.279
Trial 1022 finished with value: 0.27907020821877493 and parameters: {'window_influence': 0.6010203873808388, 'penalty_k': 0.04363682712032989, 'scale_lr': 0.251240888586906}. Best is trial 896 with value: 0.3777425812144224.
checkpoint_e33 window_influence: 0.40138978811542325, penalty_k: 0.52635030285967221, scale_lr: 0.67074971013354989, EAO: 0.331
Trial 1023 finished with value: 0.33093390541317863 and parameters: {'window_influence': 0.40138978811542325, 'penalty_k': 0.5263503028596722, 'scale_lr': 0.6707497101335499}. Best is trial 896 with value: 0.3777425812144224.
checkpoint_e33 window_influence: 0.48926351336117668, penalty_k: 0.25041215870626077, scale_lr: 0.77194908229079673, EAO: 0.339
Trial 1024 finished with value: 0.33912181274436326 and parameters: {'window_influence': 0.4892635133611767, 'penalty_k': 0.25041215870626077, 'scale_lr': 0.7719490822907967}. Best is trial 896 with value: 0.3777425812144224.
checkpoint_e33 window_influence: 0.44361928873866235, penalty_k: 0.37835472771504286, scale_lr: 0.46431595234291662, EAO: 0.360
Trial 1025 finished with value: 0.3601901265665715 and parameters: {'window_influence': 0.44361928873866235, 'penalty_k': 0.37835472771504286, 'scale_lr': 0.4643159523429166}. Best is trial 896 with value: 0.3777425812144224.
checkpoint_e33 window_influence: 0.43630813570771948, penalty_k: 0.47817821744516331, scale_lr: 0.46423576354349516, EAO: 0.338
Trial 1026 finished with value: 0.33841538475645194 and parameters: {'window_influence': 0.4363081357077195, 'penalty_k': 0.4781782174451633, 'scale_lr': 0.46423576354349516}. Best is trial 896 with value: 0.3777425812144224.
checkpoint_e33 window_influence: 0.44125297216081616, penalty_k: 0.44023318512451043, scale_lr: 0.44406855039413012, EAO: 0.343
Trial 1027 finished with value: 0.34339478507579996 and parameters: {'window_influence': 0.44125297216081616, 'penalty_k': 0.44023318512451043, 'scale_lr': 0.4440685503941301}. Best is trial 896 with value: 0.3777425812144224.
checkpoint_e33 window_influence: 0.64938468997317300, penalty_k: 0.32790018529608311, scale_lr: 0.47358315143222690, EAO: 0.220
