Trial 2991 finished with value: 0.2881915030080521 and parameters: {'window_influence': 0.5285169016594066, 'penalty_k': 0.16901561890216688, 'scale_lr': 0.6766109504448876}. Best is trial 1674 with value: 0.38142600678748195.
checkpoint_e33 window_influence: 0.45934484707573831, penalty_k: 0.20448957308123972, scale_lr: 0.51956265852608108, EAO: 0.346
Trial 2992 finished with value: 0.3455530844541839 and parameters: {'window_influence': 0.4593448470757383, 'penalty_k': 0.20448957308123972, 'scale_lr': 0.5195626585260811}. Best is trial 1674 with value: 0.38142600678748195.
checkpoint_e33 window_influence: 0.50918068629072033, penalty_k: 0.04071637189839811, scale_lr: 0.58290857106594485, EAO: 0.343
Trial 2993 finished with value: 0.3425957110605351 and parameters: {'window_influence': 0.5091806862907203, 'penalty_k': 0.040716371898398114, 'scale_lr': 0.5829085710659448}. Best is trial 1674 with value: 0.38142600678748195.
checkpoint_e33 window_influence: 0.47170883304760475, penalty_k: 0.08722162719895636, scale_lr: 0.75596924370755969, EAO: 0.330
Trial 2994 finished with value: 0.3301881718728329 and parameters: {'window_influence': 0.47170883304760475, 'penalty_k': 0.08722162719895636, 'scale_lr': 0.7559692437075597}. Best is trial 1674 with value: 0.38142600678748195.
checkpoint_e33 window_influence: 0.38095155931039903, penalty_k: 0.01680840766727138, scale_lr: 0.48163763998139525, EAO: 0.323
Trial 2995 finished with value: 0.32289926655561546 and parameters: {'window_influence': 0.38095155931039903, 'penalty_k': 0.01680840766727138, 'scale_lr': 0.48163763998139525}. Best is trial 1674 with value: 0.38142600678748195.
checkpoint_e33 window_influence: 0.48737850848904285, penalty_k: 0.32636497174804263, scale_lr: 0.70503941015416460, EAO: 0.323
Trial 2996 finished with value: 0.3234634568719085 and parameters: {'window_influence': 0.48737850848904285, 'penalty_k': 0.32636497174804263, 'scale_lr': 0.7050394101541646}. Best is trial 1674 with value: 0.38142600678748195.
checkpoint_e33 window_influence: 0.60886993395510658, penalty_k: 0.00073178514585354, scale_lr: 0.65502515597313393, EAO: 0.259
Trial 2997 finished with value: 0.25887013449975027 and parameters: {'window_influence': 0.6088699339551066, 'penalty_k': 0.0007317851458535449, 'scale_lr': 0.6550251559731339}. Best is trial 1674 with value: 0.38142600678748195.
checkpoint_e33 window_influence: 0.27235403618752613, penalty_k: 0.46608582744197191, scale_lr: 0.44378357751015807, EAO: 0.297
Trial 2998 finished with value: 0.29721576792952614 and parameters: {'window_influence': 0.2723540361875261, 'penalty_k': 0.4660858274419719, 'scale_lr': 0.44378357751015807}. Best is trial 1674 with value: 0.38142600678748195.
checkpoint_e33 window_influence: 0.50282254591816922, penalty_k: 0.11501967568208965, scale_lr: 0.78594841010073802, EAO: 0.320
Trial 2999 finished with value: 0.3201168790633576 and parameters: {'window_influence': 0.5028225459181692, 'penalty_k': 0.11501967568208965, 'scale_lr': 0.785948410100738}. Best is trial 1674 with value: 0.38142600678748195.
checkpoint_e33 window_influence: 0.42942712469844124, penalty_k: 0.36588273792859122, scale_lr: 0.18831816607630014, EAO: 0.304
Trial 3000 finished with value: 0.3036891395943638 and parameters: {'window_influence': 0.42942712469844124, 'penalty_k': 0.3658827379285912, 'scale_lr': 0.18831816607630014}. Best is trial 1674 with value: 0.38142600678748195.
checkpoint_e33 window_influence: 0.45562588777381086, penalty_k: 0.40227120937498057, scale_lr: 0.15924212638358953, EAO: 0.312
Trial 3001 finished with value: 0.31180917567316196 and parameters: {'window_influence': 0.45562588777381086, 'penalty_k': 0.40227120937498057, 'scale_lr': 0.15924212638358953}. Best is trial 1674 with value: 0.38142600678748195.
checkpoint_e33 window_influence: 0.51985531276358954, penalty_k: 0.23332402542737038, scale_lr: 0.56353588613947148, EAO: 0.313
Trial 3002 finished with value: 0.312566027393137 and parameters: {'window_influence': 0.5198553127635895, 'penalty_k': 0.23332402542737038, 'scale_lr': 0.5635358861394715}. Best is trial 1674 with value: 0.38142600678748195.
checkpoint_e33 window_influence: 0.41713269732814012, penalty_k: 0.26057149087452958, scale_lr: 0.72350616895693487, EAO: 0.323
Trial 3003 finished with value: 0.3226537837824469 and parameters: {'window_influence': 0.4171326973281401, 'penalty_k': 0.2605714908745296, 'scale_lr': 0.7235061689569349}. Best is trial 1674 with value: 0.38142600678748195.
checkpoint_e33 window_influence: 0.16460178857678548, penalty_k: 0.34477076924594502, scale_lr: 0.60948131559722640, EAO: 0.270
Trial 3004 finished with value: 0.27011161462806077 and parameters: {'window_influence': 0.16460178857678548, 'penalty_k': 0.344770769245945, 'scale_lr': 0.6094813155972264}. Best is trial 1674 with value: 0.38142600678748195.
checkpoint_e33 window_influence: 0.17219764966446538, penalty_k: 0.09850881160557962, scale_lr: 0.54274898898632562, EAO: 0.272
Trial 3005 finished with value: 0.2722188892415525 and parameters: {'window_influence': 0.17219764966446538, 'penalty_k': 0.09850881160557962, 'scale_lr': 0.5427489889863256}. Best is trial 1674 with value: 0.38142600678748195.
checkpoint_e33 window_influence: 0.47786930215723972, penalty_k: 0.14344327651417479, scale_lr: 0.45959896886931323, EAO: 0.339
Trial 3006 finished with value: 0.33889799220088856 and parameters: {'window_influence': 0.4778693021572397, 'penalty_k': 0.1434432765141748, 'scale_lr': 0.45959896886931323}. Best is trial 1674 with value: 0.38142600678748195.
checkpoint_e33 window_influence: 0.55644517410806338, penalty_k: 0.48699777439001557, scale_lr: 0.48833623437280449, EAO: 0.253
Trial 3007 finished with value: 0.2532237911386713 and parameters: {'window_influence': 0.5564451741080634, 'penalty_k': 0.48699777439001557, 'scale_lr': 0.4883362343728045}. Best is trial 1674 with value: 0.38142600678748195.
checkpoint_e33 window_influence: 0.49133871141390345, penalty_k: 0.15741889157687963, scale_lr: 0.57726224882472521, EAO: 0.339
Trial 3008 finished with value: 0.33936952872035103 and parameters: {'window_influence': 0.49133871141390345, 'penalty_k': 0.15741889157687963, 'scale_lr': 0.5772622488247252}. Best is trial 1674 with value: 0.38142600678748195.
checkpoint_e33 window_influence: 0.44529710970816816, penalty_k: 0.31953941514163231, scale_lr: 0.34333504042186624, EAO: 0.327
Trial 3009 finished with value: 0.32719552122665285 and parameters: {'window_influence': 0.44529710970816816, 'penalty_k': 0.3195394151416323, 'scale_lr': 0.34333504042186624}. Best is trial 1674 with value: 0.38142600678748195.
checkpoint_e33 window_influence: 0.47115136594241586, penalty_k: 0.07291003532087313, scale_lr: 0.68419685270816921, EAO: 0.318
Trial 3010 finished with value: 0.31816205017065724 and parameters: {'window_influence': 0.47115136594241586, 'penalty_k': 0.07291003532087313, 'scale_lr': 0.6841968527081692}. Best is trial 1674 with value: 0.38142600678748195.
checkpoint_e33 window_influence: 0.49940634152507657, penalty_k: 0.04033195979091004, scale_lr: 0.41354178713491935, EAO: 0.335
Trial 3011 finished with value: 0.33511406484744893 and parameters: {'window_influence': 0.49940634152507657, 'penalty_k': 0.04033195979091004, 'scale_lr': 0.41354178713491935}. Best is trial 1674 with value: 0.38142600678748195.
checkpoint_e33 window_influence: 0.56888195248870954, penalty_k: 0.29171244093339610, scale_lr: 0.12687751439532557, EAO: 0.286
Trial 3012 finished with value: 0.2861418714783071 and parameters: {'window_influence': 0.5688819524887095, 'penalty_k': 0.2917124409333961, 'scale_lr': 0.12687751439532557}. Best is trial 1674 with value: 0.38142600678748195.
checkpoint_e33 window_influence: 0.51868544914306269, penalty_k: 0.27413653402226557, scale_lr: 0.52393587515969042, EAO: 0.304
Trial 3013 finished with value: 0.30354422388837493 and parameters: {'window_influence': 0.5186854491430627, 'penalty_k': 0.27413653402226557, 'scale_lr': 0.5239358751596904}. Best is trial 1674 with value: 0.38142600678748195.
checkpoint_e33 window_influence: 0.18559147482375887, penalty_k: 0.02526263732132888, scale_lr: 0.32367921261776200, EAO: 0.277
Trial 3014 finished with value: 0.2767025559908685 and parameters: {'window_influence': 0.18559147482375887, 'penalty_k': 0.025262637321328878, 'scale_lr': 0.323679212617762}. Best is trial 1674 with value: 0.38142600678748195.
checkpoint_e33 window_influence: 0.46203164544479758, penalty_k: 0.44882304383335375, scale_lr: 0.63553364777278476, EAO: 0.316
Trial 3015 finished with value: 0.316259191483839 and parameters: {'window_influence': 0.4620316454447976, 'penalty_k': 0.44882304383335375, 'scale_lr': 0.6355336477727848}. Best is trial 1674 with value: 0.38142600678748195.
checkpoint_e33 window_influence: 0.48196855467132960, penalty_k: 0.19225504479736671, scale_lr: 0.59734784637137839, EAO: 0.322
Trial 3016 finished with value: 0.3216250164267618 and parameters: {'window_influence': 0.4819685546713296, 'penalty_k': 0.19225504479736671, 'scale_lr': 0.5973478463713784}. Best is trial 1674 with value: 0.38142600678748195.
checkpoint_e33 window_influence: 0.50893651070354073, penalty_k: 0.24760588583592524, scale_lr: 0.77593755942083997, EAO: 0.312
Trial 3017 finished with value: 0.312270669215848 and parameters: {'window_influence': 0.5089365107035407, 'penalty_k': 0.24760588583592524, 'scale_lr': 0.77593755942084}. Best is trial 1674 with value: 0.38142600678748195.
checkpoint_e33 window_influence: 0.29284923987874978, penalty_k: 0.43022434854211872, scale_lr: 0.50373862111592260, EAO: 0.301
Trial 3018 finished with value: 0.3011775976373064 and parameters: {'window_influence': 0.2928492398787498, 'penalty_k': 0.4302243485421187, 'scale_lr': 0.5037386211159226}. Best is trial 1674 with value: 0.38142600678748195.
checkpoint_e33 window_influence: 0.10338984955781633, penalty_k: 0.06178188483025893, scale_lr: 0.11585525688982395, EAO: 0.265
Trial 3019 finished with value: 0.2652206211006595 and parameters: {'window_influence': 0.10338984955781633, 'penalty_k': 0.061781884830258926, 'scale_lr': 0.11585525688982395}. Best is trial 1674 with value: 0.38142600678748195.
checkpoint_e33 window_influence: 0.48911606481867848, penalty_k: 0.12767499413482811, scale_lr: 0.66161156592930515, EAO: 0.338
Trial 3020 finished with value: 0.33752300140922636 and parameters: {'window_influence': 0.4891160648186785, 'penalty_k': 0.1276749941348281, 'scale_lr': 0.6616115659293051}. Best is trial 1674 with value: 0.38142600678748195.
checkpoint_e33 window_influence: 0.57293267522847924, penalty_k: 0.10592458410990212, scale_lr: 0.73748247619122598, EAO: 0.265
Trial 3021 finished with value: 0.264599495882654 and parameters: {'window_influence': 0.5729326752284792, 'penalty_k': 0.10592458410990212, 'scale_lr': 0.737482476191226}. Best is trial 1674 with value: 0.38142600678748195.
checkpoint_e33 window_influence: 0.34482457694264962, penalty_k: 0.13815539695842666, scale_lr: 0.48004593840045329, EAO: 0.307
Trial 3022 finished with value: 0.30738722883773684 and parameters: {'window_influence': 0.3448245769426496, 'penalty_k': 0.13815539695842666, 'scale_lr': 0.4800459384004533}. Best is trial 1674 with value: 0.38142600678748195.
checkpoint_e33 window_influence: 0.33218833022894056, penalty_k: 0.18051821471794841, scale_lr: 0.42640494344446611, EAO: 0.318
Trial 3023 finished with value: 0.3177634308890146 and parameters: {'window_influence': 0.33218833022894056, 'penalty_k': 0.1805182147179484, 'scale_lr': 0.4264049434444661}. Best is trial 1674 with value: 0.38142600678748195.
checkpoint_e33 window_influence: 0.45283379067897794, penalty_k: 0.04740563150539185, scale_lr: 0.13817920597443981, EAO: 0.339
Trial 3024 finished with value: 0.33904703790575613 and parameters: {'window_influence': 0.45283379067897794, 'penalty_k': 0.04740563150539185, 'scale_lr': 0.1381792059744398}. Best is trial 1674 with value: 0.38142600678748195.
checkpoint_e33 window_influence: 0.11045412583954967, penalty_k: 0.22130995045283119, scale_lr: 0.39537442892331459, EAO: 0.254
Trial 3025 finished with value: 0.2542164978002296 and parameters: {'window_influence': 0.11045412583954967, 'penalty_k': 0.2213099504528312, 'scale_lr': 0.3953744289233146}. Best is trial 1674 with value: 0.38142600678748195.
checkpoint_e33 window_influence: 0.22634326303875851, penalty_k: 0.08647232655076278, scale_lr: 0.44998711625049215, EAO: 0.282
Trial 3026 finished with value: 0.2823983825714208 and parameters: {'window_influence': 0.2263432630387585, 'penalty_k': 0.08647232655076278, 'scale_lr': 0.44998711625049215}. Best is trial 1674 with value: 0.38142600678748195.
checkpoint_e33 window_influence: 0.47131631958972542, penalty_k: 0.06987255084133986, scale_lr: 0.75827767508999366, EAO: 0.343
Trial 3027 finished with value: 0.3426955822376889 and parameters: {'window_influence': 0.4713163195897254, 'penalty_k': 0.06987255084133986, 'scale_lr': 0.7582776750899937}. Best is trial 1674 with value: 0.38142600678748195.
checkpoint_e33 window_influence: 0.52770901854271601, penalty_k: 0.38208165698909419, scale_lr: 0.70048224015865623, EAO: 0.273
Trial 3028 finished with value: 0.2727563446133981 and parameters: {'window_influence': 0.527709018542716, 'penalty_k': 0.3820816569890942, 'scale_lr': 0.7004822401586562}. Best is trial 1674 with value: 0.38142600678748195.
checkpoint_e33 window_influence: 0.49909918957684507, penalty_k: 0.16535752178368629, scale_lr: 0.62212424223004925, EAO: 0.339
Trial 3029 finished with value: 0.3387680993005923 and parameters: {'window_influence': 0.49909918957684507, 'penalty_k': 0.1653575217836863, 'scale_lr': 0.6221242422300493}. Best is trial 1674 with value: 0.38142600678748195.
checkpoint_e33 window_influence: 0.54030843358715552, penalty_k: 0.50431091575591447, scale_lr: 0.35998161657556554, EAO: 0.295
Trial 3030 finished with value: 0.2945696919112818 and parameters: {'window_influence': 0.5403084335871555, 'penalty_k': 0.5043109157559145, 'scale_lr': 0.35998161657556554}. Best is trial 1674 with value: 0.38142600678748195.
checkpoint_e33 window_influence: 0.13293565253629566, penalty_k: 0.39323727009156384, scale_lr: 0.38009986781764427, EAO: 0.252
Trial 3031 finished with value: 0.2524050933957564 and parameters: {'window_influence': 0.13293565253629566, 'penalty_k': 0.39323727009156384, 'scale_lr': 0.38009986781764427}. Best is trial 1674 with value: 0.38142600678748195.
checkpoint_e33 window_influence: 0.44129826943850137, penalty_k: 0.01101185955099340, scale_lr: 0.51491645481028292, EAO: 0.330
Trial 3032 finished with value: 0.3303123704422309 and parameters: {'window_influence': 0.44129826943850137, 'penalty_k': 0.011011859550993403, 'scale_lr': 0.5149164548102829}. Best is trial 1674 with value: 0.38142600678748195.
checkpoint_e33 window_influence: 0.48040546812770030, penalty_k: 0.03030561156149919, scale_lr: 0.55370826964197284, EAO: 0.338
Trial 3033 finished with value: 0.3383867969076921 and parameters: {'window_influence': 0.4804054681277003, 'penalty_k': 0.03030561156149919, 'scale_lr': 0.5537082696419728}. Best is trial 1674 with value: 0.38142600678748195.
checkpoint_e33 window_influence: 0.36908470191475834, penalty_k: 0.15174312287517758, scale_lr: 0.25501473311648043, EAO: 0.310
Trial 3034 finished with value: 0.310159248252787 and parameters: {'window_influence': 0.36908470191475834, 'penalty_k': 0.15174312287517758, 'scale_lr': 0.25501473311648043}. Best is trial 1674 with value: 0.38142600678748195.
checkpoint_e33 window_influence: 0.41251411909365032, penalty_k: 0.11668482464988270, scale_lr: 0.47028468799149642, EAO: 0.324
Trial 3035 finished with value: 0.3239688846039865 and parameters: {'window_influence': 0.4125141190936503, 'penalty_k': 0.1166848246498827, 'scale_lr': 0.4702846879914964}. Best is trial 1674 with value: 0.38142600678748195.
checkpoint_e33 window_influence: 0.51380388985226633, penalty_k: 0.04958304556612150, scale_lr: 0.79972957415368129, EAO: 0.317
Trial 3036 finished with value: 0.31702443487681303 and parameters: {'window_influence': 0.5138038898522663, 'penalty_k': 0.0495830455661215, 'scale_lr': 0.7997295741536813}. Best is trial 1674 with value: 0.38142600678748195.
checkpoint_e33 window_influence: 0.45939758594413599, penalty_k: 0.09628466185360955, scale_lr: 0.53462107259603808, EAO: 0.337
Trial 3037 finished with value: 0.3369136441078631 and parameters: {'window_influence': 0.459397585944136, 'penalty_k': 0.09628466185360955, 'scale_lr': 0.5346210725960381}. Best is trial 1674 with value: 0.38142600678748195.
checkpoint_e33 window_influence: 0.30852656075358764, penalty_k: 0.52095282142306831, scale_lr: 0.21425481732207652, EAO: 0.287
Trial 3038 finished with value: 0.28681097588418525 and parameters: {'window_influence': 0.30852656075358764, 'penalty_k': 0.5209528214230683, 'scale_lr': 0.21425481732207652}. Best is trial 1674 with value: 0.38142600678748195.
checkpoint_e33 window_influence: 0.42574814940941819, penalty_k: 0.08014512646961675, scale_lr: 0.31114825358877352, EAO: 0.321
Trial 3039 finished with value: 0.32091409681140215 and parameters: {'window_influence': 0.4257481494094182, 'penalty_k': 0.08014512646961675, 'scale_lr': 0.3111482535887735}. Best is trial 1674 with value: 0.38142600678748195.
checkpoint_e33 window_influence: 0.60190179165381630, penalty_k: 0.21191133709622276, scale_lr: 0.69182601496116558, EAO: 0.251
Trial 3040 finished with value: 0.251316395715053 and parameters: {'window_influence': 0.6019017916538163, 'penalty_k': 0.21191133709622276, 'scale_lr': 0.6918260149611656}. Best is trial 1674 with value: 0.38142600678748195.
checkpoint_e33 window_influence: 0.49590149521330662, penalty_k: 0.19919851998119570, scale_lr: 0.56754539673166604, EAO: 0.346
Trial 3041 finished with value: 0.3459027496525286 and parameters: {'window_influence': 0.4959014952133066, 'penalty_k': 0.1991985199811957, 'scale_lr': 0.567545396731666}. Best is trial 1674 with value: 0.38142600678748195.
checkpoint_e33 window_influence: 0.46768555074095602, penalty_k: 0.26543250186097028, scale_lr: 0.28279739382634317, EAO: 0.308
Trial 3042 finished with value: 0.3081675719194375 and parameters: {'window_influence': 0.467685550740956, 'penalty_k': 0.2654325018609703, 'scale_lr': 0.28279739382634317}. Best is trial 1674 with value: 0.38142600678748195.
checkpoint_e33 window_influence: 0.47735709505254914, penalty_k: 0.37109257836022846, scale_lr: 0.49946792054372940, EAO: 0.335
Trial 3043 finished with value: 0.3354493882869468 and parameters: {'window_influence': 0.47735709505254914, 'penalty_k': 0.37109257836022846, 'scale_lr': 0.4994679205437294}. Best is trial 1674 with value: 0.38142600678748195.
checkpoint_e33 window_influence: 0.48670769329115005, penalty_k: 0.13543735819716443, scale_lr: 0.19258281180792763, EAO: 0.331
Trial 3044 finished with value: 0.33117353000065697 and parameters: {'window_influence': 0.48670769329115005, 'penalty_k': 0.13543735819716443, 'scale_lr': 0.19258281180792763}. Best is trial 1674 with value: 0.38142600678748195.
checkpoint_e33 window_influence: 0.08001591410582776, penalty_k: 0.05983703035567672, scale_lr: 0.48563054481283813, EAO: 0.257
Trial 3045 finished with value: 0.25662712602068016 and parameters: {'window_influence': 0.08001591410582776, 'penalty_k': 0.05983703035567672, 'scale_lr': 0.4856305448128381}. Best is trial 1674 with value: 0.38142600678748195.
checkpoint_e33 window_influence: 0.19804633274825598, penalty_k: 0.03695661505668170, scale_lr: 0.64476047372625478, EAO: 0.289
Trial 3046 finished with value: 0.28864731741090693 and parameters: {'window_influence': 0.19804633274825598, 'penalty_k': 0.0369566150566817, 'scale_lr': 0.6447604737262548}. Best is trial 1674 with value: 0.38142600678748195.
checkpoint_e33 window_influence: 0.50357896153706283, penalty_k: 0.24066822760325579, scale_lr: 0.67372651123833893, EAO: 0.305
Trial 3047 finished with value: 0.3054068311759006 and parameters: {'window_influence': 0.5035789615370628, 'penalty_k': 0.2406682276032558, 'scale_lr': 0.6737265112383389}. Best is trial 1674 with value: 0.38142600678748195.
checkpoint_e33 window_influence: 0.31938136154001157, penalty_k: 0.01884016460631276, scale_lr: 0.25946140606038581, EAO: 0.294
Trial 3048 finished with value: 0.29371173801589107 and parameters: {'window_influence': 0.31938136154001157, 'penalty_k': 0.018840164606312763, 'scale_lr': 0.2594614060603858}. Best is trial 1674 with value: 0.38142600678748195.
checkpoint_e33 window_influence: 0.52477992152741748, penalty_k: 0.17403490956918805, scale_lr: 0.74962586944652809, EAO: 0.311
Trial 3049 finished with value: 0.31116805408251424 and parameters: {'window_influence': 0.5247799215274175, 'penalty_k': 0.17403490956918805, 'scale_lr': 0.7496258694465281}. Best is trial 1674 with value: 0.38142600678748195.
checkpoint_e33 window_influence: 0.45018698034815063, penalty_k: 0.30268802483104845, scale_lr: 0.77190316591859232, EAO: 0.335
Trial 3050 finished with value: 0.33479857583918 and parameters: {'window_influence': 0.45018698034815063, 'penalty_k': 0.30268802483104845, 'scale_lr': 0.7719031659185923}. Best is trial 1674 with value: 0.38142600678748195.
checkpoint_e33 window_influence: 0.60423570457544784, penalty_k: 0.14887186359287075, scale_lr: 0.59184589110574815, EAO: 0.259
Trial 3051 finished with value: 0.25940745570316387 and parameters: {'window_influence': 0.6042357045754478, 'penalty_k': 0.14887186359287075, 'scale_lr': 0.5918458911057481}. Best is trial 1674 with value: 0.38142600678748195.
checkpoint_e33 window_influence: 0.05387596055870825, penalty_k: 0.00005314062047590, scale_lr: 0.71492236908853690, EAO: 0.252
