Trial 124 finished with value: 0.3304937986896196 and parameters: {'window_influence': 0.49960063134422444, 'penalty_k': 0.023616642720040618, 'scale_lr': 0.3816936754073865}. Best is trial 65 with value: 0.36006941660832803.
checkpoint_e24 window_influence: 0.51603634234963902, penalty_k: 0.01311867334885689, scale_lr: 0.40385788074849022, EAO: 0.350
Trial 125 finished with value: 0.3501545108477893 and parameters: {'window_influence': 0.516036342349639, 'penalty_k': 0.013118673348856885, 'scale_lr': 0.4038578807484902}. Best is trial 65 with value: 0.36006941660832803.
checkpoint_e24 window_influence: 0.54354204891623459, penalty_k: 0.05738653081747166, scale_lr: 0.42223812094463370, EAO: 0.296
Trial 126 finished with value: 0.295543796125553 and parameters: {'window_influence': 0.5435420489162346, 'penalty_k': 0.057386530817471665, 'scale_lr': 0.4222381209446337}. Best is trial 65 with value: 0.36006941660832803.
checkpoint_e24 window_influence: 0.56667652145371972, penalty_k: 0.04207897570530486, scale_lr: 0.40011972574213323, EAO: 0.297
Trial 127 finished with value: 0.29749435708216654 and parameters: {'window_influence': 0.5666765214537197, 'penalty_k': 0.04207897570530486, 'scale_lr': 0.4001197257421332}. Best is trial 65 with value: 0.36006941660832803.
checkpoint_e24 window_influence: 0.51834539024951454, penalty_k: 0.02523568369457260, scale_lr: 0.37840840824067268, EAO: 0.344
Trial 128 finished with value: 0.34398071067806346 and parameters: {'window_influence': 0.5183453902495145, 'penalty_k': 0.0252356836945726, 'scale_lr': 0.3784084082406727}. Best is trial 65 with value: 0.36006941660832803.
checkpoint_e24 window_influence: 0.51589396783886798, penalty_k: 0.02769427030487991, scale_lr: 0.36318347281422675, EAO: 0.324
Trial 129 finished with value: 0.32366898476149786 and parameters: {'window_influence': 0.515893967838868, 'penalty_k': 0.027694270304879906, 'scale_lr': 0.36318347281422675}. Best is trial 65 with value: 0.36006941660832803.
checkpoint_e24 window_influence: 0.53223595729228323, penalty_k: 0.00018637440517985, scale_lr: 0.37655594862740671, EAO: 0.320
Trial 130 finished with value: 0.3196514011704968 and parameters: {'window_influence': 0.5322359572922832, 'penalty_k': 0.0001863744051798545, 'scale_lr': 0.3765559486274067}. Best is trial 65 with value: 0.36006941660832803.
checkpoint_e24 window_influence: 0.51083220649756078, penalty_k: 0.01962509065542131, scale_lr: 0.39911306173798267, EAO: 0.338
Trial 131 finished with value: 0.33803595005306286 and parameters: {'window_influence': 0.5108322064975608, 'penalty_k': 0.019625090655421312, 'scale_lr': 0.39911306173798267}. Best is trial 65 with value: 0.36006941660832803.
checkpoint_e24 window_influence: 0.52375420186307975, penalty_k: 0.03675451556881633, scale_lr: 0.41492727502582988, EAO: 0.332
Trial 132 finished with value: 0.33181739920308156 and parameters: {'window_influence': 0.5237542018630797, 'penalty_k': 0.03675451556881633, 'scale_lr': 0.4149272750258299}. Best is trial 65 with value: 0.36006941660832803.
checkpoint_e24 window_influence: 0.46888438438073249, penalty_k: 0.05593843980005858, scale_lr: 0.38126519488913302, EAO: 0.323
Trial 133 finished with value: 0.32298190288738515 and parameters: {'window_influence': 0.4688843843807325, 'penalty_k': 0.05593843980005858, 'scale_lr': 0.381265194889133}. Best is trial 65 with value: 0.36006941660832803.
checkpoint_e24 window_influence: 0.50007253184226452, penalty_k: 0.01226628445935986, scale_lr: 0.43963013069915963, EAO: 0.340
Trial 134 finished with value: 0.3395457521718764 and parameters: {'window_influence': 0.5000725318422645, 'penalty_k': 0.012266284459359856, 'scale_lr': 0.4396301306991596}. Best is trial 65 with value: 0.36006941660832803.
checkpoint_e24 window_influence: 0.48128585120937861, penalty_k: 0.03187195343219991, scale_lr: 0.39346006066217271, EAO: 0.315
Trial 135 finished with value: 0.31463605380011905 and parameters: {'window_influence': 0.4812858512093786, 'penalty_k': 0.03187195343219991, 'scale_lr': 0.3934600606621727}. Best is trial 65 with value: 0.36006941660832803.
checkpoint_e24 window_influence: 0.54893611018117416, penalty_k: 0.06734930281722394, scale_lr: 0.42289427335639052, EAO: 0.310
Trial 136 finished with value: 0.310150689014201 and parameters: {'window_influence': 0.5489361101811742, 'penalty_k': 0.06734930281722394, 'scale_lr': 0.4228942733563905}. Best is trial 65 with value: 0.36006941660832803.
checkpoint_e24 window_influence: 0.57783422994700095, penalty_k: 0.04529465730580510, scale_lr: 0.36484429355620224, EAO: 0.302
Trial 137 finished with value: 0.3023713363863615 and parameters: {'window_influence': 0.577834229947001, 'penalty_k': 0.0452946573058051, 'scale_lr': 0.36484429355620224}. Best is trial 65 with value: 0.36006941660832803.
checkpoint_e24 window_influence: 0.53551964040603084, penalty_k: 0.02262402797784939, scale_lr: 0.40370527808238771, EAO: 0.321
Trial 138 finished with value: 0.3208940125393033 and parameters: {'window_influence': 0.5355196404060308, 'penalty_k': 0.022624027977849386, 'scale_lr': 0.4037052780823877}. Best is trial 65 with value: 0.36006941660832803.
checkpoint_e24 window_influence: 0.51776756002075675, penalty_k: 0.01042836721358387, scale_lr: 0.33384348935654651, EAO: 0.343
Trial 139 finished with value: 0.3428352562138079 and parameters: {'window_influence': 0.5177675600207567, 'penalty_k': 0.010428367213583867, 'scale_lr': 0.3338434893565465}. Best is trial 65 with value: 0.36006941660832803.
checkpoint_e24 window_influence: 0.49073186709440914, penalty_k: 0.05769632422894851, scale_lr: 0.43819172597179756, EAO: 0.314
Trial 140 finished with value: 0.3141779634623212 and parameters: {'window_influence': 0.49073186709440914, 'penalty_k': 0.057696324228948506, 'scale_lr': 0.43819172597179756}. Best is trial 65 with value: 0.36006941660832803.
checkpoint_e24 window_influence: 0.51464612382464159, penalty_k: 0.01151219017505238, scale_lr: 0.35023108194701391, EAO: 0.335
Trial 141 finished with value: 0.33515601747230794 and parameters: {'window_influence': 0.5146461238246416, 'penalty_k': 0.011512190175052379, 'scale_lr': 0.3502310819470139}. Best is trial 65 with value: 0.36006941660832803.
checkpoint_e24 window_influence: 0.50657750818127234, penalty_k: 0.03816686821410804, scale_lr: 0.38277152184803204, EAO: 0.343
Trial 142 finished with value: 0.3432302098097968 and parameters: {'window_influence': 0.5065775081812723, 'penalty_k': 0.038166868214108036, 'scale_lr': 0.38277152184803204}. Best is trial 65 with value: 0.36006941660832803.
checkpoint_e24 window_influence: 0.50193682044447541, penalty_k: 0.04005478329794623, scale_lr: 0.38803797939966017, EAO: 0.334
Trial 143 finished with value: 0.33426350969748736 and parameters: {'window_influence': 0.5019368204444754, 'penalty_k': 0.040054783297946234, 'scale_lr': 0.38803797939966017}. Best is trial 65 with value: 0.36006941660832803.
checkpoint_e24 window_influence: 0.47576791981549482, penalty_k: 0.21905165809438032, scale_lr: 0.37197849565283120, EAO: 0.304
Trial 144 finished with value: 0.3043943131596198 and parameters: {'window_influence': 0.4757679198154948, 'penalty_k': 0.21905165809438032, 'scale_lr': 0.3719784956528312}. Best is trial 65 with value: 0.36006941660832803.
checkpoint_e24 window_influence: 0.52690427685474039, penalty_k: 0.02969210704499991, scale_lr: 0.40796829649067984, EAO: 0.317
Trial 145 finished with value: 0.3173570572634151 and parameters: {'window_influence': 0.5269042768547404, 'penalty_k': 0.02969210704499991, 'scale_lr': 0.40796829649067984}. Best is trial 65 with value: 0.36006941660832803.
checkpoint_e24 window_influence: 0.45573963750098373, penalty_k: 0.04983189863645076, scale_lr: 0.42455517291645334, EAO: 0.336
Trial 146 finished with value: 0.3357971067094617 and parameters: {'window_influence': 0.45573963750098373, 'penalty_k': 0.04983189863645076, 'scale_lr': 0.42455517291645334}. Best is trial 65 with value: 0.36006941660832803.
checkpoint_e24 window_influence: 0.50572836556891831, penalty_k: 0.07080336983383585, scale_lr: 0.38351685738814723, EAO: 0.342
Trial 147 finished with value: 0.3420989741843034 and parameters: {'window_influence': 0.5057283655689183, 'penalty_k': 0.07080336983383585, 'scale_lr': 0.3835168573881472}. Best is trial 65 with value: 0.36006941660832803.
checkpoint_e24 window_influence: 0.55993194086870079, penalty_k: 0.02209927275894755, scale_lr: 0.39531417258048340, EAO: 0.304
Trial 148 finished with value: 0.3044558144844923 and parameters: {'window_influence': 0.5599319408687008, 'penalty_k': 0.022099272758947554, 'scale_lr': 0.3953141725804834}. Best is trial 65 with value: 0.36006941660832803.
checkpoint_e24 window_influence: 0.48699638075202889, penalty_k: 0.00012248314091861, scale_lr: 0.35961438645260163, EAO: 0.322
Trial 149 finished with value: 0.3223683410813372 and parameters: {'window_influence': 0.4869963807520289, 'penalty_k': 0.00012248314091861147, 'scale_lr': 0.35961438645260163}. Best is trial 65 with value: 0.36006941660832803.
checkpoint_e24 window_influence: 0.54662119011515908, penalty_k: 0.03718398581172346, scale_lr: 0.41119206677115816, EAO: 0.293
Trial 150 finished with value: 0.2932403298087621 and parameters: {'window_influence': 0.5466211901151591, 'penalty_k': 0.03718398581172346, 'scale_lr': 0.41119206677115816}. Best is trial 65 with value: 0.36006941660832803.
checkpoint_e24 window_influence: 0.51179852101683843, penalty_k: 0.01404440903987275, scale_lr: 0.34842228869116187, EAO: 0.351
Trial 151 finished with value: 0.35087276838632875 and parameters: {'window_influence': 0.5117985210168384, 'penalty_k': 0.014044409039872752, 'scale_lr': 0.3484222886911619}. Best is trial 65 with value: 0.36006941660832803.
checkpoint_e24 window_influence: 0.53295813804172332, penalty_k: 0.02183634976100719, scale_lr: 0.34401851878302858, EAO: 0.321
Trial 152 finished with value: 0.32135896941335285 and parameters: {'window_influence': 0.5329581380417233, 'penalty_k': 0.021836349761007186, 'scale_lr': 0.3440185187830286}. Best is trial 65 with value: 0.36006941660832803.
checkpoint_e24 window_influence: 0.49447930685773311, penalty_k: 0.01107240933082180, scale_lr: 0.37374958501331257, EAO: 0.331
Trial 153 finished with value: 0.3314746955721295 and parameters: {'window_influence': 0.4944793068577331, 'penalty_k': 0.0110724093308218, 'scale_lr': 0.37374958501331257}. Best is trial 65 with value: 0.36006941660832803.
checkpoint_e24 window_influence: 0.50988131137940251, penalty_k: 0.04330224779716038, scale_lr: 0.33096965407796913, EAO: 0.335
Trial 154 finished with value: 0.33544565928585335 and parameters: {'window_influence': 0.5098813113794025, 'penalty_k': 0.04330224779716038, 'scale_lr': 0.33096965407796913}. Best is trial 65 with value: 0.36006941660832803.
checkpoint_e24 window_influence: 0.52270835900413992, penalty_k: 0.06048179068621455, scale_lr: 0.39644629217462884, EAO: 0.329
Trial 155 finished with value: 0.32909892980690597 and parameters: {'window_influence': 0.5227083590041399, 'penalty_k': 0.06048179068621455, 'scale_lr': 0.39644629217462884}. Best is trial 65 with value: 0.36006941660832803.
checkpoint_e24 window_influence: 0.47356352860412387, penalty_k: 0.02931354600026708, scale_lr: 0.43205634459394787, EAO: 0.339
Trial 156 finished with value: 0.33912049657175974 and parameters: {'window_influence': 0.4735635286041239, 'penalty_k': 0.02931354600026708, 'scale_lr': 0.43205634459394787}. Best is trial 65 with value: 0.36006941660832803.
checkpoint_e24 window_influence: 0.49955894348784863, penalty_k: 0.00024930152253937, scale_lr: 0.30385215459166570, EAO: 0.339
Trial 157 finished with value: 0.3387523052293503 and parameters: {'window_influence': 0.49955894348784863, 'penalty_k': 0.00024930152253937153, 'scale_lr': 0.3038521545916657}. Best is trial 65 with value: 0.36006941660832803.
checkpoint_e24 window_influence: 0.48469589443634187, penalty_k: 0.01776010654945485, scale_lr: 0.35546183352932448, EAO: 0.330
Trial 158 finished with value: 0.3298191949435245 and parameters: {'window_influence': 0.48469589443634187, 'penalty_k': 0.017760106549454847, 'scale_lr': 0.3554618335293245}. Best is trial 65 with value: 0.36006941660832803.
checkpoint_e24 window_influence: 0.46237738150341445, penalty_k: 0.07368626063567023, scale_lr: 0.31784459562619133, EAO: 0.341
Trial 159 finished with value: 0.34065633316448224 and parameters: {'window_influence': 0.46237738150341445, 'penalty_k': 0.07368626063567023, 'scale_lr': 0.31784459562619133}. Best is trial 65 with value: 0.36006941660832803.
checkpoint_e24 window_influence: 0.54099058964554525, penalty_k: 0.04527493442653079, scale_lr: 0.41411950933718250, EAO: 0.311
Trial 160 finished with value: 0.31129396309648505 and parameters: {'window_influence': 0.5409905896455453, 'penalty_k': 0.045274934426530786, 'scale_lr': 0.4141195093371825}. Best is trial 65 with value: 0.36006941660832803.
checkpoint_e24 window_influence: 0.51901187427168660, penalty_k: 0.01108471860873399, scale_lr: 0.33185794622854919, EAO: 0.347
Trial 161 finished with value: 0.3466678504118196 and parameters: {'window_influence': 0.5190118742716866, 'penalty_k': 0.01108471860873399, 'scale_lr': 0.3318579462285492}. Best is trial 65 with value: 0.36006941660832803.
checkpoint_e24 window_influence: 0.51232750181877751, penalty_k: 0.02935847537553841, scale_lr: 0.37144606260922869, EAO: 0.330
Trial 162 finished with value: 0.3299551855497323 and parameters: {'window_influence': 0.5123275018187775, 'penalty_k': 0.029358475375538408, 'scale_lr': 0.3714460626092287}. Best is trial 65 with value: 0.36006941660832803.
checkpoint_e24 window_influence: 0.52667199123890562, penalty_k: 0.01333015683672092, scale_lr: 0.38558120724263201, EAO: 0.334
Trial 163 finished with value: 0.3342932594889333 and parameters: {'window_influence': 0.5266719912389056, 'penalty_k': 0.013330156836720921, 'scale_lr': 0.385581207242632}. Best is trial 65 with value: 0.36006941660832803.
checkpoint_e24 window_influence: 0.49732531879462744, penalty_k: 0.03884709526881335, scale_lr: 0.44332637559233889, EAO: 0.346
Trial 164 finished with value: 0.34553410304195686 and parameters: {'window_influence': 0.49732531879462744, 'penalty_k': 0.03884709526881335, 'scale_lr': 0.4433263755923389}. Best is trial 65 with value: 0.36006941660832803.
checkpoint_e24 window_influence: 0.50111526396724804, penalty_k: 0.03234807424160793, scale_lr: 0.34384609414351036, EAO: 0.334
Trial 165 finished with value: 0.33386199785113796 and parameters: {'window_influence': 0.501115263967248, 'penalty_k': 0.032348074241607926, 'scale_lr': 0.34384609414351036}. Best is trial 65 with value: 0.36006941660832803.
checkpoint_e24 window_influence: 0.51297684115233577, penalty_k: 0.02177333397372674, scale_lr: 0.40115852625984977, EAO: 0.331
Trial 166 finished with value: 0.3308577633785367 and parameters: {'window_influence': 0.5129768411523358, 'penalty_k': 0.02177333397372674, 'scale_lr': 0.40115852625984977}. Best is trial 65 with value: 0.36006941660832803.
checkpoint_e24 window_influence: 0.53480566027205412, penalty_k: 0.00039798467689846, scale_lr: 0.29280484093105685, EAO: 0.317
Trial 167 finished with value: 0.3168499098097768 and parameters: {'window_influence': 0.5348056602720541, 'penalty_k': 0.00039798467689846316, 'scale_lr': 0.29280484093105685}. Best is trial 65 with value: 0.36006941660832803.
checkpoint_e24 window_influence: 0.55400133114525496, penalty_k: 0.05292475719869714, scale_lr: 0.31316883932024997, EAO: 0.299
Trial 168 finished with value: 0.29918662252825057 and parameters: {'window_influence': 0.554001331145255, 'penalty_k': 0.05292475719869714, 'scale_lr': 0.31316883932024997}. Best is trial 65 with value: 0.36006941660832803.
checkpoint_e24 window_influence: 0.49384999206592944, penalty_k: 0.03780205514552160, scale_lr: 0.36022141467798680, EAO: 0.342
Trial 169 finished with value: 0.34172898635326193 and parameters: {'window_influence': 0.49384999206592944, 'penalty_k': 0.0378020551455216, 'scale_lr': 0.3602214146779868}. Best is trial 65 with value: 0.36006941660832803.
checkpoint_e24 window_influence: 0.52653056558048039, penalty_k: 0.01470223806237483, scale_lr: 0.42389281014877411, EAO: 0.309
Trial 170 finished with value: 0.3087149937908937 and parameters: {'window_influence': 0.5265305655804804, 'penalty_k': 0.014702238062374832, 'scale_lr': 0.4238928101487741}. Best is trial 65 with value: 0.36006941660832803.
checkpoint_e24 window_influence: 0.48279520100928719, penalty_k: 0.06173172979997328, scale_lr: 0.44521353349696968, EAO: 0.347
Trial 171 finished with value: 0.3465352642860858 and parameters: {'window_influence': 0.4827952010092872, 'penalty_k': 0.06173172979997328, 'scale_lr': 0.4452135334969697}. Best is trial 65 with value: 0.36006941660832803.
checkpoint_e24 window_influence: 0.50816309204448407, penalty_k: 0.04789286559091815, scale_lr: 0.44164768481695199, EAO: 0.347
Trial 172 finished with value: 0.3468137429845936 and parameters: {'window_influence': 0.5081630920444841, 'penalty_k': 0.047892865590918154, 'scale_lr': 0.441647684816952}. Best is trial 65 with value: 0.36006941660832803.
checkpoint_e24 window_influence: 0.50838038371093375, penalty_k: 0.02467898274625391, scale_lr: 0.43919200999969965, EAO: 0.353
Trial 173 finished with value: 0.35276995848588905 and parameters: {'window_influence': 0.5083803837109337, 'penalty_k': 0.02467898274625391, 'scale_lr': 0.43919200999969965}. Best is trial 65 with value: 0.36006941660832803.
checkpoint_e24 window_influence: 0.51785812616323545, penalty_k: 0.02027945293091635, scale_lr: 0.44591977895054702, EAO: 0.350
Trial 174 finished with value: 0.35015723549902206 and parameters: {'window_influence': 0.5178581261632355, 'penalty_k': 0.020279452930916347, 'scale_lr': 0.445919778950547}. Best is trial 65 with value: 0.36006941660832803.
checkpoint_e24 window_influence: 0.49634937138491841, penalty_k: 0.01127280064696911, scale_lr: 0.46698438647539553, EAO: 0.340
Trial 175 finished with value: 0.34000412626952975 and parameters: {'window_influence': 0.4963493713849184, 'penalty_k': 0.011272800646969106, 'scale_lr': 0.46698438647539553}. Best is trial 65 with value: 0.36006941660832803.
checkpoint_e24 window_influence: 0.54015857214839680, penalty_k: 0.05895501430658690, scale_lr: 0.44805741831491169, EAO: 0.311
Trial 176 finished with value: 0.3105021820110106 and parameters: {'window_influence': 0.5401585721483968, 'penalty_k': 0.0589550143065869, 'scale_lr': 0.4480574183149117}. Best is trial 65 with value: 0.36006941660832803.
checkpoint_e24 window_influence: 0.51691643186339264, penalty_k: 0.02592465182048435, scale_lr: 0.44183530596706716, EAO: 0.341
Trial 177 finished with value: 0.3413296863726605 and parameters: {'window_influence': 0.5169164318633926, 'penalty_k': 0.02592465182048435, 'scale_lr': 0.44183530596706716}. Best is trial 65 with value: 0.36006941660832803.
checkpoint_e24 window_influence: 0.47251599273686590, penalty_k: 0.01145363904986244, scale_lr: 0.46750510967614733, EAO: 0.332
Trial 178 finished with value: 0.33193283020754266 and parameters: {'window_influence': 0.4725159927368659, 'penalty_k': 0.011453639049862439, 'scale_lr': 0.46750510967614733}. Best is trial 65 with value: 0.36006941660832803.
checkpoint_e24 window_influence: 0.50640949248119604, penalty_k: 0.04381117801045815, scale_lr: 0.43666831420680124, EAO: 0.350
Trial 179 finished with value: 0.34992506253580175 and parameters: {'window_influence': 0.506409492481196, 'penalty_k': 0.043811178010458154, 'scale_lr': 0.43666831420680124}. Best is trial 65 with value: 0.36006941660832803.
checkpoint_e24 window_influence: 0.50938158197287275, penalty_k: 0.29261499314134509, scale_lr: 0.44357332322925019, EAO: 0.318
Trial 180 finished with value: 0.31785532826347573 and parameters: {'window_influence': 0.5093815819728728, 'penalty_k': 0.2926149931413451, 'scale_lr': 0.4435733232292502}. Best is trial 65 with value: 0.36006941660832803.
checkpoint_e24 window_influence: 0.49313244860506311, penalty_k: 0.04204421016438939, scale_lr: 0.42893304722661868, EAO: 0.333
Trial 181 finished with value: 0.3334738999489216 and parameters: {'window_influence': 0.4931324486050631, 'penalty_k': 0.04204421016438939, 'scale_lr': 0.4289330472266187}. Best is trial 65 with value: 0.36006941660832803.
checkpoint_e24 window_influence: 0.52565138747104256, penalty_k: 0.02193574282187451, scale_lr: 0.43592647763072068, EAO: 0.321
Trial 182 finished with value: 0.3205475284779582 and parameters: {'window_influence': 0.5256513874710426, 'penalty_k': 0.021935742821874507, 'scale_lr': 0.4359264776307207}. Best is trial 65 with value: 0.36006941660832803.
checkpoint_e24 window_influence: 0.50700459563220579, penalty_k: 0.03304691143118282, scale_lr: 0.41956746397418537, EAO: 0.330
Trial 183 finished with value: 0.3299267116339754 and parameters: {'window_influence': 0.5070045956322058, 'penalty_k': 0.03304691143118282, 'scale_lr': 0.4195674639741854}. Best is trial 65 with value: 0.36006941660832803.
checkpoint_e24 window_influence: 0.48694471638041448, penalty_k: 0.00048415646659817, scale_lr: 0.45420083323814203, EAO: 0.356
Trial 184 finished with value: 0.35615801103847966 and parameters: {'window_influence': 0.4869447163804145, 'penalty_k': 0.00048415646659816583, 'scale_lr': 0.45420083323814203}. Best is trial 65 with value: 0.36006941660832803.
checkpoint_e24 window_influence: 0.48051306525355619, penalty_k: 0.00600949488060237, scale_lr: 0.47963605857577141, EAO: 0.329
Trial 185 finished with value: 0.32942720714246254 and parameters: {'window_influence': 0.4805130652535562, 'penalty_k': 0.006009494880602373, 'scale_lr': 0.4796360585757714}. Best is trial 65 with value: 0.36006941660832803.
checkpoint_e24 window_influence: 0.34060528823781760, penalty_k: 0.05016900658066272, scale_lr: 0.45889859185872606, EAO: 0.315
