Trial 586 finished with value: 0.32904819373026895 and parameters: {'window_influence': 0.4625587999204906, 'penalty_k': 0.13095541712162043, 'scale_lr': 0.5798688970525718}. Best is trial 386 with value: 0.35297253809086543.
checkpoint_e18 window_influence: 0.48548958114180196, penalty_k: 0.30634704776092764, scale_lr: 0.35668777567802806, EAO: 0.307
Trial 587 finished with value: 0.3074129503872608 and parameters: {'window_influence': 0.48548958114180196, 'penalty_k': 0.30634704776092764, 'scale_lr': 0.35668777567802806}. Best is trial 386 with value: 0.35297253809086543.
checkpoint_e18 window_influence: 0.41350995895987758, penalty_k: 0.00152285911171970, scale_lr: 0.23969626855299908, EAO: 0.324
Trial 258 finished with value: 0.3236935212338481 and parameters: {'window_influence': 0.4135099589598776, 'penalty_k': 0.0015228591117196965, 'scale_lr': 0.23969626855299908}. Best is trial 201 with value: 0.34928440305509456.
checkpoint_e18 window_influence: 0.45041787296541047, penalty_k: 0.16909919856731598, scale_lr: 0.32072916416750030, EAO: 0.330
Trial 588 finished with value: 0.3296797934789138 and parameters: {'window_influence': 0.45041787296541047, 'penalty_k': 0.16909919856731598, 'scale_lr': 0.3207291641675003}. Best is trial 386 with value: 0.35297253809086543.
checkpoint_e18 window_influence: 0.50986898655670276, penalty_k: 0.10624871221109981, scale_lr: 0.34278434740245195, EAO: 0.305
Trial 589 finished with value: 0.3053171770929826 and parameters: {'window_influence': 0.5098689865567028, 'penalty_k': 0.10624871221109981, 'scale_lr': 0.34278434740245195}. Best is trial 386 with value: 0.35297253809086543.
checkpoint_e18 window_influence: 0.44532538425393092, penalty_k: 0.01965154073680203, scale_lr: 0.26868392697217752, EAO: 0.315
Trial 259 finished with value: 0.315320831154571 and parameters: {'window_influence': 0.4453253842539309, 'penalty_k': 0.019651540736802028, 'scale_lr': 0.2686839269721775}. Best is trial 201 with value: 0.34928440305509456.
checkpoint_e18 window_influence: 0.55313805594388166, penalty_k: 0.14458699978884021, scale_lr: 0.68012201220708424, EAO: 0.272
Trial 590 finished with value: 0.2722521555330967 and parameters: {'window_influence': 0.5531380559438817, 'penalty_k': 0.1445869997888402, 'scale_lr': 0.6801220122070842}. Best is trial 386 with value: 0.35297253809086543.
checkpoint_e18 window_influence: 0.47916916937659298, penalty_k: 0.48156357133971339, scale_lr: 0.29827640307468845, EAO: 0.284
Trial 591 finished with value: 0.28421044859904726 and parameters: {'window_influence': 0.479169169376593, 'penalty_k': 0.4815635713397134, 'scale_lr': 0.29827640307468845}. Best is trial 386 with value: 0.35297253809086543.
checkpoint_e18 window_influence: 0.42599137355970557, penalty_k: 0.44352045329384826, scale_lr: 0.26654676464644206, EAO: 0.301
Trial 260 finished with value: 0.30146942725441334 and parameters: {'window_influence': 0.42599137355970557, 'penalty_k': 0.44352045329384826, 'scale_lr': 0.26654676464644206}. Best is trial 201 with value: 0.34928440305509456.
checkpoint_e18 window_influence: 0.27399093022078014, penalty_k: 0.21585053499089146, scale_lr: 0.42092372171008668, EAO: 0.287
Trial 592 finished with value: 0.28694487337008523 and parameters: {'window_influence': 0.27399093022078014, 'penalty_k': 0.21585053499089146, 'scale_lr': 0.4209237217100867}. Best is trial 386 with value: 0.35297253809086543.
checkpoint_e18 window_influence: 0.46243996241011204, penalty_k: 0.11523496750868399, scale_lr: 0.66433699309867678, EAO: 0.313
Trial 593 finished with value: 0.3128514050393717 and parameters: {'window_influence': 0.46243996241011204, 'penalty_k': 0.11523496750868399, 'scale_lr': 0.6643369930986768}. Best is trial 386 with value: 0.35297253809086543.
checkpoint_e18 window_influence: 0.43583864193477967, penalty_k: 0.02506227008170855, scale_lr: 0.25041237890390106, EAO: 0.341
Trial 261 finished with value: 0.3407903002857698 and parameters: {'window_influence': 0.43583864193477967, 'penalty_k': 0.025062270081708554, 'scale_lr': 0.25041237890390106}. Best is trial 201 with value: 0.34928440305509456.
checkpoint_e18 window_influence: 0.49577966675547119, penalty_k: 0.19373932114587150, scale_lr: 0.26376215789572593, EAO: 0.310
Trial 594 finished with value: 0.3102545934196576 and parameters: {'window_influence': 0.4957796667554712, 'penalty_k': 0.1937393211458715, 'scale_lr': 0.26376215789572593}. Best is trial 386 with value: 0.35297253809086543.
checkpoint_e18 window_influence: 0.20170220913168538, penalty_k: 0.02567717518160544, scale_lr: 0.39266823460270744, EAO: 0.288
Trial 595 finished with value: 0.28834238955714825 and parameters: {'window_influence': 0.20170220913168538, 'penalty_k': 0.025677175181605442, 'scale_lr': 0.39266823460270744}. Best is trial 386 with value: 0.35297253809086543.
checkpoint_e18 window_influence: 0.43600457629817568, penalty_k: 0.02753964683944909, scale_lr: 0.25741208767399026, EAO: 0.319
Trial 262 finished with value: 0.3187903825063186 and parameters: {'window_influence': 0.4360045762981757, 'penalty_k': 0.027539646839449088, 'scale_lr': 0.25741208767399026}. Best is trial 201 with value: 0.34928440305509456.
checkpoint_e18 window_influence: 0.47267597856580956, penalty_k: 0.28759276920386956, scale_lr: 0.51548295738333094, EAO: 0.306
Trial 596 finished with value: 0.30565233024177846 and parameters: {'window_influence': 0.47267597856580956, 'penalty_k': 0.28759276920386956, 'scale_lr': 0.5154829573833309}. Best is trial 386 with value: 0.35297253809086543.
checkpoint_e18 window_influence: 0.53329175329102740, penalty_k: 0.10729711486647353, scale_lr: 0.42966307313285163, EAO: 0.291
Trial 597 finished with value: 0.2909434393106268 and parameters: {'window_influence': 0.5332917532910274, 'penalty_k': 0.10729711486647353, 'scale_lr': 0.4296630731328516}. Best is trial 386 with value: 0.35297253809086543.
checkpoint_e18 window_influence: 0.42934473336074641, penalty_k: 0.35348633600102436, scale_lr: 0.64547509721628504, EAO: 0.321
Trial 598 finished with value: 0.32112422834806403 and parameters: {'window_influence': 0.4293447333607464, 'penalty_k': 0.35348633600102436, 'scale_lr': 0.645475097216285}. Best is trial 386 with value: 0.35297253809086543.
checkpoint_e18 window_influence: 0.45783257528877935, penalty_k: 0.01509994188888258, scale_lr: 0.22933097861252927, EAO: 0.343
Trial 263 finished with value: 0.34334831073126443 and parameters: {'window_influence': 0.45783257528877935, 'penalty_k': 0.015099941888882579, 'scale_lr': 0.22933097861252927}. Best is trial 201 with value: 0.34928440305509456.
checkpoint_e18 window_influence: 0.44326045213057913, penalty_k: 0.52295453797659719, scale_lr: 0.70064730525187269, EAO: 0.299
Trial 599 finished with value: 0.29901101715601835 and parameters: {'window_influence': 0.44326045213057913, 'penalty_k': 0.5229545379765972, 'scale_lr': 0.7006473052518727}. Best is trial 386 with value: 0.35297253809086543.
checkpoint_e18 window_influence: 0.34465711432092522, penalty_k: 0.57081503606827821, scale_lr: 0.57178619265320818, EAO: 0.305
Trial 600 finished with value: 0.3046596253196553 and parameters: {'window_influence': 0.3446571143209252, 'penalty_k': 0.5708150360682782, 'scale_lr': 0.5717861926532082}. Best is trial 386 with value: 0.35297253809086543.
checkpoint_e18 window_influence: 0.45607175736834898, penalty_k: 0.01395047067284926, scale_lr: 0.24428066607291513, EAO: 0.308
Trial 264 finished with value: 0.308088685751889 and parameters: {'window_influence': 0.456071757368349, 'penalty_k': 0.013950470672849255, 'scale_lr': 0.24428066607291513}. Best is trial 201 with value: 0.34928440305509456.
checkpoint_e18 window_influence: 0.45607852332156756, penalty_k: 0.12428269237223685, scale_lr: 0.46941307999323856, EAO: 0.324
Trial 601 finished with value: 0.32385853941802384 and parameters: {'window_influence': 0.45607852332156756, 'penalty_k': 0.12428269237223685, 'scale_lr': 0.46941307999323856}. Best is trial 386 with value: 0.35297253809086543.
checkpoint_e18 window_influence: 0.48564253686213799, penalty_k: 0.15514071829961015, scale_lr: 0.40907571002435417, EAO: 0.322
Trial 602 finished with value: 0.32246443698842236 and parameters: {'window_influence': 0.485642536862138, 'penalty_k': 0.15514071829961015, 'scale_lr': 0.40907571002435417}. Best is trial 386 with value: 0.35297253809086543.
checkpoint_e18 window_influence: 0.46498475511528076, penalty_k: 0.01783864452446256, scale_lr: 0.23812559947623660, EAO: 0.332
Trial 265 finished with value: 0.3321710609276471 and parameters: {'window_influence': 0.46498475511528076, 'penalty_k': 0.017838644524462564, 'scale_lr': 0.2381255994762366}. Best is trial 201 with value: 0.34928440305509456.
checkpoint_e18 window_influence: 0.47035108113938789, penalty_k: 0.59126549049976451, scale_lr: 0.37235611728213658, EAO: 0.280
Trial 603 finished with value: 0.2796131394484628 and parameters: {'window_influence': 0.4703510811393879, 'penalty_k': 0.5912654904997645, 'scale_lr': 0.3723561172821366}. Best is trial 386 with value: 0.35297253809086543.
checkpoint_e18 window_influence: 0.45870639390495971, penalty_k: 0.27134442282250076, scale_lr: 0.44160865292621548, EAO: 0.295
Trial 604 finished with value: 0.2952878520994335 and parameters: {'window_influence': 0.4587063939049597, 'penalty_k': 0.27134442282250076, 'scale_lr': 0.4416086529262155}. Best is trial 386 with value: 0.35297253809086543.
checkpoint_e18 window_influence: 0.46621993534140382, penalty_k: 0.00080288618642218, scale_lr: 0.24341867178388718, EAO: 0.320
Trial 266 finished with value: 0.3197698118853662 and parameters: {'window_influence': 0.4662199353414038, 'penalty_k': 0.0008028861864221833, 'scale_lr': 0.24341867178388718}. Best is trial 201 with value: 0.34928440305509456.
checkpoint_e18 window_influence: 0.50070739184641855, penalty_k: 0.31810856865053533, scale_lr: 0.28668679922090801, EAO: 0.304
Trial 605 finished with value: 0.303552517457231 and parameters: {'window_influence': 0.5007073918464185, 'penalty_k': 0.31810856865053533, 'scale_lr': 0.286686799220908}. Best is trial 386 with value: 0.35297253809086543.
checkpoint_e18 window_influence: 0.43361244844869157, penalty_k: 0.20190701095829094, scale_lr: 0.23323779203268064, EAO: 0.337
Trial 606 finished with value: 0.3371792599152962 and parameters: {'window_influence': 0.43361244844869157, 'penalty_k': 0.20190701095829094, 'scale_lr': 0.23323779203268064}. Best is trial 386 with value: 0.35297253809086543.
checkpoint_e18 window_influence: 0.47378911753606018, penalty_k: 0.02611474239023211, scale_lr: 0.23864125772951780, EAO: 0.331
Trial 267 finished with value: 0.33057970620314897 and parameters: {'window_influence': 0.4737891175360602, 'penalty_k': 0.026114742390232114, 'scale_lr': 0.2386412577295178}. Best is trial 201 with value: 0.34928440305509456.
checkpoint_e18 window_influence: 0.23470866646615410, penalty_k: 0.20457286422886994, scale_lr: 0.23582341316826644, EAO: 0.295
Trial 607 finished with value: 0.29460847702471665 and parameters: {'window_influence': 0.2347086664661541, 'penalty_k': 0.20457286422886994, 'scale_lr': 0.23582341316826644}. Best is trial 386 with value: 0.35297253809086543.
checkpoint_e18 window_influence: 0.25760783590813452, penalty_k: 0.22550958125610709, scale_lr: 0.26716629659293301, EAO: 0.302
Trial 608 finished with value: 0.3020283614615058 and parameters: {'window_influence': 0.2576078359081345, 'penalty_k': 0.2255095812561071, 'scale_lr': 0.267166296592933}. Best is trial 386 with value: 0.35297253809086543.
checkpoint_e18 window_influence: 0.44947158589056413, penalty_k: 0.21843224158573252, scale_lr: 0.21565949258630260, EAO: 0.310
Trial 268 finished with value: 0.3099844267280185 and parameters: {'window_influence': 0.44947158589056413, 'penalty_k': 0.21843224158573252, 'scale_lr': 0.2156594925863026}. Best is trial 201 with value: 0.34928440305509456.
checkpoint_e18 window_influence: 0.43263661714720847, penalty_k: 0.25361256271007260, scale_lr: 0.24838401141589672, EAO: 0.321
Trial 609 finished with value: 0.32071822249703835 and parameters: {'window_influence': 0.43263661714720847, 'penalty_k': 0.2536125627100726, 'scale_lr': 0.24838401141589672}. Best is trial 386 with value: 0.35297253809086543.
checkpoint_e18 window_influence: 0.44085928799296492, penalty_k: 0.18774573783579535, scale_lr: 0.23280570866977807, EAO: 0.323
Trial 610 finished with value: 0.3234682821230202 and parameters: {'window_influence': 0.4408592879929649, 'penalty_k': 0.18774573783579535, 'scale_lr': 0.23280570866977807}. Best is trial 386 with value: 0.35297253809086543.
checkpoint_e18 window_influence: 0.48851411166059266, penalty_k: 0.01716038389303401, scale_lr: 0.22294484341859219, EAO: 0.319
Trial 269 finished with value: 0.3193837982323383 and parameters: {'window_influence': 0.48851411166059266, 'penalty_k': 0.01716038389303401, 'scale_lr': 0.2229448434185922}. Best is trial 201 with value: 0.34928440305509456.
checkpoint_e18 window_influence: 0.42541113795864105, penalty_k: 0.16516341012493865, scale_lr: 0.33745235543700042, EAO: 0.301
Trial 611 finished with value: 0.3005234387482187 and parameters: {'window_influence': 0.42541113795864105, 'penalty_k': 0.16516341012493865, 'scale_lr': 0.3374523554370004}. Best is trial 386 with value: 0.35297253809086543.
checkpoint_e18 window_influence: 0.44833974420901207, penalty_k: 0.23105670006573367, scale_lr: 0.68859433770851597, EAO: 0.323
Trial 612 finished with value: 0.32319287422334175 and parameters: {'window_influence': 0.44833974420901207, 'penalty_k': 0.23105670006573367, 'scale_lr': 0.688594337708516}. Best is trial 386 with value: 0.35297253809086543.
checkpoint_e18 window_influence: 0.43679475553857100, penalty_k: 0.17966294795931131, scale_lr: 0.71697772182835273, EAO: 0.333
Trial 613 finished with value: 0.33267262032987543 and parameters: {'window_influence': 0.436794755538571, 'penalty_k': 0.17966294795931131, 'scale_lr': 0.7169777218283527}. Best is trial 386 with value: 0.35297253809086543.
checkpoint_e18 window_influence: 0.46080895431471769, penalty_k: 0.00008505568265905, scale_lr: 0.23250795958438042, EAO: 0.318
Trial 270 finished with value: 0.3178222687327908 and parameters: {'window_influence': 0.4608089543147177, 'penalty_k': 8.505568265904963e-05, 'scale_lr': 0.23250795958438042}. Best is trial 201 with value: 0.34928440305509456.
checkpoint_e18 window_influence: 0.10211779642027455, penalty_k: 0.20295133385879513, scale_lr: 0.29618097529058107, EAO: 0.262
Trial 614 finished with value: 0.2617496214372175 and parameters: {'window_influence': 0.10211779642027455, 'penalty_k': 0.20295133385879513, 'scale_lr': 0.29618097529058107}. Best is trial 386 with value: 0.35297253809086543.
checkpoint_e18 window_influence: 0.38581925647047943, penalty_k: 0.59943105056090129, scale_lr: 0.31175172353129582, EAO: 0.307
Trial 615 finished with value: 0.3074293122101387 and parameters: {'window_influence': 0.38581925647047943, 'penalty_k': 0.5994310505609013, 'scale_lr': 0.3117517235312958}. Best is trial 386 with value: 0.35297253809086543.
checkpoint_e18 window_influence: 0.16879729048675465, penalty_k: 0.13426634769913606, scale_lr: 0.21956904234104191, EAO: 0.278
Trial 616 finished with value: 0.27759843032647663 and parameters: {'window_influence': 0.16879729048675465, 'penalty_k': 0.13426634769913606, 'scale_lr': 0.2195690423410419}. Best is trial 386 with value: 0.35297253809086543.
checkpoint_e18 window_influence: 0.51640267838297815, penalty_k: 0.14500543560412485, scale_lr: 0.25647079172036996, EAO: 0.324
Trial 617 finished with value: 0.3237541648432439 and parameters: {'window_influence': 0.5164026783829782, 'penalty_k': 0.14500543560412485, 'scale_lr': 0.25647079172036996}. Best is trial 386 with value: 0.35297253809086543.
checkpoint_e18 window_influence: 0.50245341008063438, penalty_k: 0.03353598330438712, scale_lr: 0.22994859253521119, EAO: 0.307
Trial 271 finished with value: 0.30674724130083153 and parameters: {'window_influence': 0.5024534100806344, 'penalty_k': 0.033535983304387125, 'scale_lr': 0.2299485925352112}. Best is trial 201 with value: 0.34928440305509456.
checkpoint_e18 window_influence: 0.47867480679602226, penalty_k: 0.47011745663859017, scale_lr: 0.21578891188026739, EAO: 0.270
Trial 618 finished with value: 0.27033988221146255 and parameters: {'window_influence': 0.47867480679602226, 'penalty_k': 0.47011745663859017, 'scale_lr': 0.2157889118802674}. Best is trial 386 with value: 0.35297253809086543.
checkpoint_e18 window_influence: 0.49088267434532623, penalty_k: 0.50509616993234518, scale_lr: 0.59922130281056540, EAO: 0.285
Trial 619 finished with value: 0.28507137913184405 and parameters: {'window_influence': 0.49088267434532623, 'penalty_k': 0.5050961699323452, 'scale_lr': 0.5992213028105654}. Best is trial 386 with value: 0.35297253809086543.
checkpoint_e18 window_influence: 0.33461450009527388, penalty_k: 0.10388406318486054, scale_lr: 0.33485096630221267, EAO: 0.323
Trial 620 finished with value: 0.32305506248650384 and parameters: {'window_influence': 0.3346145000952739, 'penalty_k': 0.10388406318486054, 'scale_lr': 0.33485096630221267}. Best is trial 386 with value: 0.35297253809086543.
checkpoint_e18 window_influence: 0.45114555295469733, penalty_k: 0.25923003037824821, scale_lr: 0.16796557981943439, EAO: 0.297
Trial 621 finished with value: 0.29686839258160574 and parameters: {'window_influence': 0.4511455529546973, 'penalty_k': 0.2592300303782482, 'scale_lr': 0.16796557981943439}. Best is trial 386 with value: 0.35297253809086543.
checkpoint_e18 window_influence: 0.44413194742282064, penalty_k: 0.01973897033197208, scale_lr: 0.25534697762996494, EAO: 0.337
Trial 272 finished with value: 0.3368117714206532 and parameters: {'window_influence': 0.44413194742282064, 'penalty_k': 0.019738970331972083, 'scale_lr': 0.25534697762996494}. Best is trial 201 with value: 0.34928440305509456.
checkpoint_e18 window_influence: 0.31737832907936725, penalty_k: 0.11441979143481218, scale_lr: 0.35764504242571388, EAO: 0.314
Trial 622 finished with value: 0.31389264437707015 and parameters: {'window_influence': 0.31737832907936725, 'penalty_k': 0.11441979143481218, 'scale_lr': 0.3576450424257139}. Best is trial 386 with value: 0.35297253809086543.
checkpoint_e18 window_influence: 0.46467896459982977, penalty_k: 0.17231206571704188, scale_lr: 0.46169235840408790, EAO: 0.309
Trial 623 finished with value: 0.30911480035299455 and parameters: {'window_influence': 0.46467896459982977, 'penalty_k': 0.17231206571704188, 'scale_lr': 0.4616923584040879}. Best is trial 386 with value: 0.35297253809086543.
checkpoint_e18 window_influence: 0.28842343775361223, penalty_k: 0.54723395566599808, scale_lr: 0.39814506723207044, EAO: 0.289
Trial 624 finished with value: 0.28883936270665567 and parameters: {'window_influence': 0.28842343775361223, 'penalty_k': 0.5472339556659981, 'scale_lr': 0.39814506723207044}. Best is trial 386 with value: 0.35297253809086543.
checkpoint_e18 window_influence: 0.59345978940673683, penalty_k: 0.12505093282502983, scale_lr: 0.42144634396636826, EAO: 0.265
Trial 625 finished with value: 0.2654471516261305 and parameters: {'window_influence': 0.5934597894067368, 'penalty_k': 0.12505093282502983, 'scale_lr': 0.42144634396636826}. Best is trial 386 with value: 0.35297253809086543.
checkpoint_e18 window_influence: 0.44743245763850237, penalty_k: 0.02034220381470277, scale_lr: 0.26231471482583157, EAO: 0.323
Trial 273 finished with value: 0.3225692602794922 and parameters: {'window_influence': 0.44743245763850237, 'penalty_k': 0.020342203814702774, 'scale_lr': 0.2623147148258316}. Best is trial 201 with value: 0.34928440305509456.
checkpoint_e18 window_influence: 0.42648080618099832, penalty_k: 0.13873153222702603, scale_lr: 0.61815880642527765, EAO: 0.317
Trial 626 finished with value: 0.31673621476160413 and parameters: {'window_influence': 0.4264808061809983, 'penalty_k': 0.13873153222702603, 'scale_lr': 0.6181588064252777}. Best is trial 386 with value: 0.35297253809086543.
checkpoint_e18 window_influence: 0.47792600800479107, penalty_k: 0.55771463901412355, scale_lr: 0.27625984672055648, EAO: 0.305
Trial 627 finished with value: 0.30535322845214075 and parameters: {'window_influence': 0.47792600800479107, 'penalty_k': 0.5577146390141235, 'scale_lr': 0.2762598467205565}. Best is trial 386 with value: 0.35297253809086543.
checkpoint_e18 window_influence: 0.60540743736223890, penalty_k: 0.09826552320066959, scale_lr: 0.50535255641798038, EAO: 0.260
Trial 628 finished with value: 0.25986563834698745 and parameters: {'window_influence': 0.6054074373622389, 'penalty_k': 0.09826552320066959, 'scale_lr': 0.5053525564179804}. Best is trial 386 with value: 0.35297253809086543.
checkpoint_e18 window_influence: 0.14862819396024621, penalty_k: 0.20877035810966330, scale_lr: 0.44568751059752282, EAO: 0.272
Trial 629 finished with value: 0.27222439194467746 and parameters: {'window_influence': 0.1486281939602462, 'penalty_k': 0.2087703581096633, 'scale_lr': 0.4456875105975228}. Best is trial 386 with value: 0.35297253809086543.
checkpoint_e18 window_influence: 0.45809803352013806, penalty_k: 0.01270679480716774, scale_lr: 0.25569126757838084, EAO: 0.339
Trial 274 finished with value: 0.3388225360835109 and parameters: {'window_influence': 0.45809803352013806, 'penalty_k': 0.012706794807167741, 'scale_lr': 0.25569126757838084}. Best is trial 201 with value: 0.34928440305509456.
checkpoint_e18 window_influence: 0.38053618719159077, penalty_k: 0.21947971117316070, scale_lr: 0.66907118011560274, EAO: 0.293
Trial 630 finished with value: 0.2928624729470056 and parameters: {'window_influence': 0.38053618719159077, 'penalty_k': 0.2194797111731607, 'scale_lr': 0.6690711801156027}. Best is trial 386 with value: 0.35297253809086543.
checkpoint_e18 window_influence: 0.45127739786985099, penalty_k: 0.11881892915065301, scale_lr: 0.70885704027451224, EAO: 0.314
