Trial 2442 finished with value: 0.31765494434750036 and parameters: {'window_influence': 0.5018844198882475, 'penalty_k': 0.09914747937240621, 'scale_lr': 0.6520065247471667}. Best is trial 1674 with value: 0.38142600678748195.
checkpoint_e33 window_influence: 0.40920535506978861, penalty_k: 0.12217556170015947, scale_lr: 0.42378254056910991, EAO: 0.317
Trial 2443 finished with value: 0.3173789063664262 and parameters: {'window_influence': 0.4092053550697886, 'penalty_k': 0.12217556170015947, 'scale_lr': 0.4237825405691099}. Best is trial 1674 with value: 0.38142600678748195.
checkpoint_e33 window_influence: 0.48557417170087808, penalty_k: 0.13032265152666511, scale_lr: 0.10039372080744285, EAO: 0.334
Trial 2444 finished with value: 0.3338529464683644 and parameters: {'window_influence': 0.4855741717008781, 'penalty_k': 0.1303226515266651, 'scale_lr': 0.10039372080744285}. Best is trial 1674 with value: 0.38142600678748195.
checkpoint_e33 window_influence: 0.33106203269359169, penalty_k: 0.00979225555225140, scale_lr: 0.19021238751703357, EAO: 0.304
Trial 2445 finished with value: 0.3035430225764731 and parameters: {'window_influence': 0.3310620326935917, 'penalty_k': 0.009792255552251404, 'scale_lr': 0.19021238751703357}. Best is trial 1674 with value: 0.38142600678748195.
checkpoint_e33 window_influence: 0.45035201105731520, penalty_k: 0.25489222642097908, scale_lr: 0.39269952441376910, EAO: 0.331
Trial 2446 finished with value: 0.33059865491399504 and parameters: {'window_influence': 0.4503520110573152, 'penalty_k': 0.2548922264209791, 'scale_lr': 0.3926995244137691}. Best is trial 1674 with value: 0.38142600678748195.
checkpoint_e33 window_influence: 0.52943516424095205, penalty_k: 0.27351902495323754, scale_lr: 0.27998914670856279, EAO: 0.311
Trial 2447 finished with value: 0.31110764251376866 and parameters: {'window_influence': 0.529435164240952, 'penalty_k': 0.27351902495323754, 'scale_lr': 0.2799891467085628}. Best is trial 1674 with value: 0.38142600678748195.
checkpoint_e33 window_influence: 0.28014583985998248, penalty_k: 0.07405455858530205, scale_lr: 0.48469726712189742, EAO: 0.293
Trial 2448 finished with value: 0.2931780147181411 and parameters: {'window_influence': 0.2801458398599825, 'penalty_k': 0.07405455858530205, 'scale_lr': 0.4846972671218974}. Best is trial 1674 with value: 0.38142600678748195.
checkpoint_e33 window_influence: 0.14208980815177219, penalty_k: 0.03474901008133182, scale_lr: 0.57165932810117248, EAO: 0.252
Trial 2449 finished with value: 0.252039898578295 and parameters: {'window_influence': 0.1420898081517722, 'penalty_k': 0.03474901008133182, 'scale_lr': 0.5716593281011725}. Best is trial 1674 with value: 0.38142600678748195.
checkpoint_e33 window_influence: 0.47153263751608326, penalty_k: 0.57893217057732871, scale_lr: 0.77891521625457705, EAO: 0.298
Trial 2450 finished with value: 0.29842544164407114 and parameters: {'window_influence': 0.47153263751608326, 'penalty_k': 0.5789321705773287, 'scale_lr': 0.778915216254577}. Best is trial 1674 with value: 0.38142600678748195.
checkpoint_e33 window_influence: 0.50891198969441209, penalty_k: 0.05759399029627710, scale_lr: 0.41055040923725328, EAO: 0.334
Trial 2451 finished with value: 0.33419147597676585 and parameters: {'window_influence': 0.5089119896944121, 'penalty_k': 0.057593990296277105, 'scale_lr': 0.4105504092372533}. Best is trial 1674 with value: 0.38142600678748195.
checkpoint_e33 window_influence: 0.49065117403922970, penalty_k: 0.39910784514127351, scale_lr: 0.44593136240220388, EAO: 0.325
Trial 2452 finished with value: 0.3247102283318219 and parameters: {'window_influence': 0.4906511740392297, 'penalty_k': 0.3991078451412735, 'scale_lr': 0.4459313624022039}. Best is trial 1674 with value: 0.38142600678748195.
checkpoint_e33 window_influence: 0.47880360495640756, penalty_k: 0.22713028775808916, scale_lr: 0.67759467488371083, EAO: 0.313
Trial 2453 finished with value: 0.31281504527835996 and parameters: {'window_influence': 0.47880360495640756, 'penalty_k': 0.22713028775808916, 'scale_lr': 0.6775946748837108}. Best is trial 1674 with value: 0.38142600678748195.
checkpoint_e33 window_influence: 0.24674598834564720, penalty_k: 0.04622287520816656, scale_lr: 0.46634160725289886, EAO: 0.292
Trial 2454 finished with value: 0.2917046589842102 and parameters: {'window_influence': 0.2467459883456472, 'penalty_k': 0.046222875208166564, 'scale_lr': 0.46634160725289886}. Best is trial 1674 with value: 0.38142600678748195.
checkpoint_e33 window_influence: 0.57768224672924184, penalty_k: 0.06778045944162828, scale_lr: 0.29090325711793608, EAO: 0.295
Trial 2455 finished with value: 0.2949208941904951 and parameters: {'window_influence': 0.5776822467292418, 'penalty_k': 0.06778045944162828, 'scale_lr': 0.2909032571179361}. Best is trial 1674 with value: 0.38142600678748195.
checkpoint_e33 window_influence: 0.20181351818279530, penalty_k: 0.33408388782232984, scale_lr: 0.59891626175302226, EAO: 0.286
Trial 2456 finished with value: 0.28591797538536534 and parameters: {'window_influence': 0.2018135181827953, 'penalty_k': 0.33408388782232984, 'scale_lr': 0.5989162617530223}. Best is trial 1674 with value: 0.38142600678748195.
checkpoint_e33 window_influence: 0.51965253720821292, penalty_k: 0.10833327323983349, scale_lr: 0.72443516821962484, EAO: 0.293
Trial 2457 finished with value: 0.29314301676091514 and parameters: {'window_influence': 0.5196525372082129, 'penalty_k': 0.1083332732398335, 'scale_lr': 0.7244351682196248}. Best is trial 1674 with value: 0.38142600678748195.
checkpoint_e33 window_influence: 0.36795974486123401, penalty_k: 0.21448401621467661, scale_lr: 0.56160103330862199, EAO: 0.305
Trial 2458 finished with value: 0.3051872935856363 and parameters: {'window_influence': 0.367959744861234, 'penalty_k': 0.2144840162146766, 'scale_lr': 0.561601033308622}. Best is trial 1674 with value: 0.38142600678748195.
checkpoint_e33 window_influence: 0.61259590012170517, penalty_k: 0.35123278591116047, scale_lr: 0.19829095474520514, EAO: 0.244
Trial 2459 finished with value: 0.24399817355180065 and parameters: {'window_influence': 0.6125959001217052, 'penalty_k': 0.35123278591116047, 'scale_lr': 0.19829095474520514}. Best is trial 1674 with value: 0.38142600678748195.
checkpoint_e33 window_influence: 0.49862189187957823, penalty_k: 0.38333642126484030, scale_lr: 0.48689986891409232, EAO: 0.306
Trial 2460 finished with value: 0.305790364394392 and parameters: {'window_influence': 0.4986218918795782, 'penalty_k': 0.3833364212648403, 'scale_lr': 0.4868998689140923}. Best is trial 1674 with value: 0.38142600678748195.
checkpoint_e33 window_influence: 0.46010984886569994, penalty_k: 0.40794963736476936, scale_lr: 0.16159933664161935, EAO: 0.312
Trial 2461 finished with value: 0.3120065059527349 and parameters: {'window_influence': 0.46010984886569994, 'penalty_k': 0.40794963736476936, 'scale_lr': 0.16159933664161935}. Best is trial 1674 with value: 0.38142600678748195.
checkpoint_e33 window_influence: 0.28730468697346168, penalty_k: 0.50887842002488370, scale_lr: 0.34075438974490496, EAO: 0.306
Trial 2462 finished with value: 0.3055427611338025 and parameters: {'window_influence': 0.2873046869734617, 'penalty_k': 0.5088784200248837, 'scale_lr': 0.34075438974490496}. Best is trial 1674 with value: 0.38142600678748195.
checkpoint_e33 window_influence: 0.63228900961318923, penalty_k: 0.27013084780827873, scale_lr: 0.70432626542069332, EAO: 0.236
Trial 2463 finished with value: 0.23638586352075583 and parameters: {'window_influence': 0.6322890096131892, 'penalty_k': 0.27013084780827873, 'scale_lr': 0.7043262654206933}. Best is trial 1674 with value: 0.38142600678748195.
checkpoint_e33 window_influence: 0.43320592499145705, penalty_k: 0.02622497710670883, scale_lr: 0.64131241629024038, EAO: 0.326
Trial 2464 finished with value: 0.32569102508084785 and parameters: {'window_influence': 0.43320592499145705, 'penalty_k': 0.02622497710670883, 'scale_lr': 0.6413124162902404}. Best is trial 1674 with value: 0.38142600678748195.
checkpoint_e33 window_influence: 0.54213621959977720, penalty_k: 0.09338702893155165, scale_lr: 0.79989862424095393, EAO: 0.289
Trial 2465 finished with value: 0.28865636229978925 and parameters: {'window_influence': 0.5421362195997772, 'penalty_k': 0.09338702893155165, 'scale_lr': 0.7998986242409539}. Best is trial 1674 with value: 0.38142600678748195.
checkpoint_e33 window_influence: 0.48822801807590843, penalty_k: 0.13045141026240231, scale_lr: 0.22035026005281649, EAO: 0.339
Trial 2466 finished with value: 0.3388152722022877 and parameters: {'window_influence': 0.48822801807590843, 'penalty_k': 0.1304514102624023, 'scale_lr': 0.2203502600528165}. Best is trial 1674 with value: 0.38142600678748195.
checkpoint_e33 window_influence: 0.47018095159521928, penalty_k: 0.28771538561777610, scale_lr: 0.62786085818376414, EAO: 0.323
Trial 2467 finished with value: 0.322789533071017 and parameters: {'window_influence': 0.4701809515952193, 'penalty_k': 0.2877153856177761, 'scale_lr': 0.6278608581837641}. Best is trial 1674 with value: 0.38142600678748195.
checkpoint_e33 window_influence: 0.50623215811876998, penalty_k: 0.11563898940290347, scale_lr: 0.25981358096509077, EAO: 0.314
Trial 2468 finished with value: 0.31442832326378806 and parameters: {'window_influence': 0.50623215811877, 'penalty_k': 0.11563898940290347, 'scale_lr': 0.2598135809650908}. Best is trial 1674 with value: 0.38142600678748195.
checkpoint_e33 window_influence: 0.45148948299824115, penalty_k: 0.44612572642674053, scale_lr: 0.66555531456942507, EAO: 0.331
Trial 2469 finished with value: 0.3310397372867347 and parameters: {'window_influence': 0.45148948299824115, 'penalty_k': 0.44612572642674053, 'scale_lr': 0.6655553145694251}. Best is trial 1674 with value: 0.38142600678748195.
checkpoint_e33 window_influence: 0.41658711107373853, penalty_k: 0.00020728851765675, scale_lr: 0.74463014508142400, EAO: 0.338
Trial 2470 finished with value: 0.33781104966824155 and parameters: {'window_influence': 0.4165871110737385, 'penalty_k': 0.00020728851765675418, 'scale_lr': 0.744630145081424}. Best is trial 1674 with value: 0.38142600678748195.
checkpoint_e33 window_influence: 0.12892420583835679, penalty_k: 0.46517233894548604, scale_lr: 0.12502285115936418, EAO: 0.248
Trial 2471 finished with value: 0.24766589672185105 and parameters: {'window_influence': 0.1289242058383568, 'penalty_k': 0.46517233894548604, 'scale_lr': 0.12502285115936418}. Best is trial 1674 with value: 0.38142600678748195.
checkpoint_e33 window_influence: 0.05984614155379642, penalty_k: 0.31807193953675483, scale_lr: 0.68511749966536017, EAO: 0.256
Trial 2472 finished with value: 0.2559575164828319 and parameters: {'window_influence': 0.05984614155379642, 'penalty_k': 0.31807193953675483, 'scale_lr': 0.6851174996653602}. Best is trial 1674 with value: 0.38142600678748195.
checkpoint_e33 window_influence: 0.35374733902926131, penalty_k: 0.07908063170856812, scale_lr: 0.47363735550096259, EAO: 0.318
Trial 2473 finished with value: 0.3179685259491553 and parameters: {'window_influence': 0.3537473390292613, 'penalty_k': 0.07908063170856812, 'scale_lr': 0.4736373555009626}. Best is trial 1674 with value: 0.38142600678748195.
checkpoint_e33 window_influence: 0.48517558123884402, penalty_k: 0.04186886264158923, scale_lr: 0.34994522908011139, EAO: 0.311
Trial 2474 finished with value: 0.31141477562342174 and parameters: {'window_influence': 0.485175581238844, 'penalty_k': 0.04186886264158923, 'scale_lr': 0.3499452290801114}. Best is trial 1674 with value: 0.38142600678748195.
checkpoint_e33 window_influence: 0.47429822312870434, penalty_k: 0.06331015535774938, scale_lr: 0.58832224411788181, EAO: 0.357
Trial 2475 finished with value: 0.3570838269092693 and parameters: {'window_influence': 0.47429822312870434, 'penalty_k': 0.06331015535774938, 'scale_lr': 0.5883222441178818}. Best is trial 1674 with value: 0.38142600678748195.
checkpoint_e33 window_influence: 0.25771278953307042, penalty_k: 0.35676560329110701, scale_lr: 0.43908036805426276, EAO: 0.284
Trial 2476 finished with value: 0.28367254491678007 and parameters: {'window_influence': 0.2577127895330704, 'penalty_k': 0.356765603291107, 'scale_lr': 0.43908036805426276}. Best is trial 1674 with value: 0.38142600678748195.
checkpoint_e33 window_influence: 0.51552966589707727, penalty_k: 0.56949296772823887, scale_lr: 0.23639646302327777, EAO: 0.271
Trial 2477 finished with value: 0.27057267800843204 and parameters: {'window_influence': 0.5155296658970773, 'penalty_k': 0.5694929677282389, 'scale_lr': 0.23639646302327777}. Best is trial 1674 with value: 0.38142600678748195.
checkpoint_e33 window_influence: 0.25049417344267461, penalty_k: 0.20610774627752393, scale_lr: 0.45724379108928892, EAO: 0.308
Trial 2478 finished with value: 0.308073205938599 and parameters: {'window_influence': 0.2504941734426746, 'penalty_k': 0.20610774627752393, 'scale_lr': 0.4572437910892889}. Best is trial 1674 with value: 0.38142600678748195.
checkpoint_e33 window_influence: 0.22712131623640364, penalty_k: 0.05247228812033286, scale_lr: 0.55681627506252152, EAO: 0.301
Trial 2479 finished with value: 0.30085013250200665 and parameters: {'window_influence': 0.22712131623640364, 'penalty_k': 0.05247228812033286, 'scale_lr': 0.5568162750625215}. Best is trial 1674 with value: 0.38142600678748195.
checkpoint_e33 window_influence: 0.49684037866219238, penalty_k: 0.23944489845605357, scale_lr: 0.49432103909652358, EAO: 0.308
Trial 2480 finished with value: 0.30779822541813906 and parameters: {'window_influence': 0.4968403786621924, 'penalty_k': 0.23944489845605357, 'scale_lr': 0.4943210390965236}. Best is trial 1674 with value: 0.38142600678748195.
checkpoint_e33 window_influence: 0.43936885057320663, penalty_k: 0.02320245885738383, scale_lr: 0.71572477579946558, EAO: 0.358
Trial 2481 finished with value: 0.3577218961391004 and parameters: {'window_influence': 0.4393688505732066, 'penalty_k': 0.023202458857383833, 'scale_lr': 0.7157247757994656}. Best is trial 1674 with value: 0.38142600678748195.
checkpoint_e33 window_influence: 0.46488813905932846, penalty_k: 0.29904663352859540, scale_lr: 0.60547836788382459, EAO: 0.325
Trial 2482 finished with value: 0.324944990734182 and parameters: {'window_influence': 0.46488813905932846, 'penalty_k': 0.2990466335285954, 'scale_lr': 0.6054783678838246}. Best is trial 1674 with value: 0.38142600678748195.
checkpoint_e33 window_influence: 0.34367641337837357, penalty_k: 0.08701942891092736, scale_lr: 0.14929785570883952, EAO: 0.310
Trial 2483 finished with value: 0.30983350278106647 and parameters: {'window_influence': 0.34367641337837357, 'penalty_k': 0.08701942891092736, 'scale_lr': 0.14929785570883952}. Best is trial 1674 with value: 0.38142600678748195.
checkpoint_e33 window_influence: 0.48400898733618181, penalty_k: 0.10228503061518374, scale_lr: 0.76569389250346254, EAO: 0.342
Trial 2484 finished with value: 0.3420423015314317 and parameters: {'window_influence': 0.4840089873361818, 'penalty_k': 0.10228503061518374, 'scale_lr': 0.7656938925034625}. Best is trial 1674 with value: 0.38142600678748195.
checkpoint_e33 window_influence: 0.55616223061982273, penalty_k: 0.03805538009942136, scale_lr: 0.65199920132427525, EAO: 0.291
Trial 2485 finished with value: 0.2906056139835588 and parameters: {'window_influence': 0.5561622306198227, 'penalty_k': 0.03805538009942136, 'scale_lr': 0.6519992013242752}. Best is trial 1674 with value: 0.38142600678748195.
checkpoint_e33 window_influence: 0.06077276329343562, penalty_k: 0.06944437377899304, scale_lr: 0.33583997128531906, EAO: 0.253
Trial 2486 finished with value: 0.25304296589547093 and parameters: {'window_influence': 0.06077276329343562, 'penalty_k': 0.06944437377899304, 'scale_lr': 0.33583997128531906}. Best is trial 1674 with value: 0.38142600678748195.
checkpoint_e33 window_influence: 0.50443234109363078, penalty_k: 0.01263092578693497, scale_lr: 0.58015347553047991, EAO: 0.362
Trial 2487 finished with value: 0.3619312219582643 and parameters: {'window_influence': 0.5044323410936308, 'penalty_k': 0.012630925786934973, 'scale_lr': 0.5801534755304799}. Best is trial 1674 with value: 0.38142600678748195.
checkpoint_e33 window_influence: 0.60672441567682034, penalty_k: 0.25547608277856765, scale_lr: 0.37751515242428069, EAO: 0.250
Trial 2488 finished with value: 0.24980991957020668 and parameters: {'window_influence': 0.6067244156768203, 'penalty_k': 0.25547608277856765, 'scale_lr': 0.3775151524242807}. Best is trial 1674 with value: 0.38142600678748195.
checkpoint_e33 window_influence: 0.53167770348889498, penalty_k: 0.13600594577195815, scale_lr: 0.41858292327213581, EAO: 0.314
Trial 2489 finished with value: 0.3137662096478132 and parameters: {'window_influence': 0.531677703488895, 'penalty_k': 0.13600594577195815, 'scale_lr': 0.4185829232721358}. Best is trial 1674 with value: 0.38142600678748195.
checkpoint_e33 window_influence: 0.49476037439471210, penalty_k: 0.33523391279904485, scale_lr: 0.73570937898843891, EAO: 0.301
Trial 2490 finished with value: 0.3007183335286634 and parameters: {'window_influence': 0.4947603743947121, 'penalty_k': 0.33523391279904485, 'scale_lr': 0.7357093789884389}. Best is trial 1674 with value: 0.38142600678748195.
checkpoint_e33 window_influence: 0.21583860484506698, penalty_k: 0.11882415174218966, scale_lr: 0.13521926345255486, EAO: 0.279
Trial 2491 finished with value: 0.2791615962866215 and parameters: {'window_influence': 0.21583860484506698, 'penalty_k': 0.11882415174218966, 'scale_lr': 0.13521926345255486}. Best is trial 1674 with value: 0.38142600678748195.
checkpoint_e33 window_influence: 0.45409345119995698, penalty_k: 0.05865335388689880, scale_lr: 0.62308759481480191, EAO: 0.349
Trial 2492 finished with value: 0.34930083677462564 and parameters: {'window_influence': 0.454093451199957, 'penalty_k': 0.0586533538868988, 'scale_lr': 0.6230875948148019}. Best is trial 1674 with value: 0.38142600678748195.
checkpoint_e33 window_influence: 0.39530618379030347, penalty_k: 0.08039621634378916, scale_lr: 0.27303311760929749, EAO: 0.309
Trial 2493 finished with value: 0.30939389933408 and parameters: {'window_influence': 0.39530618379030347, 'penalty_k': 0.08039621634378916, 'scale_lr': 0.2730331176092975}. Best is trial 1674 with value: 0.38142600678748195.
checkpoint_e33 window_influence: 0.57861446928246230, penalty_k: 0.22254934812936356, scale_lr: 0.47707139413548477, EAO: 0.274
Trial 2494 finished with value: 0.27447581383968606 and parameters: {'window_influence': 0.5786144692824623, 'penalty_k': 0.22254934812936356, 'scale_lr': 0.47707139413548477}. Best is trial 1674 with value: 0.38142600678748195.
checkpoint_e33 window_influence: 0.46964378273709168, penalty_k: 0.04848701058941091, scale_lr: 0.32092191287651800, EAO: 0.349
Trial 2495 finished with value: 0.34856459927466127 and parameters: {'window_influence': 0.4696437827370917, 'penalty_k': 0.04848701058941091, 'scale_lr': 0.320921912876518}. Best is trial 1674 with value: 0.38142600678748195.
checkpoint_e33 window_influence: 0.51805333321297942, penalty_k: 0.12861949697569142, scale_lr: 0.69562228425482131, EAO: 0.327
Trial 2496 finished with value: 0.32741596628023956 and parameters: {'window_influence': 0.5180533332129794, 'penalty_k': 0.12861949697569142, 'scale_lr': 0.6956222842548213}. Best is trial 1674 with value: 0.38142600678748195.
checkpoint_e33 window_influence: 0.47856904711128756, penalty_k: 0.09259782943730901, scale_lr: 0.67311400386296427, EAO: 0.358
Trial 2497 finished with value: 0.35778969839389224 and parameters: {'window_influence': 0.47856904711128756, 'penalty_k': 0.09259782943730901, 'scale_lr': 0.6731140038629643}. Best is trial 1674 with value: 0.38142600678748195.
checkpoint_e33 window_influence: 0.07047483341716265, penalty_k: 0.03123882766920975, scale_lr: 0.49840784005073724, EAO: 0.249
Trial 2498 finished with value: 0.24939975530952796 and parameters: {'window_influence': 0.07047483341716265, 'penalty_k': 0.031238827669209747, 'scale_lr': 0.49840784005073724}. Best is trial 1674 with value: 0.38142600678748195.
checkpoint_e33 window_influence: 0.30509133632567198, penalty_k: 0.23494021228437012, scale_lr: 0.17569495226513737, EAO: 0.298
Trial 2499 finished with value: 0.29814714610808557 and parameters: {'window_influence': 0.305091336325672, 'penalty_k': 0.23494021228437012, 'scale_lr': 0.17569495226513737}. Best is trial 1674 with value: 0.38142600678748195.
checkpoint_e33 window_influence: 0.29061783638807714, penalty_k: 0.52454095769920894, scale_lr: 0.54761336689251372, EAO: 0.305
Trial 2500 finished with value: 0.3050845504850729 and parameters: {'window_influence': 0.29061783638807714, 'penalty_k': 0.5245409576992089, 'scale_lr': 0.5476133668925137}. Best is trial 1674 with value: 0.38142600678748195.
checkpoint_e33 window_influence: 0.50539034153721873, penalty_k: 0.10885694585432019, scale_lr: 0.30277250613022011, EAO: 0.343
Trial 2501 finished with value: 0.3432184903074331 and parameters: {'window_influence': 0.5053903415372187, 'penalty_k': 0.1088569458543202, 'scale_lr': 0.3027725061302201}. Best is trial 1674 with value: 0.38142600678748195.
checkpoint_e33 window_influence: 0.44281769592705483, penalty_k: 0.50748087069941072, scale_lr: 0.48648125735215336, EAO: 0.322
Trial 2502 finished with value: 0.32201590380316114 and parameters: {'window_influence': 0.44281769592705483, 'penalty_k': 0.5074808706994107, 'scale_lr': 0.48648125735215336}. Best is trial 1674 with value: 0.38142600678748195.
checkpoint_e33 window_influence: 0.64361366717068291, penalty_k: 0.06340846184109308, scale_lr: 0.22260441589143673, EAO: 0.252
