Trial 1561 finished with value: 0.32363795080305535 and parameters: {'window_influence': 0.32252674702589074, 'penalty_k': 0.14057882979927303, 'scale_lr': 0.19366839993017476}. Best is trial 1044 with value: 0.36650777071830365.
checkpoint_e29 window_influence: 0.48209258975876185, penalty_k: 0.12733399943371174, scale_lr: 0.77016783798296617, EAO: 0.336
Trial 1562 finished with value: 0.3360350005589571 and parameters: {'window_influence': 0.48209258975876185, 'penalty_k': 0.12733399943371174, 'scale_lr': 0.7701678379829662}. Best is trial 1044 with value: 0.36650777071830365.
checkpoint_e29 window_influence: 0.50185493510674861, penalty_k: 0.15690405745702946, scale_lr: 0.61641234412038903, EAO: 0.313
Trial 1563 finished with value: 0.31313118703866283 and parameters: {'window_influence': 0.5018549351067486, 'penalty_k': 0.15690405745702946, 'scale_lr': 0.616412344120389}. Best is trial 1044 with value: 0.36650777071830365.
checkpoint_e29 window_influence: 0.46526212230159603, penalty_k: 0.10997368255928705, scale_lr: 0.59229492780344239, EAO: 0.340
Trial 1564 finished with value: 0.3398786096721308 and parameters: {'window_influence': 0.465262122301596, 'penalty_k': 0.10997368255928705, 'scale_lr': 0.5922949278034424}. Best is trial 1044 with value: 0.36650777071830365.
checkpoint_e29 window_influence: 0.51336166262876182, penalty_k: 0.13564096440127588, scale_lr: 0.67363745751161053, EAO: 0.331
Trial 1565 finished with value: 0.3310095907881102 and parameters: {'window_influence': 0.5133616626287618, 'penalty_k': 0.13564096440127588, 'scale_lr': 0.6736374575116105}. Best is trial 1044 with value: 0.36650777071830365.
checkpoint_e29 window_influence: 0.38535577276075961, penalty_k: 0.22784079000977756, scale_lr: 0.15575868172277887, EAO: 0.341
Trial 1566 finished with value: 0.34094502605816734 and parameters: {'window_influence': 0.3853557727607596, 'penalty_k': 0.22784079000977756, 'scale_lr': 0.15575868172277887}. Best is trial 1044 with value: 0.36650777071830365.
checkpoint_e29 window_influence: 0.49242373598391387, penalty_k: 0.16236659274596818, scale_lr: 0.78842181797704025, EAO: 0.320
Trial 1567 finished with value: 0.3202458022285528 and parameters: {'window_influence': 0.49242373598391387, 'penalty_k': 0.16236659274596818, 'scale_lr': 0.7884218179770403}. Best is trial 1044 with value: 0.36650777071830365.
checkpoint_e29 window_influence: 0.47524201538001665, penalty_k: 0.12210533517961483, scale_lr: 0.17231588540911214, EAO: 0.328
Trial 1568 finished with value: 0.3277146059599368 and parameters: {'window_influence': 0.47524201538001665, 'penalty_k': 0.12210533517961483, 'scale_lr': 0.17231588540911214}. Best is trial 1044 with value: 0.36650777071830365.
checkpoint_e29 window_influence: 0.12461637814083190, penalty_k: 0.15183944121669402, scale_lr: 0.72026234610815121, EAO: 0.265
Trial 1569 finished with value: 0.26488065545660977 and parameters: {'window_influence': 0.1246163781408319, 'penalty_k': 0.15183944121669402, 'scale_lr': 0.7202623461081512}. Best is trial 1044 with value: 0.36650777071830365.
checkpoint_e29 window_influence: 0.42779495941327100, penalty_k: 0.14393320186074454, scale_lr: 0.29446686164839131, EAO: 0.303
Trial 1570 finished with value: 0.3031520576212657 and parameters: {'window_influence': 0.427794959413271, 'penalty_k': 0.14393320186074454, 'scale_lr': 0.2944668616483913}. Best is trial 1044 with value: 0.36650777071830365.
checkpoint_e29 window_influence: 0.45920791104837516, penalty_k: 0.40370425662424331, scale_lr: 0.50105796480005471, EAO: 0.340
Trial 1571 finished with value: 0.34031745826223947 and parameters: {'window_influence': 0.45920791104837516, 'penalty_k': 0.4037042566242433, 'scale_lr': 0.5010579648000547}. Best is trial 1044 with value: 0.36650777071830365.
checkpoint_e29 window_influence: 0.15024474251962014, penalty_k: 0.09275480133709899, scale_lr: 0.69752092720700776, EAO: 0.280
Trial 1572 finished with value: 0.2801376473926849 and parameters: {'window_influence': 0.15024474251962014, 'penalty_k': 0.09275480133709899, 'scale_lr': 0.6975209272070078}. Best is trial 1044 with value: 0.36650777071830365.
checkpoint_e29 window_influence: 0.36735024791510151, penalty_k: 0.18574694280832593, scale_lr: 0.38118849459791515, EAO: 0.322
Trial 1573 finished with value: 0.32168355810271165 and parameters: {'window_influence': 0.3673502479151015, 'penalty_k': 0.18574694280832593, 'scale_lr': 0.38118849459791515}. Best is trial 1044 with value: 0.36650777071830365.
checkpoint_e29 window_influence: 0.44549075539997607, penalty_k: 0.17463166070514782, scale_lr: 0.12883912606782463, EAO: 0.336
Trial 1574 finished with value: 0.33577805670550825 and parameters: {'window_influence': 0.44549075539997607, 'penalty_k': 0.17463166070514782, 'scale_lr': 0.12883912606782463}. Best is trial 1044 with value: 0.36650777071830365.
checkpoint_e29 window_influence: 0.39287365562308829, penalty_k: 0.13235491458473700, scale_lr: 0.64892423170858315, EAO: 0.321
Trial 1575 finished with value: 0.32064238973396764 and parameters: {'window_influence': 0.3928736556230883, 'penalty_k': 0.132354914584737, 'scale_lr': 0.6489242317085832}. Best is trial 1044 with value: 0.36650777071830365.
checkpoint_e29 window_influence: 0.48700508443823531, penalty_k: 0.07088474468511796, scale_lr: 0.74470788952960965, EAO: 0.325
Trial 1576 finished with value: 0.3249313834808216 and parameters: {'window_influence': 0.4870050844382353, 'penalty_k': 0.07088474468511796, 'scale_lr': 0.7447078895296096}. Best is trial 1044 with value: 0.36650777071830365.
checkpoint_e29 window_influence: 0.50572655670716171, penalty_k: 0.20979905534331644, scale_lr: 0.18403958111259466, EAO: 0.323
Trial 1577 finished with value: 0.323019824487226 and parameters: {'window_influence': 0.5057265567071617, 'penalty_k': 0.20979905534331644, 'scale_lr': 0.18403958111259466}. Best is trial 1044 with value: 0.36650777071830365.
checkpoint_e29 window_influence: 0.47200254705173456, penalty_k: 0.16295258323536321, scale_lr: 0.57915930542507765, EAO: 0.322
Trial 1578 finished with value: 0.3220394803972096 and parameters: {'window_influence': 0.47200254705173456, 'penalty_k': 0.1629525832353632, 'scale_lr': 0.5791593054250777}. Best is trial 1044 with value: 0.36650777071830365.
checkpoint_e29 window_influence: 0.52384869973535486, penalty_k: 0.23865411373128223, scale_lr: 0.37851015544809058, EAO: 0.297
Trial 1579 finished with value: 0.29705369942151155 and parameters: {'window_influence': 0.5238486997353549, 'penalty_k': 0.23865411373128223, 'scale_lr': 0.3785101554480906}. Best is trial 1044 with value: 0.36650777071830365.
checkpoint_e29 window_influence: 0.40928505699147388, penalty_k: 0.11000301671917725, scale_lr: 0.62222124679848945, EAO: 0.318
Trial 1580 finished with value: 0.3180945575353237 and parameters: {'window_influence': 0.4092850569914739, 'penalty_k': 0.11000301671917725, 'scale_lr': 0.6222212467984894}. Best is trial 1044 with value: 0.36650777071830365.
checkpoint_e29 window_influence: 0.49789990531416922, penalty_k: 0.26503540410919257, scale_lr: 0.53144415366439834, EAO: 0.306
Trial 1581 finished with value: 0.3056677876743361 and parameters: {'window_influence': 0.4978999053141692, 'penalty_k': 0.2650354041091926, 'scale_lr': 0.5314441536643983}. Best is trial 1044 with value: 0.36650777071830365.
checkpoint_e29 window_influence: 0.48302254582478160, penalty_k: 0.44550906277441937, scale_lr: 0.33202841891534557, EAO: 0.339
Trial 1582 finished with value: 0.339064418341863 and parameters: {'window_influence': 0.4830225458247816, 'penalty_k': 0.4455090627744194, 'scale_lr': 0.33202841891534557}. Best is trial 1044 with value: 0.36650777071830365.
checkpoint_e29 window_influence: 0.45411338994781153, penalty_k: 0.15040087103767896, scale_lr: 0.16595712935008713, EAO: 0.350
Trial 1583 finished with value: 0.35002117479357736 and parameters: {'window_influence': 0.45411338994781153, 'penalty_k': 0.15040087103767896, 'scale_lr': 0.16595712935008713}. Best is trial 1044 with value: 0.36650777071830365.
checkpoint_e29 window_influence: 0.53696118522218228, penalty_k: 0.42376466825431658, scale_lr: 0.34691318535199106, EAO: 0.300
Trial 1584 finished with value: 0.2997916877733594 and parameters: {'window_influence': 0.5369611852221823, 'penalty_k': 0.4237646682543166, 'scale_lr': 0.34691318535199106}. Best is trial 1044 with value: 0.36650777071830365.
checkpoint_e29 window_influence: 0.51524667918322464, penalty_k: 0.56963055086671777, scale_lr: 0.43804089463974782, EAO: 0.296
Trial 1585 finished with value: 0.29644105023911027 and parameters: {'window_influence': 0.5152466791832246, 'penalty_k': 0.5696305508667178, 'scale_lr': 0.4380408946397478}. Best is trial 1044 with value: 0.36650777071830365.
checkpoint_e29 window_influence: 0.33565220539449570, penalty_k: 0.30736914552837635, scale_lr: 0.15169815627089545, EAO: 0.310
Trial 1586 finished with value: 0.3102245376035861 and parameters: {'window_influence': 0.3356522053944957, 'penalty_k': 0.30736914552837635, 'scale_lr': 0.15169815627089545}. Best is trial 1044 with value: 0.36650777071830365.
checkpoint_e29 window_influence: 0.16133767989590900, penalty_k: 0.26811781831631087, scale_lr: 0.60266822173382206, EAO: 0.288
Trial 1587 finished with value: 0.287735793725062 and parameters: {'window_influence': 0.161337679895909, 'penalty_k': 0.2681178183163109, 'scale_lr': 0.6026682217338221}. Best is trial 1044 with value: 0.36650777071830365.
checkpoint_e29 window_influence: 0.55475310280057066, penalty_k: 0.13729538546142342, scale_lr: 0.56155073593561189, EAO: 0.297
Trial 1588 finished with value: 0.2966914288264768 and parameters: {'window_influence': 0.5547531028005707, 'penalty_k': 0.13729538546142342, 'scale_lr': 0.5615507359356119}. Best is trial 1044 with value: 0.36650777071830365.
checkpoint_e29 window_influence: 0.38017959076795360, penalty_k: 0.41092392983470416, scale_lr: 0.19324557174098408, EAO: 0.326
Trial 1589 finished with value: 0.32608859200421936 and parameters: {'window_influence': 0.3801795907679536, 'penalty_k': 0.41092392983470416, 'scale_lr': 0.19324557174098408}. Best is trial 1044 with value: 0.36650777071830365.
checkpoint_e29 window_influence: 0.11581872281731964, penalty_k: 0.50149877557132616, scale_lr: 0.30252359684669139, EAO: 0.255
Trial 1590 finished with value: 0.2551480903931629 and parameters: {'window_influence': 0.11581872281731964, 'penalty_k': 0.5014987755713262, 'scale_lr': 0.3025235968466914}. Best is trial 1044 with value: 0.36650777071830365.
checkpoint_e29 window_influence: 0.61707267338050131, penalty_k: 0.11536894856018554, scale_lr: 0.41536288648722242, EAO: 0.251
Trial 1591 finished with value: 0.2508531692310994 and parameters: {'window_influence': 0.6170726733805013, 'penalty_k': 0.11536894856018554, 'scale_lr': 0.4153628864872224}. Best is trial 1044 with value: 0.36650777071830365.
checkpoint_e29 window_influence: 0.23896068766985562, penalty_k: 0.39583297339171181, scale_lr: 0.63846113225675727, EAO: 0.299
Trial 1592 finished with value: 0.29880259455641883 and parameters: {'window_influence': 0.23896068766985562, 'penalty_k': 0.3958329733917118, 'scale_lr': 0.6384611322567573}. Best is trial 1044 with value: 0.36650777071830365.
checkpoint_e29 window_influence: 0.46776630551142523, penalty_k: 0.19207356453150504, scale_lr: 0.27725993043285424, EAO: 0.317
Trial 1593 finished with value: 0.3172508196376177 and parameters: {'window_influence': 0.46776630551142523, 'penalty_k': 0.19207356453150504, 'scale_lr': 0.27725993043285424}. Best is trial 1044 with value: 0.36650777071830365.
checkpoint_e29 window_influence: 0.26832702426878252, penalty_k: 0.16313263051524271, scale_lr: 0.47874705767194875, EAO: 0.303
Trial 1594 finished with value: 0.3031061076584493 and parameters: {'window_influence': 0.2683270242687825, 'penalty_k': 0.1631326305152427, 'scale_lr': 0.47874705767194875}. Best is trial 1044 with value: 0.36650777071830365.
checkpoint_e29 window_influence: 0.35813077331763449, penalty_k: 0.08315644241969337, scale_lr: 0.54736044394514471, EAO: 0.317
Trial 1595 finished with value: 0.31736171981935835 and parameters: {'window_influence': 0.3581307733176345, 'penalty_k': 0.08315644241969337, 'scale_lr': 0.5473604439451447}. Best is trial 1044 with value: 0.36650777071830365.
checkpoint_e29 window_influence: 0.41763242977218584, penalty_k: 0.14795340871236770, scale_lr: 0.13771417722609017, EAO: 0.335
Trial 1596 finished with value: 0.3354886821851656 and parameters: {'window_influence': 0.41763242977218584, 'penalty_k': 0.1479534087123677, 'scale_lr': 0.13771417722609017}. Best is trial 1044 with value: 0.36650777071830365.
checkpoint_e29 window_influence: 0.49147676598928908, penalty_k: 0.10099993776182378, scale_lr: 0.66259503281229926, EAO: 0.349
Trial 1597 finished with value: 0.34938138213139097 and parameters: {'window_influence': 0.4914767659892891, 'penalty_k': 0.10099993776182378, 'scale_lr': 0.6625950328122993}. Best is trial 1044 with value: 0.36650777071830365.
checkpoint_e29 window_influence: 0.13521344748716937, penalty_k: 0.12893619806111770, scale_lr: 0.51622410485179016, EAO: 0.278
Trial 1598 finished with value: 0.2784398942026183 and parameters: {'window_influence': 0.13521344748716937, 'penalty_k': 0.1289361980611177, 'scale_lr': 0.5162241048517902}. Best is trial 1044 with value: 0.36650777071830365.
checkpoint_e29 window_influence: 0.24904256032884151, penalty_k: 0.17803856750374769, scale_lr: 0.17218829944267949, EAO: 0.291
Trial 1599 finished with value: 0.29118984253490016 and parameters: {'window_influence': 0.2490425603288415, 'penalty_k': 0.1780385675037477, 'scale_lr': 0.1721882994426795}. Best is trial 1044 with value: 0.36650777071830365.
checkpoint_e29 window_influence: 0.57069951247709028, penalty_k: 0.07079535724247978, scale_lr: 0.75612971163048681, EAO: 0.262
Trial 1600 finished with value: 0.2624405746562008 and parameters: {'window_influence': 0.5706995124770903, 'penalty_k': 0.07079535724247978, 'scale_lr': 0.7561297116304868}. Best is trial 1044 with value: 0.36650777071830365.
checkpoint_e29 window_influence: 0.19965173581695245, penalty_k: 0.21937338145070684, scale_lr: 0.40352135781877674, EAO: 0.286
Trial 1601 finished with value: 0.2856455476599445 and parameters: {'window_influence': 0.19965173581695245, 'penalty_k': 0.21937338145070684, 'scale_lr': 0.40352135781877674}. Best is trial 1044 with value: 0.36650777071830365.
checkpoint_e29 window_influence: 0.31690833832082826, penalty_k: 0.59700701501077225, scale_lr: 0.26210571208597194, EAO: 0.302
Trial 1602 finished with value: 0.3024056802000053 and parameters: {'window_influence': 0.31690833832082826, 'penalty_k': 0.5970070150107722, 'scale_lr': 0.26210571208597194}. Best is trial 1044 with value: 0.36650777071830365.
checkpoint_e29 window_influence: 0.31090755322284730, penalty_k: 0.24810342270060751, scale_lr: 0.72871737242994561, EAO: 0.336
Trial 1603 finished with value: 0.33643712781746565 and parameters: {'window_influence': 0.3109075532228473, 'penalty_k': 0.2481034227006075, 'scale_lr': 0.7287173724299456}. Best is trial 1044 with value: 0.36650777071830365.
checkpoint_e29 window_influence: 0.23894545665904066, penalty_k: 0.42774400086406161, scale_lr: 0.68363871693767864, EAO: 0.317
Trial 1604 finished with value: 0.3165541754506441 and parameters: {'window_influence': 0.23894545665904066, 'penalty_k': 0.4277440008640616, 'scale_lr': 0.6836387169376786}. Best is trial 1044 with value: 0.36650777071830365.
checkpoint_e29 window_influence: 0.47996470576152450, penalty_k: 0.15607463582898859, scale_lr: 0.12135598481497385, EAO: 0.343
Trial 1605 finished with value: 0.34338062062337704 and parameters: {'window_influence': 0.4799647057615245, 'penalty_k': 0.1560746358289886, 'scale_lr': 0.12135598481497385}. Best is trial 1044 with value: 0.36650777071830365.
checkpoint_e29 window_influence: 0.43335124157916904, penalty_k: 0.50674270023029988, scale_lr: 0.15239946667553567, EAO: 0.299
Trial 1606 finished with value: 0.2989867805043083 and parameters: {'window_influence': 0.43335124157916904, 'penalty_k': 0.5067427002302999, 'scale_lr': 0.15239946667553567}. Best is trial 1044 with value: 0.36650777071830365.
checkpoint_e29 window_influence: 0.50220941874421754, penalty_k: 0.52822778662375169, scale_lr: 0.78077999066962611, EAO: 0.313
Trial 1607 finished with value: 0.31309684142760263 and parameters: {'window_influence': 0.5022094187442175, 'penalty_k': 0.5282277866237517, 'scale_lr': 0.7807799906696261}. Best is trial 1044 with value: 0.36650777071830365.
checkpoint_e29 window_influence: 0.08604193332423377, penalty_k: 0.25139090948122600, scale_lr: 0.20289911532428243, EAO: 0.251
Trial 1608 finished with value: 0.2505622810542815 and parameters: {'window_influence': 0.08604193332423377, 'penalty_k': 0.251390909481226, 'scale_lr': 0.20289911532428243}. Best is trial 1044 with value: 0.36650777071830365.
checkpoint_e29 window_influence: 0.39950788179545066, penalty_k: 0.12204277489712194, scale_lr: 0.62816525726570938, EAO: 0.319
Trial 1609 finished with value: 0.319134035405018 and parameters: {'window_influence': 0.39950788179545066, 'penalty_k': 0.12204277489712194, 'scale_lr': 0.6281652572657094}. Best is trial 1044 with value: 0.36650777071830365.
checkpoint_e29 window_influence: 0.37250325678113022, penalty_k: 0.43541345921432062, scale_lr: 0.58856453022565580, EAO: 0.330
Trial 1610 finished with value: 0.3303603418026453 and parameters: {'window_influence': 0.3725032567811302, 'penalty_k': 0.4354134592143206, 'scale_lr': 0.5885645302256558}. Best is trial 1044 with value: 0.36650777071830365.
checkpoint_e29 window_influence: 0.46051099062701256, penalty_k: 0.14076706439123904, scale_lr: 0.10071360181038974, EAO: 0.332
Trial 1611 finished with value: 0.33186043920683955 and parameters: {'window_influence': 0.46051099062701256, 'penalty_k': 0.14076706439123904, 'scale_lr': 0.10071360181038974}. Best is trial 1044 with value: 0.36650777071830365.
checkpoint_e29 window_influence: 0.47829779322113453, penalty_k: 0.41449859350699858, scale_lr: 0.70230603600469133, EAO: 0.332
Trial 1612 finished with value: 0.3317951787306641 and parameters: {'window_influence': 0.4782977932211345, 'penalty_k': 0.4144985935069986, 'scale_lr': 0.7023060360046913}. Best is trial 1044 with value: 0.36650777071830365.
checkpoint_e29 window_influence: 0.44898347833602631, penalty_k: 0.57738641041638461, scale_lr: 0.76354211768510738, EAO: 0.322
Trial 1613 finished with value: 0.32204814058101594 and parameters: {'window_influence': 0.4489834783360263, 'penalty_k': 0.5773864104163846, 'scale_lr': 0.7635421176851074}. Best is trial 1044 with value: 0.36650777071830365.
checkpoint_e29 window_influence: 0.51003621732100890, penalty_k: 0.19730410647409061, scale_lr: 0.19009563983017871, EAO: 0.340
Trial 1614 finished with value: 0.34033985024296354 and parameters: {'window_influence': 0.5100362173210089, 'penalty_k': 0.1973041064740906, 'scale_lr': 0.19009563983017871}. Best is trial 1044 with value: 0.36650777071830365.
checkpoint_e29 window_influence: 0.49518254250320726, penalty_k: 0.16871390017754401, scale_lr: 0.61232497277674069, EAO: 0.341
Trial 1615 finished with value: 0.34055186268884385 and parameters: {'window_influence': 0.49518254250320726, 'penalty_k': 0.168713900177544, 'scale_lr': 0.6123249727767407}. Best is trial 1044 with value: 0.36650777071830365.
checkpoint_e29 window_influence: 0.05719682584864350, penalty_k: 0.39475561306384771, scale_lr: 0.16579599545653606, EAO: 0.231
Trial 1616 finished with value: 0.2313635224614162 and parameters: {'window_influence': 0.057196825848643496, 'penalty_k': 0.3947556130638477, 'scale_lr': 0.16579599545653606}. Best is trial 1044 with value: 0.36650777071830365.
checkpoint_e29 window_influence: 0.14897676312063318, penalty_k: 0.18221193265600766, scale_lr: 0.13746753949745583, EAO: 0.273
Trial 1617 finished with value: 0.2725179266720894 and parameters: {'window_influence': 0.14897676312063318, 'penalty_k': 0.18221193265600766, 'scale_lr': 0.13746753949745583}. Best is trial 1044 with value: 0.36650777071830365.
checkpoint_e29 window_influence: 0.13614642641589225, penalty_k: 0.05828290989249531, scale_lr: 0.65150382354353376, EAO: 0.271
Trial 1618 finished with value: 0.2707817674494903 and parameters: {'window_influence': 0.13614642641589225, 'penalty_k': 0.058282909892495315, 'scale_lr': 0.6515038235435338}. Best is trial 1044 with value: 0.36650777071830365.
checkpoint_e29 window_influence: 0.34626362400414462, penalty_k: 0.50985935966047347, scale_lr: 0.79765587847031028, EAO: 0.319
Trial 1619 finished with value: 0.31938494660743016 and parameters: {'window_influence': 0.3462636240041446, 'penalty_k': 0.5098593596604735, 'scale_lr': 0.7976558784703103}. Best is trial 1044 with value: 0.36650777071830365.
checkpoint_e29 window_influence: 0.17630062339471864, penalty_k: 0.08651242525972555, scale_lr: 0.56805232564138597, EAO: 0.302
Trial 1620 finished with value: 0.3023346177218953 and parameters: {'window_influence': 0.17630062339471864, 'penalty_k': 0.08651242525972555, 'scale_lr': 0.568052325641386}. Best is trial 1044 with value: 0.36650777071830365.
checkpoint_e29 window_influence: 0.47112632850719038, penalty_k: 0.14964319919771094, scale_lr: 0.42866991986189640, EAO: 0.347
Trial 1621 finished with value: 0.34665841270049724 and parameters: {'window_influence': 0.4711263285071904, 'penalty_k': 0.14964319919771094, 'scale_lr': 0.4286699198618964}. Best is trial 1044 with value: 0.36650777071830365.
checkpoint_e29 window_influence: 0.48897537632794430, penalty_k: 0.58926783745216060, scale_lr: 0.50061748068180856, EAO: 0.321
