Trial 248 finished with value: 0.35453641020370363 and parameters: {'window_influence': 0.45712829660149595, 'penalty_k': 0.033623229849528424, 'scale_lr': 0.33627254750089386}. Best is trial 32 with value: 0.38394216433573325.
checkpoint_e23 window_influence: 0.44262325205278230, penalty_k: 0.01327553398676275, scale_lr: 0.33326945504751043, EAO: 0.317
Trial 249 finished with value: 0.31679859061649335 and parameters: {'window_influence': 0.4426232520527823, 'penalty_k': 0.013275533986762754, 'scale_lr': 0.33326945504751043}. Best is trial 32 with value: 0.38394216433573325.
checkpoint_e23 window_influence: 0.45961687549111757, penalty_k: 0.08821396258850039, scale_lr: 0.39505285609293972, EAO: 0.338
Trial 250 finished with value: 0.33789829776444785 and parameters: {'window_influence': 0.45961687549111757, 'penalty_k': 0.0882139625885004, 'scale_lr': 0.3950528560929397}. Best is trial 32 with value: 0.38394216433573325.
checkpoint_e23 window_influence: 0.45335980189977476, penalty_k: 0.03309175106672038, scale_lr: 0.36274699304703523, EAO: 0.325
Trial 251 finished with value: 0.32528236328627813 and parameters: {'window_influence': 0.45335980189977476, 'penalty_k': 0.03309175106672038, 'scale_lr': 0.3627469930470352}. Best is trial 32 with value: 0.38394216433573325.
checkpoint_e23 window_influence: 0.46778338776235834, penalty_k: 0.44328465390837662, scale_lr: 0.31482228596645978, EAO: 0.309
Trial 252 finished with value: 0.3091593444463344 and parameters: {'window_influence': 0.46778338776235834, 'penalty_k': 0.4432846539083766, 'scale_lr': 0.3148222859664598}. Best is trial 32 with value: 0.38394216433573325.
checkpoint_e23 window_influence: 0.48068618182744610, penalty_k: 0.04583360894365385, scale_lr: 0.37898890201481056, EAO: 0.359
Trial 253 finished with value: 0.35903463672107294 and parameters: {'window_influence': 0.4806861818274461, 'penalty_k': 0.04583360894365385, 'scale_lr': 0.37898890201481056}. Best is trial 32 with value: 0.38394216433573325.
checkpoint_e23 window_influence: 0.48217464984601893, penalty_k: 0.04754623167326879, scale_lr: 0.37788498758375827, EAO: 0.337
Trial 254 finished with value: 0.3373634040587607 and parameters: {'window_influence': 0.48217464984601893, 'penalty_k': 0.04754623167326879, 'scale_lr': 0.37788498758375827}. Best is trial 32 with value: 0.38394216433573325.
checkpoint_e23 window_influence: 0.43938825904703033, penalty_k: 0.02133796865857537, scale_lr: 0.46799531483857454, EAO: 0.355
Trial 255 finished with value: 0.35516925219895773 and parameters: {'window_influence': 0.4393882590470303, 'penalty_k': 0.021337968658575374, 'scale_lr': 0.46799531483857454}. Best is trial 32 with value: 0.38394216433573325.
checkpoint_e23 window_influence: 0.41807877420404482, penalty_k: 0.20605579296734930, scale_lr: 0.46945774180322497, EAO: 0.333
Trial 256 finished with value: 0.33263401252286445 and parameters: {'window_influence': 0.4180787742040448, 'penalty_k': 0.2060557929673493, 'scale_lr': 0.46945774180322497}. Best is trial 32 with value: 0.38394216433573325.
checkpoint_e23 window_influence: 0.44534726687998649, penalty_k: 0.00121433474443224, scale_lr: 0.78245046012736630, EAO: 0.329
Trial 257 finished with value: 0.3288020805278177 and parameters: {'window_influence': 0.4453472668799865, 'penalty_k': 0.001214334744432239, 'scale_lr': 0.7824504601273663}. Best is trial 32 with value: 0.38394216433573325.
checkpoint_e23 window_influence: 0.48371644127201996, penalty_k: 0.01991934635679977, scale_lr: 0.43753965230172770, EAO: 0.347
Trial 258 finished with value: 0.34723586597795153 and parameters: {'window_influence': 0.48371644127201996, 'penalty_k': 0.019919346356799775, 'scale_lr': 0.4375396523017277}. Best is trial 32 with value: 0.38394216433573325.
checkpoint_e23 window_influence: 0.25214599218899331, penalty_k: 0.05426370898270710, scale_lr: 0.48673410930550876, EAO: 0.293
Trial 259 finished with value: 0.2933143823759101 and parameters: {'window_influence': 0.2521459921889933, 'penalty_k': 0.0542637089827071, 'scale_lr': 0.48673410930550876}. Best is trial 32 with value: 0.38394216433573325.
checkpoint_e23 window_influence: 0.43506616783756119, penalty_k: 0.01944748388174513, scale_lr: 0.46790545519447818, EAO: 0.337
Trial 260 finished with value: 0.3368100330291555 and parameters: {'window_influence': 0.4350661678375612, 'penalty_k': 0.019447483881745126, 'scale_lr': 0.4679054551944782}. Best is trial 32 with value: 0.38394216433573325.
checkpoint_e23 window_influence: 0.46999077860125782, penalty_k: 0.06524914273683091, scale_lr: 0.45779059722930415, EAO: 0.357
Trial 261 finished with value: 0.35734510885602305 and parameters: {'window_influence': 0.4699907786012578, 'penalty_k': 0.06524914273683091, 'scale_lr': 0.45779059722930415}. Best is trial 32 with value: 0.38394216433573325.
checkpoint_e23 window_influence: 0.49627538050589248, penalty_k: 0.06624628242891432, scale_lr: 0.41988111080194673, EAO: 0.348
Trial 262 finished with value: 0.34778555184022925 and parameters: {'window_influence': 0.4962753805058925, 'penalty_k': 0.06624628242891432, 'scale_lr': 0.41988111080194673}. Best is trial 32 with value: 0.38394216433573325.
checkpoint_e23 window_influence: 0.47215273944792074, penalty_k: 0.07371222156139846, scale_lr: 0.43982903722819933, EAO: 0.348
Trial 263 finished with value: 0.34805549478252573 and parameters: {'window_influence': 0.47215273944792074, 'penalty_k': 0.07371222156139846, 'scale_lr': 0.4398290372281993}. Best is trial 32 with value: 0.38394216433573325.
checkpoint_e23 window_influence: 0.50931143735000628, penalty_k: 0.05261904259076546, scale_lr: 0.44733741517930953, EAO: 0.333
Trial 264 finished with value: 0.33284396466578026 and parameters: {'window_influence': 0.5093114373500063, 'penalty_k': 0.052619042590765455, 'scale_lr': 0.4473374151793095}. Best is trial 32 with value: 0.38394216433573325.
checkpoint_e23 window_influence: 0.48667236554975285, penalty_k: 0.06563530376613530, scale_lr: 0.40704314507674610, EAO: 0.354
Trial 265 finished with value: 0.3544341408093152 and parameters: {'window_influence': 0.48667236554975285, 'penalty_k': 0.0656353037661353, 'scale_lr': 0.4070431450767461}. Best is trial 32 with value: 0.38394216433573325.
checkpoint_e23 window_influence: 0.46543359144300084, penalty_k: 0.03537164331564706, scale_lr: 0.45525940386095126, EAO: 0.342
Trial 266 finished with value: 0.34174687679175736 and parameters: {'window_influence': 0.46543359144300084, 'penalty_k': 0.03537164331564706, 'scale_lr': 0.45525940386095126}. Best is trial 32 with value: 0.38394216433573325.
checkpoint_e23 window_influence: 0.47590418857586281, penalty_k: 0.31574085187389123, scale_lr: 0.70242828942231816, EAO: 0.310
Trial 267 finished with value: 0.31035404672650513 and parameters: {'window_influence': 0.4759041885758628, 'penalty_k': 0.3157408518738912, 'scale_lr': 0.7024282894223182}. Best is trial 32 with value: 0.38394216433573325.
checkpoint_e23 window_influence: 0.50004132327042172, penalty_k: 0.04127760962373182, scale_lr: 0.38729519639024362, EAO: 0.333
Trial 268 finished with value: 0.3333827762752192 and parameters: {'window_influence': 0.5000413232704217, 'penalty_k': 0.04127760962373182, 'scale_lr': 0.3872951963902436}. Best is trial 32 with value: 0.38394216433573325.
checkpoint_e23 window_influence: 0.48627366728582422, penalty_k: 0.11127292124084037, scale_lr: 0.36205274342158295, EAO: 0.350
Trial 269 finished with value: 0.3504435251890917 and parameters: {'window_influence': 0.4862736672858242, 'penalty_k': 0.11127292124084037, 'scale_lr': 0.36205274342158295}. Best is trial 32 with value: 0.38394216433573325.
checkpoint_e23 window_influence: 0.36990669931460862, penalty_k: 0.07767369581517272, scale_lr: 0.27635780220586836, EAO: 0.312
Trial 270 finished with value: 0.3121949448775688 and parameters: {'window_influence': 0.3699066993146086, 'penalty_k': 0.07767369581517272, 'scale_lr': 0.27635780220586836}. Best is trial 32 with value: 0.38394216433573325.
checkpoint_e23 window_influence: 0.52124059932405520, penalty_k: 0.05278231975213871, scale_lr: 0.42713952766860808, EAO: 0.337
Trial 271 finished with value: 0.33700986444254327 and parameters: {'window_influence': 0.5212405993240552, 'penalty_k': 0.052782319752138714, 'scale_lr': 0.4271395276686081}. Best is trial 32 with value: 0.38394216433573325.
checkpoint_e23 window_influence: 0.38953534504031545, penalty_k: 0.09809643116373788, scale_lr: 0.40503511181554258, EAO: 0.326
Trial 272 finished with value: 0.32590530569219406 and parameters: {'window_influence': 0.38953534504031545, 'penalty_k': 0.09809643116373788, 'scale_lr': 0.4050351118155426}. Best is trial 32 with value: 0.38394216433573325.
checkpoint_e23 window_influence: 0.46036073464657651, penalty_k: 0.06172277013161578, scale_lr: 0.10487690986878917, EAO: 0.313
Trial 273 finished with value: 0.3130931309804842 and parameters: {'window_influence': 0.4603607346465765, 'penalty_k': 0.061722770131615784, 'scale_lr': 0.10487690986878917}. Best is trial 32 with value: 0.38394216433573325.
checkpoint_e23 window_influence: 0.47467962143384757, penalty_k: 0.00792086116162819, scale_lr: 0.38086497259646201, EAO: 0.342
Trial 274 finished with value: 0.34240703847157816 and parameters: {'window_influence': 0.47467962143384757, 'penalty_k': 0.00792086116162819, 'scale_lr': 0.380864972596462}. Best is trial 32 with value: 0.38394216433573325.
checkpoint_e23 window_influence: 0.49245485872164241, penalty_k: 0.02888535415258597, scale_lr: 0.41590890208078923, EAO: 0.324
Trial 275 finished with value: 0.3244761992173436 and parameters: {'window_influence': 0.4924548587216424, 'penalty_k': 0.028885354152585967, 'scale_lr': 0.41590890208078923}. Best is trial 32 with value: 0.38394216433573325.
checkpoint_e23 window_influence: 0.46527410418268300, penalty_k: 0.04594902087217710, scale_lr: 0.37477468823235810, EAO: 0.341
Trial 276 finished with value: 0.34082707438023635 and parameters: {'window_influence': 0.465274104182683, 'penalty_k': 0.0459490208721771, 'scale_lr': 0.3747746882323581}. Best is trial 32 with value: 0.38394216433573325.
checkpoint_e23 window_influence: 0.53385713927058620, penalty_k: 0.07528744920970624, scale_lr: 0.39509780941692629, EAO: 0.331
Trial 277 finished with value: 0.3309646083571104 and parameters: {'window_influence': 0.5338571392705862, 'penalty_k': 0.07528744920970624, 'scale_lr': 0.3950978094169263}. Best is trial 32 with value: 0.38394216433573325.
checkpoint_e23 window_influence: 0.50808616299364051, penalty_k: 0.01172136782087533, scale_lr: 0.34880001915793979, EAO: 0.347
Trial 278 finished with value: 0.34697081351558523 and parameters: {'window_influence': 0.5080861629936405, 'penalty_k': 0.01172136782087533, 'scale_lr': 0.3488000191579398}. Best is trial 32 with value: 0.38394216433573325.
checkpoint_e23 window_influence: 0.45110115990125188, penalty_k: 0.09085313664696920, scale_lr: 0.48048483987637886, EAO: 0.331
Trial 279 finished with value: 0.3310850836655509 and parameters: {'window_influence': 0.4511011599012519, 'penalty_k': 0.0908531366469692, 'scale_lr': 0.48048483987637886}. Best is trial 32 with value: 0.38394216433573325.
checkpoint_e23 window_influence: 0.48168672397415113, penalty_k: 0.13207563377449261, scale_lr: 0.49851409814118042, EAO: 0.351
Trial 280 finished with value: 0.35050217442011555 and parameters: {'window_influence': 0.48168672397415113, 'penalty_k': 0.1320756337744926, 'scale_lr': 0.4985140981411804}. Best is trial 32 with value: 0.38394216433573325.
checkpoint_e23 window_influence: 0.40769161745584281, penalty_k: 0.06123494217884042, scale_lr: 0.43373059481714576, EAO: 0.330
Trial 281 finished with value: 0.3301136502380037 and parameters: {'window_influence': 0.4076916174558428, 'penalty_k': 0.061234942178840415, 'scale_lr': 0.43373059481714576}. Best is trial 32 with value: 0.38394216433573325.
checkpoint_e23 window_influence: 0.49846560554992009, penalty_k: 0.04183164920539927, scale_lr: 0.36580360678332646, EAO: 0.352
Trial 282 finished with value: 0.3524527393194488 and parameters: {'window_influence': 0.4984656055499201, 'penalty_k': 0.041831649205399266, 'scale_lr': 0.36580360678332646}. Best is trial 32 with value: 0.38394216433573325.
checkpoint_e23 window_influence: 0.47073120202727142, penalty_k: 0.02839983323365971, scale_lr: 0.45771880220617833, EAO: 0.358
Trial 283 finished with value: 0.35778420432996194 and parameters: {'window_influence': 0.4707312020272714, 'penalty_k': 0.028399833233659705, 'scale_lr': 0.45771880220617833}. Best is trial 32 with value: 0.38394216433573325.
checkpoint_e23 window_influence: 0.56185621372530015, penalty_k: 0.00011005028644692, scale_lr: 0.45792178616321760, EAO: 0.310
Trial 284 finished with value: 0.30990529466231975 and parameters: {'window_influence': 0.5618562137253001, 'penalty_k': 0.00011005028644691522, 'scale_lr': 0.4579217861632176}. Best is trial 32 with value: 0.38394216433573325.
checkpoint_e23 window_influence: 0.46036507472358734, penalty_k: 0.03039927375506529, scale_lr: 0.44886308522116825, EAO: 0.365
Trial 285 finished with value: 0.36511629425598024 and parameters: {'window_influence': 0.46036507472358734, 'penalty_k': 0.030399273755065293, 'scale_lr': 0.44886308522116825}. Best is trial 32 with value: 0.38394216433573325.
checkpoint_e23 window_influence: 0.47282669657599224, penalty_k: 0.02884467581908682, scale_lr: 0.44292655497239558, EAO: 0.347
Trial 286 finished with value: 0.34686209035290816 and parameters: {'window_influence': 0.47282669657599224, 'penalty_k': 0.028844675819086816, 'scale_lr': 0.4429265549723956}. Best is trial 32 with value: 0.38394216433573325.
checkpoint_e23 window_influence: 0.45504689299411083, penalty_k: 0.15466940506558677, scale_lr: 0.45612378488588551, EAO: 0.328
Trial 287 finished with value: 0.3275977240926097 and parameters: {'window_influence': 0.45504689299411083, 'penalty_k': 0.15466940506558677, 'scale_lr': 0.4561237848858855}. Best is trial 32 with value: 0.38394216433573325.
checkpoint_e23 window_influence: 0.47030339864815118, penalty_k: 0.02309147259262222, scale_lr: 0.47423555596676714, EAO: 0.346
Trial 288 finished with value: 0.346165265902471 and parameters: {'window_influence': 0.4703033986481512, 'penalty_k': 0.023091472592622217, 'scale_lr': 0.47423555596676714}. Best is trial 32 with value: 0.38394216433573325.
checkpoint_e23 window_influence: 0.48515382322213257, penalty_k: 0.16658608979109726, scale_lr: 0.45923563593076666, EAO: 0.338
Trial 289 finished with value: 0.33776682336970526 and parameters: {'window_influence': 0.4851538232221326, 'penalty_k': 0.16658608979109726, 'scale_lr': 0.45923563593076666}. Best is trial 32 with value: 0.38394216433573325.
checkpoint_e23 window_influence: 0.51597564096806414, penalty_k: 0.01604054141304204, scale_lr: 0.48514128472191170, EAO: 0.327
Trial 290 finished with value: 0.327030861076214 and parameters: {'window_influence': 0.5159756409680641, 'penalty_k': 0.016040541413042043, 'scale_lr': 0.4851412847219117}. Best is trial 32 with value: 0.38394216433573325.
checkpoint_e23 window_influence: 0.30114185075706884, penalty_k: 0.03700686109321705, scale_lr: 0.55000387588311150, EAO: 0.319
Trial 291 finished with value: 0.319365560892491 and parameters: {'window_influence': 0.30114185075706884, 'penalty_k': 0.03700686109321705, 'scale_lr': 0.5500038758831115}. Best is trial 32 with value: 0.38394216433573325.
checkpoint_e23 window_influence: 0.46351538051295610, penalty_k: 0.02851544773842704, scale_lr: 0.45072755847167417, EAO: 0.348
Trial 292 finished with value: 0.3481773194867813 and parameters: {'window_influence': 0.4635153805129561, 'penalty_k': 0.028515447738427038, 'scale_lr': 0.4507275584716742}. Best is trial 32 with value: 0.38394216433573325.
checkpoint_e23 window_influence: 0.49168545487408705, penalty_k: 0.01098214721324679, scale_lr: 0.42968707359956226, EAO: 0.324
Trial 293 finished with value: 0.32414373204633884 and parameters: {'window_influence': 0.49168545487408705, 'penalty_k': 0.01098214721324679, 'scale_lr': 0.42968707359956226}. Best is trial 32 with value: 0.38394216433573325.
checkpoint_e23 window_influence: 0.44392199777333990, penalty_k: 0.04602040926231167, scale_lr: 0.46983792279241249, EAO: 0.343
Trial 294 finished with value: 0.3426988624645114 and parameters: {'window_influence': 0.4439219977733399, 'penalty_k': 0.04602040926231167, 'scale_lr': 0.4698379227924125}. Best is trial 32 with value: 0.38394216433573325.
checkpoint_e23 window_influence: 0.47672508904047095, penalty_k: 0.02899591719260596, scale_lr: 0.44655898510317715, EAO: 0.354
Trial 295 finished with value: 0.35431851974257234 and parameters: {'window_influence': 0.47672508904047095, 'penalty_k': 0.028995917192605962, 'scale_lr': 0.44655898510317715}. Best is trial 32 with value: 0.38394216433573325.
checkpoint_e23 window_influence: 0.50488779425138097, penalty_k: 0.01263759677754018, scale_lr: 0.35095411802308962, EAO: 0.347
Trial 296 finished with value: 0.34655957845862273 and parameters: {'window_influence': 0.504887794251381, 'penalty_k': 0.012637596777540182, 'scale_lr': 0.3509541180230896}. Best is trial 32 with value: 0.38394216433573325.
checkpoint_e23 window_influence: 0.45215692032804827, penalty_k: 0.03892297017233066, scale_lr: 0.42332458861752470, EAO: 0.330
Trial 297 finished with value: 0.33027974391493814 and parameters: {'window_influence': 0.4521569203280483, 'penalty_k': 0.03892297017233066, 'scale_lr': 0.4233245886175247}. Best is trial 32 with value: 0.38394216433573325.
checkpoint_e23 window_influence: 0.47685377324290673, penalty_k: 0.05047334948304953, scale_lr: 0.43831306611546800, EAO: 0.339
Trial 298 finished with value: 0.3390706333436855 and parameters: {'window_influence': 0.47685377324290673, 'penalty_k': 0.05047334948304953, 'scale_lr': 0.438313066115468}. Best is trial 32 with value: 0.38394216433573325.
checkpoint_e23 window_influence: 0.54564393766560459, penalty_k: 0.12276085412982238, scale_lr: 0.50602490493702468, EAO: 0.317
Trial 299 finished with value: 0.3174077638856168 and parameters: {'window_influence': 0.5456439376656046, 'penalty_k': 0.12276085412982238, 'scale_lr': 0.5060249049370247}. Best is trial 32 with value: 0.38394216433573325.
checkpoint_e23 window_influence: 0.49520452199465920, penalty_k: 0.01501210361819630, scale_lr: 0.47944921944923341, EAO: 0.344
Trial 300 finished with value: 0.34369054483068595 and parameters: {'window_influence': 0.4952045219946592, 'penalty_k': 0.015012103618196295, 'scale_lr': 0.4794492194492334}. Best is trial 32 with value: 0.38394216433573325.
checkpoint_e23 window_influence: 0.37906241574083954, penalty_k: 0.20539437536849781, scale_lr: 0.37064116603819097, EAO: 0.344
Trial 301 finished with value: 0.3443598037563873 and parameters: {'window_influence': 0.37906241574083954, 'penalty_k': 0.2053943753684978, 'scale_lr': 0.370641166038191}. Best is trial 32 with value: 0.38394216433573325.
checkpoint_e23 window_influence: 0.46480872901461845, penalty_k: 0.02560934247904539, scale_lr: 0.41200753380148070, EAO: 0.340
Trial 302 finished with value: 0.3403276548311404 and parameters: {'window_influence': 0.46480872901461845, 'penalty_k': 0.025609342479045394, 'scale_lr': 0.4120075338014807}. Best is trial 32 with value: 0.38394216433573325.
checkpoint_e23 window_influence: 0.48468297235097640, penalty_k: 0.37769891996270805, scale_lr: 0.46178702868204236, EAO: 0.316
Trial 303 finished with value: 0.3159762820381135 and parameters: {'window_influence': 0.4846829723509764, 'penalty_k': 0.37769891996270805, 'scale_lr': 0.46178702868204236}. Best is trial 32 with value: 0.38394216433573325.
checkpoint_e23 window_influence: 0.50357191678052649, penalty_k: 0.06803157837595666, scale_lr: 0.38304320633727790, EAO: 0.350
Trial 304 finished with value: 0.34991465248022563 and parameters: {'window_influence': 0.5035719167805265, 'penalty_k': 0.06803157837595666, 'scale_lr': 0.3830432063372779}. Best is trial 32 with value: 0.38394216433573325.
checkpoint_e23 window_influence: 0.42918053910622694, penalty_k: 0.00023780645974974, scale_lr: 0.49584858657067499, EAO: 0.317
Trial 305 finished with value: 0.31679062846801626 and parameters: {'window_influence': 0.42918053910622694, 'penalty_k': 0.00023780645974974014, 'scale_lr': 0.495848586570675}. Best is trial 32 with value: 0.38394216433573325.
checkpoint_e23 window_influence: 0.11915189630650896, penalty_k: 0.04086036296094138, scale_lr: 0.35855080060766709, EAO: 0.264
Trial 306 finished with value: 0.2644687762288268 and parameters: {'window_influence': 0.11915189630650896, 'penalty_k': 0.04086036296094138, 'scale_lr': 0.3585508006076671}. Best is trial 32 with value: 0.38394216433573325.
checkpoint_e23 window_influence: 0.52370524409531582, penalty_k: 0.05092197669317412, scale_lr: 0.75487215894854853, EAO: 0.320
Trial 307 finished with value: 0.3196724660201759 and parameters: {'window_influence': 0.5237052440953158, 'penalty_k': 0.050921976693174116, 'scale_lr': 0.7548721589485485}. Best is trial 32 with value: 0.38394216433573325.
checkpoint_e23 window_influence: 0.39721545030053351, penalty_k: 0.14752004300310517, scale_lr: 0.44807730302085930, EAO: 0.352
Trial 308 finished with value: 0.35180964671684145 and parameters: {'window_influence': 0.3972154503005335, 'penalty_k': 0.14752004300310517, 'scale_lr': 0.4480773030208593}. Best is trial 32 with value: 0.38394216433573325.
checkpoint_e23 window_influence: 0.57962510972076942, penalty_k: 0.03257987069239041, scale_lr: 0.42469820725536295, EAO: 0.311
Trial 309 finished with value: 0.3105339175416338 and parameters: {'window_influence': 0.5796251097207694, 'penalty_k': 0.03257987069239041, 'scale_lr': 0.42469820725536295}. Best is trial 32 with value: 0.38394216433573325.
checkpoint_e23 window_influence: 0.46567354364192981, penalty_k: 0.02037031705063420, scale_lr: 0.39492100782946898, EAO: 0.335
