Trial 310 finished with value: 0.35060459943596956 and parameters: {'window_influence': 0.43161990853944476, 'penalty_k': 0.09332528145048338, 'scale_lr': 0.5613015602687709}. Best is trial 226 with value: 0.354671357786609.
checkpoint_e17 window_influence: 0.44558445577302136, penalty_k: 0.10010812604653849, scale_lr: 0.58116854439497034, EAO: 0.344
Trial 311 finished with value: 0.34378406463430083 and parameters: {'window_influence': 0.44558445577302136, 'penalty_k': 0.10010812604653849, 'scale_lr': 0.5811685443949703}. Best is trial 226 with value: 0.354671357786609.
checkpoint_e17 window_influence: 0.46485082070658518, penalty_k: 0.09650913804137379, scale_lr: 0.57089369515970734, EAO: 0.318
Trial 312 finished with value: 0.318058527223331 and parameters: {'window_influence': 0.4648508207065852, 'penalty_k': 0.09650913804137379, 'scale_lr': 0.5708936951597073}. Best is trial 226 with value: 0.354671357786609.
checkpoint_e17 window_influence: 0.45682629237379963, penalty_k: 0.11080585239624746, scale_lr: 0.57790406586431398, EAO: 0.342
Trial 313 finished with value: 0.34158546984891486 and parameters: {'window_influence': 0.4568262923737996, 'penalty_k': 0.11080585239624746, 'scale_lr': 0.577904065864314}. Best is trial 226 with value: 0.354671357786609.
checkpoint_e17 window_influence: 0.43515082440740072, penalty_k: 0.09516014177830974, scale_lr: 0.55309481682576300, EAO: 0.339
Trial 314 finished with value: 0.33864120507054757 and parameters: {'window_influence': 0.4351508244074007, 'penalty_k': 0.09516014177830974, 'scale_lr': 0.553094816825763}. Best is trial 226 with value: 0.354671357786609.
checkpoint_e17 window_influence: 0.45428022716332100, penalty_k: 0.10209596993693601, scale_lr: 0.56489913459533492, EAO: 0.337
Trial 315 finished with value: 0.33674831978309944 and parameters: {'window_influence': 0.454280227163321, 'penalty_k': 0.10209596993693601, 'scale_lr': 0.5648991345953349}. Best is trial 226 with value: 0.354671357786609.
checkpoint_e17 window_influence: 0.45078221620642239, penalty_k: 0.09388491928080842, scale_lr: 0.55541450539425752, EAO: 0.327
Trial 316 finished with value: 0.3271498074791311 and parameters: {'window_influence': 0.4507822162064224, 'penalty_k': 0.09388491928080842, 'scale_lr': 0.5554145053942575}. Best is trial 226 with value: 0.354671357786609.
checkpoint_e17 window_influence: 0.47070044919560555, penalty_k: 0.11402257743115939, scale_lr: 0.56902355648391334, EAO: 0.320
Trial 317 finished with value: 0.3203620120940969 and parameters: {'window_influence': 0.47070044919560555, 'penalty_k': 0.11402257743115939, 'scale_lr': 0.5690235564839133}. Best is trial 226 with value: 0.354671357786609.
checkpoint_e17 window_influence: 0.44114438243723197, penalty_k: 0.08944171115004221, scale_lr: 0.58632812927629463, EAO: 0.309
Trial 318 finished with value: 0.30948286407884457 and parameters: {'window_influence': 0.441144382437232, 'penalty_k': 0.08944171115004221, 'scale_lr': 0.5863281292762946}. Best is trial 226 with value: 0.354671357786609.
checkpoint_e17 window_influence: 0.46248739047183313, penalty_k: 0.10109434012410673, scale_lr: 0.54638893240484210, EAO: 0.335
Trial 319 finished with value: 0.3348134747970893 and parameters: {'window_influence': 0.4624873904718331, 'penalty_k': 0.10109434012410673, 'scale_lr': 0.5463889324048421}. Best is trial 226 with value: 0.354671357786609.
checkpoint_e17 window_influence: 0.44405104510255089, penalty_k: 0.10689807482773531, scale_lr: 0.57527545572065830, EAO: 0.328
Trial 320 finished with value: 0.32828857752599605 and parameters: {'window_influence': 0.4440510451025509, 'penalty_k': 0.1068980748277353, 'scale_lr': 0.5752754557206583}. Best is trial 226 with value: 0.354671357786609.
checkpoint_e17 window_influence: 0.43642421618755595, penalty_k: 0.08304411758815872, scale_lr: 0.53769249805409125, EAO: 0.329
Trial 321 finished with value: 0.3287421884703729 and parameters: {'window_influence': 0.43642421618755595, 'penalty_k': 0.08304411758815872, 'scale_lr': 0.5376924980540913}. Best is trial 226 with value: 0.354671357786609.
checkpoint_e17 window_influence: 0.45264037710647215, penalty_k: 0.11325675443892491, scale_lr: 0.55335421930712581, EAO: 0.300
Trial 322 finished with value: 0.29998275828964516 and parameters: {'window_influence': 0.45264037710647215, 'penalty_k': 0.11325675443892491, 'scale_lr': 0.5533542193071258}. Best is trial 226 with value: 0.354671357786609.
checkpoint_e17 window_influence: 0.45252136827168943, penalty_k: 0.07559803449507034, scale_lr: 0.59379186346917734, EAO: 0.324
Trial 323 finished with value: 0.3236040783763396 and parameters: {'window_influence': 0.45252136827168943, 'penalty_k': 0.07559803449507034, 'scale_lr': 0.5937918634691773}. Best is trial 226 with value: 0.354671357786609.
checkpoint_e17 window_influence: 0.47495629288459490, penalty_k: 0.09102615533443736, scale_lr: 0.57240660192303361, EAO: 0.330
Trial 324 finished with value: 0.3297345384897425 and parameters: {'window_influence': 0.4749562928845949, 'penalty_k': 0.09102615533443736, 'scale_lr': 0.5724066019230336}. Best is trial 226 with value: 0.354671357786609.
checkpoint_e17 window_influence: 0.43168163215167643, penalty_k: 0.11221025374894657, scale_lr: 0.52353705268306183, EAO: 0.322
Trial 325 finished with value: 0.32235368761571 and parameters: {'window_influence': 0.43168163215167643, 'penalty_k': 0.11221025374894657, 'scale_lr': 0.5235370526830618}. Best is trial 226 with value: 0.354671357786609.
checkpoint_e17 window_influence: 0.43961538547955997, penalty_k: 0.09326452243410392, scale_lr: 0.56160413657678443, EAO: 0.349
Trial 326 finished with value: 0.3493979494395423 and parameters: {'window_influence': 0.43961538547956, 'penalty_k': 0.09326452243410392, 'scale_lr': 0.5616041365767844}. Best is trial 226 with value: 0.354671357786609.
checkpoint_e17 window_influence: 0.43370241805711807, penalty_k: 0.09225767543768139, scale_lr: 0.55812033785005688, EAO: 0.333
Trial 327 finished with value: 0.3326842207968931 and parameters: {'window_influence': 0.43370241805711807, 'penalty_k': 0.09225767543768139, 'scale_lr': 0.5581203378500569}. Best is trial 226 with value: 0.354671357786609.
checkpoint_e17 window_influence: 0.46051782165686356, penalty_k: 0.08171310227066846, scale_lr: 0.53774193294450490, EAO: 0.321
Trial 328 finished with value: 0.321064297095347 and parameters: {'window_influence': 0.46051782165686356, 'penalty_k': 0.08171310227066846, 'scale_lr': 0.5377419329445049}. Best is trial 226 with value: 0.354671357786609.
checkpoint_e17 window_influence: 0.44615035691919230, penalty_k: 0.07350240177255853, scale_lr: 0.58585591362443257, EAO: 0.333
Trial 329 finished with value: 0.3334192086286582 and parameters: {'window_influence': 0.4461503569191923, 'penalty_k': 0.07350240177255853, 'scale_lr': 0.5858559136244326}. Best is trial 226 with value: 0.354671357786609.
checkpoint_e17 window_influence: 0.46405029193009839, penalty_k: 0.10233663507570871, scale_lr: 0.56196523941124643, EAO: 0.331
Trial 330 finished with value: 0.3306417722646364 and parameters: {'window_influence': 0.4640502919300984, 'penalty_k': 0.10233663507570871, 'scale_lr': 0.5619652394112464}. Best is trial 226 with value: 0.354671357786609.
checkpoint_e17 window_influence: 0.43906972506817049, penalty_k: 0.12322079271909027, scale_lr: 0.60229169333425192, EAO: 0.341
Trial 331 finished with value: 0.3414133344178998 and parameters: {'window_influence': 0.4390697250681705, 'penalty_k': 0.12322079271909027, 'scale_lr': 0.6022916933342519}. Best is trial 226 with value: 0.354671357786609.
checkpoint_e17 window_influence: 0.45319920529813329, penalty_k: 0.11695612272010746, scale_lr: 0.60307513974064286, EAO: 0.325
Trial 332 finished with value: 0.32471095750304046 and parameters: {'window_influence': 0.4531992052981333, 'penalty_k': 0.11695612272010746, 'scale_lr': 0.6030751397406429}. Best is trial 226 with value: 0.354671357786609.
checkpoint_e17 window_influence: 0.43544877628919137, penalty_k: 0.09730797170114780, scale_lr: 0.58121871947095027, EAO: 0.344
Trial 333 finished with value: 0.344227416390111 and parameters: {'window_influence': 0.4354487762891914, 'penalty_k': 0.0973079717011478, 'scale_lr': 0.5812187194709503}. Best is trial 226 with value: 0.354671357786609.
checkpoint_e17 window_influence: 0.44229451583556900, penalty_k: 0.09669587124134485, scale_lr: 0.58222331472566735, EAO: 0.337
Trial 334 finished with value: 0.33722476284327674 and parameters: {'window_influence': 0.442294515835569, 'penalty_k': 0.09669587124134485, 'scale_lr': 0.5822233147256674}. Best is trial 226 with value: 0.354671357786609.
checkpoint_e17 window_influence: 0.43471767804251399, penalty_k: 0.08733259245332162, scale_lr: 0.59829549073810895, EAO: 0.336
Trial 335 finished with value: 0.33616811558894144 and parameters: {'window_influence': 0.434717678042514, 'penalty_k': 0.08733259245332162, 'scale_lr': 0.598295490738109}. Best is trial 226 with value: 0.354671357786609.
checkpoint_e17 window_influence: 0.44599624753356021, penalty_k: 0.10564052122071033, scale_lr: 0.57105200692873559, EAO: 0.342
Trial 336 finished with value: 0.342489809029761 and parameters: {'window_influence': 0.4459962475335602, 'penalty_k': 0.10564052122071033, 'scale_lr': 0.5710520069287356}. Best is trial 226 with value: 0.354671357786609.
checkpoint_e17 window_influence: 0.44302481733743232, penalty_k: 0.10319696244114435, scale_lr: 0.57155680821665411, EAO: 0.325
Trial 337 finished with value: 0.32475508726292546 and parameters: {'window_influence': 0.4430248173374323, 'penalty_k': 0.10319696244114435, 'scale_lr': 0.5715568082166541}. Best is trial 226 with value: 0.354671357786609.
checkpoint_e17 window_influence: 0.48500471129115413, penalty_k: 0.12460878123253871, scale_lr: 0.54951772618867545, EAO: 0.335
Trial 338 finished with value: 0.33524433781432733 and parameters: {'window_influence': 0.48500471129115413, 'penalty_k': 0.12460878123253871, 'scale_lr': 0.5495177261886754}. Best is trial 226 with value: 0.354671357786609.
checkpoint_e17 window_influence: 0.46512889885569830, penalty_k: 0.11084097699067479, scale_lr: 0.58372909518536242, EAO: 0.327
Trial 339 finished with value: 0.3271653341991892 and parameters: {'window_influence': 0.4651288988556983, 'penalty_k': 0.11084097699067479, 'scale_lr': 0.5837290951853624}. Best is trial 226 with value: 0.354671357786609.
checkpoint_e17 window_influence: 0.43385540199960415, penalty_k: 0.07138603392060119, scale_lr: 0.56570488485059600, EAO: 0.317
Trial 340 finished with value: 0.3167129294069824 and parameters: {'window_influence': 0.43385540199960415, 'penalty_k': 0.0713860339206012, 'scale_lr': 0.565704884850596}. Best is trial 226 with value: 0.354671357786609.
checkpoint_e17 window_influence: 0.44444728569425068, penalty_k: 0.12047268584825950, scale_lr: 0.59954873651809404, EAO: 0.331
Trial 341 finished with value: 0.3308807890354891 and parameters: {'window_influence': 0.4444472856942507, 'penalty_k': 0.1204726858482595, 'scale_lr': 0.599548736518094}. Best is trial 226 with value: 0.354671357786609.
checkpoint_e17 window_influence: 0.45448899612255700, penalty_k: 0.10004463708599354, scale_lr: 0.56233914003052388, EAO: 0.335
Trial 342 finished with value: 0.3353045554940339 and parameters: {'window_influence': 0.454488996122557, 'penalty_k': 0.10004463708599354, 'scale_lr': 0.5623391400305239}. Best is trial 226 with value: 0.354671357786609.
checkpoint_e17 window_influence: 0.42808554415100114, penalty_k: 0.01782261818186785, scale_lr: 0.50412494803461683, EAO: 0.336
Trial 343 finished with value: 0.3364808492159565 and parameters: {'window_influence': 0.42808554415100114, 'penalty_k': 0.017822618181867846, 'scale_lr': 0.5041249480346168}. Best is trial 226 with value: 0.354671357786609.
checkpoint_e17 window_influence: 0.43801170773380221, penalty_k: 0.11224928544929458, scale_lr: 0.57924528817206367, EAO: 0.332
Trial 344 finished with value: 0.3321369287452809 and parameters: {'window_influence': 0.4380117077338022, 'penalty_k': 0.11224928544929458, 'scale_lr': 0.5792452881720637}. Best is trial 226 with value: 0.354671357786609.
checkpoint_e17 window_influence: 0.42519165709688339, penalty_k: 0.08030022652383094, scale_lr: 0.58838671895233596, EAO: 0.347
Trial 345 finished with value: 0.34710878342506024 and parameters: {'window_influence': 0.4251916570968834, 'penalty_k': 0.08030022652383094, 'scale_lr': 0.588386718952336}. Best is trial 226 with value: 0.354671357786609.
checkpoint_e17 window_influence: 0.42459550831244292, penalty_k: 0.07987006712854448, scale_lr: 0.58289315394439956, EAO: 0.334
Trial 346 finished with value: 0.33356706943029557 and parameters: {'window_influence': 0.4245955083124429, 'penalty_k': 0.07987006712854448, 'scale_lr': 0.5828931539443996}. Best is trial 226 with value: 0.354671357786609.
checkpoint_e17 window_influence: 0.47907299040129536, penalty_k: 0.06040440504954615, scale_lr: 0.59584277298882393, EAO: 0.333
Trial 347 finished with value: 0.3331658012208308 and parameters: {'window_influence': 0.47907299040129536, 'penalty_k': 0.06040440504954615, 'scale_lr': 0.5958427729888239}. Best is trial 226 with value: 0.354671357786609.
checkpoint_e17 window_influence: 0.42695606471864234, penalty_k: 0.09433618477313838, scale_lr: 0.55176709779859301, EAO: 0.330
Trial 348 finished with value: 0.3300332377740845 and parameters: {'window_influence': 0.42695606471864234, 'penalty_k': 0.09433618477313838, 'scale_lr': 0.551767097798593}. Best is trial 226 with value: 0.354671357786609.
checkpoint_e17 window_influence: 0.45730379579649988, penalty_k: 0.07729104384051902, scale_lr: 0.52460304487173581, EAO: 0.312
Trial 349 finished with value: 0.3120976833170026 and parameters: {'window_influence': 0.4573037957964999, 'penalty_k': 0.07729104384051902, 'scale_lr': 0.5246030448717358}. Best is trial 226 with value: 0.354671357786609.
checkpoint_e17 window_influence: 0.44244667083599937, penalty_k: 0.08814832393105781, scale_lr: 0.56574184561347718, EAO: 0.343
Trial 350 finished with value: 0.3431061130553368 and parameters: {'window_influence': 0.44244667083599937, 'penalty_k': 0.08814832393105781, 'scale_lr': 0.5657418456134772}. Best is trial 226 with value: 0.354671357786609.
checkpoint_e17 window_influence: 0.46590348544608995, penalty_k: 0.05482136747789354, scale_lr: 0.60832955148883949, EAO: 0.328
Trial 351 finished with value: 0.3284536241789272 and parameters: {'window_influence': 0.46590348544608995, 'penalty_k': 0.05482136747789354, 'scale_lr': 0.6083295514888395}. Best is trial 226 with value: 0.354671357786609.
checkpoint_e17 window_influence: 0.44895257547264222, penalty_k: 0.07046838903469141, scale_lr: 0.57327812472444595, EAO: 0.317
Trial 352 finished with value: 0.31702682729593046 and parameters: {'window_influence': 0.4489525754726422, 'penalty_k': 0.07046838903469141, 'scale_lr': 0.573278124724446}. Best is trial 226 with value: 0.354671357786609.
checkpoint_e17 window_influence: 0.42474184286122468, penalty_k: 0.02648179896041296, scale_lr: 0.58704580462986700, EAO: 0.314
Trial 353 finished with value: 0.3141016198851255 and parameters: {'window_influence': 0.4247418428612247, 'penalty_k': 0.02648179896041296, 'scale_lr': 0.587045804629867}. Best is trial 226 with value: 0.354671357786609.
checkpoint_e17 window_influence: 0.44333073866742628, penalty_k: 0.08580646505540956, scale_lr: 0.56524799039126805, EAO: 0.329
Trial 354 finished with value: 0.328926007107538 and parameters: {'window_influence': 0.4433307386674263, 'penalty_k': 0.08580646505540956, 'scale_lr': 0.565247990391268}. Best is trial 226 with value: 0.354671357786609.
checkpoint_e17 window_influence: 0.46769189180064108, penalty_k: 0.03993616861669243, scale_lr: 0.53948807556610567, EAO: 0.333
Trial 355 finished with value: 0.3327710650542367 and parameters: {'window_influence': 0.4676918918006411, 'penalty_k': 0.039936168616692434, 'scale_lr': 0.5394880755661057}. Best is trial 226 with value: 0.354671357786609.
checkpoint_e17 window_influence: 0.41950296972835982, penalty_k: 0.10728322561731042, scale_lr: 0.61100189356004386, EAO: 0.338
Trial 356 finished with value: 0.33817506288739957 and parameters: {'window_influence': 0.4195029697283598, 'penalty_k': 0.10728322561731042, 'scale_lr': 0.6110018935600439}. Best is trial 226 with value: 0.354671357786609.
checkpoint_e17 window_influence: 0.43842019966329665, penalty_k: 0.06658684639043122, scale_lr: 0.60083577155737766, EAO: 0.321
Trial 357 finished with value: 0.32051091516528146 and parameters: {'window_influence': 0.43842019966329665, 'penalty_k': 0.06658684639043122, 'scale_lr': 0.6008357715573777}. Best is trial 226 with value: 0.354671357786609.
checkpoint_e17 window_influence: 0.45533540027158559, penalty_k: 0.00827963180103108, scale_lr: 0.58578363137126022, EAO: 0.318
Trial 358 finished with value: 0.317651050505935 and parameters: {'window_influence': 0.4553354002715856, 'penalty_k': 0.008279631801031083, 'scale_lr': 0.5857836313712602}. Best is trial 226 with value: 0.354671357786609.
checkpoint_e17 window_influence: 0.54764515425081717, penalty_k: 0.08656776166405701, scale_lr: 0.57239859350159950, EAO: 0.293
Trial 359 finished with value: 0.2930376926864631 and parameters: {'window_influence': 0.5476451542508172, 'penalty_k': 0.08656776166405701, 'scale_lr': 0.5723985935015995}. Best is trial 226 with value: 0.354671357786609.
checkpoint_e17 window_influence: 0.47592786827958794, penalty_k: 0.24534087414655184, scale_lr: 0.53095406978037996, EAO: 0.301
Trial 360 finished with value: 0.3010904174950336 and parameters: {'window_influence': 0.47592786827958794, 'penalty_k': 0.24534087414655184, 'scale_lr': 0.53095406978038}. Best is trial 226 with value: 0.354671357786609.
checkpoint_e17 window_influence: 0.42467784400204489, penalty_k: 0.05543959806644826, scale_lr: 0.59323885709214008, EAO: 0.320
Trial 361 finished with value: 0.32007700674496736 and parameters: {'window_influence': 0.4246778440020449, 'penalty_k': 0.055439598066448256, 'scale_lr': 0.5932388570921401}. Best is trial 226 with value: 0.354671357786609.
checkpoint_e17 window_influence: 0.23335569863145234, penalty_k: 0.12206254626935892, scale_lr: 0.50859553573340277, EAO: 0.302
Trial 362 finished with value: 0.3023240487399268 and parameters: {'window_influence': 0.23335569863145234, 'penalty_k': 0.12206254626935892, 'scale_lr': 0.5085955357334028}. Best is trial 226 with value: 0.354671357786609.
checkpoint_e17 window_influence: 0.56557611797221619, penalty_k: 0.02770016013371178, scale_lr: 0.73251434960811657, EAO: 0.292
Trial 363 finished with value: 0.2918352097968647 and parameters: {'window_influence': 0.5655761179722162, 'penalty_k': 0.02770016013371178, 'scale_lr': 0.7325143496081166}. Best is trial 226 with value: 0.354671357786609.
checkpoint_e17 window_influence: 0.44109235704354161, penalty_k: 0.07684239292643308, scale_lr: 0.56357727062834706, EAO: 0.326
Trial 364 finished with value: 0.3255297393186547 and parameters: {'window_influence': 0.4410923570435416, 'penalty_k': 0.07684239292643308, 'scale_lr': 0.5635772706283471}. Best is trial 226 with value: 0.354671357786609.
checkpoint_e17 window_influence: 0.45025246820434750, penalty_k: 0.58218430691754786, scale_lr: 0.61632209966651175, EAO: 0.314
Trial 365 finished with value: 0.31412407599302583 and parameters: {'window_influence': 0.4502524682043475, 'penalty_k': 0.5821843069175479, 'scale_lr': 0.6163220996665117}. Best is trial 226 with value: 0.354671357786609.
checkpoint_e17 window_influence: 0.49366734260427447, penalty_k: 0.09916846994996183, scale_lr: 0.54254912732939498, EAO: 0.330
Trial 366 finished with value: 0.32989510232836355 and parameters: {'window_influence': 0.4936673426042745, 'penalty_k': 0.09916846994996183, 'scale_lr': 0.542549127329395}. Best is trial 226 with value: 0.354671357786609.
checkpoint_e17 window_influence: 0.41838603095081134, penalty_k: 0.25978651797313346, scale_lr: 0.58060853266503554, EAO: 0.326
Trial 367 finished with value: 0.3260592341654959 and parameters: {'window_influence': 0.41838603095081134, 'penalty_k': 0.25978651797313346, 'scale_lr': 0.5806085326650355}. Best is trial 226 with value: 0.354671357786609.
checkpoint_e17 window_influence: 0.42943672049773951, penalty_k: 0.04566620087554080, scale_lr: 0.60259037727854670, EAO: 0.317
Trial 368 finished with value: 0.3168062341004494 and parameters: {'window_influence': 0.4294367204977395, 'penalty_k': 0.0456662008755408, 'scale_lr': 0.6025903772785467}. Best is trial 226 with value: 0.354671357786609.
checkpoint_e17 window_influence: 0.46143768959800852, penalty_k: 0.00167061137976234, scale_lr: 0.71930926999281797, EAO: 0.323
Trial 369 finished with value: 0.3229421767395294 and parameters: {'window_influence': 0.4614376895980085, 'penalty_k': 0.0016706113797623412, 'scale_lr': 0.719309269992818}. Best is trial 226 with value: 0.354671357786609.
checkpoint_e17 window_influence: 0.26834732083961410, penalty_k: 0.08931274803775067, scale_lr: 0.55349038016921559, EAO: 0.324
Trial 370 finished with value: 0.3235846767745593 and parameters: {'window_influence': 0.2683473208396141, 'penalty_k': 0.08931274803775067, 'scale_lr': 0.5534903801692156}. Best is trial 226 with value: 0.354671357786609.
checkpoint_e17 window_influence: 0.43848262486770262, penalty_k: 0.26919785913150024, scale_lr: 0.57416290286011651, EAO: 0.317
Trial 371 finished with value: 0.3172646887919318 and parameters: {'window_influence': 0.4384826248677026, 'penalty_k': 0.26919785913150024, 'scale_lr': 0.5741629028601165}. Best is trial 226 with value: 0.354671357786609.
checkpoint_e17 window_influence: 0.41607071778164312, penalty_k: 0.10806187326744821, scale_lr: 0.61596045885116801, EAO: 0.324
