A new study created in memory with name: no-name-1c9ab75e-8f97-4b49-ae72-156f77478476
checkpoint_e19 window_influence: 0.22776574635238034, penalty_k: 0.25872742644100011, scale_lr: 0.40085982693608690, EAO: 0.275
Trial 0 finished with value: 0.2754739769933752 and parameters: {'window_influence': 0.22776574635238034, 'penalty_k': 0.2587274264410001, 'scale_lr': 0.4008598269360869}. Best is trial 0 with value: 0.2754739769933752.
checkpoint_e19 window_influence: 0.08558324587693818, penalty_k: 0.02387022942502701, scale_lr: 0.58591227829018344, EAO: 0.281
Trial 1 finished with value: 0.2811616376796121 and parameters: {'window_influence': 0.08558324587693818, 'penalty_k': 0.02387022942502701, 'scale_lr': 0.5859122782901834}. Best is trial 1 with value: 0.2811616376796121.
checkpoint_e19 window_influence: 0.54621424238793004, penalty_k: 0.41020041773376104, scale_lr: 0.13613804487244266, EAO: 0.257
Trial 2 finished with value: 0.2569203713060817 and parameters: {'window_influence': 0.54621424238793, 'penalty_k': 0.41020041773376104, 'scale_lr': 0.13613804487244266}. Best is trial 1 with value: 0.2811616376796121.
checkpoint_e19 window_influence: 0.09596061075283431, penalty_k: 0.04488068120834272, scale_lr: 0.23941112009416568, EAO: 0.271
Trial 3 finished with value: 0.2708550212100322 and parameters: {'window_influence': 0.09596061075283431, 'penalty_k': 0.04488068120834272, 'scale_lr': 0.23941112009416568}. Best is trial 1 with value: 0.2811616376796121.
checkpoint_e19 window_influence: 0.60447695787871913, penalty_k: 0.34741653910755221, scale_lr: 0.46642796990875401, EAO: 0.233
Trial 4 finished with value: 0.2331062802312903 and parameters: {'window_influence': 0.6044769578787191, 'penalty_k': 0.3474165391075522, 'scale_lr': 0.466427969908754}. Best is trial 1 with value: 0.2811616376796121.
checkpoint_e19 window_influence: 0.60892907915395555, penalty_k: 0.08833549651470045, scale_lr: 0.13888899526304313, EAO: 0.251
Trial 5 finished with value: 0.25116042926153787 and parameters: {'window_influence': 0.6089290791539556, 'penalty_k': 0.08833549651470045, 'scale_lr': 0.13888899526304313}. Best is trial 1 with value: 0.2811616376796121.
checkpoint_e19 window_influence: 0.48518259190915580, penalty_k: 0.59748097710941361, scale_lr: 0.13593011794621249, EAO: 0.270
Trial 6 finished with value: 0.2700945028187236 and parameters: {'window_influence': 0.4851825919091558, 'penalty_k': 0.5974809771094136, 'scale_lr': 0.1359301179462125}. Best is trial 1 with value: 0.2811616376796121.
checkpoint_e19 window_influence: 0.09120101776403111, penalty_k: 0.04380472194501370, scale_lr: 0.72056940676310222, EAO: 0.267
Trial 7 finished with value: 0.2670712686118449 and parameters: {'window_influence': 0.09120101776403111, 'penalty_k': 0.043804721945013704, 'scale_lr': 0.7205694067631022}. Best is trial 1 with value: 0.2811616376796121.
checkpoint_e19 window_influence: 0.64106614005516716, penalty_k: 0.06037333778620897, scale_lr: 0.29186902883999777, EAO: 0.241
Trial 8 finished with value: 0.24129757586620199 and parameters: {'window_influence': 0.6410661400551672, 'penalty_k': 0.060373337786208965, 'scale_lr': 0.29186902883999777}. Best is trial 1 with value: 0.2811616376796121.
checkpoint_e19 window_influence: 0.32160195978371453, penalty_k: 0.49633534099829546, scale_lr: 0.68772958117551564, EAO: 0.290
Trial 9 finished with value: 0.2901038695634107 and parameters: {'window_influence': 0.32160195978371453, 'penalty_k': 0.49633534099829546, 'scale_lr': 0.6877295811755156}. Best is trial 9 with value: 0.2901038695634107.
checkpoint_e19 window_influence: 0.36083080750005636, penalty_k: 0.56120584962462439, scale_lr: 0.77291570501222673, EAO: 0.300
Trial 10 finished with value: 0.29969296787035604 and parameters: {'window_influence': 0.36083080750005636, 'penalty_k': 0.5612058496246244, 'scale_lr': 0.7729157050122267}. Best is trial 10 with value: 0.29969296787035604.
checkpoint_e19 window_influence: 0.37088774111901279, penalty_k: 0.56617468063209686, scale_lr: 0.76959078379055268, EAO: 0.306
Trial 11 finished with value: 0.30605882290272396 and parameters: {'window_influence': 0.3708877411190128, 'penalty_k': 0.5661746806320969, 'scale_lr': 0.7695907837905527}. Best is trial 11 with value: 0.30605882290272396.
checkpoint_e19 window_influence: 0.41579319304259271, penalty_k: 0.59073954262362727, scale_lr: 0.79281418452924346, EAO: 0.306
Trial 12 finished with value: 0.3059070940031616 and parameters: {'window_influence': 0.4157931930425927, 'penalty_k': 0.5907395426236273, 'scale_lr': 0.7928141845292435}. Best is trial 11 with value: 0.30605882290272396.
checkpoint_e19 window_influence: 0.44866858440619350, penalty_k: 0.50726996796402790, scale_lr: 0.79923038603304752, EAO: 0.313
Trial 13 finished with value: 0.3132021158121903 and parameters: {'window_influence': 0.4486685844061935, 'penalty_k': 0.5072699679640279, 'scale_lr': 0.7992303860330475}. Best is trial 13 with value: 0.3132021158121903.
checkpoint_e19 window_influence: 0.46985472674607320, penalty_k: 0.48492515208067805, scale_lr: 0.64169262962928741, EAO: 0.295
Trial 14 finished with value: 0.29468973294074435 and parameters: {'window_influence': 0.4698547267460732, 'penalty_k': 0.48492515208067805, 'scale_lr': 0.6416926296292874}. Best is trial 13 with value: 0.3132021158121903.
checkpoint_e19 window_influence: 0.31411123673452734, penalty_k: 0.50561346324592571, scale_lr: 0.79931210733962643, EAO: 0.288
Trial 15 finished with value: 0.28805562337780743 and parameters: {'window_influence': 0.31411123673452734, 'penalty_k': 0.5056134632459257, 'scale_lr': 0.7993121073396264}. Best is trial 13 with value: 0.3132021158121903.
checkpoint_e19 window_influence: 0.40055004153333640, penalty_k: 0.42472355352737889, scale_lr: 0.60466596093108882, EAO: 0.295
Trial 16 finished with value: 0.29495700196533353 and parameters: {'window_influence': 0.4005500415333364, 'penalty_k': 0.4247235535273789, 'scale_lr': 0.6046659609310888}. Best is trial 13 with value: 0.3132021158121903.
checkpoint_e19 window_influence: 0.49555914615894453, penalty_k: 0.55991084892156628, scale_lr: 0.70167544313792285, EAO: 0.285
Trial 17 finished with value: 0.28489025841659144 and parameters: {'window_influence': 0.49555914615894453, 'penalty_k': 0.5599108489215663, 'scale_lr': 0.7016754431379228}. Best is trial 13 with value: 0.3132021158121903.
checkpoint_e19 window_influence: 0.25194775022970706, penalty_k: 0.43475040326515191, scale_lr: 0.54446784992178476, EAO: 0.275
Trial 18 finished with value: 0.2753245755160365 and parameters: {'window_influence': 0.25194775022970706, 'penalty_k': 0.4347504032651519, 'scale_lr': 0.5444678499217848}. Best is trial 13 with value: 0.3132021158121903.
checkpoint_e19 window_influence: 0.42817367849622567, penalty_k: 0.53479696151862155, scale_lr: 0.66766788027042967, EAO: 0.304
Trial 19 finished with value: 0.3040802686362879 and parameters: {'window_influence': 0.4281736784962257, 'penalty_k': 0.5347969615186215, 'scale_lr': 0.6676678802704297}. Best is trial 13 with value: 0.3132021158121903.
checkpoint_e19 window_influence: 0.53686176443559674, penalty_k: 0.46813885903863162, scale_lr: 0.73153841803401920, EAO: 0.282
Trial 20 finished with value: 0.2819575150189233 and parameters: {'window_influence': 0.5368617644355967, 'penalty_k': 0.4681388590386316, 'scale_lr': 0.7315384180340192}. Best is trial 13 with value: 0.3132021158121903.
checkpoint_e19 window_influence: 0.41515220592909907, penalty_k: 0.59309919100133857, scale_lr: 0.78287350963015501, EAO: 0.298
Trial 21 finished with value: 0.2984840645516429 and parameters: {'window_influence': 0.41515220592909907, 'penalty_k': 0.5930991910013386, 'scale_lr': 0.782873509630155}. Best is trial 13 with value: 0.3132021158121903.
checkpoint_e19 window_influence: 0.37424906780006179, penalty_k: 0.53250350802798707, scale_lr: 0.78748644282470603, EAO: 0.295
Trial 22 finished with value: 0.29479163948895865 and parameters: {'window_influence': 0.3742490678000618, 'penalty_k': 0.5325035080279871, 'scale_lr': 0.787486442824706}. Best is trial 13 with value: 0.3132021158121903.
checkpoint_e19 window_influence: 0.43978375033930844, penalty_k: 0.58852236376892031, scale_lr: 0.73354505711294760, EAO: 0.309
Trial 23 finished with value: 0.30899880913444994 and parameters: {'window_influence': 0.43978375033930844, 'penalty_k': 0.5885223637689203, 'scale_lr': 0.7335450571129476}. Best is trial 13 with value: 0.3132021158121903.
checkpoint_e19 window_influence: 0.45149672280905606, penalty_k: 0.54492534944486792, scale_lr: 0.72005075799376805, EAO: 0.301
Trial 24 finished with value: 0.30060647114937405 and parameters: {'window_influence': 0.45149672280905606, 'penalty_k': 0.5449253494448679, 'scale_lr': 0.720050757993768}. Best is trial 13 with value: 0.3132021158121903.
checkpoint_e19 window_influence: 0.50494638983265938, penalty_k: 0.51988897456056249, scale_lr: 0.63027109583128194, EAO: 0.268
Trial 25 finished with value: 0.2684143567711463 and parameters: {'window_influence': 0.5049463898326594, 'penalty_k': 0.5198889745605625, 'scale_lr': 0.6302710958312819}. Best is trial 13 with value: 0.3132021158121903.
checkpoint_e19 window_influence: 0.45296644553557647, penalty_k: 0.46412714262640736, scale_lr: 0.73825679291104629, EAO: 0.305
Trial 26 finished with value: 0.30506730804415527 and parameters: {'window_influence': 0.45296644553557647, 'penalty_k': 0.46412714262640736, 'scale_lr': 0.7382567929110463}. Best is trial 13 with value: 0.3132021158121903.
checkpoint_e19 window_influence: 0.35760884751031718, penalty_k: 0.59074025359553906, scale_lr: 0.66316154770217783, EAO: 0.306
Trial 27 finished with value: 0.30648005849424503 and parameters: {'window_influence': 0.3576088475103172, 'penalty_k': 0.590740253595539, 'scale_lr': 0.6631615477021778}. Best is trial 13 with value: 0.3132021158121903.
checkpoint_e19 window_influence: 0.54157850843237754, penalty_k: 0.59557074327698001, scale_lr: 0.69421297856955611, EAO: 0.266
Trial 28 finished with value: 0.2661025775197879 and parameters: {'window_influence': 0.5415785084323775, 'penalty_k': 0.59557074327698, 'scale_lr': 0.6942129785695561}. Best is trial 13 with value: 0.3132021158121903.
checkpoint_e19 window_influence: 0.30735641523325385, penalty_k: 0.35547912813662919, scale_lr: 0.56585206792769638, EAO: 0.287
Trial 29 finished with value: 0.28669484464111034 and parameters: {'window_influence': 0.30735641523325385, 'penalty_k': 0.3554791281366292, 'scale_lr': 0.5658520679276964}. Best is trial 13 with value: 0.3132021158121903.
checkpoint_e19 window_influence: 0.39236524754034513, penalty_k: 0.51625065133063397, scale_lr: 0.65532092107744966, EAO: 0.297
Trial 30 finished with value: 0.2973368256008579 and parameters: {'window_influence': 0.39236524754034513, 'penalty_k': 0.516250651330634, 'scale_lr': 0.6553209210774497}. Best is trial 13 with value: 0.3132021158121903.
checkpoint_e19 window_influence: 0.34560704035259182, penalty_k: 0.56333267761757422, scale_lr: 0.75863700347335195, EAO: 0.288
Trial 31 finished with value: 0.28825384332048287 and parameters: {'window_influence': 0.3456070403525918, 'penalty_k': 0.5633326776175742, 'scale_lr': 0.758637003473352}. Best is trial 13 with value: 0.3132021158121903.
checkpoint_e19 window_influence: 0.37560246461156011, penalty_k: 0.55429967666543667, scale_lr: 0.73670507836340415, EAO: 0.307
Trial 32 finished with value: 0.3066041380862782 and parameters: {'window_influence': 0.3756024646115601, 'penalty_k': 0.5542996766654367, 'scale_lr': 0.7367050783634042}. Best is trial 13 with value: 0.3132021158121903.
checkpoint_e19 window_influence: 0.43390741779456760, penalty_k: 0.48743745393360510, scale_lr: 0.67285450520457701, EAO: 0.302
Trial 33 finished with value: 0.3020040387657366 and parameters: {'window_influence': 0.4339074177945676, 'penalty_k': 0.4874374539336051, 'scale_lr': 0.672854505204577}. Best is trial 13 with value: 0.3132021158121903.
checkpoint_e19 window_influence: 0.25994999706098648, penalty_k: 0.53205279898454894, scale_lr: 0.73736708750368074, EAO: 0.278
Trial 34 finished with value: 0.27840666519296775 and parameters: {'window_influence': 0.2599499970609865, 'penalty_k': 0.5320527989845489, 'scale_lr': 0.7373670875036807}. Best is trial 13 with value: 0.3132021158121903.
checkpoint_e19 window_influence: 0.40330260895957493, penalty_k: 0.43542341535007512, scale_lr: 0.61251179563866209, EAO: 0.305
Trial 35 finished with value: 0.3052258082169039 and parameters: {'window_influence': 0.4033026089595749, 'penalty_k': 0.4354234153500751, 'scale_lr': 0.6125117956386621}. Best is trial 13 with value: 0.3132021158121903.
checkpoint_e19 window_influence: 0.34890847288241095, penalty_k: 0.39430143284578745, scale_lr: 0.54020793163301606, EAO: 0.307
Trial 36 finished with value: 0.30705941691704763 and parameters: {'window_influence': 0.34890847288241095, 'penalty_k': 0.39430143284578745, 'scale_lr': 0.5402079316330161}. Best is trial 13 with value: 0.3132021158121903.
checkpoint_e19 window_influence: 0.45691961647573365, penalty_k: 0.36152800415997527, scale_lr: 0.51436722242696498, EAO: 0.308
Trial 37 finished with value: 0.30754309921645007 and parameters: {'window_influence': 0.45691961647573365, 'penalty_k': 0.36152800415997527, 'scale_lr': 0.514367222426965}. Best is trial 13 with value: 0.3132021158121903.
checkpoint_e19 window_influence: 0.46123674188547642, penalty_k: 0.38618912584053222, scale_lr: 0.46491631909969011, EAO: 0.314
Trial 38 finished with value: 0.3136376522858319 and parameters: {'window_influence': 0.4612367418854764, 'penalty_k': 0.3861891258405322, 'scale_lr': 0.4649163190996901}. Best is trial 38 with value: 0.3136376522858319.
checkpoint_e19 window_influence: 0.51668698971263283, penalty_k: 0.27494603050766508, scale_lr: 0.46828632479616977, EAO: 0.290
Trial 39 finished with value: 0.28985025493087474 and parameters: {'window_influence': 0.5166869897126328, 'penalty_k': 0.2749460305076651, 'scale_lr': 0.4682863247961698}. Best is trial 38 with value: 0.3136376522858319.
checkpoint_e19 window_influence: 0.47208684410645108, penalty_k: 0.30898802049641805, scale_lr: 0.41411507798571556, EAO: 0.292
Trial 40 finished with value: 0.2918306498675959 and parameters: {'window_influence': 0.4720868441064511, 'penalty_k': 0.30898802049641805, 'scale_lr': 0.41411507798571556}. Best is trial 38 with value: 0.3136376522858319.
checkpoint_e19 window_influence: 0.44903766482753171, penalty_k: 0.38154700787603041, scale_lr: 0.53128790757511601, EAO: 0.310
Trial 41 finished with value: 0.31023772559509205 and parameters: {'window_influence': 0.4490376648275317, 'penalty_k': 0.3815470078760304, 'scale_lr': 0.531287907575116}. Best is trial 38 with value: 0.3136376522858319.
checkpoint_e19 window_influence: 0.47792656289088437, penalty_k: 0.38094446623723077, scale_lr: 0.50237425939910640, EAO: 0.292
Trial 42 finished with value: 0.29158814964591295 and parameters: {'window_influence': 0.47792656289088437, 'penalty_k': 0.38094446623723077, 'scale_lr': 0.5023742593991064}. Best is trial 38 with value: 0.3136376522858319.
checkpoint_e19 window_influence: 0.57145509786740678, penalty_k: 0.33561236966911634, scale_lr: 0.58483205382123427, EAO: 0.275
Trial 43 finished with value: 0.27523312627805346 and parameters: {'window_influence': 0.5714550978674068, 'penalty_k': 0.33561236966911634, 'scale_lr': 0.5848320538212343}. Best is trial 38 with value: 0.3136376522858319.
checkpoint_e19 window_influence: 0.44433139922871651, penalty_k: 0.37499371198476628, scale_lr: 0.38366257977816637, EAO: 0.310
Trial 44 finished with value: 0.31026416245833444 and parameters: {'window_influence': 0.4443313992287165, 'penalty_k': 0.3749937119847663, 'scale_lr': 0.38366257977816637}. Best is trial 38 with value: 0.3136376522858319.
checkpoint_e19 window_influence: 0.44412166406396447, penalty_k: 0.39909809178038985, scale_lr: 0.35256021061812515, EAO: 0.309
Trial 45 finished with value: 0.3088696670323494 and parameters: {'window_influence': 0.44412166406396447, 'penalty_k': 0.39909809178038985, 'scale_lr': 0.35256021061812515}. Best is trial 38 with value: 0.3136376522858319.
checkpoint_e19 window_influence: 0.50175790826603206, penalty_k: 0.32616142783990382, scale_lr: 0.42968075772504533, EAO: 0.289
Trial 46 finished with value: 0.28888537807223397 and parameters: {'window_influence': 0.5017579082660321, 'penalty_k': 0.3261614278399038, 'scale_lr': 0.4296807577250453}. Best is trial 38 with value: 0.3136376522858319.
checkpoint_e19 window_influence: 0.42224884863757761, penalty_k: 0.21786065409560559, scale_lr: 0.35923765252262996, EAO: 0.317
Trial 47 finished with value: 0.3174949705832663 and parameters: {'window_influence': 0.4222488486375776, 'penalty_k': 0.2178606540956056, 'scale_lr': 0.35923765252262996}. Best is trial 47 with value: 0.3174949705832663.
checkpoint_e19 window_influence: 0.48727505732773058, penalty_k: 0.24892987647459083, scale_lr: 0.38404094614649242, EAO: 0.281
Trial 48 finished with value: 0.28080725449532384 and parameters: {'window_influence': 0.4872750573277306, 'penalty_k': 0.24892987647459083, 'scale_lr': 0.3840409461464924}. Best is trial 47 with value: 0.3174949705832663.
checkpoint_e19 window_influence: 0.41924666642076985, penalty_k: 0.25470631576971209, scale_lr: 0.33298219846597732, EAO: 0.323
Trial 49 finished with value: 0.3228878960999069 and parameters: {'window_influence': 0.41924666642076985, 'penalty_k': 0.2547063157697121, 'scale_lr': 0.3329821984659773}. Best is trial 49 with value: 0.3228878960999069.
checkpoint_e19 window_influence: 0.41326557122074020, penalty_k: 0.23008932211941202, scale_lr: 0.31019223909208410, EAO: 0.325
Trial 50 finished with value: 0.3254839931596578 and parameters: {'window_influence': 0.4132655712207402, 'penalty_k': 0.23008932211941202, 'scale_lr': 0.3101922390920841}. Best is trial 50 with value: 0.3254839931596578.
checkpoint_e19 window_influence: 0.40488709593937133, penalty_k: 0.21534172813820901, scale_lr: 0.31122771620503720, EAO: 0.300
Trial 51 finished with value: 0.3001461683660166 and parameters: {'window_influence': 0.40488709593937133, 'penalty_k': 0.215341728138209, 'scale_lr': 0.3112277162050372}. Best is trial 50 with value: 0.3254839931596578.
checkpoint_e19 window_influence: 0.42130291571428696, penalty_k: 0.19805774965114895, scale_lr: 0.24502844602152868, EAO: 0.319
Trial 52 finished with value: 0.31946814738590895 and parameters: {'window_influence': 0.42130291571428696, 'penalty_k': 0.19805774965114895, 'scale_lr': 0.24502844602152868}. Best is trial 50 with value: 0.3254839931596578.
checkpoint_e19 window_influence: 0.42547288618963836, penalty_k: 0.19715408333988454, scale_lr: 0.23066215728015044, EAO: 0.326
Trial 53 finished with value: 0.326069201476843 and parameters: {'window_influence': 0.42547288618963836, 'penalty_k': 0.19715408333988454, 'scale_lr': 0.23066215728015044}. Best is trial 53 with value: 0.326069201476843.
checkpoint_e19 window_influence: 0.42202095304939913, penalty_k: 0.19359582621976448, scale_lr: 0.23328067186886148, EAO: 0.318
Trial 54 finished with value: 0.3184185650214147 and parameters: {'window_influence': 0.42202095304939913, 'penalty_k': 0.19359582621976448, 'scale_lr': 0.23328067186886148}. Best is trial 53 with value: 0.326069201476843.
checkpoint_e19 window_influence: 0.38798256249177865, penalty_k: 0.19730594319053008, scale_lr: 0.22455052542523521, EAO: 0.300
Trial 55 finished with value: 0.30038210413335364 and parameters: {'window_influence': 0.38798256249177865, 'penalty_k': 0.19730594319053008, 'scale_lr': 0.2245505254252352}. Best is trial 53 with value: 0.326069201476843.
checkpoint_e19 window_influence: 0.42133087131187419, penalty_k: 0.17641076518091078, scale_lr: 0.23461727425879694, EAO: 0.307
Trial 56 finished with value: 0.30707338864005496 and parameters: {'window_influence': 0.4213308713118742, 'penalty_k': 0.17641076518091078, 'scale_lr': 0.23461727425879694}. Best is trial 53 with value: 0.326069201476843.
checkpoint_e19 window_influence: 0.42186809725495628, penalty_k: 0.14871403803801370, scale_lr: 0.26985516137874377, EAO: 0.309
Trial 57 finished with value: 0.3093668936175595 and parameters: {'window_influence': 0.4218680972549563, 'penalty_k': 0.1487140380380137, 'scale_lr': 0.26985516137874377}. Best is trial 53 with value: 0.326069201476843.
checkpoint_e19 window_influence: 0.39390751248070272, penalty_k: 0.23506978928679259, scale_lr: 0.19884808585311065, EAO: 0.309
Trial 58 finished with value: 0.30942355084743944 and parameters: {'window_influence': 0.3939075124807027, 'penalty_k': 0.2350697892867926, 'scale_lr': 0.19884808585311065}. Best is trial 53 with value: 0.326069201476843.
checkpoint_e19 window_influence: 0.41894958654327663, penalty_k: 0.28822752153122333, scale_lr: 0.30947728504586147, EAO: 0.313
Trial 59 finished with value: 0.313070524179518 and parameters: {'window_influence': 0.41894958654327663, 'penalty_k': 0.28822752153122333, 'scale_lr': 0.30947728504586147}. Best is trial 53 with value: 0.326069201476843.
checkpoint_e19 window_influence: 0.47478645219313698, penalty_k: 0.15292560084353116, scale_lr: 0.17998580486330773, EAO: 0.315
Trial 60 finished with value: 0.315455568207841 and parameters: {'window_influence': 0.474786452193137, 'penalty_k': 0.15292560084353116, 'scale_lr': 0.17998580486330773}. Best is trial 53 with value: 0.326069201476843.
checkpoint_e19 window_influence: 0.47577193139252699, penalty_k: 0.15669696793478524, scale_lr: 0.18487457532578103, EAO: 0.312
Trial 61 finished with value: 0.31197676851127865 and parameters: {'window_influence': 0.475771931392527, 'penalty_k': 0.15669696793478524, 'scale_lr': 0.18487457532578103}. Best is trial 53 with value: 0.326069201476843.
checkpoint_e19 window_influence: 0.38518376813722005, penalty_k: 0.23347667661421689, scale_lr: 0.27502743135083535, EAO: 0.307
