Trial 617 finished with value: 0.632333486681518 and parameters: {'window_influence': 0.26282801157275354, 'penalty_k': 0.009073890805262441, 'scale_lr': 0.7433949944660395}. Best is trial 289 with value: 0.658998360506409.
checkpoint_e26 window_influence: 0.46136302864059081, penalty_k: 0.09054644757232821, scale_lr: 0.66837215404035222, AUC: 0.634
Trial 618 finished with value: 0.6344522672600716 and parameters: {'window_influence': 0.4613630286405908, 'penalty_k': 0.09054644757232821, 'scale_lr': 0.6683721540403522}. Best is trial 289 with value: 0.658998360506409.
checkpoint_e26 window_influence: 0.11526788171682745, penalty_k: 0.47268102644490739, scale_lr: 0.11262523365669283, AUC: 0.626
Trial 619 finished with value: 0.6260267616059804 and parameters: {'window_influence': 0.11526788171682745, 'penalty_k': 0.4726810264449074, 'scale_lr': 0.11262523365669283}. Best is trial 289 with value: 0.658998360506409.
checkpoint_e26 window_influence: 0.22086470359555549, penalty_k: 0.03098042418202427, scale_lr: 0.13252558192930650, AUC: 0.658
Trial 620 finished with value: 0.6580061119679508 and parameters: {'window_influence': 0.2208647035955555, 'penalty_k': 0.030980424182024267, 'scale_lr': 0.1325255819293065}. Best is trial 289 with value: 0.658998360506409.
checkpoint_e26 window_influence: 0.08288117456037036, penalty_k: 0.56044681091525983, scale_lr: 0.15063979123528395, AUC: 0.632
Trial 621 finished with value: 0.6319046010367131 and parameters: {'window_influence': 0.08288117456037036, 'penalty_k': 0.5604468109152598, 'scale_lr': 0.15063979123528395}. Best is trial 289 with value: 0.658998360506409.
checkpoint_e26 window_influence: 0.60299920224248382, penalty_k: 0.02678702418779710, scale_lr: 0.45158796319920763, AUC: 0.641
Trial 622 finished with value: 0.6413004270786176 and parameters: {'window_influence': 0.6029992022424838, 'penalty_k': 0.026787024187797097, 'scale_lr': 0.45158796319920763}. Best is trial 289 with value: 0.658998360506409.
checkpoint_e26 window_influence: 0.46171257760899148, penalty_k: 0.01653942269617256, scale_lr: 0.13534433846728811, AUC: 0.643
Trial 623 finished with value: 0.643069116451935 and parameters: {'window_influence': 0.4617125776089915, 'penalty_k': 0.016539422696172555, 'scale_lr': 0.1353443384672881}. Best is trial 289 with value: 0.658998360506409.
checkpoint_e26 window_influence: 0.40615380937453666, penalty_k: 0.45839032591330620, scale_lr: 0.17974602381443816, AUC: 0.635
Trial 624 finished with value: 0.6345254679897434 and parameters: {'window_influence': 0.40615380937453666, 'penalty_k': 0.4583903259133062, 'scale_lr': 0.17974602381443816}. Best is trial 289 with value: 0.658998360506409.
checkpoint_e26 window_influence: 0.19616425607721194, penalty_k: 0.47653064510104498, scale_lr: 0.15861274129058472, AUC: 0.648
Trial 625 finished with value: 0.6477964053043 and parameters: {'window_influence': 0.19616425607721194, 'penalty_k': 0.476530645101045, 'scale_lr': 0.15861274129058472}. Best is trial 289 with value: 0.658998360506409.
checkpoint_e26 window_influence: 0.21846147661551274, penalty_k: 0.03528516518218103, scale_lr: 0.30368900062122173, AUC: 0.642
Trial 626 finished with value: 0.6421686259610425 and parameters: {'window_influence': 0.21846147661551274, 'penalty_k': 0.035285165182181034, 'scale_lr': 0.3036890006212217}. Best is trial 289 with value: 0.658998360506409.
checkpoint_e26 window_influence: 0.29761825552098409, penalty_k: 0.02863881637900773, scale_lr: 0.39800920918906429, AUC: 0.636
Trial 627 finished with value: 0.6358842918386193 and parameters: {'window_influence': 0.2976182555209841, 'penalty_k': 0.028638816379007732, 'scale_lr': 0.3980092091890643}. Best is trial 289 with value: 0.658998360506409.
checkpoint_e26 window_influence: 0.17290170423227913, penalty_k: 0.00074765998807479, scale_lr: 0.36447623354358960, AUC: 0.641
Trial 628 finished with value: 0.6407684246327452 and parameters: {'window_influence': 0.17290170423227913, 'penalty_k': 0.0007476599880747899, 'scale_lr': 0.3644762335435896}. Best is trial 289 with value: 0.658998360506409.
checkpoint_e26 window_influence: 0.18601865115440130, penalty_k: 0.38781588456753696, scale_lr: 0.10017266632482331, AUC: 0.637
Trial 629 finished with value: 0.6368204169891332 and parameters: {'window_influence': 0.1860186511544013, 'penalty_k': 0.38781588456753696, 'scale_lr': 0.10017266632482331}. Best is trial 289 with value: 0.658998360506409.
checkpoint_e26 window_influence: 0.20640229899562493, penalty_k: 0.24917711588262811, scale_lr: 0.12329940850775457, AUC: 0.643
Trial 630 finished with value: 0.6432241903525056 and parameters: {'window_influence': 0.20640229899562493, 'penalty_k': 0.24917711588262811, 'scale_lr': 0.12329940850775457}. Best is trial 289 with value: 0.658998360506409.
checkpoint_e26 window_influence: 0.35287759368899846, penalty_k: 0.43498898244785505, scale_lr: 0.50086215460335459, AUC: 0.640
Trial 631 finished with value: 0.6399537529761681 and parameters: {'window_influence': 0.35287759368899846, 'penalty_k': 0.43498898244785505, 'scale_lr': 0.5008621546033546}. Best is trial 289 with value: 0.658998360506409.
checkpoint_e26 window_influence: 0.52919162023199262, penalty_k: 0.04256134447128566, scale_lr: 0.22904461823463559, AUC: 0.649
Trial 632 finished with value: 0.649115939322022 and parameters: {'window_influence': 0.5291916202319926, 'penalty_k': 0.042561344471285664, 'scale_lr': 0.2290446182346356}. Best is trial 289 with value: 0.658998360506409.
checkpoint_e26 window_influence: 0.23530908509566748, penalty_k: 0.08234146497057754, scale_lr: 0.63471978545344232, AUC: 0.634
Trial 633 finished with value: 0.6337616546849429 and parameters: {'window_influence': 0.23530908509566748, 'penalty_k': 0.08234146497057754, 'scale_lr': 0.6347197854534423}. Best is trial 289 with value: 0.658998360506409.
checkpoint_e26 window_influence: 0.21818588393786972, penalty_k: 0.09958782132140991, scale_lr: 0.52143896412862634, AUC: 0.641
Trial 634 finished with value: 0.640947737580517 and parameters: {'window_influence': 0.21818588393786972, 'penalty_k': 0.0995878213214099, 'scale_lr': 0.5214389641286263}. Best is trial 289 with value: 0.658998360506409.
checkpoint_e26 window_influence: 0.32530887611611470, penalty_k: 0.45368256577942395, scale_lr: 0.41474794845997970, AUC: 0.643
Trial 635 finished with value: 0.6431288840145658 and parameters: {'window_influence': 0.3253088761161147, 'penalty_k': 0.45368256577942395, 'scale_lr': 0.4147479484599797}. Best is trial 289 with value: 0.658998360506409.
checkpoint_e26 window_influence: 0.24480505292081942, penalty_k: 0.59473598908921188, scale_lr: 0.13443123651875047, AUC: 0.639
Trial 636 finished with value: 0.6393568176112983 and parameters: {'window_influence': 0.24480505292081942, 'penalty_k': 0.5947359890892119, 'scale_lr': 0.13443123651875047}. Best is trial 289 with value: 0.658998360506409.
checkpoint_e26 window_influence: 0.61613705688779163, penalty_k: 0.31661420427573933, scale_lr: 0.20568962864334434, AUC: 0.639
Trial 637 finished with value: 0.6392677910816413 and parameters: {'window_influence': 0.6161370568877916, 'penalty_k': 0.31661420427573933, 'scale_lr': 0.20568962864334434}. Best is trial 289 with value: 0.658998360506409.
checkpoint_e26 window_influence: 0.14827140109897119, penalty_k: 0.34303866186629561, scale_lr: 0.26789205278036521, AUC: 0.639
Trial 638 finished with value: 0.6393280353446436 and parameters: {'window_influence': 0.1482714010989712, 'penalty_k': 0.3430386618662956, 'scale_lr': 0.2678920527803652}. Best is trial 289 with value: 0.658998360506409.
checkpoint_e26 window_influence: 0.20364419567370151, penalty_k: 0.06328289899615763, scale_lr: 0.11093435272191551, AUC: 0.647
Trial 639 finished with value: 0.6471597177221095 and parameters: {'window_influence': 0.2036441956737015, 'penalty_k': 0.06328289899615763, 'scale_lr': 0.11093435272191551}. Best is trial 289 with value: 0.658998360506409.
checkpoint_e26 window_influence: 0.22653206207759194, penalty_k: 0.54851900438568102, scale_lr: 0.18900019785868558, AUC: 0.646
Trial 640 finished with value: 0.6461927275958153 and parameters: {'window_influence': 0.22653206207759194, 'penalty_k': 0.548519004385681, 'scale_lr': 0.18900019785868558}. Best is trial 289 with value: 0.658998360506409.
checkpoint_e26 window_influence: 0.57006664666438711, penalty_k: 0.35359446452801524, scale_lr: 0.14604401385732277, AUC: 0.638
Trial 641 finished with value: 0.6381075605426669 and parameters: {'window_influence': 0.5700666466643871, 'penalty_k': 0.35359446452801524, 'scale_lr': 0.14604401385732277}. Best is trial 289 with value: 0.658998360506409.
checkpoint_e26 window_influence: 0.19161772995855320, penalty_k: 0.42234778279436835, scale_lr: 0.17197358251758965, AUC: 0.640
Trial 642 finished with value: 0.6396619207394166 and parameters: {'window_influence': 0.1916177299585532, 'penalty_k': 0.42234778279436835, 'scale_lr': 0.17197358251758965}. Best is trial 289 with value: 0.658998360506409.
checkpoint_e26 window_influence: 0.21482124061571181, penalty_k: 0.11695362724577085, scale_lr: 0.10016173709888929, AUC: 0.646
Trial 643 finished with value: 0.6462644204697784 and parameters: {'window_influence': 0.2148212406157118, 'penalty_k': 0.11695362724577085, 'scale_lr': 0.10016173709888929}. Best is trial 289 with value: 0.658998360506409.
checkpoint_e26 window_influence: 0.25511351990876735, penalty_k: 0.07358312197337737, scale_lr: 0.12138695883966931, AUC: 0.646
Trial 644 finished with value: 0.6458757724806269 and parameters: {'window_influence': 0.25511351990876735, 'penalty_k': 0.07358312197337737, 'scale_lr': 0.12138695883966931}. Best is trial 289 with value: 0.658998360506409.
checkpoint_e26 window_influence: 0.35508889589615722, penalty_k: 0.04135566042761002, scale_lr: 0.37329714963194927, AUC: 0.637
Trial 645 finished with value: 0.6370406127846896 and parameters: {'window_influence': 0.3550888958961572, 'penalty_k': 0.04135566042761002, 'scale_lr': 0.37329714963194927}. Best is trial 289 with value: 0.658998360506409.
checkpoint_e26 window_influence: 0.49881466489965975, penalty_k: 0.19125281429335156, scale_lr: 0.70303088285739201, AUC: 0.632
Trial 646 finished with value: 0.6316110832491242 and parameters: {'window_influence': 0.49881466489965975, 'penalty_k': 0.19125281429335156, 'scale_lr': 0.703030882857392}. Best is trial 289 with value: 0.658998360506409.
checkpoint_e26 window_influence: 0.23604550336328067, penalty_k: 0.01513871901786046, scale_lr: 0.43745160583542581, AUC: 0.653
Trial 647 finished with value: 0.6529961982950363 and parameters: {'window_influence': 0.23604550336328067, 'penalty_k': 0.015138719017860465, 'scale_lr': 0.4374516058354258}. Best is trial 289 with value: 0.658998360506409.
checkpoint_e26 window_influence: 0.16410733431147784, penalty_k: 0.28408581061228355, scale_lr: 0.15705982797715365, AUC: 0.646
Trial 648 finished with value: 0.6459521061600888 and parameters: {'window_influence': 0.16410733431147784, 'penalty_k': 0.28408581061228355, 'scale_lr': 0.15705982797715365}. Best is trial 289 with value: 0.658998360506409.
checkpoint_e26 window_influence: 0.18089776771149252, penalty_k: 0.39657458831961390, scale_lr: 0.24922796678518391, AUC: 0.645
Trial 649 finished with value: 0.6445788479756037 and parameters: {'window_influence': 0.18089776771149252, 'penalty_k': 0.3965745883196139, 'scale_lr': 0.2492279667851839}. Best is trial 289 with value: 0.658998360506409.
checkpoint_e26 window_influence: 0.22600300142505864, penalty_k: 0.05734035600258094, scale_lr: 0.13656229853985566, AUC: 0.643
Trial 650 finished with value: 0.6425224566789453 and parameters: {'window_influence': 0.22600300142505864, 'penalty_k': 0.057340356002580944, 'scale_lr': 0.13656229853985566}. Best is trial 289 with value: 0.658998360506409.
checkpoint_e26 window_influence: 0.26773688641677856, penalty_k: 0.44306209868658181, scale_lr: 0.33656693996940085, AUC: 0.642
Trial 651 finished with value: 0.6423813132710506 and parameters: {'window_influence': 0.26773688641677856, 'penalty_k': 0.4430620986865818, 'scale_lr': 0.33656693996940085}. Best is trial 289 with value: 0.658998360506409.
checkpoint_e26 window_influence: 0.20420530554420116, penalty_k: 0.08965485950923632, scale_lr: 0.11385782877801234, AUC: 0.645
Trial 652 finished with value: 0.6447316808549058 and parameters: {'window_influence': 0.20420530554420116, 'penalty_k': 0.08965485950923632, 'scale_lr': 0.11385782877801234}. Best is trial 289 with value: 0.658998360506409.
checkpoint_e26 window_influence: 0.21453454375907724, penalty_k: 0.04647574784973796, scale_lr: 0.24067983141464597, AUC: 0.643
Trial 653 finished with value: 0.6426086491775406 and parameters: {'window_influence': 0.21453454375907724, 'penalty_k': 0.04647574784973796, 'scale_lr': 0.24067983141464597}. Best is trial 289 with value: 0.658998360506409.
checkpoint_e26 window_influence: 0.41960199056556730, penalty_k: 0.02782723001993779, scale_lr: 0.67664314495496714, AUC: 0.633
Trial 654 finished with value: 0.6329572858428442 and parameters: {'window_influence': 0.4196019905655673, 'penalty_k': 0.027827230019937792, 'scale_lr': 0.6766431449549671}. Best is trial 289 with value: 0.658998360506409.
checkpoint_e26 window_influence: 0.24547534326879014, penalty_k: 0.36233484308306207, scale_lr: 0.12442067252157123, AUC: 0.642
Trial 655 finished with value: 0.6416832592697951 and parameters: {'window_influence': 0.24547534326879014, 'penalty_k': 0.3623348430830621, 'scale_lr': 0.12442067252157123}. Best is trial 289 with value: 0.658998360506409.
checkpoint_e26 window_influence: 0.36589909126052655, penalty_k: 0.06566001602915190, scale_lr: 0.48141824764936847, AUC: 0.653
Trial 656 finished with value: 0.6531220615994442 and parameters: {'window_influence': 0.36589909126052655, 'penalty_k': 0.0656600160291519, 'scale_lr': 0.48141824764936847}. Best is trial 289 with value: 0.658998360506409.
checkpoint_e26 window_influence: 0.19704263885433507, penalty_k: 0.16333479007604670, scale_lr: 0.14739738865559857, AUC: 0.649
Trial 657 finished with value: 0.6491066768812526 and parameters: {'window_influence': 0.19704263885433507, 'penalty_k': 0.1633347900760467, 'scale_lr': 0.14739738865559857}. Best is trial 289 with value: 0.658998360506409.
checkpoint_e26 window_influence: 0.23051666626935777, penalty_k: 0.23619254659259747, scale_lr: 0.46716443492338244, AUC: 0.645
Trial 658 finished with value: 0.6454011807696246 and parameters: {'window_influence': 0.23051666626935777, 'penalty_k': 0.23619254659259747, 'scale_lr': 0.46716443492338244}. Best is trial 289 with value: 0.658998360506409.
checkpoint_e26 window_influence: 0.22125280925693999, penalty_k: 0.07896519330970596, scale_lr: 0.31982749930223675, AUC: 0.644
Trial 659 finished with value: 0.6441462798267655 and parameters: {'window_influence': 0.22125280925694, 'penalty_k': 0.07896519330970596, 'scale_lr': 0.31982749930223675}. Best is trial 289 with value: 0.658998360506409.
checkpoint_e26 window_influence: 0.18580748296550159, penalty_k: 0.05590700233469569, scale_lr: 0.16387850800275938, AUC: 0.652
Trial 660 finished with value: 0.6518308198359735 and parameters: {'window_influence': 0.1858074829655016, 'penalty_k': 0.05590700233469569, 'scale_lr': 0.16387850800275938}. Best is trial 289 with value: 0.658998360506409.
checkpoint_e26 window_influence: 0.20844306233424695, penalty_k: 0.10726075935853549, scale_lr: 0.38985799559376333, AUC: 0.646
Trial 661 finished with value: 0.6456085524152002 and parameters: {'window_influence': 0.20844306233424695, 'penalty_k': 0.10726075935853549, 'scale_lr': 0.38985799559376333}. Best is trial 289 with value: 0.658998360506409.
checkpoint_e26 window_influence: 0.24064369901732430, penalty_k: 0.03709783892350335, scale_lr: 0.19559950214376992, AUC: 0.643
Trial 662 finished with value: 0.6427124636329957 and parameters: {'window_influence': 0.2406436990173243, 'penalty_k': 0.03709783892350335, 'scale_lr': 0.19559950214376992}. Best is trial 289 with value: 0.658998360506409.
checkpoint_e26 window_influence: 0.22395014063484331, penalty_k: 0.09152833520715487, scale_lr: 0.51717684071103631, AUC: 0.645
Trial 663 finished with value: 0.6447315451445733 and parameters: {'window_influence': 0.2239501406348433, 'penalty_k': 0.09152833520715487, 'scale_lr': 0.5171768407110363}. Best is trial 289 with value: 0.658998360506409.
checkpoint_e26 window_influence: 0.27433369202235713, penalty_k: 0.01940260071564634, scale_lr: 0.13240610588152463, AUC: 0.641
Trial 664 finished with value: 0.641358640072939 and parameters: {'window_influence': 0.27433369202235713, 'penalty_k': 0.019402600715646336, 'scale_lr': 0.13240610588152463}. Best is trial 289 with value: 0.658998360506409.
checkpoint_e26 window_influence: 0.46958143403115282, penalty_k: 0.07007176893950963, scale_lr: 0.11597253387846568, AUC: 0.642
Trial 665 finished with value: 0.641703524661584 and parameters: {'window_influence': 0.4695814340311528, 'penalty_k': 0.07007176893950963, 'scale_lr': 0.11597253387846568}. Best is trial 289 with value: 0.658998360506409.
checkpoint_e26 window_influence: 0.37376295597911541, penalty_k: 0.05643258924788160, scale_lr: 0.78542878713209408, AUC: 0.636
Trial 666 finished with value: 0.6356718143952167 and parameters: {'window_influence': 0.3737629559791154, 'penalty_k': 0.056432589247881595, 'scale_lr': 0.7854287871320941}. Best is trial 289 with value: 0.658998360506409.
checkpoint_e26 window_influence: 0.24946423173647528, penalty_k: 0.19742006013634578, scale_lr: 0.68734326794591361, AUC: 0.638
Trial 667 finished with value: 0.6384734237029173 and parameters: {'window_influence': 0.24946423173647528, 'penalty_k': 0.19742006013634578, 'scale_lr': 0.6873432679459136}. Best is trial 289 with value: 0.658998360506409.
checkpoint_e26 window_influence: 0.20081999761893782, penalty_k: 0.22856839360590905, scale_lr: 0.54013897713903325, AUC: 0.640
Trial 668 finished with value: 0.6404392791347164 and parameters: {'window_influence': 0.20081999761893782, 'penalty_k': 0.22856839360590905, 'scale_lr': 0.5401389771390332}. Best is trial 289 with value: 0.658998360506409.
checkpoint_e26 window_influence: 0.10300708562461536, penalty_k: 0.07933600704973837, scale_lr: 0.21355802513390468, AUC: 0.637
Trial 669 finished with value: 0.6373459988786708 and parameters: {'window_influence': 0.10300708562461536, 'penalty_k': 0.07933600704973837, 'scale_lr': 0.21355802513390468}. Best is trial 289 with value: 0.658998360506409.
checkpoint_e26 window_influence: 0.44150554655630364, penalty_k: 0.49682764172601951, scale_lr: 0.42187704178988017, AUC: 0.648
Trial 670 finished with value: 0.6481361392397598 and parameters: {'window_influence': 0.44150554655630364, 'penalty_k': 0.4968276417260195, 'scale_lr': 0.42187704178988017}. Best is trial 289 with value: 0.658998360506409.
checkpoint_e26 window_influence: 0.38041895276255533, penalty_k: 0.04493074177316182, scale_lr: 0.57025806371458465, AUC: 0.643
Trial 671 finished with value: 0.6425489082797037 and parameters: {'window_influence': 0.38041895276255533, 'penalty_k': 0.04493074177316182, 'scale_lr': 0.5702580637145847}. Best is trial 289 with value: 0.658998360506409.
checkpoint_e26 window_influence: 0.31646254038459293, penalty_k: 0.30641024294990543, scale_lr: 0.74480594451585569, AUC: 0.635
Trial 672 finished with value: 0.6346773653945644 and parameters: {'window_influence': 0.3164625403845929, 'penalty_k': 0.30641024294990543, 'scale_lr': 0.7448059445158557}. Best is trial 289 with value: 0.658998360506409.
checkpoint_e26 window_influence: 0.21462737494039213, penalty_k: 0.18170988856823733, scale_lr: 0.17966721371129801, AUC: 0.645
Trial 673 finished with value: 0.6454657549164298 and parameters: {'window_influence': 0.21462737494039213, 'penalty_k': 0.18170988856823733, 'scale_lr': 0.179667213711298}. Best is trial 289 with value: 0.658998360506409.
checkpoint_e26 window_influence: 0.48536424493225150, penalty_k: 0.10017566242157468, scale_lr: 0.34656539324705893, AUC: 0.647
Trial 674 finished with value: 0.6466202558814456 and parameters: {'window_influence': 0.4853642449322515, 'penalty_k': 0.10017566242157468, 'scale_lr': 0.34656539324705893}. Best is trial 289 with value: 0.658998360506409.
checkpoint_e26 window_influence: 0.23385568864369163, penalty_k: 0.03416294717669715, scale_lr: 0.14554683737218610, AUC: 0.654
Trial 675 finished with value: 0.654232713102466 and parameters: {'window_influence': 0.23385568864369163, 'penalty_k': 0.03416294717669715, 'scale_lr': 0.1455468373721861}. Best is trial 289 with value: 0.658998360506409.
checkpoint_e26 window_influence: 0.62355487777188057, penalty_k: 0.12407780317035881, scale_lr: 0.11010310030026269, AUC: 0.637
Trial 676 finished with value: 0.6367790265630044 and parameters: {'window_influence': 0.6235548777718806, 'penalty_k': 0.12407780317035881, 'scale_lr': 0.11010310030026269}. Best is trial 289 with value: 0.658998360506409.
checkpoint_e26 window_influence: 0.13253673360550866, penalty_k: 0.25678940618248486, scale_lr: 0.29670797813584532, AUC: 0.643
Trial 677 finished with value: 0.6432938362349415 and parameters: {'window_influence': 0.13253673360550866, 'penalty_k': 0.25678940618248486, 'scale_lr': 0.2967079781358453}. Best is trial 289 with value: 0.658998360506409.
checkpoint_e26 window_influence: 0.17125038395311606, penalty_k: 0.33233227565401546, scale_lr: 0.45669727650947328, AUC: 0.643
Trial 678 finished with value: 0.6425645666184222 and parameters: {'window_influence': 0.17125038395311606, 'penalty_k': 0.33233227565401546, 'scale_lr': 0.4566972765094733}. Best is trial 289 with value: 0.658998360506409.
checkpoint_e26 window_influence: 0.26158971076217180, penalty_k: 0.06183575389727949, scale_lr: 0.49598609150937512, AUC: 0.644
