Trial 124 finished with value: 0.6550792404730064 and parameters: {'window_influence': 0.5025180196597651, 'penalty_k': 0.0662985622270068, 'scale_lr': 0.19620559581198077}. Best is trial 39 with value: 0.6660677262260636.
checkpoint_e29 window_influence: 0.47174548262782706, penalty_k: 0.07722786232973414, scale_lr: 0.24901660451379384, AUC: 0.662
Trial 125 finished with value: 0.661858534314339 and parameters: {'window_influence': 0.47174548262782706, 'penalty_k': 0.07722786232973414, 'scale_lr': 0.24901660451379384}. Best is trial 39 with value: 0.6660677262260636.
checkpoint_e29 window_influence: 0.43501678758106027, penalty_k: 0.07587572929967393, scale_lr: 0.19051684146693729, AUC: 0.652
Trial 126 finished with value: 0.6517628845670883 and parameters: {'window_influence': 0.43501678758106027, 'penalty_k': 0.07587572929967393, 'scale_lr': 0.1905168414669373}. Best is trial 39 with value: 0.6660677262260636.
checkpoint_e29 window_influence: 0.47282007344309285, penalty_k: 0.09711876224703293, scale_lr: 0.22126797968085732, AUC: 0.659
Trial 127 finished with value: 0.6593167497915705 and parameters: {'window_influence': 0.47282007344309285, 'penalty_k': 0.09711876224703293, 'scale_lr': 0.22126797968085732}. Best is trial 39 with value: 0.6660677262260636.
checkpoint_e29 window_influence: 0.48935082761250176, penalty_k: 0.04570435703754637, scale_lr: 0.23863172578508501, AUC: 0.668
Trial 128 finished with value: 0.6683183364950751 and parameters: {'window_influence': 0.48935082761250176, 'penalty_k': 0.04570435703754637, 'scale_lr': 0.238631725785085}. Best is trial 128 with value: 0.6683183364950751.
checkpoint_e29 window_influence: 0.45638203493442031, penalty_k: 0.07333983972842073, scale_lr: 0.17968282457912663, AUC: 0.654
Trial 129 finished with value: 0.6536250055406922 and parameters: {'window_influence': 0.4563820349344203, 'penalty_k': 0.07333983972842073, 'scale_lr': 0.17968282457912663}. Best is trial 128 with value: 0.6683183364950751.
checkpoint_e29 window_influence: 0.52788906912130484, penalty_k: 0.04572604145094476, scale_lr: 0.23998587225078863, AUC: 0.655
Trial 130 finished with value: 0.6548479752656617 and parameters: {'window_influence': 0.5278890691213048, 'penalty_k': 0.045726041450944756, 'scale_lr': 0.23998587225078863}. Best is trial 128 with value: 0.6683183364950751.
checkpoint_e29 window_influence: 0.48851711421629024, penalty_k: 0.05908469283336500, scale_lr: 0.27521771437093323, AUC: 0.660
Trial 131 finished with value: 0.6598597310915013 and parameters: {'window_influence': 0.48851711421629024, 'penalty_k': 0.059084692833364996, 'scale_lr': 0.27521771437093323}. Best is trial 128 with value: 0.6683183364950751.
checkpoint_e29 window_influence: 0.46701379204337612, penalty_k: 0.08654478992018817, scale_lr: 0.22713554955934281, AUC: 0.660
Trial 132 finished with value: 0.6595004871118452 and parameters: {'window_influence': 0.4670137920433761, 'penalty_k': 0.08654478992018817, 'scale_lr': 0.22713554955934281}. Best is trial 128 with value: 0.6683183364950751.
checkpoint_e29 window_influence: 0.50575560154456767, penalty_k: 0.09884975214953318, scale_lr: 0.24303545571633642, AUC: 0.660
Trial 133 finished with value: 0.6596293547101817 and parameters: {'window_influence': 0.5057556015445677, 'penalty_k': 0.09884975214953318, 'scale_lr': 0.24303545571633642}. Best is trial 128 with value: 0.6683183364950751.
checkpoint_e29 window_influence: 0.49371965206104740, penalty_k: 0.04011012033885854, scale_lr: 0.26495916506275768, AUC: 0.659
Trial 134 finished with value: 0.6585689970581401 and parameters: {'window_influence': 0.4937196520610474, 'penalty_k': 0.040110120338858544, 'scale_lr': 0.2649591650627577}. Best is trial 128 with value: 0.6683183364950751.
checkpoint_e29 window_influence: 0.46303695571598458, penalty_k: 0.07056843334453319, scale_lr: 0.30038772895601673, AUC: 0.661
Trial 135 finished with value: 0.6606006256450915 and parameters: {'window_influence': 0.4630369557159846, 'penalty_k': 0.0705684333445332, 'scale_lr': 0.30038772895601673}. Best is trial 128 with value: 0.6683183364950751.
checkpoint_e29 window_influence: 0.43996119461941019, penalty_k: 0.02599256616294289, scale_lr: 0.30185515671217905, AUC: 0.657
Trial 136 finished with value: 0.6571073671839668 and parameters: {'window_influence': 0.4399611946194102, 'penalty_k': 0.02599256616294289, 'scale_lr': 0.30185515671217905}. Best is trial 128 with value: 0.6683183364950751.
checkpoint_e29 window_influence: 0.45857157364820333, penalty_k: 0.07069226465775764, scale_lr: 0.25485559312502032, AUC: 0.661
Trial 137 finished with value: 0.6605189241053341 and parameters: {'window_influence': 0.45857157364820333, 'penalty_k': 0.07069226465775764, 'scale_lr': 0.2548555931250203}. Best is trial 128 with value: 0.6683183364950751.
checkpoint_e29 window_influence: 0.45802338859689357, penalty_k: 0.06764428141192029, scale_lr: 0.28529693663096567, AUC: 0.657
Trial 138 finished with value: 0.6570451558677423 and parameters: {'window_influence': 0.45802338859689357, 'penalty_k': 0.06764428141192029, 'scale_lr': 0.28529693663096567}. Best is trial 128 with value: 0.6683183364950751.
checkpoint_e29 window_influence: 0.42828445327526088, penalty_k: 0.04825495139946509, scale_lr: 0.25045128701648878, AUC: 0.654
Trial 139 finished with value: 0.6535355356537745 and parameters: {'window_influence': 0.4282844532752609, 'penalty_k': 0.04825495139946509, 'scale_lr': 0.2504512870164888}. Best is trial 128 with value: 0.6683183364950751.
checkpoint_e29 window_influence: 0.41642686791835298, penalty_k: 0.07291812164271780, scale_lr: 0.23032064286962908, AUC: 0.652
Trial 140 finished with value: 0.6521692279526321 and parameters: {'window_influence': 0.416426867918353, 'penalty_k': 0.0729181216427178, 'scale_lr': 0.23032064286962908}. Best is trial 128 with value: 0.6683183364950751.
checkpoint_e29 window_influence: 0.45815192629849810, penalty_k: 0.10587372988932621, scale_lr: 0.21749148673050042, AUC: 0.657
Trial 141 finished with value: 0.6572472444713432 and parameters: {'window_influence': 0.4581519262984981, 'penalty_k': 0.10587372988932621, 'scale_lr': 0.21749148673050042}. Best is trial 128 with value: 0.6683183364950751.
checkpoint_e29 window_influence: 0.46811323706919472, penalty_k: 0.08802959299718295, scale_lr: 0.24674167561172144, AUC: 0.661
Trial 142 finished with value: 0.6609385556746372 and parameters: {'window_influence': 0.4681132370691947, 'penalty_k': 0.08802959299718295, 'scale_lr': 0.24674167561172144}. Best is trial 128 with value: 0.6683183364950751.
checkpoint_e29 window_influence: 0.44591819458901388, penalty_k: 0.05811581210331117, scale_lr: 0.24292898525416465, AUC: 0.661
Trial 143 finished with value: 0.6605201415766474 and parameters: {'window_influence': 0.4459181945890139, 'penalty_k': 0.058115812103311175, 'scale_lr': 0.24292898525416465}. Best is trial 128 with value: 0.6683183364950751.
checkpoint_e29 window_influence: 0.44051835096583114, penalty_k: 0.03458905514082539, scale_lr: 0.24601724134651332, AUC: 0.652
Trial 144 finished with value: 0.6515792829124054 and parameters: {'window_influence': 0.44051835096583114, 'penalty_k': 0.03458905514082539, 'scale_lr': 0.24601724134651332}. Best is trial 128 with value: 0.6683183364950751.
checkpoint_e29 window_influence: 0.46330379385050935, penalty_k: 0.05829835106698251, scale_lr: 0.26226505472297734, AUC: 0.661
Trial 145 finished with value: 0.6609570517805086 and parameters: {'window_influence': 0.46330379385050935, 'penalty_k': 0.05829835106698251, 'scale_lr': 0.26226505472297734}. Best is trial 128 with value: 0.6683183364950751.
checkpoint_e29 window_influence: 0.44900149830786207, penalty_k: 0.05921682170616650, scale_lr: 0.23379900119370745, AUC: 0.658
Trial 146 finished with value: 0.6584086363653967 and parameters: {'window_influence': 0.44900149830786207, 'penalty_k': 0.0592168217061665, 'scale_lr': 0.23379900119370745}. Best is trial 128 with value: 0.6683183364950751.
checkpoint_e29 window_influence: 0.41051857148043186, penalty_k: 0.04999417524157057, scale_lr: 0.26097887157611160, AUC: 0.650
Trial 147 finished with value: 0.6499068665556034 and parameters: {'window_influence': 0.41051857148043186, 'penalty_k': 0.04999417524157057, 'scale_lr': 0.2609788715761116}. Best is trial 128 with value: 0.6683183364950751.
checkpoint_e29 window_influence: 0.43122426790269158, penalty_k: 0.01973767700113897, scale_lr: 0.25123066545907197, AUC: 0.654
Trial 148 finished with value: 0.6536051291978113 and parameters: {'window_influence': 0.4312242679026916, 'penalty_k': 0.019737677001138966, 'scale_lr': 0.25123066545907197}. Best is trial 128 with value: 0.6683183364950751.
checkpoint_e29 window_influence: 0.46560043235087278, penalty_k: 0.08220693002667687, scale_lr: 0.20870712977077138, AUC: 0.660
Trial 149 finished with value: 0.6595627170224619 and parameters: {'window_influence': 0.4656004323508728, 'penalty_k': 0.08220693002667687, 'scale_lr': 0.20870712977077138}. Best is trial 128 with value: 0.6683183364950751.
checkpoint_e29 window_influence: 0.53193197884033172, penalty_k: 0.06958219875134231, scale_lr: 0.18043380843970286, AUC: 0.659
Trial 150 finished with value: 0.6594218319462379 and parameters: {'window_influence': 0.5319319788403317, 'penalty_k': 0.0695821987513423, 'scale_lr': 0.18043380843970286}. Best is trial 128 with value: 0.6683183364950751.
checkpoint_e29 window_influence: 0.50296978960751682, penalty_k: 0.05417084768064276, scale_lr: 0.28137530755401818, AUC: 0.657
Trial 151 finished with value: 0.6573407435043059 and parameters: {'window_influence': 0.5029697896075168, 'penalty_k': 0.05417084768064276, 'scale_lr': 0.2813753075540182}. Best is trial 128 with value: 0.6683183364950751.
checkpoint_e29 window_influence: 0.49020040284395155, penalty_k: 0.03668098558590204, scale_lr: 0.26630398290862012, AUC: 0.656
Trial 152 finished with value: 0.6561148448699634 and parameters: {'window_influence': 0.49020040284395155, 'penalty_k': 0.03668098558590204, 'scale_lr': 0.2663039829086201}. Best is trial 128 with value: 0.6683183364950751.
checkpoint_e29 window_influence: 0.45041213302071409, penalty_k: 0.07861823469887870, scale_lr: 0.23344688383515205, AUC: 0.660
Trial 153 finished with value: 0.6596268372301566 and parameters: {'window_influence': 0.4504121330207141, 'penalty_k': 0.0786182346988787, 'scale_lr': 0.23344688383515205}. Best is trial 128 with value: 0.6683183364950751.
checkpoint_e29 window_influence: 0.46498569619451002, penalty_k: 0.10359514197513882, scale_lr: 0.31342017255747856, AUC: 0.656
Trial 154 finished with value: 0.6555534721789624 and parameters: {'window_influence': 0.46498569619451, 'penalty_k': 0.10359514197513882, 'scale_lr': 0.31342017255747856}. Best is trial 128 with value: 0.6683183364950751.
checkpoint_e29 window_influence: 0.48770306005840358, penalty_k: 0.06235937851091695, scale_lr: 0.24631664173568796, AUC: 0.660
Trial 155 finished with value: 0.6598708862472837 and parameters: {'window_influence': 0.4877030600584036, 'penalty_k': 0.062359378510916955, 'scale_lr': 0.24631664173568796}. Best is trial 128 with value: 0.6683183364950751.
checkpoint_e29 window_influence: 0.51602861349864448, penalty_k: 0.08960374035876134, scale_lr: 0.29950869242157918, AUC: 0.657
Trial 156 finished with value: 0.6574529138155952 and parameters: {'window_influence': 0.5160286134986445, 'penalty_k': 0.08960374035876134, 'scale_lr': 0.2995086924215792}. Best is trial 128 with value: 0.6683183364950751.
checkpoint_e29 window_influence: 0.45869370603392245, penalty_k: 0.02881180083250843, scale_lr: 0.27151391511153822, AUC: 0.654
Trial 157 finished with value: 0.6535391985999649 and parameters: {'window_influence': 0.45869370603392245, 'penalty_k': 0.028811800832508425, 'scale_lr': 0.2715139151115382}. Best is trial 128 with value: 0.6683183364950751.
checkpoint_e29 window_influence: 0.50064826256082795, penalty_k: 0.04789836685567415, scale_lr: 0.25762238383176528, AUC: 0.663
Trial 158 finished with value: 0.663253411976136 and parameters: {'window_influence': 0.500648262560828, 'penalty_k': 0.04789836685567415, 'scale_lr': 0.2576223838317653}. Best is trial 128 with value: 0.6683183364950751.
checkpoint_e29 window_influence: 0.50517498887866319, penalty_k: 0.04787675331587431, scale_lr: 0.20788191147227919, AUC: 0.658
Trial 159 finished with value: 0.657917698406979 and parameters: {'window_influence': 0.5051749888786632, 'penalty_k': 0.04787675331587431, 'scale_lr': 0.2078819114722792}. Best is trial 128 with value: 0.6683183364950751.
checkpoint_e29 window_influence: 0.52259142734956832, penalty_k: 0.01624741685356988, scale_lr: 0.25460986525286933, AUC: 0.657
Trial 160 finished with value: 0.6573601187430776 and parameters: {'window_influence': 0.5225914273495683, 'penalty_k': 0.016247416853569882, 'scale_lr': 0.2546098652528693}. Best is trial 128 with value: 0.6683183364950751.
checkpoint_e29 window_influence: 0.47000866558164811, penalty_k: 0.07247845243598117, scale_lr: 0.22590779691820970, AUC: 0.659
Trial 161 finished with value: 0.6594020900842961 and parameters: {'window_influence': 0.4700086655816481, 'penalty_k': 0.07247845243598117, 'scale_lr': 0.2259077969182097}. Best is trial 128 with value: 0.6683183364950751.
checkpoint_e29 window_influence: 0.54435553773485001, penalty_k: 0.05821005443946784, scale_lr: 0.27824439071181628, AUC: 0.652
Trial 162 finished with value: 0.6516168230630776 and parameters: {'window_influence': 0.54435553773485, 'penalty_k': 0.05821005443946784, 'scale_lr': 0.2782443907118163}. Best is trial 128 with value: 0.6683183364950751.
checkpoint_e29 window_influence: 0.48935347244997185, penalty_k: 0.04003865092305633, scale_lr: 0.23879166048294759, AUC: 0.661
Trial 163 finished with value: 0.661437768292918 and parameters: {'window_influence': 0.48935347244997185, 'penalty_k': 0.040038650923056335, 'scale_lr': 0.2387916604829476}. Best is trial 128 with value: 0.6683183364950751.
checkpoint_e29 window_influence: 0.49927635344571963, penalty_k: 0.04345068334070008, scale_lr: 0.24051074339148643, AUC: 0.653
Trial 164 finished with value: 0.6525183607891366 and parameters: {'window_influence': 0.49927635344571963, 'penalty_k': 0.04345068334070008, 'scale_lr': 0.24051074339148643}. Best is trial 128 with value: 0.6683183364950751.
checkpoint_e29 window_influence: 0.44264306273300630, penalty_k: 0.03119805640937407, scale_lr: 0.26333948204270652, AUC: 0.654
Trial 165 finished with value: 0.6537936455653893 and parameters: {'window_influence': 0.4426430627330063, 'penalty_k': 0.031198056409374075, 'scale_lr': 0.2633394820427065}. Best is trial 128 with value: 0.6683183364950751.
checkpoint_e29 window_influence: 0.48068547904910663, penalty_k: 0.00930585697462586, scale_lr: 0.22097341699953510, AUC: 0.659
Trial 166 finished with value: 0.658929765086816 and parameters: {'window_influence': 0.48068547904910663, 'penalty_k': 0.00930585697462586, 'scale_lr': 0.2209734169995351}. Best is trial 128 with value: 0.6683183364950751.
checkpoint_e29 window_influence: 0.50956883755495519, penalty_k: 0.07954691244057815, scale_lr: 0.24111695923122561, AUC: 0.658
Trial 167 finished with value: 0.6578117053469397 and parameters: {'window_influence': 0.5095688375549552, 'penalty_k': 0.07954691244057815, 'scale_lr': 0.2411169592312256}. Best is trial 128 with value: 0.6683183364950751.
checkpoint_e29 window_influence: 0.47018215241713596, penalty_k: 0.06173702189511493, scale_lr: 0.25734085587559302, AUC: 0.656
Trial 168 finished with value: 0.6563982942285203 and parameters: {'window_influence': 0.47018215241713596, 'penalty_k': 0.06173702189511493, 'scale_lr': 0.257340855875593}. Best is trial 128 with value: 0.6683183364950751.
checkpoint_e29 window_influence: 0.53029203452210616, penalty_k: 0.09466890097038189, scale_lr: 0.21305323363349368, AUC: 0.659
Trial 169 finished with value: 0.6593371161539527 and parameters: {'window_influence': 0.5302920345221062, 'penalty_k': 0.09466890097038189, 'scale_lr': 0.21305323363349368}. Best is trial 128 with value: 0.6683183364950751.
checkpoint_e29 window_influence: 0.45800769318996093, penalty_k: 0.03842300262236706, scale_lr: 0.19159575974857662, AUC: 0.652
Trial 170 finished with value: 0.6516961423864134 and parameters: {'window_influence': 0.45800769318996093, 'penalty_k': 0.03842300262236706, 'scale_lr': 0.19159575974857662}. Best is trial 128 with value: 0.6683183364950751.
checkpoint_e29 window_influence: 0.49299092733717492, penalty_k: 0.11199928321060917, scale_lr: 0.29092425744529826, AUC: 0.653
Trial 171 finished with value: 0.6528546538842733 and parameters: {'window_influence': 0.4929909273371749, 'penalty_k': 0.11199928321060917, 'scale_lr': 0.29092425744529826}. Best is trial 128 with value: 0.6683183364950751.
Trial 172 failed with parameters: {'window_influence': 0.48409134018931943, 'penalty_k': 0.08747051528917307, 'scale_lr': 0.2810195502056264} because of the following error: KeyboardInterrupt().
Traceback (most recent call last):
  File "/home/n26092289/anaconda3/envs/my_siamban/lib/python3.7/site-packages/optuna/study/_optimize.py", line 200, in _run_trial
    value_or_values = func(trial)
  File "../../tools/tune.py", line 327, in objective
    outputs = tracker.track(img)
  File "../../tools/tune.py", line 127, in track
    score = self._convert_score(outputs['cls'])
  File "../../tools/tune.py", line 75, in _convert_score
    score = score.softmax(1).detach()[:, 1].cpu().numpy()
KeyboardInterrupt
Trial 172 failed with value None.
