Trial 59 finished with value: 0.6423713834148121 and parameters: {'window_influence': 0.258740371267342, 'penalty_k': 0.05319329968906571, 'scale_lr': 0.2865110600699263}. Best is trial 37 with value: 0.6506004689741184.
checkpoint_e26 window_influence: 0.28510630414646299, penalty_k: 0.02544777565010279, scale_lr: 0.35111092886935730, AUC: 0.640
Trial 60 finished with value: 0.6397337209947527 and parameters: {'window_influence': 0.285106304146463, 'penalty_k': 0.02544777565010279, 'scale_lr': 0.3511109288693573}. Best is trial 37 with value: 0.6506004689741184.
checkpoint_e26 window_influence: 0.32241259751742873, penalty_k: 0.07693645800290724, scale_lr: 0.27627484469616703, AUC: 0.645
Trial 61 finished with value: 0.6450313589725812 and parameters: {'window_influence': 0.32241259751742873, 'penalty_k': 0.07693645800290724, 'scale_lr': 0.27627484469616703}. Best is trial 37 with value: 0.6506004689741184.
checkpoint_e26 window_influence: 0.28427576648038000, penalty_k: 0.10603162808680898, scale_lr: 0.24635392886657381, AUC: 0.645
Trial 62 finished with value: 0.6454758435252516 and parameters: {'window_influence': 0.28427576648038, 'penalty_k': 0.10603162808680898, 'scale_lr': 0.2463539288665738}. Best is trial 37 with value: 0.6506004689741184.
checkpoint_e26 window_influence: 0.34466567554615624, penalty_k: 0.07556158001130953, scale_lr: 0.30927472337393613, AUC: 0.643
Trial 63 finished with value: 0.6426262987115754 and parameters: {'window_influence': 0.34466567554615624, 'penalty_k': 0.07556158001130953, 'scale_lr': 0.30927472337393613}. Best is trial 37 with value: 0.6506004689741184.
checkpoint_e26 window_influence: 0.25558454978224798, penalty_k: 0.14395662445517099, scale_lr: 0.22794978845234398, AUC: 0.655
Trial 64 finished with value: 0.6545005130647855 and parameters: {'window_influence': 0.255584549782248, 'penalty_k': 0.143956624455171, 'scale_lr': 0.22794978845234398}. Best is trial 64 with value: 0.6545005130647855.
checkpoint_e26 window_influence: 0.25051443926327899, penalty_k: 0.14085590918022350, scale_lr: 0.18438775193062726, AUC: 0.644
Trial 65 finished with value: 0.6438395588621177 and parameters: {'window_influence': 0.250514439263279, 'penalty_k': 0.1408559091802235, 'scale_lr': 0.18438775193062726}. Best is trial 64 with value: 0.6545005130647855.
checkpoint_e26 window_influence: 0.23051492127531081, penalty_k: 0.16184973568292055, scale_lr: 0.22237652042249614, AUC: 0.643
Trial 66 finished with value: 0.6428265021959273 and parameters: {'window_influence': 0.2305149212753108, 'penalty_k': 0.16184973568292055, 'scale_lr': 0.22237652042249614}. Best is trial 64 with value: 0.6545005130647855.
checkpoint_e26 window_influence: 0.20630786604450729, penalty_k: 0.18071789452977388, scale_lr: 0.15851390755710829, AUC: 0.644
Trial 67 finished with value: 0.6435885858282763 and parameters: {'window_influence': 0.2063078660445073, 'penalty_k': 0.18071789452977388, 'scale_lr': 0.15851390755710829}. Best is trial 64 with value: 0.6545005130647855.
checkpoint_e26 window_influence: 0.17069134667298105, penalty_k: 0.12590398536220448, scale_lr: 0.21661946571015167, AUC: 0.646
Trial 68 finished with value: 0.6459087541738323 and parameters: {'window_influence': 0.17069134667298105, 'penalty_k': 0.12590398536220448, 'scale_lr': 0.21661946571015167}. Best is trial 64 with value: 0.6545005130647855.
checkpoint_e26 window_influence: 0.14176494264050449, penalty_k: 0.10291518636985433, scale_lr: 0.32638334243859773, AUC: 0.644
Trial 69 finished with value: 0.6436069318762551 and parameters: {'window_influence': 0.1417649426405045, 'penalty_k': 0.10291518636985433, 'scale_lr': 0.32638334243859773}. Best is trial 64 with value: 0.6545005130647855.
checkpoint_e26 window_influence: 0.30716152638815236, penalty_k: 0.15248525534824578, scale_lr: 0.25042930165857413, AUC: 0.642
Trial 70 finished with value: 0.6421897834053666 and parameters: {'window_influence': 0.30716152638815236, 'penalty_k': 0.15248525534824578, 'scale_lr': 0.25042930165857413}. Best is trial 64 with value: 0.6545005130647855.
checkpoint_e26 window_influence: 0.25594093629518122, penalty_k: 0.08036425067609046, scale_lr: 0.27244511929978366, AUC: 0.644
Trial 71 finished with value: 0.6440816764333768 and parameters: {'window_influence': 0.2559409362951812, 'penalty_k': 0.08036425067609046, 'scale_lr': 0.27244511929978366}. Best is trial 64 with value: 0.6545005130647855.
checkpoint_e26 window_influence: 0.27683430071895948, penalty_k: 0.05311687066609553, scale_lr: 0.28396894184403598, AUC: 0.647
Trial 72 finished with value: 0.6465863092991421 and parameters: {'window_influence': 0.2768343007189595, 'penalty_k': 0.05311687066609553, 'scale_lr': 0.283968941844036}. Best is trial 64 with value: 0.6545005130647855.
checkpoint_e26 window_influence: 0.21475836593304712, penalty_k: 0.01423733023264671, scale_lr: 0.25919100582356291, AUC: 0.640
Trial 73 finished with value: 0.6399956618751864 and parameters: {'window_influence': 0.21475836593304712, 'penalty_k': 0.014237330232646714, 'scale_lr': 0.2591910058235629}. Best is trial 64 with value: 0.6545005130647855.
checkpoint_e26 window_influence: 0.27211332286406309, penalty_k: 0.06192755633877436, scale_lr: 0.29677307326640073, AUC: 0.642
Trial 74 finished with value: 0.6415245738817341 and parameters: {'window_influence': 0.2721133228640631, 'penalty_k': 0.061927556338774364, 'scale_lr': 0.29677307326640073}. Best is trial 64 with value: 0.6545005130647855.
checkpoint_e26 window_influence: 0.19421220680736667, penalty_k: 0.03884992077904802, scale_lr: 0.23479391027565177, AUC: 0.652
Trial 75 finished with value: 0.6520119665732966 and parameters: {'window_influence': 0.19421220680736667, 'penalty_k': 0.038849920779048024, 'scale_lr': 0.23479391027565177}. Best is trial 64 with value: 0.6545005130647855.
checkpoint_e26 window_influence: 0.19872077326606594, penalty_k: 0.03867003836710443, scale_lr: 0.23925925917288068, AUC: 0.649
Trial 76 finished with value: 0.6489110524871734 and parameters: {'window_influence': 0.19872077326606594, 'penalty_k': 0.038670038367104434, 'scale_lr': 0.23925925917288068}. Best is trial 64 with value: 0.6545005130647855.
checkpoint_e26 window_influence: 0.17930572012773954, penalty_k: 0.04373338558302549, scale_lr: 0.23402217777537979, AUC: 0.646
Trial 77 finished with value: 0.646377475363172 and parameters: {'window_influence': 0.17930572012773954, 'penalty_k': 0.04373338558302549, 'scale_lr': 0.23402217777537979}. Best is trial 64 with value: 0.6545005130647855.
checkpoint_e26 window_influence: 0.20056359433124121, penalty_k: 0.11607147016381533, scale_lr: 0.20304745720679471, AUC: 0.651
Trial 78 finished with value: 0.6512072975850387 and parameters: {'window_influence': 0.2005635943312412, 'penalty_k': 0.11607147016381533, 'scale_lr': 0.2030474572067947}. Best is trial 64 with value: 0.6545005130647855.
checkpoint_e26 window_influence: 0.15910708062944595, penalty_k: 0.11674953143043185, scale_lr: 0.20548479781986284, AUC: 0.642
Trial 79 finished with value: 0.6416757298072157 and parameters: {'window_influence': 0.15910708062944595, 'penalty_k': 0.11674953143043185, 'scale_lr': 0.20548479781986284}. Best is trial 64 with value: 0.6545005130647855.
checkpoint_e26 window_influence: 0.20170190722499454, penalty_k: 0.01783119393857346, scale_lr: 0.16067760017168792, AUC: 0.644
Trial 80 finished with value: 0.6436230829271035 and parameters: {'window_influence': 0.20170190722499454, 'penalty_k': 0.017831193938573464, 'scale_lr': 0.16067760017168792}. Best is trial 64 with value: 0.6545005130647855.
checkpoint_e26 window_influence: 0.23147186178169088, penalty_k: 0.09376381648021193, scale_lr: 0.22585216539543015, AUC: 0.650
Trial 81 finished with value: 0.650440743328243 and parameters: {'window_influence': 0.23147186178169088, 'penalty_k': 0.09376381648021193, 'scale_lr': 0.22585216539543015}. Best is trial 64 with value: 0.6545005130647855.
checkpoint_e26 window_influence: 0.19134821017765558, penalty_k: 0.09835281270162294, scale_lr: 0.18377477112229507, AUC: 0.646
Trial 82 finished with value: 0.6464695825909046 and parameters: {'window_influence': 0.19134821017765558, 'penalty_k': 0.09835281270162294, 'scale_lr': 0.18377477112229507}. Best is trial 64 with value: 0.6545005130647855.
checkpoint_e26 window_influence: 0.22806922207792377, penalty_k: 0.04104137524650397, scale_lr: 0.23104304367137210, AUC: 0.652
Trial 83 finished with value: 0.6518512198503749 and parameters: {'window_influence': 0.22806922207792377, 'penalty_k': 0.041041375246503975, 'scale_lr': 0.2310430436713721}. Best is trial 64 with value: 0.6545005130647855.
checkpoint_e26 window_influence: 0.22884904069701734, penalty_k: 0.06862664799722726, scale_lr: 0.21754565920263280, AUC: 0.656
Trial 84 finished with value: 0.6561816369710942 and parameters: {'window_influence': 0.22884904069701734, 'penalty_k': 0.06862664799722726, 'scale_lr': 0.2175456592026328}. Best is trial 84 with value: 0.6561816369710942.
checkpoint_e26 window_influence: 0.23084553126000265, penalty_k: 0.06274370417269469, scale_lr: 0.20680638128143819, AUC: 0.650
Trial 85 finished with value: 0.6499079088314381 and parameters: {'window_influence': 0.23084553126000265, 'penalty_k': 0.06274370417269469, 'scale_lr': 0.2068063812814382}. Best is trial 84 with value: 0.6561816369710942.
checkpoint_e26 window_influence: 0.22977775946829199, penalty_k: 0.05768854666363898, scale_lr: 0.13969140489478080, AUC: 0.644
Trial 86 finished with value: 0.6435751583780472 and parameters: {'window_influence': 0.229777759468292, 'penalty_k': 0.057688546663638984, 'scale_lr': 0.1396914048947808}. Best is trial 84 with value: 0.6561816369710942.
checkpoint_e26 window_influence: 0.23650795675041872, penalty_k: 0.00897422323974718, scale_lr: 0.20488083470847349, AUC: 0.646
Trial 87 finished with value: 0.6455930180115956 and parameters: {'window_influence': 0.23650795675041872, 'penalty_k': 0.008974223239747184, 'scale_lr': 0.20488083470847349}. Best is trial 84 with value: 0.6561816369710942.
checkpoint_e26 window_influence: 0.21810857506197484, penalty_k: 0.03645815206189119, scale_lr: 0.22093470828668990, AUC: 0.647
Trial 88 finished with value: 0.6472610114348794 and parameters: {'window_influence': 0.21810857506197484, 'penalty_k': 0.036458152061891194, 'scale_lr': 0.2209347082866899}. Best is trial 84 with value: 0.6561816369710942.
checkpoint_e26 window_influence: 0.24715257648503189, penalty_k: 0.09006944850736943, scale_lr: 0.18477361167481526, AUC: 0.650
Trial 89 finished with value: 0.6496638730037739 and parameters: {'window_influence': 0.2471525764850319, 'penalty_k': 0.09006944850736943, 'scale_lr': 0.18477361167481526}. Best is trial 84 with value: 0.6561816369710942.
checkpoint_e26 window_influence: 0.22258681894263466, penalty_k: 0.06408176352141848, scale_lr: 0.11247643157257360, AUC: 0.650
Trial 90 finished with value: 0.6498108133903026 and parameters: {'window_influence': 0.22258681894263466, 'penalty_k': 0.06408176352141848, 'scale_lr': 0.1124764315725736}. Best is trial 84 with value: 0.6561816369710942.
checkpoint_e26 window_influence: 0.22459479970334978, penalty_k: 0.06119464670659773, scale_lr: 0.16622496404986700, AUC: 0.642
Trial 91 finished with value: 0.6424910607407076 and parameters: {'window_influence': 0.22459479970334978, 'penalty_k': 0.06119464670659773, 'scale_lr': 0.166224964049867}. Best is trial 84 with value: 0.6561816369710942.
checkpoint_e26 window_influence: 0.26254363201499570, penalty_k: 0.11834195445272711, scale_lr: 0.10912597831006847, AUC: 0.641
Trial 92 finished with value: 0.6412129995891038 and parameters: {'window_influence': 0.2625436320149957, 'penalty_k': 0.1183419544527271, 'scale_lr': 0.10912597831006847}. Best is trial 84 with value: 0.6561816369710942.
checkpoint_e26 window_influence: 0.21159755004047429, penalty_k: 0.03401077254087145, scale_lr: 0.14681453764811231, AUC: 0.645
Trial 93 finished with value: 0.6452275704208664 and parameters: {'window_influence': 0.21159755004047429, 'penalty_k': 0.034010772540871446, 'scale_lr': 0.1468145376481123}. Best is trial 84 with value: 0.6561816369710942.
checkpoint_e26 window_influence: 0.23417887333239806, penalty_k: 0.10508786175972704, scale_lr: 0.20678493035178386, AUC: 0.642
Trial 94 finished with value: 0.6417395632598207 and parameters: {'window_influence': 0.23417887333239806, 'penalty_k': 0.10508786175972704, 'scale_lr': 0.20678493035178386}. Best is trial 84 with value: 0.6561816369710942.
checkpoint_e26 window_influence: 0.18678541846713875, penalty_k: 0.06813104527106054, scale_lr: 0.17816870258724568, AUC: 0.644
Trial 95 finished with value: 0.6440737204951974 and parameters: {'window_influence': 0.18678541846713875, 'penalty_k': 0.06813104527106054, 'scale_lr': 0.17816870258724568}. Best is trial 84 with value: 0.6561816369710942.
checkpoint_e26 window_influence: 0.16668091651235051, penalty_k: 0.08860442070585549, scale_lr: 0.12857304494032126, AUC: 0.644
Trial 96 finished with value: 0.643842571025495 and parameters: {'window_influence': 0.1666809165123505, 'penalty_k': 0.08860442070585549, 'scale_lr': 0.12857304494032126}. Best is trial 84 with value: 0.6561816369710942.
checkpoint_e26 window_influence: 0.24923772781993567, penalty_k: 0.02524402905070208, scale_lr: 0.21827522328700752, AUC: 0.644
Trial 97 finished with value: 0.643618880758137 and parameters: {'window_influence': 0.24923772781993567, 'penalty_k': 0.025244029050702076, 'scale_lr': 0.21827522328700752}. Best is trial 84 with value: 0.6561816369710942.
checkpoint_e26 window_influence: 0.19946530780918673, penalty_k: 0.12999093432295297, scale_lr: 0.19434626448426434, AUC: 0.638
Trial 98 finished with value: 0.6380441920457652 and parameters: {'window_influence': 0.19946530780918673, 'penalty_k': 0.12999093432295297, 'scale_lr': 0.19434626448426434}. Best is trial 84 with value: 0.6561816369710942.
checkpoint_e26 window_influence: 0.26335649266536759, penalty_k: 0.04758602614087719, scale_lr: 0.25736178648883379, AUC: 0.642
Trial 99 finished with value: 0.642144646536255 and parameters: {'window_influence': 0.2633564926653676, 'penalty_k': 0.04758602614087719, 'scale_lr': 0.2573617864888338}. Best is trial 84 with value: 0.6561816369710942.
checkpoint_e26 window_influence: 0.22133684001473361, penalty_k: 0.01630939662670842, scale_lr: 0.10324156803183060, AUC: 0.651
Trial 100 finished with value: 0.6505241409626067 and parameters: {'window_influence': 0.2213368400147336, 'penalty_k': 0.016309396626708418, 'scale_lr': 0.1032415680318306}. Best is trial 84 with value: 0.6561816369710942.
checkpoint_e26 window_influence: 0.21985238488664899, penalty_k: 0.01732175586083274, scale_lr: 0.11528540089049416, AUC: 0.646
Trial 101 finished with value: 0.6458046725428147 and parameters: {'window_influence': 0.219852384886649, 'penalty_k': 0.01732175586083274, 'scale_lr': 0.11528540089049416}. Best is trial 84 with value: 0.6561816369710942.
checkpoint_e26 window_influence: 0.23234083705977565, penalty_k: 0.00041072249298469, scale_lr: 0.12474571372355150, AUC: 0.642
Trial 102 finished with value: 0.642165401512046 and parameters: {'window_influence': 0.23234083705977565, 'penalty_k': 0.0004107224929846866, 'scale_lr': 0.1247457137235515}. Best is trial 84 with value: 0.6561816369710942.
checkpoint_e26 window_influence: 0.24289679881046813, penalty_k: 0.04954351643021010, scale_lr: 0.14169705409489358, AUC: 0.648
Trial 103 finished with value: 0.648284346804037 and parameters: {'window_influence': 0.24289679881046813, 'penalty_k': 0.0495435164302101, 'scale_lr': 0.14169705409489358}. Best is trial 84 with value: 0.6561816369710942.
checkpoint_e26 window_influence: 0.21352160050616645, penalty_k: 0.06286466682226252, scale_lr: 0.17688572871545127, AUC: 0.647
Trial 104 finished with value: 0.6473024976566251 and parameters: {'window_influence': 0.21352160050616645, 'penalty_k': 0.06286466682226252, 'scale_lr': 0.17688572871545127}. Best is trial 84 with value: 0.6561816369710942.
checkpoint_e26 window_influence: 0.19297154524582444, penalty_k: 0.07784482209682601, scale_lr: 0.10063050097976700, AUC: 0.652
Trial 105 finished with value: 0.6521595433628465 and parameters: {'window_influence': 0.19297154524582444, 'penalty_k': 0.07784482209682601, 'scale_lr': 0.100630500979767}. Best is trial 84 with value: 0.6561816369710942.
checkpoint_e26 window_influence: 0.19301847514195963, penalty_k: 0.07867815050042723, scale_lr: 0.23469053418831073, AUC: 0.646
Trial 106 finished with value: 0.6459559677786532 and parameters: {'window_influence': 0.19301847514195963, 'penalty_k': 0.07867815050042723, 'scale_lr': 0.23469053418831073}. Best is trial 84 with value: 0.6561816369710942.
checkpoint_e26 window_influence: 0.15193862327563584, penalty_k: 0.09672475482139864, scale_lr: 0.19843927980857209, AUC: 0.645
Trial 107 finished with value: 0.6452470276313821 and parameters: {'window_influence': 0.15193862327563584, 'penalty_k': 0.09672475482139864, 'scale_lr': 0.1984392798085721}. Best is trial 84 with value: 0.6561816369710942.
checkpoint_e26 window_influence: 0.16972754703091109, penalty_k: 0.03426564634640877, scale_lr: 0.10246545913085067, AUC: 0.656
Trial 108 finished with value: 0.6557129379349784 and parameters: {'window_influence': 0.16972754703091109, 'penalty_k': 0.034265646346408773, 'scale_lr': 0.10246545913085067}. Best is trial 84 with value: 0.6561816369710942.
checkpoint_e26 window_influence: 0.17459295551616222, penalty_k: 0.03539827306248082, scale_lr: 0.10423869774536043, AUC: 0.645
Trial 109 finished with value: 0.6453632333806517 and parameters: {'window_influence': 0.17459295551616222, 'penalty_k': 0.03539827306248082, 'scale_lr': 0.10423869774536043}. Best is trial 84 with value: 0.6561816369710942.
checkpoint_e26 window_influence: 0.16783853966778037, penalty_k: 0.01414170387283301, scale_lr: 0.13404240544128587, AUC: 0.641
Trial 110 finished with value: 0.6414714339760621 and parameters: {'window_influence': 0.16783853966778037, 'penalty_k': 0.014141703872833006, 'scale_lr': 0.13404240544128587}. Best is trial 84 with value: 0.6561816369710942.
checkpoint_e26 window_influence: 0.20925825904975076, penalty_k: 0.04548212639466683, scale_lr: 0.10353502785538489, AUC: 0.647
Trial 111 finished with value: 0.6467762324121339 and parameters: {'window_influence': 0.20925825904975076, 'penalty_k': 0.04548212639466683, 'scale_lr': 0.10353502785538489}. Best is trial 84 with value: 0.6561816369710942.
checkpoint_e26 window_influence: 0.18614158988577151, penalty_k: 0.08204426808174833, scale_lr: 0.16488087893634398, AUC: 0.645
Trial 112 finished with value: 0.6450185034432757 and parameters: {'window_influence': 0.1861415898857715, 'penalty_k': 0.08204426808174833, 'scale_lr': 0.16488087893634398}. Best is trial 84 with value: 0.6561816369710942.
checkpoint_e26 window_influence: 0.19931749358975628, penalty_k: 0.11138432254551082, scale_lr: 0.15527551108997523, AUC: 0.648
Trial 113 finished with value: 0.6481379388689908 and parameters: {'window_influence': 0.19931749358975628, 'penalty_k': 0.11138432254551082, 'scale_lr': 0.15527551108997523}. Best is trial 84 with value: 0.6561816369710942.
checkpoint_e26 window_influence: 0.25583400288249908, penalty_k: 0.02830068238113318, scale_lr: 0.11915097563960203, AUC: 0.643
Trial 114 finished with value: 0.642902390345867 and parameters: {'window_influence': 0.2558340028824991, 'penalty_k': 0.02830068238113318, 'scale_lr': 0.11915097563960203}. Best is trial 84 with value: 0.6561816369710942.
checkpoint_e26 window_influence: 0.14644594665131305, penalty_k: 0.07093727176775337, scale_lr: 0.22734421132574972, AUC: 0.645
Trial 115 finished with value: 0.6449602642408409 and parameters: {'window_influence': 0.14644594665131305, 'penalty_k': 0.07093727176775337, 'scale_lr': 0.22734421132574972}. Best is trial 84 with value: 0.6561816369710942.
checkpoint_e26 window_influence: 0.23931493491333328, penalty_k: 0.09409710730612841, scale_lr: 0.24745334517159054, AUC: 0.647
Trial 116 finished with value: 0.6469556232706712 and parameters: {'window_influence': 0.23931493491333328, 'penalty_k': 0.09409710730612841, 'scale_lr': 0.24745334517159054}. Best is trial 84 with value: 0.6561816369710942.
checkpoint_e26 window_influence: 0.12714738171825013, penalty_k: 0.04949381908634289, scale_lr: 0.13337692691632080, AUC: 0.641
Trial 117 finished with value: 0.6405433644917035 and parameters: {'window_influence': 0.12714738171825013, 'penalty_k': 0.049493819086342886, 'scale_lr': 0.1333769269163208}. Best is trial 84 with value: 0.6561816369710942.
checkpoint_e26 window_influence: 0.17867568198807446, penalty_k: 0.13963228857261537, scale_lr: 0.14820185779710349, AUC: 0.643
Trial 118 finished with value: 0.643418294719396 and parameters: {'window_influence': 0.17867568198807446, 'penalty_k': 0.13963228857261537, 'scale_lr': 0.1482018577971035}. Best is trial 84 with value: 0.6561816369710942.
checkpoint_e26 window_influence: 0.16033028101912411, penalty_k: 0.03375684793048601, scale_lr: 0.20778193414937307, AUC: 0.648
Trial 119 finished with value: 0.647749549370181 and parameters: {'window_influence': 0.1603302810191241, 'penalty_k': 0.03375684793048601, 'scale_lr': 0.20778193414937307}. Best is trial 84 with value: 0.6561816369710942.
checkpoint_e26 window_influence: 0.29301859181244572, penalty_k: 0.01005235781890024, scale_lr: 0.26415975499683675, AUC: 0.638
Trial 120 finished with value: 0.6381498435032003 and parameters: {'window_influence': 0.2930185918124457, 'penalty_k': 0.010052357818900237, 'scale_lr': 0.26415975499683675}. Best is trial 84 with value: 0.6561816369710942.
checkpoint_e26 window_influence: 0.22620057507047034, penalty_k: 0.06277199496254476, scale_lr: 0.10285409771552730, AUC: 0.653
