Trial 124 finished with value: 0.6447511247522338 and parameters: {'window_influence': 0.37242309920286504, 'penalty_k': 0.16714861726263397, 'scale_lr': 0.11509388019582731}. Best is trial 106 with value: 0.6564321147085124.
checkpoint_e31 window_influence: 0.44019150621904041, penalty_k: 0.23955354636758888, scale_lr: 0.13930876889893801, AUC: 0.644
Trial 125 finished with value: 0.6442140974395002 and parameters: {'window_influence': 0.4401915062190404, 'penalty_k': 0.23955354636758888, 'scale_lr': 0.139308768898938}. Best is trial 106 with value: 0.6564321147085124.
checkpoint_e31 window_influence: 0.42150918697241574, penalty_k: 0.22789240285069839, scale_lr: 0.16034192798057517, AUC: 0.651
Trial 126 finished with value: 0.6512830751338651 and parameters: {'window_influence': 0.42150918697241574, 'penalty_k': 0.2278924028506984, 'scale_lr': 0.16034192798057517}. Best is trial 106 with value: 0.6564321147085124.
checkpoint_e31 window_influence: 0.41865917587258777, penalty_k: 0.26498337271283240, scale_lr: 0.17661735921444277, AUC: 0.644
Trial 127 finished with value: 0.6436358100042953 and parameters: {'window_influence': 0.4186591758725878, 'penalty_k': 0.2649833727128324, 'scale_lr': 0.17661735921444277}. Best is trial 106 with value: 0.6564321147085124.
checkpoint_e31 window_influence: 0.46135422782424179, penalty_k: 0.22794398371003713, scale_lr: 0.20072703777361281, AUC: 0.647
Trial 128 finished with value: 0.6474993481829726 and parameters: {'window_influence': 0.4613542278242418, 'penalty_k': 0.22794398371003713, 'scale_lr': 0.2007270377736128}. Best is trial 106 with value: 0.6564321147085124.
checkpoint_e31 window_influence: 0.45060650506664662, penalty_k: 0.24863766167075746, scale_lr: 0.21966730279982100, AUC: 0.643
Trial 129 finished with value: 0.6434207830065376 and parameters: {'window_influence': 0.4506065050666466, 'penalty_k': 0.24863766167075746, 'scale_lr': 0.219667302799821}. Best is trial 106 with value: 0.6564321147085124.
checkpoint_e31 window_influence: 0.41929498974133383, penalty_k: 0.28359707143965524, scale_lr: 0.15601951518877691, AUC: 0.650
Trial 130 finished with value: 0.6501133482057703 and parameters: {'window_influence': 0.41929498974133383, 'penalty_k': 0.28359707143965524, 'scale_lr': 0.1560195151887769}. Best is trial 106 with value: 0.6564321147085124.
checkpoint_e31 window_influence: 0.40189807529559229, penalty_k: 0.19781689599599397, scale_lr: 0.13219178842884052, AUC: 0.646
Trial 131 finished with value: 0.6458087416649124 and parameters: {'window_influence': 0.4018980752955923, 'penalty_k': 0.19781689599599397, 'scale_lr': 0.13219178842884052}. Best is trial 106 with value: 0.6564321147085124.
checkpoint_e31 window_influence: 0.39532376653891110, penalty_k: 0.15235658119229192, scale_lr: 0.16237111443778096, AUC: 0.650
Trial 132 finished with value: 0.6500979771902383 and parameters: {'window_influence': 0.3953237665389111, 'penalty_k': 0.15235658119229192, 'scale_lr': 0.16237111443778096}. Best is trial 106 with value: 0.6564321147085124.
checkpoint_e31 window_influence: 0.43187810436223700, penalty_k: 0.21542553799701758, scale_lr: 0.14618494199011178, AUC: 0.648
Trial 133 finished with value: 0.6483112020569985 and parameters: {'window_influence': 0.431878104362237, 'penalty_k': 0.21542553799701758, 'scale_lr': 0.14618494199011178}. Best is trial 106 with value: 0.6564321147085124.
checkpoint_e31 window_influence: 0.37601548236606247, penalty_k: 0.12462653028313246, scale_lr: 0.18149756946507400, AUC: 0.640
Trial 134 finished with value: 0.640331135455658 and parameters: {'window_influence': 0.37601548236606247, 'penalty_k': 0.12462653028313246, 'scale_lr': 0.181497569465074}. Best is trial 106 with value: 0.6564321147085124.
checkpoint_e31 window_influence: 0.47066592383734507, penalty_k: 0.18616546119205285, scale_lr: 0.11765034136757606, AUC: 0.643
Trial 135 finished with value: 0.643147597712551 and parameters: {'window_influence': 0.47066592383734507, 'penalty_k': 0.18616546119205285, 'scale_lr': 0.11765034136757606}. Best is trial 106 with value: 0.6564321147085124.
checkpoint_e31 window_influence: 0.41417697690780286, penalty_k: 0.21084241656634051, scale_lr: 0.20072040374843347, AUC: 0.647
Trial 136 finished with value: 0.6474748401927376 and parameters: {'window_influence': 0.41417697690780286, 'penalty_k': 0.2108424165663405, 'scale_lr': 0.20072040374843347}. Best is trial 106 with value: 0.6564321147085124.
checkpoint_e31 window_influence: 0.38493771417860062, penalty_k: 0.22846258644372364, scale_lr: 0.13010883749768382, AUC: 0.650
Trial 137 finished with value: 0.6496970449767261 and parameters: {'window_influence': 0.3849377141786006, 'penalty_k': 0.22846258644372364, 'scale_lr': 0.13010883749768382}. Best is trial 106 with value: 0.6564321147085124.
checkpoint_e31 window_influence: 0.44293342714124562, penalty_k: 0.13354295104843028, scale_lr: 0.16379629866089424, AUC: 0.647
Trial 138 finished with value: 0.6470124857046983 and parameters: {'window_influence': 0.4429334271412456, 'penalty_k': 0.13354295104843028, 'scale_lr': 0.16379629866089424}. Best is trial 106 with value: 0.6564321147085124.
checkpoint_e31 window_influence: 0.35993840296440149, penalty_k: 0.24500640802246648, scale_lr: 0.15172292861933695, AUC: 0.643
Trial 139 finished with value: 0.6427922090152698 and parameters: {'window_influence': 0.3599384029644015, 'penalty_k': 0.24500640802246648, 'scale_lr': 0.15172292861933695}. Best is trial 106 with value: 0.6564321147085124.
checkpoint_e31 window_influence: 0.40421492065005726, penalty_k: 0.17293626967660702, scale_lr: 0.11301223421432670, AUC: 0.651
Trial 140 finished with value: 0.6505230055842182 and parameters: {'window_influence': 0.40421492065005726, 'penalty_k': 0.17293626967660702, 'scale_lr': 0.1130122342143267}. Best is trial 106 with value: 0.6564321147085124.
checkpoint_e31 window_influence: 0.42212796848670442, penalty_k: 0.26974303526566173, scale_lr: 0.13054194282037196, AUC: 0.657
Trial 141 finished with value: 0.6565422191596508 and parameters: {'window_influence': 0.4221279684867044, 'penalty_k': 0.26974303526566173, 'scale_lr': 0.13054194282037196}. Best is trial 141 with value: 0.6565422191596508.
checkpoint_e31 window_influence: 0.42559388981288854, penalty_k: 0.25623803256755268, scale_lr: 0.13955303540004704, AUC: 0.646
Trial 142 finished with value: 0.6455983337635486 and parameters: {'window_influence': 0.42559388981288854, 'penalty_k': 0.2562380325675527, 'scale_lr': 0.13955303540004704}. Best is trial 141 with value: 0.6565422191596508.
checkpoint_e31 window_influence: 0.44949376521298040, penalty_k: 0.29921436720293215, scale_lr: 0.17392324352836341, AUC: 0.646
Trial 143 finished with value: 0.6455451145411538 and parameters: {'window_influence': 0.4494937652129804, 'penalty_k': 0.29921436720293215, 'scale_lr': 0.1739232435283634}. Best is trial 141 with value: 0.6565422191596508.
checkpoint_e31 window_influence: 0.45791241361809210, penalty_k: 0.26887834765436341, scale_lr: 0.12660123773454771, AUC: 0.646
Trial 144 finished with value: 0.645800725321318 and parameters: {'window_influence': 0.4579124136180921, 'penalty_k': 0.2688783476543634, 'scale_lr': 0.1266012377345477}. Best is trial 141 with value: 0.6565422191596508.
checkpoint_e31 window_influence: 0.44025042457215119, penalty_k: 0.23742386485056086, scale_lr: 0.10259567407320062, AUC: 0.651
Trial 145 finished with value: 0.6505557132703118 and parameters: {'window_influence': 0.4402504245721512, 'penalty_k': 0.23742386485056086, 'scale_lr': 0.10259567407320062}. Best is trial 141 with value: 0.6565422191596508.
checkpoint_e31 window_influence: 0.41464517426976377, penalty_k: 0.20232708547255443, scale_lr: 0.19346131278301498, AUC: 0.652
Trial 146 finished with value: 0.6522632023415054 and parameters: {'window_influence': 0.41464517426976377, 'penalty_k': 0.20232708547255443, 'scale_lr': 0.19346131278301498}. Best is trial 141 with value: 0.6565422191596508.
checkpoint_e31 window_influence: 0.41161835867219682, penalty_k: 0.28942842955092557, scale_lr: 0.18897914291477547, AUC: 0.649
Trial 147 finished with value: 0.6486237413124626 and parameters: {'window_influence': 0.4116183586721968, 'penalty_k': 0.28942842955092557, 'scale_lr': 0.18897914291477547}. Best is trial 141 with value: 0.6565422191596508.
checkpoint_e31 window_influence: 0.43184953065886056, penalty_k: 0.15082953073964592, scale_lr: 0.15607231920212478, AUC: 0.646
Trial 148 finished with value: 0.6459792800156038 and parameters: {'window_influence': 0.43184953065886056, 'penalty_k': 0.15082953073964592, 'scale_lr': 0.15607231920212478}. Best is trial 141 with value: 0.6565422191596508.
checkpoint_e31 window_influence: 0.47615768463482822, penalty_k: 0.22470299149411566, scale_lr: 0.20283472842188932, AUC: 0.641
Trial 149 finished with value: 0.6413881277706067 and parameters: {'window_influence': 0.4761576846348282, 'penalty_k': 0.22470299149411566, 'scale_lr': 0.20283472842188932}. Best is trial 141 with value: 0.6565422191596508.
checkpoint_e31 window_influence: 0.33467715180687174, penalty_k: 0.27717374184590621, scale_lr: 0.24095543200575192, AUC: 0.644
Trial 150 finished with value: 0.6444585642459547 and parameters: {'window_influence': 0.33467715180687174, 'penalty_k': 0.2771737418459062, 'scale_lr': 0.24095543200575192}. Best is trial 141 with value: 0.6565422191596508.
checkpoint_e31 window_influence: 0.39281635365982809, penalty_k: 0.18646517823676467, scale_lr: 0.38168089531494187, AUC: 0.643
Trial 151 finished with value: 0.6428418471259998 and parameters: {'window_influence': 0.3928163536598281, 'penalty_k': 0.18646517823676467, 'scale_lr': 0.38168089531494187}. Best is trial 141 with value: 0.6565422191596508.
checkpoint_e31 window_influence: 0.41929681391026630, penalty_k: 0.25533363565436829, scale_lr: 0.14116194182080077, AUC: 0.651
Trial 152 finished with value: 0.6505542958413524 and parameters: {'window_influence': 0.4192968139102663, 'penalty_k': 0.2553336356543683, 'scale_lr': 0.14116194182080077}. Best is trial 141 with value: 0.6565422191596508.
checkpoint_e31 window_influence: 0.40324909417779475, penalty_k: 0.21026224531076482, scale_lr: 0.16792398269310685, AUC: 0.647
Trial 153 finished with value: 0.6474398104652721 and parameters: {'window_influence': 0.40324909417779475, 'penalty_k': 0.21026224531076482, 'scale_lr': 0.16792398269310685}. Best is trial 141 with value: 0.6565422191596508.
checkpoint_e31 window_influence: 0.38002479597463407, penalty_k: 0.19864970370796001, scale_lr: 0.11394024348238273, AUC: 0.648
Trial 154 finished with value: 0.6478338139491286 and parameters: {'window_influence': 0.38002479597463407, 'penalty_k': 0.19864970370796, 'scale_lr': 0.11394024348238273}. Best is trial 141 with value: 0.6565422191596508.
checkpoint_e31 window_influence: 0.42927638773707677, penalty_k: 0.15653853024870171, scale_lr: 0.18415522908606852, AUC: 0.650
Trial 155 finished with value: 0.6501011703078763 and parameters: {'window_influence': 0.42927638773707677, 'penalty_k': 0.1565385302487017, 'scale_lr': 0.18415522908606852}. Best is trial 141 with value: 0.6565422191596508.
checkpoint_e31 window_influence: 0.36889892302954591, penalty_k: 0.16503478009543432, scale_lr: 0.12760003498020922, AUC: 0.647
Trial 156 finished with value: 0.6468839831251144 and parameters: {'window_influence': 0.3688989230295459, 'penalty_k': 0.16503478009543432, 'scale_lr': 0.12760003498020922}. Best is trial 141 with value: 0.6565422191596508.
checkpoint_e31 window_influence: 0.44366462043998312, penalty_k: 0.22351964796141688, scale_lr: 0.15011681683358169, AUC: 0.650
Trial 157 finished with value: 0.6504922898292428 and parameters: {'window_influence': 0.4436646204399831, 'penalty_k': 0.22351964796141688, 'scale_lr': 0.1501168168335817}. Best is trial 141 with value: 0.6565422191596508.
checkpoint_e31 window_influence: 0.45792225733228137, penalty_k: 0.11862305881405259, scale_lr: 0.22250081749419118, AUC: 0.640
Trial 158 finished with value: 0.6397457114000987 and parameters: {'window_influence': 0.45792225733228137, 'penalty_k': 0.11862305881405259, 'scale_lr': 0.22250081749419118}. Best is trial 141 with value: 0.6565422191596508.
checkpoint_e31 window_influence: 0.35129205643648664, penalty_k: 0.23950043793695355, scale_lr: 0.14008387556357982, AUC: 0.647
Trial 159 finished with value: 0.6465084837779029 and parameters: {'window_influence': 0.35129205643648664, 'penalty_k': 0.23950043793695355, 'scale_lr': 0.14008387556357982}. Best is trial 141 with value: 0.6565422191596508.
checkpoint_e31 window_influence: 0.41103781128270550, penalty_k: 0.20252103957234169, scale_lr: 0.10033797128592081, AUC: 0.651
Trial 160 finished with value: 0.6508921173263011 and parameters: {'window_influence': 0.4110378112827055, 'penalty_k': 0.2025210395723417, 'scale_lr': 0.10033797128592081}. Best is trial 141 with value: 0.6565422191596508.
checkpoint_e31 window_influence: 0.41522331757961850, penalty_k: 0.20345148320823495, scale_lr: 0.12361205566382794, AUC: 0.649
Trial 161 finished with value: 0.6493420985773505 and parameters: {'window_influence': 0.4152233175796185, 'penalty_k': 0.20345148320823495, 'scale_lr': 0.12361205566382794}. Best is trial 141 with value: 0.6565422191596508.
checkpoint_e31 window_influence: 0.39478604828586672, penalty_k: 0.18208146893855345, scale_lr: 0.10248564025193826, AUC: 0.650
Trial 162 finished with value: 0.6503682008457832 and parameters: {'window_influence': 0.3947860482858667, 'penalty_k': 0.18208146893855345, 'scale_lr': 0.10248564025193826}. Best is trial 141 with value: 0.6565422191596508.
checkpoint_e31 window_influence: 0.42277388869355731, penalty_k: 0.13630349884263518, scale_lr: 0.10109996951421726, AUC: 0.649
Trial 163 finished with value: 0.6489406091858527 and parameters: {'window_influence': 0.4227738886935573, 'penalty_k': 0.13630349884263518, 'scale_lr': 0.10109996951421726}. Best is trial 141 with value: 0.6565422191596508.
checkpoint_e31 window_influence: 0.43757634197798478, penalty_k: 0.26181552975338235, scale_lr: 0.46411575392706350, AUC: 0.646
Trial 164 finished with value: 0.6456699242295684 and parameters: {'window_influence': 0.4375763419779848, 'penalty_k': 0.26181552975338235, 'scale_lr': 0.4641157539270635}. Best is trial 141 with value: 0.6565422191596508.
checkpoint_e31 window_influence: 0.40456112365801256, penalty_k: 0.21842546907522709, scale_lr: 0.11654011000770151, AUC: 0.650
Trial 165 finished with value: 0.6499985926634596 and parameters: {'window_influence': 0.40456112365801256, 'penalty_k': 0.21842546907522709, 'scale_lr': 0.11654011000770151}. Best is trial 141 with value: 0.6565422191596508.
checkpoint_e31 window_influence: 0.38404986705254984, penalty_k: 0.23334226672357178, scale_lr: 0.25903662187024901, AUC: 0.642
Trial 166 finished with value: 0.6419427400012357 and parameters: {'window_influence': 0.38404986705254984, 'penalty_k': 0.23334226672357178, 'scale_lr': 0.259036621870249}. Best is trial 141 with value: 0.6565422191596508.
checkpoint_e31 window_influence: 0.41430413844293429, penalty_k: 0.19328681805514458, scale_lr: 0.16662254647820202, AUC: 0.640
Trial 167 finished with value: 0.6397141088158776 and parameters: {'window_influence': 0.4143041384429343, 'penalty_k': 0.19328681805514458, 'scale_lr': 0.16662254647820202}. Best is trial 141 with value: 0.6565422191596508.
checkpoint_e31 window_influence: 0.45188814246282871, penalty_k: 0.24639053897973684, scale_lr: 0.29251589412030776, AUC: 0.643
Trial 168 finished with value: 0.6427593060885634 and parameters: {'window_influence': 0.4518881424628287, 'penalty_k': 0.24639053897973684, 'scale_lr': 0.29251589412030776}. Best is trial 141 with value: 0.6565422191596508.
checkpoint_e31 window_influence: 0.48515580641243777, penalty_k: 0.17589092710276749, scale_lr: 0.15679642376240496, AUC: 0.642
Trial 169 finished with value: 0.6419743555375139 and parameters: {'window_influence': 0.4851558064124378, 'penalty_k': 0.1758909271027675, 'scale_lr': 0.15679642376240496}. Best is trial 141 with value: 0.6565422191596508.
checkpoint_e31 window_influence: 0.31777793011243549, penalty_k: 0.20728816863542701, scale_lr: 0.13928979381633272, AUC: 0.650
Trial 170 finished with value: 0.6500093257163058 and parameters: {'window_influence': 0.3177779301124355, 'penalty_k': 0.207288168635427, 'scale_lr': 0.13928979381633272}. Best is trial 141 with value: 0.6565422191596508.
checkpoint_e31 window_influence: 0.43929088143696660, penalty_k: 0.23777160348900289, scale_lr: 0.10213494228759573, AUC: 0.646
Trial 171 finished with value: 0.6460908720914195 and parameters: {'window_influence': 0.4392908814369666, 'penalty_k': 0.2377716034890029, 'scale_lr': 0.10213494228759573}. Best is trial 141 with value: 0.6565422191596508.
checkpoint_e31 window_influence: 0.42717893746017188, penalty_k: 0.36778593198355841, scale_lr: 0.12288373324310202, AUC: 0.650
Trial 172 finished with value: 0.6495524941343467 and parameters: {'window_influence': 0.4271789374601719, 'penalty_k': 0.3677859319835584, 'scale_lr': 0.12288373324310202}. Best is trial 141 with value: 0.6565422191596508.
checkpoint_e31 window_influence: 0.46615149288573177, penalty_k: 0.23011783956237036, scale_lr: 0.10017250226552166, AUC: 0.647
Trial 173 finished with value: 0.6471237757467294 and parameters: {'window_influence': 0.46615149288573177, 'penalty_k': 0.23011783956237036, 'scale_lr': 0.10017250226552166}. Best is trial 141 with value: 0.6565422191596508.
checkpoint_e31 window_influence: 0.43891577022864148, penalty_k: 0.24543631935470372, scale_lr: 0.11353916829766965, AUC: 0.648
Trial 174 finished with value: 0.6480642286512631 and parameters: {'window_influence': 0.4389157702286415, 'penalty_k': 0.24543631935470372, 'scale_lr': 0.11353916829766965}. Best is trial 141 with value: 0.6565422191596508.
checkpoint_e31 window_influence: 0.40674988830343867, penalty_k: 0.21467411080030374, scale_lr: 0.17840383367259990, AUC: 0.644
Trial 175 finished with value: 0.6437314856386773 and parameters: {'window_influence': 0.40674988830343867, 'penalty_k': 0.21467411080030374, 'scale_lr': 0.1784038336725999}. Best is trial 141 with value: 0.6565422191596508.
checkpoint_e31 window_influence: 0.39172416101107504, penalty_k: 0.26181625212261395, scale_lr: 0.13680881255091554, AUC: 0.642
Trial 176 finished with value: 0.641657635810214 and parameters: {'window_influence': 0.39172416101107504, 'penalty_k': 0.26181625212261395, 'scale_lr': 0.13680881255091554}. Best is trial 141 with value: 0.6565422191596508.
checkpoint_e31 window_influence: 0.44592381634719463, penalty_k: 0.14552574582581457, scale_lr: 0.12917521556779954, AUC: 0.651
Trial 177 finished with value: 0.6505588539313629 and parameters: {'window_influence': 0.44592381634719463, 'penalty_k': 0.14552574582581457, 'scale_lr': 0.12917521556779954}. Best is trial 141 with value: 0.6565422191596508.
checkpoint_e31 window_influence: 0.42371182224535042, penalty_k: 0.10415483132622180, scale_lr: 0.15206440646940733, AUC: 0.648
Trial 178 finished with value: 0.6478060796192774 and parameters: {'window_influence': 0.4237118222453504, 'penalty_k': 0.1041548313262218, 'scale_lr': 0.15206440646940733}. Best is trial 141 with value: 0.6565422191596508.
checkpoint_e31 window_influence: 0.45814747131989886, penalty_k: 0.16097105934379441, scale_lr: 0.13261838096394479, AUC: 0.642
Trial 179 finished with value: 0.642419064410378 and parameters: {'window_influence': 0.45814747131989886, 'penalty_k': 0.1609710593437944, 'scale_lr': 0.1326183809639448}. Best is trial 141 with value: 0.6565422191596508.
checkpoint_e31 window_influence: 0.36822129183368230, penalty_k: 0.13696699586883712, scale_lr: 0.19392061602759228, AUC: 0.652
Trial 180 finished with value: 0.652390443312015 and parameters: {'window_influence': 0.3682212918336823, 'penalty_k': 0.13696699586883712, 'scale_lr': 0.19392061602759228}. Best is trial 141 with value: 0.6565422191596508.
checkpoint_e31 window_influence: 0.36403437437730624, penalty_k: 0.14187417035151650, scale_lr: 0.19023614825848706, AUC: 0.646
Trial 181 finished with value: 0.6455566820376193 and parameters: {'window_influence': 0.36403437437730624, 'penalty_k': 0.1418741703515165, 'scale_lr': 0.19023614825848706}. Best is trial 141 with value: 0.6565422191596508.
checkpoint_e31 window_influence: 0.37216830663959038, penalty_k: 0.11886455183692124, scale_lr: 0.21017813276175026, AUC: 0.645
Trial 182 finished with value: 0.6448412528604461 and parameters: {'window_influence': 0.3721683066395904, 'penalty_k': 0.11886455183692124, 'scale_lr': 0.21017813276175026}. Best is trial 141 with value: 0.6565422191596508.
checkpoint_e31 window_influence: 0.35065393754250412, penalty_k: 0.14416207777460102, scale_lr: 0.16733930514418011, AUC: 0.642
Trial 183 finished with value: 0.6415695024871576 and parameters: {'window_influence': 0.3506539375425041, 'penalty_k': 0.14416207777460102, 'scale_lr': 0.1673393051441801}. Best is trial 141 with value: 0.6565422191596508.
checkpoint_e31 window_influence: 0.39875952304043172, penalty_k: 0.13028227936968245, scale_lr: 0.19235146802308309, AUC: 0.644
Trial 184 finished with value: 0.6444090840275571 and parameters: {'window_influence': 0.3987595230404317, 'penalty_k': 0.13028227936968245, 'scale_lr': 0.1923514680230831}. Best is trial 141 with value: 0.6565422191596508.
checkpoint_e31 window_influence: 0.41294191424879012, penalty_k: 0.15391554503596500, scale_lr: 0.52407830177854975, AUC: 0.644
Trial 185 finished with value: 0.6439606344383791 and parameters: {'window_influence': 0.4129419142487901, 'penalty_k': 0.153915545035965, 'scale_lr': 0.5240783017785497}. Best is trial 141 with value: 0.6565422191596508.
checkpoint_e31 window_influence: 0.38126727440679342, penalty_k: 0.17475226636203572, scale_lr: 0.17861638736530894, AUC: 0.638
