Trial 248 finished with value: 0.634717672202769 and parameters: {'window_influence': 0.4722217853348865, 'penalty_k': 0.11883840526796458, 'scale_lr': 0.7591362620807107}. Best is trial 62 with value: 0.6568316752281912.
checkpoint_e12 window_influence: 0.48405143581919324, penalty_k: 0.10096803907974412, scale_lr: 0.12614992790218660, AUC: 0.650
Trial 249 finished with value: 0.6497634959016062 and parameters: {'window_influence': 0.48405143581919324, 'penalty_k': 0.10096803907974412, 'scale_lr': 0.1261499279021866}. Best is trial 62 with value: 0.6568316752281912.
checkpoint_e12 window_influence: 0.48351015858074020, penalty_k: 0.09139787800884711, scale_lr: 0.12381253144377566, AUC: 0.646
Trial 250 finished with value: 0.6462650843686675 and parameters: {'window_influence': 0.4835101585807402, 'penalty_k': 0.0913978780088471, 'scale_lr': 0.12381253144377566}. Best is trial 62 with value: 0.6568316752281912.
checkpoint_e12 window_influence: 0.46018300276232144, penalty_k: 0.10286012710257383, scale_lr: 0.16037606606199256, AUC: 0.647
Trial 251 finished with value: 0.6474450413862481 and parameters: {'window_influence': 0.46018300276232144, 'penalty_k': 0.10286012710257383, 'scale_lr': 0.16037606606199256}. Best is trial 62 with value: 0.6568316752281912.
checkpoint_e12 window_influence: 0.50128236642373691, penalty_k: 0.07374203678582664, scale_lr: 0.12421414120713645, AUC: 0.652
Trial 252 finished with value: 0.6521525603731548 and parameters: {'window_influence': 0.5012823664237369, 'penalty_k': 0.07374203678582664, 'scale_lr': 0.12421414120713645}. Best is trial 62 with value: 0.6568316752281912.
checkpoint_e12 window_influence: 0.49991850266852783, penalty_k: 0.06982086765803017, scale_lr: 0.12289893697868873, AUC: 0.643
Trial 253 finished with value: 0.6433868043730958 and parameters: {'window_influence': 0.49991850266852783, 'penalty_k': 0.06982086765803017, 'scale_lr': 0.12289893697868873}. Best is trial 62 with value: 0.6568316752281912.
checkpoint_e12 window_influence: 0.48193138433809102, penalty_k: 0.50719822457402941, scale_lr: 0.13660671258609486, AUC: 0.643
Trial 254 finished with value: 0.6430038054080326 and parameters: {'window_influence': 0.481931384338091, 'penalty_k': 0.5071982245740294, 'scale_lr': 0.13660671258609486}. Best is trial 62 with value: 0.6568316752281912.
checkpoint_e12 window_influence: 0.49350091458969969, penalty_k: 0.05717993587969638, scale_lr: 0.47593964307724540, AUC: 0.643
Trial 255 finished with value: 0.6429190102415231 and parameters: {'window_influence': 0.4935009145896997, 'penalty_k': 0.05717993587969638, 'scale_lr': 0.4759396430772454}. Best is trial 62 with value: 0.6568316752281912.
checkpoint_e12 window_influence: 0.50584657835357361, penalty_k: 0.12788147289891280, scale_lr: 0.10703985442283136, AUC: 0.648
Trial 256 finished with value: 0.6478483360655088 and parameters: {'window_influence': 0.5058465783535736, 'penalty_k': 0.1278814728989128, 'scale_lr': 0.10703985442283136}. Best is trial 62 with value: 0.6568316752281912.
checkpoint_e12 window_influence: 0.47113058501341354, penalty_k: 0.04027452562006761, scale_lr: 0.14668796011618981, AUC: 0.645
Trial 257 finished with value: 0.6454891551707981 and parameters: {'window_influence': 0.47113058501341354, 'penalty_k': 0.040274525620067614, 'scale_lr': 0.14668796011618981}. Best is trial 62 with value: 0.6568316752281912.
checkpoint_e12 window_influence: 0.48650830309622506, penalty_k: 0.11371070700607727, scale_lr: 0.12800429172002051, AUC: 0.649
Trial 258 finished with value: 0.6492784226417377 and parameters: {'window_influence': 0.48650830309622506, 'penalty_k': 0.11371070700607727, 'scale_lr': 0.1280042917200205}. Best is trial 62 with value: 0.6568316752281912.
checkpoint_e12 window_influence: 0.51603288559196481, penalty_k: 0.08350170167605057, scale_lr: 0.11377642858668395, AUC: 0.654
Trial 259 finished with value: 0.6536470080912412 and parameters: {'window_influence': 0.5160328855919648, 'penalty_k': 0.08350170167605057, 'scale_lr': 0.11377642858668395}. Best is trial 62 with value: 0.6568316752281912.
checkpoint_e12 window_influence: 0.51713325658411236, penalty_k: 0.07745770305866612, scale_lr: 0.11098751620776226, AUC: 0.649
Trial 260 finished with value: 0.6489224212845761 and parameters: {'window_influence': 0.5171332565841124, 'penalty_k': 0.07745770305866612, 'scale_lr': 0.11098751620776226}. Best is trial 62 with value: 0.6568316752281912.
checkpoint_e12 window_influence: 0.50853781270157150, penalty_k: 0.08903721595234834, scale_lr: 0.12156013339796026, AUC: 0.645
Trial 261 finished with value: 0.644681213691127 and parameters: {'window_influence': 0.5085378127015715, 'penalty_k': 0.08903721595234834, 'scale_lr': 0.12156013339796026}. Best is trial 62 with value: 0.6568316752281912.
checkpoint_e12 window_influence: 0.39390788638950452, penalty_k: 0.07354170567988000, scale_lr: 0.10096564231415571, AUC: 0.642
Trial 262 finished with value: 0.6417900078778208 and parameters: {'window_influence': 0.3939078863895045, 'penalty_k': 0.07354170567988, 'scale_lr': 0.10096564231415571}. Best is trial 62 with value: 0.6568316752281912.
checkpoint_e12 window_influence: 0.52092942148107080, penalty_k: 0.05351592919397780, scale_lr: 0.13867432480810130, AUC: 0.651
Trial 263 finished with value: 0.6511534789317269 and parameters: {'window_influence': 0.5209294214810708, 'penalty_k': 0.053515929193977796, 'scale_lr': 0.1386743248081013}. Best is trial 62 with value: 0.6568316752281912.
checkpoint_e12 window_influence: 0.51908129960176408, penalty_k: 0.08392122428452956, scale_lr: 0.14016062821398195, AUC: 0.645
Trial 264 finished with value: 0.645444633642847 and parameters: {'window_influence': 0.5190812996017641, 'penalty_k': 0.08392122428452956, 'scale_lr': 0.14016062821398195}. Best is trial 62 with value: 0.6568316752281912.
checkpoint_e12 window_influence: 0.52052475887981187, penalty_k: 0.10007592295361786, scale_lr: 0.30006697255397813, AUC: 0.643
Trial 265 finished with value: 0.6430863366387429 and parameters: {'window_influence': 0.5205247588798119, 'penalty_k': 0.10007592295361786, 'scale_lr': 0.30006697255397813}. Best is trial 62 with value: 0.6568316752281912.
checkpoint_e12 window_influence: 0.41801098876964360, penalty_k: 0.05667662552750063, scale_lr: 0.15320411043629836, AUC: 0.639
Trial 266 finished with value: 0.6386911615079229 and parameters: {'window_influence': 0.4180109887696436, 'penalty_k': 0.05667662552750063, 'scale_lr': 0.15320411043629836}. Best is trial 62 with value: 0.6568316752281912.
checkpoint_e12 window_influence: 0.50348581955260252, penalty_k: 0.10832811515697463, scale_lr: 0.11951314639920363, AUC: 0.647
Trial 267 finished with value: 0.6471029873858212 and parameters: {'window_influence': 0.5034858195526025, 'penalty_k': 0.10832811515697463, 'scale_lr': 0.11951314639920363}. Best is trial 62 with value: 0.6568316752281912.
checkpoint_e12 window_influence: 0.35888524876202860, penalty_k: 0.27133415537134353, scale_lr: 0.13945577016991648, AUC: 0.637
Trial 268 finished with value: 0.636832660572098 and parameters: {'window_influence': 0.3588852487620286, 'penalty_k': 0.27133415537134353, 'scale_lr': 0.13945577016991648}. Best is trial 62 with value: 0.6568316752281912.
checkpoint_e12 window_influence: 0.43093685226893330, penalty_k: 0.03431645999411070, scale_lr: 0.34268653913728087, AUC: 0.642
Trial 269 finished with value: 0.6417506846652801 and parameters: {'window_influence': 0.4309368522689333, 'penalty_k': 0.034316459994110704, 'scale_lr': 0.34268653913728087}. Best is trial 62 with value: 0.6568316752281912.
checkpoint_e12 window_influence: 0.07808949395416803, penalty_k: 0.12252215220850945, scale_lr: 0.68793927071227368, AUC: 0.625
Trial 270 finished with value: 0.6248446258493106 and parameters: {'window_influence': 0.07808949395416803, 'penalty_k': 0.12252215220850945, 'scale_lr': 0.6879392707122737}. Best is trial 62 with value: 0.6568316752281912.
checkpoint_e12 window_influence: 0.45172162744036093, penalty_k: 0.09739575151323018, scale_lr: 0.16824327906296110, AUC: 0.646
Trial 271 finished with value: 0.6462495652527083 and parameters: {'window_influence': 0.45172162744036093, 'penalty_k': 0.09739575151323018, 'scale_lr': 0.1682432790629611}. Best is trial 62 with value: 0.6568316752281912.
checkpoint_e12 window_influence: 0.46539021787988016, penalty_k: 0.04900074684619651, scale_lr: 0.14973963489880229, AUC: 0.644
Trial 272 finished with value: 0.6437592807660334 and parameters: {'window_influence': 0.46539021787988016, 'penalty_k': 0.04900074684619651, 'scale_lr': 0.1497396348988023}. Best is trial 62 with value: 0.6568316752281912.
checkpoint_e12 window_influence: 0.52641198840367887, penalty_k: 0.08525483557681993, scale_lr: 0.13092593043914841, AUC: 0.644
Trial 273 finished with value: 0.6439728894430816 and parameters: {'window_influence': 0.5264119884036789, 'penalty_k': 0.08525483557681993, 'scale_lr': 0.1309259304391484}. Best is trial 62 with value: 0.6568316752281912.
checkpoint_e12 window_influence: 0.50868097097369713, penalty_k: 0.12907130811049955, scale_lr: 0.25090578948280057, AUC: 0.647
Trial 274 finished with value: 0.6465359206313119 and parameters: {'window_influence': 0.5086809709736971, 'penalty_k': 0.12907130811049955, 'scale_lr': 0.25090578948280057}. Best is trial 62 with value: 0.6568316752281912.
checkpoint_e12 window_influence: 0.49350458630334532, penalty_k: 0.39462208959431999, scale_lr: 0.28001709946413972, AUC: 0.651
Trial 275 finished with value: 0.6505130922171338 and parameters: {'window_influence': 0.4935045863033453, 'penalty_k': 0.39462208959432, 'scale_lr': 0.2800170994641397}. Best is trial 62 with value: 0.6568316752281912.
checkpoint_e12 window_influence: 0.49751166041581313, penalty_k: 0.13832759494459429, scale_lr: 0.16507749377440517, AUC: 0.643
Trial 276 finished with value: 0.6430893322259527 and parameters: {'window_influence': 0.49751166041581313, 'penalty_k': 0.1383275949445943, 'scale_lr': 0.16507749377440517}. Best is trial 62 with value: 0.6568316752281912.
checkpoint_e12 window_influence: 0.51350577596999825, penalty_k: 0.40969467635400525, scale_lr: 0.15927984872898657, AUC: 0.648
Trial 277 finished with value: 0.6484578539356975 and parameters: {'window_influence': 0.5135057759699982, 'penalty_k': 0.40969467635400525, 'scale_lr': 0.15927984872898657}. Best is trial 62 with value: 0.6568316752281912.
checkpoint_e12 window_influence: 0.53217843367189710, penalty_k: 0.06433185282144427, scale_lr: 0.17701892874211519, AUC: 0.643
Trial 278 finished with value: 0.6425180671748025 and parameters: {'window_influence': 0.5321784336718971, 'penalty_k': 0.06433185282144427, 'scale_lr': 0.1770189287421152}. Best is trial 62 with value: 0.6568316752281912.
checkpoint_e12 window_influence: 0.49417602900437974, penalty_k: 0.34545956543690332, scale_lr: 0.14736143913143784, AUC: 0.647
Trial 279 finished with value: 0.647455543584899 and parameters: {'window_influence': 0.49417602900437974, 'penalty_k': 0.3454595654369033, 'scale_lr': 0.14736143913143784}. Best is trial 62 with value: 0.6568316752281912.
checkpoint_e12 window_influence: 0.20911820835565201, penalty_k: 0.24797779117336982, scale_lr: 0.38386836153588855, AUC: 0.638
Trial 280 finished with value: 0.6383305430281783 and parameters: {'window_influence': 0.209118208355652, 'penalty_k': 0.24797779117336982, 'scale_lr': 0.38386836153588855}. Best is trial 62 with value: 0.6568316752281912.
checkpoint_e12 window_influence: 0.44678652857804552, penalty_k: 0.20243222490571372, scale_lr: 0.26274733962113273, AUC: 0.646
Trial 281 finished with value: 0.6461706494511454 and parameters: {'window_influence': 0.4467865285780455, 'penalty_k': 0.20243222490571372, 'scale_lr': 0.2627473396211327}. Best is trial 62 with value: 0.6568316752281912.
checkpoint_e12 window_influence: 0.47232664930335222, penalty_k: 0.33516557033967220, scale_lr: 0.20388157194402939, AUC: 0.644
Trial 282 finished with value: 0.6441770269899686 and parameters: {'window_influence': 0.4723266493033522, 'penalty_k': 0.3351655703396722, 'scale_lr': 0.2038815719440294}. Best is trial 62 with value: 0.6568316752281912.
checkpoint_e12 window_influence: 0.50189017032228411, penalty_k: 0.43152936382038737, scale_lr: 0.17142703161184178, AUC: 0.642
Trial 283 finished with value: 0.6419530154310882 and parameters: {'window_influence': 0.5018901703222841, 'penalty_k': 0.43152936382038737, 'scale_lr': 0.17142703161184178}. Best is trial 62 with value: 0.6568316752281912.
checkpoint_e12 window_influence: 0.52184980316585172, penalty_k: 0.22651069499170434, scale_lr: 0.24725266006506749, AUC: 0.645
Trial 284 finished with value: 0.6447370076935197 and parameters: {'window_influence': 0.5218498031658517, 'penalty_k': 0.22651069499170434, 'scale_lr': 0.2472526600650675}. Best is trial 62 with value: 0.6568316752281912.
checkpoint_e12 window_influence: 0.48761648807777563, penalty_k: 0.11733473416435797, scale_lr: 0.13683866523395205, AUC: 0.657
Trial 285 finished with value: 0.6572585472759724 and parameters: {'window_influence': 0.48761648807777563, 'penalty_k': 0.11733473416435797, 'scale_lr': 0.13683866523395205}. Best is trial 285 with value: 0.6572585472759724.
checkpoint_e12 window_influence: 0.19317631231350449, penalty_k: 0.12276745988318627, scale_lr: 0.11286230302267201, AUC: 0.644
Trial 286 finished with value: 0.6444593864137484 and parameters: {'window_influence': 0.1931763123135045, 'penalty_k': 0.12276745988318627, 'scale_lr': 0.11286230302267201}. Best is trial 285 with value: 0.6572585472759724.
checkpoint_e12 window_influence: 0.45692219291522318, penalty_k: 0.02202559474624987, scale_lr: 0.15706637517461808, AUC: 0.647
Trial 287 finished with value: 0.6465642102554767 and parameters: {'window_influence': 0.4569221929152232, 'penalty_k': 0.02202559474624987, 'scale_lr': 0.15706637517461808}. Best is trial 285 with value: 0.6572585472759724.
checkpoint_e12 window_influence: 0.47631376888547794, penalty_k: 0.10797680663544287, scale_lr: 0.13584745956691952, AUC: 0.644
Trial 288 finished with value: 0.6437970929281623 and parameters: {'window_influence': 0.47631376888547794, 'penalty_k': 0.10797680663544287, 'scale_lr': 0.13584745956691952}. Best is trial 285 with value: 0.6572585472759724.
checkpoint_e12 window_influence: 0.48859262164147133, penalty_k: 0.21039875875443262, scale_lr: 0.19121158853218267, AUC: 0.645
Trial 289 finished with value: 0.6453950166778556 and parameters: {'window_influence': 0.4885926216414713, 'penalty_k': 0.21039875875443262, 'scale_lr': 0.19121158853218267}. Best is trial 285 with value: 0.6572585472759724.
checkpoint_e12 window_influence: 0.47747806949509802, penalty_k: 0.11445638804102472, scale_lr: 0.14871529764275701, AUC: 0.655
Trial 290 finished with value: 0.655308533047242 and parameters: {'window_influence': 0.477478069495098, 'penalty_k': 0.11445638804102472, 'scale_lr': 0.148715297642757}. Best is trial 285 with value: 0.6572585472759724.
checkpoint_e12 window_influence: 0.46330220247341336, penalty_k: 0.37075873239515744, scale_lr: 0.15852579466991690, AUC: 0.647
Trial 291 finished with value: 0.6465498775991673 and parameters: {'window_influence': 0.46330220247341336, 'penalty_k': 0.37075873239515744, 'scale_lr': 0.1585257946699169}. Best is trial 285 with value: 0.6572585472759724.
checkpoint_e12 window_influence: 0.47685980181540411, penalty_k: 0.28951367813411227, scale_lr: 0.17201552959235372, AUC: 0.648
Trial 292 finished with value: 0.6475228135038309 and parameters: {'window_influence': 0.4768598018154041, 'penalty_k': 0.2895136781341123, 'scale_lr': 0.17201552959235372}. Best is trial 285 with value: 0.6572585472759724.
checkpoint_e12 window_influence: 0.40320074477430196, penalty_k: 0.11680518326741601, scale_lr: 0.32006630364997002, AUC: 0.644
Trial 293 finished with value: 0.643893384823206 and parameters: {'window_influence': 0.40320074477430196, 'penalty_k': 0.11680518326741601, 'scale_lr': 0.32006630364997}. Best is trial 285 with value: 0.6572585472759724.
checkpoint_e12 window_influence: 0.44244311739125336, penalty_k: 0.18974638831098056, scale_lr: 0.14783618694970324, AUC: 0.647
Trial 294 finished with value: 0.6471294506737214 and parameters: {'window_influence': 0.44244311739125336, 'penalty_k': 0.18974638831098056, 'scale_lr': 0.14783618694970324}. Best is trial 285 with value: 0.6572585472759724.
checkpoint_e12 window_influence: 0.46430044626055011, penalty_k: 0.13208238454102578, scale_lr: 0.12054646149999799, AUC: 0.642
Trial 295 finished with value: 0.6424870682631304 and parameters: {'window_influence': 0.4643004462605501, 'penalty_k': 0.13208238454102578, 'scale_lr': 0.120546461499998}. Best is trial 285 with value: 0.6572585472759724.
checkpoint_e12 window_influence: 0.38258661102262215, penalty_k: 0.26917496835334259, scale_lr: 0.27474790772538399, AUC: 0.640
Trial 296 finished with value: 0.6400214787006177 and parameters: {'window_influence': 0.38258661102262215, 'penalty_k': 0.2691749683533426, 'scale_lr': 0.274747907725384}. Best is trial 285 with value: 0.6572585472759724.
checkpoint_e12 window_influence: 0.48686005073313166, penalty_k: 0.29146026769888178, scale_lr: 0.18080810765475186, AUC: 0.647
Trial 297 finished with value: 0.6469987659562577 and parameters: {'window_influence': 0.48686005073313166, 'penalty_k': 0.2914602676988818, 'scale_lr': 0.18080810765475186}. Best is trial 285 with value: 0.6572585472759724.
checkpoint_e12 window_influence: 0.51383114778980166, penalty_k: 0.11211202823896285, scale_lr: 0.13786025528054940, AUC: 0.647
Trial 298 finished with value: 0.6474305891863313 and parameters: {'window_influence': 0.5138311477898017, 'penalty_k': 0.11211202823896285, 'scale_lr': 0.1378602552805494}. Best is trial 285 with value: 0.6572585472759724.
checkpoint_e12 window_influence: 0.47539097641123257, penalty_k: 0.45202451408433686, scale_lr: 0.15851037755419140, AUC: 0.645
Trial 299 finished with value: 0.644888653990291 and parameters: {'window_influence': 0.47539097641123257, 'penalty_k': 0.45202451408433686, 'scale_lr': 0.1585103775541914}. Best is trial 285 with value: 0.6572585472759724.
checkpoint_e12 window_influence: 0.32903616883959136, penalty_k: 0.12012653162558470, scale_lr: 0.33288959474302121, AUC: 0.641
Trial 300 finished with value: 0.641402709923414 and parameters: {'window_influence': 0.32903616883959136, 'penalty_k': 0.1201265316255847, 'scale_lr': 0.3328895947430212}. Best is trial 285 with value: 0.6572585472759724.
checkpoint_e12 window_influence: 0.49613369457710665, penalty_k: 0.25852562641859961, scale_lr: 0.30655839293593501, AUC: 0.643
Trial 301 finished with value: 0.642764851870224 and parameters: {'window_influence': 0.49613369457710665, 'penalty_k': 0.2585256264185996, 'scale_lr': 0.306558392935935}. Best is trial 285 with value: 0.6572585472759724.
checkpoint_e12 window_influence: 0.45111607766185052, penalty_k: 0.21468397108340612, scale_lr: 0.21412043594904628, AUC: 0.643
Trial 302 finished with value: 0.6426806379248015 and parameters: {'window_influence': 0.4511160776618505, 'penalty_k': 0.21468397108340612, 'scale_lr': 0.21412043594904628}. Best is trial 285 with value: 0.6572585472759724.
checkpoint_e12 window_influence: 0.43251510688276823, penalty_k: 0.23194789743484545, scale_lr: 0.14782108495112845, AUC: 0.646
Trial 303 finished with value: 0.6458763693080449 and parameters: {'window_influence': 0.43251510688276823, 'penalty_k': 0.23194789743484545, 'scale_lr': 0.14782108495112845}. Best is trial 285 with value: 0.6572585472759724.
checkpoint_e12 window_influence: 0.53826620112420664, penalty_k: 0.36856271722075057, scale_lr: 0.28136366901998439, AUC: 0.639
Trial 304 finished with value: 0.6388476426393258 and parameters: {'window_influence': 0.5382662011242066, 'penalty_k': 0.36856271722075057, 'scale_lr': 0.2813636690199844}. Best is trial 285 with value: 0.6572585472759724.
checkpoint_e12 window_influence: 0.48224796603558379, penalty_k: 0.09353442083533269, scale_lr: 0.27269342658820489, AUC: 0.641
Trial 305 finished with value: 0.6414377025383959 and parameters: {'window_influence': 0.4822479660355838, 'penalty_k': 0.09353442083533269, 'scale_lr': 0.2726934265882049}. Best is trial 285 with value: 0.6572585472759724.
checkpoint_e12 window_influence: 0.50350234220887258, penalty_k: 0.00841922763266606, scale_lr: 0.10209397293931807, AUC: 0.648
Trial 306 finished with value: 0.6482689773314756 and parameters: {'window_influence': 0.5035023422088726, 'penalty_k': 0.00841922763266606, 'scale_lr': 0.10209397293931807}. Best is trial 285 with value: 0.6572585472759724.
checkpoint_e12 window_influence: 0.46876909757232410, penalty_k: 0.10596262532003820, scale_lr: 0.19508579979065360, AUC: 0.646
Trial 307 finished with value: 0.6455508253612989 and parameters: {'window_influence': 0.4687690975723241, 'penalty_k': 0.1059626253200382, 'scale_lr': 0.1950857997906536}. Best is trial 285 with value: 0.6572585472759724.
checkpoint_e12 window_influence: 0.52389712153406320, penalty_k: 0.18337033821712961, scale_lr: 0.13017749738286741, AUC: 0.648
Trial 308 finished with value: 0.6478964382135428 and parameters: {'window_influence': 0.5238971215340632, 'penalty_k': 0.1833703382171296, 'scale_lr': 0.1301774973828674}. Best is trial 285 with value: 0.6572585472759724.
checkpoint_e12 window_influence: 0.49268205038831075, penalty_k: 0.13302942407374116, scale_lr: 0.16994050862122340, AUC: 0.652
Trial 309 finished with value: 0.6518976507637269 and parameters: {'window_influence': 0.49268205038831075, 'penalty_k': 0.13302942407374116, 'scale_lr': 0.1699405086212234}. Best is trial 285 with value: 0.6572585472759724.
checkpoint_e12 window_influence: 0.51331534947507440, penalty_k: 0.12997272408132865, scale_lr: 0.16665518351169900, AUC: 0.644
