Trial 431 finished with value: 0.6465012903531278 and parameters: {'window_influence': 0.21615496195877587, 'penalty_k': 0.07266492993372749, 'scale_lr': 0.13996126557781102}. Best is trial 289 with value: 0.658998360506409.
checkpoint_e26 window_influence: 0.47303539967093133, penalty_k: 0.41322268576024729, scale_lr: 0.46581244574018743, AUC: 0.641
Trial 432 finished with value: 0.6413293086121411 and parameters: {'window_influence': 0.47303539967093133, 'penalty_k': 0.4132226857602473, 'scale_lr': 0.46581244574018743}. Best is trial 289 with value: 0.658998360506409.
checkpoint_e26 window_influence: 0.30260031015522348, penalty_k: 0.05019917020107040, scale_lr: 0.17621683045597261, AUC: 0.640
Trial 433 finished with value: 0.6395532891131385 and parameters: {'window_influence': 0.3026003101552235, 'penalty_k': 0.050199170201070405, 'scale_lr': 0.1762168304559726}. Best is trial 289 with value: 0.658998360506409.
checkpoint_e26 window_influence: 0.15010934930488629, penalty_k: 0.08995139634194425, scale_lr: 0.28409920319391313, AUC: 0.645
Trial 434 finished with value: 0.6450207277262039 and parameters: {'window_influence': 0.15010934930488629, 'penalty_k': 0.08995139634194425, 'scale_lr': 0.28409920319391313}. Best is trial 289 with value: 0.658998360506409.
checkpoint_e26 window_influence: 0.13747055782675752, penalty_k: 0.16685920225075734, scale_lr: 0.43421227337134860, AUC: 0.643
Trial 435 finished with value: 0.642789418020977 and parameters: {'window_influence': 0.13747055782675752, 'penalty_k': 0.16685920225075734, 'scale_lr': 0.4342122733713486}. Best is trial 289 with value: 0.658998360506409.
checkpoint_e26 window_influence: 0.18568800647504388, penalty_k: 0.05486815777020421, scale_lr: 0.51037642183088860, AUC: 0.642
Trial 436 finished with value: 0.6421129468311485 and parameters: {'window_influence': 0.18568800647504388, 'penalty_k': 0.05486815777020421, 'scale_lr': 0.5103764218308886}. Best is trial 289 with value: 0.658998360506409.
checkpoint_e26 window_influence: 0.28298116913843213, penalty_k: 0.14376275471962990, scale_lr: 0.12271997349224220, AUC: 0.644
Trial 437 finished with value: 0.6440714676827519 and parameters: {'window_influence': 0.28298116913843213, 'penalty_k': 0.1437627547196299, 'scale_lr': 0.1227199734922422}. Best is trial 289 with value: 0.658998360506409.
checkpoint_e26 window_influence: 0.10556796467906346, penalty_k: 0.07642675353567382, scale_lr: 0.32013410823799165, AUC: 0.637
Trial 438 finished with value: 0.6370928695230003 and parameters: {'window_influence': 0.10556796467906346, 'penalty_k': 0.07642675353567382, 'scale_lr': 0.32013410823799165}. Best is trial 289 with value: 0.658998360506409.
checkpoint_e26 window_influence: 0.36121094530541731, penalty_k: 0.12402211623887813, scale_lr: 0.72454467398662747, AUC: 0.643
Trial 439 finished with value: 0.6433641346109221 and parameters: {'window_influence': 0.3612109453054173, 'penalty_k': 0.12402211623887813, 'scale_lr': 0.7245446739866275}. Best is trial 289 with value: 0.658998360506409.
checkpoint_e26 window_influence: 0.26025042188736719, penalty_k: 0.02952916825274201, scale_lr: 0.22009486139746182, AUC: 0.644
Trial 440 finished with value: 0.6438323857736641 and parameters: {'window_influence': 0.2602504218873672, 'penalty_k': 0.029529168252742006, 'scale_lr': 0.22009486139746182}. Best is trial 289 with value: 0.658998360506409.
checkpoint_e26 window_influence: 0.23538085398804284, penalty_k: 0.10208677840892599, scale_lr: 0.41768911347975057, AUC: 0.645
Trial 441 finished with value: 0.6450595479851126 and parameters: {'window_influence': 0.23538085398804284, 'penalty_k': 0.102086778408926, 'scale_lr': 0.4176891134797506}. Best is trial 289 with value: 0.658998360506409.
checkpoint_e26 window_influence: 0.20623179800969776, penalty_k: 0.06589168690787682, scale_lr: 0.49569244337571572, AUC: 0.643
Trial 442 finished with value: 0.6428346141100262 and parameters: {'window_influence': 0.20623179800969776, 'penalty_k': 0.06589168690787682, 'scale_lr': 0.4956924433757157}. Best is trial 289 with value: 0.658998360506409.
checkpoint_e26 window_influence: 0.24995352919488373, penalty_k: 0.04214804664749638, scale_lr: 0.25832339398794640, AUC: 0.648
Trial 443 finished with value: 0.6477209088250071 and parameters: {'window_influence': 0.24995352919488373, 'penalty_k': 0.04214804664749638, 'scale_lr': 0.2583233939879464}. Best is trial 289 with value: 0.658998360506409.
checkpoint_e26 window_influence: 0.22085427723393242, penalty_k: 0.08763879666943035, scale_lr: 0.23149962006864686, AUC: 0.645
Trial 444 finished with value: 0.6447578347721782 and parameters: {'window_influence': 0.22085427723393242, 'penalty_k': 0.08763879666943035, 'scale_lr': 0.23149962006864686}. Best is trial 289 with value: 0.658998360506409.
checkpoint_e26 window_influence: 0.19007532535521593, penalty_k: 0.14749694474146480, scale_lr: 0.35163074479771383, AUC: 0.642
Trial 445 finished with value: 0.6418233577526588 and parameters: {'window_influence': 0.19007532535521593, 'penalty_k': 0.1474969447414648, 'scale_lr': 0.35163074479771383}. Best is trial 289 with value: 0.658998360506409.
checkpoint_e26 window_influence: 0.20269794281454687, penalty_k: 0.05574751841107299, scale_lr: 0.16388637402488365, AUC: 0.644
Trial 446 finished with value: 0.6443607172127511 and parameters: {'window_influence': 0.20269794281454687, 'penalty_k': 0.05574751841107299, 'scale_lr': 0.16388637402488365}. Best is trial 289 with value: 0.658998360506409.
checkpoint_e26 window_influence: 0.54217591287451550, penalty_k: 0.28399907099311361, scale_lr: 0.52684525724731912, AUC: 0.647
Trial 447 finished with value: 0.6467849357609731 and parameters: {'window_influence': 0.5421759128745155, 'penalty_k': 0.2839990709931136, 'scale_lr': 0.5268452572473191}. Best is trial 289 with value: 0.658998360506409.
checkpoint_e26 window_influence: 0.23228777848239046, penalty_k: 0.19483038303163119, scale_lr: 0.58608267647907653, AUC: 0.633
Trial 448 finished with value: 0.6333866502256156 and parameters: {'window_influence': 0.23228777848239046, 'penalty_k': 0.1948303830316312, 'scale_lr': 0.5860826764790765}. Best is trial 289 with value: 0.658998360506409.
checkpoint_e26 window_influence: 0.17532992343787468, penalty_k: 0.22198862673831504, scale_lr: 0.13853581432609705, AUC: 0.638
Trial 449 finished with value: 0.6377172445715488 and parameters: {'window_influence': 0.17532992343787468, 'penalty_k': 0.22198862673831504, 'scale_lr': 0.13853581432609705}. Best is trial 289 with value: 0.658998360506409.
checkpoint_e26 window_influence: 0.21560441305751205, penalty_k: 0.07872388734618384, scale_lr: 0.20154079244134790, AUC: 0.641
Trial 450 finished with value: 0.6413880746684587 and parameters: {'window_influence': 0.21560441305751205, 'penalty_k': 0.07872388734618384, 'scale_lr': 0.2015407924413479}. Best is trial 289 with value: 0.658998360506409.
checkpoint_e26 window_influence: 0.11089756025237227, penalty_k: 0.25652206895318386, scale_lr: 0.11093302782561418, AUC: 0.635
Trial 451 finished with value: 0.6354688726067682 and parameters: {'window_influence': 0.11089756025237227, 'penalty_k': 0.25652206895318386, 'scale_lr': 0.11093302782561418}. Best is trial 289 with value: 0.658998360506409.
checkpoint_e26 window_influence: 0.24194661724971167, penalty_k: 0.06890280413272021, scale_lr: 0.14928692717783104, AUC: 0.644
Trial 452 finished with value: 0.6443285331363094 and parameters: {'window_influence': 0.24194661724971167, 'penalty_k': 0.06890280413272021, 'scale_lr': 0.14928692717783104}. Best is trial 289 with value: 0.658998360506409.
checkpoint_e26 window_influence: 0.22644324933932680, penalty_k: 0.21112157533432441, scale_lr: 0.59654761050709015, AUC: 0.642
Trial 453 finished with value: 0.6421023757192911 and parameters: {'window_influence': 0.2264432493393268, 'penalty_k': 0.2111215753343244, 'scale_lr': 0.5965476105070902}. Best is trial 289 with value: 0.658998360506409.
checkpoint_e26 window_influence: 0.26997880162915200, penalty_k: 0.04349814821863489, scale_lr: 0.48803806412607448, AUC: 0.644
Trial 454 finished with value: 0.6444102125802149 and parameters: {'window_influence': 0.269978801629152, 'penalty_k': 0.04349814821863489, 'scale_lr': 0.4880380641260745}. Best is trial 289 with value: 0.658998360506409.
checkpoint_e26 window_influence: 0.15847330843152169, penalty_k: 0.01023315596039460, scale_lr: 0.37047943452447357, AUC: 0.645
Trial 455 finished with value: 0.644987959766253 and parameters: {'window_influence': 0.1584733084315217, 'penalty_k': 0.010233155960394601, 'scale_lr': 0.37047943452447357}. Best is trial 289 with value: 0.658998360506409.
checkpoint_e26 window_influence: 0.06473290318548050, penalty_k: 0.03047925315211161, scale_lr: 0.12412576627654553, AUC: 0.639
Trial 456 finished with value: 0.6392894261817996 and parameters: {'window_influence': 0.0647329031854805, 'penalty_k': 0.030479253152111606, 'scale_lr': 0.12412576627654553}. Best is trial 289 with value: 0.658998360506409.
checkpoint_e26 window_influence: 0.19680447969032136, penalty_k: 0.10536705959622707, scale_lr: 0.61590327864177641, AUC: 0.648
Trial 457 finished with value: 0.6484900205429301 and parameters: {'window_influence': 0.19680447969032136, 'penalty_k': 0.10536705959622707, 'scale_lr': 0.6159032786417764}. Best is trial 289 with value: 0.658998360506409.
checkpoint_e26 window_influence: 0.25105738404326289, penalty_k: 0.08589338595700947, scale_lr: 0.11329026788015366, AUC: 0.649
Trial 458 finished with value: 0.6487315513446584 and parameters: {'window_influence': 0.2510573840432629, 'penalty_k': 0.08589338595700947, 'scale_lr': 0.11329026788015366}. Best is trial 289 with value: 0.658998360506409.
checkpoint_e26 window_influence: 0.21408346246711102, penalty_k: 0.23341745996909341, scale_lr: 0.18175578807115195, AUC: 0.641
Trial 459 finished with value: 0.6412489500484096 and parameters: {'window_influence': 0.21408346246711102, 'penalty_k': 0.2334174599690934, 'scale_lr': 0.18175578807115195}. Best is trial 289 with value: 0.658998360506409.
checkpoint_e26 window_influence: 0.23638925700812691, penalty_k: 0.05866389497727825, scale_lr: 0.55937514231102947, AUC: 0.642
Trial 460 finished with value: 0.641784353548479 and parameters: {'window_influence': 0.2363892570081269, 'penalty_k': 0.05866389497727825, 'scale_lr': 0.5593751423110295}. Best is trial 289 with value: 0.658998360506409.
checkpoint_e26 window_influence: 0.22213146709612597, penalty_k: 0.12549782013641331, scale_lr: 0.27225545869641204, AUC: 0.635
Trial 461 finished with value: 0.6347746154771247 and parameters: {'window_influence': 0.22213146709612597, 'penalty_k': 0.1254978201364133, 'scale_lr': 0.27225545869641204}. Best is trial 289 with value: 0.658998360506409.
checkpoint_e26 window_influence: 0.29252759893655172, penalty_k: 0.06997548429179620, scale_lr: 0.46836853169802406, AUC: 0.641
Trial 462 finished with value: 0.6410203501071148 and parameters: {'window_influence': 0.2925275989365517, 'penalty_k': 0.0699754842917962, 'scale_lr': 0.46836853169802406}. Best is trial 289 with value: 0.658998360506409.
checkpoint_e26 window_influence: 0.20336268341705308, penalty_k: 0.09552790491426727, scale_lr: 0.13395632108006450, AUC: 0.646
Trial 463 finished with value: 0.6460227385997436 and parameters: {'window_influence': 0.20336268341705308, 'penalty_k': 0.09552790491426727, 'scale_lr': 0.1339563210800645}. Best is trial 289 with value: 0.658998360506409.
checkpoint_e26 window_influence: 0.18113638796687592, penalty_k: 0.17538555993052299, scale_lr: 0.10050089493957937, AUC: 0.640
Trial 464 finished with value: 0.6397536227233361 and parameters: {'window_influence': 0.18113638796687592, 'penalty_k': 0.175385559930523, 'scale_lr': 0.10050089493957937}. Best is trial 289 with value: 0.658998360506409.
checkpoint_e26 window_influence: 0.37997711974814075, penalty_k: 0.05238251476858422, scale_lr: 0.15110587000846484, AUC: 0.641
Trial 465 finished with value: 0.6409830780500168 and parameters: {'window_influence': 0.37997711974814075, 'penalty_k': 0.052382514768584215, 'scale_lr': 0.15110587000846484}. Best is trial 289 with value: 0.658998360506409.
checkpoint_e26 window_influence: 0.24214869847030321, penalty_k: 0.52019296400956805, scale_lr: 0.44969531806836460, AUC: 0.647
Trial 466 finished with value: 0.6472647607820833 and parameters: {'window_influence': 0.2421486984703032, 'penalty_k': 0.520192964009568, 'scale_lr': 0.4496953180683646}. Best is trial 289 with value: 0.658998360506409.
checkpoint_e26 window_influence: 0.26065426159756450, penalty_k: 0.28668186978291255, scale_lr: 0.38695076256213623, AUC: 0.644
Trial 467 finished with value: 0.6441074346973006 and parameters: {'window_influence': 0.2606542615975645, 'penalty_k': 0.28668186978291255, 'scale_lr': 0.38695076256213623}. Best is trial 289 with value: 0.658998360506409.
checkpoint_e26 window_influence: 0.21098010177440890, penalty_k: 0.02471842595878632, scale_lr: 0.12391998221606117, AUC: 0.650
Trial 468 finished with value: 0.6497141105895552 and parameters: {'window_influence': 0.2109801017744089, 'penalty_k': 0.024718425958786316, 'scale_lr': 0.12391998221606117}. Best is trial 289 with value: 0.658998360506409.
checkpoint_e26 window_influence: 0.46175260760091502, penalty_k: 0.08122760379312205, scale_lr: 0.25012943091436851, AUC: 0.643
Trial 469 finished with value: 0.6428562004189516 and parameters: {'window_influence': 0.461752607600915, 'penalty_k': 0.08122760379312205, 'scale_lr': 0.2501294309143685}. Best is trial 289 with value: 0.658998360506409.
checkpoint_e26 window_influence: 0.22868860436471170, penalty_k: 0.11174553358658514, scale_lr: 0.41084973640174838, AUC: 0.644
Trial 470 finished with value: 0.6437472706090699 and parameters: {'window_influence': 0.2286886043647117, 'penalty_k': 0.11174553358658514, 'scale_lr': 0.4108497364017484}. Best is trial 289 with value: 0.658998360506409.
checkpoint_e26 window_influence: 0.19146063077173123, penalty_k: 0.04003402216013810, scale_lr: 0.30749116788361114, AUC: 0.637
Trial 471 finished with value: 0.637166658851585 and parameters: {'window_influence': 0.19146063077173123, 'penalty_k': 0.0400340221601381, 'scale_lr': 0.30749116788361114}. Best is trial 289 with value: 0.658998360506409.
checkpoint_e26 window_influence: 0.17053738909521235, penalty_k: 0.06252917284685036, scale_lr: 0.16019935298335228, AUC: 0.643
Trial 472 finished with value: 0.6434288534984651 and parameters: {'window_influence': 0.17053738909521235, 'penalty_k': 0.06252917284685036, 'scale_lr': 0.16019935298335228}. Best is trial 289 with value: 0.658998360506409.
checkpoint_e26 window_influence: 0.20413128780021197, penalty_k: 0.37073015048342139, scale_lr: 0.33177036698946538, AUC: 0.646
Trial 473 finished with value: 0.6462042963542403 and parameters: {'window_influence': 0.20413128780021197, 'penalty_k': 0.3707301504834214, 'scale_lr': 0.3317703669894654}. Best is trial 289 with value: 0.658998360506409.
checkpoint_e26 window_influence: 0.22031216770800663, penalty_k: 0.13699434924111051, scale_lr: 0.10006044291331663, AUC: 0.646
Trial 474 finished with value: 0.6457020356142833 and parameters: {'window_influence': 0.22031216770800663, 'penalty_k': 0.1369943492411105, 'scale_lr': 0.10006044291331663}. Best is trial 289 with value: 0.658998360506409.
checkpoint_e26 window_influence: 0.11980465329501182, penalty_k: 0.15155954295298613, scale_lr: 0.19403220158823181, AUC: 0.638
Trial 475 finished with value: 0.6379118851596257 and parameters: {'window_influence': 0.11980465329501182, 'penalty_k': 0.15155954295298613, 'scale_lr': 0.1940322015882318}. Best is trial 289 with value: 0.658998360506409.
checkpoint_e26 window_influence: 0.25062520266506683, penalty_k: 0.04939727765250429, scale_lr: 0.13650634472846415, AUC: 0.644
Trial 476 finished with value: 0.6442766100501321 and parameters: {'window_influence': 0.2506252026650668, 'penalty_k': 0.04939727765250429, 'scale_lr': 0.13650634472846415}. Best is trial 289 with value: 0.658998360506409.
checkpoint_e26 window_influence: 0.23362754723941478, penalty_k: 0.35113934135117308, scale_lr: 0.11782763444100382, AUC: 0.640
Trial 477 finished with value: 0.640091839281347 and parameters: {'window_influence': 0.23362754723941478, 'penalty_k': 0.3511393413511731, 'scale_lr': 0.11782763444100382}. Best is trial 289 with value: 0.658998360506409.
checkpoint_e26 window_influence: 0.19736625563950669, penalty_k: 0.07080159094934463, scale_lr: 0.21098909265513860, AUC: 0.651
Trial 478 finished with value: 0.650939210944359 and parameters: {'window_influence': 0.1973662556395067, 'penalty_k': 0.07080159094934463, 'scale_lr': 0.2109890926551386}. Best is trial 289 with value: 0.658998360506409.
checkpoint_e26 window_influence: 0.41039050584334447, penalty_k: 0.32112049020189265, scale_lr: 0.43533138537348970, AUC: 0.645
Trial 479 finished with value: 0.6453315540782906 and parameters: {'window_influence': 0.41039050584334447, 'penalty_k': 0.32112049020189265, 'scale_lr': 0.4353313853734897}. Best is trial 289 with value: 0.658998360506409.
checkpoint_e26 window_influence: 0.27658537618362655, penalty_k: 0.09498278969101823, scale_lr: 0.54385694650847771, AUC: 0.638
Trial 480 finished with value: 0.6377854642684659 and parameters: {'window_influence': 0.27658537618362655, 'penalty_k': 0.09498278969101823, 'scale_lr': 0.5438569465084777}. Best is trial 289 with value: 0.658998360506409.
checkpoint_e26 window_influence: 0.14486883311105236, penalty_k: 0.08117508477730091, scale_lr: 0.36069765670960435, AUC: 0.634
Trial 481 finished with value: 0.6341560447916413 and parameters: {'window_influence': 0.14486883311105236, 'penalty_k': 0.08117508477730091, 'scale_lr': 0.36069765670960435}. Best is trial 289 with value: 0.658998360506409.
checkpoint_e26 window_influence: 0.59727068834057906, penalty_k: 0.57315132055289564, scale_lr: 0.17176240736087173, AUC: 0.642
Trial 482 finished with value: 0.6422625006874605 and parameters: {'window_influence': 0.5972706883405791, 'penalty_k': 0.5731513205528956, 'scale_lr': 0.17176240736087173}. Best is trial 289 with value: 0.658998360506409.
checkpoint_e26 window_influence: 0.21584539823813631, penalty_k: 0.00853150033301681, scale_lr: 0.23124413053207346, AUC: 0.640
Trial 483 finished with value: 0.6401115089304478 and parameters: {'window_influence': 0.2158453982381363, 'penalty_k': 0.008531500333016806, 'scale_lr': 0.23124413053207346}. Best is trial 289 with value: 0.658998360506409.
checkpoint_e26 window_influence: 0.42186787746795562, penalty_k: 0.03742823106261771, scale_lr: 0.52819210160490382, AUC: 0.642
Trial 484 finished with value: 0.6419082793767059 and parameters: {'window_influence': 0.4218678774679556, 'penalty_k': 0.03742823106261771, 'scale_lr': 0.5281921016049038}. Best is trial 289 with value: 0.658998360506409.
checkpoint_e26 window_influence: 0.22747325635598711, penalty_k: 0.05117320634860326, scale_lr: 0.12722933329261138, AUC: 0.654
Trial 485 finished with value: 0.6541681292124749 and parameters: {'window_influence': 0.2274732563559871, 'penalty_k': 0.051173206348603256, 'scale_lr': 0.12722933329261138}. Best is trial 289 with value: 0.658998360506409.
checkpoint_e26 window_influence: 0.18490713886180452, penalty_k: 0.05635108305223154, scale_lr: 0.14116274029701092, AUC: 0.651
Trial 486 finished with value: 0.6513544877702797 and parameters: {'window_influence': 0.18490713886180452, 'penalty_k': 0.05635108305223154, 'scale_lr': 0.14116274029701092}. Best is trial 289 with value: 0.658998360506409.
checkpoint_e26 window_influence: 0.20878036947725331, penalty_k: 0.02269170326173161, scale_lr: 0.12674145266828465, AUC: 0.650
Trial 487 finished with value: 0.650002694125208 and parameters: {'window_influence': 0.2087803694772533, 'penalty_k': 0.02269170326173161, 'scale_lr': 0.12674145266828465}. Best is trial 289 with value: 0.658998360506409.
checkpoint_e26 window_influence: 0.24257438292506125, penalty_k: 0.05044371784272488, scale_lr: 0.79757104139583179, AUC: 0.640
Trial 488 finished with value: 0.6403531642526044 and parameters: {'window_influence': 0.24257438292506125, 'penalty_k': 0.050443717842724875, 'scale_lr': 0.7975710413958318}. Best is trial 289 with value: 0.658998360506409.
checkpoint_e26 window_influence: 0.22242353724028324, penalty_k: 0.06611651862771181, scale_lr: 0.11401297759338352, AUC: 0.651
Trial 489 finished with value: 0.6508090741684804 and parameters: {'window_influence': 0.22242353724028324, 'penalty_k': 0.06611651862771181, 'scale_lr': 0.11401297759338352}. Best is trial 289 with value: 0.658998360506409.
checkpoint_e26 window_influence: 0.25848423631705525, penalty_k: 0.26036075584247725, scale_lr: 0.15269295478159600, AUC: 0.642
Trial 490 finished with value: 0.6420191991287969 and parameters: {'window_influence': 0.25848423631705525, 'penalty_k': 0.26036075584247725, 'scale_lr': 0.152692954781596}. Best is trial 289 with value: 0.658998360506409.
checkpoint_e26 window_influence: 0.16378308417357682, penalty_k: 0.03731744785193686, scale_lr: 0.13085160544159163, AUC: 0.645
Trial 491 finished with value: 0.6445055529722379 and parameters: {'window_influence': 0.16378308417357682, 'penalty_k': 0.037317447851936865, 'scale_lr': 0.13085160544159163}. Best is trial 289 with value: 0.658998360506409.
checkpoint_e26 window_influence: 0.19700897285734295, penalty_k: 0.07751545189637520, scale_lr: 0.11099894974427320, AUC: 0.642
Trial 492 finished with value: 0.6423991362416883 and parameters: {'window_influence': 0.19700897285734295, 'penalty_k': 0.0775154518963752, 'scale_lr': 0.1109989497442732}. Best is trial 289 with value: 0.658998360506409.
checkpoint_e26 window_influence: 0.31197668329322892, penalty_k: 0.06385993733562954, scale_lr: 0.16453775759060618, AUC: 0.640
