Trial 62 finished with value: 0.6568316752281912 and parameters: {'window_influence': 0.4965221117725281, 'penalty_k': 0.163262043712464, 'scale_lr': 0.18131371300902044}. Best is trial 62 with value: 0.6568316752281912.
checkpoint_e12 window_influence: 0.43175608284017269, penalty_k: 0.17341346071485361, scale_lr: 0.18396362772900302, AUC: 0.640
Trial 63 finished with value: 0.6400698926923055 and parameters: {'window_influence': 0.4317560828401727, 'penalty_k': 0.1734134607148536, 'scale_lr': 0.18396362772900302}. Best is trial 62 with value: 0.6568316752281912.
checkpoint_e12 window_influence: 0.49914716253541114, penalty_k: 0.15750938097900416, scale_lr: 0.12697106007207418, AUC: 0.643
Trial 64 finished with value: 0.6432201797125143 and parameters: {'window_influence': 0.49914716253541114, 'penalty_k': 0.15750938097900416, 'scale_lr': 0.12697106007207418}. Best is trial 62 with value: 0.6568316752281912.
checkpoint_e12 window_influence: 0.46799590254596191, penalty_k: 0.20714082152295923, scale_lr: 0.17271199095683001, AUC: 0.644
Trial 65 finished with value: 0.6441400015390183 and parameters: {'window_influence': 0.4679959025459619, 'penalty_k': 0.20714082152295923, 'scale_lr': 0.17271199095683}. Best is trial 62 with value: 0.6568316752281912.
checkpoint_e12 window_influence: 0.55158392188678240, penalty_k: 0.15703393227349355, scale_lr: 0.15069351011897619, AUC: 0.646
Trial 66 finished with value: 0.646300586914226 and parameters: {'window_influence': 0.5515839218867824, 'penalty_k': 0.15703393227349355, 'scale_lr': 0.1506935101189762}. Best is trial 62 with value: 0.6568316752281912.
checkpoint_e12 window_influence: 0.48789049273430041, penalty_k: 0.12744200211074658, scale_lr: 0.11935486212179536, AUC: 0.646
Trial 67 finished with value: 0.6461315062359909 and parameters: {'window_influence': 0.4878904927343004, 'penalty_k': 0.12744200211074658, 'scale_lr': 0.11935486212179536}. Best is trial 62 with value: 0.6568316752281912.
checkpoint_e12 window_influence: 0.52723447668530654, penalty_k: 0.19866985112416313, scale_lr: 0.21718604217364490, AUC: 0.639
Trial 68 finished with value: 0.6388916392971304 and parameters: {'window_influence': 0.5272344766853065, 'penalty_k': 0.19866985112416313, 'scale_lr': 0.2171860421736449}. Best is trial 62 with value: 0.6568316752281912.
checkpoint_e12 window_influence: 0.50241717983733203, penalty_k: 0.24677927581907338, scale_lr: 0.19310265302971441, AUC: 0.646
Trial 69 finished with value: 0.6458513775233937 and parameters: {'window_influence': 0.502417179837332, 'penalty_k': 0.24677927581907338, 'scale_lr': 0.1931026530297144}. Best is trial 62 with value: 0.6568316752281912.
checkpoint_e12 window_influence: 0.45119890401230894, penalty_k: 0.18116440461830724, scale_lr: 0.15452514494756653, AUC: 0.654
Trial 70 finished with value: 0.6537724097779597 and parameters: {'window_influence': 0.45119890401230894, 'penalty_k': 0.18116440461830724, 'scale_lr': 0.15452514494756653}. Best is trial 62 with value: 0.6568316752281912.
checkpoint_e12 window_influence: 0.44398804649838419, penalty_k: 0.18199986132776988, scale_lr: 0.15064294876067352, AUC: 0.646
Trial 71 finished with value: 0.6463396185262352 and parameters: {'window_influence': 0.4439880464983842, 'penalty_k': 0.18199986132776988, 'scale_lr': 0.15064294876067352}. Best is trial 62 with value: 0.6568316752281912.
checkpoint_e12 window_influence: 0.46754366998032687, penalty_k: 0.14398087123922776, scale_lr: 0.12622730840658059, AUC: 0.644
Trial 72 finished with value: 0.6441605387892279 and parameters: {'window_influence': 0.46754366998032687, 'penalty_k': 0.14398087123922776, 'scale_lr': 0.12622730840658059}. Best is trial 62 with value: 0.6568316752281912.
checkpoint_e12 window_influence: 0.41442505172709765, penalty_k: 0.21036915617491359, scale_lr: 0.17373871692870249, AUC: 0.639
Trial 73 finished with value: 0.6394153681909545 and parameters: {'window_influence': 0.41442505172709765, 'penalty_k': 0.21036915617491359, 'scale_lr': 0.1737387169287025}. Best is trial 62 with value: 0.6568316752281912.
checkpoint_e12 window_influence: 0.45680721977241390, penalty_k: 0.17145204971212302, scale_lr: 0.10115748645349645, AUC: 0.646
Trial 74 finished with value: 0.6456527142772196 and parameters: {'window_influence': 0.4568072197724139, 'penalty_k': 0.17145204971212302, 'scale_lr': 0.10115748645349645}. Best is trial 62 with value: 0.6568316752281912.
checkpoint_e12 window_influence: 0.48519236957894812, penalty_k: 0.11186042841083377, scale_lr: 0.20409704729727041, AUC: 0.643
Trial 75 finished with value: 0.6431739832189457 and parameters: {'window_influence': 0.4851923695789481, 'penalty_k': 0.11186042841083377, 'scale_lr': 0.2040970472972704}. Best is trial 62 with value: 0.6568316752281912.
checkpoint_e12 window_influence: 0.54308653585906741, penalty_k: 0.22689271255548807, scale_lr: 0.15588193754264579, AUC: 0.644
Trial 76 finished with value: 0.6436230042165548 and parameters: {'window_influence': 0.5430865358590674, 'penalty_k': 0.22689271255548807, 'scale_lr': 0.1558819375426458}. Best is trial 62 with value: 0.6568316752281912.
checkpoint_e12 window_influence: 0.51381276041201462, penalty_k: 0.18864683233952309, scale_lr: 0.23566683552329767, AUC: 0.645
Trial 77 finished with value: 0.6451059285402493 and parameters: {'window_influence': 0.5138127604120146, 'penalty_k': 0.1886468323395231, 'scale_lr': 0.23566683552329767}. Best is trial 62 with value: 0.6568316752281912.
checkpoint_e12 window_influence: 0.45223513462007309, penalty_k: 0.14966376777777607, scale_lr: 0.13147419615563100, AUC: 0.643
Trial 78 finished with value: 0.6429198974573115 and parameters: {'window_influence': 0.4522351346200731, 'penalty_k': 0.14966376777777607, 'scale_lr': 0.131474196155631}. Best is trial 62 with value: 0.6568316752281912.
checkpoint_e12 window_influence: 0.57061603301026087, penalty_k: 0.11613781281076173, scale_lr: 0.17368782898355778, AUC: 0.640
Trial 79 finished with value: 0.6396191639306554 and parameters: {'window_influence': 0.5706160330102609, 'penalty_k': 0.11613781281076173, 'scale_lr': 0.17368782898355778}. Best is trial 62 with value: 0.6568316752281912.
checkpoint_e12 window_influence: 0.50097983639092547, penalty_k: 0.16857470399365640, scale_lr: 0.26869860694381625, AUC: 0.641
Trial 80 finished with value: 0.6407177672041683 and parameters: {'window_influence': 0.5009798363909255, 'penalty_k': 0.1685747039936564, 'scale_lr': 0.26869860694381625}. Best is trial 62 with value: 0.6568316752281912.
checkpoint_e12 window_influence: 0.53186020950010660, penalty_k: 0.09207253428344449, scale_lr: 0.21951922570983415, AUC: 0.650
Trial 81 finished with value: 0.6496259123809213 and parameters: {'window_influence': 0.5318602095001066, 'penalty_k': 0.09207253428344449, 'scale_lr': 0.21951922570983415}. Best is trial 62 with value: 0.6568316752281912.
checkpoint_e12 window_influence: 0.53143545730063546, penalty_k: 0.08753280433610906, scale_lr: 0.22166594945386470, AUC: 0.644
Trial 82 finished with value: 0.6437270400211267 and parameters: {'window_influence': 0.5314354573006355, 'penalty_k': 0.08753280433610906, 'scale_lr': 0.2216659494538647}. Best is trial 62 with value: 0.6568316752281912.
checkpoint_e12 window_influence: 0.55473343523956475, penalty_k: 0.13442857577296957, scale_lr: 0.20106720529161276, AUC: 0.647
Trial 83 finished with value: 0.6467395414081756 and parameters: {'window_influence': 0.5547334352395648, 'penalty_k': 0.13442857577296957, 'scale_lr': 0.20106720529161276}. Best is trial 62 with value: 0.6568316752281912.
checkpoint_e12 window_influence: 0.48709336359646110, penalty_k: 0.09985449731953583, scale_lr: 0.15857305609199712, AUC: 0.648
Trial 84 finished with value: 0.6483404823338993 and parameters: {'window_influence': 0.4870933635964611, 'penalty_k': 0.09985449731953583, 'scale_lr': 0.15857305609199712}. Best is trial 62 with value: 0.6568316752281912.
checkpoint_e12 window_influence: 0.47589895363956614, penalty_k: 0.09737927747138193, scale_lr: 0.18585825844865828, AUC: 0.647
Trial 85 finished with value: 0.6466233718841315 and parameters: {'window_influence': 0.47589895363956614, 'penalty_k': 0.09737927747138193, 'scale_lr': 0.18585825844865828}. Best is trial 62 with value: 0.6568316752281912.
checkpoint_e12 window_influence: 0.48738122694194730, penalty_k: 0.07651178992375268, scale_lr: 0.16037182583623127, AUC: 0.642
Trial 86 finished with value: 0.6422620735982011 and parameters: {'window_influence': 0.4873812269419473, 'penalty_k': 0.07651178992375268, 'scale_lr': 0.16037182583623127}. Best is trial 62 with value: 0.6568316752281912.
checkpoint_e12 window_influence: 0.59350926954462790, penalty_k: 0.11481258880388620, scale_lr: 0.11356060547910524, AUC: 0.642
Trial 87 finished with value: 0.6424127721757924 and parameters: {'window_influence': 0.5935092695446279, 'penalty_k': 0.1148125888038862, 'scale_lr': 0.11356060547910524}. Best is trial 62 with value: 0.6568316752281912.
checkpoint_e12 window_influence: 0.43228130104875911, penalty_k: 0.14783017900248244, scale_lr: 0.24412563751844873, AUC: 0.645
Trial 88 finished with value: 0.6451721913974673 and parameters: {'window_influence': 0.4322813010487591, 'penalty_k': 0.14783017900248244, 'scale_lr': 0.24412563751844873}. Best is trial 62 with value: 0.6568316752281912.
checkpoint_e12 window_influence: 0.50706970198863077, penalty_k: 0.12097956361755334, scale_lr: 0.21373779639190318, AUC: 0.645
Trial 89 finished with value: 0.6449647604096644 and parameters: {'window_influence': 0.5070697019886308, 'penalty_k': 0.12097956361755334, 'scale_lr': 0.21373779639190318}. Best is trial 62 with value: 0.6568316752281912.
checkpoint_e12 window_influence: 0.45846607910287757, penalty_k: 0.05392241061425389, scale_lr: 0.16264638410501181, AUC: 0.641
Trial 90 finished with value: 0.6410095482584601 and parameters: {'window_influence': 0.45846607910287757, 'penalty_k': 0.053922410614253895, 'scale_lr': 0.1626463841050118}. Best is trial 62 with value: 0.6568316752281912.
checkpoint_e12 window_influence: 0.52467068411622231, penalty_k: 0.19366945651398471, scale_lr: 0.14119435744588649, AUC: 0.648
Trial 91 finished with value: 0.6482191236008604 and parameters: {'window_influence': 0.5246706841162223, 'penalty_k': 0.1936694565139847, 'scale_lr': 0.1411943574458865}. Best is trial 62 with value: 0.6568316752281912.
checkpoint_e12 window_influence: 0.54174295542618733, penalty_k: 0.19314940620418383, scale_lr: 0.14217268830853830, AUC: 0.645
Trial 92 finished with value: 0.6446201087805751 and parameters: {'window_influence': 0.5417429554261873, 'penalty_k': 0.19314940620418383, 'scale_lr': 0.1421726883085383}. Best is trial 62 with value: 0.6568316752281912.
checkpoint_e12 window_influence: 0.51361619129889757, penalty_k: 0.16652005596076333, scale_lr: 0.12072073476567149, AUC: 0.645
Trial 93 finished with value: 0.6454055553388244 and parameters: {'window_influence': 0.5136161912988976, 'penalty_k': 0.16652005596076333, 'scale_lr': 0.1207207347656715}. Best is trial 62 with value: 0.6568316752281912.
checkpoint_e12 window_influence: 0.47953765088269401, penalty_k: 0.13341786428978900, scale_lr: 0.18152981347146152, AUC: 0.650
Trial 94 finished with value: 0.6496661483067572 and parameters: {'window_influence': 0.479537650882694, 'penalty_k': 0.133417864289789, 'scale_lr': 0.18152981347146152}. Best is trial 62 with value: 0.6568316752281912.
checkpoint_e12 window_influence: 0.48323639120788703, penalty_k: 0.10254647080453394, scale_lr: 0.19010142565208341, AUC: 0.647
Trial 95 finished with value: 0.64746970084037 and parameters: {'window_influence': 0.48323639120788703, 'penalty_k': 0.10254647080453394, 'scale_lr': 0.1901014256520834}. Best is trial 62 with value: 0.6568316752281912.
checkpoint_e12 window_influence: 0.49724218150844196, penalty_k: 0.13780519600551489, scale_lr: 0.17621308873357341, AUC: 0.645
Trial 96 finished with value: 0.645321425467895 and parameters: {'window_influence': 0.49724218150844196, 'penalty_k': 0.13780519600551489, 'scale_lr': 0.17621308873357341}. Best is trial 62 with value: 0.6568316752281912.
checkpoint_e12 window_influence: 0.56625963791199030, penalty_k: 0.08490274078978211, scale_lr: 0.11183300351016014, AUC: 0.638
Trial 97 finished with value: 0.637508613816957 and parameters: {'window_influence': 0.5662596379119903, 'penalty_k': 0.0849027407897821, 'scale_lr': 0.11183300351016014}. Best is trial 62 with value: 0.6568316752281912.
checkpoint_e12 window_influence: 0.53098791327577899, penalty_k: 0.12587480078937011, scale_lr: 0.14320365790262418, AUC: 0.647
Trial 98 finished with value: 0.6471113614660442 and parameters: {'window_influence': 0.530987913275779, 'penalty_k': 0.1258748007893701, 'scale_lr': 0.14320365790262418}. Best is trial 62 with value: 0.6568316752281912.
checkpoint_e12 window_influence: 0.54969895966105897, penalty_k: 0.07155860766561672, scale_lr: 0.16373368781182773, AUC: 0.646
Trial 99 finished with value: 0.6461788563006773 and parameters: {'window_influence': 0.549698959661059, 'penalty_k': 0.07155860766561672, 'scale_lr': 0.16373368781182773}. Best is trial 62 with value: 0.6568316752281912.
checkpoint_e12 window_influence: 0.50874404181974020, penalty_k: 0.15566182349017382, scale_lr: 0.19819365101598113, AUC: 0.648
Trial 100 finished with value: 0.6476860284564344 and parameters: {'window_influence': 0.5087440418197402, 'penalty_k': 0.15566182349017382, 'scale_lr': 0.19819365101598113}. Best is trial 62 with value: 0.6568316752281912.
checkpoint_e12 window_influence: 0.47033952089094117, penalty_k: 0.18553732128425904, scale_lr: 0.13181967438302217, AUC: 0.645
Trial 101 finished with value: 0.6452754855530668 and parameters: {'window_influence': 0.47033952089094117, 'penalty_k': 0.18553732128425904, 'scale_lr': 0.13181967438302217}. Best is trial 62 with value: 0.6568316752281912.
checkpoint_e12 window_influence: 0.49594855709966124, penalty_k: 0.14304096953062967, scale_lr: 0.22912949316674452, AUC: 0.646
Trial 102 finished with value: 0.6463431652105884 and parameters: {'window_influence': 0.49594855709966124, 'penalty_k': 0.14304096953062967, 'scale_lr': 0.22912949316674452}. Best is trial 62 with value: 0.6568316752281912.
checkpoint_e12 window_influence: 0.44702374993513322, penalty_k: 0.10050515455737846, scale_lr: 0.18130899245983972, AUC: 0.646
Trial 103 finished with value: 0.6455449534961324 and parameters: {'window_influence': 0.4470237499351332, 'penalty_k': 0.10050515455737846, 'scale_lr': 0.18130899245983972}. Best is trial 62 with value: 0.6568316752281912.
checkpoint_e12 window_influence: 0.52170247903828271, penalty_k: 0.16437744082040390, scale_lr: 0.15401351812043254, AUC: 0.647
Trial 104 finished with value: 0.6466890309165967 and parameters: {'window_influence': 0.5217024790382827, 'penalty_k': 0.1643774408204039, 'scale_lr': 0.15401351812043254}. Best is trial 62 with value: 0.6568316752281912.
checkpoint_e12 window_influence: 0.47525793019001789, penalty_k: 0.20356133253606998, scale_lr: 0.11433253722716091, AUC: 0.647
Trial 105 finished with value: 0.6474076558475557 and parameters: {'window_influence': 0.4752579301900179, 'penalty_k': 0.20356133253606998, 'scale_lr': 0.11433253722716091}. Best is trial 62 with value: 0.6568316752281912.
checkpoint_e12 window_influence: 0.46077866347398388, penalty_k: 0.12523362083692635, scale_lr: 0.20926044975333880, AUC: 0.646
Trial 106 finished with value: 0.6462484725689862 and parameters: {'window_influence': 0.4607786634739839, 'penalty_k': 0.12523362083692635, 'scale_lr': 0.2092604497533388}. Best is trial 62 with value: 0.6568316752281912.
checkpoint_e12 window_influence: 0.49316413343225940, penalty_k: 0.17767761593397569, scale_lr: 0.14966386644061885, AUC: 0.651
Trial 107 finished with value: 0.6508626327800736 and parameters: {'window_influence': 0.4931641334322594, 'penalty_k': 0.17767761593397569, 'scale_lr': 0.14966386644061885}. Best is trial 62 with value: 0.6568316752281912.
checkpoint_e12 window_influence: 0.54090478235869222, penalty_k: 0.17491617708041274, scale_lr: 0.14198492010439465, AUC: 0.649
Trial 108 finished with value: 0.6493652149948547 and parameters: {'window_influence': 0.5409047823586922, 'penalty_k': 0.17491617708041274, 'scale_lr': 0.14198492010439465}. Best is trial 62 with value: 0.6568316752281912.
checkpoint_e12 window_influence: 0.54024979668656015, penalty_k: 0.17456960290124854, scale_lr: 0.17047625224741858, AUC: 0.643
Trial 109 finished with value: 0.6433315719579422 and parameters: {'window_influence': 0.5402497966865601, 'penalty_k': 0.17456960290124854, 'scale_lr': 0.17047625224741858}. Best is trial 62 with value: 0.6568316752281912.
checkpoint_e12 window_influence: 0.49307917875868873, penalty_k: 0.06180217006950599, scale_lr: 0.12954615611132958, AUC: 0.650
Trial 110 finished with value: 0.6497017602121749 and parameters: {'window_influence': 0.49307917875868873, 'penalty_k': 0.06180217006950599, 'scale_lr': 0.12954615611132958}. Best is trial 62 with value: 0.6568316752281912.
checkpoint_e12 window_influence: 0.49189236165162997, penalty_k: 0.08833776724051226, scale_lr: 0.13064031504396956, AUC: 0.650
Trial 111 finished with value: 0.6499700616999389 and parameters: {'window_influence': 0.49189236165163, 'penalty_k': 0.08833776724051226, 'scale_lr': 0.13064031504396956}. Best is trial 62 with value: 0.6568316752281912.
checkpoint_e12 window_influence: 0.51549524932338986, penalty_k: 0.03865377655788577, scale_lr: 0.12378724702590505, AUC: 0.647
Trial 112 finished with value: 0.6474493298772152 and parameters: {'window_influence': 0.5154952493233899, 'penalty_k': 0.038653776557885766, 'scale_lr': 0.12378724702590505}. Best is trial 62 with value: 0.6568316752281912.
checkpoint_e12 window_influence: 0.49795791809534123, penalty_k: 0.05746590092653261, scale_lr: 0.13463318638246211, AUC: 0.645
Trial 113 finished with value: 0.6454299624054303 and parameters: {'window_influence': 0.49795791809534123, 'penalty_k': 0.05746590092653261, 'scale_lr': 0.1346331863824621}. Best is trial 62 with value: 0.6568316752281912.
checkpoint_e12 window_influence: 0.53638959327131941, penalty_k: 0.08079678792678520, scale_lr: 0.10107288740206777, AUC: 0.642
Trial 114 finished with value: 0.6416411467989395 and parameters: {'window_influence': 0.5363895932713194, 'penalty_k': 0.0807967879267852, 'scale_lr': 0.10107288740206777}. Best is trial 62 with value: 0.6568316752281912.
checkpoint_e12 window_influence: 0.51106336930180962, penalty_k: 0.06763477603921825, scale_lr: 0.15082432850073546, AUC: 0.644
Trial 115 finished with value: 0.6440786206578761 and parameters: {'window_influence': 0.5110633693018096, 'penalty_k': 0.06763477603921825, 'scale_lr': 0.15082432850073546}. Best is trial 62 with value: 0.6568316752281912.
checkpoint_e12 window_influence: 0.47804043509374244, penalty_k: 0.08813123791066833, scale_lr: 0.11959650158041139, AUC: 0.644
Trial 116 finished with value: 0.6442986503530067 and parameters: {'window_influence': 0.47804043509374244, 'penalty_k': 0.08813123791066833, 'scale_lr': 0.1195965015804114}. Best is trial 62 with value: 0.6568316752281912.
checkpoint_e12 window_influence: 0.49277699056469282, penalty_k: 0.11017142731444909, scale_lr: 0.17700632477755349, AUC: 0.648
Trial 117 finished with value: 0.6481840350918349 and parameters: {'window_influence': 0.4927769905646928, 'penalty_k': 0.1101714273144491, 'scale_lr': 0.1770063247775535}. Best is trial 62 with value: 0.6568316752281912.
checkpoint_e12 window_influence: 0.54981363261143135, penalty_k: 0.02182483168001093, scale_lr: 0.14464905690906529, AUC: 0.642
Trial 118 finished with value: 0.6420677792298888 and parameters: {'window_influence': 0.5498136326114313, 'penalty_k': 0.021824831680010932, 'scale_lr': 0.1446490569090653}. Best is trial 62 with value: 0.6568316752281912.
checkpoint_e12 window_influence: 0.43988252334314876, penalty_k: 0.13590961829681764, scale_lr: 0.19325956337758482, AUC: 0.646
Trial 119 finished with value: 0.6464309575573468 and parameters: {'window_influence': 0.43988252334314876, 'penalty_k': 0.13590961829681764, 'scale_lr': 0.19325956337758482}. Best is trial 62 with value: 0.6568316752281912.
checkpoint_e12 window_influence: 0.57373362077652190, penalty_k: 0.15416618481510394, scale_lr: 0.11150757780718604, AUC: 0.649
Trial 120 finished with value: 0.6490036251598527 and parameters: {'window_influence': 0.5737336207765219, 'penalty_k': 0.15416618481510394, 'scale_lr': 0.11150757780718604}. Best is trial 62 with value: 0.6568316752281912.
checkpoint_e12 window_influence: 0.55892575981343051, penalty_k: 0.15533377357314765, scale_lr: 0.11396567228956861, AUC: 0.641
Trial 121 finished with value: 0.6413121266631829 and parameters: {'window_influence': 0.5589257598134305, 'penalty_k': 0.15533377357314765, 'scale_lr': 0.11396567228956861}. Best is trial 62 with value: 0.6568316752281912.
checkpoint_e12 window_influence: 0.52688683375767953, penalty_k: 0.14795592425473975, scale_lr: 0.13114893791107884, AUC: 0.649
Trial 122 finished with value: 0.6486246391066544 and parameters: {'window_influence': 0.5268868337576795, 'penalty_k': 0.14795592425473975, 'scale_lr': 0.13114893791107884}. Best is trial 62 with value: 0.6568316752281912.
checkpoint_e12 window_influence: 0.57389767059394015, penalty_k: 0.17493472985479713, scale_lr: 0.12946461755695482, AUC: 0.638
Trial 123 finished with value: 0.6382453809059667 and parameters: {'window_influence': 0.5738976705939401, 'penalty_k': 0.17493472985479713, 'scale_lr': 0.12946461755695482}. Best is trial 62 with value: 0.6568316752281912.
checkpoint_e12 window_influence: 0.58743460525168589, penalty_k: 0.14848575478003073, scale_lr: 0.16076881428142795, AUC: 0.643
