Trial 124 finished with value: 0.6428153291593106 and parameters: {'window_influence': 0.5874346052516859, 'penalty_k': 0.14848575478003073, 'scale_lr': 0.16076881428142795}. Best is trial 62 with value: 0.6568316752281912.
checkpoint_e12 window_influence: 0.52627593585504528, penalty_k: 0.15900059865485533, scale_lr: 0.10303091898268935, AUC: 0.642
Trial 125 finished with value: 0.6423762694737436 and parameters: {'window_influence': 0.5262759358550453, 'penalty_k': 0.15900059865485533, 'scale_lr': 0.10303091898268935}. Best is trial 62 with value: 0.6568316752281912.
checkpoint_e12 window_influence: 0.53916949789640745, penalty_k: 0.18187968497310328, scale_lr: 0.13893407763183330, AUC: 0.637
Trial 126 finished with value: 0.6371067750649632 and parameters: {'window_influence': 0.5391694978964074, 'penalty_k': 0.18187968497310328, 'scale_lr': 0.1389340776318333}. Best is trial 62 with value: 0.6568316752281912.
checkpoint_e12 window_influence: 0.50497840600062804, penalty_k: 0.12850800048869723, scale_lr: 0.15109933685684893, AUC: 0.652
Trial 127 finished with value: 0.6523229970737362 and parameters: {'window_influence': 0.504978406000628, 'penalty_k': 0.12850800048869723, 'scale_lr': 0.15109933685684893}. Best is trial 62 with value: 0.6568316752281912.
checkpoint_e12 window_influence: 0.50637375960117881, penalty_k: 0.12297550649676364, scale_lr: 0.18013161178342241, AUC: 0.649
Trial 128 finished with value: 0.6486989823563893 and parameters: {'window_influence': 0.5063737596011788, 'penalty_k': 0.12297550649676364, 'scale_lr': 0.1801316117834224}. Best is trial 62 with value: 0.6568316752281912.
checkpoint_e12 window_influence: 0.48249330760255182, penalty_k: 0.13439343284345157, scale_lr: 0.16535694623095681, AUC: 0.646
Trial 129 finished with value: 0.6464436331361703 and parameters: {'window_influence': 0.4824933076025518, 'penalty_k': 0.13439343284345157, 'scale_lr': 0.16535694623095681}. Best is trial 62 with value: 0.6568316752281912.
checkpoint_e12 window_influence: 0.46602254633696688, penalty_k: 0.11004496186970300, scale_lr: 0.14947992430893781, AUC: 0.650
Trial 130 finished with value: 0.650352371981734 and parameters: {'window_influence': 0.4660225463369669, 'penalty_k': 0.110044961869703, 'scale_lr': 0.1494799243089378}. Best is trial 62 with value: 0.6568316752281912.
checkpoint_e12 window_influence: 0.46169931488829674, penalty_k: 0.10924213160886002, scale_lr: 0.15070922923595351, AUC: 0.652
Trial 131 finished with value: 0.6516553692434043 and parameters: {'window_influence': 0.46169931488829674, 'penalty_k': 0.10924213160886002, 'scale_lr': 0.1507092292359535}. Best is trial 62 with value: 0.6568316752281912.
checkpoint_e12 window_influence: 0.45289361875624679, penalty_k: 0.11346943609942202, scale_lr: 0.15243937543985128, AUC: 0.645
Trial 132 finished with value: 0.6450445323752463 and parameters: {'window_influence': 0.4528936187562468, 'penalty_k': 0.11346943609942202, 'scale_lr': 0.15243937543985128}. Best is trial 62 with value: 0.6568316752281912.
checkpoint_e12 window_influence: 0.46432713297636014, penalty_k: 0.16626281584544103, scale_lr: 0.19094721176451945, AUC: 0.652
Trial 133 finished with value: 0.6520000971707156 and parameters: {'window_influence': 0.46432713297636014, 'penalty_k': 0.16626281584544103, 'scale_lr': 0.19094721176451945}. Best is trial 62 with value: 0.6568316752281912.
checkpoint_e12 window_influence: 0.46547166846478882, penalty_k: 0.09968249902035801, scale_lr: 0.19863233992536816, AUC: 0.647
Trial 134 finished with value: 0.6468445700909429 and parameters: {'window_influence': 0.4654716684647888, 'penalty_k': 0.09968249902035801, 'scale_lr': 0.19863233992536816}. Best is trial 62 with value: 0.6568316752281912.
checkpoint_e12 window_influence: 0.42443740888724735, penalty_k: 0.16773114422891358, scale_lr: 0.18591529623787076, AUC: 0.644
Trial 135 finished with value: 0.6439416960600528 and parameters: {'window_influence': 0.42443740888724735, 'penalty_k': 0.16773114422891358, 'scale_lr': 0.18591529623787076}. Best is trial 62 with value: 0.6568316752281912.
checkpoint_e12 window_influence: 0.44607610955420068, penalty_k: 0.13418781903483554, scale_lr: 0.22038330719495666, AUC: 0.646
Trial 136 finished with value: 0.646488288143127 and parameters: {'window_influence': 0.4460761095542007, 'penalty_k': 0.13418781903483554, 'scale_lr': 0.22038330719495666}. Best is trial 62 with value: 0.6568316752281912.
checkpoint_e12 window_influence: 0.46285016781023136, penalty_k: 0.08901911995691124, scale_lr: 0.17127141693399850, AUC: 0.647
Trial 137 finished with value: 0.6465133340309966 and parameters: {'window_influence': 0.46285016781023136, 'penalty_k': 0.08901911995691124, 'scale_lr': 0.1712714169339985}. Best is trial 62 with value: 0.6568316752281912.
checkpoint_e12 window_influence: 0.49087095949194681, penalty_k: 0.18510723886364944, scale_lr: 0.20431316028103469, AUC: 0.650
Trial 138 finished with value: 0.6501330579975052 and parameters: {'window_influence': 0.4908709594919468, 'penalty_k': 0.18510723886364944, 'scale_lr': 0.2043131602810347}. Best is trial 62 with value: 0.6568316752281912.
checkpoint_e12 window_influence: 0.47965691689295603, penalty_k: 0.18722176394825826, scale_lr: 0.21168574404158388, AUC: 0.643
Trial 139 finished with value: 0.6429018104856727 and parameters: {'window_influence': 0.47965691689295603, 'penalty_k': 0.18722176394825826, 'scale_lr': 0.21168574404158388}. Best is trial 62 with value: 0.6568316752281912.
checkpoint_e12 window_influence: 0.49407498717744236, penalty_k: 0.21126761352739845, scale_lr: 0.14886785868550004, AUC: 0.648
Trial 140 finished with value: 0.6477684601304828 and parameters: {'window_influence': 0.49407498717744236, 'penalty_k': 0.21126761352739845, 'scale_lr': 0.14886785868550004}. Best is trial 62 with value: 0.6568316752281912.
checkpoint_e12 window_influence: 0.47407724825317787, penalty_k: 0.17955237849369757, scale_lr: 0.19658954846303120, AUC: 0.645
Trial 141 finished with value: 0.6454322146924547 and parameters: {'window_influence': 0.4740772482531779, 'penalty_k': 0.17955237849369757, 'scale_lr': 0.1965895484630312}. Best is trial 62 with value: 0.6568316752281912.
checkpoint_e12 window_influence: 0.48647146720320122, penalty_k: 0.20001309775356774, scale_lr: 0.16860621942621701, AUC: 0.650
Trial 142 finished with value: 0.6501657532746911 and parameters: {'window_influence': 0.4864714672032012, 'penalty_k': 0.20001309775356774, 'scale_lr': 0.168606219426217}. Best is trial 62 with value: 0.6568316752281912.
checkpoint_e12 window_influence: 0.45457096113740320, penalty_k: 0.19888116743554940, scale_lr: 0.16258118081230563, AUC: 0.645
Trial 143 finished with value: 0.6452946929925948 and parameters: {'window_influence': 0.4545709611374032, 'penalty_k': 0.1988811674355494, 'scale_lr': 0.16258118081230563}. Best is trial 62 with value: 0.6568316752281912.
checkpoint_e12 window_influence: 0.49120019826910394, penalty_k: 0.16832937409330936, scale_lr: 0.17526372576173205, AUC: 0.649
Trial 144 finished with value: 0.6489800632791966 and parameters: {'window_influence': 0.49120019826910394, 'penalty_k': 0.16832937409330936, 'scale_lr': 0.17526372576173205}. Best is trial 62 with value: 0.6568316752281912.
checkpoint_e12 window_influence: 0.46303552917660418, penalty_k: 0.21538210895457188, scale_lr: 0.15005000354371079, AUC: 0.645
Trial 145 finished with value: 0.6451556038419498 and parameters: {'window_influence': 0.4630355291766042, 'penalty_k': 0.21538210895457188, 'scale_lr': 0.15005000354371079}. Best is trial 62 with value: 0.6568316752281912.
checkpoint_e12 window_influence: 0.43419631089267435, penalty_k: 0.12458114251941847, scale_lr: 0.13068273074901579, AUC: 0.644
Trial 146 finished with value: 0.6435425741396568 and parameters: {'window_influence': 0.43419631089267435, 'penalty_k': 0.12458114251941847, 'scale_lr': 0.1306827307490158}. Best is trial 62 with value: 0.6568316752281912.
checkpoint_e12 window_influence: 0.48444148018115402, penalty_k: 0.11177537406048638, scale_lr: 0.23050368735641985, AUC: 0.649
Trial 147 finished with value: 0.6489338889668365 and parameters: {'window_influence': 0.484441480181154, 'penalty_k': 0.11177537406048638, 'scale_lr': 0.23050368735641985}. Best is trial 62 with value: 0.6568316752281912.
checkpoint_e12 window_influence: 0.50832428820805542, penalty_k: 0.14155891465978168, scale_lr: 0.20509826739097348, AUC: 0.642
Trial 148 finished with value: 0.6417093201158525 and parameters: {'window_influence': 0.5083242882080554, 'penalty_k': 0.14155891465978168, 'scale_lr': 0.20509826739097348}. Best is trial 62 with value: 0.6568316752281912.
checkpoint_e12 window_influence: 0.47082719291791086, penalty_k: 0.22673921440175421, scale_lr: 0.32273927363681604, AUC: 0.646
Trial 149 finished with value: 0.6460055367724462 and parameters: {'window_influence': 0.47082719291791086, 'penalty_k': 0.2267392144017542, 'scale_lr': 0.32273927363681604}. Best is trial 62 with value: 0.6568316752281912.
checkpoint_e12 window_influence: 0.49800740781201286, penalty_k: 0.16176244654036626, scale_lr: 0.18703383462241052, AUC: 0.644
Trial 150 finished with value: 0.64405469187303 and parameters: {'window_influence': 0.49800740781201286, 'penalty_k': 0.16176244654036626, 'scale_lr': 0.18703383462241052}. Best is trial 62 with value: 0.6568316752281912.
checkpoint_e12 window_influence: 0.51543873338146662, penalty_k: 0.18766773723891381, scale_lr: 0.16178985679962674, AUC: 0.647
Trial 151 finished with value: 0.6473204884542394 and parameters: {'window_influence': 0.5154387333814666, 'penalty_k': 0.1876677372389138, 'scale_lr': 0.16178985679962674}. Best is trial 62 with value: 0.6568316752281912.
checkpoint_e12 window_influence: 0.44909813457858616, penalty_k: 0.20103034863408303, scale_lr: 0.18402440545132304, AUC: 0.642
Trial 152 finished with value: 0.641872169956734 and parameters: {'window_influence': 0.44909813457858616, 'penalty_k': 0.20103034863408303, 'scale_lr': 0.18402440545132304}. Best is trial 62 with value: 0.6568316752281912.
checkpoint_e12 window_influence: 0.49790918100991000, penalty_k: 0.18023359977564238, scale_lr: 0.14518093243293922, AUC: 0.646
Trial 153 finished with value: 0.6459967313041768 and parameters: {'window_influence': 0.49790918100991, 'penalty_k': 0.18023359977564238, 'scale_lr': 0.14518093243293922}. Best is trial 62 with value: 0.6568316752281912.
checkpoint_e12 window_influence: 0.48362383496617345, penalty_k: 0.14868491929128932, scale_lr: 0.16799618840511366, AUC: 0.645
Trial 154 finished with value: 0.6452374364076067 and parameters: {'window_influence': 0.48362383496617345, 'penalty_k': 0.14868491929128932, 'scale_lr': 0.16799618840511366}. Best is trial 62 with value: 0.6568316752281912.
checkpoint_e12 window_influence: 0.46926667522225113, penalty_k: 0.16266171102723770, scale_lr: 0.21740459582467619, AUC: 0.647
Trial 155 finished with value: 0.6466252561850614 and parameters: {'window_influence': 0.46926667522225113, 'penalty_k': 0.1626617110272377, 'scale_lr': 0.2174045958246762}. Best is trial 62 with value: 0.6568316752281912.
checkpoint_e12 window_influence: 0.42069925834050587, penalty_k: 0.06758302232328767, scale_lr: 0.24628321010032661, AUC: 0.646
Trial 156 finished with value: 0.6460282964866509 and parameters: {'window_influence': 0.42069925834050587, 'penalty_k': 0.06758302232328767, 'scale_lr': 0.2462832101003266}. Best is trial 62 with value: 0.6568316752281912.
checkpoint_e12 window_influence: 0.51841556435709479, penalty_k: 0.09157816045879021, scale_lr: 0.12338249703517720, AUC: 0.647
Trial 157 finished with value: 0.6473731514213976 and parameters: {'window_influence': 0.5184155643570948, 'penalty_k': 0.0915781604587902, 'scale_lr': 0.1233824970351772}. Best is trial 62 with value: 0.6568316752281912.
checkpoint_e12 window_influence: 0.40691971641067176, penalty_k: 0.19216229509816515, scale_lr: 0.14062257113839896, AUC: 0.644
Trial 158 finished with value: 0.6437795734181697 and parameters: {'window_influence': 0.40691971641067176, 'penalty_k': 0.19216229509816515, 'scale_lr': 0.14062257113839896}. Best is trial 62 with value: 0.6568316752281912.
checkpoint_e12 window_influence: 0.50693246042621443, penalty_k: 0.17586172204737308, scale_lr: 0.19886246471581748, AUC: 0.644
Trial 159 finished with value: 0.643532880624832 and parameters: {'window_influence': 0.5069324604262144, 'penalty_k': 0.17586172204737308, 'scale_lr': 0.19886246471581748}. Best is trial 62 with value: 0.6568316752281912.
checkpoint_e12 window_influence: 0.48953204651840354, penalty_k: 0.12813031563228464, scale_lr: 0.17672075135193849, AUC: 0.646
Trial 160 finished with value: 0.6462496350806836 and parameters: {'window_influence': 0.48953204651840354, 'penalty_k': 0.12813031563228464, 'scale_lr': 0.1767207513519385}. Best is trial 62 with value: 0.6568316752281912.
checkpoint_e12 window_influence: 0.47534953505979866, penalty_k: 0.15443667244284520, scale_lr: 0.11112522000971650, AUC: 0.646
Trial 161 finished with value: 0.6460481415197246 and parameters: {'window_influence': 0.47534953505979866, 'penalty_k': 0.1544366724428452, 'scale_lr': 0.1111252200097165}. Best is trial 62 with value: 0.6568316752281912.
checkpoint_e12 window_influence: 0.53114774683667687, penalty_k: 0.14361803954339469, scale_lr: 0.15694419417464986, AUC: 0.640
Trial 162 finished with value: 0.6399904164378615 and parameters: {'window_influence': 0.5311477468366769, 'penalty_k': 0.1436180395433947, 'scale_lr': 0.15694419417464986}. Best is trial 62 with value: 0.6568316752281912.
checkpoint_e12 window_influence: 0.44208291439122832, penalty_k: 0.16226370853535357, scale_lr: 0.43344743183297191, AUC: 0.647
Trial 163 finished with value: 0.647281549105025 and parameters: {'window_influence': 0.4420829143912283, 'penalty_k': 0.16226370853535357, 'scale_lr': 0.4334474318329719}. Best is trial 62 with value: 0.6568316752281912.
checkpoint_e12 window_influence: 0.45399256547573774, penalty_k: 0.11082709391948661, scale_lr: 0.12045298966229379, AUC: 0.646
Trial 164 finished with value: 0.645954812559644 and parameters: {'window_influence': 0.45399256547573774, 'penalty_k': 0.11082709391948661, 'scale_lr': 0.12045298966229379}. Best is trial 62 with value: 0.6568316752281912.
checkpoint_e12 window_influence: 0.55271557054093912, penalty_k: 0.20541649809116372, scale_lr: 0.14161854962180545, AUC: 0.646
Trial 165 finished with value: 0.64582821735756 and parameters: {'window_influence': 0.5527155705409391, 'penalty_k': 0.20541649809116372, 'scale_lr': 0.14161854962180545}. Best is trial 62 with value: 0.6568316752281912.
checkpoint_e12 window_influence: 0.50226080906296267, penalty_k: 0.07652270592708596, scale_lr: 0.10093741783074933, AUC: 0.647
Trial 166 finished with value: 0.6467561687743026 and parameters: {'window_influence': 0.5022608090629627, 'penalty_k': 0.07652270592708596, 'scale_lr': 0.10093741783074933}. Best is trial 62 with value: 0.6568316752281912.
checkpoint_e12 window_influence: 0.37342839782853954, penalty_k: 0.17331001380956709, scale_lr: 0.35928843013222345, AUC: 0.642
Trial 167 finished with value: 0.6424614790197272 and parameters: {'window_influence': 0.37342839782853954, 'penalty_k': 0.1733100138095671, 'scale_lr': 0.35928843013222345}. Best is trial 62 with value: 0.6568316752281912.
checkpoint_e12 window_influence: 0.51931775220539023, penalty_k: 0.15221658036308594, scale_lr: 0.12860546033908243, AUC: 0.648
Trial 168 finished with value: 0.6476179907299275 and parameters: {'window_influence': 0.5193177522053902, 'penalty_k': 0.15221658036308594, 'scale_lr': 0.12860546033908243}. Best is trial 62 with value: 0.6568316752281912.
checkpoint_e12 window_influence: 0.56742587005281597, penalty_k: 0.13427816332931630, scale_lr: 0.15689666055378118, AUC: 0.643
Trial 169 finished with value: 0.643001418085451 and parameters: {'window_influence': 0.567425870052816, 'penalty_k': 0.1342781633293163, 'scale_lr': 0.15689666055378118}. Best is trial 62 with value: 0.6568316752281912.
checkpoint_e12 window_influence: 0.43062563105117579, penalty_k: 0.10063730586647328, scale_lr: 0.18577471761065106, AUC: 0.646
Trial 170 finished with value: 0.6458653660123794 and parameters: {'window_influence': 0.4306256310511758, 'penalty_k': 0.10063730586647328, 'scale_lr': 0.18577471761065106}. Best is trial 62 with value: 0.6568316752281912.
checkpoint_e12 window_influence: 0.49132189290194977, penalty_k: 0.16898150755282498, scale_lr: 0.17735558222874764, AUC: 0.642
Trial 171 finished with value: 0.6423754406454459 and parameters: {'window_influence': 0.4913218929019498, 'penalty_k': 0.16898150755282498, 'scale_lr': 0.17735558222874764}. Best is trial 62 with value: 0.6568316752281912.
checkpoint_e12 window_influence: 0.48539547870929939, penalty_k: 0.18886768620448147, scale_lr: 0.17009397310173871, AUC: 0.647
Trial 172 finished with value: 0.646704883531984 and parameters: {'window_influence': 0.4853954787092994, 'penalty_k': 0.18886768620448147, 'scale_lr': 0.1700939731017387}. Best is trial 62 with value: 0.6568316752281912.
checkpoint_e12 window_influence: 0.46571436753510087, penalty_k: 0.16256277739698394, scale_lr: 0.13901519477401503, AUC: 0.645
Trial 173 finished with value: 0.6453246876203238 and parameters: {'window_influence': 0.46571436753510087, 'penalty_k': 0.16256277739698394, 'scale_lr': 0.13901519477401503}. Best is trial 62 with value: 0.6568316752281912.
checkpoint_e12 window_influence: 0.49541067777654446, penalty_k: 0.17837062894662500, scale_lr: 0.15496402269009479, AUC: 0.648
Trial 174 finished with value: 0.6481207586923425 and parameters: {'window_influence': 0.49541067777654446, 'penalty_k': 0.178370628946625, 'scale_lr': 0.1549640226900948}. Best is trial 62 with value: 0.6568316752281912.
checkpoint_e12 window_influence: 0.47729562060743314, penalty_k: 0.24147809534887266, scale_lr: 0.25784343839229013, AUC: 0.646
Trial 175 finished with value: 0.6464091592192329 and parameters: {'window_influence': 0.47729562060743314, 'penalty_k': 0.24147809534887266, 'scale_lr': 0.2578434383922901}. Best is trial 62 with value: 0.6568316752281912.
checkpoint_e12 window_influence: 0.50644914652362272, penalty_k: 0.11950975441319606, scale_lr: 0.19930828276251433, AUC: 0.643
Trial 176 finished with value: 0.6430896806276085 and parameters: {'window_influence': 0.5064491465236227, 'penalty_k': 0.11950975441319606, 'scale_lr': 0.19930828276251433}. Best is trial 62 with value: 0.6568316752281912.
checkpoint_e12 window_influence: 0.53941731396893144, penalty_k: 0.32084075289260683, scale_lr: 0.17003335101626857, AUC: 0.639
Trial 177 finished with value: 0.6389913406735158 and parameters: {'window_influence': 0.5394173139689314, 'penalty_k': 0.32084075289260683, 'scale_lr': 0.17003335101626857}. Best is trial 62 with value: 0.6568316752281912.
checkpoint_e12 window_influence: 0.46071119148150630, penalty_k: 0.05559994104002369, scale_lr: 0.11774696451002134, AUC: 0.642
Trial 178 finished with value: 0.6417643638384746 and parameters: {'window_influence': 0.4607111914815063, 'penalty_k': 0.05559994104002369, 'scale_lr': 0.11774696451002134}. Best is trial 62 with value: 0.6568316752281912.
checkpoint_e12 window_influence: 0.52209587146270731, penalty_k: 0.14290170044632586, scale_lr: 0.40322119353121066, AUC: 0.645
Trial 179 finished with value: 0.6446391293107405 and parameters: {'window_influence': 0.5220958714627073, 'penalty_k': 0.14290170044632586, 'scale_lr': 0.40322119353121066}. Best is trial 62 with value: 0.6568316752281912.
checkpoint_e12 window_influence: 0.48820985344871848, penalty_k: 0.16819471845660955, scale_lr: 0.13179329987154917, AUC: 0.647
Trial 180 finished with value: 0.6474220226229941 and parameters: {'window_influence': 0.4882098534487185, 'penalty_k': 0.16819471845660955, 'scale_lr': 0.13179329987154917}. Best is trial 62 with value: 0.6568316752281912.
checkpoint_e12 window_influence: 0.48129426899449340, penalty_k: 0.10251770296632087, scale_lr: 0.21396571477123039, AUC: 0.640
Trial 181 finished with value: 0.6399166844625809 and parameters: {'window_influence': 0.4812942689944934, 'penalty_k': 0.10251770296632087, 'scale_lr': 0.2139657147712304}. Best is trial 62 with value: 0.6568316752281912.
checkpoint_e12 window_influence: 0.47264343964790689, penalty_k: 0.11041672299575396, scale_lr: 0.22158013790202458, AUC: 0.646
Trial 182 finished with value: 0.6460264478184785 and parameters: {'window_influence': 0.4726434396479069, 'penalty_k': 0.11041672299575396, 'scale_lr': 0.22158013790202458}. Best is trial 62 with value: 0.6568316752281912.
checkpoint_e12 window_influence: 0.49994637055778418, penalty_k: 0.12320552697633697, scale_lr: 0.23136966198587136, AUC: 0.638
Trial 183 finished with value: 0.6379317576989054 and parameters: {'window_influence': 0.4999463705577842, 'penalty_k': 0.12320552697633697, 'scale_lr': 0.23136966198587136}. Best is trial 62 with value: 0.6568316752281912.
checkpoint_e12 window_influence: 0.48331605554207746, penalty_k: 0.08775500808950981, scale_lr: 0.18003236059178510, AUC: 0.647
Trial 184 finished with value: 0.6469180025258623 and parameters: {'window_influence': 0.48331605554207746, 'penalty_k': 0.08775500808950981, 'scale_lr': 0.1800323605917851}. Best is trial 62 with value: 0.6568316752281912.
checkpoint_e12 window_influence: 0.45437703022202036, penalty_k: 0.19510023452252612, scale_lr: 0.15260398338669356, AUC: 0.643
Trial 185 finished with value: 0.6432777428768073 and parameters: {'window_influence': 0.45437703022202036, 'penalty_k': 0.19510023452252612, 'scale_lr': 0.15260398338669356}. Best is trial 62 with value: 0.6568316752281912.
checkpoint_e12 window_influence: 0.50948657242890405, penalty_k: 0.15208327063632215, scale_lr: 0.19615514982787630, AUC: 0.647
