Trial 62 finished with value: 0.653462592290629 and parameters: {'window_influence': 0.37018649833704487, 'penalty_k': 0.21275542901440117, 'scale_lr': 0.10257860192550448}. Best is trial 48 with value: 0.6563281436327171.
checkpoint_e31 window_influence: 0.32682011259283528, penalty_k: 0.20576954059110891, scale_lr: 0.10031396352969132, AUC: 0.644
Trial 63 finished with value: 0.6442825542896436 and parameters: {'window_influence': 0.3268201125928353, 'penalty_k': 0.2057695405911089, 'scale_lr': 0.10031396352969132}. Best is trial 48 with value: 0.6563281436327171.
checkpoint_e31 window_influence: 0.36790567166707228, penalty_k: 0.15349638342907682, scale_lr: 0.14417807608570110, AUC: 0.654
Trial 64 finished with value: 0.6536503102452514 and parameters: {'window_influence': 0.3679056716670723, 'penalty_k': 0.15349638342907682, 'scale_lr': 0.1441780760857011}. Best is trial 48 with value: 0.6563281436327171.
checkpoint_e31 window_influence: 0.35726076504580540, penalty_k: 0.15260788957035798, scale_lr: 0.14128484432489977, AUC: 0.647
Trial 65 finished with value: 0.6466819938573315 and parameters: {'window_influence': 0.3572607650458054, 'penalty_k': 0.15260788957035798, 'scale_lr': 0.14128484432489977}. Best is trial 48 with value: 0.6563281436327171.
checkpoint_e31 window_influence: 0.37654628507227256, penalty_k: 0.22952624652825460, scale_lr: 0.19650578544239880, AUC: 0.645
Trial 66 finished with value: 0.6451434676514126 and parameters: {'window_influence': 0.37654628507227256, 'penalty_k': 0.2295262465282546, 'scale_lr': 0.1965057854423988}. Best is trial 48 with value: 0.6563281436327171.
checkpoint_e31 window_influence: 0.30497063515159401, penalty_k: 0.17809215439102161, scale_lr: 0.12707539339456267, AUC: 0.650
Trial 67 finished with value: 0.649774626068825 and parameters: {'window_influence': 0.304970635151594, 'penalty_k': 0.1780921543910216, 'scale_lr': 0.12707539339456267}. Best is trial 48 with value: 0.6563281436327171.
checkpoint_e31 window_influence: 0.36379899848869607, penalty_k: 0.13661761644201040, scale_lr: 0.11188272847557690, AUC: 0.646
Trial 68 finished with value: 0.6459008686180812 and parameters: {'window_influence': 0.36379899848869607, 'penalty_k': 0.1366176164420104, 'scale_lr': 0.1118827284755769}. Best is trial 48 with value: 0.6563281436327171.
checkpoint_e31 window_influence: 0.40275969814468188, penalty_k: 0.18542510650104652, scale_lr: 0.21017294479581000, AUC: 0.643
Trial 69 finished with value: 0.6432731196016972 and parameters: {'window_influence': 0.4027596981446819, 'penalty_k': 0.18542510650104652, 'scale_lr': 0.21017294479581}. Best is trial 48 with value: 0.6563281436327171.
checkpoint_e31 window_influence: 0.38643731434878453, penalty_k: 0.15840084900879300, scale_lr: 0.15605865866635860, AUC: 0.645
Trial 70 finished with value: 0.6445323669141857 and parameters: {'window_influence': 0.38643731434878453, 'penalty_k': 0.158400849008793, 'scale_lr': 0.1560586586663586}. Best is trial 48 with value: 0.6563281436327171.
checkpoint_e31 window_influence: 0.43565814880673387, penalty_k: 0.26167164147949556, scale_lr: 0.17335105287467642, AUC: 0.645
Trial 71 finished with value: 0.644512440726961 and parameters: {'window_influence': 0.43565814880673387, 'penalty_k': 0.26167164147949556, 'scale_lr': 0.17335105287467642}. Best is trial 48 with value: 0.6563281436327171.
checkpoint_e31 window_influence: 0.43011834126015602, penalty_k: 0.21822366792028880, scale_lr: 0.14518789030706025, AUC: 0.653
Trial 72 finished with value: 0.6532312536057713 and parameters: {'window_influence': 0.430118341260156, 'penalty_k': 0.2182236679202888, 'scale_lr': 0.14518789030706025}. Best is trial 48 with value: 0.6563281436327171.
checkpoint_e31 window_influence: 0.40702782524222858, penalty_k: 0.20266825047246334, scale_lr: 0.14596871884664436, AUC: 0.649
Trial 73 finished with value: 0.6486483262352343 and parameters: {'window_influence': 0.4070278252422286, 'penalty_k': 0.20266825047246334, 'scale_lr': 0.14596871884664436}. Best is trial 48 with value: 0.6563281436327171.
checkpoint_e31 window_influence: 0.34752391533683280, penalty_k: 0.21915852634901917, scale_lr: 0.11372214230848476, AUC: 0.651
Trial 74 finished with value: 0.6505068948597674 and parameters: {'window_influence': 0.3475239153368328, 'penalty_k': 0.21915852634901917, 'scale_lr': 0.11372214230848476}. Best is trial 48 with value: 0.6563281436327171.
checkpoint_e31 window_influence: 0.43350737733219147, penalty_k: 0.17270944384695008, scale_lr: 0.18867119363136117, AUC: 0.648
Trial 75 finished with value: 0.647593860421191 and parameters: {'window_influence': 0.43350737733219147, 'penalty_k': 0.17270944384695008, 'scale_lr': 0.18867119363136117}. Best is trial 48 with value: 0.6563281436327171.
checkpoint_e31 window_influence: 0.42310592926348017, penalty_k: 0.24114398377073998, scale_lr: 0.15216923403889004, AUC: 0.652
Trial 76 finished with value: 0.6521810047959606 and parameters: {'window_influence': 0.4231059292634802, 'penalty_k': 0.24114398377073998, 'scale_lr': 0.15216923403889004}. Best is trial 48 with value: 0.6563281436327171.
checkpoint_e31 window_influence: 0.38327698823554679, penalty_k: 0.24827647536738404, scale_lr: 0.23255984660968387, AUC: 0.644
Trial 77 finished with value: 0.6440763423587205 and parameters: {'window_influence': 0.3832769882355468, 'penalty_k': 0.24827647536738404, 'scale_lr': 0.23255984660968387}. Best is trial 48 with value: 0.6563281436327171.
checkpoint_e31 window_influence: 0.42244489701398713, penalty_k: 0.23530282579060316, scale_lr: 0.15198478484001340, AUC: 0.649
Trial 78 finished with value: 0.6494251398851622 and parameters: {'window_influence': 0.42244489701398713, 'penalty_k': 0.23530282579060316, 'scale_lr': 0.1519847848400134}. Best is trial 48 with value: 0.6563281436327171.
checkpoint_e31 window_influence: 0.45800342306193137, penalty_k: 0.21906282973793220, scale_lr: 0.26757218708966340, AUC: 0.644
Trial 79 finished with value: 0.6440794632596849 and parameters: {'window_influence': 0.45800342306193137, 'penalty_k': 0.2190628297379322, 'scale_lr': 0.2675721870896634}. Best is trial 48 with value: 0.6563281436327171.
checkpoint_e31 window_influence: 0.41564779812683839, penalty_k: 0.19365084641389194, scale_lr: 0.20243967448947844, AUC: 0.644
Trial 80 finished with value: 0.6437585852246566 and parameters: {'window_influence': 0.4156477981268384, 'penalty_k': 0.19365084641389194, 'scale_lr': 0.20243967448947844}. Best is trial 48 with value: 0.6563281436327171.
checkpoint_e31 window_influence: 0.39975156355235375, penalty_k: 0.14335204867325205, scale_lr: 0.12199840823534426, AUC: 0.646
Trial 81 finished with value: 0.6459930268004066 and parameters: {'window_influence': 0.39975156355235375, 'penalty_k': 0.14335204867325205, 'scale_lr': 0.12199840823534426}. Best is trial 48 with value: 0.6563281436327171.
checkpoint_e31 window_influence: 0.44877099463321657, penalty_k: 0.16078885449459074, scale_lr: 0.13857189943078221, AUC: 0.652
Trial 82 finished with value: 0.6524621712664925 and parameters: {'window_influence': 0.44877099463321657, 'penalty_k': 0.16078885449459074, 'scale_lr': 0.1385718994307822}. Best is trial 48 with value: 0.6563281436327171.
checkpoint_e31 window_influence: 0.45424768401926641, penalty_k: 0.15886724782709255, scale_lr: 0.16059784483907694, AUC: 0.643
Trial 83 finished with value: 0.6426741681826333 and parameters: {'window_influence': 0.4542476840192664, 'penalty_k': 0.15886724782709255, 'scale_lr': 0.16059784483907694}. Best is trial 48 with value: 0.6563281436327171.
checkpoint_e31 window_influence: 0.37116554274505015, penalty_k: 0.19517727064855928, scale_lr: 0.14273070517243772, AUC: 0.645
Trial 84 finished with value: 0.6453437164299485 and parameters: {'window_influence': 0.37116554274505015, 'penalty_k': 0.19517727064855928, 'scale_lr': 0.14273070517243772}. Best is trial 48 with value: 0.6563281436327171.
checkpoint_e31 window_influence: 0.42751641163457893, penalty_k: 0.27085102361834673, scale_lr: 0.17641020298368146, AUC: 0.648
Trial 85 finished with value: 0.647678419773759 and parameters: {'window_influence': 0.42751641163457893, 'penalty_k': 0.27085102361834673, 'scale_lr': 0.17641020298368146}. Best is trial 48 with value: 0.6563281436327171.
checkpoint_e31 window_influence: 0.38529087392650874, penalty_k: 0.22830861006246184, scale_lr: 0.20948151178528923, AUC: 0.635
Trial 86 finished with value: 0.63452436548028 and parameters: {'window_influence': 0.38529087392650874, 'penalty_k': 0.22830861006246184, 'scale_lr': 0.20948151178528923}. Best is trial 48 with value: 0.6563281436327171.
checkpoint_e31 window_influence: 0.41754530040807275, penalty_k: 0.24674138589984054, scale_lr: 0.18706689976320412, AUC: 0.641
Trial 87 finished with value: 0.6406479773668577 and parameters: {'window_influence': 0.41754530040807275, 'penalty_k': 0.24674138589984054, 'scale_lr': 0.18706689976320412}. Best is trial 48 with value: 0.6563281436327171.
checkpoint_e31 window_influence: 0.44419825238597915, penalty_k: 0.16935438119605159, scale_lr: 0.12014229261058974, AUC: 0.640
Trial 88 finished with value: 0.6402256264939966 and parameters: {'window_influence': 0.44419825238597915, 'penalty_k': 0.1693543811960516, 'scale_lr': 0.12014229261058974}. Best is trial 48 with value: 0.6563281436327171.
checkpoint_e31 window_influence: 0.46490852843323605, penalty_k: 0.29944560322294711, scale_lr: 0.13987859768936239, AUC: 0.649
Trial 89 finished with value: 0.6486477047429171 and parameters: {'window_influence': 0.46490852843323605, 'penalty_k': 0.2994456032229471, 'scale_lr': 0.1398785976893624}. Best is trial 48 with value: 0.6563281436327171.
checkpoint_e31 window_influence: 0.39862775869858658, penalty_k: 0.12334300888521108, scale_lr: 0.15939833276569779, AUC: 0.648
Trial 90 finished with value: 0.6479290092722011 and parameters: {'window_influence': 0.3986277586985866, 'penalty_k': 0.12334300888521108, 'scale_lr': 0.1593983327656978}. Best is trial 48 with value: 0.6563281436327171.
checkpoint_e31 window_influence: 0.44832815678601917, penalty_k: 0.21309154120889681, scale_lr: 0.11009112830311299, AUC: 0.650
Trial 91 finished with value: 0.6502820119351678 and parameters: {'window_influence': 0.44832815678601917, 'penalty_k': 0.2130915412088968, 'scale_lr': 0.11009112830311299}. Best is trial 48 with value: 0.6563281436327171.
checkpoint_e31 window_influence: 0.42402527069273527, penalty_k: 0.13651810407299067, scale_lr: 0.11619389954982683, AUC: 0.647
Trial 92 finished with value: 0.6473746190706005 and parameters: {'window_influence': 0.42402527069273527, 'penalty_k': 0.13651810407299067, 'scale_lr': 0.11619389954982683}. Best is trial 48 with value: 0.6563281436327171.
checkpoint_e31 window_influence: 0.43909714491145940, penalty_k: 0.18006703425961645, scale_lr: 0.13353266132467526, AUC: 0.640
Trial 93 finished with value: 0.6396081009779047 and parameters: {'window_influence': 0.4390971449114594, 'penalty_k': 0.18006703425961645, 'scale_lr': 0.13353266132467526}. Best is trial 48 with value: 0.6563281436327171.
checkpoint_e31 window_influence: 0.40831270279305798, penalty_k: 0.15651689866055607, scale_lr: 0.17420469939185196, AUC: 0.644
Trial 94 finished with value: 0.6439806957475233 and parameters: {'window_influence': 0.408312702793058, 'penalty_k': 0.15651689866055607, 'scale_lr': 0.17420469939185196}. Best is trial 48 with value: 0.6563281436327171.
checkpoint_e31 window_influence: 0.48376517368321359, penalty_k: 0.11132680416020346, scale_lr: 0.14869117051407349, AUC: 0.648
Trial 95 finished with value: 0.6478281813700846 and parameters: {'window_influence': 0.4837651736832136, 'penalty_k': 0.11132680416020346, 'scale_lr': 0.1486911705140735}. Best is trial 48 with value: 0.6563281436327171.
checkpoint_e31 window_influence: 0.37014792578097599, penalty_k: 0.20641786831208339, scale_lr: 0.16462690228693250, AUC: 0.641
Trial 96 finished with value: 0.6414685197841596 and parameters: {'window_influence': 0.370147925780976, 'penalty_k': 0.2064178683120834, 'scale_lr': 0.1646269022869325}. Best is trial 48 with value: 0.6563281436327171.
checkpoint_e31 window_influence: 0.46391849569283494, penalty_k: 0.19213787970340301, scale_lr: 0.21763048926915590, AUC: 0.643
Trial 97 finished with value: 0.643407815772898 and parameters: {'window_influence': 0.46391849569283494, 'penalty_k': 0.19213787970340301, 'scale_lr': 0.2176304892691559}. Best is trial 48 with value: 0.6563281436327171.
checkpoint_e31 window_influence: 0.38961272073582770, penalty_k: 0.12856832172468624, scale_lr: 0.10310040792265290, AUC: 0.641
Trial 98 finished with value: 0.6414782803513097 and parameters: {'window_influence': 0.3896127207358277, 'penalty_k': 0.12856832172468624, 'scale_lr': 0.1031004079226529}. Best is trial 48 with value: 0.6563281436327171.
checkpoint_e31 window_influence: 0.35695838669844010, penalty_k: 0.14747601913111963, scale_lr: 0.13346218262024098, AUC: 0.647
Trial 99 finished with value: 0.6467483354637645 and parameters: {'window_influence': 0.3569583866984401, 'penalty_k': 0.14747601913111963, 'scale_lr': 0.13346218262024098}. Best is trial 48 with value: 0.6563281436327171.
checkpoint_e31 window_influence: 0.43019266327645717, penalty_k: 0.17643734087442617, scale_lr: 0.19048322162937589, AUC: 0.650
Trial 100 finished with value: 0.6498602589753636 and parameters: {'window_influence': 0.43019266327645717, 'penalty_k': 0.17643734087442617, 'scale_lr': 0.1904832216293759}. Best is trial 48 with value: 0.6563281436327171.
checkpoint_e31 window_influence: 0.47636288440280899, penalty_k: 0.10645783298244305, scale_lr: 0.16133739788832149, AUC: 0.647
Trial 101 finished with value: 0.6467361655510618 and parameters: {'window_influence': 0.476362884402809, 'penalty_k': 0.10645783298244305, 'scale_lr': 0.1613373978883215}. Best is trial 48 with value: 0.6563281436327171.
checkpoint_e31 window_influence: 0.45108781624488026, penalty_k: 0.22230938401368633, scale_lr: 0.17719388739502578, AUC: 0.640
Trial 102 finished with value: 0.6403286505998047 and parameters: {'window_influence': 0.45108781624488026, 'penalty_k': 0.22230938401368633, 'scale_lr': 0.17719388739502578}. Best is trial 48 with value: 0.6563281436327171.
checkpoint_e31 window_influence: 0.48477694653276771, penalty_k: 0.25265572835339334, scale_lr: 0.14020129797198838, AUC: 0.640
Trial 103 finished with value: 0.6403681167171191 and parameters: {'window_influence': 0.4847769465327677, 'penalty_k': 0.25265572835339334, 'scale_lr': 0.14020129797198838}. Best is trial 48 with value: 0.6563281436327171.
checkpoint_e31 window_influence: 0.50395665878296081, penalty_k: 0.23163895740628965, scale_lr: 0.11666254552509334, AUC: 0.645
Trial 104 finished with value: 0.645109602822394 and parameters: {'window_influence': 0.5039566587829608, 'penalty_k': 0.23163895740628965, 'scale_lr': 0.11666254552509334}. Best is trial 48 with value: 0.6563281436327171.
checkpoint_e31 window_influence: 0.46264212717674891, penalty_k: 0.23944668662149651, scale_lr: 0.19333797437767292, AUC: 0.649
Trial 105 finished with value: 0.6490224429643677 and parameters: {'window_influence': 0.4626421271767489, 'penalty_k': 0.2394466866214965, 'scale_lr': 0.19333797437767292}. Best is trial 48 with value: 0.6563281436327171.
checkpoint_e31 window_influence: 0.41061234796687074, penalty_k: 0.26630009837506580, scale_lr: 0.10013199044817303, AUC: 0.656
Trial 106 finished with value: 0.6564321147085124 and parameters: {'window_influence': 0.41061234796687074, 'penalty_k': 0.2663000983750658, 'scale_lr': 0.10013199044817303}. Best is trial 106 with value: 0.6564321147085124.
checkpoint_e31 window_influence: 0.40890688816420101, penalty_k: 0.26928782965833453, scale_lr: 0.12969514118431799, AUC: 0.651
Trial 107 finished with value: 0.6505404505045884 and parameters: {'window_influence': 0.408906888164201, 'penalty_k': 0.26928782965833453, 'scale_lr': 0.129695141184318}. Best is trial 106 with value: 0.6564321147085124.
checkpoint_e31 window_influence: 0.39553033085496464, penalty_k: 0.20384079412548417, scale_lr: 0.11393329540994646, AUC: 0.651
Trial 108 finished with value: 0.650855784144799 and parameters: {'window_influence': 0.39553033085496464, 'penalty_k': 0.20384079412548417, 'scale_lr': 0.11393329540994646}. Best is trial 106 with value: 0.6564321147085124.
checkpoint_e31 window_influence: 0.43967237897407502, penalty_k: 0.25505184706177725, scale_lr: 0.10462195262106408, AUC: 0.648
Trial 109 finished with value: 0.6484960909347074 and parameters: {'window_influence': 0.439672378974075, 'penalty_k': 0.25505184706177725, 'scale_lr': 0.10462195262106408}. Best is trial 106 with value: 0.6564321147085124.
checkpoint_e31 window_influence: 0.37925230954319911, penalty_k: 0.16552360070588412, scale_lr: 0.14583834217121203, AUC: 0.647
Trial 110 finished with value: 0.6474728170598602 and parameters: {'window_influence': 0.3792523095431991, 'penalty_k': 0.16552360070588412, 'scale_lr': 0.14583834217121203}. Best is trial 106 with value: 0.6564321147085124.
checkpoint_e31 window_influence: 0.42142296935544421, penalty_k: 0.23656551733313178, scale_lr: 0.16719575097479700, AUC: 0.648
Trial 111 finished with value: 0.6478671422671634 and parameters: {'window_influence': 0.4214229693554442, 'penalty_k': 0.23656551733313178, 'scale_lr': 0.167195750974797}. Best is trial 106 with value: 0.6564321147085124.
checkpoint_e31 window_influence: 0.43047650373845170, penalty_k: 0.29371047312791260, scale_lr: 0.15274419652243512, AUC: 0.650
Trial 112 finished with value: 0.6496267122442202 and parameters: {'window_influence': 0.4304765037384517, 'penalty_k': 0.2937104731279126, 'scale_lr': 0.15274419652243512}. Best is trial 106 with value: 0.6564321147085124.
checkpoint_e31 window_influence: 0.44932456599079862, penalty_k: 0.21249502006353144, scale_lr: 0.12576196505557716, AUC: 0.641
Trial 113 finished with value: 0.6410871176723953 and parameters: {'window_influence': 0.4493245659907986, 'penalty_k': 0.21249502006353144, 'scale_lr': 0.12576196505557716}. Best is trial 106 with value: 0.6564321147085124.
checkpoint_e31 window_influence: 0.33626639126160041, penalty_k: 0.18142638256977514, scale_lr: 0.20987090639955649, AUC: 0.645
Trial 114 finished with value: 0.6454784085212594 and parameters: {'window_influence': 0.3362663912616004, 'penalty_k': 0.18142638256977514, 'scale_lr': 0.2098709063995565}. Best is trial 106 with value: 0.6564321147085124.
checkpoint_e31 window_influence: 0.41197553641921314, penalty_k: 0.27078370233241844, scale_lr: 0.23341042943591281, AUC: 0.642
Trial 115 finished with value: 0.642214422751621 and parameters: {'window_influence': 0.41197553641921314, 'penalty_k': 0.27078370233241844, 'scale_lr': 0.2334104294359128}. Best is trial 106 with value: 0.6564321147085124.
checkpoint_e31 window_influence: 0.47189531365214715, penalty_k: 0.31886079354928282, scale_lr: 0.18446111091482073, AUC: 0.649
Trial 116 finished with value: 0.6490970816312115 and parameters: {'window_influence': 0.47189531365214715, 'penalty_k': 0.3188607935492828, 'scale_lr': 0.18446111091482073}. Best is trial 106 with value: 0.6564321147085124.
checkpoint_e31 window_influence: 0.36179692794409346, penalty_k: 0.27863150188937474, scale_lr: 0.13622056943854594, AUC: 0.650
Trial 117 finished with value: 0.6496297574886137 and parameters: {'window_influence': 0.36179692794409346, 'penalty_k': 0.27863150188937474, 'scale_lr': 0.13622056943854594}. Best is trial 106 with value: 0.6564321147085124.
checkpoint_e31 window_influence: 0.49507914467547154, penalty_k: 0.30817664391590999, scale_lr: 0.10333948266802731, AUC: 0.644
Trial 118 finished with value: 0.6444525462736831 and parameters: {'window_influence': 0.49507914467547154, 'penalty_k': 0.30817664391591, 'scale_lr': 0.10333948266802731}. Best is trial 106 with value: 0.6564321147085124.
checkpoint_e31 window_influence: 0.43081577242601177, penalty_k: 0.25705253047839044, scale_lr: 0.16788551404666688, AUC: 0.644
Trial 119 finished with value: 0.6443434832154974 and parameters: {'window_influence': 0.43081577242601177, 'penalty_k': 0.25705253047839044, 'scale_lr': 0.16788551404666688}. Best is trial 106 with value: 0.6564321147085124.
checkpoint_e31 window_influence: 0.38993845297649660, penalty_k: 0.14354785571327905, scale_lr: 0.15064971115434500, AUC: 0.647
Trial 120 finished with value: 0.6474160183972719 and parameters: {'window_influence': 0.3899384529764966, 'penalty_k': 0.14354785571327905, 'scale_lr': 0.150649711154345}. Best is trial 106 with value: 0.6564321147085124.
checkpoint_e31 window_influence: 0.39327907860606753, penalty_k: 0.19426607957401532, scale_lr: 0.11942455953541399, AUC: 0.647
Trial 121 finished with value: 0.6466815839751572 and parameters: {'window_influence': 0.39327907860606753, 'penalty_k': 0.19426607957401532, 'scale_lr': 0.11942455953541399}. Best is trial 106 with value: 0.6564321147085124.
checkpoint_e31 window_influence: 0.40453504355900743, penalty_k: 0.20426180874645150, scale_lr: 0.10035808929027795, AUC: 0.649
Trial 122 finished with value: 0.6494155863289226 and parameters: {'window_influence': 0.40453504355900743, 'penalty_k': 0.2042618087464515, 'scale_lr': 0.10035808929027795}. Best is trial 106 with value: 0.6564321147085124.
checkpoint_e31 window_influence: 0.34922412186863455, penalty_k: 0.22016875179360945, scale_lr: 0.12281533842365723, AUC: 0.643
Trial 123 finished with value: 0.6433755449524535 and parameters: {'window_influence': 0.34922412186863455, 'penalty_k': 0.22016875179360945, 'scale_lr': 0.12281533842365723}. Best is trial 106 with value: 0.6564321147085124.
checkpoint_e31 window_influence: 0.37242309920286504, penalty_k: 0.16714861726263397, scale_lr: 0.11509388019582731, AUC: 0.645
