Trial 62 finished with value: 0.652574132828101 and parameters: {'window_influence': 0.5026512376140062, 'penalty_k': 0.03054660816640678, 'scale_lr': 0.31627945666781754}. Best is trial 39 with value: 0.6660677262260636.
checkpoint_e29 window_influence: 0.56778637120664210, penalty_k: 0.10538680228173311, scale_lr: 0.37393566297645325, AUC: 0.657
Trial 63 finished with value: 0.6573996562908148 and parameters: {'window_influence': 0.5677863712066421, 'penalty_k': 0.10538680228173311, 'scale_lr': 0.37393566297645325}. Best is trial 39 with value: 0.6660677262260636.
checkpoint_e29 window_influence: 0.57249519767672752, penalty_k: 0.06466470150363210, scale_lr: 0.33529209688878336, AUC: 0.645
Trial 64 finished with value: 0.6452971716727802 and parameters: {'window_influence': 0.5724951976767275, 'penalty_k': 0.0646647015036321, 'scale_lr': 0.33529209688878336}. Best is trial 39 with value: 0.6660677262260636.
checkpoint_e29 window_influence: 0.59140021726029224, penalty_k: 0.09996171089201980, scale_lr: 0.37077025940606967, AUC: 0.653
Trial 65 finished with value: 0.6532781951225561 and parameters: {'window_influence': 0.5914002172602922, 'penalty_k': 0.0999617108920198, 'scale_lr': 0.37077025940606967}. Best is trial 39 with value: 0.6660677262260636.
checkpoint_e29 window_influence: 0.62181503484708456, penalty_k: 0.17144420867290305, scale_lr: 0.39940254988419904, AUC: 0.656
Trial 66 finished with value: 0.656124669361468 and parameters: {'window_influence': 0.6218150348470846, 'penalty_k': 0.17144420867290305, 'scale_lr': 0.39940254988419904}. Best is trial 39 with value: 0.6660677262260636.
checkpoint_e29 window_influence: 0.61899898678208676, penalty_k: 0.10810597081900443, scale_lr: 0.40496012958208150, AUC: 0.652
Trial 67 finished with value: 0.6515129491782005 and parameters: {'window_influence': 0.6189989867820868, 'penalty_k': 0.10810597081900443, 'scale_lr': 0.4049601295820815}. Best is trial 39 with value: 0.6660677262260636.
checkpoint_e29 window_influence: 0.63235425075414520, penalty_k: 0.17645175030179022, scale_lr: 0.36728046178467771, AUC: 0.658
Trial 68 finished with value: 0.6577627416105476 and parameters: {'window_influence': 0.6323542507541452, 'penalty_k': 0.17645175030179022, 'scale_lr': 0.3672804617846777}. Best is trial 39 with value: 0.6660677262260636.
checkpoint_e29 window_influence: 0.64703783740246945, penalty_k: 0.13431761218284927, scale_lr: 0.36551403685886186, AUC: 0.657
Trial 69 finished with value: 0.6567766209967144 and parameters: {'window_influence': 0.6470378374024695, 'penalty_k': 0.13431761218284927, 'scale_lr': 0.36551403685886186}. Best is trial 39 with value: 0.6660677262260636.
checkpoint_e29 window_influence: 0.64626612399525740, penalty_k: 0.13794738066908141, scale_lr: 0.37576504795779797, AUC: 0.664
Trial 70 finished with value: 0.6638280249526203 and parameters: {'window_influence': 0.6462661239952574, 'penalty_k': 0.1379473806690814, 'scale_lr': 0.37576504795779797}. Best is trial 39 with value: 0.6660677262260636.
checkpoint_e29 window_influence: 0.64611793591741740, penalty_k: 0.14095209109189732, scale_lr: 0.36981271796161208, AUC: 0.651
Trial 71 finished with value: 0.6514780861809182 and parameters: {'window_influence': 0.6461179359174174, 'penalty_k': 0.14095209109189732, 'scale_lr': 0.3698127179616121}. Best is trial 39 with value: 0.6660677262260636.
checkpoint_e29 window_influence: 0.62828023645411557, penalty_k: 0.13767908338883383, scale_lr: 0.35580620947268010, AUC: 0.653
Trial 72 finished with value: 0.652728740739528 and parameters: {'window_influence': 0.6282802364541156, 'penalty_k': 0.13767908338883383, 'scale_lr': 0.3558062094726801}. Best is trial 39 with value: 0.6660677262260636.
checkpoint_e29 window_influence: 0.59973483622096913, penalty_k: 0.10755988159756724, scale_lr: 0.44242141172125216, AUC: 0.651
Trial 73 finished with value: 0.651024624768275 and parameters: {'window_influence': 0.5997348362209691, 'penalty_k': 0.10755988159756724, 'scale_lr': 0.44242141172125216}. Best is trial 39 with value: 0.6660677262260636.
checkpoint_e29 window_influence: 0.63476163048264767, penalty_k: 0.16633881009007778, scale_lr: 0.38560896185296228, AUC: 0.662
Trial 74 finished with value: 0.6623239403035437 and parameters: {'window_influence': 0.6347616304826477, 'penalty_k': 0.16633881009007778, 'scale_lr': 0.3856089618529623}. Best is trial 39 with value: 0.6660677262260636.
checkpoint_e29 window_influence: 0.57025332392447736, penalty_k: 0.18370135174455954, scale_lr: 0.41658048455846886, AUC: 0.656
Trial 75 finished with value: 0.6558622871255363 and parameters: {'window_influence': 0.5702533239244774, 'penalty_k': 0.18370135174455954, 'scale_lr': 0.41658048455846886}. Best is trial 39 with value: 0.6660677262260636.
checkpoint_e29 window_influence: 0.59651249254704874, penalty_k: 0.15827928301502128, scale_lr: 0.33836476892875728, AUC: 0.653
Trial 76 finished with value: 0.6526452789469063 and parameters: {'window_influence': 0.5965124925470487, 'penalty_k': 0.15827928301502128, 'scale_lr': 0.3383647689287573}. Best is trial 39 with value: 0.6660677262260636.
checkpoint_e29 window_influence: 0.63304357422155322, penalty_k: 0.16936737253181250, scale_lr: 0.38647966340544837, AUC: 0.652
Trial 77 finished with value: 0.6518960003369341 and parameters: {'window_influence': 0.6330435742215532, 'penalty_k': 0.1693673725318125, 'scale_lr': 0.38647966340544837}. Best is trial 39 with value: 0.6660677262260636.
checkpoint_e29 window_influence: 0.56166303212439761, penalty_k: 0.08174464082391902, scale_lr: 0.50000874966456055, AUC: 0.649
Trial 78 finished with value: 0.6485646632132589 and parameters: {'window_influence': 0.5616630321243976, 'penalty_k': 0.08174464082391902, 'scale_lr': 0.5000087496645605}. Best is trial 39 with value: 0.6660677262260636.
checkpoint_e29 window_influence: 0.60065896990538969, penalty_k: 0.11533218577730918, scale_lr: 0.44689854402606199, AUC: 0.654
Trial 79 finished with value: 0.6538043321493989 and parameters: {'window_influence': 0.6006589699053897, 'penalty_k': 0.11533218577730918, 'scale_lr': 0.446898544026062}. Best is trial 39 with value: 0.6660677262260636.
checkpoint_e29 window_influence: 0.52301754990411997, penalty_k: 0.21796848251258816, scale_lr: 0.42099052073450710, AUC: 0.656
Trial 80 finished with value: 0.6559483989372047 and parameters: {'window_influence': 0.52301754990412, 'penalty_k': 0.21796848251258816, 'scale_lr': 0.4209905207345071}. Best is trial 39 with value: 0.6660677262260636.
checkpoint_e29 window_influence: 0.64759926031068027, penalty_k: 0.12953395652627447, scale_lr: 0.38334173213878936, AUC: 0.651
Trial 81 finished with value: 0.6505219079997143 and parameters: {'window_influence': 0.6475992603106803, 'penalty_k': 0.12953395652627447, 'scale_lr': 0.38334173213878936}. Best is trial 39 with value: 0.6660677262260636.
checkpoint_e29 window_influence: 0.64315993410957817, penalty_k: 0.15695437640517862, scale_lr: 0.35768518054229748, AUC: 0.655
Trial 82 finished with value: 0.6549392214955494 and parameters: {'window_influence': 0.6431599341095782, 'penalty_k': 0.15695437640517862, 'scale_lr': 0.3576851805422975}. Best is trial 39 with value: 0.6660677262260636.
checkpoint_e29 window_influence: 0.63126972531934977, penalty_k: 0.18104903392962057, scale_lr: 0.45928090047880676, AUC: 0.656
Trial 83 finished with value: 0.6564573995559642 and parameters: {'window_influence': 0.6312697253193498, 'penalty_k': 0.18104903392962057, 'scale_lr': 0.45928090047880676}. Best is trial 39 with value: 0.6660677262260636.
checkpoint_e29 window_influence: 0.61162159802387495, penalty_k: 0.09431659358233072, scale_lr: 0.37658248085141294, AUC: 0.657
Trial 84 finished with value: 0.6568902190593956 and parameters: {'window_influence': 0.611621598023875, 'penalty_k': 0.09431659358233072, 'scale_lr': 0.37658248085141294}. Best is trial 39 with value: 0.6660677262260636.
checkpoint_e29 window_influence: 0.60617045154663818, penalty_k: 0.09642678815789424, scale_lr: 0.39371465467777117, AUC: 0.659
Trial 85 finished with value: 0.6585971298513598 and parameters: {'window_influence': 0.6061704515466382, 'penalty_k': 0.09642678815789424, 'scale_lr': 0.39371465467777117}. Best is trial 39 with value: 0.6660677262260636.
checkpoint_e29 window_influence: 0.55137541588099903, penalty_k: 0.07665947752230576, scale_lr: 0.42455428066623507, AUC: 0.650
Trial 86 finished with value: 0.6498935427663115 and parameters: {'window_influence': 0.551375415880999, 'penalty_k': 0.07665947752230576, 'scale_lr': 0.4245542806662351}. Best is trial 39 with value: 0.6660677262260636.
checkpoint_e29 window_influence: 0.58076909346982775, penalty_k: 0.11549620665832439, scale_lr: 0.43406034730671095, AUC: 0.647
Trial 87 finished with value: 0.6471876313621381 and parameters: {'window_influence': 0.5807690934698277, 'penalty_k': 0.11549620665832439, 'scale_lr': 0.43406034730671095}. Best is trial 39 with value: 0.6660677262260636.
checkpoint_e29 window_influence: 0.60420782411630392, penalty_k: 0.14906395661068850, scale_lr: 0.40314088375780283, AUC: 0.652
Trial 88 finished with value: 0.6516504169821454 and parameters: {'window_influence': 0.6042078241163039, 'penalty_k': 0.1490639566106885, 'scale_lr': 0.4031408837578028}. Best is trial 39 with value: 0.6660677262260636.
checkpoint_e29 window_influence: 0.57591019069212779, penalty_k: 0.19930825219247769, scale_lr: 0.32836573560566751, AUC: 0.657
Trial 89 finished with value: 0.6571972492967764 and parameters: {'window_influence': 0.5759101906921278, 'penalty_k': 0.1993082521924777, 'scale_lr': 0.3283657356056675}. Best is trial 39 with value: 0.6660677262260636.
checkpoint_e29 window_influence: 0.56908746332051774, penalty_k: 0.19590772020978747, scale_lr: 0.32618179669630398, AUC: 0.659
Trial 90 finished with value: 0.6589976266523065 and parameters: {'window_influence': 0.5690874633205177, 'penalty_k': 0.19590772020978747, 'scale_lr': 0.326181796696304}. Best is trial 39 with value: 0.6660677262260636.
checkpoint_e29 window_influence: 0.57436670666240197, penalty_k: 0.20728948057373092, scale_lr: 0.32876113695373332, AUC: 0.657
Trial 91 finished with value: 0.6570508170930395 and parameters: {'window_influence': 0.574366706662402, 'penalty_k': 0.20728948057373092, 'scale_lr': 0.3287611369537333}. Best is trial 39 with value: 0.6660677262260636.
checkpoint_e29 window_influence: 0.55170206521084875, penalty_k: 0.19813068581120347, scale_lr: 0.35066271219897721, AUC: 0.655
Trial 92 finished with value: 0.6552630099573858 and parameters: {'window_influence': 0.5517020652108487, 'penalty_k': 0.19813068581120347, 'scale_lr': 0.3506627121989772}. Best is trial 39 with value: 0.6660677262260636.
checkpoint_e29 window_influence: 0.58923394422579745, penalty_k: 0.17026585043643111, scale_lr: 0.33015249442988770, AUC: 0.657
Trial 93 finished with value: 0.6574053470355798 and parameters: {'window_influence': 0.5892339442257974, 'penalty_k': 0.1702658504364311, 'scale_lr': 0.3301524944298877}. Best is trial 39 with value: 0.6660677262260636.
checkpoint_e29 window_influence: 0.59055599181504437, penalty_k: 0.17614030981998535, scale_lr: 0.38449919177293967, AUC: 0.650
Trial 94 finished with value: 0.65003271783884 and parameters: {'window_influence': 0.5905559918150444, 'penalty_k': 0.17614030981998535, 'scale_lr': 0.3844991917729397}. Best is trial 39 with value: 0.6660677262260636.
checkpoint_e29 window_influence: 0.63126794828521504, penalty_k: 0.16482299221336760, scale_lr: 0.30441289549395140, AUC: 0.650
Trial 95 finished with value: 0.6504531200908806 and parameters: {'window_influence': 0.631267948285215, 'penalty_k': 0.1648229922133676, 'scale_lr': 0.3044128954939514}. Best is trial 39 with value: 0.6660677262260636.
checkpoint_e29 window_influence: 0.53867009475787053, penalty_k: 0.14776405976230214, scale_lr: 0.34508882360711957, AUC: 0.657
Trial 96 finished with value: 0.6572798884622072 and parameters: {'window_influence': 0.5386700947578705, 'penalty_k': 0.14776405976230214, 'scale_lr': 0.34508882360711957}. Best is trial 39 with value: 0.6660677262260636.
checkpoint_e29 window_influence: 0.61295296278665157, penalty_k: 0.18714201193532487, scale_lr: 0.39724210861950665, AUC: 0.657
Trial 97 finished with value: 0.6568214711752154 and parameters: {'window_influence': 0.6129529627866516, 'penalty_k': 0.18714201193532487, 'scale_lr': 0.39724210861950665}. Best is trial 39 with value: 0.6660677262260636.
checkpoint_e29 window_influence: 0.55882669130062201, penalty_k: 0.10684268436480633, scale_lr: 0.31985039363515322, AUC: 0.653
Trial 98 finished with value: 0.6531987054238971 and parameters: {'window_influence': 0.558826691300622, 'penalty_k': 0.10684268436480633, 'scale_lr': 0.3198503936351532}. Best is trial 39 with value: 0.6660677262260636.
checkpoint_e29 window_influence: 0.52738787093370920, penalty_k: 0.12946130118377119, scale_lr: 0.36062208848700378, AUC: 0.658
Trial 99 finished with value: 0.6576756713320568 and parameters: {'window_influence': 0.5273878709337092, 'penalty_k': 0.1294613011837712, 'scale_lr': 0.3606220884870038}. Best is trial 39 with value: 0.6660677262260636.
checkpoint_e29 window_influence: 0.51476652057064676, penalty_k: 0.13021926754245364, scale_lr: 0.29177179609283854, AUC: 0.658
Trial 100 finished with value: 0.6582005455571397 and parameters: {'window_influence': 0.5147665205706468, 'penalty_k': 0.13021926754245364, 'scale_lr': 0.29177179609283854}. Best is trial 39 with value: 0.6660677262260636.
checkpoint_e29 window_influence: 0.47733248107385656, penalty_k: 0.13122631387872646, scale_lr: 0.29583803872944153, AUC: 0.660
Trial 101 finished with value: 0.6600459755134227 and parameters: {'window_influence': 0.47733248107385656, 'penalty_k': 0.13122631387872646, 'scale_lr': 0.29583803872944153}. Best is trial 39 with value: 0.6660677262260636.
checkpoint_e29 window_influence: 0.51367765360238216, penalty_k: 0.13094297258508611, scale_lr: 0.28979457118930418, AUC: 0.659
Trial 102 finished with value: 0.6591252172725572 and parameters: {'window_influence': 0.5136776536023822, 'penalty_k': 0.1309429725850861, 'scale_lr': 0.2897945711893042}. Best is trial 39 with value: 0.6660677262260636.
checkpoint_e29 window_influence: 0.50937090279112451, penalty_k: 0.12682990253126714, scale_lr: 0.29244606476957891, AUC: 0.656
Trial 103 finished with value: 0.6560037977986555 and parameters: {'window_influence': 0.5093709027911245, 'penalty_k': 0.12682990253126714, 'scale_lr': 0.2924460647695789}. Best is trial 39 with value: 0.6660677262260636.
checkpoint_e29 window_influence: 0.51858841885826046, penalty_k: 0.13298010290113368, scale_lr: 0.30922808126363299, AUC: 0.653
Trial 104 finished with value: 0.6529059567502402 and parameters: {'window_influence': 0.5185884188582605, 'penalty_k': 0.13298010290113368, 'scale_lr': 0.309228081263633}. Best is trial 39 with value: 0.6660677262260636.
checkpoint_e29 window_influence: 0.48882756135145511, penalty_k: 0.12362117559499519, scale_lr: 0.28470247833046275, AUC: 0.660
Trial 105 finished with value: 0.6603160350448259 and parameters: {'window_influence': 0.4888275613514551, 'penalty_k': 0.12362117559499519, 'scale_lr': 0.28470247833046275}. Best is trial 39 with value: 0.6660677262260636.
checkpoint_e29 window_influence: 0.48514600339489461, penalty_k: 0.15067721329999637, scale_lr: 0.28615938566210963, AUC: 0.664
Trial 106 finished with value: 0.6636547741636081 and parameters: {'window_influence': 0.4851460033948946, 'penalty_k': 0.15067721329999637, 'scale_lr': 0.28615938566210963}. Best is trial 39 with value: 0.6660677262260636.
checkpoint_e29 window_influence: 0.48216919295830801, penalty_k: 0.11887677649216491, scale_lr: 0.25931424700396660, AUC: 0.660
Trial 107 finished with value: 0.6596827755259128 and parameters: {'window_influence': 0.482169192958308, 'penalty_k': 0.11887677649216491, 'scale_lr': 0.2593142470039666}. Best is trial 39 with value: 0.6660677262260636.
checkpoint_e29 window_influence: 0.47921875904178257, penalty_k: 0.15050604431681339, scale_lr: 0.27440473181574687, AUC: 0.660
Trial 108 finished with value: 0.6598615808866084 and parameters: {'window_influence': 0.47921875904178257, 'penalty_k': 0.1505060443168134, 'scale_lr': 0.27440473181574687}. Best is trial 39 with value: 0.6660677262260636.
checkpoint_e29 window_influence: 0.49055854264835846, penalty_k: 0.14495565736096194, scale_lr: 0.27743588329344759, AUC: 0.653
Trial 109 finished with value: 0.6529363939967957 and parameters: {'window_influence': 0.49055854264835846, 'penalty_k': 0.14495565736096194, 'scale_lr': 0.2774358832934476}. Best is trial 39 with value: 0.6660677262260636.
checkpoint_e29 window_influence: 0.47586951362985169, penalty_k: 0.11730067762991021, scale_lr: 0.24893609200501834, AUC: 0.659
Trial 110 finished with value: 0.659232147731858 and parameters: {'window_influence': 0.4758695136298517, 'penalty_k': 0.11730067762991021, 'scale_lr': 0.24893609200501834}. Best is trial 39 with value: 0.6660677262260636.
checkpoint_e29 window_influence: 0.48286234757964580, penalty_k: 0.15477622086765064, scale_lr: 0.25365933842847643, AUC: 0.657
Trial 111 finished with value: 0.6574718950853122 and parameters: {'window_influence': 0.4828623475796458, 'penalty_k': 0.15477622086765064, 'scale_lr': 0.25365933842847643}. Best is trial 39 with value: 0.6660677262260636.
checkpoint_e29 window_influence: 0.46649845729524125, penalty_k: 0.11606070043275328, scale_lr: 0.28366654135282154, AUC: 0.657
Trial 112 finished with value: 0.6565460186015659 and parameters: {'window_influence': 0.46649845729524125, 'penalty_k': 0.11606070043275328, 'scale_lr': 0.28366654135282154}. Best is trial 39 with value: 0.6660677262260636.
checkpoint_e29 window_influence: 0.47614259799835068, penalty_k: 0.15623105976996654, scale_lr: 0.25638796044164391, AUC: 0.660
Trial 113 finished with value: 0.6597984950882134 and parameters: {'window_influence': 0.4761425979983507, 'penalty_k': 0.15623105976996654, 'scale_lr': 0.2563879604416439}. Best is trial 39 with value: 0.6660677262260636.
checkpoint_e29 window_influence: 0.44971506782867054, penalty_k: 0.08496752872476959, scale_lr: 0.23319924612046450, AUC: 0.663
Trial 114 finished with value: 0.6631269275934548 and parameters: {'window_influence': 0.44971506782867054, 'penalty_k': 0.08496752872476959, 'scale_lr': 0.2331992461204645}. Best is trial 39 with value: 0.6660677262260636.
checkpoint_e29 window_influence: 0.47961353871013546, penalty_k: 0.08427399938990526, scale_lr: 0.23793440722973921, AUC: 0.658
Trial 115 finished with value: 0.6577748060825072 and parameters: {'window_influence': 0.47961353871013546, 'penalty_k': 0.08427399938990526, 'scale_lr': 0.23793440722973921}. Best is trial 39 with value: 0.6660677262260636.
checkpoint_e29 window_influence: 0.46008026910629385, penalty_k: 0.11906360340676563, scale_lr: 0.22040568115748174, AUC: 0.659
Trial 116 finished with value: 0.6587053738489359 and parameters: {'window_influence': 0.46008026910629385, 'penalty_k': 0.11906360340676563, 'scale_lr': 0.22040568115748174}. Best is trial 39 with value: 0.6660677262260636.
checkpoint_e29 window_influence: 0.44849254276751815, penalty_k: 0.14466894585468690, scale_lr: 0.27083996680243588, AUC: 0.659
Trial 117 finished with value: 0.6591501956874619 and parameters: {'window_influence': 0.44849254276751815, 'penalty_k': 0.1446689458546869, 'scale_lr': 0.2708399668024359}. Best is trial 39 with value: 0.6660677262260636.
checkpoint_e29 window_influence: 0.47622467653397060, penalty_k: 0.08989703956808226, scale_lr: 0.21226656872623434, AUC: 0.660
Trial 118 finished with value: 0.659973151657126 and parameters: {'window_influence': 0.4762246765339706, 'penalty_k': 0.08989703956808226, 'scale_lr': 0.21226656872623434}. Best is trial 39 with value: 0.6660677262260636.
checkpoint_e29 window_influence: 0.44666387206421615, penalty_k: 0.06009742275890205, scale_lr: 0.26099402149348416, AUC: 0.656
Trial 119 finished with value: 0.655538793817404 and parameters: {'window_influence': 0.44666387206421615, 'penalty_k': 0.06009742275890205, 'scale_lr': 0.26099402149348416}. Best is trial 39 with value: 0.6660677262260636.
checkpoint_e29 window_influence: 0.48752959211298647, penalty_k: 0.07173203398036961, scale_lr: 0.22431990944858773, AUC: 0.663
Trial 120 finished with value: 0.663017012032369 and parameters: {'window_influence': 0.48752959211298647, 'penalty_k': 0.0717320339803696, 'scale_lr': 0.22431990944858773}. Best is trial 39 with value: 0.6660677262260636.
checkpoint_e29 window_influence: 0.49675290697638808, penalty_k: 0.05128604478731693, scale_lr: 0.20822723057626735, AUC: 0.658
Trial 121 finished with value: 0.6581401393093809 and parameters: {'window_influence': 0.4967529069763881, 'penalty_k': 0.05128604478731693, 'scale_lr': 0.20822723057626735}. Best is trial 39 with value: 0.6660677262260636.
checkpoint_e29 window_influence: 0.48963842920604933, penalty_k: 0.09320561632125558, scale_lr: 0.22816123313073866, AUC: 0.663
Trial 122 finished with value: 0.662588088465217 and parameters: {'window_influence': 0.48963842920604933, 'penalty_k': 0.09320561632125558, 'scale_lr': 0.22816123313073866}. Best is trial 39 with value: 0.6660677262260636.
checkpoint_e29 window_influence: 0.49266727205102817, penalty_k: 0.08899291693998386, scale_lr: 0.22746105241335121, AUC: 0.655
Trial 123 finished with value: 0.6552177209025485 and parameters: {'window_influence': 0.49266727205102817, 'penalty_k': 0.08899291693998386, 'scale_lr': 0.2274610524133512}. Best is trial 39 with value: 0.6660677262260636.
checkpoint_e29 window_influence: 0.50251801965976506, penalty_k: 0.06629856222700679, scale_lr: 0.19620559581198077, AUC: 0.655
