Trial 121 finished with value: 0.6529603297414039 and parameters: {'window_influence': 0.22620057507047034, 'penalty_k': 0.06277199496254476, 'scale_lr': 0.1028540977155273}. Best is trial 84 with value: 0.6561816369710942.
checkpoint_e26 window_influence: 0.20403462829207819, penalty_k: 0.05464822120436912, scale_lr: 0.10332849613056051, AUC: 0.644
Trial 122 finished with value: 0.6442096048679906 and parameters: {'window_influence': 0.2040346282920782, 'penalty_k': 0.05464822120436912, 'scale_lr': 0.10332849613056051}. Best is trial 84 with value: 0.6561816369710942.
checkpoint_e26 window_influence: 0.22762977908445720, penalty_k: 0.07552732605653441, scale_lr: 0.12446199255491980, AUC: 0.643
Trial 123 finished with value: 0.6432779870328109 and parameters: {'window_influence': 0.2276297790844572, 'penalty_k': 0.07552732605653441, 'scale_lr': 0.1244619925549198}. Best is trial 84 with value: 0.6561816369710942.
checkpoint_e26 window_influence: 0.27017705738281705, penalty_k: 0.10633031630453676, scale_lr: 0.17224016835823905, AUC: 0.643
Trial 124 finished with value: 0.6430889696816658 and parameters: {'window_influence': 0.27017705738281705, 'penalty_k': 0.10633031630453676, 'scale_lr': 0.17224016835823905}. Best is trial 84 with value: 0.6561816369710942.
checkpoint_e26 window_influence: 0.18973692264580194, penalty_k: 0.08461165164814870, scale_lr: 0.19130594244336913, AUC: 0.649
Trial 125 finished with value: 0.6490362699888148 and parameters: {'window_influence': 0.18973692264580194, 'penalty_k': 0.0846116516481487, 'scale_lr': 0.19130594244336913}. Best is trial 84 with value: 0.6561816369710942.
checkpoint_e26 window_influence: 0.24784554498046416, penalty_k: 0.06431024203041993, scale_lr: 0.14554950356607863, AUC: 0.649
Trial 126 finished with value: 0.6488787517690188 and parameters: {'window_influence': 0.24784554498046416, 'penalty_k': 0.06431024203041993, 'scale_lr': 0.14554950356607863}. Best is trial 84 with value: 0.6561816369710942.
checkpoint_e26 window_influence: 0.20646023769435248, penalty_k: 0.04256541801947149, scale_lr: 0.23213147756380303, AUC: 0.642
Trial 127 finished with value: 0.6415516453779487 and parameters: {'window_influence': 0.20646023769435248, 'penalty_k': 0.042565418019471495, 'scale_lr': 0.23213147756380303}. Best is trial 84 with value: 0.6561816369710942.
checkpoint_e26 window_influence: 0.22087866229901212, penalty_k: 0.12165051406778978, scale_lr: 0.10162025980904613, AUC: 0.647
Trial 128 finished with value: 0.6467612419595603 and parameters: {'window_influence': 0.22087866229901212, 'penalty_k': 0.12165051406778978, 'scale_lr': 0.10162025980904613}. Best is trial 84 with value: 0.6561816369710942.
checkpoint_e26 window_influence: 0.23896733959237371, penalty_k: 0.02451150656039927, scale_lr: 0.21389680691161805, AUC: 0.640
Trial 129 finished with value: 0.6397317037516499 and parameters: {'window_influence': 0.2389673395923737, 'penalty_k': 0.024511506560399268, 'scale_lr': 0.21389680691161805}. Best is trial 84 with value: 0.6561816369710942.
checkpoint_e26 window_influence: 0.14075149406642790, penalty_k: 0.09596522434609360, scale_lr: 0.15582617692614820, AUC: 0.643
Trial 130 finished with value: 0.6430691890768316 and parameters: {'window_influence': 0.1407514940664279, 'penalty_k': 0.0959652243460936, 'scale_lr': 0.1558261769261482}. Best is trial 84 with value: 0.6561816369710942.
checkpoint_e26 window_influence: 0.22088605376077114, penalty_k: 0.06357656061135511, scale_lr: 0.12045358718647943, AUC: 0.642
Trial 131 finished with value: 0.6423595349164841 and parameters: {'window_influence': 0.22088605376077114, 'penalty_k': 0.06357656061135511, 'scale_lr': 0.12045358718647943}. Best is trial 84 with value: 0.6561816369710942.
checkpoint_e26 window_influence: 0.25773288922830484, penalty_k: 0.05727722889869021, scale_lr: 0.11282596371829107, AUC: 0.646
Trial 132 finished with value: 0.6459892418569078 and parameters: {'window_influence': 0.25773288922830484, 'penalty_k': 0.057277228898690205, 'scale_lr': 0.11282596371829107}. Best is trial 84 with value: 0.6561816369710942.
checkpoint_e26 window_influence: 0.22835147419797416, penalty_k: 0.06890935679248111, scale_lr: 0.13074116271439831, AUC: 0.645
Trial 133 finished with value: 0.6453628020795791 and parameters: {'window_influence': 0.22835147419797416, 'penalty_k': 0.06890935679248111, 'scale_lr': 0.1307411627143983}. Best is trial 84 with value: 0.6561816369710942.
checkpoint_e26 window_influence: 0.21213310677848782, penalty_k: 0.08688704512579838, scale_lr: 0.17683528856839412, AUC: 0.653
Trial 134 finished with value: 0.6530384231703663 and parameters: {'window_influence': 0.21213310677848782, 'penalty_k': 0.08688704512579838, 'scale_lr': 0.17683528856839412}. Best is trial 84 with value: 0.6561816369710942.
checkpoint_e26 window_influence: 0.19387868242021419, penalty_k: 0.08058897888956844, scale_lr: 0.18898056960051479, AUC: 0.644
Trial 135 finished with value: 0.6442761600902572 and parameters: {'window_influence': 0.1938786824202142, 'penalty_k': 0.08058897888956844, 'scale_lr': 0.1889805696005148}. Best is trial 84 with value: 0.6561816369710942.
checkpoint_e26 window_influence: 0.17481336189256289, penalty_k: 0.11499348089693465, scale_lr: 0.17757055409132658, AUC: 0.639
Trial 136 finished with value: 0.6391822751906832 and parameters: {'window_influence': 0.17481336189256289, 'penalty_k': 0.11499348089693465, 'scale_lr': 0.17757055409132658}. Best is trial 84 with value: 0.6561816369710942.
checkpoint_e26 window_influence: 0.21062841914822039, penalty_k: 0.03706417789273499, scale_lr: 0.22444738453405072, AUC: 0.645
Trial 137 finished with value: 0.6453578203791607 and parameters: {'window_influence': 0.2106284191482204, 'penalty_k': 0.037064177892734994, 'scale_lr': 0.22444738453405072}. Best is trial 84 with value: 0.6561816369710942.
checkpoint_e26 window_influence: 0.23960122907235240, penalty_k: 0.08673471800386368, scale_lr: 0.24335470428368153, AUC: 0.646
Trial 138 finished with value: 0.6457355403704509 and parameters: {'window_influence': 0.2396012290723524, 'penalty_k': 0.08673471800386368, 'scale_lr': 0.24335470428368153}. Best is trial 84 with value: 0.6561816369710942.
checkpoint_e26 window_influence: 0.16655119451304384, penalty_k: 0.10386817082154252, scale_lr: 0.20677716034203128, AUC: 0.645
Trial 139 finished with value: 0.6445341736175961 and parameters: {'window_influence': 0.16655119451304384, 'penalty_k': 0.10386817082154252, 'scale_lr': 0.20677716034203128}. Best is trial 84 with value: 0.6561816369710942.
checkpoint_e26 window_influence: 0.18256386395133237, penalty_k: 0.01878615338989945, scale_lr: 0.16429035603296310, AUC: 0.650
Trial 140 finished with value: 0.6501196361337854 and parameters: {'window_influence': 0.18256386395133237, 'penalty_k': 0.018786153389899446, 'scale_lr': 0.1642903560329631}. Best is trial 84 with value: 0.6561816369710942.
checkpoint_e26 window_influence: 0.18810338238469959, penalty_k: 0.01620889783205623, scale_lr: 0.16252991044217338, AUC: 0.652
Trial 141 finished with value: 0.6515146684520328 and parameters: {'window_influence': 0.1881033823846996, 'penalty_k': 0.016208897832056226, 'scale_lr': 0.16252991044217338}. Best is trial 84 with value: 0.6561816369710942.
checkpoint_e26 window_influence: 0.18198006059716476, penalty_k: 0.00130707074953978, scale_lr: 0.16933254796920105, AUC: 0.645
Trial 142 finished with value: 0.6451061934975189 and parameters: {'window_influence': 0.18198006059716476, 'penalty_k': 0.001307070749539778, 'scale_lr': 0.16933254796920105}. Best is trial 84 with value: 0.6561816369710942.
checkpoint_e26 window_influence: 0.15213493828892299, penalty_k: 0.01927332341569221, scale_lr: 0.15285340705184433, AUC: 0.643
Trial 143 finished with value: 0.6428298606573167 and parameters: {'window_influence': 0.152134938288923, 'penalty_k': 0.019273323415692212, 'scale_lr': 0.15285340705184433}. Best is trial 84 with value: 0.6561816369710942.
checkpoint_e26 window_influence: 0.19728137277107910, penalty_k: 0.01234226602542665, scale_lr: 0.18965212041604579, AUC: 0.643
Trial 144 finished with value: 0.6434904839754197 and parameters: {'window_influence': 0.1972813727710791, 'penalty_k': 0.012342266025426648, 'scale_lr': 0.1896521204160458}. Best is trial 84 with value: 0.6561816369710942.
checkpoint_e26 window_influence: 0.18853724784213224, penalty_k: 0.03057529617485288, scale_lr: 0.14120857975349088, AUC: 0.643
Trial 145 finished with value: 0.6425240883891229 and parameters: {'window_influence': 0.18853724784213224, 'penalty_k': 0.030575296174852877, 'scale_lr': 0.14120857975349088}. Best is trial 84 with value: 0.6561816369710942.
checkpoint_e26 window_influence: 0.20874683492892063, penalty_k: 0.04657107070047818, scale_lr: 0.12865609803139055, AUC: 0.652
Trial 146 finished with value: 0.6518413687330112 and parameters: {'window_influence': 0.20874683492892063, 'penalty_k': 0.04657107070047818, 'scale_lr': 0.12865609803139055}. Best is trial 84 with value: 0.6561816369710942.
checkpoint_e26 window_influence: 0.21387541899806081, penalty_k: 0.05221552659224327, scale_lr: 0.12182370114251226, AUC: 0.655
Trial 147 finished with value: 0.6549506995827231 and parameters: {'window_influence': 0.2138754189980608, 'penalty_k': 0.05221552659224327, 'scale_lr': 0.12182370114251226}. Best is trial 84 with value: 0.6561816369710942.
checkpoint_e26 window_influence: 0.20976813098899086, penalty_k: 0.04619644718748007, scale_lr: 0.12232308056601164, AUC: 0.646
Trial 148 finished with value: 0.6464477443643672 and parameters: {'window_influence': 0.20976813098899086, 'penalty_k': 0.046196447187480075, 'scale_lr': 0.12232308056601164}. Best is trial 84 with value: 0.6561816369710942.
checkpoint_e26 window_influence: 0.20087705770684333, penalty_k: 0.04604174349102510, scale_lr: 0.13991031882966745, AUC: 0.650
Trial 149 finished with value: 0.6496464511573117 and parameters: {'window_influence': 0.20087705770684333, 'penalty_k': 0.0460417434910251, 'scale_lr': 0.13991031882966745}. Best is trial 84 with value: 0.6561816369710942.
checkpoint_e26 window_influence: 0.21488991568513199, penalty_k: 0.02813072754778568, scale_lr: 0.10316731624730148, AUC: 0.646
Trial 150 finished with value: 0.646021073992766 and parameters: {'window_influence': 0.214889915685132, 'penalty_k': 0.02813072754778568, 'scale_lr': 0.10316731624730148}. Best is trial 84 with value: 0.6561816369710942.
checkpoint_e26 window_influence: 0.22162316502749435, penalty_k: 0.05390856799356211, scale_lr: 0.12790424895066471, AUC: 0.645
Trial 151 finished with value: 0.644924507220702 and parameters: {'window_influence': 0.22162316502749435, 'penalty_k': 0.05390856799356211, 'scale_lr': 0.1279042489506647}. Best is trial 84 with value: 0.6561816369710942.
checkpoint_e26 window_influence: 0.24915486761739888, penalty_k: 0.07130532683742145, scale_lr: 0.11814748669383776, AUC: 0.647
Trial 152 finished with value: 0.6468929791111863 and parameters: {'window_influence': 0.24915486761739888, 'penalty_k': 0.07130532683742145, 'scale_lr': 0.11814748669383776}. Best is trial 84 with value: 0.6561816369710942.
checkpoint_e26 window_influence: 0.20424930538234468, penalty_k: 0.07745918097947882, scale_lr: 0.25148643944542548, AUC: 0.648
Trial 153 finished with value: 0.6477669065720538 and parameters: {'window_influence': 0.20424930538234468, 'penalty_k': 0.07745918097947882, 'scale_lr': 0.2514864394454255}. Best is trial 84 with value: 0.6561816369710942.
checkpoint_e26 window_influence: 0.16163153711578257, penalty_k: 0.03990721027036837, scale_lr: 0.15271085451251867, AUC: 0.648
Trial 154 finished with value: 0.6480757377629318 and parameters: {'window_influence': 0.16163153711578257, 'penalty_k': 0.039907210270368365, 'scale_lr': 0.15271085451251867}. Best is trial 84 with value: 0.6561816369710942.
checkpoint_e26 window_influence: 0.23324050310844396, penalty_k: 0.09163929058671957, scale_lr: 0.10174925827706301, AUC: 0.646
Trial 155 finished with value: 0.6459079638288989 and parameters: {'window_influence': 0.23324050310844396, 'penalty_k': 0.09163929058671957, 'scale_lr': 0.101749258277063}. Best is trial 84 with value: 0.6561816369710942.
checkpoint_e26 window_influence: 0.17215001029395829, penalty_k: 0.05514417076361869, scale_lr: 0.28244870444798598, AUC: 0.643
Trial 156 finished with value: 0.6431019486376973 and parameters: {'window_influence': 0.1721500102939583, 'penalty_k': 0.05514417076361869, 'scale_lr': 0.282448704447986}. Best is trial 84 with value: 0.6561816369710942.
checkpoint_e26 window_influence: 0.26877611556838554, penalty_k: 0.12908466667788890, scale_lr: 0.13734129335272746, AUC: 0.646
Trial 157 finished with value: 0.6456155164275106 and parameters: {'window_influence': 0.26877611556838554, 'penalty_k': 0.1290846666778889, 'scale_lr': 0.13734129335272746}. Best is trial 84 with value: 0.6561816369710942.
checkpoint_e26 window_influence: 0.19439129195778176, penalty_k: 0.15619943334394720, scale_lr: 0.26765314342114965, AUC: 0.643
Trial 158 finished with value: 0.642733115646972 and parameters: {'window_influence': 0.19439129195778176, 'penalty_k': 0.1561994333439472, 'scale_lr': 0.26765314342114965}. Best is trial 84 with value: 0.6561816369710942.
checkpoint_e26 window_influence: 0.21463177288493576, penalty_k: 0.02934845852869401, scale_lr: 0.21995933551596134, AUC: 0.647
Trial 159 finished with value: 0.6472533044225409 and parameters: {'window_influence': 0.21463177288493576, 'penalty_k': 0.029348458528694013, 'scale_lr': 0.21995933551596134}. Best is trial 84 with value: 0.6561816369710942.
checkpoint_e26 window_influence: 0.24721554448175753, penalty_k: 0.24263711189176174, scale_lr: 0.17891638067670487, AUC: 0.642
Trial 160 finished with value: 0.641505127118925 and parameters: {'window_influence': 0.24721554448175753, 'penalty_k': 0.24263711189176174, 'scale_lr': 0.17891638067670487}. Best is trial 84 with value: 0.6561816369710942.
checkpoint_e26 window_influence: 0.18409317116807877, penalty_k: 0.01849396889949117, scale_lr: 0.16190401915386535, AUC: 0.646
Trial 161 finished with value: 0.6459828113959388 and parameters: {'window_influence': 0.18409317116807877, 'penalty_k': 0.018493968899491165, 'scale_lr': 0.16190401915386535}. Best is trial 84 with value: 0.6561816369710942.
checkpoint_e26 window_influence: 0.18772103130719281, penalty_k: 0.01851295821046728, scale_lr: 0.16413921110108426, AUC: 0.654
Trial 162 finished with value: 0.6535442328906363 and parameters: {'window_influence': 0.1877210313071928, 'penalty_k': 0.018512958210467282, 'scale_lr': 0.16413921110108426}. Best is trial 84 with value: 0.6561816369710942.
checkpoint_e26 window_influence: 0.22722684053978215, penalty_k: 0.00140861226364301, scale_lr: 0.19350534279469350, AUC: 0.643
Trial 163 finished with value: 0.6432555183255473 and parameters: {'window_influence': 0.22722684053978215, 'penalty_k': 0.0014086122636430137, 'scale_lr': 0.1935053427946935}. Best is trial 84 with value: 0.6561816369710942.
checkpoint_e26 window_influence: 0.20415119148345212, penalty_k: 0.04208012957966266, scale_lr: 0.11575371262557235, AUC: 0.642
Trial 164 finished with value: 0.6421825461385561 and parameters: {'window_influence': 0.20415119148345212, 'penalty_k': 0.04208012957966266, 'scale_lr': 0.11575371262557235}. Best is trial 84 with value: 0.6561816369710942.
checkpoint_e26 window_influence: 0.16736251905810862, penalty_k: 0.05764175917570581, scale_lr: 0.23539270283281871, AUC: 0.643
Trial 165 finished with value: 0.6428694781787505 and parameters: {'window_influence': 0.16736251905810862, 'penalty_k': 0.05764175917570581, 'scale_lr': 0.2353927028328187}. Best is trial 84 with value: 0.6561816369710942.
checkpoint_e26 window_influence: 0.13337874787347817, penalty_k: 0.07021298035692727, scale_lr: 0.20225286565514572, AUC: 0.646
Trial 166 finished with value: 0.6459835838042665 and parameters: {'window_influence': 0.13337874787347817, 'penalty_k': 0.07021298035692727, 'scale_lr': 0.20225286565514572}. Best is trial 84 with value: 0.6561816369710942.
checkpoint_e26 window_influence: 0.15108968864894964, penalty_k: 0.01153553442986697, scale_lr: 0.13285348092366200, AUC: 0.643
Trial 167 finished with value: 0.6427262051455234 and parameters: {'window_influence': 0.15108968864894964, 'penalty_k': 0.011535534429866968, 'scale_lr': 0.132853480923662}. Best is trial 84 with value: 0.6561816369710942.
checkpoint_e26 window_influence: 0.19246072169002823, penalty_k: 0.03151064455897816, scale_lr: 0.17521540128998675, AUC: 0.649
Trial 168 finished with value: 0.6492367903073054 and parameters: {'window_influence': 0.19246072169002823, 'penalty_k': 0.03151064455897816, 'scale_lr': 0.17521540128998675}. Best is trial 84 with value: 0.6561816369710942.
checkpoint_e26 window_influence: 0.21443520876988173, penalty_k: 0.09916411539211802, scale_lr: 0.14659492493184684, AUC: 0.646
Trial 169 finished with value: 0.6456557583018231 and parameters: {'window_influence': 0.21443520876988173, 'penalty_k': 0.09916411539211802, 'scale_lr': 0.14659492493184684}. Best is trial 84 with value: 0.6561816369710942.
checkpoint_e26 window_influence: 0.23668437576441803, penalty_k: 0.29680789256841039, scale_lr: 0.22567780863905118, AUC: 0.643
Trial 170 finished with value: 0.6426762020183776 and parameters: {'window_influence': 0.23668437576441803, 'penalty_k': 0.2968078925684104, 'scale_lr': 0.22567780863905118}. Best is trial 84 with value: 0.6561816369710942.
checkpoint_e26 window_influence: 0.17959540120320136, penalty_k: 0.01953098930667080, scale_lr: 0.16124973666287279, AUC: 0.642
Trial 171 finished with value: 0.6418359918774712 and parameters: {'window_influence': 0.17959540120320136, 'penalty_k': 0.019530989306670802, 'scale_lr': 0.1612497366628728}. Best is trial 84 with value: 0.6561816369710942.
checkpoint_e26 window_influence: 0.17875939190083678, penalty_k: 0.04262746333397573, scale_lr: 0.16467536948953693, AUC: 0.645
Trial 172 finished with value: 0.6447748146256729 and parameters: {'window_influence': 0.17875939190083678, 'penalty_k': 0.04262746333397573, 'scale_lr': 0.16467536948953693}. Best is trial 84 with value: 0.6561816369710942.
checkpoint_e26 window_influence: 0.19143408640588827, penalty_k: 0.32303063114887143, scale_lr: 0.24993873118006216, AUC: 0.645
Trial 173 finished with value: 0.645052034924929 and parameters: {'window_influence': 0.19143408640588827, 'penalty_k': 0.3230306311488714, 'scale_lr': 0.24993873118006216}. Best is trial 84 with value: 0.6561816369710942.
checkpoint_e26 window_influence: 0.20504721953909910, penalty_k: 0.02177160937361920, scale_lr: 0.11582405130498032, AUC: 0.653
Trial 174 finished with value: 0.6532524910228421 and parameters: {'window_influence': 0.2050472195390991, 'penalty_k': 0.021771609373619202, 'scale_lr': 0.11582405130498032}. Best is trial 84 with value: 0.6561816369710942.
checkpoint_e26 window_influence: 0.21974998528224035, penalty_k: 0.08268141083260763, scale_lr: 0.11700509528641943, AUC: 0.654
Trial 175 finished with value: 0.653566581567248 and parameters: {'window_influence': 0.21974998528224035, 'penalty_k': 0.08268141083260763, 'scale_lr': 0.11700509528641943}. Best is trial 84 with value: 0.6561816369710942.
checkpoint_e26 window_influence: 0.22057109383856682, penalty_k: 0.07886951353811118, scale_lr: 0.11514731239703248, AUC: 0.656
Trial 176 finished with value: 0.6557908840636726 and parameters: {'window_influence': 0.22057109383856682, 'penalty_k': 0.07886951353811118, 'scale_lr': 0.11514731239703248}. Best is trial 84 with value: 0.6561816369710942.
checkpoint_e26 window_influence: 0.20327476882112203, penalty_k: 0.05353292322122433, scale_lr: 0.10045254085330210, AUC: 0.657
Trial 177 finished with value: 0.6568333850819622 and parameters: {'window_influence': 0.20327476882112203, 'penalty_k': 0.053532923221224334, 'scale_lr': 0.1004525408533021}. Best is trial 177 with value: 0.6568333850819622.
checkpoint_e26 window_influence: 0.20121027576049838, penalty_k: 0.05435408150666460, scale_lr: 0.13162435208251674, AUC: 0.650
Trial 178 finished with value: 0.6495631614703028 and parameters: {'window_influence': 0.20121027576049838, 'penalty_k': 0.054354081506664605, 'scale_lr': 0.13162435208251674}. Best is trial 177 with value: 0.6568333850819622.
checkpoint_e26 window_influence: 0.21318302609297515, penalty_k: 0.06850566815055001, scale_lr: 0.11570557403126461, AUC: 0.647
Trial 179 finished with value: 0.6471090122447152 and parameters: {'window_influence': 0.21318302609297515, 'penalty_k': 0.06850566815055001, 'scale_lr': 0.11570557403126461}. Best is trial 177 with value: 0.6568333850819622.
checkpoint_e26 window_influence: 0.20349496933225894, penalty_k: 0.07861224483431753, scale_lr: 0.11961315104057282, AUC: 0.656
Trial 180 finished with value: 0.6557209074122617 and parameters: {'window_influence': 0.20349496933225894, 'penalty_k': 0.07861224483431753, 'scale_lr': 0.11961315104057282}. Best is trial 177 with value: 0.6568333850819622.
checkpoint_e26 window_influence: 0.20247762832212443, penalty_k: 0.08286172378271786, scale_lr: 0.11949323197110949, AUC: 0.643
Trial 181 finished with value: 0.6426940713605123 and parameters: {'window_influence': 0.20247762832212443, 'penalty_k': 0.08286172378271786, 'scale_lr': 0.11949323197110949}. Best is trial 177 with value: 0.6568333850819622.
checkpoint_e26 window_influence: 0.22021686470002583, penalty_k: 0.06163707766469284, scale_lr: 0.10057816706114969, AUC: 0.646
Trial 182 finished with value: 0.6457564077323448 and parameters: {'window_influence': 0.22021686470002583, 'penalty_k': 0.06163707766469284, 'scale_lr': 0.10057816706114969}. Best is trial 177 with value: 0.6568333850819622.
checkpoint_e26 window_influence: 0.19097565969879340, penalty_k: 0.04836034258769591, scale_lr: 0.12862711876514571, AUC: 0.645
