A new study created in memory with name: no-name-e6d2144d-e1fe-4059-994b-4b0777af0013
Trial 0 failed with parameters: {'window_influence': 0.11868845355940824, 'penalty_k': 0.24413766568012882, 'scale_lr': 0.30235770829757447} because of the following error: KeyboardInterrupt().
Traceback (most recent call last):
  File "/home/n26092289/anaconda3/envs/my_siamban/lib/python3.7/site-packages/optuna/study/_optimize.py", line 200, in _run_trial
    value_or_values = func(trial)
  File "../../tools/tune.py", line 327, in objective
    outputs = tracker.track(img)
  File "../../tools/tune.py", line 127, in track
    score = self._convert_score(outputs['cls'])
  File "../../tools/tune.py", line 75, in _convert_score
    score = score.softmax(1).detach()[:, 1].cpu().numpy()
KeyboardInterrupt
Trial 0 failed with value None.
A new study created in memory with name: no-name-3aba14fa-f765-49ce-87aa-309ff363771c
checkpoint_e26 window_influence: 0.17017384930174528, penalty_k: 0.55480359325799744, scale_lr: 0.53529476080977523, AUC: 0.636
Trial 0 finished with value: 0.6364047516586422 and parameters: {'window_influence': 0.17017384930174528, 'penalty_k': 0.5548035932579974, 'scale_lr': 0.5352947608097752}. Best is trial 0 with value: 0.6364047516586422.
checkpoint_e26 window_influence: 0.15441271550515756, penalty_k: 0.27132576841230610, scale_lr: 0.23339060232082295, AUC: 0.635
Trial 1 finished with value: 0.6354168412881186 and parameters: {'window_influence': 0.15441271550515756, 'penalty_k': 0.2713257684123061, 'scale_lr': 0.23339060232082295}. Best is trial 0 with value: 0.6364047516586422.
checkpoint_e26 window_influence: 0.16408842933375961, penalty_k: 0.28831778806512809, scale_lr: 0.67709722345064127, AUC: 0.638
Trial 2 finished with value: 0.6376541967764199 and parameters: {'window_influence': 0.1640884293337596, 'penalty_k': 0.2883177880651281, 'scale_lr': 0.6770972234506413}. Best is trial 2 with value: 0.6376541967764199.
checkpoint_e26 window_influence: 0.45510448763909334, penalty_k: 0.18019135165973374, scale_lr: 0.57013575774747627, AUC: 0.641
Trial 3 finished with value: 0.6410524808460436 and parameters: {'window_influence': 0.45510448763909334, 'penalty_k': 0.18019135165973374, 'scale_lr': 0.5701357577474763}. Best is trial 3 with value: 0.6410524808460436.
checkpoint_e26 window_influence: 0.32782943045682555, penalty_k: 0.11079533734863238, scale_lr: 0.42352526667616830, AUC: 0.643
Trial 4 finished with value: 0.643090859117266 and parameters: {'window_influence': 0.32782943045682555, 'penalty_k': 0.11079533734863238, 'scale_lr': 0.4235252666761683}. Best is trial 4 with value: 0.643090859117266.
checkpoint_e26 window_influence: 0.38205347737339473, penalty_k: 0.59582970888871012, scale_lr: 0.44692175718472660, AUC: 0.638
Trial 5 finished with value: 0.637648981639081 and parameters: {'window_influence': 0.38205347737339473, 'penalty_k': 0.5958297088887101, 'scale_lr': 0.4469217571847266}. Best is trial 4 with value: 0.643090859117266.
checkpoint_e26 window_influence: 0.29897262282761344, penalty_k: 0.09321528837290284, scale_lr: 0.70696788594826798, AUC: 0.646
Trial 6 finished with value: 0.6457352876491188 and parameters: {'window_influence': 0.29897262282761344, 'penalty_k': 0.09321528837290284, 'scale_lr': 0.706967885948268}. Best is trial 6 with value: 0.6457352876491188.
checkpoint_e26 window_influence: 0.12213463719326376, penalty_k: 0.32641357299043400, scale_lr: 0.67503762626090991, AUC: 0.638
Trial 7 finished with value: 0.6383167274162872 and parameters: {'window_influence': 0.12213463719326376, 'penalty_k': 0.326413572990434, 'scale_lr': 0.6750376262609099}. Best is trial 6 with value: 0.6457352876491188.
checkpoint_e26 window_influence: 0.53773961754656674, penalty_k: 0.56160711764216464, scale_lr: 0.69170590772194229, AUC: 0.639
Trial 8 finished with value: 0.6390711345652114 and parameters: {'window_influence': 0.5377396175465667, 'penalty_k': 0.5616071176421646, 'scale_lr': 0.6917059077219423}. Best is trial 6 with value: 0.6457352876491188.
checkpoint_e26 window_influence: 0.44274570694733684, penalty_k: 0.39537203409221633, scale_lr: 0.65524175575686894, AUC: 0.641
Trial 9 finished with value: 0.6407707437792556 and parameters: {'window_influence': 0.44274570694733684, 'penalty_k': 0.39537203409221633, 'scale_lr': 0.6552417557568689}. Best is trial 6 with value: 0.6457352876491188.
checkpoint_e26 window_influence: 0.63481925469323197, penalty_k: 0.00764473010850031, scale_lr: 0.76858701558393205, AUC: 0.642
Trial 10 finished with value: 0.6419183246910684 and parameters: {'window_influence': 0.634819254693232, 'penalty_k': 0.007644730108500308, 'scale_lr': 0.768587015583932}. Best is trial 6 with value: 0.6457352876491188.
checkpoint_e26 window_influence: 0.28031789392443973, penalty_k: 0.06155977077493521, scale_lr: 0.41891535431824639, AUC: 0.638
Trial 11 finished with value: 0.6380988573037581 and parameters: {'window_influence': 0.28031789392443973, 'penalty_k': 0.06155977077493521, 'scale_lr': 0.4189153543182464}. Best is trial 6 with value: 0.6457352876491188.
checkpoint_e26 window_influence: 0.28564031812350610, penalty_k: 0.14250901471106212, scale_lr: 0.32960723518611129, AUC: 0.649
Trial 12 finished with value: 0.648820271164706 and parameters: {'window_influence': 0.2856403181235061, 'penalty_k': 0.14250901471106212, 'scale_lr': 0.3296072351861113}. Best is trial 12 with value: 0.648820271164706.
checkpoint_e26 window_influence: 0.25464059093103292, penalty_k: 0.15130818858500139, scale_lr: 0.30306762258371778, AUC: 0.641
Trial 13 finished with value: 0.6414436152187638 and parameters: {'window_influence': 0.2546405909310329, 'penalty_k': 0.1513081885850014, 'scale_lr': 0.3030676225837178}. Best is trial 12 with value: 0.648820271164706.
checkpoint_e26 window_influence: 0.07340442553702034, penalty_k: 0.00642891801381430, scale_lr: 0.12276917819226546, AUC: 0.634
Trial 14 finished with value: 0.6344746898845711 and parameters: {'window_influence': 0.07340442553702034, 'penalty_k': 0.006428918013814303, 'scale_lr': 0.12276917819226546}. Best is trial 12 with value: 0.648820271164706.
checkpoint_e26 window_influence: 0.24716798964288408, penalty_k: 0.18755666248058361, scale_lr: 0.34419306418068230, AUC: 0.646
Trial 15 finished with value: 0.646287753518245 and parameters: {'window_influence': 0.24716798964288408, 'penalty_k': 0.1875566624805836, 'scale_lr': 0.3441930641806823}. Best is trial 12 with value: 0.648820271164706.
checkpoint_e26 window_influence: 0.22193421453505713, penalty_k: 0.19961629615415219, scale_lr: 0.32644243809421841, AUC: 0.645
Trial 16 finished with value: 0.6445079951756111 and parameters: {'window_influence': 0.22193421453505713, 'penalty_k': 0.1996162961541522, 'scale_lr': 0.3264424380942184}. Best is trial 12 with value: 0.648820271164706.
checkpoint_e26 window_influence: 0.22286504448825445, penalty_k: 0.20993296015460150, scale_lr: 0.35321047814107642, AUC: 0.640
Trial 17 finished with value: 0.6401342852159204 and parameters: {'window_influence': 0.22286504448825445, 'penalty_k': 0.2099329601546015, 'scale_lr': 0.3532104781410764}. Best is trial 12 with value: 0.648820271164706.
checkpoint_e26 window_influence: 0.35421671940436272, penalty_k: 0.15690924759592173, scale_lr: 0.21790780130904375, AUC: 0.643
Trial 18 finished with value: 0.6425698048530415 and parameters: {'window_influence': 0.3542167194043627, 'penalty_k': 0.15690924759592173, 'scale_lr': 0.21790780130904375}. Best is trial 12 with value: 0.648820271164706.
checkpoint_e26 window_influence: 0.05540285938658374, penalty_k: 0.23985112307616488, scale_lr: 0.53369314665181433, AUC: 0.631
Trial 19 finished with value: 0.6305927879949312 and parameters: {'window_influence': 0.055402859386583736, 'penalty_k': 0.23985112307616488, 'scale_lr': 0.5336931466518143}. Best is trial 12 with value: 0.648820271164706.
checkpoint_e26 window_influence: 0.23967217602023844, penalty_k: 0.12119658849395612, scale_lr: 0.35242089793342879, AUC: 0.643
Trial 20 finished with value: 0.6426795624611866 and parameters: {'window_influence': 0.23967217602023844, 'penalty_k': 0.12119658849395612, 'scale_lr': 0.3524208979334288}. Best is trial 12 with value: 0.648820271164706.
checkpoint_e26 window_influence: 0.29970790199172304, penalty_k: 0.08771847863519062, scale_lr: 0.77867352515391164, AUC: 0.639
Trial 21 finished with value: 0.6385361479757055 and parameters: {'window_influence': 0.29970790199172304, 'penalty_k': 0.08771847863519062, 'scale_lr': 0.7786735251539116}. Best is trial 12 with value: 0.648820271164706.
checkpoint_e26 window_influence: 0.30668765507837864, penalty_k: 0.06939743677508875, scale_lr: 0.49111282942393614, AUC: 0.648
Trial 22 finished with value: 0.6483087142277442 and parameters: {'window_influence': 0.30668765507837864, 'penalty_k': 0.06939743677508875, 'scale_lr': 0.49111282942393614}. Best is trial 12 with value: 0.648820271164706.
checkpoint_e26 window_influence: 0.36566461336717448, penalty_k: 0.05733503842672177, scale_lr: 0.47842706104506627, AUC: 0.640
Trial 23 finished with value: 0.6400717728683368 and parameters: {'window_influence': 0.3656646133671745, 'penalty_k': 0.057335038426721774, 'scale_lr': 0.47842706104506627}. Best is trial 12 with value: 0.648820271164706.
checkpoint_e26 window_influence: 0.21954638071211852, penalty_k: 0.14868369455604349, scale_lr: 0.39346862507162650, AUC: 0.643
Trial 24 finished with value: 0.6426266305338201 and parameters: {'window_influence': 0.21954638071211852, 'penalty_k': 0.1486836945560435, 'scale_lr': 0.3934686250716265}. Best is trial 12 with value: 0.648820271164706.
checkpoint_e26 window_influence: 0.27947670961017190, penalty_k: 0.21657234198095401, scale_lr: 0.47004463646506772, AUC: 0.638
Trial 25 finished with value: 0.6375023206719338 and parameters: {'window_influence': 0.2794767096101719, 'penalty_k': 0.21657234198095401, 'scale_lr': 0.4700446364650677}. Best is trial 12 with value: 0.648820271164706.
checkpoint_e26 window_influence: 0.33331078773830025, penalty_k: 0.04054894744616171, scale_lr: 0.26594543240515706, AUC: 0.649
Trial 26 finished with value: 0.6487821107808153 and parameters: {'window_influence': 0.33331078773830025, 'penalty_k': 0.04054894744616171, 'scale_lr': 0.26594543240515706}. Best is trial 12 with value: 0.648820271164706.
checkpoint_e26 window_influence: 0.39773562123811979, penalty_k: 0.04231102015691768, scale_lr: 0.26753078774817252, AUC: 0.639
Trial 27 finished with value: 0.6388873864741039 and parameters: {'window_influence': 0.3977356212381198, 'penalty_k': 0.04231102015691768, 'scale_lr': 0.2675307877481725}. Best is trial 12 with value: 0.648820271164706.
checkpoint_e26 window_influence: 0.32671960345533668, penalty_k: 0.04181884452196896, scale_lr: 0.16564936482690046, AUC: 0.642
Trial 28 finished with value: 0.6419197321927147 and parameters: {'window_influence': 0.3267196034553367, 'penalty_k': 0.04181884452196896, 'scale_lr': 0.16564936482690046}. Best is trial 12 with value: 0.648820271164706.
checkpoint_e26 window_influence: 0.32914721914455569, penalty_k: 0.00229862558982163, scale_lr: 0.27353671188910506, AUC: 0.639
Trial 29 finished with value: 0.6392434534891197 and parameters: {'window_influence': 0.3291472191445557, 'penalty_k': 0.0022986255898216346, 'scale_lr': 0.27353671188910506}. Best is trial 12 with value: 0.648820271164706.
checkpoint_e26 window_influence: 0.20292836901455485, penalty_k: 0.11006141400598356, scale_lr: 0.38271687283555028, AUC: 0.637
Trial 30 finished with value: 0.637464073453603 and parameters: {'window_influence': 0.20292836901455485, 'penalty_k': 0.11006141400598356, 'scale_lr': 0.3827168728355503}. Best is trial 12 with value: 0.648820271164706.
checkpoint_e26 window_influence: 0.26745244775497434, penalty_k: 0.14762939554273100, scale_lr: 0.31035840686707095, AUC: 0.638
Trial 31 finished with value: 0.6379399257116924 and parameters: {'window_influence': 0.26745244775497434, 'penalty_k': 0.147629395542731, 'scale_lr': 0.31035840686707095}. Best is trial 12 with value: 0.648820271164706.
checkpoint_e26 window_influence: 0.18549430470190076, penalty_k: 0.07412729122930918, scale_lr: 0.37524383498874325, AUC: 0.649
Trial 32 finished with value: 0.6493865809651207 and parameters: {'window_influence': 0.18549430470190076, 'penalty_k': 0.07412729122930918, 'scale_lr': 0.37524383498874325}. Best is trial 32 with value: 0.6493865809651207.
checkpoint_e26 window_influence: 0.17434774640327502, penalty_k: 0.08261095360556049, scale_lr: 0.23394519715849688, AUC: 0.649
Trial 33 finished with value: 0.6493236323881342 and parameters: {'window_influence': 0.17434774640327502, 'penalty_k': 0.08261095360556049, 'scale_lr': 0.23394519715849688}. Best is trial 32 with value: 0.6493865809651207.
checkpoint_e26 window_influence: 0.18002015634375765, penalty_k: 0.08812474655853197, scale_lr: 0.21937362150555084, AUC: 0.646
Trial 34 finished with value: 0.6461544034220151 and parameters: {'window_influence': 0.18002015634375765, 'penalty_k': 0.08812474655853197, 'scale_lr': 0.21937362150555084}. Best is trial 32 with value: 0.6493865809651207.
checkpoint_e26 window_influence: 0.13347870620619051, penalty_k: 0.11729302606286454, scale_lr: 0.26081493956975721, AUC: 0.647
Trial 35 finished with value: 0.6471235803766433 and parameters: {'window_influence': 0.1334787062061905, 'penalty_k': 0.11729302606286454, 'scale_lr': 0.2608149395697572}. Best is trial 32 with value: 0.6493865809651207.
checkpoint_e26 window_influence: 0.18400518239320429, penalty_k: 0.02658149838876749, scale_lr: 0.19143758862858201, AUC: 0.640
Trial 36 finished with value: 0.6400223105455146 and parameters: {'window_influence': 0.1840051823932043, 'penalty_k': 0.026581498388767492, 'scale_lr': 0.191437588628582}. Best is trial 32 with value: 0.6493865809651207.
checkpoint_e26 window_influence: 0.16207183027480021, penalty_k: 0.06520633859775253, scale_lr: 0.29026972668098461, AUC: 0.651
Trial 37 finished with value: 0.6506004689741184 and parameters: {'window_influence': 0.1620718302748002, 'penalty_k': 0.06520633859775253, 'scale_lr': 0.2902697266809846}. Best is trial 37 with value: 0.6506004689741184.
checkpoint_e26 window_influence: 0.15196366808362799, penalty_k: 0.07073204274358583, scale_lr: 0.30644496297763973, AUC: 0.644
Trial 38 finished with value: 0.6440804245773541 and parameters: {'window_influence': 0.151963668083628, 'penalty_k': 0.07073204274358583, 'scale_lr': 0.30644496297763973}. Best is trial 37 with value: 0.6506004689741184.
checkpoint_e26 window_influence: 0.10213321885029053, penalty_k: 0.12533395561841251, scale_lr: 0.37118769370673377, AUC: 0.639
Trial 39 finished with value: 0.6390777217585342 and parameters: {'window_influence': 0.10213321885029053, 'penalty_k': 0.1253339556184125, 'scale_lr': 0.37118769370673377}. Best is trial 37 with value: 0.6506004689741184.
checkpoint_e26 window_influence: 0.17143417026580682, penalty_k: 0.09808451259474370, scale_lr: 0.40721321350048306, AUC: 0.648
Trial 40 finished with value: 0.647957412580043 and parameters: {'window_influence': 0.17143417026580682, 'penalty_k': 0.0980845125947437, 'scale_lr': 0.40721321350048306}. Best is trial 37 with value: 0.6506004689741184.
checkpoint_e26 window_influence: 0.19476996668180493, penalty_k: 0.03425820086907266, scale_lr: 0.24795665576468878, AUC: 0.645
Trial 41 finished with value: 0.6449904914630257 and parameters: {'window_influence': 0.19476996668180493, 'penalty_k': 0.034258200869072664, 'scale_lr': 0.24795665576468878}. Best is trial 37 with value: 0.6506004689741184.
checkpoint_e26 window_influence: 0.13820224104823486, penalty_k: 0.07123751774275480, scale_lr: 0.28177070609348670, AUC: 0.641
Trial 42 finished with value: 0.6414998893067856 and parameters: {'window_influence': 0.13820224104823486, 'penalty_k': 0.0712375177427548, 'scale_lr': 0.2817707060934867}. Best is trial 37 with value: 0.6506004689741184.
checkpoint_e26 window_influence: 0.15728123345833606, penalty_k: 0.04697130164451550, scale_lr: 0.24187110907899359, AUC: 0.638
Trial 43 finished with value: 0.6383871935869985 and parameters: {'window_influence': 0.15728123345833606, 'penalty_k': 0.0469713016445155, 'scale_lr': 0.2418711090789936}. Best is trial 37 with value: 0.6506004689741184.
checkpoint_e26 window_influence: 0.10593119632136874, penalty_k: 0.02781285552506882, scale_lr: 0.33288607753312444, AUC: 0.640
Trial 44 finished with value: 0.6403886108287273 and parameters: {'window_influence': 0.10593119632136874, 'penalty_k': 0.02781285552506882, 'scale_lr': 0.33288607753312444}. Best is trial 37 with value: 0.6506004689741184.
checkpoint_e26 window_influence: 0.19296183972680669, penalty_k: 0.00063629792951636, scale_lr: 0.42529471794163698, AUC: 0.646
Trial 45 finished with value: 0.646274739773193 and parameters: {'window_influence': 0.1929618397268067, 'penalty_k': 0.0006362979295163607, 'scale_lr': 0.425294717941637}. Best is trial 37 with value: 0.6506004689741184.
checkpoint_e26 window_influence: 0.25174305884424991, penalty_k: 0.08157084326779888, scale_lr: 0.29381649662992304, AUC: 0.651
Trial 46 finished with value: 0.6505232941981575 and parameters: {'window_influence': 0.2517430588442499, 'penalty_k': 0.08157084326779888, 'scale_lr': 0.29381649662992304}. Best is trial 37 with value: 0.6506004689741184.
checkpoint_e26 window_influence: 0.24432031903517551, penalty_k: 0.17394752916615625, scale_lr: 0.29720298238347292, AUC: 0.645
Trial 47 finished with value: 0.644550136008671 and parameters: {'window_influence': 0.2443203190351755, 'penalty_k': 0.17394752916615625, 'scale_lr': 0.2972029823834729}. Best is trial 37 with value: 0.6506004689741184.
checkpoint_e26 window_influence: 0.15964676667493979, penalty_k: 0.13337874822711121, scale_lr: 0.36835293737737895, AUC: 0.634
Trial 48 finished with value: 0.6340917510219534 and parameters: {'window_influence': 0.1596467666749398, 'penalty_k': 0.1333787482271112, 'scale_lr': 0.36835293737737895}. Best is trial 37 with value: 0.6506004689741184.
checkpoint_e26 window_influence: 0.22378976573238668, penalty_k: 0.08705966150257258, scale_lr: 0.31284544382407631, AUC: 0.643
Trial 49 finished with value: 0.6425896357722409 and parameters: {'window_influence': 0.22378976573238668, 'penalty_k': 0.08705966150257258, 'scale_lr': 0.3128454438240763}. Best is trial 37 with value: 0.6506004689741184.
checkpoint_e26 window_influence: 0.26530116548149962, penalty_k: 0.11364682851204344, scale_lr: 0.33682704483757991, AUC: 0.646
Trial 50 finished with value: 0.6460013372608527 and parameters: {'window_influence': 0.2653011654814996, 'penalty_k': 0.11364682851204344, 'scale_lr': 0.3368270448375799}. Best is trial 37 with value: 0.6506004689741184.
checkpoint_e26 window_influence: 0.27748555769893829, penalty_k: 0.07646270506925255, scale_lr: 0.27506883047949549, AUC: 0.649
Trial 51 finished with value: 0.6487674710574609 and parameters: {'window_influence': 0.2774855576989383, 'penalty_k': 0.07646270506925255, 'scale_lr': 0.2750688304794955}. Best is trial 37 with value: 0.6506004689741184.
checkpoint_e26 window_influence: 0.21380012019343725, penalty_k: 0.09985297845042954, scale_lr: 0.23354434720310929, AUC: 0.641
Trial 52 finished with value: 0.6407484076493624 and parameters: {'window_influence': 0.21380012019343725, 'penalty_k': 0.09985297845042954, 'scale_lr': 0.2335443472031093}. Best is trial 37 with value: 0.6506004689741184.
checkpoint_e26 window_influence: 0.24382795319560829, penalty_k: 0.05370579438833074, scale_lr: 0.20013630151587600, AUC: 0.640
Trial 53 finished with value: 0.6404398197086939 and parameters: {'window_influence': 0.2438279531956083, 'penalty_k': 0.053705794388330744, 'scale_lr': 0.200136301515876}. Best is trial 37 with value: 0.6506004689741184.
checkpoint_e26 window_influence: 0.30033700052361362, penalty_k: 0.16877490231439116, scale_lr: 0.29393088957592667, AUC: 0.644
Trial 54 finished with value: 0.6440782189952386 and parameters: {'window_influence': 0.3003370005236136, 'penalty_k': 0.16877490231439116, 'scale_lr': 0.29393088957592667}. Best is trial 37 with value: 0.6506004689741184.
checkpoint_e26 window_influence: 0.18164358451291551, penalty_k: 0.13363642480215854, scale_lr: 0.32796435747081237, AUC: 0.647
Trial 55 finished with value: 0.6466638783883354 and parameters: {'window_influence': 0.1816435845129155, 'penalty_k': 0.13363642480215854, 'scale_lr': 0.3279643574708124}. Best is trial 37 with value: 0.6506004689741184.
checkpoint_e26 window_influence: 0.20736628961365142, penalty_k: 0.02304474750759219, scale_lr: 0.35884282168266524, AUC: 0.649
Trial 56 finished with value: 0.6485802043749596 and parameters: {'window_influence': 0.20736628961365142, 'penalty_k': 0.023044747507592188, 'scale_lr': 0.35884282168266524}. Best is trial 37 with value: 0.6506004689741184.
checkpoint_e26 window_influence: 0.11619014105299387, penalty_k: 0.06441433511813745, scale_lr: 0.25985698864060275, AUC: 0.639
Trial 57 finished with value: 0.639449202566827 and parameters: {'window_influence': 0.11619014105299387, 'penalty_k': 0.06441433511813745, 'scale_lr': 0.25985698864060275}. Best is trial 37 with value: 0.6506004689741184.
checkpoint_e26 window_influence: 0.23393089382994545, penalty_k: 0.08969348493866672, scale_lr: 0.38658206730557831, AUC: 0.644
Trial 58 finished with value: 0.643973665990588 and parameters: {'window_influence': 0.23393089382994545, 'penalty_k': 0.08969348493866672, 'scale_lr': 0.3865820673055783}. Best is trial 37 with value: 0.6506004689741184.
checkpoint_e26 window_influence: 0.25874037126734201, penalty_k: 0.05319329968906571, scale_lr: 0.28651106006992633, AUC: 0.642
