Trial 307 finished with value: 0.6453865430553544 and parameters: {'window_influence': 0.23739707610021094, 'penalty_k': 0.06748805220627242, 'scale_lr': 0.18188520433110725}. Best is trial 289 with value: 0.658998360506409.
checkpoint_e26 window_influence: 0.35925909931021149, penalty_k: 0.09386749257916545, scale_lr: 0.11239575352010898, AUC: 0.642
Trial 308 finished with value: 0.6416063936061823 and parameters: {'window_influence': 0.3592590993102115, 'penalty_k': 0.09386749257916545, 'scale_lr': 0.11239575352010898}. Best is trial 289 with value: 0.658998360506409.
checkpoint_e26 window_influence: 0.19376408610471735, penalty_k: 0.21670407188981017, scale_lr: 0.20672455951902943, AUC: 0.644
Trial 309 finished with value: 0.6436128608673315 and parameters: {'window_influence': 0.19376408610471735, 'penalty_k': 0.21670407188981017, 'scale_lr': 0.20672455951902943}. Best is trial 289 with value: 0.658998360506409.
checkpoint_e26 window_influence: 0.24770174814339882, penalty_k: 0.03872322779971167, scale_lr: 0.15145130013519448, AUC: 0.652
Trial 310 finished with value: 0.6523145879549641 and parameters: {'window_influence': 0.24770174814339882, 'penalty_k': 0.03872322779971167, 'scale_lr': 0.15145130013519448}. Best is trial 289 with value: 0.658998360506409.
checkpoint_e26 window_influence: 0.17180497299292161, penalty_k: 0.11019121298259417, scale_lr: 0.12683492799155885, AUC: 0.642
Trial 311 finished with value: 0.6418908083593009 and parameters: {'window_influence': 0.1718049729929216, 'penalty_k': 0.11019121298259417, 'scale_lr': 0.12683492799155885}. Best is trial 289 with value: 0.658998360506409.
checkpoint_e26 window_influence: 0.22272565451759174, penalty_k: 0.05632792756262889, scale_lr: 0.30052630902759586, AUC: 0.649
Trial 312 finished with value: 0.6494200064328839 and parameters: {'window_influence': 0.22272565451759174, 'penalty_k': 0.056327927562628895, 'scale_lr': 0.30052630902759586}. Best is trial 289 with value: 0.658998360506409.
checkpoint_e26 window_influence: 0.21351957772234445, penalty_k: 0.22838246408932189, scale_lr: 0.16507184867834468, AUC: 0.651
Trial 313 finished with value: 0.651467385305546 and parameters: {'window_influence': 0.21351957772234445, 'penalty_k': 0.2283824640893219, 'scale_lr': 0.16507184867834468}. Best is trial 289 with value: 0.658998360506409.
checkpoint_e26 window_influence: 0.20038380895873725, penalty_k: 0.07656492452672095, scale_lr: 0.11192768937964501, AUC: 0.652
Trial 314 finished with value: 0.6523462578643784 and parameters: {'window_influence': 0.20038380895873725, 'penalty_k': 0.07656492452672095, 'scale_lr': 0.111927689379645}. Best is trial 289 with value: 0.658998360506409.
checkpoint_e26 window_influence: 0.22990248879200287, penalty_k: 0.01807791652898843, scale_lr: 0.10053697043629478, AUC: 0.640
Trial 315 finished with value: 0.6400369648395567 and parameters: {'window_influence': 0.22990248879200287, 'penalty_k': 0.018077916528988425, 'scale_lr': 0.10053697043629478}. Best is trial 289 with value: 0.658998360506409.
checkpoint_e26 window_influence: 0.18616746899860509, penalty_k: 0.06597467566087818, scale_lr: 0.28083282835400492, AUC: 0.646
Trial 316 finished with value: 0.645830941331214 and parameters: {'window_influence': 0.1861674689986051, 'penalty_k': 0.06597467566087818, 'scale_lr': 0.2808328283540049}. Best is trial 289 with value: 0.658998360506409.
checkpoint_e26 window_influence: 0.24501776413741588, penalty_k: 0.08720403671271619, scale_lr: 0.13862983497588141, AUC: 0.655
Trial 317 finished with value: 0.6551708329067722 and parameters: {'window_influence': 0.24501776413741588, 'penalty_k': 0.08720403671271619, 'scale_lr': 0.1386298349758814}. Best is trial 289 with value: 0.658998360506409.
checkpoint_e26 window_influence: 0.33361593915848931, penalty_k: 0.08930788476691177, scale_lr: 0.13360214165965106, AUC: 0.644
Trial 318 finished with value: 0.6440187365044393 and parameters: {'window_influence': 0.3336159391584893, 'penalty_k': 0.08930788476691177, 'scale_lr': 0.13360214165965106}. Best is trial 289 with value: 0.658998360506409.
checkpoint_e26 window_influence: 0.25560235643500523, penalty_k: 0.08053340495494236, scale_lr: 0.35920795639461389, AUC: 0.645
Trial 319 finished with value: 0.6452653467432198 and parameters: {'window_influence': 0.25560235643500523, 'penalty_k': 0.08053340495494236, 'scale_lr': 0.3592079563946139}. Best is trial 289 with value: 0.658998360506409.
checkpoint_e26 window_influence: 0.20707669559054648, penalty_k: 0.09709437238475492, scale_lr: 0.12165165695976587, AUC: 0.640
Trial 320 finished with value: 0.6402186623412484 and parameters: {'window_influence': 0.20707669559054648, 'penalty_k': 0.09709437238475492, 'scale_lr': 0.12165165695976587}. Best is trial 289 with value: 0.658998360506409.
checkpoint_e26 window_influence: 0.21831722971669504, penalty_k: 0.05097470835307724, scale_lr: 0.19157758702395419, AUC: 0.646
Trial 321 finished with value: 0.6456868134394729 and parameters: {'window_influence': 0.21831722971669504, 'penalty_k': 0.05097470835307724, 'scale_lr': 0.1915775870239542}. Best is trial 289 with value: 0.658998360506409.
checkpoint_e26 window_influence: 0.17457404156326276, penalty_k: 0.03595613214159339, scale_lr: 0.51226416129032337, AUC: 0.636
Trial 322 finished with value: 0.6356875110372768 and parameters: {'window_influence': 0.17457404156326276, 'penalty_k': 0.03595613214159339, 'scale_lr': 0.5122641612903234}. Best is trial 289 with value: 0.658998360506409.
checkpoint_e26 window_influence: 0.15511824255681050, penalty_k: 0.06945703083664542, scale_lr: 0.13988659888703908, AUC: 0.642
Trial 323 finished with value: 0.6417478714581026 and parameters: {'window_influence': 0.1551182425568105, 'penalty_k': 0.06945703083664542, 'scale_lr': 0.13988659888703908}. Best is trial 289 with value: 0.658998360506409.
checkpoint_e26 window_influence: 0.27893796451365910, penalty_k: 0.01922610725098177, scale_lr: 0.11423473389365212, AUC: 0.650
Trial 324 finished with value: 0.6503750300402006 and parameters: {'window_influence': 0.2789379645136591, 'penalty_k': 0.01922610725098177, 'scale_lr': 0.11423473389365212}. Best is trial 289 with value: 0.658998360506409.
checkpoint_e26 window_influence: 0.08184761996469975, penalty_k: 0.08293371090981509, scale_lr: 0.12564571617337145, AUC: 0.634
Trial 325 finished with value: 0.6341220534833344 and parameters: {'window_influence': 0.08184761996469975, 'penalty_k': 0.08293371090981509, 'scale_lr': 0.12564571617337145}. Best is trial 289 with value: 0.658998360506409.
checkpoint_e26 window_influence: 0.22814337913666372, penalty_k: 0.05874336681456005, scale_lr: 0.10025735342013575, AUC: 0.653
Trial 326 finished with value: 0.652855510887145 and parameters: {'window_influence': 0.22814337913666372, 'penalty_k': 0.05874336681456005, 'scale_lr': 0.10025735342013575}. Best is trial 289 with value: 0.658998360506409.
checkpoint_e26 window_influence: 0.19183854767178546, penalty_k: 0.04297040500002882, scale_lr: 0.22990761868965662, AUC: 0.641
Trial 327 finished with value: 0.6414178334590176 and parameters: {'window_influence': 0.19183854767178546, 'penalty_k': 0.04297040500002882, 'scale_lr': 0.22990761868965662}. Best is trial 289 with value: 0.658998360506409.
checkpoint_e26 window_influence: 0.20877214403395813, penalty_k: 0.11595439290093419, scale_lr: 0.37736453263933822, AUC: 0.649
Trial 328 finished with value: 0.6494378327793439 and parameters: {'window_influence': 0.20877214403395813, 'penalty_k': 0.11595439290093419, 'scale_lr': 0.3773645326393382}. Best is trial 289 with value: 0.658998360506409.
checkpoint_e26 window_influence: 0.11077121210048407, penalty_k: 0.09798548380799886, scale_lr: 0.17081519197619552, AUC: 0.643
Trial 329 finished with value: 0.6427408996108592 and parameters: {'window_influence': 0.11077121210048407, 'penalty_k': 0.09798548380799886, 'scale_lr': 0.17081519197619552}. Best is trial 289 with value: 0.658998360506409.
checkpoint_e26 window_influence: 0.24099656219734714, penalty_k: 0.07198413490662466, scale_lr: 0.36988433709694657, AUC: 0.636
Trial 330 finished with value: 0.6360417847328128 and parameters: {'window_influence': 0.24099656219734714, 'penalty_k': 0.07198413490662466, 'scale_lr': 0.36988433709694657}. Best is trial 289 with value: 0.658998360506409.
checkpoint_e26 window_influence: 0.20159292172956775, penalty_k: 0.03054172653502780, scale_lr: 0.13959089346028844, AUC: 0.650
Trial 331 finished with value: 0.6498831089817777 and parameters: {'window_influence': 0.20159292172956775, 'penalty_k': 0.030541726535027798, 'scale_lr': 0.13959089346028844}. Best is trial 289 with value: 0.658998360506409.
checkpoint_e26 window_influence: 0.29886388305092576, penalty_k: 0.05514475454383582, scale_lr: 0.44877088578584190, AUC: 0.641
Trial 332 finished with value: 0.6413129853632324 and parameters: {'window_influence': 0.29886388305092576, 'penalty_k': 0.05514475454383582, 'scale_lr': 0.4487708857858419}. Best is trial 289 with value: 0.658998360506409.
checkpoint_e26 window_influence: 0.37545449879147419, penalty_k: 0.08650099640271797, scale_lr: 0.41267183330465773, AUC: 0.648
Trial 333 finished with value: 0.6476453796989543 and parameters: {'window_influence': 0.3754544987914742, 'penalty_k': 0.08650099640271797, 'scale_lr': 0.41267183330465773}. Best is trial 289 with value: 0.658998360506409.
checkpoint_e26 window_influence: 0.26658222130691522, penalty_k: 0.01225749956979782, scale_lr: 0.15686756123731507, AUC: 0.642
Trial 334 finished with value: 0.642023048591664 and parameters: {'window_influence': 0.2665822213069152, 'penalty_k': 0.012257499569797818, 'scale_lr': 0.15686756123731507}. Best is trial 289 with value: 0.658998360506409.
checkpoint_e26 window_influence: 0.21711216892904309, penalty_k: 0.06235817047020301, scale_lr: 0.65799960290884696, AUC: 0.640
Trial 335 finished with value: 0.6401847395748373 and parameters: {'window_influence': 0.2171121689290431, 'penalty_k': 0.062358170470203006, 'scale_lr': 0.657999602908847}. Best is trial 289 with value: 0.658998360506409.
checkpoint_e26 window_influence: 0.18550916175407212, penalty_k: 0.10569596458492544, scale_lr: 0.46627683178622426, AUC: 0.648
Trial 336 finished with value: 0.6482540358448146 and parameters: {'window_influence': 0.18550916175407212, 'penalty_k': 0.10569596458492544, 'scale_lr': 0.46627683178622426}. Best is trial 289 with value: 0.658998360506409.
checkpoint_e26 window_influence: 0.23030636292243528, penalty_k: 0.04592875048389882, scale_lr: 0.11840887176681777, AUC: 0.644
Trial 337 finished with value: 0.6441379774626685 and parameters: {'window_influence': 0.23030636292243528, 'penalty_k': 0.04592875048389882, 'scale_lr': 0.11840887176681777}. Best is trial 289 with value: 0.658998360506409.
checkpoint_e26 window_influence: 0.24989830649835618, penalty_k: 0.07597800058681820, scale_lr: 0.21367843412987783, AUC: 0.647
Trial 338 finished with value: 0.6473226514639359 and parameters: {'window_influence': 0.24989830649835618, 'penalty_k': 0.0759780005868182, 'scale_lr': 0.21367843412987783}. Best is trial 289 with value: 0.658998360506409.
checkpoint_e26 window_influence: 0.12629399537476238, penalty_k: 0.02994485327327039, scale_lr: 0.11198418004063247, AUC: 0.643
Trial 339 finished with value: 0.6427103132772471 and parameters: {'window_influence': 0.12629399537476238, 'penalty_k': 0.02994485327327039, 'scale_lr': 0.11198418004063247}. Best is trial 289 with value: 0.658998360506409.
checkpoint_e26 window_influence: 0.42041340659466148, penalty_k: 0.33680519650323060, scale_lr: 0.26061146255482254, AUC: 0.644
Trial 340 finished with value: 0.6442967208989782 and parameters: {'window_influence': 0.4204134065946615, 'penalty_k': 0.3368051965032306, 'scale_lr': 0.26061146255482254}. Best is trial 289 with value: 0.658998360506409.
checkpoint_e26 window_influence: 0.35534531111087897, penalty_k: 0.06465932141088379, scale_lr: 0.18794794243115601, AUC: 0.634
Trial 341 finished with value: 0.6342484691029393 and parameters: {'window_influence': 0.35534531111087897, 'penalty_k': 0.06465932141088379, 'scale_lr': 0.187947942431156}. Best is trial 289 with value: 0.658998360506409.
checkpoint_e26 window_influence: 0.19719192106029523, penalty_k: 0.19313203058663789, scale_lr: 0.13202114474933799, AUC: 0.642
Trial 342 finished with value: 0.6415374353534946 and parameters: {'window_influence': 0.19719192106029523, 'penalty_k': 0.1931320305866379, 'scale_lr': 0.132021144749338}. Best is trial 289 with value: 0.658998360506409.
checkpoint_e26 window_influence: 0.16552488744228944, penalty_k: 0.09275052897379796, scale_lr: 0.14428282795426842, AUC: 0.646
Trial 343 finished with value: 0.6464003731508531 and parameters: {'window_influence': 0.16552488744228944, 'penalty_k': 0.09275052897379796, 'scale_lr': 0.14428282795426842}. Best is trial 289 with value: 0.658998360506409.
checkpoint_e26 window_influence: 0.21624430499927830, penalty_k: 0.05286895442545561, scale_lr: 0.10063057781447998, AUC: 0.646
Trial 344 finished with value: 0.646349141982882 and parameters: {'window_influence': 0.2162443049992783, 'penalty_k': 0.05286895442545561, 'scale_lr': 0.10063057781447998}. Best is trial 289 with value: 0.658998360506409.
checkpoint_e26 window_influence: 0.44608482863259591, penalty_k: 0.07775651146183980, scale_lr: 0.57738933104908885, AUC: 0.637
Trial 345 finished with value: 0.637216232288744 and parameters: {'window_influence': 0.4460848286325959, 'penalty_k': 0.0777565114618398, 'scale_lr': 0.5773893310490888}. Best is trial 289 with value: 0.658998360506409.
checkpoint_e26 window_influence: 0.22855170882216419, penalty_k: 0.04515399095659381, scale_lr: 0.12169218095660653, AUC: 0.649
Trial 346 finished with value: 0.6486372178760131 and parameters: {'window_influence': 0.2285517088221642, 'penalty_k': 0.04515399095659381, 'scale_lr': 0.12169218095660653}. Best is trial 289 with value: 0.658998360506409.
checkpoint_e26 window_influence: 0.20535003594144316, penalty_k: 0.12561427947982948, scale_lr: 0.27438459663079195, AUC: 0.646
Trial 347 finished with value: 0.6460137805527911 and parameters: {'window_influence': 0.20535003594144316, 'penalty_k': 0.12561427947982948, 'scale_lr': 0.27438459663079195}. Best is trial 289 with value: 0.658998360506409.
checkpoint_e26 window_influence: 0.18468308120308485, penalty_k: 0.02360920467420543, scale_lr: 0.23935583187990742, AUC: 0.637
Trial 348 finished with value: 0.6372431970484105 and parameters: {'window_influence': 0.18468308120308485, 'penalty_k': 0.02360920467420543, 'scale_lr': 0.23935583187990742}. Best is trial 289 with value: 0.658998360506409.
checkpoint_e26 window_influence: 0.28648068184807096, penalty_k: 0.06784409513103169, scale_lr: 0.33897618146516612, AUC: 0.641
Trial 349 finished with value: 0.6405656216790289 and parameters: {'window_influence': 0.28648068184807096, 'penalty_k': 0.06784409513103169, 'scale_lr': 0.3389761814651661}. Best is trial 289 with value: 0.658998360506409.
checkpoint_e26 window_influence: 0.24366244131593642, penalty_k: 0.00034917906840563, scale_lr: 0.15748503671464326, AUC: 0.646
Trial 350 finished with value: 0.6461413749471115 and parameters: {'window_influence': 0.24366244131593642, 'penalty_k': 0.0003491790684056334, 'scale_lr': 0.15748503671464326}. Best is trial 289 with value: 0.658998360506409.
checkpoint_e26 window_influence: 0.21894884584613702, penalty_k: 0.10947904915005988, scale_lr: 0.39307437468059658, AUC: 0.644
Trial 351 finished with value: 0.6441780859882158 and parameters: {'window_influence': 0.21894884584613702, 'penalty_k': 0.10947904915005988, 'scale_lr': 0.3930743746805966}. Best is trial 289 with value: 0.658998360506409.
checkpoint_e26 window_influence: 0.19776555029095774, penalty_k: 0.08475756694077634, scale_lr: 0.17515259948439099, AUC: 0.653
Trial 352 finished with value: 0.6532189598192274 and parameters: {'window_influence': 0.19776555029095774, 'penalty_k': 0.08475756694077634, 'scale_lr': 0.175152599484391}. Best is trial 289 with value: 0.658998360506409.
checkpoint_e26 window_influence: 0.17186347890760909, penalty_k: 0.03679845705976201, scale_lr: 0.13040804948806611, AUC: 0.648
Trial 353 finished with value: 0.6478317576888873 and parameters: {'window_influence': 0.17186347890760909, 'penalty_k': 0.03679845705976201, 'scale_lr': 0.1304080494880661}. Best is trial 289 with value: 0.658998360506409.
checkpoint_e26 window_influence: 0.19702028452550283, penalty_k: 0.08864951946107151, scale_lr: 0.43346047733340842, AUC: 0.636
Trial 354 finished with value: 0.6359882551964288 and parameters: {'window_influence': 0.19702028452550283, 'penalty_k': 0.08864951946107151, 'scale_lr': 0.4334604773334084}. Best is trial 289 with value: 0.658998360506409.
checkpoint_e26 window_influence: 0.14656932738238285, penalty_k: 0.05794679327100232, scale_lr: 0.30581506139493986, AUC: 0.642
Trial 355 finished with value: 0.6424079279077262 and parameters: {'window_influence': 0.14656932738238285, 'penalty_k': 0.05794679327100232, 'scale_lr': 0.30581506139493986}. Best is trial 289 with value: 0.658998360506409.
checkpoint_e26 window_influence: 0.18294014161747618, penalty_k: 0.07311263460236234, scale_lr: 0.11456698220597400, AUC: 0.653
Trial 356 finished with value: 0.6530185651369139 and parameters: {'window_influence': 0.18294014161747618, 'penalty_k': 0.07311263460236234, 'scale_lr': 0.114566982205974}. Best is trial 289 with value: 0.658998360506409.
checkpoint_e26 window_influence: 0.49825688316967587, penalty_k: 0.04701397980085301, scale_lr: 0.14509534694517043, AUC: 0.644
Trial 357 finished with value: 0.6444432182386042 and parameters: {'window_influence': 0.49825688316967587, 'penalty_k': 0.047013979800853006, 'scale_lr': 0.14509534694517043}. Best is trial 289 with value: 0.658998360506409.
checkpoint_e26 window_influence: 0.20468313344238517, penalty_k: 0.17070708215960831, scale_lr: 0.16662057708765737, AUC: 0.648
Trial 358 finished with value: 0.6481703175515894 and parameters: {'window_influence': 0.20468313344238517, 'penalty_k': 0.1707070821596083, 'scale_lr': 0.16662057708765737}. Best is trial 289 with value: 0.658998360506409.
checkpoint_e26 window_influence: 0.39606523217178352, penalty_k: 0.14705924973213449, scale_lr: 0.20650779797268948, AUC: 0.640
Trial 359 finished with value: 0.6397313915463002 and parameters: {'window_influence': 0.3960652321717835, 'penalty_k': 0.1470592497321345, 'scale_lr': 0.20650779797268948}. Best is trial 289 with value: 0.658998360506409.
checkpoint_e26 window_influence: 0.25850671668959158, penalty_k: 0.01449895543002504, scale_lr: 0.12860948299224245, AUC: 0.642
Trial 360 finished with value: 0.6421392194850659 and parameters: {'window_influence': 0.2585067166895916, 'penalty_k': 0.014498955430025044, 'scale_lr': 0.12860948299224245}. Best is trial 289 with value: 0.658998360506409.
checkpoint_e26 window_influence: 0.06460666341434085, penalty_k: 0.10124508515200810, scale_lr: 0.11184767215177176, AUC: 0.639
Trial 361 finished with value: 0.638732394840478 and parameters: {'window_influence': 0.06460666341434085, 'penalty_k': 0.1012450851520081, 'scale_lr': 0.11184767215177176}. Best is trial 289 with value: 0.658998360506409.
checkpoint_e26 window_influence: 0.23507269485031043, penalty_k: 0.08214483856362761, scale_lr: 0.45852549866951009, AUC: 0.655
Trial 362 finished with value: 0.6552861928697684 and parameters: {'window_influence': 0.23507269485031043, 'penalty_k': 0.08214483856362761, 'scale_lr': 0.4585254986695101}. Best is trial 289 with value: 0.658998360506409.
checkpoint_e26 window_influence: 0.23800738942475078, penalty_k: 0.06359743653339661, scale_lr: 0.69979342267371303, AUC: 0.630
Trial 363 finished with value: 0.6300415451011555 and parameters: {'window_influence': 0.23800738942475078, 'penalty_k': 0.06359743653339661, 'scale_lr': 0.699793422673713}. Best is trial 289 with value: 0.658998360506409.
checkpoint_e26 window_influence: 0.23025806192250717, penalty_k: 0.03391944188167470, scale_lr: 0.45860187636076066, AUC: 0.647
Trial 364 finished with value: 0.6465090528335136 and parameters: {'window_influence': 0.23025806192250717, 'penalty_k': 0.0339194418816747, 'scale_lr': 0.45860187636076066}. Best is trial 289 with value: 0.658998360506409.
checkpoint_e26 window_influence: 0.25333730033224161, penalty_k: 0.07683615490584875, scale_lr: 0.29703748612544256, AUC: 0.646
Trial 365 finished with value: 0.6463574038122333 and parameters: {'window_influence': 0.2533373003322416, 'penalty_k': 0.07683615490584875, 'scale_lr': 0.29703748612544256}. Best is trial 289 with value: 0.658998360506409.
checkpoint_e26 window_influence: 0.24212112316600104, penalty_k: 0.05453141815069799, scale_lr: 0.42459165072469718, AUC: 0.647
Trial 366 finished with value: 0.6473963137614692 and parameters: {'window_influence': 0.24212112316600104, 'penalty_k': 0.054531418150697994, 'scale_lr': 0.4245916507246972}. Best is trial 289 with value: 0.658998360506409.
checkpoint_e26 window_influence: 0.22124785323391977, penalty_k: 0.04033930548042829, scale_lr: 0.48444157756617368, AUC: 0.644
Trial 367 finished with value: 0.6439166307173855 and parameters: {'window_influence': 0.22124785323391977, 'penalty_k': 0.040339305480428286, 'scale_lr': 0.4844415775661737}. Best is trial 289 with value: 0.658998360506409.
checkpoint_e26 window_influence: 0.23362688249967789, penalty_k: 0.48688524532773725, scale_lr: 0.47858068702877921, AUC: 0.645
Trial 368 finished with value: 0.644524188642878 and parameters: {'window_influence': 0.2336268824996779, 'penalty_k': 0.48688524532773725, 'scale_lr': 0.4785806870287792}. Best is trial 289 with value: 0.658998360506409.
checkpoint_e26 window_influence: 0.27711240838491480, penalty_k: 0.18829501113228816, scale_lr: 0.49793484957602735, AUC: 0.645
