A new study created in memory with name: no-name-eec24e6f-5579-45a2-998f-0619b96953e3
checkpoint_e31 window_influence: 0.62811854227767550, penalty_k: 0.31398652594536403, scale_lr: 0.24746122140983715, AUC: 0.638
Trial 0 finished with value: 0.6377905650674495 and parameters: {'window_influence': 0.6281185422776755, 'penalty_k': 0.313986525945364, 'scale_lr': 0.24746122140983715}. Best is trial 0 with value: 0.6377905650674495.
checkpoint_e31 window_influence: 0.64553157939094319, penalty_k: 0.34819830637499105, scale_lr: 0.18702952972727482, AUC: 0.630
Trial 1 finished with value: 0.6295512494277736 and parameters: {'window_influence': 0.6455315793909432, 'penalty_k': 0.34819830637499105, 'scale_lr': 0.18702952972727482}. Best is trial 0 with value: 0.6377905650674495.
checkpoint_e31 window_influence: 0.41238769714055679, penalty_k: 0.05676357205625832, scale_lr: 0.54104732850020965, AUC: 0.644
Trial 2 finished with value: 0.6444538498411794 and parameters: {'window_influence': 0.4123876971405568, 'penalty_k': 0.05676357205625832, 'scale_lr': 0.5410473285002096}. Best is trial 2 with value: 0.6444538498411794.
checkpoint_e31 window_influence: 0.49415134442654918, penalty_k: 0.41189004004256974, scale_lr: 0.14566483165312982, AUC: 0.650
Trial 3 finished with value: 0.6502563762903049 and parameters: {'window_influence': 0.4941513444265492, 'penalty_k': 0.41189004004256974, 'scale_lr': 0.14566483165312982}. Best is trial 3 with value: 0.6502563762903049.
checkpoint_e31 window_influence: 0.45720286965324913, penalty_k: 0.44551565765459095, scale_lr: 0.22143323910177373, AUC: 0.643
Trial 4 finished with value: 0.6430244981476435 and parameters: {'window_influence': 0.45720286965324913, 'penalty_k': 0.44551565765459095, 'scale_lr': 0.22143323910177373}. Best is trial 3 with value: 0.6502563762903049.
checkpoint_e31 window_influence: 0.06310354643837400, penalty_k: 0.08939336739886723, scale_lr: 0.49072477263517922, AUC: 0.636
Trial 5 finished with value: 0.6362406253977241 and parameters: {'window_influence': 0.063103546438374, 'penalty_k': 0.08939336739886723, 'scale_lr': 0.4907247726351792}. Best is trial 3 with value: 0.6502563762903049.
checkpoint_e31 window_influence: 0.55192020848115697, penalty_k: 0.47656447740607821, scale_lr: 0.26297797601176781, AUC: 0.641
Trial 6 finished with value: 0.640949972288662 and parameters: {'window_influence': 0.551920208481157, 'penalty_k': 0.4765644774060782, 'scale_lr': 0.2629779760117678}. Best is trial 3 with value: 0.6502563762903049.
checkpoint_e31 window_influence: 0.55746018397894082, penalty_k: 0.33598511547395343, scale_lr: 0.62671667497514294, AUC: 0.639
Trial 7 finished with value: 0.6386037515461025 and parameters: {'window_influence': 0.5574601839789408, 'penalty_k': 0.33598511547395343, 'scale_lr': 0.6267166749751429}. Best is trial 3 with value: 0.6502563762903049.
checkpoint_e31 window_influence: 0.56843601404505206, penalty_k: 0.52850234972457000, scale_lr: 0.74845858975361901, AUC: 0.635
Trial 8 finished with value: 0.6350239701586093 and parameters: {'window_influence': 0.5684360140450521, 'penalty_k': 0.52850234972457, 'scale_lr': 0.748458589753619}. Best is trial 3 with value: 0.6502563762903049.
checkpoint_e31 window_influence: 0.32513087296637749, penalty_k: 0.40811208184520370, scale_lr: 0.49457328832262681, AUC: 0.642
Trial 9 finished with value: 0.6420948747861507 and parameters: {'window_influence': 0.3251308729663775, 'penalty_k': 0.4081120818452037, 'scale_lr': 0.4945732883226268}. Best is trial 3 with value: 0.6502563762903049.
checkpoint_e31 window_influence: 0.30356855404546390, penalty_k: 0.58320526900966829, scale_lr: 0.12079824834347469, AUC: 0.644
Trial 10 finished with value: 0.6441158883289771 and parameters: {'window_influence': 0.3035685540454639, 'penalty_k': 0.5832052690096683, 'scale_lr': 0.12079824834347469}. Best is trial 3 with value: 0.6502563762903049.
checkpoint_e31 window_influence: 0.42622082146047852, penalty_k: 0.15786897681400636, scale_lr: 0.34362512215943908, AUC: 0.649
Trial 11 finished with value: 0.6489313224901246 and parameters: {'window_influence': 0.4262208214604785, 'penalty_k': 0.15786897681400636, 'scale_lr': 0.3436251221594391}. Best is trial 3 with value: 0.6502563762903049.
checkpoint_e31 window_influence: 0.47591461584450245, penalty_k: 0.19951082167005668, scale_lr: 0.36006954928749219, AUC: 0.637
Trial 12 finished with value: 0.6369250359441395 and parameters: {'window_influence': 0.47591461584450245, 'penalty_k': 0.19951082167005668, 'scale_lr': 0.3600695492874922}. Best is trial 3 with value: 0.6502563762903049.
checkpoint_e31 window_influence: 0.38040160158234093, penalty_k: 0.21436506124113286, scale_lr: 0.34319107910419272, AUC: 0.646
Trial 13 finished with value: 0.6457617504486985 and parameters: {'window_influence': 0.38040160158234093, 'penalty_k': 0.21436506124113286, 'scale_lr': 0.3431910791041927}. Best is trial 3 with value: 0.6502563762903049.
checkpoint_e31 window_influence: 0.48535865815575069, penalty_k: 0.22969160511467146, scale_lr: 0.36718821285663555, AUC: 0.639
Trial 14 finished with value: 0.6386060873753322 and parameters: {'window_influence': 0.4853586581557507, 'penalty_k': 0.22969160511467146, 'scale_lr': 0.36718821285663555}. Best is trial 3 with value: 0.6502563762903049.
checkpoint_e31 window_influence: 0.27464383896741329, penalty_k: 0.01170471881952123, scale_lr: 0.12517864090219383, AUC: 0.643
Trial 15 finished with value: 0.6429442105989835 and parameters: {'window_influence': 0.2746438389674133, 'penalty_k': 0.011704718819521231, 'scale_lr': 0.12517864090219383}. Best is trial 3 with value: 0.6502563762903049.
checkpoint_e31 window_influence: 0.39358897237737567, penalty_k: 0.16263535431306436, scale_lr: 0.30460433843774054, AUC: 0.641
Trial 16 finished with value: 0.6412408381892212 and parameters: {'window_influence': 0.39358897237737567, 'penalty_k': 0.16263535431306436, 'scale_lr': 0.30460433843774054}. Best is trial 3 with value: 0.6502563762903049.
checkpoint_e31 window_influence: 0.24466600503757435, penalty_k: 0.28697110445854818, scale_lr: 0.41797021428231773, AUC: 0.640
Trial 17 finished with value: 0.6400009363304402 and parameters: {'window_influence': 0.24466600503757435, 'penalty_k': 0.2869711044585482, 'scale_lr': 0.41797021428231773}. Best is trial 3 with value: 0.6502563762903049.
checkpoint_e31 window_influence: 0.44755390610926055, penalty_k: 0.13104230536060268, scale_lr: 0.10416730813104033, AUC: 0.649
Trial 18 finished with value: 0.6486282895956579 and parameters: {'window_influence': 0.44755390610926055, 'penalty_k': 0.13104230536060268, 'scale_lr': 0.10416730813104033}. Best is trial 3 with value: 0.6502563762903049.
checkpoint_e31 window_influence: 0.51708534127340855, penalty_k: 0.26073586760135020, scale_lr: 0.17825823487451439, AUC: 0.636
Trial 19 finished with value: 0.6355478265471679 and parameters: {'window_influence': 0.5170853412734085, 'penalty_k': 0.2607358676013502, 'scale_lr': 0.1782582348745144}. Best is trial 3 with value: 0.6502563762903049.
checkpoint_e31 window_influence: 0.34892979409522012, penalty_k: 0.39817505369316575, scale_lr: 0.27391303551623564, AUC: 0.641
Trial 20 finished with value: 0.6412444668818034 and parameters: {'window_influence': 0.3489297940952201, 'penalty_k': 0.39817505369316575, 'scale_lr': 0.27391303551623564}. Best is trial 3 with value: 0.6502563762903049.
checkpoint_e31 window_influence: 0.43756725037099681, penalty_k: 0.14474532752035552, scale_lr: 0.10508897751632976, AUC: 0.651
Trial 21 finished with value: 0.6511436733527028 and parameters: {'window_influence': 0.4375672503709968, 'penalty_k': 0.14474532752035552, 'scale_lr': 0.10508897751632976}. Best is trial 21 with value: 0.6511436733527028.
checkpoint_e31 window_influence: 0.42915515731867748, penalty_k: 0.14716201492750669, scale_lr: 0.18657553458061771, AUC: 0.649
Trial 22 finished with value: 0.6490813117067181 and parameters: {'window_influence': 0.4291551573186775, 'penalty_k': 0.1471620149275067, 'scale_lr': 0.1865755345806177}. Best is trial 21 with value: 0.6511436733527028.
checkpoint_e31 window_influence: 0.49672512766502397, penalty_k: 0.11571670789776575, scale_lr: 0.19194898605079527, AUC: 0.648
Trial 23 finished with value: 0.6477688141121489 and parameters: {'window_influence': 0.49672512766502397, 'penalty_k': 0.11571670789776575, 'scale_lr': 0.19194898605079527}. Best is trial 21 with value: 0.6511436733527028.
checkpoint_e31 window_influence: 0.37961559413234292, penalty_k: 0.17862098946860516, scale_lr: 0.16371208143431518, AUC: 0.649
Trial 24 finished with value: 0.6485221693401942 and parameters: {'window_influence': 0.3796155941323429, 'penalty_k': 0.17862098946860516, 'scale_lr': 0.16371208143431518}. Best is trial 21 with value: 0.6511436733527028.
checkpoint_e31 window_influence: 0.51886059906268012, penalty_k: 0.26119480129137584, scale_lr: 0.15258741408793222, AUC: 0.638
Trial 25 finished with value: 0.6379829980150074 and parameters: {'window_influence': 0.5188605990626801, 'penalty_k': 0.26119480129137584, 'scale_lr': 0.15258741408793222}. Best is trial 21 with value: 0.6511436733527028.
checkpoint_e31 window_influence: 0.44052881656509751, penalty_k: 0.06828624987658555, scale_lr: 0.10823294077033621, AUC: 0.648
Trial 26 finished with value: 0.6479837885166098 and parameters: {'window_influence': 0.4405288165650975, 'penalty_k': 0.06828624987658555, 'scale_lr': 0.10823294077033621}. Best is trial 21 with value: 0.6511436733527028.
checkpoint_e31 window_influence: 0.60048635574966502, penalty_k: 0.12725133481908416, scale_lr: 0.22179588327256358, AUC: 0.639
Trial 27 finished with value: 0.6390769449325769 and parameters: {'window_influence': 0.600486355749665, 'penalty_k': 0.12725133481908416, 'scale_lr': 0.22179588327256358}. Best is trial 21 with value: 0.6511436733527028.
checkpoint_e31 window_influence: 0.52538856446069127, penalty_k: 0.22082630107292089, scale_lr: 0.10191848985250915, AUC: 0.644
Trial 28 finished with value: 0.6442530329512842 and parameters: {'window_influence': 0.5253885644606913, 'penalty_k': 0.2208263010729209, 'scale_lr': 0.10191848985250915}. Best is trial 21 with value: 0.6511436733527028.
checkpoint_e31 window_influence: 0.60741097328578686, penalty_k: 0.30509815647901894, scale_lr: 0.22447678724610196, AUC: 0.638
Trial 29 finished with value: 0.6383581806105268 and parameters: {'window_influence': 0.6074109732857869, 'penalty_k': 0.30509815647901894, 'scale_lr': 0.22447678724610196}. Best is trial 21 with value: 0.6511436733527028.
checkpoint_e31 window_influence: 0.47145754629011072, penalty_k: 0.03333821458049369, scale_lr: 0.27793908361261305, AUC: 0.640
Trial 30 finished with value: 0.640133784334172 and parameters: {'window_influence': 0.4714575462901107, 'penalty_k': 0.033338214580493686, 'scale_lr': 0.27793908361261305}. Best is trial 21 with value: 0.6511436733527028.
checkpoint_e31 window_influence: 0.42852090409390886, penalty_k: 0.15246167730197421, scale_lr: 0.15887316869161966, AUC: 0.653
Trial 31 finished with value: 0.6525390674531029 and parameters: {'window_influence': 0.42852090409390886, 'penalty_k': 0.1524616773019742, 'scale_lr': 0.15887316869161966}. Best is trial 31 with value: 0.6525390674531029.
checkpoint_e31 window_influence: 0.41912671793589196, penalty_k: 0.10989989387790140, scale_lr: 0.16206873328953261, AUC: 0.642
Trial 32 finished with value: 0.6421544786037207 and parameters: {'window_influence': 0.41912671793589196, 'penalty_k': 0.1098998938779014, 'scale_lr': 0.1620687332895326}. Best is trial 31 with value: 0.6525390674531029.
checkpoint_e31 window_influence: 0.44018684994954826, penalty_k: 0.06172117982480910, scale_lr: 0.20368122101097197, AUC: 0.641
Trial 33 finished with value: 0.6410774499226062 and parameters: {'window_influence': 0.44018684994954826, 'penalty_k': 0.0617211798248091, 'scale_lr': 0.20368122101097197}. Best is trial 31 with value: 0.6525390674531029.
checkpoint_e31 window_influence: 0.39872558992920681, penalty_k: 0.16539648106474206, scale_lr: 0.23908091205874327, AUC: 0.642
Trial 34 finished with value: 0.6417074730096913 and parameters: {'window_influence': 0.3987255899292068, 'penalty_k': 0.16539648106474206, 'scale_lr': 0.23908091205874327}. Best is trial 31 with value: 0.6525390674531029.
checkpoint_e31 window_influence: 0.47534190800168769, penalty_k: 0.35573135777022336, scale_lr: 0.16972177604163571, AUC: 0.651
Trial 35 finished with value: 0.6510272989842847 and parameters: {'window_influence': 0.4753419080016877, 'penalty_k': 0.35573135777022336, 'scale_lr': 0.1697217760416357}. Best is trial 31 with value: 0.6525390674531029.
checkpoint_e31 window_influence: 0.64196368031234519, penalty_k: 0.34726234940683798, scale_lr: 0.14801291577323758, AUC: 0.633
Trial 36 finished with value: 0.6328549303781559 and parameters: {'window_influence': 0.6419636803123452, 'penalty_k': 0.347262349406838, 'scale_lr': 0.14801291577323758}. Best is trial 31 with value: 0.6525390674531029.
checkpoint_e31 window_influence: 0.47033613206799452, penalty_k: 0.37466178862796135, scale_lr: 0.24915109374270347, AUC: 0.646
Trial 37 finished with value: 0.6461657090681536 and parameters: {'window_influence': 0.4703361320679945, 'penalty_k': 0.37466178862796135, 'scale_lr': 0.24915109374270347}. Best is trial 31 with value: 0.6525390674531029.
checkpoint_e31 window_influence: 0.53450030740815357, penalty_k: 0.32382297695444995, scale_lr: 0.14496324283161532, AUC: 0.646
Trial 38 finished with value: 0.6457864517199973 and parameters: {'window_influence': 0.5345003074081536, 'penalty_k': 0.32382297695444995, 'scale_lr': 0.14496324283161532}. Best is trial 31 with value: 0.6525390674531029.
checkpoint_e31 window_influence: 0.56927888780710367, penalty_k: 0.44763024718512801, scale_lr: 0.20066219464620583, AUC: 0.638
Trial 39 finished with value: 0.6378982897580393 and parameters: {'window_influence': 0.5692788878071037, 'penalty_k': 0.447630247185128, 'scale_lr': 0.20066219464620583}. Best is trial 31 with value: 0.6525390674531029.
checkpoint_e31 window_influence: 0.49957539606590756, penalty_k: 0.37557991503446864, scale_lr: 0.15230873053688981, AUC: 0.641
Trial 40 finished with value: 0.641275184570792 and parameters: {'window_influence': 0.49957539606590756, 'penalty_k': 0.37557991503446864, 'scale_lr': 0.1523087305368898}. Best is trial 31 with value: 0.6525390674531029.
checkpoint_e31 window_influence: 0.45303419621758551, penalty_k: 0.07245477771380408, scale_lr: 0.18573245915593350, AUC: 0.640
Trial 41 finished with value: 0.6395956712653933 and parameters: {'window_influence': 0.4530341962175855, 'penalty_k': 0.07245477771380408, 'scale_lr': 0.1857324591559335}. Best is trial 31 with value: 0.6525390674531029.
checkpoint_e31 window_influence: 0.42154134106703967, penalty_k: 0.08878063413332417, scale_lr: 0.21257103295978380, AUC: 0.649
Trial 42 finished with value: 0.6494761383116219 and parameters: {'window_influence': 0.42154134106703967, 'penalty_k': 0.08878063413332417, 'scale_lr': 0.2125710329597838}. Best is trial 31 with value: 0.6525390674531029.
checkpoint_e31 window_influence: 0.41066444279608100, penalty_k: 0.09713608309780475, scale_lr: 0.21940997326828354, AUC: 0.641
Trial 43 finished with value: 0.640662517489564 and parameters: {'window_influence': 0.410664442796081, 'penalty_k': 0.09713608309780475, 'scale_lr': 0.21940997326828354}. Best is trial 31 with value: 0.6525390674531029.
checkpoint_e31 window_influence: 0.49600109441885681, penalty_k: 0.08988038336966278, scale_lr: 0.13475726832265084, AUC: 0.643
Trial 44 finished with value: 0.6430779182400783 and parameters: {'window_influence': 0.4960010944188568, 'penalty_k': 0.08988038336966278, 'scale_lr': 0.13475726832265084}. Best is trial 31 with value: 0.6525390674531029.
checkpoint_e31 window_influence: 0.36023009646511167, penalty_k: 0.18677464327529186, scale_lr: 0.13105613922497883, AUC: 0.648
Trial 45 finished with value: 0.64798202139154 and parameters: {'window_influence': 0.36023009646511167, 'penalty_k': 0.18677464327529186, 'scale_lr': 0.13105613922497883}. Best is trial 31 with value: 0.6525390674531029.
checkpoint_e31 window_influence: 0.47082444160909354, penalty_k: 0.03847576252899675, scale_lr: 0.25331041021337841, AUC: 0.644
Trial 46 finished with value: 0.6444985503043075 and parameters: {'window_influence': 0.47082444160909354, 'penalty_k': 0.038475762528996746, 'scale_lr': 0.2533104102133784}. Best is trial 31 with value: 0.6525390674531029.
checkpoint_e31 window_influence: 0.42073637604865505, penalty_k: 0.13049177496597883, scale_lr: 0.17665782044416353, AUC: 0.653
Trial 47 finished with value: 0.652683161297378 and parameters: {'window_influence': 0.42073637604865505, 'penalty_k': 0.13049177496597883, 'scale_lr': 0.17665782044416353}. Best is trial 47 with value: 0.652683161297378.
checkpoint_e31 window_influence: 0.45635420513307956, penalty_k: 0.24158194056203530, scale_lr: 0.17688273995615278, AUC: 0.656
Trial 48 finished with value: 0.6563281436327171 and parameters: {'window_influence': 0.45635420513307956, 'penalty_k': 0.2415819405620353, 'scale_lr': 0.17688273995615278}. Best is trial 48 with value: 0.6563281436327171.
checkpoint_e31 window_influence: 0.45055467201529875, penalty_k: 0.18828345113486766, scale_lr: 0.17493791456408730, AUC: 0.646
Trial 49 finished with value: 0.6463258604600292 and parameters: {'window_influence': 0.45055467201529875, 'penalty_k': 0.18828345113486766, 'scale_lr': 0.1749379145640873}. Best is trial 48 with value: 0.6563281436327171.
checkpoint_e31 window_influence: 0.38859849785329376, penalty_k: 0.23913940187062954, scale_lr: 0.30164251665383557, AUC: 0.646
Trial 50 finished with value: 0.6460532430778619 and parameters: {'window_influence': 0.38859849785329376, 'penalty_k': 0.23913940187062954, 'scale_lr': 0.30164251665383557}. Best is trial 48 with value: 0.6563281436327171.
checkpoint_e31 window_influence: 0.47963156729670192, penalty_k: 0.14708868227124003, scale_lr: 0.10138879167881515, AUC: 0.649
Trial 51 finished with value: 0.6491222243150971 and parameters: {'window_influence': 0.4796315672967019, 'penalty_k': 0.14708868227124003, 'scale_lr': 0.10138879167881515}. Best is trial 48 with value: 0.6563281436327171.
checkpoint_e31 window_influence: 0.54928698894442163, penalty_k: 0.21239943839796849, scale_lr: 0.13164715846783534, AUC: 0.646
Trial 52 finished with value: 0.6459243120216935 and parameters: {'window_influence': 0.5492869889444216, 'penalty_k': 0.2123994383979685, 'scale_lr': 0.13164715846783534}. Best is trial 48 with value: 0.6563281436327171.
checkpoint_e31 window_influence: 0.41245885120659409, penalty_k: 0.28566779551642701, scale_lr: 0.17019402665531874, AUC: 0.646
Trial 53 finished with value: 0.6462632113483054 and parameters: {'window_influence': 0.4124588512065941, 'penalty_k': 0.285667795516427, 'scale_lr': 0.17019402665531874}. Best is trial 48 with value: 0.6563281436327171.
checkpoint_e31 window_influence: 0.46018439899380736, penalty_k: 0.13659103128020739, scale_lr: 0.12662760870127115, AUC: 0.645
Trial 54 finished with value: 0.6454746282115393 and parameters: {'window_influence': 0.46018439899380736, 'penalty_k': 0.1365910312802074, 'scale_lr': 0.12662760870127115}. Best is trial 48 with value: 0.6563281436327171.
checkpoint_e31 window_influence: 0.50504030639662012, penalty_k: 0.20076749469585681, scale_lr: 0.19578803769274411, AUC: 0.641
Trial 55 finished with value: 0.6409737595614966 and parameters: {'window_influence': 0.5050403063966201, 'penalty_k': 0.2007674946958568, 'scale_lr': 0.1957880376927441}. Best is trial 48 with value: 0.6563281436327171.
checkpoint_e31 window_influence: 0.43658576151231854, penalty_k: 0.16875414603401739, scale_lr: 0.24578799230066911, AUC: 0.639
Trial 56 finished with value: 0.6393183449136574 and parameters: {'window_influence': 0.43658576151231854, 'penalty_k': 0.1687541460340174, 'scale_lr': 0.2457879923006691}. Best is trial 48 with value: 0.6563281436327171.
checkpoint_e31 window_influence: 0.48301668154127214, penalty_k: 0.33544777560877931, scale_lr: 0.16315189227826166, AUC: 0.650
Trial 57 finished with value: 0.6498453414355593 and parameters: {'window_influence': 0.48301668154127214, 'penalty_k': 0.3354477756087793, 'scale_lr': 0.16315189227826166}. Best is trial 48 with value: 0.6563281436327171.
checkpoint_e31 window_influence: 0.37184884367884141, penalty_k: 0.11902415286893672, scale_lr: 0.12489405729069938, AUC: 0.641
Trial 58 finished with value: 0.6408127962816075 and parameters: {'window_influence': 0.3718488436788414, 'penalty_k': 0.11902415286893672, 'scale_lr': 0.12489405729069938}. Best is trial 48 with value: 0.6563281436327171.
checkpoint_e31 window_influence: 0.34543073631417626, penalty_k: 0.24121849076627802, scale_lr: 0.19068181228498582, AUC: 0.653
Trial 59 finished with value: 0.6530171845659352 and parameters: {'window_influence': 0.34543073631417626, 'penalty_k': 0.24121849076627802, 'scale_lr': 0.19068181228498582}. Best is trial 48 with value: 0.6563281436327171.
checkpoint_e31 window_influence: 0.34147858610829662, penalty_k: 0.24575993814058014, scale_lr: 0.22822889313117625, AUC: 0.644
Trial 60 finished with value: 0.64384341796494 and parameters: {'window_influence': 0.3414785861082966, 'penalty_k': 0.24575993814058014, 'scale_lr': 0.22822889313117625}. Best is trial 48 with value: 0.6563281436327171.
checkpoint_e31 window_influence: 0.39844465381125177, penalty_k: 0.28155405391976723, scale_lr: 0.17888069964361100, AUC: 0.645
Trial 61 finished with value: 0.6453976643058678 and parameters: {'window_influence': 0.39844465381125177, 'penalty_k': 0.28155405391976723, 'scale_lr': 0.178880699643611}. Best is trial 48 with value: 0.6563281436327171.
checkpoint_e31 window_influence: 0.37018649833704487, penalty_k: 0.21275542901440117, scale_lr: 0.10257860192550448, AUC: 0.653
