Trial 183 finished with value: 0.6448538946801035 and parameters: {'window_influence': 0.1909756596987934, 'penalty_k': 0.048360342587695906, 'scale_lr': 0.1286271187651457}. Best is trial 177 with value: 0.6568333850819622.
checkpoint_e26 window_influence: 0.17295685405811834, penalty_k: 0.07427034965102812, scale_lr: 0.11191372810525915, AUC: 0.648
Trial 184 finished with value: 0.6479734033933973 and parameters: {'window_influence': 0.17295685405811834, 'penalty_k': 0.07427034965102812, 'scale_lr': 0.11191372810525915}. Best is trial 177 with value: 0.6568333850819622.
checkpoint_e26 window_influence: 0.21042139951175862, penalty_k: 0.03619213802256317, scale_lr: 0.14071774431466436, AUC: 0.656
Trial 185 finished with value: 0.6561512087923059 and parameters: {'window_influence': 0.21042139951175862, 'penalty_k': 0.036192138022563165, 'scale_lr': 0.14071774431466436}. Best is trial 177 with value: 0.6568333850819622.
checkpoint_e26 window_influence: 0.20722088720742055, penalty_k: 0.03532385906198834, scale_lr: 0.14113121271367174, AUC: 0.651
Trial 186 finished with value: 0.6506842051766931 and parameters: {'window_influence': 0.20722088720742055, 'penalty_k': 0.035323859061988344, 'scale_lr': 0.14113121271367174}. Best is trial 177 with value: 0.6568333850819622.
checkpoint_e26 window_influence: 0.22571753668102504, penalty_k: 0.02668882707029449, scale_lr: 0.12272048739003019, AUC: 0.644
Trial 187 finished with value: 0.6444741021696838 and parameters: {'window_influence': 0.22571753668102504, 'penalty_k': 0.02668882707029449, 'scale_lr': 0.12272048739003019}. Best is trial 177 with value: 0.6568333850819622.
checkpoint_e26 window_influence: 0.21011800877361672, penalty_k: 0.10826744007924698, scale_lr: 0.10027843188026828, AUC: 0.643
Trial 188 finished with value: 0.6433263610085805 and parameters: {'window_influence': 0.21011800877361672, 'penalty_k': 0.10826744007924698, 'scale_lr': 0.10027843188026828}. Best is trial 177 with value: 0.6568333850819622.
checkpoint_e26 window_influence: 0.19984018167310783, penalty_k: 0.05009473094870878, scale_lr: 0.14630445055704469, AUC: 0.649
Trial 189 finished with value: 0.6486535238601226 and parameters: {'window_influence': 0.19984018167310783, 'penalty_k': 0.05009473094870878, 'scale_lr': 0.1463044505570447}. Best is trial 177 with value: 0.6568333850819622.
checkpoint_e26 window_influence: 0.22924582281521366, penalty_k: 0.08857144669069361, scale_lr: 0.13215260097670709, AUC: 0.648
Trial 190 finished with value: 0.6478801884114664 and parameters: {'window_influence': 0.22924582281521366, 'penalty_k': 0.08857144669069361, 'scale_lr': 0.13215260097670709}. Best is trial 177 with value: 0.6568333850819622.
checkpoint_e26 window_influence: 0.20906811234182573, penalty_k: 0.03686117838558738, scale_lr: 0.14719026837111648, AUC: 0.647
Trial 191 finished with value: 0.6469760628125218 and parameters: {'window_influence': 0.20906811234182573, 'penalty_k': 0.036861178385587376, 'scale_lr': 0.14719026837111648}. Best is trial 177 with value: 0.6568333850819622.
checkpoint_e26 window_influence: 0.19081875634323939, penalty_k: 0.03228675626325325, scale_lr: 0.11610288583987746, AUC: 0.642
Trial 192 finished with value: 0.641731343770366 and parameters: {'window_influence': 0.1908187563432394, 'penalty_k': 0.032286756263253245, 'scale_lr': 0.11610288583987746}. Best is trial 177 with value: 0.6568333850819622.
checkpoint_e26 window_influence: 0.21639081717781991, penalty_k: 0.03964537974528987, scale_lr: 0.13532259170103750, AUC: 0.645
Trial 193 finished with value: 0.6447640836492097 and parameters: {'window_influence': 0.2163908171778199, 'penalty_k': 0.03964537974528987, 'scale_lr': 0.1353225917010375}. Best is trial 177 with value: 0.6568333850819622.
checkpoint_e26 window_influence: 0.20320134323925906, penalty_k: 0.00762058435853279, scale_lr: 0.11264867751093831, AUC: 0.641
Trial 194 finished with value: 0.6407530093874431 and parameters: {'window_influence': 0.20320134323925906, 'penalty_k': 0.00762058435853279, 'scale_lr': 0.11264867751093831}. Best is trial 177 with value: 0.6568333850819622.
checkpoint_e26 window_influence: 0.24089403212149491, penalty_k: 0.05061664165993116, scale_lr: 0.14356424729242154, AUC: 0.645
Trial 195 finished with value: 0.6452723742720295 and parameters: {'window_influence': 0.2408940321214949, 'penalty_k': 0.050616641659931155, 'scale_lr': 0.14356424729242154}. Best is trial 177 with value: 0.6568333850819622.
checkpoint_e26 window_influence: 0.18119309950482090, penalty_k: 0.38296050670175258, scale_lr: 0.12597645243682090, AUC: 0.637
Trial 196 finished with value: 0.6374767828284846 and parameters: {'window_influence': 0.1811930995048209, 'penalty_k': 0.3829605067017526, 'scale_lr': 0.1259764524368209}. Best is trial 177 with value: 0.6568333850819622.
checkpoint_e26 window_influence: 0.22182665943297089, penalty_k: 0.06535926010654547, scale_lr: 0.14933347792336588, AUC: 0.648
Trial 197 finished with value: 0.6479859475761692 and parameters: {'window_influence': 0.2218266594329709, 'penalty_k': 0.06535926010654547, 'scale_lr': 0.14933347792336588}. Best is trial 177 with value: 0.6568333850819622.
checkpoint_e26 window_influence: 0.19619032128951969, penalty_k: 0.07868030789598450, scale_lr: 0.10018841899067815, AUC: 0.656
Trial 198 finished with value: 0.6555208913886851 and parameters: {'window_influence': 0.1961903212895197, 'penalty_k': 0.0786803078959845, 'scale_lr': 0.10018841899067815}. Best is trial 177 with value: 0.6568333850819622.
checkpoint_e26 window_influence: 0.19233506045709570, penalty_k: 0.07456768041543427, scale_lr: 0.11610889440789005, AUC: 0.653
Trial 199 finished with value: 0.6533853814724636 and parameters: {'window_influence': 0.1923350604570957, 'penalty_k': 0.07456768041543427, 'scale_lr': 0.11610889440789005}. Best is trial 177 with value: 0.6568333850819622.
checkpoint_e26 window_influence: 0.18977394755155108, penalty_k: 0.07897919231412165, scale_lr: 0.11286348272542879, AUC: 0.650
Trial 200 finished with value: 0.6501172455105212 and parameters: {'window_influence': 0.18977394755155108, 'penalty_k': 0.07897919231412165, 'scale_lr': 0.11286348272542879}. Best is trial 177 with value: 0.6568333850819622.
checkpoint_e26 window_influence: 0.19613720971118026, penalty_k: 0.08143396600145889, scale_lr: 0.11201526539672504, AUC: 0.649
Trial 201 finished with value: 0.64868538683755 and parameters: {'window_influence': 0.19613720971118026, 'penalty_k': 0.08143396600145889, 'scale_lr': 0.11201526539672504}. Best is trial 177 with value: 0.6568333850819622.
checkpoint_e26 window_influence: 0.17127160087970839, penalty_k: 0.10205109557347074, scale_lr: 0.10309019104545024, AUC: 0.641
Trial 202 finished with value: 0.6412249147169964 and parameters: {'window_influence': 0.17127160087970839, 'penalty_k': 0.10205109557347074, 'scale_lr': 0.10309019104545024}. Best is trial 177 with value: 0.6568333850819622.
checkpoint_e26 window_influence: 0.21651814244444106, penalty_k: 0.09260660403064649, scale_lr: 0.10050735236197197, AUC: 0.644
Trial 203 finished with value: 0.6440455811362206 and parameters: {'window_influence': 0.21651814244444106, 'penalty_k': 0.0926066040306465, 'scale_lr': 0.10050735236197197}. Best is trial 177 with value: 0.6568333850819622.
checkpoint_e26 window_influence: 0.23291076482281028, penalty_k: 0.06834973604451179, scale_lr: 0.12903282951456105, AUC: 0.647
Trial 204 finished with value: 0.6466849734747585 and parameters: {'window_influence': 0.23291076482281028, 'penalty_k': 0.06834973604451179, 'scale_lr': 0.12903282951456105}. Best is trial 177 with value: 0.6568333850819622.
checkpoint_e26 window_influence: 0.18233693414537550, penalty_k: 0.14174686908195036, scale_lr: 0.12714152988380398, AUC: 0.645
Trial 205 finished with value: 0.6445414101072676 and parameters: {'window_influence': 0.1823369341453755, 'penalty_k': 0.14174686908195036, 'scale_lr': 0.12714152988380398}. Best is trial 177 with value: 0.6568333850819622.
checkpoint_e26 window_influence: 0.19633239485962301, penalty_k: 0.05758161438610693, scale_lr: 0.11620766635291227, AUC: 0.642
Trial 206 finished with value: 0.6421164551919033 and parameters: {'window_influence': 0.196332394859623, 'penalty_k': 0.05758161438610693, 'scale_lr': 0.11620766635291227}. Best is trial 177 with value: 0.6568333850819622.
checkpoint_e26 window_influence: 0.20628930860057190, penalty_k: 0.12161881033969049, scale_lr: 0.10029047327423693, AUC: 0.646
Trial 207 finished with value: 0.6460586724883339 and parameters: {'window_influence': 0.2062893086005719, 'penalty_k': 0.12161881033969049, 'scale_lr': 0.10029047327423693}. Best is trial 177 with value: 0.6568333850819622.
checkpoint_e26 window_influence: 0.15531057951976096, penalty_k: 0.07396150170421398, scale_lr: 0.11901533829679732, AUC: 0.646
Trial 208 finished with value: 0.645524141305447 and parameters: {'window_influence': 0.15531057951976096, 'penalty_k': 0.07396150170421398, 'scale_lr': 0.11901533829679732}. Best is trial 177 with value: 0.6568333850819622.
checkpoint_e26 window_influence: 0.22335623600785517, penalty_k: 0.06292012471291014, scale_lr: 0.15700733053062976, AUC: 0.655
Trial 209 finished with value: 0.6545733703692465 and parameters: {'window_influence': 0.22335623600785517, 'penalty_k': 0.06292012471291014, 'scale_lr': 0.15700733053062976}. Best is trial 177 with value: 0.6568333850819622.
checkpoint_e26 window_influence: 0.23671161263565380, penalty_k: 0.06182070138519334, scale_lr: 0.15685372746851045, AUC: 0.642
Trial 210 finished with value: 0.6417006714775899 and parameters: {'window_influence': 0.2367116126356538, 'penalty_k': 0.06182070138519334, 'scale_lr': 0.15685372746851045}. Best is trial 177 with value: 0.6568333850819622.
checkpoint_e26 window_influence: 0.22150111267961639, penalty_k: 0.08449720961163099, scale_lr: 0.16821908736307348, AUC: 0.656
Trial 211 finished with value: 0.6559999873198186 and parameters: {'window_influence': 0.2215011126796164, 'penalty_k': 0.08449720961163099, 'scale_lr': 0.16821908736307348}. Best is trial 177 with value: 0.6568333850819622.
checkpoint_e26 window_influence: 0.22641955800174871, penalty_k: 0.08747945105487855, scale_lr: 0.16904039488617670, AUC: 0.652
Trial 212 finished with value: 0.6515304685251938 and parameters: {'window_influence': 0.2264195580017487, 'penalty_k': 0.08747945105487855, 'scale_lr': 0.1690403948861767}. Best is trial 177 with value: 0.6568333850819622.
checkpoint_e26 window_influence: 0.25383723654883161, penalty_k: 0.08404922206204128, scale_lr: 0.17692090340130390, AUC: 0.640
Trial 213 finished with value: 0.6402197009248791 and parameters: {'window_influence': 0.2538372365488316, 'penalty_k': 0.08404922206204128, 'scale_lr': 0.1769209034013039}. Best is trial 177 with value: 0.6568333850819622.
checkpoint_e26 window_influence: 0.22113197213667304, penalty_k: 0.09828028299278437, scale_lr: 0.13608625970611687, AUC: 0.649
Trial 214 finished with value: 0.6493782927592472 and parameters: {'window_influence': 0.22113197213667304, 'penalty_k': 0.09828028299278437, 'scale_lr': 0.13608625970611687}. Best is trial 177 with value: 0.6568333850819622.
checkpoint_e26 window_influence: 0.24223336409802149, penalty_k: 0.07327160809228576, scale_lr: 0.15685242745297662, AUC: 0.647
Trial 215 finished with value: 0.6467954384075736 and parameters: {'window_influence': 0.2422333640980215, 'penalty_k': 0.07327160809228576, 'scale_lr': 0.15685242745297662}. Best is trial 177 with value: 0.6568333850819622.
checkpoint_e26 window_influence: 0.22716677252544532, penalty_k: 0.05503760505029395, scale_lr: 0.18136973501326450, AUC: 0.644
Trial 216 finished with value: 0.6438081767390982 and parameters: {'window_influence': 0.22716677252544532, 'penalty_k': 0.05503760505029395, 'scale_lr': 0.1813697350132645}. Best is trial 177 with value: 0.6568333850819622.
checkpoint_e26 window_influence: 0.21570443992035421, penalty_k: 0.08902329022932212, scale_lr: 0.13841170795567403, AUC: 0.646
Trial 217 finished with value: 0.6459780717983388 and parameters: {'window_influence': 0.2157044399203542, 'penalty_k': 0.08902329022932212, 'scale_lr': 0.13841170795567403}. Best is trial 177 with value: 0.6568333850819622.
checkpoint_e26 window_influence: 0.23084399101695727, penalty_k: 0.04596503051359334, scale_lr: 0.12236910147248165, AUC: 0.640
Trial 218 finished with value: 0.6397831748913719 and parameters: {'window_influence': 0.23084399101695727, 'penalty_k': 0.04596503051359334, 'scale_lr': 0.12236910147248165}. Best is trial 177 with value: 0.6568333850819622.
checkpoint_e26 window_influence: 0.25592749762316469, penalty_k: 0.06578458729185634, scale_lr: 0.17143608279997954, AUC: 0.650
Trial 219 finished with value: 0.6500910824282253 and parameters: {'window_influence': 0.2559274976231647, 'penalty_k': 0.06578458729185634, 'scale_lr': 0.17143608279997954}. Best is trial 177 with value: 0.6568333850819622.
checkpoint_e26 window_influence: 0.21233312013607175, penalty_k: 0.18754343224941805, scale_lr: 0.53279555957676594, AUC: 0.646
Trial 220 finished with value: 0.6455818361515933 and parameters: {'window_influence': 0.21233312013607175, 'penalty_k': 0.18754343224941805, 'scale_lr': 0.5327955595767659}. Best is trial 177 with value: 0.6568333850819622.
checkpoint_e26 window_influence: 0.20120817036215477, penalty_k: 0.07924127581450284, scale_lr: 0.15807587404365059, AUC: 0.646
Trial 221 finished with value: 0.646490684659031 and parameters: {'window_influence': 0.20120817036215477, 'penalty_k': 0.07924127581450284, 'scale_lr': 0.1580758740436506}. Best is trial 177 with value: 0.6568333850819622.
checkpoint_e26 window_influence: 0.22300460117616921, penalty_k: 0.17594669133046767, scale_lr: 0.19187622604079266, AUC: 0.640
Trial 222 finished with value: 0.6395696364384239 and parameters: {'window_influence': 0.22300460117616921, 'penalty_k': 0.17594669133046767, 'scale_lr': 0.19187622604079266}. Best is trial 177 with value: 0.6568333850819622.
checkpoint_e26 window_influence: 0.37772504976887689, penalty_k: 0.02736879857906688, scale_lr: 0.16757349200284524, AUC: 0.643
Trial 223 finished with value: 0.6426886274115954 and parameters: {'window_influence': 0.3777250497688769, 'penalty_k': 0.027368798579066878, 'scale_lr': 0.16757349200284524}. Best is trial 177 with value: 0.6568333850819622.
checkpoint_e26 window_influence: 0.18806388490626066, penalty_k: 0.04434411431302408, scale_lr: 0.14715493218755271, AUC: 0.641
Trial 224 finished with value: 0.6414806835375766 and parameters: {'window_influence': 0.18806388490626066, 'penalty_k': 0.04434411431302408, 'scale_lr': 0.1471549321875527}. Best is trial 177 with value: 0.6568333850819622.
checkpoint_e26 window_influence: 0.20553661863064743, penalty_k: 0.02169449471492373, scale_lr: 0.41683991625647865, AUC: 0.644
Trial 225 finished with value: 0.6444738985920925 and parameters: {'window_influence': 0.20553661863064743, 'penalty_k': 0.021694494714923726, 'scale_lr': 0.41683991625647865}. Best is trial 177 with value: 0.6568333850819622.
checkpoint_e26 window_influence: 0.23868297373666669, penalty_k: 0.05899881234706141, scale_lr: 0.11524583149519654, AUC: 0.655
Trial 226 finished with value: 0.6550511407862522 and parameters: {'window_influence': 0.2386829737366667, 'penalty_k': 0.058998812347061405, 'scale_lr': 0.11524583149519654}. Best is trial 177 with value: 0.6568333850819622.
checkpoint_e26 window_influence: 0.23823810771495377, penalty_k: 0.05987592084342790, scale_lr: 0.11390611066341985, AUC: 0.650
Trial 227 finished with value: 0.6502092155516968 and parameters: {'window_influence': 0.23823810771495377, 'penalty_k': 0.059875920843427896, 'scale_lr': 0.11390611066341985}. Best is trial 177 with value: 0.6568333850819622.
checkpoint_e26 window_influence: 0.24964391556421170, penalty_k: 0.10768948446089842, scale_lr: 0.12440566656076528, AUC: 0.642
Trial 228 finished with value: 0.64156623722713 and parameters: {'window_influence': 0.2496439155642117, 'penalty_k': 0.10768948446089842, 'scale_lr': 0.12440566656076528}. Best is trial 177 with value: 0.6568333850819622.
checkpoint_e26 window_influence: 0.22440660713423569, penalty_k: 0.16274880817943285, scale_lr: 0.10208905117293113, AUC: 0.645
Trial 229 finished with value: 0.6454921517282844 and parameters: {'window_influence': 0.22440660713423569, 'penalty_k': 0.16274880817943285, 'scale_lr': 0.10208905117293113}. Best is trial 177 with value: 0.6568333850819622.
checkpoint_e26 window_influence: 0.49310705535182237, penalty_k: 0.07328789271134568, scale_lr: 0.13381405215085307, AUC: 0.648
Trial 230 finished with value: 0.6476069906531806 and parameters: {'window_influence': 0.49310705535182237, 'penalty_k': 0.07328789271134568, 'scale_lr': 0.13381405215085307}. Best is trial 177 with value: 0.6568333850819622.
checkpoint_e26 window_influence: 0.21227912481707739, penalty_k: 0.05486195702319938, scale_lr: 0.11956139823298118, AUC: 0.655
Trial 231 finished with value: 0.6545496771437583 and parameters: {'window_influence': 0.2122791248170774, 'penalty_k': 0.054861957023199376, 'scale_lr': 0.11956139823298118}. Best is trial 177 with value: 0.6568333850819622.
checkpoint_e26 window_influence: 0.21178430370312654, penalty_k: 0.19719292959352103, scale_lr: 0.11449587568440528, AUC: 0.645
Trial 232 finished with value: 0.6445800468849815 and parameters: {'window_influence': 0.21178430370312654, 'penalty_k': 0.19719292959352103, 'scale_lr': 0.11449587568440528}. Best is trial 177 with value: 0.6568333850819622.
checkpoint_e26 window_influence: 0.23368489371642515, penalty_k: 0.05312471220633045, scale_lr: 0.12545731708807922, AUC: 0.656
Trial 233 finished with value: 0.6562229183383028 and parameters: {'window_influence': 0.23368489371642515, 'penalty_k': 0.05312471220633045, 'scale_lr': 0.12545731708807922}. Best is trial 177 with value: 0.6568333850819622.
checkpoint_e26 window_influence: 0.31899882688211967, penalty_k: 0.05161215301881051, scale_lr: 0.12585040961685873, AUC: 0.642
Trial 234 finished with value: 0.641614145033603 and parameters: {'window_influence': 0.31899882688211967, 'penalty_k': 0.05161215301881051, 'scale_lr': 0.12585040961685873}. Best is trial 177 with value: 0.6568333850819622.
checkpoint_e26 window_influence: 0.23970653008491530, penalty_k: 0.03744245780952857, scale_lr: 0.11241023013714617, AUC: 0.649
Trial 235 finished with value: 0.649193155217085 and parameters: {'window_influence': 0.2397065300849153, 'penalty_k': 0.03744245780952857, 'scale_lr': 0.11241023013714617}. Best is trial 177 with value: 0.6568333850819622.
checkpoint_e26 window_influence: 0.28344556635689683, penalty_k: 0.05877268879904692, scale_lr: 0.10060776578668035, AUC: 0.649
Trial 236 finished with value: 0.6489487214215484 and parameters: {'window_influence': 0.2834455663568968, 'penalty_k': 0.05877268879904692, 'scale_lr': 0.10060776578668035}. Best is trial 177 with value: 0.6568333850819622.
checkpoint_e26 window_influence: 0.21113835898364910, penalty_k: 0.06772130445284159, scale_lr: 0.13529074739364277, AUC: 0.655
Trial 237 finished with value: 0.6545816510231285 and parameters: {'window_influence': 0.2111383589836491, 'penalty_k': 0.0677213044528416, 'scale_lr': 0.13529074739364277}. Best is trial 177 with value: 0.6568333850819622.
checkpoint_e26 window_influence: 0.34797138106055803, penalty_k: 0.07056162805552058, scale_lr: 0.14001303178747568, AUC: 0.639
Trial 238 finished with value: 0.6390833459266927 and parameters: {'window_influence': 0.347971381060558, 'penalty_k': 0.07056162805552058, 'scale_lr': 0.14001303178747568}. Best is trial 177 with value: 0.6568333850819622.
checkpoint_e26 window_influence: 0.21640444888331306, penalty_k: 0.05829995569288700, scale_lr: 0.11797098642041352, AUC: 0.656
Trial 239 finished with value: 0.6557636289424941 and parameters: {'window_influence': 0.21640444888331306, 'penalty_k': 0.058299955692887, 'scale_lr': 0.11797098642041352}. Best is trial 177 with value: 0.6568333850819622.
checkpoint_e26 window_influence: 0.19884260659894409, penalty_k: 0.06569498501338156, scale_lr: 0.11695987724919327, AUC: 0.653
Trial 240 finished with value: 0.6525245020513625 and parameters: {'window_influence': 0.1988426065989441, 'penalty_k': 0.06569498501338156, 'scale_lr': 0.11695987724919327}. Best is trial 177 with value: 0.6568333850819622.
checkpoint_e26 window_influence: 0.19958937985766115, penalty_k: 0.06615898573018054, scale_lr: 0.11596448585971197, AUC: 0.646
Trial 241 finished with value: 0.6456481972073486 and parameters: {'window_influence': 0.19958937985766115, 'penalty_k': 0.06615898573018054, 'scale_lr': 0.11596448585971197}. Best is trial 177 with value: 0.6568333850819622.
checkpoint_e26 window_influence: 0.21189047227975455, penalty_k: 0.07774097458922635, scale_lr: 0.12719338981470379, AUC: 0.652
Trial 242 finished with value: 0.6522353853872744 and parameters: {'window_influence': 0.21189047227975455, 'penalty_k': 0.07774097458922635, 'scale_lr': 0.1271933898147038}. Best is trial 177 with value: 0.6568333850819622.
checkpoint_e26 window_influence: 0.21399093172825706, penalty_k: 0.08032336091666104, scale_lr: 0.12745078267297372, AUC: 0.650
Trial 243 finished with value: 0.6501571399688925 and parameters: {'window_influence': 0.21399093172825706, 'penalty_k': 0.08032336091666104, 'scale_lr': 0.12745078267297372}. Best is trial 177 with value: 0.6568333850819622.
checkpoint_e26 window_influence: 0.22661249377012585, penalty_k: 0.08693965186067502, scale_lr: 0.14117789620968979, AUC: 0.648
Trial 244 finished with value: 0.6483661558810854 and parameters: {'window_influence': 0.22661249377012585, 'penalty_k': 0.08693965186067502, 'scale_lr': 0.1411778962096898}. Best is trial 177 with value: 0.6568333850819622.
checkpoint_e26 window_influence: 0.21420402315017467, penalty_k: 0.06221083250249765, scale_lr: 0.11664984855665911, AUC: 0.651
