A new study created in memory with name: no-name-3021b869-bcd7-4e6c-b947-caa1db6a7771
checkpoint_e12 window_influence: 0.14651907192171201, penalty_k: 0.48992394120534999, scale_lr: 0.13353361659578025, AUC: 0.625
Trial 0 finished with value: 0.6247550311878738 and parameters: {'window_influence': 0.146519071921712, 'penalty_k': 0.48992394120535, 'scale_lr': 0.13353361659578025}. Best is trial 0 with value: 0.6247550311878738.
checkpoint_e12 window_influence: 0.23848220363135253, penalty_k: 0.58935877355636990, scale_lr: 0.45660844976291093, AUC: 0.642
Trial 1 finished with value: 0.6420268202167688 and parameters: {'window_influence': 0.23848220363135253, 'penalty_k': 0.5893587735563699, 'scale_lr': 0.45660844976291093}. Best is trial 1 with value: 0.6420268202167688.
checkpoint_e12 window_influence: 0.20909315628081032, penalty_k: 0.31498597892119162, scale_lr: 0.75117909634984448, AUC: 0.643
Trial 2 finished with value: 0.6431301278329749 and parameters: {'window_influence': 0.20909315628081032, 'penalty_k': 0.3149859789211916, 'scale_lr': 0.7511790963498445}. Best is trial 2 with value: 0.6431301278329749.
checkpoint_e12 window_influence: 0.10704446606786697, penalty_k: 0.55672424831646095, scale_lr: 0.42265321786527432, AUC: 0.637
Trial 3 finished with value: 0.6368981686947792 and parameters: {'window_influence': 0.10704446606786697, 'penalty_k': 0.556724248316461, 'scale_lr': 0.4226532178652743}. Best is trial 2 with value: 0.6431301278329749.
checkpoint_e12 window_influence: 0.43103545697988316, penalty_k: 0.39728022267633084, scale_lr: 0.56747464690231564, AUC: 0.641
Trial 4 finished with value: 0.6412707155783484 and parameters: {'window_influence': 0.43103545697988316, 'penalty_k': 0.39728022267633084, 'scale_lr': 0.5674746469023156}. Best is trial 2 with value: 0.6431301278329749.
checkpoint_e12 window_influence: 0.44823968231716410, penalty_k: 0.11119010683996748, scale_lr: 0.29916195593255812, AUC: 0.648
Trial 5 finished with value: 0.6475614157665289 and parameters: {'window_influence': 0.4482396823171641, 'penalty_k': 0.11119010683996748, 'scale_lr': 0.2991619559325581}. Best is trial 5 with value: 0.6475614157665289.
checkpoint_e12 window_influence: 0.61324295306405352, penalty_k: 0.43010707943909654, scale_lr: 0.45441592154362043, AUC: 0.631
Trial 6 finished with value: 0.6307354250115809 and parameters: {'window_influence': 0.6132429530640535, 'penalty_k': 0.43010707943909654, 'scale_lr': 0.4544159215436204}. Best is trial 5 with value: 0.6475614157665289.
checkpoint_e12 window_influence: 0.19699723243219686, penalty_k: 0.02710563259958163, scale_lr: 0.46779019084440410, AUC: 0.637
Trial 7 finished with value: 0.6373402980182473 and parameters: {'window_influence': 0.19699723243219686, 'penalty_k': 0.02710563259958163, 'scale_lr': 0.4677901908444041}. Best is trial 5 with value: 0.6475614157665289.
checkpoint_e12 window_influence: 0.10651513728509057, penalty_k: 0.29660455920001055, scale_lr: 0.34178447969664127, AUC: 0.626
Trial 8 finished with value: 0.626189515815923 and parameters: {'window_influence': 0.10651513728509057, 'penalty_k': 0.29660455920001055, 'scale_lr': 0.3417844796966413}. Best is trial 5 with value: 0.6475614157665289.
checkpoint_e12 window_influence: 0.20926800067757267, penalty_k: 0.20748875647179285, scale_lr: 0.75698166403210621, AUC: 0.644
Trial 9 finished with value: 0.643501267693095 and parameters: {'window_influence': 0.20926800067757267, 'penalty_k': 0.20748875647179285, 'scale_lr': 0.7569816640321062}. Best is trial 5 with value: 0.6475614157665289.
checkpoint_e12 window_influence: 0.42024207647117867, penalty_k: 0.00229765967653145, scale_lr: 0.13298080243644633, AUC: 0.643
Trial 10 finished with value: 0.6430208794584891 and parameters: {'window_influence': 0.42024207647117867, 'penalty_k': 0.0022976596765314494, 'scale_lr': 0.13298080243644633}. Best is trial 5 with value: 0.6475614157665289.
checkpoint_e12 window_influence: 0.30370485198001074, penalty_k: 0.15376978806896394, scale_lr: 0.78706665761261219, AUC: 0.637
Trial 11 finished with value: 0.6365227478118587 and parameters: {'window_influence': 0.30370485198001074, 'penalty_k': 0.15376978806896394, 'scale_lr': 0.7870666576126122}. Best is trial 5 with value: 0.6475614157665289.
checkpoint_e12 window_influence: 0.05463518215578650, penalty_k: 0.15083164854254960, scale_lr: 0.69438412135306726, AUC: 0.623
Trial 12 finished with value: 0.623497188424368 and parameters: {'window_influence': 0.0546351821557865, 'penalty_k': 0.1508316485425496, 'scale_lr': 0.6943841213530673}. Best is trial 5 with value: 0.6475614157665289.
checkpoint_e12 window_influence: 0.33555932054655468, penalty_k: 0.15777976430014895, scale_lr: 0.64380734758064007, AUC: 0.643
Trial 13 finished with value: 0.642647187690529 and parameters: {'window_influence': 0.3355593205465547, 'penalty_k': 0.15777976430014895, 'scale_lr': 0.6438073475806401}. Best is trial 5 with value: 0.6475614157665289.
checkpoint_e12 window_influence: 0.43761685221435354, penalty_k: 0.23798329813313412, scale_lr: 0.28812768287217266, AUC: 0.642
Trial 14 finished with value: 0.6423058750990198 and parameters: {'window_influence': 0.43761685221435354, 'penalty_k': 0.23798329813313412, 'scale_lr': 0.28812768287217266}. Best is trial 5 with value: 0.6475614157665289.
checkpoint_e12 window_influence: 0.54538580149196747, penalty_k: 0.11424667049707361, scale_lr: 0.79966393684933212, AUC: 0.639
Trial 15 finished with value: 0.6392652096119089 and parameters: {'window_influence': 0.5453858014919675, 'penalty_k': 0.11424667049707361, 'scale_lr': 0.7996639368493321}. Best is trial 5 with value: 0.6475614157665289.
checkpoint_e12 window_influence: 0.28224124375328097, penalty_k: 0.24170140811237367, scale_lr: 0.56215070832364245, AUC: 0.643
Trial 16 finished with value: 0.6427287047172066 and parameters: {'window_influence': 0.28224124375328097, 'penalty_k': 0.24170140811237367, 'scale_lr': 0.5621507083236424}. Best is trial 5 with value: 0.6475614157665289.
checkpoint_e12 window_influence: 0.35534132908517496, penalty_k: 0.11034579130284894, scale_lr: 0.64838845883370089, AUC: 0.642
Trial 17 finished with value: 0.6417680172085442 and parameters: {'window_influence': 0.35534132908517496, 'penalty_k': 0.11034579130284894, 'scale_lr': 0.6483884588337009}. Best is trial 5 with value: 0.6475614157665289.
checkpoint_e12 window_influence: 0.50732389211403006, penalty_k: 0.04922034559615861, scale_lr: 0.24377020036248737, AUC: 0.648
Trial 18 finished with value: 0.6475982056113481 and parameters: {'window_influence': 0.5073238921140301, 'penalty_k': 0.049220345596158614, 'scale_lr': 0.24377020036248737}. Best is trial 18 with value: 0.6475982056113481.
checkpoint_e12 window_influence: 0.52051143199681971, penalty_k: 0.05995310725275184, scale_lr: 0.22417942323867932, AUC: 0.648
Trial 19 finished with value: 0.647628394209629 and parameters: {'window_influence': 0.5205114319968197, 'penalty_k': 0.05995310725275184, 'scale_lr': 0.22417942323867932}. Best is trial 19 with value: 0.647628394209629.
checkpoint_e12 window_influence: 0.54507189794069666, penalty_k: 0.06549399419827953, scale_lr: 0.19927853979856397, AUC: 0.641
Trial 20 finished with value: 0.6410796952909144 and parameters: {'window_influence': 0.5450718979406967, 'penalty_k': 0.06549399419827953, 'scale_lr': 0.19927853979856397}. Best is trial 19 with value: 0.647628394209629.
checkpoint_e12 window_influence: 0.50046004912700248, penalty_k: 0.05464796677243374, scale_lr: 0.23621102226034996, AUC: 0.646
Trial 21 finished with value: 0.6459272661281135 and parameters: {'window_influence': 0.5004600491270025, 'penalty_k': 0.05464796677243374, 'scale_lr': 0.23621102226034996}. Best is trial 19 with value: 0.647628394209629.
checkpoint_e12 window_influence: 0.64579009985295999, penalty_k: 0.06845286374581436, scale_lr: 0.31237191443353357, AUC: 0.634
Trial 22 finished with value: 0.6340126422390711 and parameters: {'window_influence': 0.64579009985296, 'penalty_k': 0.06845286374581436, 'scale_lr': 0.31237191443353357}. Best is trial 19 with value: 0.647628394209629.
checkpoint_e12 window_influence: 0.48767954355131060, penalty_k: 0.00726830004447877, scale_lr: 0.22047758450326149, AUC: 0.646
Trial 23 finished with value: 0.645685845814609 and parameters: {'window_influence': 0.4876795435513106, 'penalty_k': 0.007268300044478773, 'scale_lr': 0.2204775845032615}. Best is trial 19 with value: 0.647628394209629.
checkpoint_e12 window_influence: 0.39190192878136654, penalty_k: 0.09372855508190074, scale_lr: 0.36828833070664924, AUC: 0.645
Trial 24 finished with value: 0.6453515179162919 and parameters: {'window_influence': 0.39190192878136654, 'penalty_k': 0.09372855508190074, 'scale_lr': 0.36828833070664924}. Best is trial 19 with value: 0.647628394209629.
checkpoint_e12 window_influence: 0.48342930694029168, penalty_k: 0.04627955119866439, scale_lr: 0.26842817213410819, AUC: 0.647
Trial 25 finished with value: 0.646979212414591 and parameters: {'window_influence': 0.4834293069402917, 'penalty_k': 0.04627955119866439, 'scale_lr': 0.2684281721341082}. Best is trial 19 with value: 0.647628394209629.
checkpoint_e12 window_influence: 0.56343389267922628, penalty_k: 0.00345990490706170, scale_lr: 0.19752365578060510, AUC: 0.637
Trial 26 finished with value: 0.6367113228296856 and parameters: {'window_influence': 0.5634338926792263, 'penalty_k': 0.0034599049070616963, 'scale_lr': 0.1975236557806051}. Best is trial 19 with value: 0.647628394209629.
checkpoint_e12 window_influence: 0.48582114546554911, penalty_k: 0.08943819833618252, scale_lr: 0.16552657117491998, AUC: 0.647
Trial 27 finished with value: 0.6465991213161455 and parameters: {'window_influence': 0.4858211454655491, 'penalty_k': 0.08943819833618252, 'scale_lr': 0.16552657117491998}. Best is trial 19 with value: 0.647628394209629.
checkpoint_e12 window_influence: 0.58256067278191748, penalty_k: 0.04548087423007988, scale_lr: 0.26508049298608138, AUC: 0.633
Trial 28 finished with value: 0.6325139109801942 and parameters: {'window_influence': 0.5825606727819175, 'penalty_k': 0.045480874230079876, 'scale_lr': 0.2650804929860814}. Best is trial 19 with value: 0.647628394209629.
checkpoint_e12 window_influence: 0.50969852060151311, penalty_k: 0.11884416662773370, scale_lr: 0.14044239892835961, AUC: 0.649
Trial 29 finished with value: 0.6489334200764977 and parameters: {'window_influence': 0.5096985206015131, 'penalty_k': 0.1188441666277337, 'scale_lr': 0.1404423989283596}. Best is trial 29 with value: 0.6489334200764977.
checkpoint_e12 window_influence: 0.53688551722637301, penalty_k: 0.14272576066839965, scale_lr: 0.12073304569804777, AUC: 0.638
Trial 30 finished with value: 0.6375310350211476 and parameters: {'window_influence': 0.536885517226373, 'penalty_k': 0.14272576066839965, 'scale_lr': 0.12073304569804777}. Best is trial 29 with value: 0.6489334200764977.
checkpoint_e12 window_influence: 0.45826910861013037, penalty_k: 0.11472714698240721, scale_lr: 0.16805421599967751, AUC: 0.647
Trial 31 finished with value: 0.6470430966697138 and parameters: {'window_influence': 0.45826910861013037, 'penalty_k': 0.11472714698240721, 'scale_lr': 0.16805421599967751}. Best is trial 29 with value: 0.6489334200764977.
checkpoint_e12 window_influence: 0.50901668879240347, penalty_k: 0.07148443359764867, scale_lr: 0.11644074086089880, AUC: 0.648
Trial 32 finished with value: 0.6484824394509503 and parameters: {'window_influence': 0.5090166887924035, 'penalty_k': 0.07148443359764867, 'scale_lr': 0.1164407408608988}. Best is trial 29 with value: 0.6489334200764977.
checkpoint_e12 window_influence: 0.51713895014112077, penalty_k: 0.04286393925233295, scale_lr: 0.10721060847767805, AUC: 0.644
Trial 33 finished with value: 0.6441881924918383 and parameters: {'window_influence': 0.5171389501411208, 'penalty_k': 0.04286393925233295, 'scale_lr': 0.10721060847767805}. Best is trial 29 with value: 0.6489334200764977.
checkpoint_e12 window_influence: 0.58823087204092905, penalty_k: 0.07697644132919293, scale_lr: 0.16525412162744818, AUC: 0.634
Trial 34 finished with value: 0.6342426495863492 and parameters: {'window_influence': 0.588230872040929, 'penalty_k': 0.07697644132919293, 'scale_lr': 0.16525412162744818}. Best is trial 29 with value: 0.6489334200764977.
checkpoint_e12 window_influence: 0.51205713252998331, penalty_k: 0.03160382892175029, scale_lr: 0.10865309652824774, AUC: 0.646
Trial 35 finished with value: 0.646008490382948 and parameters: {'window_influence': 0.5120571325299833, 'penalty_k': 0.03160382892175029, 'scale_lr': 0.10865309652824774}. Best is trial 29 with value: 0.6489334200764977.
checkpoint_e12 window_influence: 0.46719743787699758, penalty_k: 0.20007703160466950, scale_lr: 0.23970700943159978, AUC: 0.648
Trial 36 finished with value: 0.6482180693288571 and parameters: {'window_influence': 0.4671974378769976, 'penalty_k': 0.2000770316046695, 'scale_lr': 0.23970700943159978}. Best is trial 29 with value: 0.6489334200764977.
checkpoint_e12 window_influence: 0.45600341568283342, penalty_k: 0.17780957041334572, scale_lr: 0.15021733409060592, AUC: 0.641
Trial 37 finished with value: 0.6406638530333671 and parameters: {'window_influence': 0.4560034156828334, 'penalty_k': 0.17780957041334572, 'scale_lr': 0.15021733409060592}. Best is trial 29 with value: 0.6489334200764977.
checkpoint_e12 window_influence: 0.38920634900881218, penalty_k: 0.19650318295668892, scale_lr: 0.20236408016805571, AUC: 0.641
Trial 38 finished with value: 0.6410571105112437 and parameters: {'window_influence': 0.3892063490088122, 'penalty_k': 0.19650318295668892, 'scale_lr': 0.2023640801680557}. Best is trial 29 with value: 0.6489334200764977.
checkpoint_e12 window_influence: 0.57799228146117310, penalty_k: 0.12424379325609007, scale_lr: 0.10064279699701333, AUC: 0.634
Trial 39 finished with value: 0.6344021199628959 and parameters: {'window_influence': 0.5779922814611731, 'penalty_k': 0.12424379325609007, 'scale_lr': 0.10064279699701333}. Best is trial 29 with value: 0.6489334200764977.
checkpoint_e12 window_influence: 0.61303104313822376, penalty_k: 0.08852213533144623, scale_lr: 0.18221305852774983, AUC: 0.640
Trial 40 finished with value: 0.6395647462633657 and parameters: {'window_influence': 0.6130310431382238, 'penalty_k': 0.08852213533144623, 'scale_lr': 0.18221305852774983}. Best is trial 29 with value: 0.6489334200764977.
checkpoint_e12 window_influence: 0.53200981028806293, penalty_k: 0.07619515589156459, scale_lr: 0.24732088317765222, AUC: 0.646
Trial 41 finished with value: 0.6458755000581424 and parameters: {'window_influence': 0.5320098102880629, 'penalty_k': 0.07619515589156459, 'scale_lr': 0.24732088317765222}. Best is trial 29 with value: 0.6489334200764977.
checkpoint_e12 window_influence: 0.47160604650019833, penalty_k: 0.13423379238138802, scale_lr: 0.22598890457848092, AUC: 0.646
Trial 42 finished with value: 0.6459938321047879 and parameters: {'window_influence': 0.47160604650019833, 'penalty_k': 0.13423379238138802, 'scale_lr': 0.22598890457848092}. Best is trial 29 with value: 0.6489334200764977.
checkpoint_e12 window_influence: 0.51097882352346624, penalty_k: 0.02857644534193245, scale_lr: 0.15823516950715527, AUC: 0.644
Trial 43 finished with value: 0.6437388359112194 and parameters: {'window_influence': 0.5109788235234662, 'penalty_k': 0.028576445341932447, 'scale_lr': 0.15823516950715527}. Best is trial 29 with value: 0.6489334200764977.
checkpoint_e12 window_influence: 0.42306594745874498, penalty_k: 0.10077393964209035, scale_lr: 0.23337090605739930, AUC: 0.643
Trial 44 finished with value: 0.6430008478489807 and parameters: {'window_influence': 0.423065947458745, 'penalty_k': 0.10077393964209035, 'scale_lr': 0.2333709060573993}. Best is trial 29 with value: 0.6489334200764977.
checkpoint_e12 window_influence: 0.46566343240188551, penalty_k: 0.17044736890787723, scale_lr: 0.13643200723898480, AUC: 0.651
Trial 45 finished with value: 0.6507345278391664 and parameters: {'window_influence': 0.4656634324018855, 'penalty_k': 0.17044736890787723, 'scale_lr': 0.1364320072389848}. Best is trial 45 with value: 0.6507345278391664.
checkpoint_e12 window_influence: 0.46201371767500338, penalty_k: 0.17075146659213830, scale_lr: 0.13098352484520781, AUC: 0.645
Trial 46 finished with value: 0.6447102353118552 and parameters: {'window_influence': 0.4620137176750034, 'penalty_k': 0.1707514665921383, 'scale_lr': 0.1309835248452078}. Best is trial 45 with value: 0.6507345278391664.
checkpoint_e12 window_influence: 0.44544307678687206, penalty_k: 0.20060872353460868, scale_lr: 0.14126132573848249, AUC: 0.645
Trial 47 finished with value: 0.6445577276729452 and parameters: {'window_influence': 0.44544307678687206, 'penalty_k': 0.20060872353460868, 'scale_lr': 0.1412613257384825}. Best is trial 45 with value: 0.6507345278391664.
checkpoint_e12 window_influence: 0.56044238364771792, penalty_k: 0.13049603598390186, scale_lr: 0.18673805686710809, AUC: 0.638
Trial 48 finished with value: 0.6381573420801727 and parameters: {'window_influence': 0.5604423836477179, 'penalty_k': 0.13049603598390186, 'scale_lr': 0.1867380568671081}. Best is trial 45 with value: 0.6507345278391664.
checkpoint_e12 window_influence: 0.40439982897383309, penalty_k: 0.23427087369616290, scale_lr: 0.12104658764849489, AUC: 0.640
Trial 49 finished with value: 0.6402008827281097 and parameters: {'window_influence': 0.4043998289738331, 'penalty_k': 0.2342708736961629, 'scale_lr': 0.1210465876484949}. Best is trial 45 with value: 0.6507345278391664.
checkpoint_e12 window_influence: 0.47625776495593697, penalty_k: 0.15990165322959482, scale_lr: 0.14073945153828324, AUC: 0.644
Trial 50 finished with value: 0.6436820571539992 and parameters: {'window_influence': 0.47625776495593697, 'penalty_k': 0.15990165322959482, 'scale_lr': 0.14073945153828324}. Best is trial 45 with value: 0.6507345278391664.
checkpoint_e12 window_influence: 0.52148737388348565, penalty_k: 0.06439264053831738, scale_lr: 0.20871279344400012, AUC: 0.643
Trial 51 finished with value: 0.643413886154815 and parameters: {'window_influence': 0.5214873738834856, 'penalty_k': 0.06439264053831738, 'scale_lr': 0.20871279344400012}. Best is trial 45 with value: 0.6507345278391664.
checkpoint_e12 window_influence: 0.50015079675940854, penalty_k: 0.13997381572171347, scale_lr: 0.25572617964603150, AUC: 0.644
Trial 52 finished with value: 0.6435803503869055 and parameters: {'window_influence': 0.5001507967594085, 'penalty_k': 0.13997381572171347, 'scale_lr': 0.2557261796460315}. Best is trial 45 with value: 0.6507345278391664.
checkpoint_e12 window_influence: 0.43927450290989256, penalty_k: 0.10403261336011493, scale_lr: 0.28931500469788857, AUC: 0.646
Trial 53 finished with value: 0.6464508807462165 and parameters: {'window_influence': 0.43927450290989256, 'penalty_k': 0.10403261336011493, 'scale_lr': 0.28931500469788857}. Best is trial 45 with value: 0.6507345278391664.
checkpoint_e12 window_influence: 0.53029301252709149, penalty_k: 0.17811752914821843, scale_lr: 0.18186105652677617, AUC: 0.649
Trial 54 finished with value: 0.6491005062254095 and parameters: {'window_influence': 0.5302930125270915, 'penalty_k': 0.17811752914821843, 'scale_lr': 0.18186105652677617}. Best is trial 45 with value: 0.6507345278391664.
checkpoint_e12 window_influence: 0.54317653167573610, penalty_k: 0.18176837768880755, scale_lr: 0.16836947120096046, AUC: 0.645
Trial 55 finished with value: 0.6445561488793938 and parameters: {'window_influence': 0.5431765316757361, 'penalty_k': 0.18176837768880755, 'scale_lr': 0.16836947120096046}. Best is trial 45 with value: 0.6507345278391664.
checkpoint_e12 window_influence: 0.49156712726248231, penalty_k: 0.28647553097272038, scale_lr: 0.18834543247981159, AUC: 0.647
Trial 56 finished with value: 0.646975324984116 and parameters: {'window_influence': 0.4915671272624823, 'penalty_k': 0.2864755309727204, 'scale_lr': 0.1883454324798116}. Best is trial 45 with value: 0.6507345278391664.
checkpoint_e12 window_influence: 0.52395283382649294, penalty_k: 0.21819098081247842, scale_lr: 0.13777955747546855, AUC: 0.648
Trial 57 finished with value: 0.6476862014923568 and parameters: {'window_influence': 0.5239528338264929, 'penalty_k': 0.21819098081247842, 'scale_lr': 0.13777955747546855}. Best is trial 45 with value: 0.6507345278391664.
checkpoint_e12 window_influence: 0.55859113883929867, penalty_k: 0.22171308244671600, scale_lr: 0.10014070010780293, AUC: 0.631
Trial 58 finished with value: 0.6314892347005097 and parameters: {'window_influence': 0.5585911388392987, 'penalty_k': 0.221713082446716, 'scale_lr': 0.10014070010780293}. Best is trial 45 with value: 0.6507345278391664.
checkpoint_e12 window_influence: 0.47487537190472262, penalty_k: 0.19001271051369911, scale_lr: 0.13666460427410088, AUC: 0.643
Trial 59 finished with value: 0.6431094705118701 and parameters: {'window_influence': 0.4748753719047226, 'penalty_k': 0.1900127105136991, 'scale_lr': 0.13666460427410088}. Best is trial 45 with value: 0.6507345278391664.
checkpoint_e12 window_influence: 0.53165500221862305, penalty_k: 0.26284804905019721, scale_lr: 0.15034506247392163, AUC: 0.647
Trial 60 finished with value: 0.64714826912041 and parameters: {'window_influence': 0.531655002218623, 'penalty_k': 0.2628480490501972, 'scale_lr': 0.15034506247392163}. Best is trial 45 with value: 0.6507345278391664.
checkpoint_e12 window_influence: 0.52046575603307421, penalty_k: 0.21777117164803822, scale_lr: 0.21150228321359210, AUC: 0.641
Trial 61 finished with value: 0.6409377506065629 and parameters: {'window_influence': 0.5204657560330742, 'penalty_k': 0.21777117164803822, 'scale_lr': 0.2115022832135921}. Best is trial 45 with value: 0.6507345278391664.
checkpoint_e12 window_influence: 0.49652211177252809, penalty_k: 0.16326204371246400, scale_lr: 0.18131371300902044, AUC: 0.657
