Trial 555 finished with value: 0.6471335243450828 and parameters: {'window_influence': 0.2066160972223572, 'penalty_k': 0.4168693912318485, 'scale_lr': 0.2684508704634849}. Best is trial 289 with value: 0.658998360506409.
checkpoint_e26 window_influence: 0.22253258392098865, penalty_k: 0.35853616564431523, scale_lr: 0.13113409259342246, AUC: 0.643
Trial 556 finished with value: 0.6431740209657818 and parameters: {'window_influence': 0.22253258392098865, 'penalty_k': 0.35853616564431523, 'scale_lr': 0.13113409259342246}. Best is trial 289 with value: 0.658998360506409.
checkpoint_e26 window_influence: 0.25696484659279561, penalty_k: 0.30541205828375728, scale_lr: 0.15071925869555911, AUC: 0.638
Trial 557 finished with value: 0.6383430153772318 and parameters: {'window_influence': 0.2569648465927956, 'penalty_k': 0.3054120582837573, 'scale_lr': 0.1507192586955591}. Best is trial 289 with value: 0.658998360506409.
checkpoint_e26 window_influence: 0.27714195505146283, penalty_k: 0.46489053881735493, scale_lr: 0.54635096508316805, AUC: 0.648
Trial 558 finished with value: 0.6478841800152387 and parameters: {'window_influence': 0.27714195505146283, 'penalty_k': 0.4648905388173549, 'scale_lr': 0.546350965083168}. Best is trial 289 with value: 0.658998360506409.
checkpoint_e26 window_influence: 0.19273437919043432, penalty_k: 0.38872928957335473, scale_lr: 0.12310705088061943, AUC: 0.645
Trial 559 finished with value: 0.6452129683507928 and parameters: {'window_influence': 0.19273437919043432, 'penalty_k': 0.38872928957335473, 'scale_lr': 0.12310705088061943}. Best is trial 289 with value: 0.658998360506409.
checkpoint_e26 window_influence: 0.21290751080954673, penalty_k: 0.05634131468170261, scale_lr: 0.64532950853492177, AUC: 0.633
Trial 560 finished with value: 0.6331900563592233 and parameters: {'window_influence': 0.21290751080954673, 'penalty_k': 0.05634131468170261, 'scale_lr': 0.6453295085349218}. Best is trial 289 with value: 0.658998360506409.
checkpoint_e26 window_influence: 0.24150467116405300, penalty_k: 0.04571438224875109, scale_lr: 0.18331120148119595, AUC: 0.640
Trial 561 finished with value: 0.6402511834890199 and parameters: {'window_influence': 0.241504671164053, 'penalty_k': 0.04571438224875109, 'scale_lr': 0.18331120148119595}. Best is trial 289 with value: 0.658998360506409.
checkpoint_e26 window_influence: 0.29404656442237315, penalty_k: 0.06554213111219058, scale_lr: 0.49624167016701970, AUC: 0.644
Trial 562 finished with value: 0.6436545289109158 and parameters: {'window_influence': 0.29404656442237315, 'penalty_k': 0.06554213111219058, 'scale_lr': 0.4962416701670197}. Best is trial 289 with value: 0.658998360506409.
checkpoint_e26 window_influence: 0.16275061344298869, penalty_k: 0.03409482000087437, scale_lr: 0.11163117213369239, AUC: 0.647
Trial 563 finished with value: 0.6473445173130401 and parameters: {'window_influence': 0.1627506134429887, 'penalty_k': 0.03409482000087437, 'scale_lr': 0.11163117213369239}. Best is trial 289 with value: 0.658998360506409.
checkpoint_e26 window_influence: 0.22595272614129547, penalty_k: 0.00682530351442898, scale_lr: 0.33984868256826162, AUC: 0.641
Trial 564 finished with value: 0.6411150161705056 and parameters: {'window_influence': 0.22595272614129547, 'penalty_k': 0.006825303514428983, 'scale_lr': 0.3398486825682616}. Best is trial 289 with value: 0.658998360506409.
checkpoint_e26 window_influence: 0.20064968793295407, penalty_k: 0.28639083398392123, scale_lr: 0.56487331516703299, AUC: 0.643
Trial 565 finished with value: 0.6434619670019605 and parameters: {'window_influence': 0.20064968793295407, 'penalty_k': 0.28639083398392123, 'scale_lr': 0.564873315167033}. Best is trial 289 with value: 0.658998360506409.
checkpoint_e26 window_influence: 0.48043029623770073, penalty_k: 0.05279409463634292, scale_lr: 0.14054835699753543, AUC: 0.644
Trial 566 finished with value: 0.6439597638536753 and parameters: {'window_influence': 0.4804302962377007, 'penalty_k': 0.05279409463634292, 'scale_lr': 0.14054835699753543}. Best is trial 289 with value: 0.658998360506409.
checkpoint_e26 window_influence: 0.23192228111077737, penalty_k: 0.44449819416151037, scale_lr: 0.28751619140956608, AUC: 0.644
Trial 567 finished with value: 0.6443249188030564 and parameters: {'window_influence': 0.23192228111077737, 'penalty_k': 0.4444981941615104, 'scale_lr': 0.2875161914095661}. Best is trial 289 with value: 0.658998360506409.
checkpoint_e26 window_influence: 0.21445177027882539, penalty_k: 0.36910539192830161, scale_lr: 0.37911907218821933, AUC: 0.647
Trial 568 finished with value: 0.6468123111273095 and parameters: {'window_influence': 0.2144517702788254, 'penalty_k': 0.3691053919283016, 'scale_lr': 0.37911907218821933}. Best is trial 289 with value: 0.658998360506409.
checkpoint_e26 window_influence: 0.24525805691502692, penalty_k: 0.06821475698119214, scale_lr: 0.15755300632954788, AUC: 0.644
Trial 569 finished with value: 0.6436107959140168 and parameters: {'window_influence': 0.24525805691502692, 'penalty_k': 0.06821475698119214, 'scale_lr': 0.15755300632954788}. Best is trial 289 with value: 0.658998360506409.
checkpoint_e26 window_influence: 0.18149405697348520, penalty_k: 0.49717337124087924, scale_lr: 0.30829493062974866, AUC: 0.642
Trial 570 finished with value: 0.6418505504788928 and parameters: {'window_influence': 0.1814940569734852, 'penalty_k': 0.49717337124087924, 'scale_lr': 0.30829493062974866}. Best is trial 289 with value: 0.658998360506409.
checkpoint_e26 window_influence: 0.14035675632732086, penalty_k: 0.08624993041614966, scale_lr: 0.50984434613862595, AUC: 0.635
Trial 571 finished with value: 0.6346363544393994 and parameters: {'window_influence': 0.14035675632732086, 'penalty_k': 0.08624993041614966, 'scale_lr': 0.509844346138626}. Best is trial 289 with value: 0.658998360506409.
checkpoint_e26 window_influence: 0.26703050559711339, penalty_k: 0.46557477291877047, scale_lr: 0.57506890715041081, AUC: 0.641
Trial 572 finished with value: 0.6410904436778615 and parameters: {'window_influence': 0.2670305055971134, 'penalty_k': 0.4655747729187705, 'scale_lr': 0.5750689071504108}. Best is trial 289 with value: 0.658998360506409.
checkpoint_e26 window_influence: 0.20444831476804870, penalty_k: 0.04342252784618874, scale_lr: 0.60469675829806224, AUC: 0.644
Trial 573 finished with value: 0.6443210964885384 and parameters: {'window_influence': 0.2044483147680487, 'penalty_k': 0.04342252784618874, 'scale_lr': 0.6046967582980622}. Best is trial 289 with value: 0.658998360506409.
checkpoint_e26 window_influence: 0.22734587750887461, penalty_k: 0.05961655399796521, scale_lr: 0.66831429190126435, AUC: 0.653
Trial 574 finished with value: 0.6528907646428982 and parameters: {'window_influence': 0.2273458775088746, 'penalty_k': 0.059616553997965206, 'scale_lr': 0.6683142919012643}. Best is trial 289 with value: 0.658998360506409.
checkpoint_e26 window_influence: 0.25181492281984469, penalty_k: 0.02647525624291468, scale_lr: 0.12629108335655514, AUC: 0.653
Trial 575 finished with value: 0.6526369029788116 and parameters: {'window_influence': 0.2518149228198447, 'penalty_k': 0.026475256242914684, 'scale_lr': 0.12629108335655514}. Best is trial 289 with value: 0.658998360506409.
checkpoint_e26 window_influence: 0.19295742485187800, penalty_k: 0.07707495183324495, scale_lr: 0.76484929518006273, AUC: 0.635
Trial 576 finished with value: 0.6346732598915025 and parameters: {'window_influence': 0.192957424851878, 'penalty_k': 0.07707495183324495, 'scale_lr': 0.7648492951800627}. Best is trial 289 with value: 0.658998360506409.
checkpoint_e26 window_influence: 0.33940643495174933, penalty_k: 0.04945653766092299, scale_lr: 0.10083542808374032, AUC: 0.645
Trial 577 finished with value: 0.6449247694786321 and parameters: {'window_influence': 0.3394064349517493, 'penalty_k': 0.04945653766092299, 'scale_lr': 0.10083542808374032}. Best is trial 289 with value: 0.658998360506409.
checkpoint_e26 window_influence: 0.21382636303376396, penalty_k: 0.01358069933607099, scale_lr: 0.22011873904626489, AUC: 0.641
Trial 578 finished with value: 0.6412585331149772 and parameters: {'window_influence': 0.21382636303376396, 'penalty_k': 0.013580699336070989, 'scale_lr': 0.2201187390462649}. Best is trial 289 with value: 0.658998360506409.
checkpoint_e26 window_influence: 0.23713788628678489, penalty_k: 0.27197507959280126, scale_lr: 0.13834197226287839, AUC: 0.641
Trial 579 finished with value: 0.6408838578817162 and parameters: {'window_influence': 0.2371378862867849, 'penalty_k': 0.27197507959280126, 'scale_lr': 0.1383419722628784}. Best is trial 289 with value: 0.658998360506409.
checkpoint_e26 window_influence: 0.44368960898304927, penalty_k: 0.42332857382900291, scale_lr: 0.17324827355232994, AUC: 0.646
Trial 580 finished with value: 0.6461538319358401 and parameters: {'window_influence': 0.44368960898304927, 'penalty_k': 0.4233285738290029, 'scale_lr': 0.17324827355232994}. Best is trial 289 with value: 0.658998360506409.
checkpoint_e26 window_influence: 0.09200478114615326, penalty_k: 0.48316538111591945, scale_lr: 0.42065972083115005, AUC: 0.635
Trial 581 finished with value: 0.6346812109536085 and parameters: {'window_influence': 0.09200478114615326, 'penalty_k': 0.48316538111591945, 'scale_lr': 0.42065972083115005}. Best is trial 289 with value: 0.658998360506409.
checkpoint_e26 window_influence: 0.22112008611964373, penalty_k: 0.25792156667601002, scale_lr: 0.62630662879344401, AUC: 0.635
Trial 582 finished with value: 0.6352448772120707 and parameters: {'window_influence': 0.22112008611964373, 'penalty_k': 0.25792156667601, 'scale_lr': 0.626306628793444}. Best is trial 289 with value: 0.658998360506409.
checkpoint_e26 window_influence: 0.17042377787996438, penalty_k: 0.06584509026565780, scale_lr: 0.19840662316400898, AUC: 0.647
Trial 583 finished with value: 0.6474873912764869 and parameters: {'window_influence': 0.17042377787996438, 'penalty_k': 0.0658450902656578, 'scale_lr': 0.19840662316400898}. Best is trial 289 with value: 0.658998360506409.
checkpoint_e26 window_influence: 0.06744915706576932, penalty_k: 0.22293174244845890, scale_lr: 0.35581204297484254, AUC: 0.631
Trial 584 finished with value: 0.6307817646249188 and parameters: {'window_influence': 0.06744915706576932, 'penalty_k': 0.2229317424484589, 'scale_lr': 0.35581204297484254}. Best is trial 289 with value: 0.658998360506409.
checkpoint_e26 window_influence: 0.19962310513640344, penalty_k: 0.30927991586271403, scale_lr: 0.53581752162881824, AUC: 0.638
Trial 585 finished with value: 0.6378962149007777 and parameters: {'window_influence': 0.19962310513640344, 'penalty_k': 0.309279915862714, 'scale_lr': 0.5358175216288182}. Best is trial 289 with value: 0.658998360506409.
checkpoint_e26 window_influence: 0.23397640737930026, penalty_k: 0.43326628561486891, scale_lr: 0.11444236512415906, AUC: 0.642
Trial 586 finished with value: 0.6419851191926373 and parameters: {'window_influence': 0.23397640737930026, 'penalty_k': 0.4332662856148689, 'scale_lr': 0.11444236512415906}. Best is trial 289 with value: 0.658998360506409.
checkpoint_e26 window_influence: 0.21223743321846164, penalty_k: 0.03240772848755366, scale_lr: 0.24920458169793958, AUC: 0.645
Trial 587 finished with value: 0.6452952691151007 and parameters: {'window_influence': 0.21223743321846164, 'penalty_k': 0.03240772848755366, 'scale_lr': 0.24920458169793958}. Best is trial 289 with value: 0.658998360506409.
checkpoint_e26 window_influence: 0.25487536461386745, penalty_k: 0.38181586617081881, scale_lr: 0.15364009359784947, AUC: 0.637
Trial 588 finished with value: 0.6370611919509273 and parameters: {'window_influence': 0.25487536461386745, 'penalty_k': 0.3818158661708188, 'scale_lr': 0.15364009359784947}. Best is trial 289 with value: 0.658998360506409.
checkpoint_e26 window_influence: 0.50978309968910918, penalty_k: 0.08443402658036904, scale_lr: 0.48388513493401564, AUC: 0.644
Trial 589 finished with value: 0.6440604521063179 and parameters: {'window_influence': 0.5097830996891092, 'penalty_k': 0.08443402658036904, 'scale_lr': 0.48388513493401564}. Best is trial 289 with value: 0.658998360506409.
checkpoint_e26 window_influence: 0.18850816701172537, penalty_k: 0.40780933589092383, scale_lr: 0.12705133192938112, AUC: 0.649
Trial 590 finished with value: 0.6493778697824181 and parameters: {'window_influence': 0.18850816701172537, 'penalty_k': 0.40780933589092383, 'scale_lr': 0.12705133192938112}. Best is trial 289 with value: 0.658998360506409.
checkpoint_e26 window_influence: 0.27334625291241410, penalty_k: 0.07424857446473529, scale_lr: 0.40313696048621783, AUC: 0.641
Trial 591 finished with value: 0.6406757453468803 and parameters: {'window_influence': 0.2733462529124141, 'penalty_k': 0.07424857446473529, 'scale_lr': 0.40313696048621783}. Best is trial 289 with value: 0.658998360506409.
checkpoint_e26 window_influence: 0.22129891037417834, penalty_k: 0.58235387532459815, scale_lr: 0.23450667660262309, AUC: 0.649
Trial 592 finished with value: 0.6493169690391315 and parameters: {'window_influence': 0.22129891037417834, 'penalty_k': 0.5823538753245981, 'scale_lr': 0.2345066766026231}. Best is trial 289 with value: 0.658998360506409.
checkpoint_e26 window_influence: 0.24298036526302175, penalty_k: 0.37198121032527964, scale_lr: 0.11594045404052969, AUC: 0.643
Trial 593 finished with value: 0.6426345478405278 and parameters: {'window_influence': 0.24298036526302175, 'penalty_k': 0.37198121032527964, 'scale_lr': 0.11594045404052969}. Best is trial 289 with value: 0.658998360506409.
checkpoint_e26 window_influence: 0.15610159064365603, penalty_k: 0.05718003932715822, scale_lr: 0.44195993712454040, AUC: 0.635
Trial 594 finished with value: 0.6346127774437944 and parameters: {'window_influence': 0.15610159064365603, 'penalty_k': 0.05718003932715822, 'scale_lr': 0.4419599371245404}. Best is trial 289 with value: 0.658998360506409.
checkpoint_e26 window_influence: 0.20328349337612303, penalty_k: 0.04276806216394252, scale_lr: 0.10016985613754610, AUC: 0.649
Trial 595 finished with value: 0.6485550571761546 and parameters: {'window_influence': 0.20328349337612303, 'penalty_k': 0.04276806216394252, 'scale_lr': 0.1001698561375461}. Best is trial 289 with value: 0.658998360506409.
checkpoint_e26 window_influence: 0.44996855326704488, penalty_k: 0.24353320657007826, scale_lr: 0.16657525692647257, AUC: 0.642
Trial 596 finished with value: 0.6423212366272026 and parameters: {'window_influence': 0.4499685532670449, 'penalty_k': 0.24353320657007826, 'scale_lr': 0.16657525692647257}. Best is trial 289 with value: 0.658998360506409.
checkpoint_e26 window_influence: 0.23315244984429651, penalty_k: 0.19179393874984452, scale_lr: 0.68533680430173072, AUC: 0.632
Trial 597 finished with value: 0.631833308913697 and parameters: {'window_influence': 0.2331524498442965, 'penalty_k': 0.19179393874984452, 'scale_lr': 0.6853368043017307}. Best is trial 289 with value: 0.658998360506409.
checkpoint_e26 window_influence: 0.54527648413168051, penalty_k: 0.09208190586987264, scale_lr: 0.14161408228429409, AUC: 0.645
Trial 598 finished with value: 0.6448236217677168 and parameters: {'window_influence': 0.5452764841316805, 'penalty_k': 0.09208190586987264, 'scale_lr': 0.1416140822842941}. Best is trial 289 with value: 0.658998360506409.
checkpoint_e26 window_influence: 0.09534295895808353, penalty_k: 0.06673911000739352, scale_lr: 0.13031683704334798, AUC: 0.640
Trial 599 finished with value: 0.6402222954016836 and parameters: {'window_influence': 0.09534295895808353, 'penalty_k': 0.06673911000739352, 'scale_lr': 0.13031683704334798}. Best is trial 289 with value: 0.658998360506409.
checkpoint_e26 window_influence: 0.17945540668276749, penalty_k: 0.02124751414136513, scale_lr: 0.19153643532322318, AUC: 0.645
Trial 600 finished with value: 0.6454840944196676 and parameters: {'window_influence': 0.1794554066827675, 'penalty_k': 0.021247514141365127, 'scale_lr': 0.19153643532322318}. Best is trial 289 with value: 0.658998360506409.
checkpoint_e26 window_influence: 0.32943889497471013, penalty_k: 0.45004988926439210, scale_lr: 0.33167699893620262, AUC: 0.639
Trial 601 finished with value: 0.6386241828650256 and parameters: {'window_influence': 0.32943889497471013, 'penalty_k': 0.4500498892643921, 'scale_lr': 0.3316769989362026}. Best is trial 289 with value: 0.658998360506409.
checkpoint_e26 window_influence: 0.22123488713588271, penalty_k: 0.29507203861905301, scale_lr: 0.21895470077291204, AUC: 0.647
Trial 602 finished with value: 0.647026962719916 and parameters: {'window_influence': 0.2212348871358827, 'penalty_k': 0.295072038619053, 'scale_lr': 0.21895470077291204}. Best is trial 289 with value: 0.658998360506409.
checkpoint_e26 window_influence: 0.21100990959714497, penalty_k: 0.26534648211459005, scale_lr: 0.14920684991435551, AUC: 0.648
Trial 603 finished with value: 0.64787224826647 and parameters: {'window_influence': 0.21100990959714497, 'penalty_k': 0.26534648211459005, 'scale_lr': 0.1492068499143555}. Best is trial 289 with value: 0.658998360506409.
checkpoint_e26 window_influence: 0.25293730202157294, penalty_k: 0.21064646194058048, scale_lr: 0.11286216044615981, AUC: 0.641
Trial 604 finished with value: 0.6405727068169407 and parameters: {'window_influence': 0.25293730202157294, 'penalty_k': 0.21064646194058048, 'scale_lr': 0.1128621604461598}. Best is trial 289 with value: 0.658998360506409.
checkpoint_e26 window_influence: 0.39342386347709923, penalty_k: 0.05065006757934291, scale_lr: 0.12424943648269822, AUC: 0.644
Trial 605 finished with value: 0.6439577036068457 and parameters: {'window_influence': 0.39342386347709923, 'penalty_k': 0.050650067579342914, 'scale_lr': 0.12424943648269822}. Best is trial 289 with value: 0.658998360506409.
checkpoint_e26 window_influence: 0.63192767633769287, penalty_k: 0.11302705841191846, scale_lr: 0.17684891774768441, AUC: 0.636
Trial 606 finished with value: 0.6363927289012411 and parameters: {'window_influence': 0.6319276763376929, 'penalty_k': 0.11302705841191846, 'scale_lr': 0.1768489177476844}. Best is trial 289 with value: 0.658998360506409.
checkpoint_e26 window_influence: 0.22957364627255908, penalty_k: 0.42495625920910651, scale_lr: 0.47005978665448123, AUC: 0.643
Trial 607 finished with value: 0.6428825363709709 and parameters: {'window_influence': 0.22957364627255908, 'penalty_k': 0.4249562592091065, 'scale_lr': 0.4700597866544812}. Best is trial 289 with value: 0.658998360506409.
checkpoint_e26 window_influence: 0.42964171398715745, penalty_k: 0.33334311270160172, scale_lr: 0.28354129733951539, AUC: 0.640
Trial 608 finished with value: 0.6402960831466807 and parameters: {'window_influence': 0.42964171398715745, 'penalty_k': 0.3333431127016017, 'scale_lr': 0.2835412973395154}. Best is trial 289 with value: 0.658998360506409.
checkpoint_e26 window_influence: 0.13309360022340488, penalty_k: 0.03719953177260493, scale_lr: 0.38222258348143512, AUC: 0.644
Trial 609 finished with value: 0.6440466159790488 and parameters: {'window_influence': 0.13309360022340488, 'penalty_k': 0.03719953177260493, 'scale_lr': 0.3822225834814351}. Best is trial 289 with value: 0.658998360506409.
checkpoint_e26 window_influence: 0.19590030225392244, penalty_k: 0.07876690958840783, scale_lr: 0.59610157509284789, AUC: 0.634
Trial 610 finished with value: 0.6339700166792268 and parameters: {'window_influence': 0.19590030225392244, 'penalty_k': 0.07876690958840783, 'scale_lr': 0.5961015750928479}. Best is trial 289 with value: 0.658998360506409.
checkpoint_e26 window_influence: 0.24308592556548697, penalty_k: 0.36727373695148369, scale_lr: 0.25885103383632091, AUC: 0.644
Trial 611 finished with value: 0.6441255778734624 and parameters: {'window_influence': 0.24308592556548697, 'penalty_k': 0.3672737369514837, 'scale_lr': 0.2588510338363209}. Best is trial 289 with value: 0.658998360506409.
checkpoint_e26 window_influence: 0.28411934721222909, penalty_k: 0.50685747863399222, scale_lr: 0.42877222747418414, AUC: 0.644
Trial 612 finished with value: 0.6439554895758091 and parameters: {'window_influence': 0.2841193472122291, 'penalty_k': 0.5068574786339922, 'scale_lr': 0.42877222747418414}. Best is trial 289 with value: 0.658998360506409.
checkpoint_e26 window_influence: 0.45239863035010597, penalty_k: 0.05630377369837647, scale_lr: 0.31589987402664721, AUC: 0.644
Trial 613 finished with value: 0.6441603717076437 and parameters: {'window_influence': 0.45239863035010597, 'penalty_k': 0.05630377369837647, 'scale_lr': 0.3158998740266472}. Best is trial 289 with value: 0.658998360506409.
checkpoint_e26 window_influence: 0.20969428007185678, penalty_k: 0.07033148538874531, scale_lr: 0.21013360738263659, AUC: 0.649
Trial 614 finished with value: 0.6490666920471568 and parameters: {'window_influence': 0.20969428007185678, 'penalty_k': 0.07033148538874531, 'scale_lr': 0.2101336073826366}. Best is trial 289 with value: 0.658998360506409.
checkpoint_e26 window_influence: 0.31022229096280046, penalty_k: 0.17297376967929443, scale_lr: 0.14162362323541455, AUC: 0.643
Trial 615 finished with value: 0.6428836428027631 and parameters: {'window_influence': 0.31022229096280046, 'penalty_k': 0.17297376967929443, 'scale_lr': 0.14162362323541455}. Best is trial 289 with value: 0.658998360506409.
checkpoint_e26 window_influence: 0.48700812804024840, penalty_k: 0.40351898563053884, scale_lr: 0.16359515746445824, AUC: 0.643
Trial 616 finished with value: 0.6430946092582498 and parameters: {'window_influence': 0.4870081280402484, 'penalty_k': 0.40351898563053884, 'scale_lr': 0.16359515746445824}. Best is trial 289 with value: 0.658998360506409.
checkpoint_e26 window_influence: 0.26282801157275354, penalty_k: 0.00907389080526244, scale_lr: 0.74339499446603952, AUC: 0.632
