Trial 186 finished with value: 0.6379588442470941 and parameters: {'window_influence': 0.3812672744067934, 'penalty_k': 0.17475226636203572, 'scale_lr': 0.17861638736530894}. Best is trial 141 with value: 0.6565422191596508.
checkpoint_e31 window_influence: 0.44782799265611151, penalty_k: 0.12840780795235501, scale_lr: 0.15063090907340262, AUC: 0.644
Trial 187 finished with value: 0.643823860311214 and parameters: {'window_influence': 0.4478279926561115, 'penalty_k': 0.128407807952355, 'scale_lr': 0.15063090907340262}. Best is trial 141 with value: 0.6565422191596508.
checkpoint_e31 window_influence: 0.33808977805876400, penalty_k: 0.10180249017385923, scale_lr: 0.12106428134635189, AUC: 0.644
Trial 188 finished with value: 0.6440363883910781 and parameters: {'window_influence': 0.338089778058764, 'penalty_k': 0.10180249017385923, 'scale_lr': 0.12106428134635189}. Best is trial 141 with value: 0.6565422191596508.
checkpoint_e31 window_influence: 0.43141140971884817, penalty_k: 0.19153902480698881, scale_lr: 0.23055872575822695, AUC: 0.640
Trial 189 finished with value: 0.6401337393490562 and parameters: {'window_influence': 0.43141140971884817, 'penalty_k': 0.1915390248069888, 'scale_lr': 0.23055872575822695}. Best is trial 141 with value: 0.6565422191596508.
checkpoint_e31 window_influence: 0.47245609010862899, penalty_k: 0.16448684034093652, scale_lr: 0.16152019483340349, AUC: 0.644
Trial 190 finished with value: 0.6442342396915832 and parameters: {'window_influence': 0.472456090108629, 'penalty_k': 0.16448684034093652, 'scale_lr': 0.1615201948334035}. Best is trial 141 with value: 0.6565422191596508.
checkpoint_e31 window_influence: 0.44328403743120692, penalty_k: 0.27596762358907867, scale_lr: 0.13130658769181983, AUC: 0.653
Trial 191 finished with value: 0.6531870340157416 and parameters: {'window_influence': 0.4432840374312069, 'penalty_k': 0.27596762358907867, 'scale_lr': 0.13130658769181983}. Best is trial 141 with value: 0.6565422191596508.
checkpoint_e31 window_influence: 0.42332365349379530, penalty_k: 0.27526751086154211, scale_lr: 0.33632549959188385, AUC: 0.645
Trial 192 finished with value: 0.645335148433991 and parameters: {'window_influence': 0.4233236534937953, 'penalty_k': 0.2752675108615421, 'scale_lr': 0.33632549959188385}. Best is trial 141 with value: 0.6565422191596508.
checkpoint_e31 window_influence: 0.44929607621296608, penalty_k: 0.30886359836274718, scale_lr: 0.13654161875835905, AUC: 0.653
Trial 193 finished with value: 0.6529627249960316 and parameters: {'window_influence': 0.4492960762129661, 'penalty_k': 0.3088635983627472, 'scale_lr': 0.13654161875835905}. Best is trial 141 with value: 0.6565422191596508.
checkpoint_e31 window_influence: 0.46237304230112769, penalty_k: 0.30174541211267036, scale_lr: 0.14396859001861770, AUC: 0.646
Trial 194 finished with value: 0.6460534471871259 and parameters: {'window_influence': 0.4623730423011277, 'penalty_k': 0.30174541211267036, 'scale_lr': 0.1439685900186177}. Best is trial 141 with value: 0.6565422191596508.
checkpoint_e31 window_influence: 0.40794331394424932, penalty_k: 0.32471273065315559, scale_lr: 0.11291827544667701, AUC: 0.652
Trial 195 finished with value: 0.6518833331547661 and parameters: {'window_influence': 0.4079433139442493, 'penalty_k': 0.3247127306531556, 'scale_lr': 0.11291827544667701}. Best is trial 141 with value: 0.6565422191596508.
checkpoint_e31 window_influence: 0.43510807410943170, penalty_k: 0.31223129968175156, scale_lr: 0.17422246844937872, AUC: 0.642
Trial 196 finished with value: 0.6421971738948908 and parameters: {'window_influence': 0.4351080741094317, 'penalty_k': 0.31223129968175156, 'scale_lr': 0.17422246844937872}. Best is trial 141 with value: 0.6565422191596508.
checkpoint_e31 window_influence: 0.41263999761872205, penalty_k: 0.32038059230659716, scale_lr: 0.13736740753865317, AUC: 0.645
Trial 197 finished with value: 0.6452436762314161 and parameters: {'window_influence': 0.41263999761872205, 'penalty_k': 0.32038059230659716, 'scale_lr': 0.13736740753865317}. Best is trial 141 with value: 0.6565422191596508.
checkpoint_e31 window_influence: 0.42500067261446017, penalty_k: 0.33046373650906430, scale_lr: 0.11478175059227903, AUC: 0.650
Trial 198 finished with value: 0.649945708098754 and parameters: {'window_influence': 0.4250006726144602, 'penalty_k': 0.3304637365090643, 'scale_lr': 0.11478175059227903}. Best is trial 141 with value: 0.6565422191596508.
checkpoint_e31 window_influence: 0.45183188877835428, penalty_k: 0.34574529435830054, scale_lr: 0.62635846837230713, AUC: 0.641
Trial 199 finished with value: 0.6410516377877036 and parameters: {'window_influence': 0.4518318887783543, 'penalty_k': 0.34574529435830054, 'scale_lr': 0.6263584683723071}. Best is trial 141 with value: 0.6565422191596508.
checkpoint_e31 window_influence: 0.40344611467977776, penalty_k: 0.28578318507238648, scale_lr: 0.20152673870143656, AUC: 0.646
Trial 200 finished with value: 0.6457256850719527 and parameters: {'window_influence': 0.40344611467977776, 'penalty_k': 0.2857831850723865, 'scale_lr': 0.20152673870143656}. Best is trial 141 with value: 0.6565422191596508.
checkpoint_e31 window_influence: 0.38894049988938673, penalty_k: 0.30853801416337279, scale_lr: 0.11424171044074877, AUC: 0.652
Trial 201 finished with value: 0.6518208946270047 and parameters: {'window_influence': 0.3889404998893867, 'penalty_k': 0.3085380141633728, 'scale_lr': 0.11424171044074877}. Best is trial 141 with value: 0.6565422191596508.
checkpoint_e31 window_influence: 0.36388447961655412, penalty_k: 0.30716706137451938, scale_lr: 0.12791141227524713, AUC: 0.648
Trial 202 finished with value: 0.6481285264235633 and parameters: {'window_influence': 0.3638844796165541, 'penalty_k': 0.3071670613745194, 'scale_lr': 0.12791141227524713}. Best is trial 141 with value: 0.6565422191596508.
checkpoint_e31 window_influence: 0.38661762386105170, penalty_k: 0.32656537872684788, scale_lr: 0.15431099477811500, AUC: 0.648
Trial 203 finished with value: 0.6478985664736244 and parameters: {'window_influence': 0.3866176238610517, 'penalty_k': 0.3265653787268479, 'scale_lr': 0.154310994778115}. Best is trial 141 with value: 0.6565422191596508.
checkpoint_e31 window_influence: 0.19626436896475630, penalty_k: 0.28843211627177007, scale_lr: 0.11395903173148092, AUC: 0.650
Trial 204 finished with value: 0.6495751451413941 and parameters: {'window_influence': 0.1962643689647563, 'penalty_k': 0.28843211627177007, 'scale_lr': 0.11395903173148092}. Best is trial 141 with value: 0.6565422191596508.
checkpoint_e31 window_influence: 0.41649914923093406, penalty_k: 0.30110075749225612, scale_lr: 0.14639101337372692, AUC: 0.648
Trial 205 finished with value: 0.648450347896307 and parameters: {'window_influence': 0.41649914923093406, 'penalty_k': 0.3011007574922561, 'scale_lr': 0.14639101337372692}. Best is trial 141 with value: 0.6565422191596508.
checkpoint_e31 window_influence: 0.43465101172057452, penalty_k: 0.33931286020200896, scale_lr: 0.16544990065294748, AUC: 0.649
Trial 206 finished with value: 0.6488601071124211 and parameters: {'window_influence': 0.4346510117205745, 'penalty_k': 0.33931286020200896, 'scale_lr': 0.16544990065294748}. Best is trial 141 with value: 0.6565422191596508.
checkpoint_e31 window_influence: 0.49113158111075755, penalty_k: 0.27697623430844565, scale_lr: 0.10054161369839261, AUC: 0.645
Trial 207 finished with value: 0.6447265510040049 and parameters: {'window_influence': 0.49113158111075755, 'penalty_k': 0.27697623430844565, 'scale_lr': 0.10054161369839261}. Best is trial 141 with value: 0.6565422191596508.
checkpoint_e31 window_influence: 0.40566105790572987, penalty_k: 0.29142096456175098, scale_lr: 0.12684852261287499, AUC: 0.645
Trial 208 finished with value: 0.644922682082737 and parameters: {'window_influence': 0.40566105790572987, 'penalty_k': 0.291420964561751, 'scale_lr': 0.126848522612875}. Best is trial 141 with value: 0.6565422191596508.
checkpoint_e31 window_influence: 0.37709952301495503, penalty_k: 0.26613233987342239, scale_lr: 0.18807249530004846, AUC: 0.643
Trial 209 finished with value: 0.6425424233562922 and parameters: {'window_influence': 0.37709952301495503, 'penalty_k': 0.2661323398734224, 'scale_lr': 0.18807249530004846}. Best is trial 141 with value: 0.6565422191596508.
checkpoint_e31 window_influence: 0.42410443370713324, penalty_k: 0.36632912829466896, scale_lr: 0.25123421209928753, AUC: 0.640
Trial 210 finished with value: 0.6396738368235736 and parameters: {'window_influence': 0.42410443370713324, 'penalty_k': 0.36632912829466896, 'scale_lr': 0.25123421209928753}. Best is trial 141 with value: 0.6565422191596508.
checkpoint_e31 window_influence: 0.38923870823246109, penalty_k: 0.31484078445046887, scale_lr: 0.12004773669558633, AUC: 0.648
Trial 211 finished with value: 0.6483457811659838 and parameters: {'window_influence': 0.3892387082324611, 'penalty_k': 0.31484078445046887, 'scale_lr': 0.12004773669558633}. Best is trial 141 with value: 0.6565422191596508.
checkpoint_e31 window_influence: 0.40038582738616024, penalty_k: 0.25551627983357011, scale_lr: 0.11632596274188989, AUC: 0.653
Trial 212 finished with value: 0.652812456580403 and parameters: {'window_influence': 0.40038582738616024, 'penalty_k': 0.2555162798335701, 'scale_lr': 0.11632596274188989}. Best is trial 141 with value: 0.6565422191596508.
checkpoint_e31 window_influence: 0.39736108297884493, penalty_k: 0.24888777546875665, scale_lr: 0.13284999791162092, AUC: 0.645
Trial 213 finished with value: 0.6447591289509709 and parameters: {'window_influence': 0.3973610829788449, 'penalty_k': 0.24888777546875665, 'scale_lr': 0.13284999791162092}. Best is trial 141 with value: 0.6565422191596508.
checkpoint_e31 window_influence: 0.41210212431734011, penalty_k: 0.25593305785593012, scale_lr: 0.11491173882495076, AUC: 0.647
Trial 214 finished with value: 0.6467472797020706 and parameters: {'window_influence': 0.4121021243173401, 'penalty_k': 0.2559330578559301, 'scale_lr': 0.11491173882495076}. Best is trial 141 with value: 0.6565422191596508.
checkpoint_e31 window_influence: 0.44268623975206062, penalty_k: 0.26785189569126311, scale_lr: 0.14477232458240760, AUC: 0.645
Trial 215 finished with value: 0.6454252540084334 and parameters: {'window_influence': 0.4426862397520606, 'penalty_k': 0.2678518956912631, 'scale_lr': 0.1447723245824076}. Best is trial 141 with value: 0.6565422191596508.
checkpoint_e31 window_influence: 0.43214139008012897, penalty_k: 0.32227890066153725, scale_lr: 0.28052640174624632, AUC: 0.642
Trial 216 finished with value: 0.6424232632708757 and parameters: {'window_influence': 0.432141390080129, 'penalty_k': 0.32227890066153725, 'scale_lr': 0.2805264017462463}. Best is trial 141 with value: 0.6565422191596508.
checkpoint_e31 window_influence: 0.45902334726871274, penalty_k: 0.22659567803388991, scale_lr: 0.15877898600175927, AUC: 0.656
Trial 217 finished with value: 0.6558029705178248 and parameters: {'window_influence': 0.45902334726871274, 'penalty_k': 0.2265956780338899, 'scale_lr': 0.15877898600175927}. Best is trial 141 with value: 0.6565422191596508.
checkpoint_e31 window_influence: 0.46824151220593235, penalty_k: 0.22173158936392173, scale_lr: 0.16144239121892165, AUC: 0.644
Trial 218 finished with value: 0.6435881927864182 and parameters: {'window_influence': 0.46824151220593235, 'penalty_k': 0.22173158936392173, 'scale_lr': 0.16144239121892165}. Best is trial 141 with value: 0.6565422191596508.
checkpoint_e31 window_influence: 0.45645937305229189, penalty_k: 0.35419738326492545, scale_lr: 0.17142448340910724, AUC: 0.646
Trial 219 finished with value: 0.6456207594770837 and parameters: {'window_influence': 0.4564593730522919, 'penalty_k': 0.35419738326492545, 'scale_lr': 0.17142448340910724}. Best is trial 141 with value: 0.6565422191596508.
checkpoint_e31 window_influence: 0.48177405529123263, penalty_k: 0.24468458985141470, scale_lr: 0.15249645268367970, AUC: 0.647
Trial 220 finished with value: 0.6469481415917867 and parameters: {'window_influence': 0.48177405529123263, 'penalty_k': 0.2446845898514147, 'scale_lr': 0.1524964526836797}. Best is trial 141 with value: 0.6565422191596508.
checkpoint_e31 window_influence: 0.44401125505751288, penalty_k: 0.23065314499882095, scale_lr: 0.13534954193184423, AUC: 0.655
Trial 221 finished with value: 0.6553874737660882 and parameters: {'window_influence': 0.4440112550575129, 'penalty_k': 0.23065314499882095, 'scale_lr': 0.13534954193184423}. Best is trial 141 with value: 0.6565422191596508.
checkpoint_e31 window_influence: 0.44281868016767451, penalty_k: 0.23701161656364117, scale_lr: 0.14362898751271747, AUC: 0.647
Trial 222 finished with value: 0.6471801496539291 and parameters: {'window_influence': 0.4428186801676745, 'penalty_k': 0.23701161656364117, 'scale_lr': 0.14362898751271747}. Best is trial 141 with value: 0.6565422191596508.
checkpoint_e31 window_influence: 0.45639172002082318, penalty_k: 0.22903246800030574, scale_lr: 0.12997985117249594, AUC: 0.652
Trial 223 finished with value: 0.652420999060339 and parameters: {'window_influence': 0.4563917200208232, 'penalty_k': 0.22903246800030574, 'scale_lr': 0.12997985117249594}. Best is trial 141 with value: 0.6565422191596508.
checkpoint_e31 window_influence: 0.45869343411669594, penalty_k: 0.22889934792622860, scale_lr: 0.13394074264247730, AUC: 0.654
Trial 224 finished with value: 0.6537583734527801 and parameters: {'window_influence': 0.45869343411669594, 'penalty_k': 0.2288993479262286, 'scale_lr': 0.1339407426424773}. Best is trial 141 with value: 0.6565422191596508.
checkpoint_e31 window_influence: 0.46637405418159827, penalty_k: 0.23325597064973419, scale_lr: 0.13347948311102409, AUC: 0.650
Trial 225 finished with value: 0.6500338420106322 and parameters: {'window_influence': 0.4663740541815983, 'penalty_k': 0.2332559706497342, 'scale_lr': 0.1334794831110241}. Best is trial 141 with value: 0.6565422191596508.
checkpoint_e31 window_influence: 0.45658553809696928, penalty_k: 0.22088167083613613, scale_lr: 0.13301278459195970, AUC: 0.647
Trial 226 finished with value: 0.646950363726499 and parameters: {'window_influence': 0.4565855380969693, 'penalty_k': 0.22088167083613613, 'scale_lr': 0.1330127845919597}. Best is trial 141 with value: 0.6565422191596508.
checkpoint_e31 window_influence: 0.44935421355001293, penalty_k: 0.25206243997539013, scale_lr: 0.15296687171869924, AUC: 0.644
Trial 227 finished with value: 0.644151891647845 and parameters: {'window_influence': 0.4493542135500129, 'penalty_k': 0.25206243997539013, 'scale_lr': 0.15296687171869924}. Best is trial 141 with value: 0.6565422191596508.
checkpoint_e31 window_influence: 0.43144272017518348, penalty_k: 0.23099546041631694, scale_lr: 0.17993226010181770, AUC: 0.645
Trial 228 finished with value: 0.6454697823639968 and parameters: {'window_influence': 0.4314427201751835, 'penalty_k': 0.23099546041631694, 'scale_lr': 0.1799322601018177}. Best is trial 141 with value: 0.6565422191596508.
checkpoint_e31 window_influence: 0.44969473863752457, penalty_k: 0.22312314060125127, scale_lr: 0.43759422895761779, AUC: 0.645
Trial 229 finished with value: 0.6446369498602593 and parameters: {'window_influence': 0.44969473863752457, 'penalty_k': 0.22312314060125127, 'scale_lr': 0.4375942289576178}. Best is trial 141 with value: 0.6565422191596508.
checkpoint_e31 window_influence: 0.35479429119007339, penalty_k: 0.23806830701537277, scale_lr: 0.12169341600107834, AUC: 0.654
Trial 230 finished with value: 0.6539302387421506 and parameters: {'window_influence': 0.3547942911900734, 'penalty_k': 0.23806830701537277, 'scale_lr': 0.12169341600107834}. Best is trial 141 with value: 0.6565422191596508.
checkpoint_e31 window_influence: 0.37773936948087450, penalty_k: 0.24420572530083876, scale_lr: 0.12233335993290891, AUC: 0.647
Trial 231 finished with value: 0.6468274597200906 and parameters: {'window_influence': 0.3777393694808745, 'penalty_k': 0.24420572530083876, 'scale_lr': 0.1223333599329089}. Best is trial 141 with value: 0.6565422191596508.
checkpoint_e31 window_influence: 0.34689311003252804, penalty_k: 0.22757342852568610, scale_lr: 0.14426092773017363, AUC: 0.644
Trial 232 finished with value: 0.6435019029356487 and parameters: {'window_influence': 0.34689311003252804, 'penalty_k': 0.2275734285256861, 'scale_lr': 0.14426092773017363}. Best is trial 141 with value: 0.6565422191596508.
checkpoint_e31 window_influence: 0.35566802793015750, penalty_k: 0.25495203677650013, scale_lr: 0.12679687307057796, AUC: 0.649
Trial 233 finished with value: 0.6486228743604592 and parameters: {'window_influence': 0.3556680279301575, 'penalty_k': 0.25495203677650013, 'scale_lr': 0.12679687307057796}. Best is trial 141 with value: 0.6565422191596508.
checkpoint_e31 window_influence: 0.36643711115575878, penalty_k: 0.21089151587261309, scale_lr: 0.16316285859856072, AUC: 0.645
Trial 234 finished with value: 0.645081690455719 and parameters: {'window_influence': 0.3664371111557588, 'penalty_k': 0.2108915158726131, 'scale_lr': 0.16316285859856072}. Best is trial 141 with value: 0.6565422191596508.
checkpoint_e31 window_influence: 0.47323386942314738, penalty_k: 0.23627589853558217, scale_lr: 0.11262418692518168, AUC: 0.647
Trial 235 finished with value: 0.6471562160454325 and parameters: {'window_influence': 0.4732338694231474, 'penalty_k': 0.23627589853558217, 'scale_lr': 0.11262418692518168}. Best is trial 141 with value: 0.6565422191596508.
checkpoint_e31 window_influence: 0.42365705722263269, penalty_k: 0.26360979507407539, scale_lr: 0.14305662496127905, AUC: 0.650
Trial 236 finished with value: 0.6504239273571162 and parameters: {'window_influence': 0.4236570572226327, 'penalty_k': 0.2636097950740754, 'scale_lr': 0.14305662496127905}. Best is trial 141 with value: 0.6565422191596508.
checkpoint_e31 window_influence: 0.44045415082769329, penalty_k: 0.24831629907525832, scale_lr: 0.13257746501892070, AUC: 0.650
Trial 237 finished with value: 0.6495729266617535 and parameters: {'window_influence': 0.4404541508276933, 'penalty_k': 0.24831629907525832, 'scale_lr': 0.1325774650189207}. Best is trial 141 with value: 0.6565422191596508.
checkpoint_e31 window_influence: 0.33996499995249135, penalty_k: 0.27747710828393257, scale_lr: 0.11293288314789243, AUC: 0.650
Trial 238 finished with value: 0.6503681806243214 and parameters: {'window_influence': 0.33996499995249135, 'penalty_k': 0.27747710828393257, 'scale_lr': 0.11293288314789243}. Best is trial 141 with value: 0.6565422191596508.
checkpoint_e31 window_influence: 0.46352522881651242, penalty_k: 0.21736570229432750, scale_lr: 0.21073017998250188, AUC: 0.650
Trial 239 finished with value: 0.6499026475819424 and parameters: {'window_influence': 0.4635252288165124, 'penalty_k': 0.2173657022943275, 'scale_lr': 0.21073017998250188}. Best is trial 141 with value: 0.6565422191596508.
checkpoint_e31 window_influence: 0.50979588433794021, penalty_k: 0.22949149294504509, scale_lr: 0.39077048384752244, AUC: 0.647
Trial 240 finished with value: 0.6467517990335073 and parameters: {'window_influence': 0.5097958843379402, 'penalty_k': 0.2294914929450451, 'scale_lr': 0.39077048384752244}. Best is trial 141 with value: 0.6565422191596508.
checkpoint_e31 window_influence: 0.43559273269959981, penalty_k: 0.13307967037954979, scale_lr: 0.11498158844769674, AUC: 0.647
Trial 241 finished with value: 0.6469851989888057 and parameters: {'window_influence': 0.4355927326995998, 'penalty_k': 0.1330796703795498, 'scale_lr': 0.11498158844769674}. Best is trial 141 with value: 0.6565422191596508.
checkpoint_e31 window_influence: 0.45171738280844648, penalty_k: 0.15353905259449099, scale_lr: 0.12839248254700578, AUC: 0.650
Trial 242 finished with value: 0.6504997560661309 and parameters: {'window_influence': 0.4517173828084465, 'penalty_k': 0.153539052594491, 'scale_lr': 0.12839248254700578}. Best is trial 141 with value: 0.6565422191596508.
checkpoint_e31 window_influence: 0.41375139678283662, penalty_k: 0.24011417779511543, scale_lr: 0.15506252503852908, AUC: 0.650
Trial 243 finished with value: 0.6500188230339932 and parameters: {'window_influence': 0.4137513967828366, 'penalty_k': 0.24011417779511543, 'scale_lr': 0.15506252503852908}. Best is trial 141 with value: 0.6565422191596508.
checkpoint_e31 window_influence: 0.42594452490236567, penalty_k: 0.25418437338354471, scale_lr: 0.10058111194337013, AUC: 0.648
Trial 244 finished with value: 0.6484118702860981 and parameters: {'window_influence': 0.4259445249023657, 'penalty_k': 0.2541843733835447, 'scale_lr': 0.10058111194337013}. Best is trial 141 with value: 0.6565422191596508.
checkpoint_e31 window_influence: 0.35853304113584655, penalty_k: 0.21487372273830810, scale_lr: 0.34838829288342632, AUC: 0.641
Trial 245 finished with value: 0.6407179823670157 and parameters: {'window_influence': 0.35853304113584655, 'penalty_k': 0.2148737227383081, 'scale_lr': 0.3483882928834263}. Best is trial 141 with value: 0.6565422191596508.
checkpoint_e31 window_influence: 0.44496788218229305, penalty_k: 0.14296949202237805, scale_lr: 0.12175223517710583, AUC: 0.650
Trial 246 finished with value: 0.6500959818185275 and parameters: {'window_influence': 0.44496788218229305, 'penalty_k': 0.14296949202237805, 'scale_lr': 0.12175223517710583}. Best is trial 141 with value: 0.6565422191596508.
checkpoint_e31 window_influence: 0.39929966951029389, penalty_k: 0.12063185838086010, scale_lr: 0.13966912875391185, AUC: 0.649
Trial 247 finished with value: 0.6488242456422757 and parameters: {'window_influence': 0.3992996695102939, 'penalty_k': 0.1206318583808601, 'scale_lr': 0.13966912875391185}. Best is trial 141 with value: 0.6565422191596508.
checkpoint_e31 window_influence: 0.41975106597263057, penalty_k: 0.29332511514118592, scale_lr: 0.17383669993333439, AUC: 0.647
