Trial 245 finished with value: 0.6514531987308946 and parameters: {'window_influence': 0.21420402315017467, 'penalty_k': 0.06221083250249765, 'scale_lr': 0.11664984855665911}. Best is trial 177 with value: 0.6568333850819622.
checkpoint_e26 window_influence: 0.09270074714075466, penalty_k: 0.07650367495755049, scale_lr: 0.11150816921053107, AUC: 0.637
Trial 246 finished with value: 0.636588529846422 and parameters: {'window_influence': 0.09270074714075466, 'penalty_k': 0.07650367495755049, 'scale_lr': 0.11150816921053107}. Best is trial 177 with value: 0.6568333850819622.
checkpoint_e26 window_influence: 0.19489787524705421, penalty_k: 0.05640241782137665, scale_lr: 0.10017188927605528, AUC: 0.653
Trial 247 finished with value: 0.6527605275769436 and parameters: {'window_influence': 0.1948978752470542, 'penalty_k': 0.05640241782137665, 'scale_lr': 0.10017188927605528}. Best is trial 177 with value: 0.6568333850819622.
checkpoint_e26 window_influence: 0.20283491891918193, penalty_k: 0.05874535475077172, scale_lr: 0.12851233769278092, AUC: 0.652
Trial 248 finished with value: 0.6517213188982378 and parameters: {'window_influence': 0.20283491891918193, 'penalty_k': 0.05874535475077172, 'scale_lr': 0.12851233769278092}. Best is trial 177 with value: 0.6568333850819622.
checkpoint_e26 window_influence: 0.24142495940669778, penalty_k: 0.23781617614147538, scale_lr: 0.14873093517664937, AUC: 0.653
Trial 249 finished with value: 0.653015874123502 and parameters: {'window_influence': 0.24142495940669778, 'penalty_k': 0.23781617614147538, 'scale_lr': 0.14873093517664937}. Best is trial 177 with value: 0.6568333850819622.
checkpoint_e26 window_influence: 0.26357061470131266, penalty_k: 0.19603934156124891, scale_lr: 0.14757613550897167, AUC: 0.645
Trial 250 finished with value: 0.6450424052479905 and parameters: {'window_influence': 0.26357061470131266, 'penalty_k': 0.19603934156124891, 'scale_lr': 0.14757613550897167}. Best is trial 177 with value: 0.6568333850819622.
checkpoint_e26 window_influence: 0.24310073486002201, penalty_k: 0.21930555557749593, scale_lr: 0.10045827384395330, AUC: 0.641
Trial 251 finished with value: 0.6406283048803815 and parameters: {'window_influence': 0.243100734860022, 'penalty_k': 0.21930555557749593, 'scale_lr': 0.1004582738439533}. Best is trial 177 with value: 0.6568333850819622.
checkpoint_e26 window_influence: 0.60598867213498997, penalty_k: 0.05215351210028119, scale_lr: 0.15092714589619691, AUC: 0.635
Trial 252 finished with value: 0.6350082485043592 and parameters: {'window_influence': 0.60598867213499, 'penalty_k': 0.052153512100281185, 'scale_lr': 0.1509271458961969}. Best is trial 177 with value: 0.6568333850819622.
checkpoint_e26 window_influence: 0.23414682319145752, penalty_k: 0.16645983895050348, scale_lr: 0.11519165970255765, AUC: 0.638
Trial 253 finished with value: 0.638439914454103 and parameters: {'window_influence': 0.23414682319145752, 'penalty_k': 0.16645983895050348, 'scale_lr': 0.11519165970255765}. Best is trial 177 with value: 0.6568333850819622.
checkpoint_e26 window_influence: 0.22145219664706978, penalty_k: 0.22782896992236640, scale_lr: 0.13936996080525477, AUC: 0.645
Trial 254 finished with value: 0.6445031939948772 and parameters: {'window_influence': 0.22145219664706978, 'penalty_k': 0.2278289699223664, 'scale_lr': 0.13936996080525477}. Best is trial 177 with value: 0.6568333850819622.
checkpoint_e26 window_influence: 0.24880922193772298, penalty_k: 0.14384028208473165, scale_lr: 0.43674797594391490, AUC: 0.646
Trial 255 finished with value: 0.6464958374946808 and parameters: {'window_influence': 0.24880922193772298, 'penalty_k': 0.14384028208473165, 'scale_lr': 0.4367479759439149}. Best is trial 177 with value: 0.6568333850819622.
checkpoint_e26 window_influence: 0.18046472915745615, penalty_k: 0.09626574833162418, scale_lr: 0.62004804759693388, AUC: 0.633
Trial 256 finished with value: 0.633004834524178 and parameters: {'window_influence': 0.18046472915745615, 'penalty_k': 0.09626574833162418, 'scale_lr': 0.6200480475969339}. Best is trial 177 with value: 0.6568333850819622.
checkpoint_e26 window_influence: 0.27375783263271497, penalty_k: 0.06442759589017008, scale_lr: 0.13437201807822863, AUC: 0.641
Trial 257 finished with value: 0.6412419852038242 and parameters: {'window_influence': 0.27375783263271497, 'penalty_k': 0.06442759589017008, 'scale_lr': 0.13437201807822863}. Best is trial 177 with value: 0.6568333850819622.
checkpoint_e26 window_influence: 0.19443525765373038, penalty_k: 0.52615461535231145, scale_lr: 0.11469398707296985, AUC: 0.642
Trial 258 finished with value: 0.6416172778815806 and parameters: {'window_influence': 0.19443525765373038, 'penalty_k': 0.5261546153523114, 'scale_lr': 0.11469398707296985}. Best is trial 177 with value: 0.6568333850819622.
checkpoint_e26 window_influence: 0.23306564673739036, penalty_k: 0.04933987968805366, scale_lr: 0.15462334529019814, AUC: 0.637
Trial 259 finished with value: 0.6374944864797767 and parameters: {'window_influence': 0.23306564673739036, 'penalty_k': 0.04933987968805366, 'scale_lr': 0.15462334529019814}. Best is trial 177 with value: 0.6568333850819622.
checkpoint_e26 window_influence: 0.29959694131302883, penalty_k: 0.06802345226979334, scale_lr: 0.10050132653305351, AUC: 0.645
Trial 260 finished with value: 0.6449750547308964 and parameters: {'window_influence': 0.29959694131302883, 'penalty_k': 0.06802345226979334, 'scale_lr': 0.1005013265330535}. Best is trial 177 with value: 0.6568333850819622.
checkpoint_e26 window_influence: 0.21891339962004228, penalty_k: 0.09182498662134683, scale_lr: 0.36462676461663918, AUC: 0.642
Trial 261 finished with value: 0.6416374964698 and parameters: {'window_influence': 0.21891339962004228, 'penalty_k': 0.09182498662134683, 'scale_lr': 0.3646267646166392}. Best is trial 177 with value: 0.6568333850819622.
checkpoint_e26 window_influence: 0.26157088409226559, penalty_k: 0.24115009574467933, scale_lr: 0.12469893800723586, AUC: 0.644
Trial 262 finished with value: 0.6439635100573466 and parameters: {'window_influence': 0.2615708840922656, 'penalty_k': 0.24115009574467933, 'scale_lr': 0.12469893800723586}. Best is trial 177 with value: 0.6568333850819622.
checkpoint_e26 window_influence: 0.20355131498810947, penalty_k: 0.11432652709353018, scale_lr: 0.13971143246015927, AUC: 0.645
Trial 263 finished with value: 0.6453600955035331 and parameters: {'window_influence': 0.20355131498810947, 'penalty_k': 0.11432652709353018, 'scale_lr': 0.13971143246015927}. Best is trial 177 with value: 0.6568333850819622.
checkpoint_e26 window_influence: 0.17053888870615197, penalty_k: 0.20813231345481492, scale_lr: 0.46330048101663529, AUC: 0.647
Trial 264 finished with value: 0.6466503387308588 and parameters: {'window_influence': 0.17053888870615197, 'penalty_k': 0.20813231345481492, 'scale_lr': 0.4633004810166353}. Best is trial 177 with value: 0.6568333850819622.
checkpoint_e26 window_influence: 0.24414541438348722, penalty_k: 0.03848453839544096, scale_lr: 0.40368397061714140, AUC: 0.655
Trial 265 finished with value: 0.6548269545747888 and parameters: {'window_influence': 0.24414541438348722, 'penalty_k': 0.038484538395440956, 'scale_lr': 0.4036839706171414}. Best is trial 177 with value: 0.6568333850819622.
checkpoint_e26 window_influence: 0.24915191787248750, penalty_k: 0.03616954131233427, scale_lr: 0.34029255422456839, AUC: 0.636
Trial 266 finished with value: 0.6362803774659815 and parameters: {'window_influence': 0.2491519178724875, 'penalty_k': 0.03616954131233427, 'scale_lr': 0.3402925542245684}. Best is trial 177 with value: 0.6568333850819622.
checkpoint_e26 window_influence: 0.23578083352582713, penalty_k: 0.04610536903945650, scale_lr: 0.31270092693774409, AUC: 0.649
Trial 267 finished with value: 0.6491760448503793 and parameters: {'window_influence': 0.23578083352582713, 'penalty_k': 0.0461053690394565, 'scale_lr': 0.3127009269377441}. Best is trial 177 with value: 0.6568333850819622.
checkpoint_e26 window_influence: 0.40590497602209374, penalty_k: 0.02782088573289618, scale_lr: 0.39954258898012818, AUC: 0.639
Trial 268 finished with value: 0.6391327886548812 and parameters: {'window_influence': 0.40590497602209374, 'penalty_k': 0.027820885732896185, 'scale_lr': 0.3995425889801282}. Best is trial 177 with value: 0.6568333850819622.
checkpoint_e26 window_influence: 0.22569283222439213, penalty_k: 0.26895697666971241, scale_lr: 0.15539973862647055, AUC: 0.651
Trial 269 finished with value: 0.6509900946359161 and parameters: {'window_influence': 0.22569283222439213, 'penalty_k': 0.2689569766697124, 'scale_lr': 0.15539973862647055}. Best is trial 177 with value: 0.6568333850819622.
checkpoint_e26 window_influence: 0.26046490513080028, penalty_k: 0.05080845540118123, scale_lr: 0.41186145561088300, AUC: 0.649
Trial 270 finished with value: 0.6493040868338253 and parameters: {'window_influence': 0.2604649051308003, 'penalty_k': 0.05080845540118123, 'scale_lr': 0.411861455610883}. Best is trial 177 with value: 0.6568333850819622.
checkpoint_e26 window_influence: 0.23756782424663422, penalty_k: 0.03750925500811062, scale_lr: 0.18343761142429515, AUC: 0.647
Trial 271 finished with value: 0.6469882271095782 and parameters: {'window_influence': 0.23756782424663422, 'penalty_k': 0.03750925500811062, 'scale_lr': 0.18343761142429515}. Best is trial 177 with value: 0.6568333850819622.
checkpoint_e26 window_influence: 0.21742192491699280, penalty_k: 0.05718045617852310, scale_lr: 0.49625121756081919, AUC: 0.639
Trial 272 finished with value: 0.6394762534123226 and parameters: {'window_influence': 0.2174219249169928, 'penalty_k': 0.0571804561785231, 'scale_lr': 0.4962512175608192}. Best is trial 177 with value: 0.6568333850819622.
checkpoint_e26 window_influence: 0.22756435514968376, penalty_k: 0.08650081348001996, scale_lr: 0.13129214337469214, AUC: 0.646
Trial 273 finished with value: 0.6458718807612813 and parameters: {'window_influence': 0.22756435514968376, 'penalty_k': 0.08650081348001996, 'scale_lr': 0.13129214337469214}. Best is trial 177 with value: 0.6568333850819622.
checkpoint_e26 window_influence: 0.24516609910965501, penalty_k: 0.07347526613007291, scale_lr: 0.16511164647899459, AUC: 0.643
Trial 274 finished with value: 0.6429403815537308 and parameters: {'window_influence': 0.245166099109655, 'penalty_k': 0.07347526613007291, 'scale_lr': 0.1651116464789946}. Best is trial 177 with value: 0.6568333850819622.
checkpoint_e26 window_influence: 0.18610190471852966, penalty_k: 0.25317628714855334, scale_lr: 0.11117789830658459, AUC: 0.644
Trial 275 finished with value: 0.643698025817666 and parameters: {'window_influence': 0.18610190471852966, 'penalty_k': 0.25317628714855334, 'scale_lr': 0.11117789830658459}. Best is trial 177 with value: 0.6568333850819622.
checkpoint_e26 window_influence: 0.05156487288086090, penalty_k: 0.10422555398203372, scale_lr: 0.42232077141894792, AUC: 0.630
Trial 276 finished with value: 0.6298770836940908 and parameters: {'window_influence': 0.051564872880860896, 'penalty_k': 0.10422555398203372, 'scale_lr': 0.4223207714189479}. Best is trial 177 with value: 0.6568333850819622.
checkpoint_e26 window_influence: 0.20928063007768868, penalty_k: 0.17699664999493789, scale_lr: 0.14613653008155386, AUC: 0.646
Trial 277 finished with value: 0.6457320271645781 and parameters: {'window_influence': 0.20928063007768868, 'penalty_k': 0.1769966499949379, 'scale_lr': 0.14613653008155386}. Best is trial 177 with value: 0.6568333850819622.
checkpoint_e26 window_influence: 0.21862522905199938, penalty_k: 0.02805414370950932, scale_lr: 0.39165103376267257, AUC: 0.650
Trial 278 finished with value: 0.6504889658462372 and parameters: {'window_influence': 0.21862522905199938, 'penalty_k': 0.028054143709509316, 'scale_lr': 0.3916510337626726}. Best is trial 177 with value: 0.6568333850819622.
checkpoint_e26 window_influence: 0.29056315289353940, penalty_k: 0.13156863286743684, scale_lr: 0.37925293452592729, AUC: 0.648
Trial 279 finished with value: 0.6478698578700144 and parameters: {'window_influence': 0.2905631528935394, 'penalty_k': 0.13156863286743684, 'scale_lr': 0.3792529345259273}. Best is trial 177 with value: 0.6568333850819622.
checkpoint_e26 window_influence: 0.27728240373677338, penalty_k: 0.04266551709642497, scale_lr: 0.32959357089452479, AUC: 0.642
Trial 280 finished with value: 0.6417002455681237 and parameters: {'window_influence': 0.2772824037367734, 'penalty_k': 0.042665517096424965, 'scale_lr': 0.3295935708945248}. Best is trial 177 with value: 0.6568333850819622.
checkpoint_e26 window_influence: 0.19427807444852879, penalty_k: 0.05819462022056834, scale_lr: 0.38522066037283359, AUC: 0.642
Trial 281 finished with value: 0.6418766106162058 and parameters: {'window_influence': 0.1942780744485288, 'penalty_k': 0.058194620220568344, 'scale_lr': 0.3852206603728336}. Best is trial 177 with value: 0.6568333850819622.
checkpoint_e26 window_influence: 0.25051888098736269, penalty_k: 0.01002905067964267, scale_lr: 0.76198290506316591, AUC: 0.631
Trial 282 finished with value: 0.6305571645822078 and parameters: {'window_influence': 0.2505188809873627, 'penalty_k': 0.01002905067964267, 'scale_lr': 0.7619829050631659}. Best is trial 177 with value: 0.6568333850819622.
checkpoint_e26 window_influence: 0.20786508158526823, penalty_k: 0.07403122749348501, scale_lr: 0.28853140045680048, AUC: 0.653
Trial 283 finished with value: 0.6525488985357428 and parameters: {'window_influence': 0.20786508158526823, 'penalty_k': 0.07403122749348501, 'scale_lr': 0.2885314004568005}. Best is trial 177 with value: 0.6568333850819622.
checkpoint_e26 window_influence: 0.16385242163658720, penalty_k: 0.18224744124662440, scale_lr: 0.12357352445625869, AUC: 0.641
Trial 284 finished with value: 0.6409945870506703 and parameters: {'window_influence': 0.1638524216365872, 'penalty_k': 0.1822474412466244, 'scale_lr': 0.12357352445625869}. Best is trial 177 with value: 0.6568333850819622.
checkpoint_e26 window_influence: 0.18252667268975056, penalty_k: 0.09942226951893754, scale_lr: 0.10014084335797657, AUC: 0.654
Trial 285 finished with value: 0.6541207130944425 and parameters: {'window_influence': 0.18252667268975056, 'penalty_k': 0.09942226951893754, 'scale_lr': 0.10014084335797657}. Best is trial 177 with value: 0.6568333850819622.
checkpoint_e26 window_influence: 0.23132229548290068, penalty_k: 0.09260810821535491, scale_lr: 0.19536939446308882, AUC: 0.643
Trial 286 finished with value: 0.6432100739333927 and parameters: {'window_influence': 0.23132229548290068, 'penalty_k': 0.09260810821535491, 'scale_lr': 0.19536939446308882}. Best is trial 177 with value: 0.6568333850819622.
checkpoint_e26 window_influence: 0.31269663737451869, penalty_k: 0.12080960081604837, scale_lr: 0.13506385384774094, AUC: 0.642
Trial 287 finished with value: 0.6420572360207986 and parameters: {'window_influence': 0.3126966373745187, 'penalty_k': 0.12080960081604837, 'scale_lr': 0.13506385384774094}. Best is trial 177 with value: 0.6568333850819622.
checkpoint_e26 window_influence: 0.17641749871661877, penalty_k: 0.10212580251196628, scale_lr: 0.32621752444123542, AUC: 0.641
Trial 288 finished with value: 0.6412492007910359 and parameters: {'window_influence': 0.17641749871661877, 'penalty_k': 0.10212580251196628, 'scale_lr': 0.3262175244412354}. Best is trial 177 with value: 0.6568333850819622.
checkpoint_e26 window_influence: 0.22339258532281242, penalty_k: 0.07826454293638768, scale_lr: 0.20975598926408412, AUC: 0.659
Trial 289 finished with value: 0.658998360506409 and parameters: {'window_influence': 0.22339258532281242, 'penalty_k': 0.07826454293638768, 'scale_lr': 0.20975598926408412}. Best is trial 289 with value: 0.658998360506409.
checkpoint_e26 window_influence: 0.24097162671789846, penalty_k: 0.08665559710134998, scale_lr: 0.17871298268169414, AUC: 0.649
Trial 290 finished with value: 0.649479508408856 and parameters: {'window_influence': 0.24097162671789846, 'penalty_k': 0.08665559710134998, 'scale_lr': 0.17871298268169414}. Best is trial 289 with value: 0.658998360506409.
checkpoint_e26 window_influence: 0.18166472269369252, penalty_k: 0.09901853722354466, scale_lr: 0.21879687699571487, AUC: 0.643
Trial 291 finished with value: 0.6427787369811968 and parameters: {'window_influence': 0.18166472269369252, 'penalty_k': 0.09901853722354466, 'scale_lr': 0.21879687699571487}. Best is trial 289 with value: 0.658998360506409.
checkpoint_e26 window_influence: 0.20946826191303275, penalty_k: 0.30811326889007801, scale_lr: 0.31085754711221913, AUC: 0.643
Trial 292 finished with value: 0.6426868406877397 and parameters: {'window_influence': 0.20946826191303275, 'penalty_k': 0.308113268890078, 'scale_lr': 0.31085754711221913}. Best is trial 289 with value: 0.658998360506409.
checkpoint_e26 window_influence: 0.11802689306222026, penalty_k: 0.20465860179876880, scale_lr: 0.19991755536972103, AUC: 0.642
Trial 293 finished with value: 0.642128875452586 and parameters: {'window_influence': 0.11802689306222026, 'penalty_k': 0.2046586017987688, 'scale_lr': 0.19991755536972103}. Best is trial 289 with value: 0.658998360506409.
checkpoint_e26 window_influence: 0.13559421694334745, penalty_k: 0.10764593730087049, scale_lr: 0.44237241219202850, AUC: 0.638
Trial 294 finished with value: 0.63840196433931 and parameters: {'window_influence': 0.13559421694334745, 'penalty_k': 0.10764593730087049, 'scale_lr': 0.4423724121920285}. Best is trial 289 with value: 0.658998360506409.
checkpoint_e26 window_influence: 0.21997917361908387, penalty_k: 0.27673830517403797, scale_lr: 0.35435416731560249, AUC: 0.648
Trial 295 finished with value: 0.6483439173392657 and parameters: {'window_influence': 0.21997917361908387, 'penalty_k': 0.27673830517403797, 'scale_lr': 0.3543541673156025}. Best is trial 289 with value: 0.658998360506409.
checkpoint_e26 window_influence: 0.25817470864644348, penalty_k: 0.13633286262979477, scale_lr: 0.16978594794981403, AUC: 0.640
Trial 296 finished with value: 0.6404197279188776 and parameters: {'window_influence': 0.2581747086464435, 'penalty_k': 0.13633286262979477, 'scale_lr': 0.16978594794981403}. Best is trial 289 with value: 0.658998360506409.
checkpoint_e26 window_influence: 0.16133261574944663, penalty_k: 0.08115319557287973, scale_lr: 0.15789361145526903, AUC: 0.649
Trial 297 finished with value: 0.6489629933007012 and parameters: {'window_influence': 0.16133261574944663, 'penalty_k': 0.08115319557287973, 'scale_lr': 0.15789361145526903}. Best is trial 289 with value: 0.658998360506409.
checkpoint_e26 window_influence: 0.14561982623863201, penalty_k: 0.16107343994059595, scale_lr: 0.26366402277071394, AUC: 0.643
Trial 298 finished with value: 0.6431633459685506 and parameters: {'window_influence': 0.145619826238632, 'penalty_k': 0.16107343994059595, 'scale_lr': 0.26366402277071394}. Best is trial 289 with value: 0.658998360506409.
checkpoint_e26 window_influence: 0.32267460402455711, penalty_k: 0.07223876404064344, scale_lr: 0.14754352581886512, AUC: 0.640
Trial 299 finished with value: 0.6400945022745878 and parameters: {'window_influence': 0.3226746040245571, 'penalty_k': 0.07223876404064344, 'scale_lr': 0.14754352581886512}. Best is trial 289 with value: 0.658998360506409.
checkpoint_e26 window_influence: 0.23384130758005026, penalty_k: 0.08363062749344141, scale_lr: 0.34813929074944838, AUC: 0.645
Trial 300 finished with value: 0.6451703756783207 and parameters: {'window_influence': 0.23384130758005026, 'penalty_k': 0.08363062749344141, 'scale_lr': 0.3481392907494484}. Best is trial 289 with value: 0.658998360506409.
checkpoint_e26 window_influence: 0.20054699769624182, penalty_k: 0.14394878776332537, scale_lr: 0.48601448809961972, AUC: 0.634
Trial 301 finished with value: 0.6337372121498891 and parameters: {'window_influence': 0.20054699769624182, 'penalty_k': 0.14394878776332537, 'scale_lr': 0.4860144880996197}. Best is trial 289 with value: 0.658998360506409.
checkpoint_e26 window_influence: 0.18443960188294001, penalty_k: 0.02558615852729395, scale_lr: 0.21196081181473209, AUC: 0.649
Trial 302 finished with value: 0.6494583887566878 and parameters: {'window_influence': 0.18443960188294, 'penalty_k': 0.02558615852729395, 'scale_lr': 0.2119608118147321}. Best is trial 289 with value: 0.658998360506409.
checkpoint_e26 window_influence: 0.22084137040277163, penalty_k: 0.00013594064362560, scale_lr: 0.12167844784820109, AUC: 0.644
Trial 303 finished with value: 0.6436695086491652 and parameters: {'window_influence': 0.22084137040277163, 'penalty_k': 0.00013594064362559832, 'scale_lr': 0.12167844784820109}. Best is trial 289 with value: 0.658998360506409.
checkpoint_e26 window_influence: 0.26773700016937507, penalty_k: 0.04641359002230169, scale_lr: 0.13556402234375423, AUC: 0.647
Trial 304 finished with value: 0.6471268269570672 and parameters: {'window_influence': 0.2677370001693751, 'penalty_k': 0.046413590022301686, 'scale_lr': 0.13556402234375423}. Best is trial 289 with value: 0.658998360506409.
checkpoint_e26 window_influence: 0.33580229702075748, penalty_k: 0.15519194679109377, scale_lr: 0.56873285018936326, AUC: 0.633
Trial 305 finished with value: 0.6333001624270937 and parameters: {'window_influence': 0.3358022970207575, 'penalty_k': 0.15519194679109377, 'scale_lr': 0.5687328501893633}. Best is trial 289 with value: 0.658998360506409.
checkpoint_e26 window_influence: 0.20888028790913413, penalty_k: 0.12428497603347718, scale_lr: 0.24328155292924747, AUC: 0.646
Trial 306 finished with value: 0.6464028240455146 and parameters: {'window_influence': 0.20888028790913413, 'penalty_k': 0.12428497603347718, 'scale_lr': 0.24328155292924747}. Best is trial 289 with value: 0.658998360506409.
checkpoint_e26 window_influence: 0.23739707610021094, penalty_k: 0.06748805220627242, scale_lr: 0.18188520433110725, AUC: 0.645
