Trial 372 finished with value: 0.6435144028025567 and parameters: {'window_influence': 0.4921352583820627, 'penalty_k': 0.21938414768590128, 'scale_lr': 0.5078081299399896}. Best is trial 285 with value: 0.6572585472759724.
checkpoint_e12 window_influence: 0.16228796776812207, penalty_k: 0.28001451703849034, scale_lr: 0.65530034133861892, AUC: 0.620
Trial 373 finished with value: 0.6201313451436978 and parameters: {'window_influence': 0.16228796776812207, 'penalty_k': 0.28001451703849034, 'scale_lr': 0.6553003413386189}. Best is trial 285 with value: 0.6572585472759724.
checkpoint_e12 window_influence: 0.52432125783548467, penalty_k: 0.27784351043515187, scale_lr: 0.58384882538822003, AUC: 0.642
Trial 374 finished with value: 0.6416897320764625 and parameters: {'window_influence': 0.5243212578354847, 'penalty_k': 0.2778435104351519, 'scale_lr': 0.58384882538822}. Best is trial 285 with value: 0.6572585472759724.
checkpoint_e12 window_influence: 0.48161635854448476, penalty_k: 0.23778243731596566, scale_lr: 0.76829764159433467, AUC: 0.635
Trial 375 finished with value: 0.6352463699819286 and parameters: {'window_influence': 0.48161635854448476, 'penalty_k': 0.23778243731596566, 'scale_lr': 0.7682976415943347}. Best is trial 285 with value: 0.6572585472759724.
checkpoint_e12 window_influence: 0.50454084732572835, penalty_k: 0.16417223339447379, scale_lr: 0.35020299048933867, AUC: 0.649
Trial 376 finished with value: 0.6491784211433332 and parameters: {'window_influence': 0.5045408473257283, 'penalty_k': 0.1641722333944738, 'scale_lr': 0.3502029904893387}. Best is trial 285 with value: 0.6572585472759724.
checkpoint_e12 window_influence: 0.31092954589618982, penalty_k: 0.29372919826370780, scale_lr: 0.15514514864995907, AUC: 0.638
Trial 377 finished with value: 0.6384887113666163 and parameters: {'window_influence': 0.3109295458961898, 'penalty_k': 0.2937291982637078, 'scale_lr': 0.15514514864995907}. Best is trial 285 with value: 0.6572585472759724.
checkpoint_e12 window_influence: 0.54046552386055391, penalty_k: 0.17586805746598694, scale_lr: 0.18105562815836881, AUC: 0.643
Trial 378 finished with value: 0.6431970431392254 and parameters: {'window_influence': 0.5404655238605539, 'penalty_k': 0.17586805746598694, 'scale_lr': 0.18105562815836881}. Best is trial 285 with value: 0.6572585472759724.
checkpoint_e12 window_influence: 0.50407892706544377, penalty_k: 0.25296090066374693, scale_lr: 0.79875190107708627, AUC: 0.641
Trial 379 finished with value: 0.6409261268891396 and parameters: {'window_influence': 0.5040789270654438, 'penalty_k': 0.25296090066374693, 'scale_lr': 0.7987519010770863}. Best is trial 285 with value: 0.6572585472759724.
checkpoint_e12 window_influence: 0.48529977899013105, penalty_k: 0.28545184838702786, scale_lr: 0.13531470911641749, AUC: 0.644
Trial 380 finished with value: 0.64439819853236 and parameters: {'window_influence': 0.48529977899013105, 'penalty_k': 0.28545184838702786, 'scale_lr': 0.1353147091164175}. Best is trial 285 with value: 0.6572585472759724.
checkpoint_e12 window_influence: 0.51658856022940269, penalty_k: 0.19358749283089863, scale_lr: 0.16351021195420296, AUC: 0.645
Trial 381 finished with value: 0.6448319319365909 and parameters: {'window_influence': 0.5165885602294027, 'penalty_k': 0.19358749283089863, 'scale_lr': 0.16351021195420296}. Best is trial 285 with value: 0.6572585472759724.
checkpoint_e12 window_influence: 0.47416874066539494, penalty_k: 0.14647190490953535, scale_lr: 0.14469159249601238, AUC: 0.652
Trial 382 finished with value: 0.6515167772104955 and parameters: {'window_influence': 0.47416874066539494, 'penalty_k': 0.14647190490953535, 'scale_lr': 0.14469159249601238}. Best is trial 285 with value: 0.6572585472759724.
checkpoint_e12 window_influence: 0.49155813488320294, penalty_k: 0.14919585397150265, scale_lr: 0.12813901701202574, AUC: 0.644
Trial 383 finished with value: 0.6438797436477743 and parameters: {'window_influence': 0.49155813488320294, 'penalty_k': 0.14919585397150265, 'scale_lr': 0.12813901701202574}. Best is trial 285 with value: 0.6572585472759724.
checkpoint_e12 window_influence: 0.47561475427538624, penalty_k: 0.23882854465543740, scale_lr: 0.14784805000759735, AUC: 0.644
Trial 384 finished with value: 0.6441161844725657 and parameters: {'window_influence': 0.47561475427538624, 'penalty_k': 0.2388285446554374, 'scale_lr': 0.14784805000759735}. Best is trial 285 with value: 0.6572585472759724.
checkpoint_e12 window_influence: 0.41131789238881028, penalty_k: 0.13762875633736346, scale_lr: 0.19031051762921744, AUC: 0.642
Trial 385 finished with value: 0.641675863797202 and parameters: {'window_influence': 0.4113178923888103, 'penalty_k': 0.13762875633736346, 'scale_lr': 0.19031051762921744}. Best is trial 285 with value: 0.6572585472759724.
checkpoint_e12 window_influence: 0.45352913432812825, penalty_k: 0.15210391567595741, scale_lr: 0.16931086450561661, AUC: 0.644
Trial 386 finished with value: 0.6442408896716276 and parameters: {'window_influence': 0.45352913432812825, 'penalty_k': 0.1521039156759574, 'scale_lr': 0.1693108645056166}. Best is trial 285 with value: 0.6572585472759724.
checkpoint_e12 window_influence: 0.50032273671392391, penalty_k: 0.26616868923341874, scale_lr: 0.11022302435505868, AUC: 0.644
Trial 387 finished with value: 0.644406478853926 and parameters: {'window_influence': 0.5003227367139239, 'penalty_k': 0.26616868923341874, 'scale_lr': 0.11022302435505868}. Best is trial 285 with value: 0.6572585472759724.
checkpoint_e12 window_influence: 0.52669582491542388, penalty_k: 0.12528060111533174, scale_lr: 0.13399320147471599, AUC: 0.645
Trial 388 finished with value: 0.6449259159368539 and parameters: {'window_influence': 0.5266958249154239, 'penalty_k': 0.12528060111533174, 'scale_lr': 0.133993201474716}. Best is trial 285 with value: 0.6572585472759724.
checkpoint_e12 window_influence: 0.08158454801668663, penalty_k: 0.30233354231235698, scale_lr: 0.15460688191088567, AUC: 0.621
Trial 389 finished with value: 0.6213915519293267 and parameters: {'window_influence': 0.08158454801668663, 'penalty_k': 0.302333542312357, 'scale_lr': 0.15460688191088567}. Best is trial 285 with value: 0.6572585472759724.
checkpoint_e12 window_influence: 0.34056172016637487, penalty_k: 0.16483574539926810, scale_lr: 0.17981206806240280, AUC: 0.635
Trial 390 finished with value: 0.6348948467919494 and parameters: {'window_influence': 0.34056172016637487, 'penalty_k': 0.1648357453992681, 'scale_lr': 0.1798120680624028}. Best is trial 285 with value: 0.6572585472759724.
checkpoint_e12 window_influence: 0.49094585381983830, penalty_k: 0.31399526386050897, scale_lr: 0.11783736298186390, AUC: 0.642
Trial 391 finished with value: 0.6418950044889156 and parameters: {'window_influence': 0.4909458538198383, 'penalty_k': 0.31399526386050897, 'scale_lr': 0.1178373629818639}. Best is trial 285 with value: 0.6572585472759724.
checkpoint_e12 window_influence: 0.60932953371498932, penalty_k: 0.14004725285305397, scale_lr: 0.33775164868595509, AUC: 0.639
Trial 392 finished with value: 0.6393920086097855 and parameters: {'window_influence': 0.6093295337149893, 'penalty_k': 0.14004725285305397, 'scale_lr': 0.3377516486859551}. Best is trial 285 with value: 0.6572585472759724.
checkpoint_e12 window_influence: 0.51346715242280050, penalty_k: 0.17419617029317666, scale_lr: 0.14264642030384345, AUC: 0.650
Trial 393 finished with value: 0.6497181802940968 and parameters: {'window_influence': 0.5134671524228005, 'penalty_k': 0.17419617029317666, 'scale_lr': 0.14264642030384345}. Best is trial 285 with value: 0.6572585472759724.
checkpoint_e12 window_influence: 0.30289690223659177, penalty_k: 0.20592633602229418, scale_lr: 0.16541611920343047, AUC: 0.638
Trial 394 finished with value: 0.6384089454609931 and parameters: {'window_influence': 0.30289690223659177, 'penalty_k': 0.20592633602229418, 'scale_lr': 0.16541611920343047}. Best is trial 285 with value: 0.6572585472759724.
checkpoint_e12 window_influence: 0.62514926062325804, penalty_k: 0.12680754356564944, scale_lr: 0.37693470216462932, AUC: 0.629
Trial 395 finished with value: 0.6294532120666105 and parameters: {'window_influence': 0.625149260623258, 'penalty_k': 0.12680754356564944, 'scale_lr': 0.3769347021646293}. Best is trial 285 with value: 0.6572585472759724.
checkpoint_e12 window_influence: 0.46908157368749481, penalty_k: 0.03460467345127081, scale_lr: 0.20423997163722266, AUC: 0.648
Trial 396 finished with value: 0.6480422892345242 and parameters: {'window_influence': 0.4690815736874948, 'penalty_k': 0.034604673451270815, 'scale_lr': 0.20423997163722266}. Best is trial 285 with value: 0.6572585472759724.
checkpoint_e12 window_influence: 0.50660337913261999, penalty_k: 0.15610766079806285, scale_lr: 0.12891576900942542, AUC: 0.652
Trial 397 finished with value: 0.6517461589475272 and parameters: {'window_influence': 0.50660337913262, 'penalty_k': 0.15610766079806285, 'scale_lr': 0.12891576900942542}. Best is trial 285 with value: 0.6572585472759724.
Trial 398 failed with parameters: {'window_influence': 0.48344155371042974, 'penalty_k': 0.1598823556681925, 'scale_lr': 0.7008255594530988} because of the following error: KeyboardInterrupt().
Traceback (most recent call last):
  File "/home/n26092289/anaconda3/envs/my_siamban/lib/python3.7/site-packages/optuna/study/_optimize.py", line 200, in _run_trial
    value_or_values = func(trial)
  File "../../tools/tune.py", line 327, in objective
    outputs = tracker.track(img)
  File "../../tools/tune.py", line 125, in track
    outputs = self.model.track(x_crop)
  File "/home/n26092289/multi_task/siamban-master/siamban/models/model_builder.py", line 176, in track
    xf = self.backbone(x)
  File "/home/n26092289/anaconda3/envs/my_siamban/lib/python3.7/site-packages/torch/nn/modules/module.py", line 1110, in _call_impl
    return forward_call(*input, **kwargs)
  File "/home/n26092289/multi_task/siamban-master/siamban/models/backbone/resnet_atrous.py", line 194, in forward
    p4 = self.layer4(p3)
  File "/home/n26092289/anaconda3/envs/my_siamban/lib/python3.7/site-packages/torch/nn/modules/module.py", line 1110, in _call_impl
    return forward_call(*input, **kwargs)
  File "/home/n26092289/anaconda3/envs/my_siamban/lib/python3.7/site-packages/torch/nn/modules/container.py", line 141, in forward
    input = module(input)
  File "/home/n26092289/anaconda3/envs/my_siamban/lib/python3.7/site-packages/torch/nn/modules/module.py", line 1110, in _call_impl
    return forward_call(*input, **kwargs)
  File "/home/n26092289/multi_task/siamban-master/siamban/models/backbone/resnet_atrous.py", line 100, in forward
    out = self.conv3(out)
  File "/home/n26092289/anaconda3/envs/my_siamban/lib/python3.7/site-packages/torch/nn/modules/module.py", line 1110, in _call_impl
    return forward_call(*input, **kwargs)
  File "/home/n26092289/anaconda3/envs/my_siamban/lib/python3.7/site-packages/torch/nn/modules/conv.py", line 447, in forward
    return self._conv_forward(input, self.weight, self.bias)
  File "/home/n26092289/anaconda3/envs/my_siamban/lib/python3.7/site-packages/torch/nn/modules/conv.py", line 444, in _conv_forward
    self.padding, self.dilation, self.groups)
KeyboardInterrupt
Trial 398 failed with value None.
