Trial 186 finished with value: 0.6474778913144068 and parameters: {'window_influence': 0.509486572428904, 'penalty_k': 0.15208327063632215, 'scale_lr': 0.1961551498278763}. Best is trial 62 with value: 0.6568316752281912.
checkpoint_e12 window_influence: 0.60317950026307066, penalty_k: 0.13687567140989931, scale_lr: 0.23248508367072504, AUC: 0.634
Trial 187 finished with value: 0.6335015528008806 and parameters: {'window_influence': 0.6031795002630707, 'penalty_k': 0.1368756714098993, 'scale_lr': 0.23248508367072504}. Best is trial 62 with value: 0.6568316752281912.
checkpoint_e12 window_influence: 0.46598817097615503, penalty_k: 0.11226314649633015, scale_lr: 0.17055491203140571, AUC: 0.647
Trial 188 finished with value: 0.6465611675616468 and parameters: {'window_influence': 0.465988170976155, 'penalty_k': 0.11226314649633015, 'scale_lr': 0.17055491203140571}. Best is trial 62 with value: 0.6568316752281912.
checkpoint_e12 window_influence: 0.57506528072582264, penalty_k: 0.18293585013138364, scale_lr: 0.54546876199925920, AUC: 0.635
Trial 189 finished with value: 0.6351977360841154 and parameters: {'window_influence': 0.5750652807258226, 'penalty_k': 0.18293585013138364, 'scale_lr': 0.5454687619992592}. Best is trial 62 with value: 0.6568316752281912.
checkpoint_e12 window_influence: 0.52929309413871228, penalty_k: 0.15852550781962849, scale_lr: 0.20660997432698699, AUC: 0.645
Trial 190 finished with value: 0.6450625284618745 and parameters: {'window_influence': 0.5292930941387123, 'penalty_k': 0.1585255078196285, 'scale_lr': 0.206609974326987}. Best is trial 62 with value: 0.6568316752281912.
checkpoint_e12 window_influence: 0.49474068478228661, penalty_k: 0.12747914679566366, scale_lr: 0.14437478071888796, AUC: 0.653
Trial 191 finished with value: 0.6533518824744479 and parameters: {'window_influence': 0.4947406847822866, 'penalty_k': 0.12747914679566366, 'scale_lr': 0.14437478071888796}. Best is trial 62 with value: 0.6568316752281912.
checkpoint_e12 window_influence: 0.49203539950721414, penalty_k: 0.13365455825121780, scale_lr: 0.14504674936195130, AUC: 0.646
Trial 192 finished with value: 0.6456636644851259 and parameters: {'window_influence': 0.49203539950721414, 'penalty_k': 0.1336545582512178, 'scale_lr': 0.1450467493619513}. Best is trial 62 with value: 0.6568316752281912.
checkpoint_e12 window_influence: 0.32363378358529771, penalty_k: 0.12240249696342913, scale_lr: 0.13278408545562728, AUC: 0.639
Trial 193 finished with value: 0.6392063866921346 and parameters: {'window_influence': 0.3236337835852977, 'penalty_k': 0.12240249696342913, 'scale_lr': 0.13278408545562728}. Best is trial 62 with value: 0.6568316752281912.
checkpoint_e12 window_influence: 0.47627449343316536, penalty_k: 0.09578644479874496, scale_lr: 0.16140804522027255, AUC: 0.648
Trial 194 finished with value: 0.6484083699330089 and parameters: {'window_influence': 0.47627449343316536, 'penalty_k': 0.09578644479874496, 'scale_lr': 0.16140804522027255}. Best is trial 62 with value: 0.6568316752281912.
checkpoint_e12 window_influence: 0.51333125501955523, penalty_k: 0.07804798067452773, scale_lr: 0.18594627257621935, AUC: 0.642
Trial 195 finished with value: 0.6422827509809427 and parameters: {'window_influence': 0.5133312550195552, 'penalty_k': 0.07804798067452773, 'scale_lr': 0.18594627257621935}. Best is trial 62 with value: 0.6568316752281912.
checkpoint_e12 window_influence: 0.44175262758039358, penalty_k: 0.17052687254484480, scale_lr: 0.11780904236681866, AUC: 0.642
Trial 196 finished with value: 0.6424844179756902 and parameters: {'window_influence': 0.4417526275803936, 'penalty_k': 0.1705268725448448, 'scale_lr': 0.11780904236681866}. Best is trial 62 with value: 0.6568316752281912.
checkpoint_e12 window_influence: 0.49358926291849786, penalty_k: 0.15120371545266900, scale_lr: 0.27941911070936104, AUC: 0.647
Trial 197 finished with value: 0.6468537816822144 and parameters: {'window_influence': 0.49358926291849786, 'penalty_k': 0.151203715452669, 'scale_lr': 0.27941911070936104}. Best is trial 62 with value: 0.6568316752281912.
checkpoint_e12 window_influence: 0.54964117436974802, penalty_k: 0.20772127861731171, scale_lr: 0.15135150446732332, AUC: 0.638
Trial 198 finished with value: 0.637703487480078 and parameters: {'window_influence': 0.549641174369748, 'penalty_k': 0.2077212786173117, 'scale_lr': 0.15135150446732332}. Best is trial 62 with value: 0.6568316752281912.
checkpoint_e12 window_influence: 0.50381952749677084, penalty_k: 0.10749885642994883, scale_lr: 0.16752940485634199, AUC: 0.646
Trial 199 finished with value: 0.6457166019158819 and parameters: {'window_influence': 0.5038195274967708, 'penalty_k': 0.10749885642994883, 'scale_lr': 0.167529404856342}. Best is trial 62 with value: 0.6568316752281912.
checkpoint_e12 window_influence: 0.48609339726848999, penalty_k: 0.14433286755506725, scale_lr: 0.13551455523458009, AUC: 0.645
Trial 200 finished with value: 0.6447562366378522 and parameters: {'window_influence': 0.48609339726849, 'penalty_k': 0.14433286755506725, 'scale_lr': 0.1355145552345801}. Best is trial 62 with value: 0.6568316752281912.
checkpoint_e12 window_influence: 0.51588575115471391, penalty_k: 0.12126195841117235, scale_lr: 0.14594950637317236, AUC: 0.651
Trial 201 finished with value: 0.6506740740775132 and parameters: {'window_influence': 0.5158857511547139, 'penalty_k': 0.12126195841117235, 'scale_lr': 0.14594950637317236}. Best is trial 62 with value: 0.6568316752281912.
checkpoint_e12 window_influence: 0.52364307995321435, penalty_k: 0.11956407051082729, scale_lr: 0.14783818492247622, AUC: 0.643
Trial 202 finished with value: 0.6431338415753132 and parameters: {'window_influence': 0.5236430799532144, 'penalty_k': 0.11956407051082729, 'scale_lr': 0.14783818492247622}. Best is trial 62 with value: 0.6568316752281912.
checkpoint_e12 window_influence: 0.53777707262696783, penalty_k: 0.12965777352352825, scale_lr: 0.11215631239921478, AUC: 0.646
Trial 203 finished with value: 0.645710852281769 and parameters: {'window_influence': 0.5377770726269678, 'penalty_k': 0.12965777352352825, 'scale_lr': 0.11215631239921478}. Best is trial 62 with value: 0.6568316752281912.
checkpoint_e12 window_influence: 0.50075658722837202, penalty_k: 0.18404721573970448, scale_lr: 0.18955295285048518, AUC: 0.642
Trial 204 finished with value: 0.64207095420528 and parameters: {'window_influence': 0.500756587228372, 'penalty_k': 0.18404721573970448, 'scale_lr': 0.18955295285048518}. Best is trial 62 with value: 0.6568316752281912.
checkpoint_e12 window_influence: 0.51427195608278997, penalty_k: 0.09582384181201313, scale_lr: 0.16247614130203553, AUC: 0.643
Trial 205 finished with value: 0.6434514831468322 and parameters: {'window_influence': 0.51427195608279, 'penalty_k': 0.09582384181201313, 'scale_lr': 0.16247614130203553}. Best is trial 62 with value: 0.6568316752281912.
checkpoint_e12 window_influence: 0.46574068328219598, penalty_k: 0.16922446799199711, scale_lr: 0.13180459819600759, AUC: 0.641
Trial 206 finished with value: 0.641432243731604 and parameters: {'window_influence': 0.465740683282196, 'penalty_k': 0.1692244679919971, 'scale_lr': 0.1318045981960076}. Best is trial 62 with value: 0.6568316752281912.
checkpoint_e12 window_influence: 0.55985557040665956, penalty_k: 0.06436467241503505, scale_lr: 0.17925521656779078, AUC: 0.642
Trial 207 finished with value: 0.6417884219750437 and parameters: {'window_influence': 0.5598555704066596, 'penalty_k': 0.06436467241503505, 'scale_lr': 0.17925521656779078}. Best is trial 62 with value: 0.6568316752281912.
checkpoint_e12 window_influence: 0.47938296229873034, penalty_k: 0.11003548922994935, scale_lr: 0.14714647265269054, AUC: 0.647
Trial 208 finished with value: 0.647321071342961 and parameters: {'window_influence': 0.47938296229873034, 'penalty_k': 0.11003548922994935, 'scale_lr': 0.14714647265269054}. Best is trial 62 with value: 0.6568316752281912.
checkpoint_e12 window_influence: 0.49918132724212494, penalty_k: 0.04788824330415423, scale_lr: 0.16273098782323323, AUC: 0.647
Trial 209 finished with value: 0.6472147215899171 and parameters: {'window_influence': 0.49918132724212494, 'penalty_k': 0.04788824330415423, 'scale_lr': 0.16273098782323323}. Best is trial 62 with value: 0.6568316752281912.
checkpoint_e12 window_influence: 0.27014081690145547, penalty_k: 0.08305392204938356, scale_lr: 0.32196754228828567, AUC: 0.641
Trial 210 finished with value: 0.6409228376088882 and parameters: {'window_influence': 0.27014081690145547, 'penalty_k': 0.08305392204938356, 'scale_lr': 0.32196754228828567}. Best is trial 62 with value: 0.6568316752281912.
checkpoint_e12 window_influence: 0.51590838775592485, penalty_k: 0.13022804124270579, scale_lr: 0.12565251056620738, AUC: 0.654
Trial 211 finished with value: 0.6537974793816665 and parameters: {'window_influence': 0.5159083877559248, 'penalty_k': 0.1302280412427058, 'scale_lr': 0.12565251056620738}. Best is trial 62 with value: 0.6568316752281912.
checkpoint_e12 window_influence: 0.51646970645306367, penalty_k: 0.13577668864907949, scale_lr: 0.12740353818962005, AUC: 0.648
Trial 212 finished with value: 0.6475752414736464 and parameters: {'window_influence': 0.5164697064530637, 'penalty_k': 0.1357766886490795, 'scale_lr': 0.12740353818962005}. Best is trial 62 with value: 0.6568316752281912.
checkpoint_e12 window_influence: 0.48803697434597315, penalty_k: 0.15711954040445936, scale_lr: 0.10011389074032986, AUC: 0.648
Trial 213 finished with value: 0.6477254576400409 and parameters: {'window_influence': 0.48803697434597315, 'penalty_k': 0.15711954040445936, 'scale_lr': 0.10011389074032986}. Best is trial 62 with value: 0.6568316752281912.
checkpoint_e12 window_influence: 0.52776098948101868, penalty_k: 0.11846462194911635, scale_lr: 0.29602809026090066, AUC: 0.648
Trial 214 finished with value: 0.647621832870318 and parameters: {'window_influence': 0.5277609894810187, 'penalty_k': 0.11846462194911635, 'scale_lr': 0.29602809026090066}. Best is trial 62 with value: 0.6568316752281912.
checkpoint_e12 window_influence: 0.50498957677696454, penalty_k: 0.14463225601979146, scale_lr: 0.14230126787798147, AUC: 0.650
Trial 215 finished with value: 0.6497860187312955 and parameters: {'window_influence': 0.5049895767769645, 'penalty_k': 0.14463225601979146, 'scale_lr': 0.14230126787798147}. Best is trial 62 with value: 0.6568316752281912.
checkpoint_e12 window_influence: 0.50964530574335898, penalty_k: 0.14782965340875179, scale_lr: 0.14021168960049793, AUC: 0.645
Trial 216 finished with value: 0.6452050165528074 and parameters: {'window_influence': 0.509645305743359, 'penalty_k': 0.1478296534087518, 'scale_lr': 0.14021168960049793}. Best is trial 62 with value: 0.6568316752281912.
checkpoint_e12 window_influence: 0.50373020783710942, penalty_k: 0.17135434411835140, scale_lr: 0.12481050497906890, AUC: 0.647
Trial 217 finished with value: 0.647417229707345 and parameters: {'window_influence': 0.5037302078371094, 'penalty_k': 0.1713543441183514, 'scale_lr': 0.1248105049790689}. Best is trial 62 with value: 0.6568316752281912.
checkpoint_e12 window_influence: 0.54064259191025044, penalty_k: 0.19374063565747779, scale_lr: 0.15145909125729212, AUC: 0.647
Trial 218 finished with value: 0.6471249332894742 and parameters: {'window_influence': 0.5406425919102504, 'penalty_k': 0.1937406356574778, 'scale_lr': 0.15145909125729212}. Best is trial 62 with value: 0.6568316752281912.
checkpoint_e12 window_influence: 0.52106284983600326, penalty_k: 0.16040638115962091, scale_lr: 0.11583688367054269, AUC: 0.644
Trial 219 finished with value: 0.6439170002356536 and parameters: {'window_influence': 0.5210628498360033, 'penalty_k': 0.16040638115962091, 'scale_lr': 0.11583688367054269}. Best is trial 62 with value: 0.6568316752281912.
checkpoint_e12 window_influence: 0.47027136089891264, penalty_k: 0.14136573249677675, scale_lr: 0.13913675542508461, AUC: 0.647
Trial 220 finished with value: 0.6467892892874255 and parameters: {'window_influence': 0.47027136089891264, 'penalty_k': 0.14136573249677675, 'scale_lr': 0.1391367554250846}. Best is trial 62 with value: 0.6568316752281912.
checkpoint_e12 window_influence: 0.49118339856367144, penalty_k: 0.12744310960957284, scale_lr: 0.17001161400943560, AUC: 0.652
Trial 221 finished with value: 0.6520742848492072 and parameters: {'window_influence': 0.49118339856367144, 'penalty_k': 0.12744310960957284, 'scale_lr': 0.1700116140094356}. Best is trial 62 with value: 0.6568316752281912.
checkpoint_e12 window_influence: 0.62490549563583209, penalty_k: 0.12888341593924507, scale_lr: 0.17612325300671408, AUC: 0.636
Trial 222 finished with value: 0.6361240156054273 and parameters: {'window_influence': 0.6249054956358321, 'penalty_k': 0.12888341593924507, 'scale_lr': 0.17612325300671408}. Best is trial 62 with value: 0.6568316752281912.
checkpoint_e12 window_influence: 0.49809159702002359, penalty_k: 0.17742758640851802, scale_lr: 0.15694612944338054, AUC: 0.647
Trial 223 finished with value: 0.6472484435723896 and parameters: {'window_influence': 0.4980915970200236, 'penalty_k': 0.17742758640851802, 'scale_lr': 0.15694612944338054}. Best is trial 62 with value: 0.6568316752281912.
checkpoint_e12 window_influence: 0.48968674940550266, penalty_k: 0.57981200244240239, scale_lr: 0.16054006024127382, AUC: 0.644
Trial 224 finished with value: 0.6442897429757206 and parameters: {'window_influence': 0.48968674940550266, 'penalty_k': 0.5798120024424024, 'scale_lr': 0.16054006024127382}. Best is trial 62 with value: 0.6568316752281912.
checkpoint_e12 window_influence: 0.53203378577240301, penalty_k: 0.12680431036625184, scale_lr: 0.12514186130029883, AUC: 0.643
Trial 225 finished with value: 0.642663444921797 and parameters: {'window_influence': 0.532033785772403, 'penalty_k': 0.12680431036625184, 'scale_lr': 0.12514186130029883}. Best is trial 62 with value: 0.6568316752281912.
checkpoint_e12 window_influence: 0.58348824476251127, penalty_k: 0.13932309922929823, scale_lr: 0.17245171529743850, AUC: 0.643
Trial 226 finished with value: 0.6425840313716338 and parameters: {'window_influence': 0.5834882447625113, 'penalty_k': 0.13932309922929823, 'scale_lr': 0.1724517152974385}. Best is trial 62 with value: 0.6568316752281912.
checkpoint_e12 window_influence: 0.45565276454780246, penalty_k: 0.15731190763656641, scale_lr: 0.19272648814009394, AUC: 0.647
Trial 227 finished with value: 0.646543825364277 and parameters: {'window_influence': 0.45565276454780246, 'penalty_k': 0.1573119076365664, 'scale_lr': 0.19272648814009394}. Best is trial 62 with value: 0.6568316752281912.
checkpoint_e12 window_influence: 0.47801908425150252, penalty_k: 0.10168016443281863, scale_lr: 0.14359515319713967, AUC: 0.654
Trial 228 finished with value: 0.654483695726993 and parameters: {'window_influence': 0.4780190842515025, 'penalty_k': 0.10168016443281863, 'scale_lr': 0.14359515319713967}. Best is trial 62 with value: 0.6568316752281912.
checkpoint_e12 window_influence: 0.47602701944351794, penalty_k: 0.10169118615955064, scale_lr: 0.14238865475802789, AUC: 0.651
Trial 229 finished with value: 0.6510108855428088 and parameters: {'window_influence': 0.47602701944351794, 'penalty_k': 0.10169118615955064, 'scale_lr': 0.1423886547580279}. Best is trial 62 with value: 0.6568316752281912.
checkpoint_e12 window_influence: 0.47569233305467129, penalty_k: 0.10109377002072122, scale_lr: 0.14279121095985214, AUC: 0.646
Trial 230 finished with value: 0.6464416362552071 and parameters: {'window_influence': 0.4756923330546713, 'penalty_k': 0.10109377002072122, 'scale_lr': 0.14279121095985214}. Best is trial 62 with value: 0.6568316752281912.
checkpoint_e12 window_influence: 0.45904546923050876, penalty_k: 0.09123294829396110, scale_lr: 0.13249919823753609, AUC: 0.649
Trial 231 finished with value: 0.6486424604099877 and parameters: {'window_influence': 0.45904546923050876, 'penalty_k': 0.0912329482939611, 'scale_lr': 0.1324991982375361}. Best is trial 62 with value: 0.6568316752281912.
checkpoint_e12 window_influence: 0.48187370853290140, penalty_k: 0.10692773143830865, scale_lr: 0.11618537500106457, AUC: 0.646
Trial 232 finished with value: 0.6463880891748169 and parameters: {'window_influence': 0.4818737085329014, 'penalty_k': 0.10692773143830865, 'scale_lr': 0.11618537500106457}. Best is trial 62 with value: 0.6568316752281912.
checkpoint_e12 window_influence: 0.47412809446828258, penalty_k: 0.07834049715596031, scale_lr: 0.14513999430720800, AUC: 0.651
Trial 233 finished with value: 0.6506332306681137 and parameters: {'window_influence': 0.4741280944682826, 'penalty_k': 0.07834049715596031, 'scale_lr': 0.145139994307208}. Best is trial 62 with value: 0.6568316752281912.
checkpoint_e12 window_influence: 0.47003545008414888, penalty_k: 0.07900973356655193, scale_lr: 0.15088602833573045, AUC: 0.649
Trial 234 finished with value: 0.6485004320356168 and parameters: {'window_influence': 0.4700354500841489, 'penalty_k': 0.07900973356655193, 'scale_lr': 0.15088602833573045}. Best is trial 62 with value: 0.6568316752281912.
checkpoint_e12 window_influence: 0.44927601351946328, penalty_k: 0.08635531026663344, scale_lr: 0.14422672674864018, AUC: 0.645
Trial 235 finished with value: 0.6453229911720751 and parameters: {'window_influence': 0.4492760135194633, 'penalty_k': 0.08635531026663344, 'scale_lr': 0.14422672674864018}. Best is trial 62 with value: 0.6568316752281912.
checkpoint_e12 window_influence: 0.47585892214713377, penalty_k: 0.06377379891721287, scale_lr: 0.16069936227271614, AUC: 0.646
Trial 236 finished with value: 0.6461212909898705 and parameters: {'window_influence': 0.47585892214713377, 'penalty_k': 0.06377379891721287, 'scale_lr': 0.16069936227271614}. Best is trial 62 with value: 0.6568316752281912.
checkpoint_e12 window_influence: 0.49203762799194961, penalty_k: 0.11670780108495174, scale_lr: 0.13607134673101895, AUC: 0.644
Trial 237 finished with value: 0.6441479192159635 and parameters: {'window_influence': 0.4920376279919496, 'penalty_k': 0.11670780108495174, 'scale_lr': 0.13607134673101895}. Best is trial 62 with value: 0.6568316752281912.
checkpoint_e12 window_influence: 0.46305616745735695, penalty_k: 0.09670377772483467, scale_lr: 0.16686056203776287, AUC: 0.642
Trial 238 finished with value: 0.6417603942253768 and parameters: {'window_influence': 0.46305616745735695, 'penalty_k': 0.09670377772483467, 'scale_lr': 0.16686056203776287}. Best is trial 62 with value: 0.6568316752281912.
checkpoint_e12 window_influence: 0.50760706048631921, penalty_k: 0.07642507817347385, scale_lr: 0.15142559592029767, AUC: 0.647
Trial 239 finished with value: 0.6467001091875368 and parameters: {'window_influence': 0.5076070604863192, 'penalty_k': 0.07642507817347385, 'scale_lr': 0.15142559592029767}. Best is trial 62 with value: 0.6568316752281912.
checkpoint_e12 window_influence: 0.44068237662397619, penalty_k: 0.10484290646425548, scale_lr: 0.18422524068860946, AUC: 0.648
Trial 240 finished with value: 0.6481497746106254 and parameters: {'window_influence': 0.4406823766239762, 'penalty_k': 0.10484290646425548, 'scale_lr': 0.18422524068860946}. Best is trial 62 with value: 0.6568316752281912.
checkpoint_e12 window_influence: 0.48250431793530701, penalty_k: 0.12604081762971248, scale_lr: 0.11088304374479077, AUC: 0.642
Trial 241 finished with value: 0.6417789098132862 and parameters: {'window_influence': 0.482504317935307, 'penalty_k': 0.12604081762971248, 'scale_lr': 0.11088304374479077}. Best is trial 62 with value: 0.6568316752281912.
checkpoint_e12 window_influence: 0.49713324891954735, penalty_k: 0.14222431399493735, scale_lr: 0.12733032558282059, AUC: 0.648
Trial 242 finished with value: 0.648444015938458 and parameters: {'window_influence': 0.49713324891954735, 'penalty_k': 0.14222431399493735, 'scale_lr': 0.1273303255828206}. Best is trial 62 with value: 0.6568316752281912.
checkpoint_e12 window_influence: 0.51173809719601604, penalty_k: 0.11250312923033336, scale_lr: 0.14034749177381237, AUC: 0.656
Trial 243 finished with value: 0.6560984928541362 and parameters: {'window_influence': 0.511738097196016, 'penalty_k': 0.11250312923033336, 'scale_lr': 0.14034749177381237}. Best is trial 62 with value: 0.6568316752281912.
checkpoint_e12 window_influence: 0.51545482116671415, penalty_k: 0.11307569176265245, scale_lr: 0.14090460321945955, AUC: 0.651
Trial 244 finished with value: 0.6508934916568472 and parameters: {'window_influence': 0.5154548211667141, 'penalty_k': 0.11307569176265245, 'scale_lr': 0.14090460321945955}. Best is trial 62 with value: 0.6568316752281912.
checkpoint_e12 window_influence: 0.51657965870794709, penalty_k: 0.11640718391222214, scale_lr: 0.14211701711350214, AUC: 0.648
Trial 245 finished with value: 0.6478607664069814 and parameters: {'window_influence': 0.5165796587079471, 'penalty_k': 0.11640718391222214, 'scale_lr': 0.14211701711350214}. Best is trial 62 with value: 0.6568316752281912.
checkpoint_e12 window_influence: 0.50821041445975412, penalty_k: 0.09554466929436783, scale_lr: 0.13420409313890411, AUC: 0.645
Trial 246 finished with value: 0.6445709213266223 and parameters: {'window_influence': 0.5082104144597541, 'penalty_k': 0.09554466929436783, 'scale_lr': 0.1342040931389041}. Best is trial 62 with value: 0.6568316752281912.
checkpoint_e12 window_influence: 0.49438038079500513, penalty_k: 0.10916531893757125, scale_lr: 0.15355320667981825, AUC: 0.648
Trial 247 finished with value: 0.6479828469538548 and parameters: {'window_influence': 0.4943803807950051, 'penalty_k': 0.10916531893757125, 'scale_lr': 0.15355320667981825}. Best is trial 62 with value: 0.6568316752281912.
checkpoint_e12 window_influence: 0.47222178533488651, penalty_k: 0.11883840526796458, scale_lr: 0.75913626208071072, AUC: 0.635
