A new study created in memory with name: no-name-3b4dc36f-41f5-4ab5-8bba-e09e71d54574
checkpoint_e29 window_influence: 0.33827038904625728, penalty_k: 0.05469046335714509, scale_lr: 0.37406263213531554, AUC: 0.646
Trial 0 finished with value: 0.6464489639147407 and parameters: {'window_influence': 0.3382703890462573, 'penalty_k': 0.05469046335714509, 'scale_lr': 0.37406263213531554}. Best is trial 0 with value: 0.6464489639147407.
checkpoint_e29 window_influence: 0.37944170280708656, penalty_k: 0.10410176152855334, scale_lr: 0.26773924857449538, AUC: 0.648
Trial 1 finished with value: 0.6481895217844855 and parameters: {'window_influence': 0.37944170280708656, 'penalty_k': 0.10410176152855334, 'scale_lr': 0.2677392485744954}. Best is trial 1 with value: 0.6481895217844855.
checkpoint_e29 window_influence: 0.25248351902137822, penalty_k: 0.17342138015389905, scale_lr: 0.47973917945187539, AUC: 0.649
Trial 2 finished with value: 0.6486284432650455 and parameters: {'window_influence': 0.2524835190213782, 'penalty_k': 0.17342138015389905, 'scale_lr': 0.4797391794518754}. Best is trial 2 with value: 0.6486284432650455.
checkpoint_e29 window_influence: 0.23805001386092906, penalty_k: 0.41349516774603623, scale_lr: 0.69184895142672109, AUC: 0.640
Trial 3 finished with value: 0.6399493024638637 and parameters: {'window_influence': 0.23805001386092906, 'penalty_k': 0.41349516774603623, 'scale_lr': 0.6918489514267211}. Best is trial 2 with value: 0.6486284432650455.
checkpoint_e29 window_influence: 0.12001266614314680, penalty_k: 0.58268645834480648, scale_lr: 0.79790765486047954, AUC: 0.626
Trial 4 finished with value: 0.626394061749506 and parameters: {'window_influence': 0.1200126661431468, 'penalty_k': 0.5826864583448065, 'scale_lr': 0.7979076548604795}. Best is trial 2 with value: 0.6486284432650455.
checkpoint_e29 window_influence: 0.05962699286120583, penalty_k: 0.15669177706439083, scale_lr: 0.43465866597958813, AUC: 0.645
Trial 5 finished with value: 0.6450231488503692 and parameters: {'window_influence': 0.05962699286120583, 'penalty_k': 0.15669177706439083, 'scale_lr': 0.43465866597958813}. Best is trial 2 with value: 0.6486284432650455.
checkpoint_e29 window_influence: 0.10467374311247508, penalty_k: 0.02220420469564574, scale_lr: 0.30221486033834510, AUC: 0.642
Trial 6 finished with value: 0.6424301327584981 and parameters: {'window_influence': 0.10467374311247508, 'penalty_k': 0.022204204695645744, 'scale_lr': 0.3022148603383451}. Best is trial 2 with value: 0.6486284432650455.
checkpoint_e29 window_influence: 0.52829682349532003, penalty_k: 0.44053131052692834, scale_lr: 0.75243362234136335, AUC: 0.650
Trial 7 finished with value: 0.6502129867949199 and parameters: {'window_influence': 0.52829682349532, 'penalty_k': 0.44053131052692834, 'scale_lr': 0.7524336223413634}. Best is trial 7 with value: 0.6502129867949199.
checkpoint_e29 window_influence: 0.12375340789996496, penalty_k: 0.43370119258164147, scale_lr: 0.36482142878404933, AUC: 0.638
Trial 8 finished with value: 0.6381888769321881 and parameters: {'window_influence': 0.12375340789996496, 'penalty_k': 0.43370119258164147, 'scale_lr': 0.36482142878404933}. Best is trial 7 with value: 0.6502129867949199.
checkpoint_e29 window_influence: 0.20049700543570870, penalty_k: 0.52484871964760649, scale_lr: 0.51998430648035088, AUC: 0.636
Trial 9 finished with value: 0.6356219363144235 and parameters: {'window_influence': 0.2004970054357087, 'penalty_k': 0.5248487196476065, 'scale_lr': 0.5199843064803509}. Best is trial 7 with value: 0.6502129867949199.
checkpoint_e29 window_influence: 0.59010264567352322, penalty_k: 0.28930080285431214, scale_lr: 0.14442391379076025, AUC: 0.648
Trial 10 finished with value: 0.6477015542404895 and parameters: {'window_influence': 0.5901026456735232, 'penalty_k': 0.28930080285431214, 'scale_lr': 0.14442391379076025}. Best is trial 7 with value: 0.6502129867949199.
checkpoint_e29 window_influence: 0.57522000942347096, penalty_k: 0.25711283666591822, scale_lr: 0.56890226845693992, AUC: 0.648
Trial 11 finished with value: 0.6478483189463968 and parameters: {'window_influence': 0.575220009423471, 'penalty_k': 0.2571128366659182, 'scale_lr': 0.5689022684569399}. Best is trial 7 with value: 0.6502129867949199.
checkpoint_e29 window_influence: 0.45906200925911977, penalty_k: 0.19187864398656135, scale_lr: 0.59505249543202332, AUC: 0.653
Trial 12 finished with value: 0.6525645908756335 and parameters: {'window_influence': 0.4590620092591198, 'penalty_k': 0.19187864398656135, 'scale_lr': 0.5950524954320233}. Best is trial 12 with value: 0.6525645908756335.
checkpoint_e29 window_influence: 0.48166944241278065, penalty_k: 0.36996497388507427, scale_lr: 0.62978602685381313, AUC: 0.642
Trial 13 finished with value: 0.6415887814411048 and parameters: {'window_influence': 0.48166944241278065, 'penalty_k': 0.36996497388507427, 'scale_lr': 0.6297860268538131}. Best is trial 12 with value: 0.6525645908756335.
checkpoint_e29 window_influence: 0.49902335773923368, penalty_k: 0.23720241183284144, scale_lr: 0.72250568767102585, AUC: 0.652
Trial 14 finished with value: 0.6522982538525163 and parameters: {'window_influence': 0.4990233577392337, 'penalty_k': 0.23720241183284144, 'scale_lr': 0.7225056876710259}. Best is trial 12 with value: 0.6525645908756335.
checkpoint_e29 window_influence: 0.64430754737026907, penalty_k: 0.21715157582787772, scale_lr: 0.65154813317518712, AUC: 0.653
Trial 15 finished with value: 0.6526402777388122 and parameters: {'window_influence': 0.6443075473702691, 'penalty_k': 0.21715157582787772, 'scale_lr': 0.6515481331751871}. Best is trial 15 with value: 0.6526402777388122.
checkpoint_e29 window_influence: 0.64312424478281616, penalty_k: 0.15946420553040527, scale_lr: 0.65189642054408636, AUC: 0.645
Trial 16 finished with value: 0.6454013117050759 and parameters: {'window_influence': 0.6431242447828162, 'penalty_k': 0.15946420553040527, 'scale_lr': 0.6518964205440864}. Best is trial 15 with value: 0.6526402777388122.
checkpoint_e29 window_influence: 0.45014473366053553, penalty_k: 0.21852415858997928, scale_lr: 0.58936258818066645, AUC: 0.649
Trial 17 finished with value: 0.6492881291771517 and parameters: {'window_influence': 0.45014473366053553, 'penalty_k': 0.21852415858997928, 'scale_lr': 0.5893625881806664}. Best is trial 15 with value: 0.6526402777388122.
checkpoint_e29 window_influence: 0.64469467872833619, penalty_k: 0.35320878103165843, scale_lr: 0.56080437923529458, AUC: 0.653
Trial 18 finished with value: 0.6528685043703274 and parameters: {'window_influence': 0.6446946787283362, 'penalty_k': 0.3532087810316584, 'scale_lr': 0.5608043792352946}. Best is trial 18 with value: 0.6528685043703274.
checkpoint_e29 window_influence: 0.64562480820861357, penalty_k: 0.31275347612332927, scale_lr: 0.52720246886086075, AUC: 0.652
Trial 19 finished with value: 0.6519528505067482 and parameters: {'window_influence': 0.6456248082086136, 'penalty_k': 0.31275347612332927, 'scale_lr': 0.5272024688608608}. Best is trial 18 with value: 0.6528685043703274.
checkpoint_e29 window_influence: 0.55952468601519945, penalty_k: 0.33275224184608410, scale_lr: 0.66249156273729648, AUC: 0.648
Trial 20 finished with value: 0.6477236186028031 and parameters: {'window_influence': 0.5595246860151994, 'penalty_k': 0.3327522418460841, 'scale_lr': 0.6624915627372965}. Best is trial 18 with value: 0.6528685043703274.
checkpoint_e29 window_influence: 0.60721763516035032, penalty_k: 0.23715761843775240, scale_lr: 0.60025590658779804, AUC: 0.648
Trial 21 finished with value: 0.6478814819733398 and parameters: {'window_influence': 0.6072176351603503, 'penalty_k': 0.2371576184377524, 'scale_lr': 0.600255906587798}. Best is trial 18 with value: 0.6528685043703274.
checkpoint_e29 window_influence: 0.64662892258902560, penalty_k: 0.34403148221399937, scale_lr: 0.59014719805533045, AUC: 0.649
Trial 22 finished with value: 0.649214649100664 and parameters: {'window_influence': 0.6466289225890256, 'penalty_k': 0.3440314822139994, 'scale_lr': 0.5901471980553304}. Best is trial 18 with value: 0.6528685043703274.
checkpoint_e29 window_influence: 0.54230774114783609, penalty_k: 0.28583780478092963, scale_lr: 0.69093361849013768, AUC: 0.656
Trial 23 finished with value: 0.6560975977401736 and parameters: {'window_influence': 0.5423077411478361, 'penalty_k': 0.2858378047809296, 'scale_lr': 0.6909336184901377}. Best is trial 23 with value: 0.6560975977401736.
checkpoint_e29 window_influence: 0.54665467427875269, penalty_k: 0.28571492446715846, scale_lr: 0.69713458767003178, AUC: 0.652
Trial 24 finished with value: 0.6516196790537075 and parameters: {'window_influence': 0.5466546742787527, 'penalty_k': 0.28571492446715846, 'scale_lr': 0.6971345876700318}. Best is trial 23 with value: 0.6560975977401736.
checkpoint_e29 window_influence: 0.60071801986801598, penalty_k: 0.37426746365726582, scale_lr: 0.75902282914927421, AUC: 0.649
Trial 25 finished with value: 0.6494200839048185 and parameters: {'window_influence': 0.600718019868016, 'penalty_k': 0.3742674636572658, 'scale_lr': 0.7590228291492742}. Best is trial 23 with value: 0.6560975977401736.
checkpoint_e29 window_influence: 0.51841034550893683, penalty_k: 0.29461131984282035, scale_lr: 0.64754261414554748, AUC: 0.652
Trial 26 finished with value: 0.6518551312769358 and parameters: {'window_influence': 0.5184103455089368, 'penalty_k': 0.29461131984282035, 'scale_lr': 0.6475426141455475}. Best is trial 23 with value: 0.6560975977401736.
checkpoint_e29 window_influence: 0.61267906786776283, penalty_k: 0.26787463208669587, scale_lr: 0.69234696240068971, AUC: 0.658
Trial 27 finished with value: 0.6575504937120087 and parameters: {'window_influence': 0.6126790678677628, 'penalty_k': 0.2678746320866959, 'scale_lr': 0.6923469624006897}. Best is trial 27 with value: 0.6575504937120087.
checkpoint_e29 window_influence: 0.55407854373246790, penalty_k: 0.28028222558424160, scale_lr: 0.72173264707662443, AUC: 0.648
Trial 28 finished with value: 0.647528432602417 and parameters: {'window_influence': 0.5540785437324679, 'penalty_k': 0.2802822255842416, 'scale_lr': 0.7217326470766244}. Best is trial 27 with value: 0.6575504937120087.
checkpoint_e29 window_influence: 0.41917143543748070, penalty_k: 0.12769954365149394, scale_lr: 0.79756374916857520, AUC: 0.643
Trial 29 finished with value: 0.6432196141303274 and parameters: {'window_influence': 0.4191714354374807, 'penalty_k': 0.12769954365149394, 'scale_lr': 0.7975637491685752}. Best is trial 27 with value: 0.6575504937120087.
checkpoint_e29 window_influence: 0.51543553219263560, penalty_k: 0.25360107459903669, scale_lr: 0.53994000470229542, AUC: 0.653
Trial 30 finished with value: 0.6530488846740816 and parameters: {'window_influence': 0.5154355321926356, 'penalty_k': 0.2536010745990367, 'scale_lr': 0.5399400047022954}. Best is trial 27 with value: 0.6575504937120087.
checkpoint_e29 window_influence: 0.52146360051077589, penalty_k: 0.25164650016107254, scale_lr: 0.55664087767941073, AUC: 0.649
Trial 31 finished with value: 0.6488582013865188 and parameters: {'window_influence': 0.5214636005107759, 'penalty_k': 0.25164650016107254, 'scale_lr': 0.5566408776794107}. Best is trial 27 with value: 0.6575504937120087.
checkpoint_e29 window_influence: 0.59901157611041955, penalty_k: 0.32150642883305780, scale_lr: 0.52042682901647574, AUC: 0.649
Trial 32 finished with value: 0.6493428402491805 and parameters: {'window_influence': 0.5990115761104196, 'penalty_k': 0.3215064288330578, 'scale_lr': 0.5204268290164757}. Best is trial 27 with value: 0.6575504937120087.
checkpoint_e29 window_influence: 0.39027532516061170, penalty_k: 0.20468441270445364, scale_lr: 0.47119022337526689, AUC: 0.656
Trial 33 finished with value: 0.6557268786630073 and parameters: {'window_influence': 0.3902753251606117, 'penalty_k': 0.20468441270445364, 'scale_lr': 0.4711902233752669}. Best is trial 27 with value: 0.6575504937120087.
checkpoint_e29 window_influence: 0.35101265536501253, penalty_k: 0.20035510135361140, scale_lr: 0.48350014809020825, AUC: 0.650
Trial 34 finished with value: 0.6498633832226497 and parameters: {'window_influence': 0.3510126553650125, 'penalty_k': 0.2003551013536114, 'scale_lr': 0.48350014809020825}. Best is trial 27 with value: 0.6575504937120087.
checkpoint_e29 window_influence: 0.38619820696542473, penalty_k: 0.09431540450130151, scale_lr: 0.43325065305391813, AUC: 0.647
Trial 35 finished with value: 0.6473205317044015 and parameters: {'window_influence': 0.38619820696542473, 'penalty_k': 0.0943154045013015, 'scale_lr': 0.43325065305391813}. Best is trial 27 with value: 0.6575504937120087.
checkpoint_e29 window_influence: 0.49115460641488651, penalty_k: 0.18876216587454858, scale_lr: 0.48134587932752182, AUC: 0.651
Trial 36 finished with value: 0.6505786538754481 and parameters: {'window_influence': 0.4911546064148865, 'penalty_k': 0.18876216587454858, 'scale_lr': 0.4813458793275218}. Best is trial 27 with value: 0.6575504937120087.
checkpoint_e29 window_influence: 0.42269975183160452, penalty_k: 0.25731369915953639, scale_lr: 0.67572434888419097, AUC: 0.651
Trial 37 finished with value: 0.6514699098343882 and parameters: {'window_influence': 0.4226997518316045, 'penalty_k': 0.2573136991595364, 'scale_lr': 0.675724348884191}. Best is trial 27 with value: 0.6575504937120087.
checkpoint_e29 window_influence: 0.31450980287044072, penalty_k: 0.15782303516606580, scale_lr: 0.62684437578796282, AUC: 0.640
Trial 38 finished with value: 0.6396086310668101 and parameters: {'window_influence': 0.3145098028704407, 'penalty_k': 0.1578230351660658, 'scale_lr': 0.6268443757879628}. Best is trial 27 with value: 0.6575504937120087.
checkpoint_e29 window_influence: 0.52859199836691328, penalty_k: 0.11706946802426532, scale_lr: 0.41795923039984834, AUC: 0.666
Trial 39 finished with value: 0.6660677262260636 and parameters: {'window_influence': 0.5285919983669133, 'penalty_k': 0.11706946802426532, 'scale_lr': 0.41795923039984834}. Best is trial 39 with value: 0.6660677262260636.
checkpoint_e29 window_influence: 0.54371232037516237, penalty_k: 0.06805818420672113, scale_lr: 0.39314267281735166, AUC: 0.653
Trial 40 finished with value: 0.6533088523259091 and parameters: {'window_influence': 0.5437123203751624, 'penalty_k': 0.06805818420672113, 'scale_lr': 0.39314267281735166}. Best is trial 39 with value: 0.6660677262260636.
checkpoint_e29 window_influence: 0.54442432520129180, penalty_k: 0.07664547262297081, scale_lr: 0.39833536640893996, AUC: 0.655
Trial 41 finished with value: 0.6547480544964743 and parameters: {'window_influence': 0.5444243252012918, 'penalty_k': 0.0766454726229708, 'scale_lr': 0.39833536640893996}. Best is trial 39 with value: 0.6660677262260636.
checkpoint_e29 window_influence: 0.57046053332347701, penalty_k: 0.12255867676912734, scale_lr: 0.34975177661070189, AUC: 0.655
Trial 42 finished with value: 0.6552119385694534 and parameters: {'window_influence': 0.570460533323477, 'penalty_k': 0.12255867676912734, 'scale_lr': 0.3497517766107019}. Best is trial 39 with value: 0.6660677262260636.
checkpoint_e29 window_influence: 0.56365050474494127, penalty_k: 0.11964460348112035, scale_lr: 0.35373017862472694, AUC: 0.654
Trial 43 finished with value: 0.6539492479987178 and parameters: {'window_influence': 0.5636505047449413, 'penalty_k': 0.11964460348112035, 'scale_lr': 0.35373017862472694}. Best is trial 39 with value: 0.6660677262260636.
checkpoint_e29 window_influence: 0.58119804334069669, penalty_k: 0.03365172571722416, scale_lr: 0.30984276745502604, AUC: 0.655
Trial 44 finished with value: 0.6552683269979941 and parameters: {'window_influence': 0.5811980433406967, 'penalty_k': 0.03365172571722416, 'scale_lr': 0.30984276745502604}. Best is trial 39 with value: 0.6660677262260636.
checkpoint_e29 window_influence: 0.60257656241492730, penalty_k: 0.01280254364393113, scale_lr: 0.29130463470636697, AUC: 0.657
Trial 45 finished with value: 0.6569182784850511 and parameters: {'window_influence': 0.6025765624149273, 'penalty_k': 0.01280254364393113, 'scale_lr': 0.29130463470636697}. Best is trial 39 with value: 0.6660677262260636.
checkpoint_e29 window_influence: 0.61004030734323011, penalty_k: 0.00547820612822415, scale_lr: 0.24020853425638697, AUC: 0.649
Trial 46 finished with value: 0.6493465447910252 and parameters: {'window_influence': 0.6100403073432301, 'penalty_k': 0.005478206128224151, 'scale_lr': 0.24020853425638697}. Best is trial 39 with value: 0.6660677262260636.
checkpoint_e29 window_influence: 0.46711774397680439, penalty_k: 0.06441511034750229, scale_lr: 0.45352126156036626, AUC: 0.649
Trial 47 finished with value: 0.6487701053701087 and parameters: {'window_influence': 0.4671177439768044, 'penalty_k': 0.06441511034750229, 'scale_lr': 0.45352126156036626}. Best is trial 39 with value: 0.6660677262260636.
checkpoint_e29 window_influence: 0.50420622341019006, penalty_k: 0.03369430384934167, scale_lr: 0.26858013698316452, AUC: 0.656
Trial 48 finished with value: 0.6560404131308201 and parameters: {'window_influence': 0.5042062234101901, 'penalty_k': 0.03369430384934167, 'scale_lr': 0.2685801369831645}. Best is trial 39 with value: 0.6660677262260636.
checkpoint_e29 window_influence: 0.49846563354003443, penalty_k: 0.04105218161938772, scale_lr: 0.23708706686129322, AUC: 0.652
Trial 49 finished with value: 0.6516919454912662 and parameters: {'window_influence': 0.4984656335400344, 'penalty_k': 0.04105218161938772, 'scale_lr': 0.23708706686129322}. Best is trial 39 with value: 0.6660677262260636.
checkpoint_e29 window_influence: 0.61384275395335663, penalty_k: 0.00791092147959251, scale_lr: 0.31712754866065906, AUC: 0.657
Trial 50 finished with value: 0.6565556243936969 and parameters: {'window_influence': 0.6138427539533566, 'penalty_k': 0.007910921479592506, 'scale_lr': 0.31712754866065906}. Best is trial 39 with value: 0.6660677262260636.
checkpoint_e29 window_influence: 0.61636680000626187, penalty_k: 0.01151715556518181, scale_lr: 0.29983198585800225, AUC: 0.648
Trial 51 finished with value: 0.6483355089154407 and parameters: {'window_influence': 0.6163668000062619, 'penalty_k': 0.011517155565181805, 'scale_lr': 0.29983198585800225}. Best is trial 39 with value: 0.6660677262260636.
checkpoint_e29 window_influence: 0.58445419677771704, penalty_k: 0.00076459968572871, scale_lr: 0.32701184476122236, AUC: 0.652
Trial 52 finished with value: 0.6521760483644524 and parameters: {'window_influence': 0.584454196777717, 'penalty_k': 0.0007645996857287059, 'scale_lr': 0.32701184476122236}. Best is trial 39 with value: 0.6660677262260636.
checkpoint_e29 window_influence: 0.62563535715431007, penalty_k: 0.04051996760108521, scale_lr: 0.26713299419327829, AUC: 0.649
Trial 53 finished with value: 0.649337807505291 and parameters: {'window_influence': 0.6256353571543101, 'penalty_k': 0.040519967601085206, 'scale_lr': 0.2671329941932783}. Best is trial 39 with value: 0.6660677262260636.
checkpoint_e29 window_influence: 0.58259621654767757, penalty_k: 0.05080750412580049, scale_lr: 0.38389533591354974, AUC: 0.645
Trial 54 finished with value: 0.6449398936227174 and parameters: {'window_influence': 0.5825962165476776, 'penalty_k': 0.05080750412580049, 'scale_lr': 0.38389533591354974}. Best is trial 39 with value: 0.6660677262260636.
checkpoint_e29 window_influence: 0.61313580216344443, penalty_k: 0.02007052552627590, scale_lr: 0.19884957308421880, AUC: 0.651
Trial 55 finished with value: 0.6505620217158796 and parameters: {'window_influence': 0.6131358021634444, 'penalty_k': 0.020070525526275897, 'scale_lr': 0.1988495730842188}. Best is trial 39 with value: 0.6660677262260636.
checkpoint_e29 window_influence: 0.53514811078090774, penalty_k: 0.03318856190747756, scale_lr: 0.28207447341503572, AUC: 0.663
Trial 56 finished with value: 0.6630311765207377 and parameters: {'window_influence': 0.5351481107809077, 'penalty_k': 0.03318856190747756, 'scale_lr': 0.2820744734150357}. Best is trial 39 with value: 0.6660677262260636.
checkpoint_e29 window_influence: 0.53480265653167891, penalty_k: 0.08253162690965142, scale_lr: 0.41219053845669307, AUC: 0.655
Trial 57 finished with value: 0.6552256541514365 and parameters: {'window_influence': 0.5348026565316789, 'penalty_k': 0.08253162690965142, 'scale_lr': 0.41219053845669307}. Best is trial 39 with value: 0.6660677262260636.
checkpoint_e29 window_influence: 0.55955406800718910, penalty_k: 0.09162634032901323, scale_lr: 0.36911000861359489, AUC: 0.651
Trial 58 finished with value: 0.6511900407489252 and parameters: {'window_influence': 0.5595540680071891, 'penalty_k': 0.09162634032901323, 'scale_lr': 0.3691100086135949}. Best is trial 39 with value: 0.6660677262260636.
checkpoint_e29 window_influence: 0.53457334693348824, penalty_k: 0.05566875691373614, scale_lr: 0.42312660128453494, AUC: 0.650
Trial 59 finished with value: 0.6496620667463991 and parameters: {'window_influence': 0.5345733469334882, 'penalty_k': 0.05566875691373614, 'scale_lr': 0.42312660128453494}. Best is trial 39 with value: 0.6660677262260636.
checkpoint_e29 window_influence: 0.62775030545761556, penalty_k: 0.14603202988305955, scale_lr: 0.34237261128528618, AUC: 0.644
Trial 60 finished with value: 0.6443438277376702 and parameters: {'window_influence': 0.6277503054576156, 'penalty_k': 0.14603202988305955, 'scale_lr': 0.3423726112852862}. Best is trial 39 with value: 0.6660677262260636.
checkpoint_e29 window_influence: 0.58978039526216053, penalty_k: 0.02170927441910546, scale_lr: 0.27576265415755974, AUC: 0.653
Trial 61 finished with value: 0.6534066310446031 and parameters: {'window_influence': 0.5897803952621605, 'penalty_k': 0.021709274419105463, 'scale_lr': 0.27576265415755974}. Best is trial 39 with value: 0.6660677262260636.
checkpoint_e29 window_influence: 0.50265123761400621, penalty_k: 0.03054660816640678, scale_lr: 0.31627945666781754, AUC: 0.653
