Trial 310 finished with value: 0.6442676568579679 and parameters: {'window_influence': 0.5133153494750744, 'penalty_k': 0.12997272408132865, 'scale_lr': 0.166655183511699}. Best is trial 285 with value: 0.6572585472759724.
checkpoint_e12 window_influence: 0.54863927711042726, penalty_k: 0.14245889205087514, scale_lr: 0.14620825338491661, AUC: 0.645
Trial 311 finished with value: 0.6454777442648459 and parameters: {'window_influence': 0.5486392771104273, 'penalty_k': 0.14245889205087514, 'scale_lr': 0.1462082533849166}. Best is trial 285 with value: 0.6572585472759724.
checkpoint_e12 window_influence: 0.13135741504061241, penalty_k: 0.07493893044544553, scale_lr: 0.11809985957816095, AUC: 0.630
Trial 312 finished with value: 0.6295238915933127 and parameters: {'window_influence': 0.1313574150406124, 'penalty_k': 0.07493893044544553, 'scale_lr': 0.11809985957816095}. Best is trial 285 with value: 0.6572585472759724.
checkpoint_e12 window_influence: 0.45644717768342563, penalty_k: 0.11741439911493347, scale_lr: 0.36437396088165558, AUC: 0.647
Trial 313 finished with value: 0.6467205164930169 and parameters: {'window_influence': 0.45644717768342563, 'penalty_k': 0.11741439911493347, 'scale_lr': 0.3643739608816556}. Best is trial 285 with value: 0.6572585472759724.
checkpoint_e12 window_influence: 0.49195068123530050, penalty_k: 0.12827531615644056, scale_lr: 0.17001299834833999, AUC: 0.648
Trial 314 finished with value: 0.647697718084587 and parameters: {'window_influence': 0.4919506812353005, 'penalty_k': 0.12827531615644056, 'scale_lr': 0.17001299834834}. Best is trial 285 with value: 0.6572585472759724.
checkpoint_e12 window_influence: 0.28366265052629108, penalty_k: 0.31161722356518889, scale_lr: 0.23682008655323328, AUC: 0.640
Trial 315 finished with value: 0.640369558630303 and parameters: {'window_influence': 0.2836626505262911, 'penalty_k': 0.3116172235651889, 'scale_lr': 0.23682008655323328}. Best is trial 285 with value: 0.6572585472759724.
checkpoint_e12 window_influence: 0.47924496477287842, penalty_k: 0.30537572809223379, scale_lr: 0.13512361039352563, AUC: 0.648
Trial 316 finished with value: 0.6479849562126987 and parameters: {'window_influence': 0.4792449647728784, 'penalty_k': 0.3053757280922338, 'scale_lr': 0.13512361039352563}. Best is trial 285 with value: 0.6572585472759724.
checkpoint_e12 window_influence: 0.50092854091364503, penalty_k: 0.14824199996373208, scale_lr: 0.25923223483251595, AUC: 0.647
Trial 317 finished with value: 0.6473462331810733 and parameters: {'window_influence': 0.500928540913645, 'penalty_k': 0.14824199996373208, 'scale_lr': 0.25923223483251595}. Best is trial 285 with value: 0.6572585472759724.
checkpoint_e12 window_influence: 0.42132450640705571, penalty_k: 0.10605011397366096, scale_lr: 0.15747830673695060, AUC: 0.640
Trial 318 finished with value: 0.6400131174050806 and parameters: {'window_influence': 0.4213245064070557, 'penalty_k': 0.10605011397366096, 'scale_lr': 0.1574783067369506}. Best is trial 285 with value: 0.6572585472759724.
checkpoint_e12 window_influence: 0.53303401351599988, penalty_k: 0.13398692609310967, scale_lr: 0.47300119571463489, AUC: 0.647
Trial 319 finished with value: 0.6472859677651237 and parameters: {'window_influence': 0.5330340135159999, 'penalty_k': 0.13398692609310967, 'scale_lr': 0.4730011957146349}. Best is trial 285 with value: 0.6572585472759724.
checkpoint_e12 window_influence: 0.51142546576294379, penalty_k: 0.15559051107411223, scale_lr: 0.18093307573033135, AUC: 0.644
Trial 320 finished with value: 0.6437759431079241 and parameters: {'window_influence': 0.5114254657629438, 'penalty_k': 0.15559051107411223, 'scale_lr': 0.18093307573033135}. Best is trial 285 with value: 0.6572585472759724.
checkpoint_e12 window_influence: 0.46579003351031595, penalty_k: 0.08544593662816957, scale_lr: 0.11544458224627760, AUC: 0.647
Trial 321 finished with value: 0.6471167968124099 and parameters: {'window_influence': 0.46579003351031595, 'penalty_k': 0.08544593662816957, 'scale_lr': 0.1154445822462776}. Best is trial 285 with value: 0.6572585472759724.
checkpoint_e12 window_influence: 0.48690034554879630, penalty_k: 0.11641739239774698, scale_lr: 0.14648356197016757, AUC: 0.653
Trial 322 finished with value: 0.6534564511538593 and parameters: {'window_influence': 0.4869003455487963, 'penalty_k': 0.11641739239774698, 'scale_lr': 0.14648356197016757}. Best is trial 285 with value: 0.6572585472759724.
checkpoint_e12 window_influence: 0.49043145453903070, penalty_k: 0.11498387482483217, scale_lr: 0.13723996176453496, AUC: 0.643
Trial 323 finished with value: 0.6431729572363195 and parameters: {'window_influence': 0.4904314545390307, 'penalty_k': 0.11498387482483217, 'scale_lr': 0.13723996176453496}. Best is trial 285 with value: 0.6572585472759724.
checkpoint_e12 window_influence: 0.44002153975436459, penalty_k: 0.10026262526766147, scale_lr: 0.15138373093677787, AUC: 0.647
Trial 324 finished with value: 0.6471368219087319 and parameters: {'window_influence': 0.4400215397543646, 'penalty_k': 0.10026262526766147, 'scale_lr': 0.15138373093677787}. Best is trial 285 with value: 0.6572585472759724.
checkpoint_e12 window_influence: 0.52444602370987503, penalty_k: 0.12316933076283788, scale_lr: 0.34767587969046360, AUC: 0.647
Trial 325 finished with value: 0.647421600023495 and parameters: {'window_influence': 0.524446023709875, 'penalty_k': 0.12316933076283788, 'scale_lr': 0.3476758796904636}. Best is trial 285 with value: 0.6572585472759724.
checkpoint_e12 window_influence: 0.47482442120266349, penalty_k: 0.06600550432549268, scale_lr: 0.37899874207953876, AUC: 0.649
Trial 326 finished with value: 0.648959143453589 and parameters: {'window_influence': 0.4748244212026635, 'penalty_k': 0.06600550432549268, 'scale_lr': 0.37899874207953876}. Best is trial 285 with value: 0.6572585472759724.
checkpoint_e12 window_influence: 0.50705906489520192, penalty_k: 0.04203546401260309, scale_lr: 0.12275546653594471, AUC: 0.648
Trial 327 finished with value: 0.6484921046197765 and parameters: {'window_influence': 0.5070590648952019, 'penalty_k': 0.04203546401260309, 'scale_lr': 0.12275546653594471}. Best is trial 285 with value: 0.6572585472759724.
checkpoint_e12 window_influence: 0.45956933593462684, penalty_k: 0.13600294111926242, scale_lr: 0.13792313702184997, AUC: 0.644
Trial 328 finished with value: 0.6440071741776607 and parameters: {'window_influence': 0.45956933593462684, 'penalty_k': 0.13600294111926242, 'scale_lr': 0.13792313702184997}. Best is trial 285 with value: 0.6572585472759724.
checkpoint_e12 window_influence: 0.63478293803726138, penalty_k: 0.09664647103752008, scale_lr: 0.10125680089652891, AUC: 0.629
Trial 329 finished with value: 0.6291366811649689 and parameters: {'window_influence': 0.6347829380372614, 'penalty_k': 0.09664647103752008, 'scale_lr': 0.10125680089652891}. Best is trial 285 with value: 0.6572585472759724.
checkpoint_e12 window_influence: 0.35337588772530837, penalty_k: 0.11341793877849433, scale_lr: 0.15357875185528902, AUC: 0.645
Trial 330 finished with value: 0.6452830470260833 and parameters: {'window_influence': 0.35337588772530837, 'penalty_k': 0.11341793877849433, 'scale_lr': 0.15357875185528902}. Best is trial 285 with value: 0.6572585472759724.
checkpoint_e12 window_influence: 0.49561753354284843, penalty_k: 0.07981938844598602, scale_lr: 0.12578001037769809, AUC: 0.646
Trial 331 finished with value: 0.6455208296492293 and parameters: {'window_influence': 0.49561753354284843, 'penalty_k': 0.07981938844598602, 'scale_lr': 0.1257800103776981}. Best is trial 285 with value: 0.6572585472759724.
checkpoint_e12 window_influence: 0.48511295219758649, penalty_k: 0.05170119233155637, scale_lr: 0.44279023770963688, AUC: 0.644
Trial 332 finished with value: 0.6442272358857173 and parameters: {'window_influence': 0.4851129521975865, 'penalty_k': 0.051701192331556366, 'scale_lr': 0.4427902377096369}. Best is trial 285 with value: 0.6572585472759724.
checkpoint_e12 window_influence: 0.37452637349206314, penalty_k: 0.10523309553235935, scale_lr: 0.60407226137975978, AUC: 0.638
Trial 333 finished with value: 0.6381101655709489 and parameters: {'window_influence': 0.37452637349206314, 'penalty_k': 0.10523309553235935, 'scale_lr': 0.6040722613797598}. Best is trial 285 with value: 0.6572585472759724.
checkpoint_e12 window_influence: 0.31886494529522058, penalty_k: 0.50000763443851093, scale_lr: 0.28822872329193872, AUC: 0.644
Trial 334 finished with value: 0.6438814478469569 and parameters: {'window_influence': 0.3188649452952206, 'penalty_k': 0.5000076344385109, 'scale_lr': 0.2882287232919387}. Best is trial 285 with value: 0.6572585472759724.
checkpoint_e12 window_influence: 0.51727921783299591, penalty_k: 0.12525022551092482, scale_lr: 0.14332043290735849, AUC: 0.647
Trial 335 finished with value: 0.6470323414031905 and parameters: {'window_influence': 0.5172792178329959, 'penalty_k': 0.12525022551092482, 'scale_lr': 0.1433204329073585}. Best is trial 285 with value: 0.6572585472759724.
checkpoint_e12 window_influence: 0.54376173608430767, penalty_k: 0.27442585559719479, scale_lr: 0.16405810420863715, AUC: 0.641
Trial 336 finished with value: 0.6405986465449695 and parameters: {'window_influence': 0.5437617360843077, 'penalty_k': 0.2744258555971948, 'scale_lr': 0.16405810420863715}. Best is trial 285 with value: 0.6572585472759724.
checkpoint_e12 window_influence: 0.44961550820071050, penalty_k: 0.30223644690347162, scale_lr: 0.11190970875965058, AUC: 0.641
Trial 337 finished with value: 0.641177212087058 and parameters: {'window_influence': 0.4496155082007105, 'penalty_k': 0.3022364469034716, 'scale_lr': 0.11190970875965058}. Best is trial 285 with value: 0.6572585472759724.
checkpoint_e12 window_influence: 0.59605940787179135, penalty_k: 0.14873181308673306, scale_lr: 0.13139965297650669, AUC: 0.636
Trial 338 finished with value: 0.6355538187999019 and parameters: {'window_influence': 0.5960594078717913, 'penalty_k': 0.14873181308673306, 'scale_lr': 0.1313996529765067}. Best is trial 285 with value: 0.6572585472759724.
checkpoint_e12 window_influence: 0.47031867979777181, penalty_k: 0.09401101119868185, scale_lr: 0.41359084947730113, AUC: 0.645
Trial 339 finished with value: 0.6448862285993036 and parameters: {'window_influence': 0.4703186797977718, 'penalty_k': 0.09401101119868185, 'scale_lr': 0.4135908494773011}. Best is trial 285 with value: 0.6572585472759724.
checkpoint_e12 window_influence: 0.34450981440396594, penalty_k: 0.13881493529754363, scale_lr: 0.15278874712988677, AUC: 0.637
Trial 340 finished with value: 0.6367969448103209 and parameters: {'window_influence': 0.34450981440396594, 'penalty_k': 0.13881493529754363, 'scale_lr': 0.15278874712988677}. Best is trial 285 with value: 0.6572585472759724.
checkpoint_e12 window_influence: 0.50247408611928324, penalty_k: 0.11869378701559934, scale_lr: 0.31254387128599886, AUC: 0.646
Trial 341 finished with value: 0.6455256479713708 and parameters: {'window_influence': 0.5024740861192832, 'penalty_k': 0.11869378701559934, 'scale_lr': 0.31254387128599886}. Best is trial 285 with value: 0.6572585472759724.
checkpoint_e12 window_influence: 0.48296628059070412, penalty_k: 0.25199948953632229, scale_lr: 0.18157875219717765, AUC: 0.650
Trial 342 finished with value: 0.6501926916763676 and parameters: {'window_influence': 0.4829662805907041, 'penalty_k': 0.2519994895363223, 'scale_lr': 0.18157875219717765}. Best is trial 285 with value: 0.6572585472759724.
checkpoint_e12 window_influence: 0.53029440698902863, penalty_k: 0.55032897364607714, scale_lr: 0.16756756536320591, AUC: 0.643
Trial 343 finished with value: 0.6425356003620395 and parameters: {'window_influence': 0.5302944069890286, 'penalty_k': 0.5503289736460771, 'scale_lr': 0.1675675653632059}. Best is trial 285 with value: 0.6572585472759724.
checkpoint_e12 window_influence: 0.24145075568548463, penalty_k: 0.10871457492975968, scale_lr: 0.14239273629049587, AUC: 0.636
Trial 344 finished with value: 0.636400760485296 and parameters: {'window_influence': 0.24145075568548463, 'penalty_k': 0.10871457492975968, 'scale_lr': 0.14239273629049587}. Best is trial 285 with value: 0.6572585472759724.
checkpoint_e12 window_influence: 0.49789592638897823, penalty_k: 0.07368080286418491, scale_lr: 0.12447401243782873, AUC: 0.648
Trial 345 finished with value: 0.6479907750703561 and parameters: {'window_influence': 0.4978959263889782, 'penalty_k': 0.07368080286418491, 'scale_lr': 0.12447401243782873}. Best is trial 285 with value: 0.6572585472759724.
checkpoint_e12 window_influence: 0.46769294265526573, penalty_k: 0.16227556805264340, scale_lr: 0.50776050417388530, AUC: 0.643
Trial 346 finished with value: 0.6432834667348527 and parameters: {'window_influence': 0.46769294265526573, 'penalty_k': 0.1622755680526434, 'scale_lr': 0.5077605041738853}. Best is trial 285 with value: 0.6572585472759724.
checkpoint_e12 window_influence: 0.51581612899675566, penalty_k: 0.09358288423077801, scale_lr: 0.42571689377449373, AUC: 0.649
Trial 347 finished with value: 0.648718761912412 and parameters: {'window_influence': 0.5158161289967557, 'penalty_k': 0.09358288423077801, 'scale_lr': 0.42571689377449373}. Best is trial 285 with value: 0.6572585472759724.
checkpoint_e12 window_influence: 0.48547149899827757, penalty_k: 0.13013953161285005, scale_lr: 0.30673160527687315, AUC: 0.645
Trial 348 finished with value: 0.6451085328311892 and parameters: {'window_influence': 0.4854714989982776, 'penalty_k': 0.13013953161285005, 'scale_lr': 0.30673160527687315}. Best is trial 285 with value: 0.6572585472759724.
checkpoint_e12 window_influence: 0.56244114605918982, penalty_k: 0.39229338755269583, scale_lr: 0.19330881568505448, AUC: 0.633
Trial 349 finished with value: 0.6328764104099899 and parameters: {'window_influence': 0.5624411460591898, 'penalty_k': 0.3922933875526958, 'scale_lr': 0.19330881568505448}. Best is trial 285 with value: 0.6572585472759724.
checkpoint_e12 window_influence: 0.45296375715919063, penalty_k: 0.14514092686718885, scale_lr: 0.15732779260056676, AUC: 0.642
Trial 350 finished with value: 0.6419883540574692 and parameters: {'window_influence': 0.4529637571591906, 'penalty_k': 0.14514092686718885, 'scale_lr': 0.15732779260056676}. Best is trial 285 with value: 0.6572585472759724.
checkpoint_e12 window_influence: 0.50515942309205386, penalty_k: 0.11694076308813221, scale_lr: 0.40727092707297430, AUC: 0.643
Trial 351 finished with value: 0.6426037436637566 and parameters: {'window_influence': 0.5051594230920539, 'penalty_k': 0.11694076308813221, 'scale_lr': 0.4072709270729743}. Best is trial 285 with value: 0.6572585472759724.
checkpoint_e12 window_influence: 0.47636205550488203, penalty_k: 0.08163214154898595, scale_lr: 0.13587596175925384, AUC: 0.646
Trial 352 finished with value: 0.6456697203187779 and parameters: {'window_influence': 0.47636205550488203, 'penalty_k': 0.08163214154898595, 'scale_lr': 0.13587596175925384}. Best is trial 285 with value: 0.6572585472759724.
checkpoint_e12 window_influence: 0.49612085925489224, penalty_k: 0.13095237981613686, scale_lr: 0.11264310767620869, AUC: 0.647
Trial 353 finished with value: 0.6467783688287725 and parameters: {'window_influence': 0.49612085925489224, 'penalty_k': 0.13095237981613686, 'scale_lr': 0.11264310767620869}. Best is trial 285 with value: 0.6572585472759724.
checkpoint_e12 window_influence: 0.42810955588674127, penalty_k: 0.06049456607863257, scale_lr: 0.17478951892712097, AUC: 0.644
Trial 354 finished with value: 0.6440110937597918 and parameters: {'window_influence': 0.42810955588674127, 'penalty_k': 0.060494566078632565, 'scale_lr': 0.17478951892712097}. Best is trial 285 with value: 0.6572585472759724.
checkpoint_e12 window_influence: 0.36378061546365492, penalty_k: 0.10588060732103993, scale_lr: 0.14704304583068889, AUC: 0.640
Trial 355 finished with value: 0.6399609236462029 and parameters: {'window_influence': 0.3637806154636549, 'penalty_k': 0.10588060732103993, 'scale_lr': 0.1470430458306889}. Best is trial 285 with value: 0.6572585472759724.
checkpoint_e12 window_influence: 0.52532459673155063, penalty_k: 0.24360672516070336, scale_lr: 0.12698099234088528, AUC: 0.644
Trial 356 finished with value: 0.6436242877201678 and parameters: {'window_influence': 0.5253245967315506, 'penalty_k': 0.24360672516070336, 'scale_lr': 0.12698099234088528}. Best is trial 285 with value: 0.6572585472759724.
checkpoint_e12 window_influence: 0.46167081117935566, penalty_k: 0.16388106771374958, scale_lr: 0.15950121265351527, AUC: 0.642
Trial 357 finished with value: 0.6424621738383092 and parameters: {'window_influence': 0.46167081117935566, 'penalty_k': 0.16388106771374958, 'scale_lr': 0.15950121265351527}. Best is trial 285 with value: 0.6572585472759724.
checkpoint_e12 window_influence: 0.51108006848687704, penalty_k: 0.47197817517035079, scale_lr: 0.22673337885692657, AUC: 0.638
Trial 358 finished with value: 0.6383196478449166 and parameters: {'window_influence': 0.511080068486877, 'penalty_k': 0.4719781751703508, 'scale_lr': 0.22673337885692657}. Best is trial 285 with value: 0.6572585472759724.
checkpoint_e12 window_influence: 0.48758371846241733, penalty_k: 0.11946465848959728, scale_lr: 0.24886338847307213, AUC: 0.645
Trial 359 finished with value: 0.6451994943824207 and parameters: {'window_influence': 0.4875837184624173, 'penalty_k': 0.11946465848959728, 'scale_lr': 0.24886338847307213}. Best is trial 285 with value: 0.6572585472759724.
checkpoint_e12 window_influence: 0.47663941598630216, penalty_k: 0.09177784703862610, scale_lr: 0.28501014468649627, AUC: 0.648
Trial 360 finished with value: 0.6481408149899834 and parameters: {'window_influence': 0.47663941598630216, 'penalty_k': 0.0917778470386261, 'scale_lr': 0.28501014468649627}. Best is trial 285 with value: 0.6572585472759724.
checkpoint_e12 window_influence: 0.55137920165709187, penalty_k: 0.15144110056985133, scale_lr: 0.14258476141286094, AUC: 0.641
Trial 361 finished with value: 0.6410859777929742 and parameters: {'window_influence': 0.5513792016570919, 'penalty_k': 0.15144110056985133, 'scale_lr': 0.14258476141286094}. Best is trial 285 with value: 0.6572585472759724.
checkpoint_e12 window_influence: 0.40784327638894285, penalty_k: 0.13601261026958483, scale_lr: 0.10101734616851640, AUC: 0.640
Trial 362 finished with value: 0.6399652342284194 and parameters: {'window_influence': 0.40784327638894285, 'penalty_k': 0.13601261026958483, 'scale_lr': 0.1010173461685164}. Best is trial 285 with value: 0.6572585472759724.
checkpoint_e12 window_influence: 0.53375496059446226, penalty_k: 0.10360005968386302, scale_lr: 0.38502388571099988, AUC: 0.646
Trial 363 finished with value: 0.646254763201081 and parameters: {'window_influence': 0.5337549605944623, 'penalty_k': 0.10360005968386302, 'scale_lr': 0.3850238857109999}. Best is trial 285 with value: 0.6572585472759724.
checkpoint_e12 window_influence: 0.43947542728020256, penalty_k: 0.32468750838695859, scale_lr: 0.18899743783271411, AUC: 0.643
Trial 364 finished with value: 0.6432293711835942 and parameters: {'window_influence': 0.43947542728020256, 'penalty_k': 0.3246875083869586, 'scale_lr': 0.1889974378327141}. Best is trial 285 with value: 0.6572585472759724.
checkpoint_e12 window_influence: 0.50017827027037187, penalty_k: 0.22545282774600550, scale_lr: 0.20699801945132806, AUC: 0.646
Trial 365 finished with value: 0.6458782528603513 and parameters: {'window_influence': 0.5001782702703719, 'penalty_k': 0.2254528277460055, 'scale_lr': 0.20699801945132806}. Best is trial 285 with value: 0.6572585472759724.
checkpoint_e12 window_influence: 0.51692071054863675, penalty_k: 0.28920038721100988, scale_lr: 0.11905723361041450, AUC: 0.645
Trial 366 finished with value: 0.6448302135255132 and parameters: {'window_influence': 0.5169207105486368, 'penalty_k': 0.2892003872110099, 'scale_lr': 0.1190572336104145}. Best is trial 285 with value: 0.6572585472759724.
checkpoint_e12 window_influence: 0.46521629692893279, penalty_k: 0.06970359038499763, scale_lr: 0.45530263467026022, AUC: 0.644
Trial 367 finished with value: 0.6438093827534876 and parameters: {'window_influence': 0.4652162969289328, 'penalty_k': 0.06970359038499763, 'scale_lr': 0.4553026346702602}. Best is trial 285 with value: 0.6572585472759724.
checkpoint_e12 window_influence: 0.49393645574931644, penalty_k: 0.27941316608417255, scale_lr: 0.16742501243614616, AUC: 0.653
Trial 368 finished with value: 0.6533343185119053 and parameters: {'window_influence': 0.49393645574931644, 'penalty_k': 0.27941316608417255, 'scale_lr': 0.16742501243614616}. Best is trial 285 with value: 0.6572585472759724.
checkpoint_e12 window_influence: 0.49439317193444854, penalty_k: 0.25558503840668334, scale_lr: 0.16831117961708170, AUC: 0.651
Trial 369 finished with value: 0.6509410110355527 and parameters: {'window_influence': 0.49439317193444854, 'penalty_k': 0.25558503840668334, 'scale_lr': 0.1683111796170817}. Best is trial 285 with value: 0.6572585472759724.
checkpoint_e12 window_influence: 0.51081201886051752, penalty_k: 0.26377260273500469, scale_lr: 0.17468962675542055, AUC: 0.646
Trial 370 finished with value: 0.6459223244412011 and parameters: {'window_influence': 0.5108120188605175, 'penalty_k': 0.2637726027350047, 'scale_lr': 0.17468962675542055}. Best is trial 285 with value: 0.6572585472759724.
checkpoint_e12 window_influence: 0.38696809648678182, penalty_k: 0.26065005478848025, scale_lr: 0.16480158246133519, AUC: 0.642
Trial 371 finished with value: 0.6420019352130868 and parameters: {'window_influence': 0.3869680964867818, 'penalty_k': 0.26065005478848025, 'scale_lr': 0.1648015824613352}. Best is trial 285 with value: 0.6572585472759724.
checkpoint_e12 window_influence: 0.49213525838206268, penalty_k: 0.21938414768590128, scale_lr: 0.50780812993998958, AUC: 0.644
