Trial 679 finished with value: 0.6440875563959086 and parameters: {'window_influence': 0.2615897107621718, 'penalty_k': 0.061835753897279494, 'scale_lr': 0.4959860915093751}. Best is trial 289 with value: 0.658998360506409.
checkpoint_e26 window_influence: 0.28861506957418870, penalty_k: 0.08467726926552060, scale_lr: 0.26762934904268865, AUC: 0.640
Trial 680 finished with value: 0.63996810763615 and parameters: {'window_influence': 0.2886150695741887, 'penalty_k': 0.0846772692655206, 'scale_lr': 0.26762934904268865}. Best is trial 289 with value: 0.658998360506409.
checkpoint_e26 window_influence: 0.18819392807282700, penalty_k: 0.02589462061858847, scale_lr: 0.13177677247278133, AUC: 0.647
Trial 681 finished with value: 0.6472255310650625 and parameters: {'window_influence': 0.188193928072827, 'penalty_k': 0.025894620618588472, 'scale_lr': 0.13177677247278133}. Best is trial 289 with value: 0.658998360506409.
checkpoint_e26 window_influence: 0.20875441546457962, penalty_k: 0.07090807555604763, scale_lr: 0.69322973248696751, AUC: 0.635
Trial 682 finished with value: 0.634953536558333 and parameters: {'window_influence': 0.20875441546457962, 'penalty_k': 0.07090807555604763, 'scale_lr': 0.6932297324869675}. Best is trial 289 with value: 0.658998360506409.
checkpoint_e26 window_influence: 0.41876772390901518, penalty_k: 0.41837468222923141, scale_lr: 0.15509704543094488, AUC: 0.644
Trial 683 finished with value: 0.6439174015178529 and parameters: {'window_influence': 0.4187677239090152, 'penalty_k': 0.4183746822292314, 'scale_lr': 0.15509704543094488}. Best is trial 289 with value: 0.658998360506409.
checkpoint_e26 window_influence: 0.23839746227198616, penalty_k: 0.05206456470823415, scale_lr: 0.12544437690274268, AUC: 0.656
Trial 684 finished with value: 0.6564011038727771 and parameters: {'window_influence': 0.23839746227198616, 'penalty_k': 0.052064564708234146, 'scale_lr': 0.12544437690274268}. Best is trial 289 with value: 0.658998360506409.
checkpoint_e26 window_influence: 0.14501735733231216, penalty_k: 0.00623313999303807, scale_lr: 0.12557036031600299, AUC: 0.642
Trial 685 finished with value: 0.6420903044950522 and parameters: {'window_influence': 0.14501735733231216, 'penalty_k': 0.006233139993038067, 'scale_lr': 0.125570360316003}. Best is trial 289 with value: 0.658998360506409.
checkpoint_e26 window_influence: 0.16066983548173450, penalty_k: 0.54530838510560276, scale_lr: 0.10065711460924029, AUC: 0.635
Trial 686 finished with value: 0.634733803902983 and parameters: {'window_influence': 0.1606698354817345, 'penalty_k': 0.5453083851056028, 'scale_lr': 0.10065711460924029}. Best is trial 289 with value: 0.658998360506409.
checkpoint_e26 window_influence: 0.22728908492584299, penalty_k: 0.40770861175636874, scale_lr: 0.14426716360446423, AUC: 0.639
Trial 687 finished with value: 0.6394159389969658 and parameters: {'window_influence': 0.227289084925843, 'penalty_k': 0.40770861175636874, 'scale_lr': 0.14426716360446423}. Best is trial 289 with value: 0.658998360506409.
checkpoint_e26 window_influence: 0.21702225559038665, penalty_k: 0.47173594640601296, scale_lr: 0.11884542587454691, AUC: 0.640
Trial 688 finished with value: 0.6402472972103126 and parameters: {'window_influence': 0.21702225559038665, 'penalty_k': 0.47173594640601296, 'scale_lr': 0.11884542587454691}. Best is trial 289 with value: 0.658998360506409.
checkpoint_e26 window_influence: 0.57916291649943064, penalty_k: 0.04807569250253838, scale_lr: 0.13534403560527641, AUC: 0.632
Trial 689 finished with value: 0.6321698377130636 and parameters: {'window_influence': 0.5791629164994306, 'penalty_k': 0.048075692502538375, 'scale_lr': 0.1353440356052764}. Best is trial 289 with value: 0.658998360506409.
checkpoint_e26 window_influence: 0.23858714876773476, penalty_k: 0.51641238225199582, scale_lr: 0.54814929994029027, AUC: 0.647
Trial 690 finished with value: 0.6465575777286144 and parameters: {'window_influence': 0.23858714876773476, 'penalty_k': 0.5164123822519958, 'scale_lr': 0.5481492999402903}. Best is trial 289 with value: 0.658998360506409.
checkpoint_e26 window_influence: 0.19379942109497297, penalty_k: 0.49123546193676859, scale_lr: 0.11958044274894426, AUC: 0.635
Trial 691 finished with value: 0.6346389919245465 and parameters: {'window_influence': 0.19379942109497297, 'penalty_k': 0.4912354619367686, 'scale_lr': 0.11958044274894426}. Best is trial 289 with value: 0.658998360506409.
checkpoint_e26 window_influence: 0.20496194270328874, penalty_k: 0.04956629543152527, scale_lr: 0.16531572916870566, AUC: 0.650
Trial 692 finished with value: 0.6496541723140611 and parameters: {'window_influence': 0.20496194270328874, 'penalty_k': 0.04956629543152527, 'scale_lr': 0.16531572916870566}. Best is trial 289 with value: 0.658998360506409.
checkpoint_e26 window_influence: 0.22644659601979308, penalty_k: 0.44415952136112691, scale_lr: 0.65204376552377397, AUC: 0.632
Trial 693 finished with value: 0.6321416639410125 and parameters: {'window_influence': 0.22644659601979308, 'penalty_k': 0.4441595213611269, 'scale_lr': 0.652043765523774}. Best is trial 289 with value: 0.658998360506409.
checkpoint_e26 window_influence: 0.17724174462653328, penalty_k: 0.01506525628446728, scale_lr: 0.62545515888589054, AUC: 0.630
Trial 694 finished with value: 0.6302435424175372 and parameters: {'window_influence': 0.17724174462653328, 'penalty_k': 0.015065256284467275, 'scale_lr': 0.6254551588858905}. Best is trial 289 with value: 0.658998360506409.
checkpoint_e26 window_influence: 0.24099053816476484, penalty_k: 0.03871321786492059, scale_lr: 0.28722161915036853, AUC: 0.642
Trial 695 finished with value: 0.6424107959296147 and parameters: {'window_influence': 0.24099053816476484, 'penalty_k': 0.03871321786492059, 'scale_lr': 0.28722161915036853}. Best is trial 289 with value: 0.658998360506409.
checkpoint_e26 window_influence: 0.50937668971949024, penalty_k: 0.06130799975274524, scale_lr: 0.61256316094169960, AUC: 0.646
Trial 696 finished with value: 0.6459643968668097 and parameters: {'window_influence': 0.5093766897194902, 'penalty_k': 0.061307999752745236, 'scale_lr': 0.6125631609416996}. Best is trial 289 with value: 0.658998360506409.
checkpoint_e26 window_influence: 0.21419795703889113, penalty_k: 0.35595445433347583, scale_lr: 0.36434804710462054, AUC: 0.644
Trial 697 finished with value: 0.6444588440560372 and parameters: {'window_influence': 0.21419795703889113, 'penalty_k': 0.35595445433347583, 'scale_lr': 0.36434804710462054}. Best is trial 289 with value: 0.658998360506409.
checkpoint_e26 window_influence: 0.07878154275344024, penalty_k: 0.39636070723591615, scale_lr: 0.10010213638051983, AUC: 0.633
Trial 698 finished with value: 0.6327318397194877 and parameters: {'window_influence': 0.07878154275344024, 'penalty_k': 0.39636070723591615, 'scale_lr': 0.10010213638051983}. Best is trial 289 with value: 0.658998360506409.
checkpoint_e26 window_influence: 0.25066505073196743, penalty_k: 0.21516118598131140, scale_lr: 0.13723517594534357, AUC: 0.645
Trial 699 finished with value: 0.6449047635108361 and parameters: {'window_influence': 0.25066505073196743, 'penalty_k': 0.2151611859813114, 'scale_lr': 0.13723517594534357}. Best is trial 289 with value: 0.658998360506409.
checkpoint_e26 window_influence: 0.19477340365571175, penalty_k: 0.02884316079196698, scale_lr: 0.41119118784261638, AUC: 0.650
Trial 700 finished with value: 0.650494666974144 and parameters: {'window_influence': 0.19477340365571175, 'penalty_k': 0.028843160791966985, 'scale_lr': 0.4111911878426164}. Best is trial 289 with value: 0.658998360506409.
checkpoint_e26 window_influence: 0.38761269446065094, penalty_k: 0.36917115257523625, scale_lr: 0.43651919030993164, AUC: 0.642
Trial 701 finished with value: 0.6420828092230655 and parameters: {'window_influence': 0.38761269446065094, 'penalty_k': 0.36917115257523625, 'scale_lr': 0.43651919030993164}. Best is trial 289 with value: 0.658998360506409.
checkpoint_e26 window_influence: 0.30554026523169731, penalty_k: 0.34114175771745581, scale_lr: 0.55547572416436941, AUC: 0.645
Trial 702 finished with value: 0.6452284752507624 and parameters: {'window_influence': 0.3055402652316973, 'penalty_k': 0.3411417577174558, 'scale_lr': 0.5554757241643694}. Best is trial 289 with value: 0.658998360506409.
checkpoint_e26 window_influence: 0.22283453633913453, penalty_k: 0.07102760959274336, scale_lr: 0.15406969550807859, AUC: 0.643
Trial 703 finished with value: 0.6425913715370535 and parameters: {'window_influence': 0.22283453633913453, 'penalty_k': 0.07102760959274336, 'scale_lr': 0.15406969550807859}. Best is trial 289 with value: 0.658998360506409.
Trial 704 failed with parameters: {'window_influence': 0.5403192665366018, 'penalty_k': 0.05025032708564997, 'scale_lr': 0.1120122343931938} because of the following error: KeyboardInterrupt().
Traceback (most recent call last):
  File "/home/n26092289/anaconda3/envs/my_siamban/lib/python3.7/site-packages/optuna/study/_optimize.py", line 200, in _run_trial
    value_or_values = func(trial)
  File "../../tools/tune.py", line 327, in objective
    outputs = tracker.track(img)
  File "../../tools/tune.py", line 127, in track
    score = self._convert_score(outputs['cls'])
  File "../../tools/tune.py", line 75, in _convert_score
    score = score.softmax(1).detach()[:, 1].cpu().numpy()
KeyboardInterrupt
Trial 704 failed with value None.
