Trial 310 finished with value: 0.6433333015074196 and parameters: {'window_influence': 0.4378090488754978, 'penalty_k': 0.20480624252451152, 'scale_lr': 0.20657863026139248}. Best is trial 141 with value: 0.6565422191596508.
checkpoint_e31 window_influence: 0.54960533092794284, penalty_k: 0.16075451138202698, scale_lr: 0.15237227855960564, AUC: 0.649
Trial 311 finished with value: 0.6486062768685248 and parameters: {'window_influence': 0.5496053309279428, 'penalty_k': 0.16075451138202698, 'scale_lr': 0.15237227855960564}. Best is trial 141 with value: 0.6565422191596508.
checkpoint_e31 window_influence: 0.47766754767501635, penalty_k: 0.23838603267095690, scale_lr: 0.25794313671540176, AUC: 0.639
Trial 312 finished with value: 0.63926068814522 and parameters: {'window_influence': 0.47766754767501635, 'penalty_k': 0.2383860326709569, 'scale_lr': 0.25794313671540176}. Best is trial 141 with value: 0.6565422191596508.
checkpoint_e31 window_influence: 0.35783510630902271, penalty_k: 0.29988080378833792, scale_lr: 0.12366936434563340, AUC: 0.647
Trial 313 finished with value: 0.646534705648805 and parameters: {'window_influence': 0.3578351063090227, 'penalty_k': 0.2998808037883379, 'scale_lr': 0.1236693643456334}. Best is trial 141 with value: 0.6565422191596508.
checkpoint_e31 window_influence: 0.39506851457830350, penalty_k: 0.22452055363489495, scale_lr: 0.16623344785452820, AUC: 0.647
Trial 314 finished with value: 0.6471094194049581 and parameters: {'window_influence': 0.3950685145783035, 'penalty_k': 0.22452055363489495, 'scale_lr': 0.1662334478545282}. Best is trial 141 with value: 0.6565422191596508.
checkpoint_e31 window_influence: 0.37295004818902805, penalty_k: 0.08739901263091911, scale_lr: 0.22309768296177951, AUC: 0.643
Trial 315 finished with value: 0.6434421484059399 and parameters: {'window_influence': 0.37295004818902805, 'penalty_k': 0.0873990126309191, 'scale_lr': 0.2230976829617795}. Best is trial 141 with value: 0.6565422191596508.
checkpoint_e31 window_influence: 0.41989200541069954, penalty_k: 0.25123981988902594, scale_lr: 0.13579420763958222, AUC: 0.653
Trial 316 finished with value: 0.6528130759790953 and parameters: {'window_influence': 0.41989200541069954, 'penalty_k': 0.25123981988902594, 'scale_lr': 0.13579420763958222}. Best is trial 141 with value: 0.6565422191596508.
checkpoint_e31 window_influence: 0.43114997737063870, penalty_k: 0.24834948872451079, scale_lr: 0.40420351042349933, AUC: 0.647
Trial 317 finished with value: 0.6474739835038935 and parameters: {'window_influence': 0.4311499773706387, 'penalty_k': 0.2483494887245108, 'scale_lr': 0.40420351042349933}. Best is trial 141 with value: 0.6565422191596508.
checkpoint_e31 window_influence: 0.42111010160078471, penalty_k: 0.25977089672120823, scale_lr: 0.35273286224462785, AUC: 0.652
Trial 318 finished with value: 0.6523137052247803 and parameters: {'window_influence': 0.4211101016007847, 'penalty_k': 0.25977089672120823, 'scale_lr': 0.35273286224462785}. Best is trial 141 with value: 0.6565422191596508.
checkpoint_e31 window_influence: 0.42266034511797651, penalty_k: 0.26091828659000932, scale_lr: 0.28227247870102024, AUC: 0.644
Trial 319 finished with value: 0.6437614492799486 and parameters: {'window_influence': 0.4226603451179765, 'penalty_k': 0.2609182865900093, 'scale_lr': 0.28227247870102024}. Best is trial 141 with value: 0.6565422191596508.
checkpoint_e31 window_influence: 0.44650608164031769, penalty_k: 0.27372402043203070, scale_lr: 0.46829125470202310, AUC: 0.642
Trial 320 finished with value: 0.6423792863266866 and parameters: {'window_influence': 0.4465060816403177, 'penalty_k': 0.2737240204320307, 'scale_lr': 0.4682912547020231}. Best is trial 141 with value: 0.6565422191596508.
checkpoint_e31 window_influence: 0.46460788386138341, penalty_k: 0.25065043929544989, scale_lr: 0.24710432771865487, AUC: 0.648
Trial 321 finished with value: 0.6477568354491983 and parameters: {'window_influence': 0.4646078838613834, 'penalty_k': 0.2506504392954499, 'scale_lr': 0.24710432771865487}. Best is trial 141 with value: 0.6565422191596508.
checkpoint_e31 window_influence: 0.43885571108645760, penalty_k: 0.23806734612378608, scale_lr: 0.30197435626223335, AUC: 0.646
Trial 322 finished with value: 0.6462763583100156 and parameters: {'window_influence': 0.4388557110864576, 'penalty_k': 0.23806734612378608, 'scale_lr': 0.30197435626223335}. Best is trial 141 with value: 0.6565422191596508.
checkpoint_e31 window_influence: 0.42298557420613769, penalty_k: 0.25697206420286012, scale_lr: 0.38308425753535147, AUC: 0.646
Trial 323 finished with value: 0.6462514259063954 and parameters: {'window_influence': 0.4229855742061377, 'penalty_k': 0.2569720642028601, 'scale_lr': 0.38308425753535147}. Best is trial 141 with value: 0.6565422191596508.
checkpoint_e31 window_influence: 0.33818728912643309, penalty_k: 0.23606951034073675, scale_lr: 0.18538383103199893, AUC: 0.644
Trial 324 finished with value: 0.644137031257213 and parameters: {'window_influence': 0.3381872891264331, 'penalty_k': 0.23606951034073675, 'scale_lr': 0.18538383103199893}. Best is trial 141 with value: 0.6565422191596508.
checkpoint_e31 window_influence: 0.41689016775086929, penalty_k: 0.26749936109428862, scale_lr: 0.15894938372887102, AUC: 0.650
Trial 325 finished with value: 0.6499335254720449 and parameters: {'window_influence': 0.4168901677508693, 'penalty_k': 0.2674993610942886, 'scale_lr': 0.15894938372887102}. Best is trial 141 with value: 0.6565422191596508.
checkpoint_e31 window_influence: 0.45604486481500428, penalty_k: 0.21111022943752850, scale_lr: 0.19848913133859741, AUC: 0.647
Trial 326 finished with value: 0.6470237176310675 and parameters: {'window_influence': 0.4560448648150043, 'penalty_k': 0.2111102294375285, 'scale_lr': 0.1984891313385974}. Best is trial 141 with value: 0.6565422191596508.
checkpoint_e31 window_influence: 0.43909108409264747, penalty_k: 0.11185272149620532, scale_lr: 0.14225907184892775, AUC: 0.648
Trial 327 finished with value: 0.6483956452186799 and parameters: {'window_influence': 0.43909108409264747, 'penalty_k': 0.11185272149620532, 'scale_lr': 0.14225907184892775}. Best is trial 141 with value: 0.6565422191596508.
checkpoint_e31 window_influence: 0.44910270604935409, penalty_k: 0.19539289432304002, scale_lr: 0.17160583913487074, AUC: 0.640
Trial 328 finished with value: 0.639959996227397 and parameters: {'window_influence': 0.4491027060493541, 'penalty_k': 0.19539289432304002, 'scale_lr': 0.17160583913487074}. Best is trial 141 with value: 0.6565422191596508.
checkpoint_e31 window_influence: 0.42924510812860450, penalty_k: 0.22248410117406539, scale_lr: 0.15262961747282067, AUC: 0.650
Trial 329 finished with value: 0.6504992288723382 and parameters: {'window_influence': 0.4292451081286045, 'penalty_k': 0.2224841011740654, 'scale_lr': 0.15262961747282067}. Best is trial 141 with value: 0.6565422191596508.
checkpoint_e31 window_influence: 0.51147799741646749, penalty_k: 0.24951131380335717, scale_lr: 0.22344307630162696, AUC: 0.643
Trial 330 finished with value: 0.6434489148216664 and parameters: {'window_influence': 0.5114779974164675, 'penalty_k': 0.24951131380335717, 'scale_lr': 0.22344307630162696}. Best is trial 141 with value: 0.6565422191596508.
checkpoint_e31 window_influence: 0.46582287942316775, penalty_k: 0.17307175291615878, scale_lr: 0.13287139088409872, AUC: 0.650
Trial 331 finished with value: 0.6498145233198823 and parameters: {'window_influence': 0.46582287942316775, 'penalty_k': 0.17307175291615878, 'scale_lr': 0.13287139088409872}. Best is trial 141 with value: 0.6565422191596508.
checkpoint_e31 window_influence: 0.34770295150211250, penalty_k: 0.15047644550641470, scale_lr: 0.34208008064995044, AUC: 0.638
Trial 332 finished with value: 0.6378091891318738 and parameters: {'window_influence': 0.3477029515021125, 'penalty_k': 0.1504764455064147, 'scale_lr': 0.34208008064995044}. Best is trial 141 with value: 0.6565422191596508.
checkpoint_e31 window_influence: 0.40625032627167773, penalty_k: 0.28319269139039482, scale_lr: 0.18952874105695219, AUC: 0.648
Trial 333 finished with value: 0.6475894628843956 and parameters: {'window_influence': 0.40625032627167773, 'penalty_k': 0.2831926913903948, 'scale_lr': 0.1895287410569522}. Best is trial 141 with value: 0.6565422191596508.
checkpoint_e31 window_influence: 0.48780035665989446, penalty_k: 0.26378444686599434, scale_lr: 0.28539185690476387, AUC: 0.648
Trial 334 finished with value: 0.6476033923032901 and parameters: {'window_influence': 0.48780035665989446, 'penalty_k': 0.26378444686599434, 'scale_lr': 0.2853918569047639}. Best is trial 141 with value: 0.6565422191596508.
checkpoint_e31 window_influence: 0.41619937295374393, penalty_k: 0.13076335300241795, scale_lr: 0.42226235742033924, AUC: 0.641
Trial 335 finished with value: 0.6414647200201127 and parameters: {'window_influence': 0.41619937295374393, 'penalty_k': 0.13076335300241795, 'scale_lr': 0.42226235742033924}. Best is trial 141 with value: 0.6565422191596508.
checkpoint_e31 window_influence: 0.43403531247298849, penalty_k: 0.23678652924206198, scale_lr: 0.45192562723849017, AUC: 0.646
Trial 336 finished with value: 0.6460914052587303 and parameters: {'window_influence': 0.4340353124729885, 'penalty_k': 0.23678652924206198, 'scale_lr': 0.45192562723849017}. Best is trial 141 with value: 0.6565422191596508.
checkpoint_e31 window_influence: 0.44831122569683907, penalty_k: 0.22687962576998991, scale_lr: 0.53976658065519822, AUC: 0.641
Trial 337 finished with value: 0.6412818885867372 and parameters: {'window_influence': 0.44831122569683907, 'penalty_k': 0.2268796257699899, 'scale_lr': 0.5397665806551982}. Best is trial 141 with value: 0.6565422191596508.
checkpoint_e31 window_influence: 0.40253776659900842, penalty_k: 0.21289657814871660, scale_lr: 0.31960653987797261, AUC: 0.647
Trial 338 finished with value: 0.6472073546314338 and parameters: {'window_influence': 0.4025377665990084, 'penalty_k': 0.2128965781487166, 'scale_lr': 0.3196065398779726}. Best is trial 141 with value: 0.6565422191596508.
checkpoint_e31 window_influence: 0.42087931309485460, penalty_k: 0.27840066764642329, scale_lr: 0.16579434702118911, AUC: 0.640
Trial 339 finished with value: 0.6403398103990544 and parameters: {'window_influence': 0.4208793130948546, 'penalty_k': 0.2784006676464233, 'scale_lr': 0.16579434702118911}. Best is trial 141 with value: 0.6565422191596508.
checkpoint_e31 window_influence: 0.36336806395494653, penalty_k: 0.24811207121021975, scale_lr: 0.14160098988903883, AUC: 0.640
Trial 340 finished with value: 0.6404489423143669 and parameters: {'window_influence': 0.36336806395494653, 'penalty_k': 0.24811207121021975, 'scale_lr': 0.14160098988903883}. Best is trial 141 with value: 0.6565422191596508.
checkpoint_e31 window_influence: 0.30853952902337523, penalty_k: 0.10160193166792307, scale_lr: 0.15238491002673690, AUC: 0.641
Trial 341 finished with value: 0.6413119318666323 and parameters: {'window_influence': 0.3085395290233752, 'penalty_k': 0.10160193166792307, 'scale_lr': 0.1523849100267369}. Best is trial 141 with value: 0.6565422191596508.
checkpoint_e31 window_influence: 0.53575392500458119, penalty_k: 0.39860781896141800, scale_lr: 0.34165042000911966, AUC: 0.639
Trial 342 finished with value: 0.6394314124963794 and parameters: {'window_influence': 0.5357539250045812, 'penalty_k': 0.398607818961418, 'scale_lr': 0.34165042000911966}. Best is trial 141 with value: 0.6565422191596508.
checkpoint_e31 window_influence: 0.47913035364277401, penalty_k: 0.18320372876928481, scale_lr: 0.37334389345209290, AUC: 0.649
Trial 343 finished with value: 0.648769859650718 and parameters: {'window_influence': 0.479130353642774, 'penalty_k': 0.1832037287692848, 'scale_lr': 0.3733438934520929}. Best is trial 141 with value: 0.6565422191596508.
checkpoint_e31 window_influence: 0.33089967544019044, penalty_k: 0.20152433108231610, scale_lr: 0.30080633821867964, AUC: 0.644
Trial 344 finished with value: 0.6438094412868107 and parameters: {'window_influence': 0.33089967544019044, 'penalty_k': 0.2015243310823161, 'scale_lr': 0.30080633821867964}. Best is trial 141 with value: 0.6565422191596508.
checkpoint_e31 window_influence: 0.45805304844103667, penalty_k: 0.13911694911833239, scale_lr: 0.17625455211545699, AUC: 0.643
Trial 345 finished with value: 0.6431556542494591 and parameters: {'window_influence': 0.45805304844103667, 'penalty_k': 0.1391169491183324, 'scale_lr': 0.17625455211545699}. Best is trial 141 with value: 0.6565422191596508.
checkpoint_e31 window_influence: 0.43998093248400427, penalty_k: 0.26031006702100784, scale_lr: 0.37031221031089395, AUC: 0.650
Trial 346 finished with value: 0.6503251390361714 and parameters: {'window_influence': 0.4399809324840043, 'penalty_k': 0.26031006702100784, 'scale_lr': 0.37031221031089395}. Best is trial 141 with value: 0.6565422191596508.
checkpoint_e31 window_influence: 0.61976974494926340, penalty_k: 0.22877555196989419, scale_lr: 0.13283753459130768, AUC: 0.636
Trial 347 finished with value: 0.6359115912675228 and parameters: {'window_influence': 0.6197697449492634, 'penalty_k': 0.2287755519698942, 'scale_lr': 0.13283753459130768}. Best is trial 141 with value: 0.6565422191596508.
checkpoint_e31 window_influence: 0.43072522493002674, penalty_k: 0.15881850563183492, scale_lr: 0.20600176291295141, AUC: 0.652
Trial 348 finished with value: 0.6517961308586736 and parameters: {'window_influence': 0.43072522493002674, 'penalty_k': 0.15881850563183492, 'scale_lr': 0.2060017629129514}. Best is trial 141 with value: 0.6565422191596508.
checkpoint_e31 window_influence: 0.41326264579037969, penalty_k: 0.24067500740984188, scale_lr: 0.10022144542694680, AUC: 0.652
Trial 349 finished with value: 0.6523702852746277 and parameters: {'window_influence': 0.4132626457903797, 'penalty_k': 0.24067500740984188, 'scale_lr': 0.1002214454269468}. Best is trial 141 with value: 0.6565422191596508.
checkpoint_e31 window_influence: 0.39146666990480439, penalty_k: 0.21770931427209483, scale_lr: 0.10247741932813756, AUC: 0.650
Trial 350 finished with value: 0.6500995792107848 and parameters: {'window_influence': 0.3914666699048044, 'penalty_k': 0.21770931427209483, 'scale_lr': 0.10247741932813756}. Best is trial 141 with value: 0.6565422191596508.
checkpoint_e31 window_influence: 0.40964308030113100, penalty_k: 0.24420303760430412, scale_lr: 0.11939270062093692, AUC: 0.657
Trial 351 finished with value: 0.6568283123439115 and parameters: {'window_influence': 0.409643080301131, 'penalty_k': 0.24420303760430412, 'scale_lr': 0.11939270062093692}. Best is trial 351 with value: 0.6568283123439115.
checkpoint_e31 window_influence: 0.07835964558499564, penalty_k: 0.24555868562121677, scale_lr: 0.11909387610734617, AUC: 0.638
Trial 352 finished with value: 0.6384911205562583 and parameters: {'window_influence': 0.07835964558499564, 'penalty_k': 0.24555868562121677, 'scale_lr': 0.11909387610734617}. Best is trial 351 with value: 0.6568283123439115.
checkpoint_e31 window_influence: 0.38076094076007927, penalty_k: 0.27091305810485045, scale_lr: 0.10147916358179901, AUC: 0.654
Trial 353 finished with value: 0.6540466407853016 and parameters: {'window_influence': 0.38076094076007927, 'penalty_k': 0.27091305810485045, 'scale_lr': 0.10147916358179901}. Best is trial 351 with value: 0.6568283123439115.
checkpoint_e31 window_influence: 0.38511331447677588, penalty_k: 0.29211377207532302, scale_lr: 0.10088271013414371, AUC: 0.639
Trial 354 finished with value: 0.6394840934289442 and parameters: {'window_influence': 0.3851133144767759, 'penalty_k': 0.292113772075323, 'scale_lr': 0.10088271013414371}. Best is trial 351 with value: 0.6568283123439115.
checkpoint_e31 window_influence: 0.37054626596142060, penalty_k: 0.27180820468011857, scale_lr: 0.11801677093474360, AUC: 0.647
Trial 355 finished with value: 0.6474223459157451 and parameters: {'window_influence': 0.3705462659614206, 'penalty_k': 0.27180820468011857, 'scale_lr': 0.1180167709347436}. Best is trial 351 with value: 0.6568283123439115.
checkpoint_e31 window_influence: 0.35379914024865139, penalty_k: 0.07895501967819632, scale_lr: 0.10097836605557589, AUC: 0.644
Trial 356 finished with value: 0.6438736326464651 and parameters: {'window_influence': 0.3537991402486514, 'penalty_k': 0.07895501967819632, 'scale_lr': 0.10097836605557589}. Best is trial 351 with value: 0.6568283123439115.
checkpoint_e31 window_influence: 0.39698865718086462, penalty_k: 0.24585153279945066, scale_lr: 0.12586349008366107, AUC: 0.647
Trial 357 finished with value: 0.6468282881921082 and parameters: {'window_influence': 0.3969886571808646, 'penalty_k': 0.24585153279945066, 'scale_lr': 0.12586349008366107}. Best is trial 351 with value: 0.6568283123439115.
checkpoint_e31 window_influence: 0.36287726916555668, penalty_k: 0.57571206488023374, scale_lr: 0.11288661328260616, AUC: 0.646
Trial 358 finished with value: 0.6459494172380047 and parameters: {'window_influence': 0.3628772691655567, 'penalty_k': 0.5757120648802337, 'scale_lr': 0.11288661328260616}. Best is trial 351 with value: 0.6568283123439115.
checkpoint_e31 window_influence: 0.37963573926083111, penalty_k: 0.27914619064558494, scale_lr: 0.13255482306523028, AUC: 0.649
Trial 359 finished with value: 0.6488268037883737 and parameters: {'window_influence': 0.3796357392608311, 'penalty_k': 0.27914619064558494, 'scale_lr': 0.13255482306523028}. Best is trial 351 with value: 0.6568283123439115.
checkpoint_e31 window_influence: 0.47364467157544909, penalty_k: 0.42341355548571874, scale_lr: 0.12217431712609395, AUC: 0.645
Trial 360 finished with value: 0.6449721979690226 and parameters: {'window_influence': 0.4736446715754491, 'penalty_k': 0.42341355548571874, 'scale_lr': 0.12217431712609395}. Best is trial 351 with value: 0.6568283123439115.
checkpoint_e31 window_influence: 0.23126290473761590, penalty_k: 0.23217425219337273, scale_lr: 0.11316518988187650, AUC: 0.643
Trial 361 finished with value: 0.6429705050614373 and parameters: {'window_influence': 0.2312629047376159, 'penalty_k': 0.23217425219337273, 'scale_lr': 0.1131651898818765}. Best is trial 351 with value: 0.6568283123439115.
checkpoint_e31 window_influence: 0.37542293419553896, penalty_k: 0.25696476630009973, scale_lr: 0.13555262284051323, AUC: 0.645
Trial 362 finished with value: 0.6447160646846501 and parameters: {'window_influence': 0.37542293419553896, 'penalty_k': 0.25696476630009973, 'scale_lr': 0.13555262284051323}. Best is trial 351 with value: 0.6568283123439115.
checkpoint_e31 window_influence: 0.40480737119720034, penalty_k: 0.12289133655934169, scale_lr: 0.50616241401988193, AUC: 0.650
Trial 363 finished with value: 0.6499657636525091 and parameters: {'window_influence': 0.40480737119720034, 'penalty_k': 0.12289133655934169, 'scale_lr': 0.5061624140198819}. Best is trial 351 with value: 0.6568283123439115.
checkpoint_e31 window_influence: 0.34299600811014341, penalty_k: 0.50721033488009715, scale_lr: 0.14688986969490250, AUC: 0.648
Trial 364 finished with value: 0.6481286495110761 and parameters: {'window_influence': 0.3429960081101434, 'penalty_k': 0.5072103348800971, 'scale_lr': 0.1468898696949025}. Best is trial 351 with value: 0.6568283123439115.
checkpoint_e31 window_influence: 0.58962762896911980, penalty_k: 0.26960035415065525, scale_lr: 0.10088486247730653, AUC: 0.638
Trial 365 finished with value: 0.6383988157344824 and parameters: {'window_influence': 0.5896276289691198, 'penalty_k': 0.26960035415065525, 'scale_lr': 0.10088486247730653}. Best is trial 351 with value: 0.6568283123439115.
checkpoint_e31 window_influence: 0.46088986613893063, penalty_k: 0.24454665669942210, scale_lr: 0.12354252662309431, AUC: 0.656
Trial 366 finished with value: 0.6556984244379939 and parameters: {'window_influence': 0.4608898661389306, 'penalty_k': 0.2445466566994221, 'scale_lr': 0.12354252662309431}. Best is trial 351 with value: 0.6568283123439115.
checkpoint_e31 window_influence: 0.49625498777268306, penalty_k: 0.15195684672486581, scale_lr: 0.35868804013121480, AUC: 0.637
Trial 367 finished with value: 0.636509601626127 and parameters: {'window_influence': 0.49625498777268306, 'penalty_k': 0.1519568467248658, 'scale_lr': 0.3586880401312148}. Best is trial 351 with value: 0.6568283123439115.
checkpoint_e31 window_influence: 0.46768415615185843, penalty_k: 0.28844403090984855, scale_lr: 0.12726754104691443, AUC: 0.643
Trial 368 finished with value: 0.6430730355141854 and parameters: {'window_influence': 0.46768415615185843, 'penalty_k': 0.28844403090984855, 'scale_lr': 0.12726754104691443}. Best is trial 351 with value: 0.6568283123439115.
checkpoint_e31 window_influence: 0.44985707400123509, penalty_k: 0.11162290273843864, scale_lr: 0.14433652430763239, AUC: 0.647
Trial 369 finished with value: 0.6473012115555704 and parameters: {'window_influence': 0.4498570740012351, 'penalty_k': 0.11162290273843864, 'scale_lr': 0.14433652430763239}. Best is trial 351 with value: 0.6568283123439115.
checkpoint_e31 window_influence: 0.46712763120015910, penalty_k: 0.25585223935848239, scale_lr: 0.12645872028535976, AUC: 0.652
Trial 370 finished with value: 0.6522700564127003 and parameters: {'window_influence': 0.4671276312001591, 'penalty_k': 0.2558522393584824, 'scale_lr': 0.12645872028535976}. Best is trial 351 with value: 0.6568283123439115.
checkpoint_e31 window_influence: 0.45694718613640828, penalty_k: 0.05037065595895407, scale_lr: 0.15782952963750971, AUC: 0.643
Trial 371 finished with value: 0.6431883832856398 and parameters: {'window_influence': 0.4569471861364083, 'penalty_k': 0.05037065595895407, 'scale_lr': 0.1578295296375097}. Best is trial 351 with value: 0.6568283123439115.
checkpoint_e31 window_influence: 0.48220480362294865, penalty_k: 0.16614839607822238, scale_lr: 0.13875084485524847, AUC: 0.643
