Trial 369 finished with value: 0.6450476577767292 and parameters: {'window_influence': 0.2771124083849148, 'penalty_k': 0.18829501113228816, 'scale_lr': 0.49793484957602735}. Best is trial 289 with value: 0.658998360506409.
checkpoint_e26 window_influence: 0.26224215007980950, penalty_k: 0.13132067851695536, scale_lr: 0.25815116721345205, AUC: 0.650
Trial 370 finished with value: 0.6495899600436367 and parameters: {'window_influence': 0.2622421500798095, 'penalty_k': 0.13132067851695536, 'scale_lr': 0.25815116721345205}. Best is trial 289 with value: 0.658998360506409.
checkpoint_e26 window_influence: 0.21019805855020801, penalty_k: 0.07409528370125146, scale_lr: 0.46194448672777111, AUC: 0.644
Trial 371 finished with value: 0.6435708595737893 and parameters: {'window_influence': 0.210198058550208, 'penalty_k': 0.07409528370125146, 'scale_lr': 0.4619444867277711}. Best is trial 289 with value: 0.658998360506409.
checkpoint_e26 window_influence: 0.30587320005447804, penalty_k: 0.09509170961630609, scale_lr: 0.45854492434917310, AUC: 0.637
Trial 372 finished with value: 0.6366053020771342 and parameters: {'window_influence': 0.30587320005447804, 'penalty_k': 0.09509170961630609, 'scale_lr': 0.4585449243491731}. Best is trial 289 with value: 0.658998360506409.
checkpoint_e26 window_influence: 0.16100800358656345, penalty_k: 0.11409573275075865, scale_lr: 0.11235910889688858, AUC: 0.647
Trial 373 finished with value: 0.6466594538872052 and parameters: {'window_influence': 0.16100800358656345, 'penalty_k': 0.11409573275075865, 'scale_lr': 0.11235910889688858}. Best is trial 289 with value: 0.658998360506409.
checkpoint_e26 window_influence: 0.22482364322152992, penalty_k: 0.02691494719574898, scale_lr: 0.44803256947777931, AUC: 0.655
Trial 374 finished with value: 0.6550135178144577 and parameters: {'window_influence': 0.22482364322152992, 'penalty_k': 0.02691494719574898, 'scale_lr': 0.4480325694777793}. Best is trial 289 with value: 0.658998360506409.
checkpoint_e26 window_influence: 0.25140282467010061, penalty_k: 0.06428664421573720, scale_lr: 0.46647015646806056, AUC: 0.637
Trial 375 finished with value: 0.637118185229666 and parameters: {'window_influence': 0.2514028246701006, 'penalty_k': 0.0642866442157372, 'scale_lr': 0.46647015646806056}. Best is trial 289 with value: 0.658998360506409.
checkpoint_e26 window_influence: 0.22557528088873424, penalty_k: 0.05282043802661868, scale_lr: 0.43596868987665216, AUC: 0.646
Trial 376 finished with value: 0.6459013317206377 and parameters: {'window_influence': 0.22557528088873424, 'penalty_k': 0.05282043802661868, 'scale_lr': 0.43596868987665216}. Best is trial 289 with value: 0.658998360506409.
checkpoint_e26 window_influence: 0.23568319151926739, penalty_k: 0.03207446901945753, scale_lr: 0.43935331393980132, AUC: 0.637
Trial 377 finished with value: 0.6368255707672111 and parameters: {'window_influence': 0.2356831915192674, 'penalty_k': 0.03207446901945753, 'scale_lr': 0.4393533139398013}. Best is trial 289 with value: 0.658998360506409.
checkpoint_e26 window_influence: 0.24515549666108435, penalty_k: 0.20940820361543774, scale_lr: 0.44196834562195186, AUC: 0.641
Trial 378 finished with value: 0.6408528752412063 and parameters: {'window_influence': 0.24515549666108435, 'penalty_k': 0.20940820361543774, 'scale_lr': 0.44196834562195186}. Best is trial 289 with value: 0.658998360506409.
checkpoint_e26 window_influence: 0.21704452966750182, penalty_k: 0.07945555341551701, scale_lr: 0.49907275941408502, AUC: 0.643
Trial 379 finished with value: 0.6425785657206492 and parameters: {'window_influence': 0.21704452966750182, 'penalty_k': 0.07945555341551701, 'scale_lr': 0.499072759414085}. Best is trial 289 with value: 0.658998360506409.
checkpoint_e26 window_influence: 0.33122418043051371, penalty_k: 0.06406127394863922, scale_lr: 0.47833159570705475, AUC: 0.634
Trial 380 finished with value: 0.63427976324075 and parameters: {'window_influence': 0.3312241804305137, 'penalty_k': 0.06406127394863922, 'scale_lr': 0.47833159570705475}. Best is trial 289 with value: 0.658998360506409.
checkpoint_e26 window_influence: 0.56692151861624862, penalty_k: 0.04821561607441745, scale_lr: 0.42010410276229593, AUC: 0.644
Trial 381 finished with value: 0.6435740992716332 and parameters: {'window_influence': 0.5669215186162486, 'penalty_k': 0.04821561607441745, 'scale_lr': 0.42010410276229593}. Best is trial 289 with value: 0.658998360506409.
checkpoint_e26 window_influence: 0.22891343546733089, penalty_k: 0.44003342971562565, scale_lr: 0.37086214464587947, AUC: 0.643
Trial 382 finished with value: 0.6432884490820091 and parameters: {'window_influence': 0.2289134354673309, 'penalty_k': 0.44003342971562565, 'scale_lr': 0.37086214464587947}. Best is trial 289 with value: 0.658998360506409.
checkpoint_e26 window_influence: 0.27097474190962079, penalty_k: 0.09564706830744676, scale_lr: 0.22522099254191208, AUC: 0.651
Trial 383 finished with value: 0.650858223978086 and parameters: {'window_influence': 0.2709747419096208, 'penalty_k': 0.09564706830744676, 'scale_lr': 0.22522099254191208}. Best is trial 289 with value: 0.658998360506409.
checkpoint_e26 window_influence: 0.22031592109911421, penalty_k: 0.26771595356515276, scale_lr: 0.10087016733497901, AUC: 0.647
Trial 384 finished with value: 0.6470741695146301 and parameters: {'window_influence': 0.22031592109911421, 'penalty_k': 0.26771595356515276, 'scale_lr': 0.10087016733497901}. Best is trial 289 with value: 0.658998360506409.
checkpoint_e26 window_influence: 0.19320520120170201, penalty_k: 0.34379283561560414, scale_lr: 0.44984421972588268, AUC: 0.633
Trial 385 finished with value: 0.6326722936141221 and parameters: {'window_influence': 0.193205201201702, 'penalty_k': 0.34379283561560414, 'scale_lr': 0.4498442197258827}. Best is trial 289 with value: 0.658998360506409.
checkpoint_e26 window_influence: 0.17364066996535091, penalty_k: 0.29493159916874168, scale_lr: 0.13863368794783873, AUC: 0.644
Trial 386 finished with value: 0.6437350344144142 and parameters: {'window_influence': 0.1736406699653509, 'penalty_k': 0.2949315991687417, 'scale_lr': 0.13863368794783873}. Best is trial 289 with value: 0.658998360506409.
checkpoint_e26 window_influence: 0.24391901602083876, penalty_k: 0.02181940933648668, scale_lr: 0.41206166035469832, AUC: 0.652
Trial 387 finished with value: 0.6516890377853638 and parameters: {'window_influence': 0.24391901602083876, 'penalty_k': 0.021819409336486684, 'scale_lr': 0.4120616603546983}. Best is trial 289 with value: 0.658998360506409.
checkpoint_e26 window_influence: 0.21184219698450721, penalty_k: 0.08104937105857332, scale_lr: 0.15013858048454817, AUC: 0.657
Trial 388 finished with value: 0.6574719473773707 and parameters: {'window_influence': 0.2118421969845072, 'penalty_k': 0.08104937105857332, 'scale_lr': 0.15013858048454817}. Best is trial 289 with value: 0.658998360506409.
checkpoint_e26 window_influence: 0.21226380636723277, penalty_k: 0.08791518930373055, scale_lr: 0.15457564486157999, AUC: 0.642
Trial 389 finished with value: 0.6421823748076323 and parameters: {'window_influence': 0.21226380636723277, 'penalty_k': 0.08791518930373055, 'scale_lr': 0.15457564486157999}. Best is trial 289 with value: 0.658998360506409.
checkpoint_e26 window_influence: 0.23014245380223994, penalty_k: 0.15385197397351816, scale_lr: 0.39747084945228595, AUC: 0.654
Trial 390 finished with value: 0.6540728883645345 and parameters: {'window_influence': 0.23014245380223994, 'penalty_k': 0.15385197397351816, 'scale_lr': 0.39747084945228595}. Best is trial 289 with value: 0.658998360506409.
checkpoint_e26 window_influence: 0.23375848373568414, penalty_k: 0.16813704740812771, scale_lr: 0.39545413362208276, AUC: 0.639
Trial 391 finished with value: 0.6388213712353205 and parameters: {'window_influence': 0.23375848373568414, 'penalty_k': 0.1681370474081277, 'scale_lr': 0.39545413362208276}. Best is trial 289 with value: 0.658998360506409.
checkpoint_e26 window_influence: 0.25536860035457049, penalty_k: 0.14245924260110329, scale_lr: 0.47665590102375949, AUC: 0.646
Trial 392 finished with value: 0.6458078235819402 and parameters: {'window_influence': 0.2553686003545705, 'penalty_k': 0.1424592426011033, 'scale_lr': 0.4766559010237595}. Best is trial 289 with value: 0.658998360506409.
checkpoint_e26 window_influence: 0.22430685793345442, penalty_k: 0.56910499214571364, scale_lr: 0.40686759652359394, AUC: 0.639
Trial 393 finished with value: 0.6391374927653402 and parameters: {'window_influence': 0.22430685793345442, 'penalty_k': 0.5691049921457136, 'scale_lr': 0.40686759652359394}. Best is trial 289 with value: 0.658998360506409.
checkpoint_e26 window_influence: 0.23820929247086806, penalty_k: 0.15994424648958666, scale_lr: 0.40228327766091287, AUC: 0.641
Trial 394 finished with value: 0.640531505741036 and parameters: {'window_influence': 0.23820929247086806, 'penalty_k': 0.15994424648958666, 'scale_lr': 0.4022832776609129}. Best is trial 289 with value: 0.658998360506409.
checkpoint_e26 window_influence: 0.22499411352112830, penalty_k: 0.15358145526293590, scale_lr: 0.38162461480822180, AUC: 0.651
Trial 395 finished with value: 0.6506575239741331 and parameters: {'window_influence': 0.2249941135211283, 'penalty_k': 0.1535814552629359, 'scale_lr': 0.3816246148082218}. Best is trial 289 with value: 0.658998360506409.
checkpoint_e26 window_influence: 0.26540496088474430, penalty_k: 0.13004134420197386, scale_lr: 0.27903387723638251, AUC: 0.645
Trial 396 finished with value: 0.6445837894472352 and parameters: {'window_influence': 0.2654049608847443, 'penalty_k': 0.13004134420197386, 'scale_lr': 0.2790338772363825}. Best is trial 289 with value: 0.658998360506409.
checkpoint_e26 window_influence: 0.24719042752213441, penalty_k: 0.18152708711627569, scale_lr: 0.35493281708812474, AUC: 0.643
Trial 397 finished with value: 0.6426521573998967 and parameters: {'window_influence': 0.2471904275221344, 'penalty_k': 0.1815270871162757, 'scale_lr': 0.35493281708812474}. Best is trial 289 with value: 0.658998360506409.
checkpoint_e26 window_influence: 0.21321047999527232, penalty_k: 0.10793104253820489, scale_lr: 0.44944388888527514, AUC: 0.651
Trial 398 finished with value: 0.6511387603344619 and parameters: {'window_influence': 0.21321047999527232, 'penalty_k': 0.10793104253820489, 'scale_lr': 0.44944388888527514}. Best is trial 289 with value: 0.658998360506409.
checkpoint_e26 window_influence: 0.08540702022277091, penalty_k: 0.20106401074072727, scale_lr: 0.42433216018899728, AUC: 0.635
Trial 399 finished with value: 0.6348006776735509 and parameters: {'window_influence': 0.08540702022277091, 'penalty_k': 0.20106401074072727, 'scale_lr': 0.4243321601889973}. Best is trial 289 with value: 0.658998360506409.
checkpoint_e26 window_influence: 0.23736709474572407, penalty_k: 0.11911900478953491, scale_lr: 0.33402421982634828, AUC: 0.643
Trial 400 finished with value: 0.6427569234894157 and parameters: {'window_influence': 0.23736709474572407, 'penalty_k': 0.11911900478953491, 'scale_lr': 0.3340242198263483}. Best is trial 289 with value: 0.658998360506409.
checkpoint_e26 window_influence: 0.09652360770782686, penalty_k: 0.09888540007969318, scale_lr: 0.36620231895925021, AUC: 0.635
Trial 401 finished with value: 0.6349167887230964 and parameters: {'window_influence': 0.09652360770782686, 'penalty_k': 0.09888540007969318, 'scale_lr': 0.3662023189592502}. Best is trial 289 with value: 0.658998360506409.
checkpoint_e26 window_influence: 0.21071776773995238, penalty_k: 0.08208932050383347, scale_lr: 0.51296424272808883, AUC: 0.645
Trial 402 finished with value: 0.6446212578719199 and parameters: {'window_influence': 0.21071776773995238, 'penalty_k': 0.08208932050383347, 'scale_lr': 0.5129642427280888}. Best is trial 289 with value: 0.658998360506409.
checkpoint_e26 window_influence: 0.07155245993678580, penalty_k: 0.06594240288798066, scale_lr: 0.32683505945694080, AUC: 0.636
Trial 403 finished with value: 0.6360829980023062 and parameters: {'window_influence': 0.0715524599367858, 'penalty_k': 0.06594240288798066, 'scale_lr': 0.3268350594569408}. Best is trial 289 with value: 0.658998360506409.
checkpoint_e26 window_influence: 0.22580325213151997, penalty_k: 0.05831923845024697, scale_lr: 0.24136247281146034, AUC: 0.653
Trial 404 finished with value: 0.6530694609655093 and parameters: {'window_influence': 0.22580325213151997, 'penalty_k': 0.058319238450246974, 'scale_lr': 0.24136247281146034}. Best is trial 289 with value: 0.658998360506409.
checkpoint_e26 window_influence: 0.28943294629016453, penalty_k: 0.11529949560269372, scale_lr: 0.42978994429775635, AUC: 0.641
Trial 405 finished with value: 0.6412266471797968 and parameters: {'window_influence': 0.28943294629016453, 'penalty_k': 0.11529949560269372, 'scale_lr': 0.42978994429775635}. Best is trial 289 with value: 0.658998360506409.
checkpoint_e26 window_influence: 0.25499745127527484, penalty_k: 0.08951976020265756, scale_lr: 0.38323009599306285, AUC: 0.651
Trial 406 finished with value: 0.6514538036623725 and parameters: {'window_influence': 0.25499745127527484, 'penalty_k': 0.08951976020265756, 'scale_lr': 0.38323009599306285}. Best is trial 289 with value: 0.658998360506409.
checkpoint_e26 window_influence: 0.12549768772308864, penalty_k: 0.22893954306567083, scale_lr: 0.40501282380856790, AUC: 0.634
Trial 407 finished with value: 0.6343024289631096 and parameters: {'window_influence': 0.12549768772308864, 'penalty_k': 0.22893954306567083, 'scale_lr': 0.4050128238085679}. Best is trial 289 with value: 0.658998360506409.
checkpoint_e26 window_influence: 0.20446028195720586, penalty_k: 0.07533972546436696, scale_lr: 0.31593749896996631, AUC: 0.640
Trial 408 finished with value: 0.6403920529696406 and parameters: {'window_influence': 0.20446028195720586, 'penalty_k': 0.07533972546436696, 'scale_lr': 0.3159374989699663}. Best is trial 289 with value: 0.658998360506409.
checkpoint_e26 window_influence: 0.22124501643076847, penalty_k: 0.04724742477999101, scale_lr: 0.13040559212840944, AUC: 0.642
Trial 409 finished with value: 0.6418676986699029 and parameters: {'window_influence': 0.22124501643076847, 'penalty_k': 0.04724742477999101, 'scale_lr': 0.13040559212840944}. Best is trial 289 with value: 0.658998360506409.
checkpoint_e26 window_influence: 0.63046338969220450, penalty_k: 0.15320205019953798, scale_lr: 0.14515806877000909, AUC: 0.634
Trial 410 finished with value: 0.6338710586168589 and parameters: {'window_influence': 0.6304633896922045, 'penalty_k': 0.15320205019953798, 'scale_lr': 0.14515806877000909}. Best is trial 289 with value: 0.658998360506409.
checkpoint_e26 window_influence: 0.23600210898063176, penalty_k: 0.13424883390693224, scale_lr: 0.45610649510458856, AUC: 0.654
Trial 411 finished with value: 0.6540747687787898 and parameters: {'window_influence': 0.23600210898063176, 'penalty_k': 0.13424883390693224, 'scale_lr': 0.45610649510458856}. Best is trial 289 with value: 0.658998360506409.
checkpoint_e26 window_influence: 0.37517454183422311, penalty_k: 0.13661283365317345, scale_lr: 0.21669488176561058, AUC: 0.639
Trial 412 finished with value: 0.6392186800813708 and parameters: {'window_influence': 0.3751745418342231, 'penalty_k': 0.13661283365317345, 'scale_lr': 0.21669488176561058}. Best is trial 289 with value: 0.658998360506409.
checkpoint_e26 window_influence: 0.31769304114634650, penalty_k: 0.10896687903751545, scale_lr: 0.45707509542951547, AUC: 0.646
Trial 413 finished with value: 0.6461258682075762 and parameters: {'window_influence': 0.3176930411463465, 'penalty_k': 0.10896687903751545, 'scale_lr': 0.45707509542951547}. Best is trial 289 with value: 0.658998360506409.
checkpoint_e26 window_influence: 0.24592168133294348, penalty_k: 0.27893261984166517, scale_lr: 0.47629643758418699, AUC: 0.640
Trial 414 finished with value: 0.6397902405191506 and parameters: {'window_influence': 0.24592168133294348, 'penalty_k': 0.2789326198416652, 'scale_lr': 0.476296437584187}. Best is trial 289 with value: 0.658998360506409.
checkpoint_e26 window_influence: 0.23438503442476746, penalty_k: 0.13645328726247369, scale_lr: 0.34707166596949135, AUC: 0.649
Trial 415 finished with value: 0.649173498880831 and parameters: {'window_influence': 0.23438503442476746, 'penalty_k': 0.1364532872624737, 'scale_lr': 0.34707166596949135}. Best is trial 289 with value: 0.658998360506409.
checkpoint_e26 window_influence: 0.34356689426234482, penalty_k: 0.17710270307895865, scale_lr: 0.20012067555579968, AUC: 0.635
Trial 416 finished with value: 0.6345312675813977 and parameters: {'window_influence': 0.3435668942623448, 'penalty_k': 0.17710270307895865, 'scale_lr': 0.20012067555579968}. Best is trial 289 with value: 0.658998360506409.
checkpoint_e26 window_influence: 0.25866913395579050, penalty_k: 0.04106828072465481, scale_lr: 0.44287926740534078, AUC: 0.649
Trial 417 finished with value: 0.6493090557198669 and parameters: {'window_influence': 0.2586691339557905, 'penalty_k': 0.041068280724654814, 'scale_lr': 0.4428792674053408}. Best is trial 289 with value: 0.658998360506409.
checkpoint_e26 window_influence: 0.23437042406020583, penalty_k: 0.05835043527216027, scale_lr: 0.42678313756361597, AUC: 0.648
Trial 418 finished with value: 0.647909178980304 and parameters: {'window_influence': 0.23437042406020583, 'penalty_k': 0.05835043527216027, 'scale_lr': 0.42678313756361597}. Best is trial 289 with value: 0.658998360506409.
checkpoint_e26 window_influence: 0.24801111594876196, penalty_k: 0.13128540954361659, scale_lr: 0.24828865045823093, AUC: 0.641
Trial 419 finished with value: 0.6411759672957883 and parameters: {'window_influence': 0.24801111594876196, 'penalty_k': 0.1312854095436166, 'scale_lr': 0.24828865045823093}. Best is trial 289 with value: 0.658998360506409.
checkpoint_e26 window_influence: 0.26995807318622100, penalty_k: 0.31205719317853653, scale_lr: 0.45027684974172377, AUC: 0.644
Trial 420 finished with value: 0.6438743481592667 and parameters: {'window_influence': 0.269958073186221, 'penalty_k': 0.31205719317853653, 'scale_lr': 0.4502768497417238}. Best is trial 289 with value: 0.658998360506409.
checkpoint_e26 window_influence: 0.43523611059602368, penalty_k: 0.11992204785697093, scale_lr: 0.45509174253902263, AUC: 0.640
Trial 421 finished with value: 0.6398132908571795 and parameters: {'window_influence': 0.4352361105960237, 'penalty_k': 0.11992204785697093, 'scale_lr': 0.4550917425390226}. Best is trial 289 with value: 0.658998360506409.
checkpoint_e26 window_influence: 0.20749521719660374, penalty_k: 0.24944557948325952, scale_lr: 0.18867192980011835, AUC: 0.645
Trial 422 finished with value: 0.645447092841694 and parameters: {'window_influence': 0.20749521719660374, 'penalty_k': 0.24944557948325952, 'scale_lr': 0.18867192980011835}. Best is trial 289 with value: 0.658998360506409.
checkpoint_e26 window_influence: 0.22656622712566854, penalty_k: 0.37430295275740766, scale_lr: 0.47444399147239330, AUC: 0.643
Trial 423 finished with value: 0.6431510879032967 and parameters: {'window_influence': 0.22656622712566854, 'penalty_k': 0.37430295275740766, 'scale_lr': 0.4744439914723933}. Best is trial 289 with value: 0.658998360506409.
checkpoint_e26 window_influence: 0.34433253246075740, penalty_k: 0.15765594328340754, scale_lr: 0.39786119555254229, AUC: 0.641
Trial 424 finished with value: 0.6410932919398901 and parameters: {'window_influence': 0.3443325324607574, 'penalty_k': 0.15765594328340754, 'scale_lr': 0.3978611955525423}. Best is trial 289 with value: 0.658998360506409.
checkpoint_e26 window_influence: 0.21385760674076926, penalty_k: 0.06632422191418974, scale_lr: 0.55260554420787733, AUC: 0.639
Trial 425 finished with value: 0.6392401791460488 and parameters: {'window_influence': 0.21385760674076926, 'penalty_k': 0.06632422191418974, 'scale_lr': 0.5526055442078773}. Best is trial 289 with value: 0.658998360506409.
checkpoint_e26 window_influence: 0.39278880616936174, penalty_k: 0.09980527062666666, scale_lr: 0.29709409959265742, AUC: 0.646
Trial 426 finished with value: 0.645903878523966 and parameters: {'window_influence': 0.39278880616936174, 'penalty_k': 0.09980527062666666, 'scale_lr': 0.2970940995926574}. Best is trial 289 with value: 0.658998360506409.
checkpoint_e26 window_influence: 0.24189528232872973, penalty_k: 0.29388536033939178, scale_lr: 0.67732115808173354, AUC: 0.635
Trial 427 finished with value: 0.6354613371982375 and parameters: {'window_influence': 0.24189528232872973, 'penalty_k': 0.2938853603393918, 'scale_lr': 0.6773211580817335}. Best is trial 289 with value: 0.658998360506409.
checkpoint_e26 window_influence: 0.31154281521866839, penalty_k: 0.03671533443638628, scale_lr: 0.12803391770740460, AUC: 0.644
Trial 428 finished with value: 0.6438666964305585 and parameters: {'window_influence': 0.3115428152186684, 'penalty_k': 0.03671533443638628, 'scale_lr': 0.1280339177074046}. Best is trial 289 with value: 0.658998360506409.
checkpoint_e26 window_influence: 0.19805568319978978, penalty_k: 0.25432666428841283, scale_lr: 0.15325264066503280, AUC: 0.652
Trial 429 finished with value: 0.6516963508159788 and parameters: {'window_influence': 0.19805568319978978, 'penalty_k': 0.25432666428841283, 'scale_lr': 0.1532526406650328}. Best is trial 289 with value: 0.658998360506409.
checkpoint_e26 window_influence: 0.22732663508742065, penalty_k: 0.59735600037847802, scale_lr: 0.10055379811672552, AUC: 0.638
Trial 430 finished with value: 0.6378361792126598 and parameters: {'window_influence': 0.22732663508742065, 'penalty_k': 0.597356000378478, 'scale_lr': 0.10055379811672552}. Best is trial 289 with value: 0.658998360506409.
checkpoint_e26 window_influence: 0.21615496195877587, penalty_k: 0.07266492993372749, scale_lr: 0.13996126557781102, AUC: 0.647
