Trial 248 finished with value: 0.6469876138275716 and parameters: {'window_influence': 0.41975106597263057, 'penalty_k': 0.2933251151411859, 'scale_lr': 0.1738366999333344}. Best is trial 141 with value: 0.6565422191596508.
checkpoint_e31 window_influence: 0.45933962101217207, penalty_k: 0.08650708133697385, scale_lr: 0.19456425806754435, AUC: 0.643
Trial 249 finished with value: 0.6434745609705388 and parameters: {'window_influence': 0.4593396210121721, 'penalty_k': 0.08650708133697385, 'scale_lr': 0.19456425806754435}. Best is trial 141 with value: 0.6565422191596508.
checkpoint_e31 window_influence: 0.44017485263350120, penalty_k: 0.53902064909185976, scale_lr: 0.11235974223299137, AUC: 0.651
Trial 250 finished with value: 0.6506816127735191 and parameters: {'window_influence': 0.4401748526335012, 'penalty_k': 0.5390206490918598, 'scale_lr': 0.11235974223299137}. Best is trial 141 with value: 0.6565422191596508.
checkpoint_e31 window_influence: 0.32989577823148902, penalty_k: 0.26780741488084464, scale_lr: 0.15938699602249271, AUC: 0.648
Trial 251 finished with value: 0.6482455669234375 and parameters: {'window_influence': 0.329895778231489, 'penalty_k': 0.26780741488084464, 'scale_lr': 0.1593869960224927}. Best is trial 141 with value: 0.6565422191596508.
checkpoint_e31 window_influence: 0.38907874753924054, penalty_k: 0.20220577646797025, scale_lr: 0.13773795511350603, AUC: 0.650
Trial 252 finished with value: 0.6495264345495859 and parameters: {'window_influence': 0.38907874753924054, 'penalty_k': 0.20220577646797025, 'scale_lr': 0.13773795511350603}. Best is trial 141 with value: 0.6565422191596508.
checkpoint_e31 window_influence: 0.56839126263133322, penalty_k: 0.23174456945978938, scale_lr: 0.12484372555484144, AUC: 0.641
Trial 253 finished with value: 0.641030983671121 and parameters: {'window_influence': 0.5683912626313332, 'penalty_k': 0.23174456945978938, 'scale_lr': 0.12484372555484144}. Best is trial 141 with value: 0.6565422191596508.
checkpoint_e31 window_influence: 0.42359744315474113, penalty_k: 0.24232826406808397, scale_lr: 0.30276665525802265, AUC: 0.641
Trial 254 finished with value: 0.6414035294540322 and parameters: {'window_influence': 0.4235974431547411, 'penalty_k': 0.24232826406808397, 'scale_lr': 0.30276665525802265}. Best is trial 141 with value: 0.6565422191596508.
checkpoint_e31 window_influence: 0.36803771779603134, penalty_k: 0.30916614219685401, scale_lr: 0.15057291325902197, AUC: 0.647
Trial 255 finished with value: 0.6473552732281258 and parameters: {'window_influence': 0.36803771779603134, 'penalty_k': 0.309166142196854, 'scale_lr': 0.15057291325902197}. Best is trial 141 with value: 0.6565422191596508.
checkpoint_e31 window_influence: 0.40560568521462026, penalty_k: 0.22062802530381687, scale_lr: 0.11085098533402861, AUC: 0.650
Trial 256 finished with value: 0.649789491358842 and parameters: {'window_influence': 0.40560568521462026, 'penalty_k': 0.22062802530381687, 'scale_lr': 0.11085098533402861}. Best is trial 141 with value: 0.6565422191596508.
checkpoint_e31 window_influence: 0.43477665446363162, penalty_k: 0.28102162758026789, scale_lr: 0.18361253193496196, AUC: 0.643
Trial 257 finished with value: 0.6429044883814067 and parameters: {'window_influence': 0.4347766544636316, 'penalty_k': 0.2810216275802679, 'scale_lr': 0.18361253193496196}. Best is trial 141 with value: 0.6565422191596508.
checkpoint_e31 window_influence: 0.34743447654054649, penalty_k: 0.25621497147061467, scale_lr: 0.16620914296788086, AUC: 0.642
Trial 258 finished with value: 0.6417003332133321 and parameters: {'window_influence': 0.3474344765405465, 'penalty_k': 0.25621497147061467, 'scale_lr': 0.16620914296788086}. Best is trial 141 with value: 0.6565422191596508.
checkpoint_e31 window_influence: 0.48240546271062801, penalty_k: 0.15835261351880942, scale_lr: 0.33488095707887766, AUC: 0.642
Trial 259 finished with value: 0.6423157146482252 and parameters: {'window_influence': 0.482405462710628, 'penalty_k': 0.15835261351880942, 'scale_lr': 0.33488095707887766}. Best is trial 141 with value: 0.6565422191596508.
checkpoint_e31 window_influence: 0.59671909107640020, penalty_k: 0.33638704966399641, scale_lr: 0.23715029168508484, AUC: 0.636
Trial 260 finished with value: 0.6356270473672452 and parameters: {'window_influence': 0.5967190910764002, 'penalty_k': 0.3363870496639964, 'scale_lr': 0.23715029168508484}. Best is trial 141 with value: 0.6565422191596508.
checkpoint_e31 window_influence: 0.45432433596510435, penalty_k: 0.21329817464817261, scale_lr: 0.13713514225595896, AUC: 0.651
Trial 261 finished with value: 0.6505659170724606 and parameters: {'window_influence': 0.45432433596510435, 'penalty_k': 0.2132981746481726, 'scale_lr': 0.13713514225595896}. Best is trial 141 with value: 0.6565422191596508.
checkpoint_e31 window_influence: 0.37520445993904705, penalty_k: 0.11344998803422945, scale_lr: 0.12237558498658249, AUC: 0.643
Trial 262 finished with value: 0.6426428211491956 and parameters: {'window_influence': 0.37520445993904705, 'penalty_k': 0.11344998803422945, 'scale_lr': 0.12237558498658249}. Best is trial 141 with value: 0.6565422191596508.
checkpoint_e31 window_influence: 0.41620915256388208, penalty_k: 0.13366124201488427, scale_lr: 0.14744155239379145, AUC: 0.648
Trial 263 finished with value: 0.6484410453856004 and parameters: {'window_influence': 0.4162091525638821, 'penalty_k': 0.13366124201488427, 'scale_lr': 0.14744155239379145}. Best is trial 141 with value: 0.6565422191596508.
checkpoint_e31 window_influence: 0.47023018482927381, penalty_k: 0.22642487313346860, scale_lr: 0.11069685058038528, AUC: 0.649
Trial 264 finished with value: 0.6492623882815322 and parameters: {'window_influence': 0.4702301848292738, 'penalty_k': 0.2264248731334686, 'scale_lr': 0.11069685058038528}. Best is trial 141 with value: 0.6565422191596508.
checkpoint_e31 window_influence: 0.39660305920876343, penalty_k: 0.24310469900258391, scale_lr: 0.21288679613917297, AUC: 0.644
Trial 265 finished with value: 0.6443600244081878 and parameters: {'window_influence': 0.39660305920876343, 'penalty_k': 0.2431046990025839, 'scale_lr': 0.21288679613917297}. Best is trial 141 with value: 0.6565422191596508.
checkpoint_e31 window_influence: 0.43663079412919659, penalty_k: 0.26480290868336476, scale_lr: 0.17555857763120825, AUC: 0.644
Trial 266 finished with value: 0.6443129513321748 and parameters: {'window_influence': 0.4366307941291966, 'penalty_k': 0.26480290868336476, 'scale_lr': 0.17555857763120825}. Best is trial 141 with value: 0.6565422191596508.
checkpoint_e31 window_influence: 0.44894454749892398, penalty_k: 0.20578689983435122, scale_lr: 0.26361529628616420, AUC: 0.645
Trial 267 finished with value: 0.6454587368198509 and parameters: {'window_influence': 0.448944547498924, 'penalty_k': 0.20578689983435122, 'scale_lr': 0.2636152962861642}. Best is trial 141 with value: 0.6565422191596508.
checkpoint_e31 window_influence: 0.40795247482863911, penalty_k: 0.19169930208825348, scale_lr: 0.19713906970553505, AUC: 0.641
Trial 268 finished with value: 0.6411197010498708 and parameters: {'window_influence': 0.4079524748286391, 'penalty_k': 0.19169930208825348, 'scale_lr': 0.19713906970553505}. Best is trial 141 with value: 0.6565422191596508.
checkpoint_e31 window_influence: 0.42580225886219458, penalty_k: 0.29682154918556769, scale_lr: 0.13145193179531281, AUC: 0.645
Trial 269 finished with value: 0.6450289618553309 and parameters: {'window_influence': 0.4258022588621946, 'penalty_k': 0.2968215491855677, 'scale_lr': 0.1314519317953128}. Best is trial 141 with value: 0.6565422191596508.
checkpoint_e31 window_influence: 0.52471322711700541, penalty_k: 0.16630687245334455, scale_lr: 0.10017621003960661, AUC: 0.645
Trial 270 finished with value: 0.645102036702187 and parameters: {'window_influence': 0.5247132271170054, 'penalty_k': 0.16630687245334455, 'scale_lr': 0.10017621003960661}. Best is trial 141 with value: 0.6565422191596508.
checkpoint_e31 window_influence: 0.35734504636095260, penalty_k: 0.23475391320987141, scale_lr: 0.75656539717462445, AUC: 0.642
Trial 271 finished with value: 0.6421209271736885 and parameters: {'window_influence': 0.3573450463609526, 'penalty_k': 0.2347539132098714, 'scale_lr': 0.7565653971746245}. Best is trial 141 with value: 0.6565422191596508.
checkpoint_e31 window_influence: 0.38407200809789921, penalty_k: 0.00585368117949325, scale_lr: 0.15613038484012087, AUC: 0.643
Trial 272 finished with value: 0.6432694265812942 and parameters: {'window_influence': 0.3840720080978992, 'penalty_k': 0.005853681179493253, 'scale_lr': 0.15613038484012087}. Best is trial 141 with value: 0.6565422191596508.
checkpoint_e31 window_influence: 0.43264257235160364, penalty_k: 0.14865540167479083, scale_lr: 0.28149337877645519, AUC: 0.648
Trial 273 finished with value: 0.6483975355275206 and parameters: {'window_influence': 0.43264257235160364, 'penalty_k': 0.14865540167479083, 'scale_lr': 0.2814933787764552}. Best is trial 141 with value: 0.6565422191596508.
checkpoint_e31 window_influence: 0.32012107112962973, penalty_k: 0.18178435436215887, scale_lr: 0.40562565776915982, AUC: 0.645
Trial 274 finished with value: 0.6447918397670188 and parameters: {'window_influence': 0.32012107112962973, 'penalty_k': 0.18178435436215887, 'scale_lr': 0.4056256577691598}. Best is trial 141 with value: 0.6565422191596508.
checkpoint_e31 window_influence: 0.46141260168904225, penalty_k: 0.27598942501209472, scale_lr: 0.48470600261936542, AUC: 0.643
Trial 275 finished with value: 0.6431781476129621 and parameters: {'window_influence': 0.46141260168904225, 'penalty_k': 0.2759894250120947, 'scale_lr': 0.4847060026193654}. Best is trial 141 with value: 0.6565422191596508.
checkpoint_e31 window_influence: 0.44603115158104462, penalty_k: 0.25210586720025407, scale_lr: 0.14297446121293689, AUC: 0.653
Trial 276 finished with value: 0.6530910884166802 and parameters: {'window_influence': 0.4460311515810446, 'penalty_k': 0.2521058672002541, 'scale_lr': 0.1429744612129369}. Best is trial 141 with value: 0.6565422191596508.
checkpoint_e31 window_influence: 0.47555312920769505, penalty_k: 0.25267201349083845, scale_lr: 0.15953899409546757, AUC: 0.646
Trial 277 finished with value: 0.6461533186857331 and parameters: {'window_influence': 0.47555312920769505, 'penalty_k': 0.25267201349083845, 'scale_lr': 0.15953899409546757}. Best is trial 141 with value: 0.6565422191596508.
checkpoint_e31 window_influence: 0.44772910198014049, penalty_k: 0.24613502437401516, scale_lr: 0.14334784908694886, AUC: 0.643
Trial 278 finished with value: 0.6428171336463365 and parameters: {'window_influence': 0.4477291019801405, 'penalty_k': 0.24613502437401516, 'scale_lr': 0.14334784908694886}. Best is trial 141 with value: 0.6565422191596508.
checkpoint_e31 window_influence: 0.41539369610244348, penalty_k: 0.26292087258427527, scale_lr: 0.31187799483123357, AUC: 0.639
Trial 279 finished with value: 0.6389437294307466 and parameters: {'window_influence': 0.4153936961024435, 'penalty_k': 0.26292087258427527, 'scale_lr': 0.3118779948312336}. Best is trial 141 with value: 0.6565422191596508.
checkpoint_e31 window_influence: 0.05427863698440860, penalty_k: 0.22780056107569899, scale_lr: 0.18420146398265363, AUC: 0.640
Trial 280 finished with value: 0.6404830140706804 and parameters: {'window_influence': 0.0542786369844086, 'penalty_k': 0.227800561075699, 'scale_lr': 0.18420146398265363}. Best is trial 141 with value: 0.6565422191596508.
checkpoint_e31 window_influence: 0.39532918821690488, penalty_k: 0.31812994506070308, scale_lr: 0.16900496289741251, AUC: 0.646
Trial 281 finished with value: 0.64623946925752 and parameters: {'window_influence': 0.3953291882169049, 'penalty_k': 0.3181299450607031, 'scale_lr': 0.16900496289741251}. Best is trial 141 with value: 0.6565422191596508.
checkpoint_e31 window_influence: 0.64465683131487839, penalty_k: 0.25808624774402850, scale_lr: 0.13644904807577618, AUC: 0.635
Trial 282 finished with value: 0.6350185304627813 and parameters: {'window_influence': 0.6446568313148784, 'penalty_k': 0.2580862477440285, 'scale_lr': 0.13644904807577618}. Best is trial 141 with value: 0.6565422191596508.
checkpoint_e31 window_influence: 0.37105797945537466, penalty_k: 0.23688689637021593, scale_lr: 0.14890172853886902, AUC: 0.647
Trial 283 finished with value: 0.646946954651851 and parameters: {'window_influence': 0.37105797945537466, 'penalty_k': 0.23688689637021593, 'scale_lr': 0.14890172853886902}. Best is trial 141 with value: 0.6565422191596508.
checkpoint_e31 window_influence: 0.46022044198342527, penalty_k: 0.28625428565741196, scale_lr: 0.12519635433129886, AUC: 0.649
Trial 284 finished with value: 0.6485467030402322 and parameters: {'window_influence': 0.46022044198342527, 'penalty_k': 0.28625428565741196, 'scale_lr': 0.12519635433129886}. Best is trial 141 with value: 0.6565422191596508.
checkpoint_e31 window_influence: 0.44304036314842632, penalty_k: 0.21755497019538586, scale_lr: 0.60464678325016941, AUC: 0.647
Trial 285 finished with value: 0.647387763745279 and parameters: {'window_influence': 0.4430403631484263, 'penalty_k': 0.21755497019538586, 'scale_lr': 0.6046467832501694}. Best is trial 141 with value: 0.6565422191596508.
checkpoint_e31 window_influence: 0.42556819557511949, penalty_k: 0.27186245605385501, scale_lr: 0.36991589741138031, AUC: 0.648
Trial 286 finished with value: 0.6478474272136259 and parameters: {'window_influence': 0.4255681955751195, 'penalty_k': 0.271862456053855, 'scale_lr': 0.3699158974113803}. Best is trial 141 with value: 0.6565422191596508.
checkpoint_e31 window_influence: 0.49853210414576654, penalty_k: 0.04466775198292927, scale_lr: 0.16306148541475921, AUC: 0.643
Trial 287 finished with value: 0.6432478210325948 and parameters: {'window_influence': 0.49853210414576654, 'penalty_k': 0.04466775198292927, 'scale_lr': 0.1630614854147592}. Best is trial 141 with value: 0.6565422191596508.
checkpoint_e31 window_influence: 0.35119871812687126, penalty_k: 0.20098891580910019, scale_lr: 0.12269080221096293, AUC: 0.645
Trial 288 finished with value: 0.6445399279394548 and parameters: {'window_influence': 0.35119871812687126, 'penalty_k': 0.2009889158091002, 'scale_lr': 0.12269080221096293}. Best is trial 141 with value: 0.6565422191596508.
checkpoint_e31 window_influence: 0.40524321450397588, penalty_k: 0.24659412967489291, scale_lr: 0.43438727615325790, AUC: 0.644
Trial 289 finished with value: 0.643932444440992 and parameters: {'window_influence': 0.4052432145039759, 'penalty_k': 0.24659412967489291, 'scale_lr': 0.4343872761532579}. Best is trial 141 with value: 0.6565422191596508.
checkpoint_e31 window_influence: 0.38405646129718024, penalty_k: 0.30361186956676411, scale_lr: 0.72974058866589564, AUC: 0.635
Trial 290 finished with value: 0.6354745090506807 and parameters: {'window_influence': 0.38405646129718024, 'penalty_k': 0.3036118695667641, 'scale_lr': 0.7297405886658956}. Best is trial 141 with value: 0.6565422191596508.
checkpoint_e31 window_influence: 0.43269266118720318, penalty_k: 0.33038941911144815, scale_lr: 0.19573650597607847, AUC: 0.647
Trial 291 finished with value: 0.6467353938764674 and parameters: {'window_influence': 0.4326926611872032, 'penalty_k': 0.33038941911144815, 'scale_lr': 0.19573650597607847}. Best is trial 141 with value: 0.6565422191596508.
checkpoint_e31 window_influence: 0.45653823926210635, penalty_k: 0.22941799040000291, scale_lr: 0.14010733939279310, AUC: 0.649
Trial 292 finished with value: 0.6493342409843319 and parameters: {'window_influence': 0.45653823926210635, 'penalty_k': 0.2294179904000029, 'scale_lr': 0.1401073393927931}. Best is trial 141 with value: 0.6565422191596508.
checkpoint_e31 window_influence: 0.34118504549147710, penalty_k: 0.44187367589506454, scale_lr: 0.22019252454374869, AUC: 0.646
Trial 293 finished with value: 0.6461390242048026 and parameters: {'window_influence': 0.3411850454914771, 'penalty_k': 0.44187367589506454, 'scale_lr': 0.22019252454374869}. Best is trial 141 with value: 0.6565422191596508.
checkpoint_e31 window_influence: 0.13797212307469153, penalty_k: 0.21526824980290660, scale_lr: 0.18086910056099656, AUC: 0.639
Trial 294 finished with value: 0.6394771420366303 and parameters: {'window_influence': 0.13797212307469153, 'penalty_k': 0.2152682498029066, 'scale_lr': 0.18086910056099656}. Best is trial 141 with value: 0.6565422191596508.
checkpoint_e31 window_influence: 0.36413755899916883, penalty_k: 0.25281619826527807, scale_lr: 0.15306560838596592, AUC: 0.649
Trial 295 finished with value: 0.6488172414251557 and parameters: {'window_influence': 0.36413755899916883, 'penalty_k': 0.25281619826527807, 'scale_lr': 0.15306560838596592}. Best is trial 141 with value: 0.6565422191596508.
checkpoint_e31 window_influence: 0.32723090977087343, penalty_k: 0.23955337778865785, scale_lr: 0.11607966025088674, AUC: 0.649
Trial 296 finished with value: 0.6489247523923143 and parameters: {'window_influence': 0.32723090977087343, 'penalty_k': 0.23955337778865785, 'scale_lr': 0.11607966025088674}. Best is trial 141 with value: 0.6565422191596508.
checkpoint_e31 window_influence: 0.41409157873948416, penalty_k: 0.20784299486832583, scale_lr: 0.13029161210295473, AUC: 0.655
Trial 297 finished with value: 0.6545248835951399 and parameters: {'window_influence': 0.41409157873948416, 'penalty_k': 0.20784299486832583, 'scale_lr': 0.13029161210295473}. Best is trial 141 with value: 0.6565422191596508.
checkpoint_e31 window_influence: 0.40212883927226095, penalty_k: 0.17527796594437520, scale_lr: 0.12880449710191322, AUC: 0.646
Trial 298 finished with value: 0.6461618284760343 and parameters: {'window_influence': 0.40212883927226095, 'penalty_k': 0.1752779659443752, 'scale_lr': 0.12880449710191322}. Best is trial 141 with value: 0.6565422191596508.
checkpoint_e31 window_influence: 0.25781987416864793, penalty_k: 0.01975950162828022, scale_lr: 0.11298490307649892, AUC: 0.644
Trial 299 finished with value: 0.6441298839427736 and parameters: {'window_influence': 0.25781987416864793, 'penalty_k': 0.01975950162828022, 'scale_lr': 0.11298490307649892}. Best is trial 141 with value: 0.6565422191596508.
checkpoint_e31 window_influence: 0.38993988353025072, penalty_k: 0.19367999240723743, scale_lr: 0.13502654351529420, AUC: 0.647
Trial 300 finished with value: 0.6473146642800602 and parameters: {'window_influence': 0.3899398835302507, 'penalty_k': 0.19367999240723743, 'scale_lr': 0.1350265435152942}. Best is trial 141 with value: 0.6565422191596508.
checkpoint_e31 window_influence: 0.47065246338446520, penalty_k: 0.20850135260844377, scale_lr: 0.10117611021210153, AUC: 0.649
Trial 301 finished with value: 0.6490173322911613 and parameters: {'window_influence': 0.4706524633844652, 'penalty_k': 0.20850135260844377, 'scale_lr': 0.10117611021210153}. Best is trial 141 with value: 0.6565422191596508.
checkpoint_e31 window_influence: 0.30033058354997411, penalty_k: 0.28468427366873122, scale_lr: 0.14487562699163423, AUC: 0.642
Trial 302 finished with value: 0.6421619153473391 and parameters: {'window_influence': 0.3003305835499741, 'penalty_k': 0.2846842736687312, 'scale_lr': 0.14487562699163423}. Best is trial 141 with value: 0.6565422191596508.
checkpoint_e31 window_influence: 0.41460927954113969, penalty_k: 0.18625674916737880, scale_lr: 0.12513149892556077, AUC: 0.649
Trial 303 finished with value: 0.648513102541439 and parameters: {'window_influence': 0.4146092795411397, 'penalty_k': 0.1862567491673788, 'scale_lr': 0.12513149892556077}. Best is trial 141 with value: 0.6565422191596508.
checkpoint_e31 window_influence: 0.44429070446729241, penalty_k: 0.27072452427710852, scale_lr: 0.27103750163160523, AUC: 0.639
Trial 304 finished with value: 0.6390175278802155 and parameters: {'window_influence': 0.4442907044672924, 'penalty_k': 0.2707245242771085, 'scale_lr': 0.2710375016316052}. Best is trial 141 with value: 0.6565422191596508.
checkpoint_e31 window_influence: 0.37843697965579315, penalty_k: 0.12178510967138634, scale_lr: 0.11155585762856435, AUC: 0.649
Trial 305 finished with value: 0.6485203672684665 and parameters: {'window_influence': 0.37843697965579315, 'penalty_k': 0.12178510967138634, 'scale_lr': 0.11155585762856435}. Best is trial 141 with value: 0.6565422191596508.
checkpoint_e31 window_influence: 0.42749923327239953, penalty_k: 0.22185326839181899, scale_lr: 0.23910789183166489, AUC: 0.643
Trial 306 finished with value: 0.6429292808913785 and parameters: {'window_influence': 0.4274992332723995, 'penalty_k': 0.221853268391819, 'scale_lr': 0.2391078918316649}. Best is trial 141 with value: 0.6565422191596508.
checkpoint_e31 window_influence: 0.41143369408487934, penalty_k: 0.31334426374141638, scale_lr: 0.13871623360836793, AUC: 0.650
Trial 307 finished with value: 0.6504201907701375 and parameters: {'window_influence': 0.41143369408487934, 'penalty_k': 0.3133442637414164, 'scale_lr': 0.13871623360836793}. Best is trial 141 with value: 0.6565422191596508.
checkpoint_e31 window_influence: 0.49115889566588855, penalty_k: 0.26051893390696917, scale_lr: 0.17367649807640390, AUC: 0.640
Trial 308 finished with value: 0.63970666332208 and parameters: {'window_influence': 0.49115889566588855, 'penalty_k': 0.2605189339069692, 'scale_lr': 0.1736764980764039}. Best is trial 141 with value: 0.6565422191596508.
checkpoint_e31 window_influence: 0.45474468458917583, penalty_k: 0.13975250407474091, scale_lr: 0.32711414328887178, AUC: 0.646
Trial 309 finished with value: 0.6463767002161442 and parameters: {'window_influence': 0.45474468458917583, 'penalty_k': 0.1397525040747409, 'scale_lr': 0.3271141432888718}. Best is trial 141 with value: 0.6565422191596508.
checkpoint_e31 window_influence: 0.43780904887549782, penalty_k: 0.20480624252451152, scale_lr: 0.20657863026139248, AUC: 0.643
