Trial 493 finished with value: 0.6400134796185327 and parameters: {'window_influence': 0.3119766832932289, 'penalty_k': 0.06385993733562954, 'scale_lr': 0.16453775759060618}. Best is trial 289 with value: 0.658998360506409.
checkpoint_e26 window_influence: 0.64729825298387189, penalty_k: 0.45293659222432447, scale_lr: 0.14325003040365250, AUC: 0.631
Trial 494 finished with value: 0.6305903470167218 and parameters: {'window_influence': 0.6472982529838719, 'penalty_k': 0.4529365922243245, 'scale_lr': 0.1432500304036525}. Best is trial 289 with value: 0.658998360506409.
checkpoint_e26 window_influence: 0.23898364580611284, penalty_k: 0.31366340893128297, scale_lr: 0.26987647085385824, AUC: 0.648
Trial 495 finished with value: 0.6479280882456729 and parameters: {'window_influence': 0.23898364580611284, 'penalty_k': 0.31366340893128297, 'scale_lr': 0.26987647085385824}. Best is trial 289 with value: 0.658998360506409.
checkpoint_e26 window_influence: 0.21166321817143019, penalty_k: 0.29802362220015421, scale_lr: 0.12424946070507806, AUC: 0.653
Trial 496 finished with value: 0.6531233111020556 and parameters: {'window_influence': 0.2116632181714302, 'penalty_k': 0.2980236222001542, 'scale_lr': 0.12424946070507806}. Best is trial 289 with value: 0.658998360506409.
checkpoint_e26 window_influence: 0.32763599039507069, penalty_k: 0.04435548411016477, scale_lr: 0.18288412935268444, AUC: 0.633
Trial 497 finished with value: 0.6334215656247456 and parameters: {'window_influence': 0.3276359903950707, 'penalty_k': 0.04435548411016477, 'scale_lr': 0.18288412935268444}. Best is trial 289 with value: 0.658998360506409.
checkpoint_e26 window_influence: 0.22003701934707692, penalty_k: 0.08986205357170816, scale_lr: 0.28914325421529569, AUC: 0.645
Trial 498 finished with value: 0.6454653223079176 and parameters: {'window_influence': 0.22003701934707692, 'penalty_k': 0.08986205357170816, 'scale_lr': 0.2891432542152957}. Best is trial 289 with value: 0.658998360506409.
checkpoint_e26 window_influence: 0.18028614039156607, penalty_k: 0.02504667999772002, scale_lr: 0.11145231697286559, AUC: 0.652
Trial 499 finished with value: 0.6515419621501566 and parameters: {'window_influence': 0.18028614039156607, 'penalty_k': 0.02504667999772002, 'scale_lr': 0.11145231697286559}. Best is trial 289 with value: 0.658998360506409.
checkpoint_e26 window_influence: 0.22703103954792650, penalty_k: 0.58492137821545009, scale_lr: 0.13191818310498815, AUC: 0.646
Trial 500 finished with value: 0.646140652716609 and parameters: {'window_influence': 0.2270310395479265, 'penalty_k': 0.5849213782154501, 'scale_lr': 0.13191818310498815}. Best is trial 289 with value: 0.658998360506409.
checkpoint_e26 window_influence: 0.36441720195872118, penalty_k: 0.23746786344063570, scale_lr: 0.10057174883045866, AUC: 0.645
Trial 501 finished with value: 0.6450264952082283 and parameters: {'window_influence': 0.3644172019587212, 'penalty_k': 0.2374678634406357, 'scale_lr': 0.10057174883045866}. Best is trial 289 with value: 0.658998360506409.
checkpoint_e26 window_influence: 0.36920534010197725, penalty_k: 0.05834565207252573, scale_lr: 0.51005949944692897, AUC: 0.636
Trial 502 finished with value: 0.6359680653550697 and parameters: {'window_influence': 0.36920534010197725, 'penalty_k': 0.058345652072525726, 'scale_lr': 0.510059499446929}. Best is trial 289 with value: 0.658998360506409.
checkpoint_e26 window_influence: 0.24656720282993858, penalty_k: 0.10457037055776380, scale_lr: 0.14898893193534302, AUC: 0.648
Trial 503 finished with value: 0.6482679749199415 and parameters: {'window_influence': 0.24656720282993858, 'penalty_k': 0.1045703705577638, 'scale_lr': 0.14898893193534302}. Best is trial 289 with value: 0.658998360506409.
checkpoint_e26 window_influence: 0.26754752057793962, penalty_k: 0.07099499349291964, scale_lr: 0.62957588803213693, AUC: 0.646
Trial 504 finished with value: 0.6457459849967306 and parameters: {'window_influence': 0.2675475205779396, 'penalty_k': 0.07099499349291964, 'scale_lr': 0.6295758880321369}. Best is trial 289 with value: 0.658998360506409.
checkpoint_e26 window_influence: 0.34083309568730757, penalty_k: 0.20655771455399294, scale_lr: 0.47698675332833290, AUC: 0.646
Trial 505 finished with value: 0.6461612456206047 and parameters: {'window_influence': 0.3408330956873076, 'penalty_k': 0.20655771455399294, 'scale_lr': 0.4769867533283329}. Best is trial 289 with value: 0.658998360506409.
checkpoint_e26 window_influence: 0.20265076028701645, penalty_k: 0.03423512332812327, scale_lr: 0.54656775496174270, AUC: 0.639
Trial 506 finished with value: 0.6391184546468612 and parameters: {'window_influence': 0.20265076028701645, 'penalty_k': 0.03423512332812327, 'scale_lr': 0.5465677549617427}. Best is trial 289 with value: 0.658998360506409.
checkpoint_e26 window_influence: 0.51056726585064149, penalty_k: 0.18538327748298786, scale_lr: 0.24156681716833117, AUC: 0.645
Trial 507 finished with value: 0.6445794186300667 and parameters: {'window_influence': 0.5105672658506415, 'penalty_k': 0.18538327748298786, 'scale_lr': 0.24156681716833117}. Best is trial 289 with value: 0.658998360506409.
checkpoint_e26 window_influence: 0.23169811966791476, penalty_k: 0.08212961566329548, scale_lr: 0.12454999734120761, AUC: 0.644
Trial 508 finished with value: 0.6436428390684057 and parameters: {'window_influence': 0.23169811966791476, 'penalty_k': 0.08212961566329548, 'scale_lr': 0.12454999734120761}. Best is trial 289 with value: 0.658998360506409.
checkpoint_e26 window_influence: 0.08328094092911947, penalty_k: 0.36087635222477782, scale_lr: 0.49126082968092316, AUC: 0.629
Trial 509 finished with value: 0.6285365418631195 and parameters: {'window_influence': 0.08328094092911947, 'penalty_k': 0.3608763522247778, 'scale_lr': 0.49126082968092316}. Best is trial 289 with value: 0.658998360506409.
checkpoint_e26 window_influence: 0.18984374794730277, penalty_k: 0.34007415127305674, scale_lr: 0.21580925779225685, AUC: 0.643
Trial 510 finished with value: 0.6428926799938354 and parameters: {'window_influence': 0.18984374794730277, 'penalty_k': 0.34007415127305674, 'scale_lr': 0.21580925779225685}. Best is trial 289 with value: 0.658998360506409.
checkpoint_e26 window_influence: 0.21290316199325657, penalty_k: 0.55634714290147924, scale_lr: 0.16093053734968718, AUC: 0.646
Trial 511 finished with value: 0.645530295562864 and parameters: {'window_influence': 0.21290316199325657, 'penalty_k': 0.5563471429014792, 'scale_lr': 0.16093053734968718}. Best is trial 289 with value: 0.658998360506409.
checkpoint_e26 window_influence: 0.25375893795178495, penalty_k: 0.32389735133487962, scale_lr: 0.19260309067530018, AUC: 0.643
Trial 512 finished with value: 0.6431405515069365 and parameters: {'window_influence': 0.25375893795178495, 'penalty_k': 0.3238973513348796, 'scale_lr': 0.19260309067530018}. Best is trial 289 with value: 0.658998360506409.
checkpoint_e26 window_influence: 0.44201722216923839, penalty_k: 0.04922035133221027, scale_lr: 0.13670628027380141, AUC: 0.643
Trial 513 finished with value: 0.6427578726876432 and parameters: {'window_influence': 0.4420172221692384, 'penalty_k': 0.04922035133221027, 'scale_lr': 0.1367062802738014}. Best is trial 289 with value: 0.658998360506409.
checkpoint_e26 window_influence: 0.28509765058512532, penalty_k: 0.30141577734289060, scale_lr: 0.11407965998464854, AUC: 0.638
Trial 514 finished with value: 0.6376280191346136 and parameters: {'window_influence': 0.2850976505851253, 'penalty_k': 0.3014157773428906, 'scale_lr': 0.11407965998464854}. Best is trial 289 with value: 0.658998360506409.
checkpoint_e26 window_influence: 0.23796876126070077, penalty_k: 0.01424038461659293, scale_lr: 0.46322791086997450, AUC: 0.645
Trial 515 finished with value: 0.6447357456253623 and parameters: {'window_influence': 0.23796876126070077, 'penalty_k': 0.014240384616592928, 'scale_lr': 0.4632279108699745}. Best is trial 289 with value: 0.658998360506409.
checkpoint_e26 window_influence: 0.05842882248037412, penalty_k: 0.09900536533033412, scale_lr: 0.55976528042179119, AUC: 0.632
Trial 516 finished with value: 0.6320342560691444 and parameters: {'window_influence': 0.05842882248037412, 'penalty_k': 0.09900536533033412, 'scale_lr': 0.5597652804217912}. Best is trial 289 with value: 0.658998360506409.
checkpoint_e26 window_influence: 0.20262860402778826, penalty_k: 0.22354596500841178, scale_lr: 0.14516266661884758, AUC: 0.646
Trial 517 finished with value: 0.6461092001744853 and parameters: {'window_influence': 0.20262860402778826, 'penalty_k': 0.22354596500841178, 'scale_lr': 0.14516266661884758}. Best is trial 289 with value: 0.658998360506409.
checkpoint_e26 window_influence: 0.15291652753956392, penalty_k: 0.05987900979278946, scale_lr: 0.10092052661516696, AUC: 0.653
Trial 518 finished with value: 0.6528797931895622 and parameters: {'window_influence': 0.15291652753956392, 'penalty_k': 0.05987900979278946, 'scale_lr': 0.10092052661516696}. Best is trial 289 with value: 0.658998360506409.
checkpoint_e26 window_influence: 0.17572423946416360, penalty_k: 0.07461606271464524, scale_lr: 0.12155611313994007, AUC: 0.652
Trial 519 finished with value: 0.6521133145351146 and parameters: {'window_influence': 0.1757242394641636, 'penalty_k': 0.07461606271464524, 'scale_lr': 0.12155611313994007}. Best is trial 289 with value: 0.658998360506409.
checkpoint_e26 window_influence: 0.22397563496530787, penalty_k: 0.39679366979476105, scale_lr: 0.16967049969350850, AUC: 0.655
Trial 520 finished with value: 0.6550631980435749 and parameters: {'window_influence': 0.22397563496530787, 'penalty_k': 0.39679366979476105, 'scale_lr': 0.1696704996935085}. Best is trial 289 with value: 0.658998360506409.
checkpoint_e26 window_influence: 0.22076680024187442, penalty_k: 0.04319895777594046, scale_lr: 0.17411800186060949, AUC: 0.651
Trial 521 finished with value: 0.6506172624930092 and parameters: {'window_influence': 0.22076680024187442, 'penalty_k': 0.04319895777594046, 'scale_lr': 0.1741180018606095}. Best is trial 289 with value: 0.658998360506409.
checkpoint_e26 window_influence: 0.05060369937578921, penalty_k: 0.43234805904455204, scale_lr: 0.20141303098753249, AUC: 0.638
Trial 522 finished with value: 0.6375387207246254 and parameters: {'window_influence': 0.05060369937578921, 'penalty_k': 0.43234805904455204, 'scale_lr': 0.2014130309875325}. Best is trial 289 with value: 0.658998360506409.
checkpoint_e26 window_influence: 0.19401432090457404, penalty_k: 0.50595340049543491, scale_lr: 0.16514965590121267, AUC: 0.634
Trial 523 finished with value: 0.6336924674995942 and parameters: {'window_influence': 0.19401432090457404, 'penalty_k': 0.5059534004954349, 'scale_lr': 0.16514965590121267}. Best is trial 289 with value: 0.658998360506409.
checkpoint_e26 window_influence: 0.20795395935735644, penalty_k: 0.35578281150695240, scale_lr: 0.15410571440866336, AUC: 0.643
Trial 524 finished with value: 0.6432030002232517 and parameters: {'window_influence': 0.20795395935735644, 'penalty_k': 0.3557828115069524, 'scale_lr': 0.15410571440866336}. Best is trial 289 with value: 0.658998360506409.
checkpoint_e26 window_influence: 0.47634557019860024, penalty_k: 0.54158594955456274, scale_lr: 0.17152399413912311, AUC: 0.645
Trial 525 finished with value: 0.6447783412320812 and parameters: {'window_influence': 0.47634557019860024, 'penalty_k': 0.5415859495545627, 'scale_lr': 0.17152399413912311}. Best is trial 289 with value: 0.658998360506409.
checkpoint_e26 window_influence: 0.22446476650916047, penalty_k: 0.43522160631951456, scale_lr: 0.18396235957134247, AUC: 0.646
Trial 526 finished with value: 0.6456098316524211 and parameters: {'window_influence': 0.22446476650916047, 'penalty_k': 0.43522160631951456, 'scale_lr': 0.18396235957134247}. Best is trial 289 with value: 0.658998360506409.
checkpoint_e26 window_influence: 0.13358460572373715, penalty_k: 0.24240237131881501, scale_lr: 0.13840409982731933, AUC: 0.641
Trial 527 finished with value: 0.6414160247288251 and parameters: {'window_influence': 0.13358460572373715, 'penalty_k': 0.242402371318815, 'scale_lr': 0.13840409982731933}. Best is trial 289 with value: 0.658998360506409.
checkpoint_e26 window_influence: 0.21289209032184456, penalty_k: 0.03102090049045989, scale_lr: 0.12385372178736373, AUC: 0.655
Trial 528 finished with value: 0.6551370050232159 and parameters: {'window_influence': 0.21289209032184456, 'penalty_k': 0.03102090049045989, 'scale_lr': 0.12385372178736373}. Best is trial 289 with value: 0.658998360506409.
checkpoint_e26 window_influence: 0.21520446731348475, penalty_k: 0.26923639056832038, scale_lr: 0.14690366368911845, AUC: 0.650
Trial 529 finished with value: 0.6495125346953221 and parameters: {'window_influence': 0.21520446731348475, 'penalty_k': 0.2692363905683204, 'scale_lr': 0.14690366368911845}. Best is trial 289 with value: 0.658998360506409.
checkpoint_e26 window_influence: 0.34957490664298552, penalty_k: 0.40221182460929222, scale_lr: 0.12759779980084218, AUC: 0.640
Trial 530 finished with value: 0.6399755469471802 and parameters: {'window_influence': 0.3495749066429855, 'penalty_k': 0.4022118246092922, 'scale_lr': 0.12759779980084218}. Best is trial 289 with value: 0.658998360506409.
checkpoint_e26 window_influence: 0.38268161844437332, penalty_k: 0.46196963406579050, scale_lr: 0.15534575089715555, AUC: 0.645
Trial 531 finished with value: 0.6448888027412332 and parameters: {'window_influence': 0.3826816184443733, 'penalty_k': 0.4619696340657905, 'scale_lr': 0.15534575089715555}. Best is trial 289 with value: 0.658998360506409.
checkpoint_e26 window_influence: 0.22836423607082093, penalty_k: 0.00011820759075083, scale_lr: 0.32074237819856244, AUC: 0.643
Trial 532 finished with value: 0.6426833463294733 and parameters: {'window_influence': 0.22836423607082093, 'penalty_k': 0.00011820759075083231, 'scale_lr': 0.32074237819856244}. Best is trial 289 with value: 0.658998360506409.
checkpoint_e26 window_influence: 0.21084217578304579, penalty_k: 0.33207468163158260, scale_lr: 0.25713221540084502, AUC: 0.644
Trial 533 finished with value: 0.6442139603603099 and parameters: {'window_influence': 0.2108421757830458, 'penalty_k': 0.3320746816315826, 'scale_lr': 0.257132215400845}. Best is trial 289 with value: 0.658998360506409.
checkpoint_e26 window_influence: 0.32097895699895895, penalty_k: 0.34311589545284582, scale_lr: 0.53455519715396815, AUC: 0.643
Trial 534 finished with value: 0.6428543632305926 and parameters: {'window_influence': 0.32097895699895895, 'penalty_k': 0.3431158954528458, 'scale_lr': 0.5345551971539682}. Best is trial 289 with value: 0.658998360506409.
checkpoint_e26 window_influence: 0.24677285464196738, penalty_k: 0.48296788736737395, scale_lr: 0.20910106016707725, AUC: 0.640
Trial 535 finished with value: 0.6395475991221959 and parameters: {'window_influence': 0.24677285464196738, 'penalty_k': 0.48296788736737395, 'scale_lr': 0.20910106016707725}. Best is trial 289 with value: 0.658998360506409.
checkpoint_e26 window_influence: 0.22355684522938693, penalty_k: 0.39222422959986092, scale_lr: 0.22608358987494340, AUC: 0.649
Trial 536 finished with value: 0.6487700426378413 and parameters: {'window_influence': 0.22355684522938693, 'penalty_k': 0.3922242295998609, 'scale_lr': 0.2260835898749434}. Best is trial 289 with value: 0.658998360506409.
checkpoint_e26 window_influence: 0.20071950211656059, penalty_k: 0.38646841722442615, scale_lr: 0.29775486340993790, AUC: 0.645
Trial 537 finished with value: 0.644955373392179 and parameters: {'window_influence': 0.2007195021165606, 'penalty_k': 0.38646841722442615, 'scale_lr': 0.2977548634099379}. Best is trial 289 with value: 0.658998360506409.
checkpoint_e26 window_influence: 0.23441079694571551, penalty_k: 0.03271717774496535, scale_lr: 0.52063463571534019, AUC: 0.652
Trial 538 finished with value: 0.6517977228959517 and parameters: {'window_influence': 0.2344107969457155, 'penalty_k': 0.032717177744965346, 'scale_lr': 0.5206346357153402}. Best is trial 289 with value: 0.658998360506409.
checkpoint_e26 window_influence: 0.40672237934712402, penalty_k: 0.01570304947130113, scale_lr: 0.72627756160806667, AUC: 0.639
Trial 539 finished with value: 0.6387665932451775 and parameters: {'window_influence': 0.406722379347124, 'penalty_k': 0.01570304947130113, 'scale_lr': 0.7262775616080667}. Best is trial 289 with value: 0.658998360506409.
checkpoint_e26 window_influence: 0.21497341856024482, penalty_k: 0.37726649993356742, scale_lr: 0.13074704040435378, AUC: 0.648
Trial 540 finished with value: 0.6479275335018411 and parameters: {'window_influence': 0.21497341856024482, 'penalty_k': 0.3772664999335674, 'scale_lr': 0.13074704040435378}. Best is trial 289 with value: 0.658998360506409.
checkpoint_e26 window_influence: 0.26181970552889317, penalty_k: 0.28014769127640282, scale_lr: 0.64694857315772691, AUC: 0.640
Trial 541 finished with value: 0.6398350978580429 and parameters: {'window_influence': 0.26181970552889317, 'penalty_k': 0.2801476912764028, 'scale_lr': 0.6469485731577269}. Best is trial 289 with value: 0.658998360506409.
checkpoint_e26 window_influence: 0.30339032647057762, penalty_k: 0.02262209076811664, scale_lr: 0.11896403108809171, AUC: 0.639
Trial 542 finished with value: 0.6392478802846946 and parameters: {'window_influence': 0.3033903264705776, 'penalty_k': 0.022622090768116637, 'scale_lr': 0.11896403108809171}. Best is trial 289 with value: 0.658998360506409.
checkpoint_e26 window_influence: 0.52361626054140153, penalty_k: 0.33103576516246780, scale_lr: 0.18498735488631848, AUC: 0.642
Trial 543 finished with value: 0.6424062123166929 and parameters: {'window_influence': 0.5236162605414015, 'penalty_k': 0.3310357651624678, 'scale_lr': 0.18498735488631848}. Best is trial 289 with value: 0.658998360506409.
checkpoint_e26 window_influence: 0.57261477495246182, penalty_k: 0.39399721998555043, scale_lr: 0.13846516889656307, AUC: 0.638
Trial 544 finished with value: 0.6382403416903376 and parameters: {'window_influence': 0.5726147749524618, 'penalty_k': 0.39399721998555043, 'scale_lr': 0.13846516889656307}. Best is trial 289 with value: 0.658998360506409.
checkpoint_e26 window_influence: 0.10717144765593388, penalty_k: 0.40624879809046188, scale_lr: 0.34338348500666549, AUC: 0.637
Trial 545 finished with value: 0.6370584445670606 and parameters: {'window_influence': 0.10717144765593388, 'penalty_k': 0.4062487980904619, 'scale_lr': 0.3433834850066655}. Best is trial 289 with value: 0.658998360506409.
checkpoint_e26 window_influence: 0.22952035996663633, penalty_k: 0.03867503971033894, scale_lr: 0.60739114841340291, AUC: 0.642
Trial 546 finished with value: 0.6421359095910142 and parameters: {'window_influence': 0.22952035996663633, 'penalty_k': 0.03867503971033894, 'scale_lr': 0.6073911484134029}. Best is trial 289 with value: 0.658998360506409.
checkpoint_e26 window_influence: 0.20441221943832585, penalty_k: 0.34957237023223187, scale_lr: 0.16052244115706657, AUC: 0.641
Trial 547 finished with value: 0.6414084332583209 and parameters: {'window_influence': 0.20441221943832585, 'penalty_k': 0.34957237023223187, 'scale_lr': 0.16052244115706657}. Best is trial 289 with value: 0.658998360506409.
checkpoint_e26 window_influence: 0.24678759580792400, penalty_k: 0.53958827011352439, scale_lr: 0.58535473067908939, AUC: 0.644
Trial 548 finished with value: 0.6444494987731165 and parameters: {'window_influence': 0.246787595807924, 'penalty_k': 0.5395882701135244, 'scale_lr': 0.5853547306790894}. Best is trial 289 with value: 0.658998360506409.
checkpoint_e26 window_influence: 0.42600335276302115, penalty_k: 0.04981812146748256, scale_lr: 0.11637971511692154, AUC: 0.640
Trial 549 finished with value: 0.6395274327417041 and parameters: {'window_influence': 0.42600335276302115, 'penalty_k': 0.04981812146748256, 'scale_lr': 0.11637971511692154}. Best is trial 289 with value: 0.658998360506409.
checkpoint_e26 window_influence: 0.21898387297021546, penalty_k: 0.02179207055124866, scale_lr: 0.14241408127640182, AUC: 0.652
Trial 550 finished with value: 0.6518320571984275 and parameters: {'window_influence': 0.21898387297021546, 'penalty_k': 0.021792070551248658, 'scale_lr': 0.14241408127640182}. Best is trial 289 with value: 0.658998360506409.
checkpoint_e26 window_influence: 0.19174427303010211, penalty_k: 0.03095223453328354, scale_lr: 0.23798765737297112, AUC: 0.641
Trial 551 finished with value: 0.6411519902485773 and parameters: {'window_influence': 0.1917442730301021, 'penalty_k': 0.030952234533283537, 'scale_lr': 0.23798765737297112}. Best is trial 289 with value: 0.658998360506409.
checkpoint_e26 window_influence: 0.23724441457227785, penalty_k: 0.32666040578240119, scale_lr: 0.19993145406882665, AUC: 0.644
Trial 552 finished with value: 0.6438083755521207 and parameters: {'window_influence': 0.23724441457227785, 'penalty_k': 0.3266604057824012, 'scale_lr': 0.19993145406882665}. Best is trial 289 with value: 0.658998360506409.
checkpoint_e26 window_influence: 0.12282090820309602, penalty_k: 0.41503527285390573, scale_lr: 0.16762360320675460, AUC: 0.638
Trial 553 finished with value: 0.6379980956782614 and parameters: {'window_influence': 0.12282090820309602, 'penalty_k': 0.41503527285390573, 'scale_lr': 0.1676236032067546}. Best is trial 289 with value: 0.658998360506409.
checkpoint_e26 window_influence: 0.39665934028628280, penalty_k: 0.31863676822602305, scale_lr: 0.11123939187149942, AUC: 0.649
Trial 554 finished with value: 0.6488029445566458 and parameters: {'window_influence': 0.3966593402862828, 'penalty_k': 0.31863676822602305, 'scale_lr': 0.11123939187149942}. Best is trial 289 with value: 0.658998360506409.
checkpoint_e26 window_influence: 0.20661609722235719, penalty_k: 0.41686939123184852, scale_lr: 0.26845087046348493, AUC: 0.647
