Trial 372 finished with value: 0.643083467617825 and parameters: {'window_influence': 0.48220480362294865, 'penalty_k': 0.16614839607822238, 'scale_lr': 0.13875084485524847}. Best is trial 351 with value: 0.6568283123439115.
checkpoint_e31 window_influence: 0.44241253641413048, penalty_k: 0.23144189590120590, scale_lr: 0.11716335704571494, AUC: 0.644
Trial 373 finished with value: 0.6444479887049712 and parameters: {'window_influence': 0.4424125364141305, 'penalty_k': 0.2314418959012059, 'scale_lr': 0.11716335704571494}. Best is trial 351 with value: 0.6568283123439115.
checkpoint_e31 window_influence: 0.46078152042207449, penalty_k: 0.24449916873965943, scale_lr: 0.15205067259105676, AUC: 0.645
Trial 374 finished with value: 0.6453586645560832 and parameters: {'window_influence': 0.4607815204220745, 'penalty_k': 0.24449916873965943, 'scale_lr': 0.15205067259105676}. Best is trial 351 with value: 0.6568283123439115.
checkpoint_e31 window_influence: 0.44906522077382188, penalty_k: 0.26844806026807999, scale_lr: 0.13087742429162177, AUC: 0.646
Trial 375 finished with value: 0.6459895425932937 and parameters: {'window_influence': 0.4490652207738219, 'penalty_k': 0.26844806026808, 'scale_lr': 0.13087742429162177}. Best is trial 351 with value: 0.6568283123439115.
checkpoint_e31 window_influence: 0.47370057361887108, penalty_k: 0.21037054697694940, scale_lr: 0.11264635115338895, AUC: 0.647
Trial 376 finished with value: 0.6473387708922248 and parameters: {'window_influence': 0.4737005736188711, 'penalty_k': 0.2103705469769494, 'scale_lr': 0.11264635115338895}. Best is trial 351 with value: 0.6568283123439115.
checkpoint_e31 window_influence: 0.36018257773425594, penalty_k: 0.13605105727861186, scale_lr: 0.16463236702815681, AUC: 0.644
Trial 377 finished with value: 0.6444393708834532 and parameters: {'window_influence': 0.36018257773425594, 'penalty_k': 0.13605105727861186, 'scale_lr': 0.1646323670281568}. Best is trial 351 with value: 0.6568283123439115.
checkpoint_e31 window_influence: 0.43503145998256582, penalty_k: 0.22810213586041533, scale_lr: 0.13439304084360265, AUC: 0.652
Trial 378 finished with value: 0.6515966233119104 and parameters: {'window_influence': 0.4350314599825658, 'penalty_k': 0.22810213586041533, 'scale_lr': 0.13439304084360265}. Best is trial 351 with value: 0.6568283123439115.
checkpoint_e31 window_influence: 0.39326520099237444, penalty_k: 0.02303394630538658, scale_lr: 0.14480845634270409, AUC: 0.644
Trial 379 finished with value: 0.6436750500503556 and parameters: {'window_influence': 0.39326520099237444, 'penalty_k': 0.023033946305386577, 'scale_lr': 0.1448084563427041}. Best is trial 351 with value: 0.6568283123439115.
checkpoint_e31 window_influence: 0.32220769754993561, penalty_k: 0.25083908021485413, scale_lr: 0.39502326433427726, AUC: 0.643
Trial 380 finished with value: 0.6433140277661851 and parameters: {'window_influence': 0.3222076975499356, 'penalty_k': 0.2508390802148541, 'scale_lr': 0.39502326433427726}. Best is trial 351 with value: 0.6568283123439115.
checkpoint_e31 window_influence: 0.38240541934825895, penalty_k: 0.21822400133781814, scale_lr: 0.11880540546375917, AUC: 0.648
Trial 381 finished with value: 0.6477800216268075 and parameters: {'window_influence': 0.38240541934825895, 'penalty_k': 0.21822400133781814, 'scale_lr': 0.11880540546375917}. Best is trial 351 with value: 0.6568283123439115.
checkpoint_e31 window_influence: 0.45415992581553993, penalty_k: 0.27628546029483830, scale_lr: 0.15974112675050206, AUC: 0.643
Trial 382 finished with value: 0.6425771556434143 and parameters: {'window_influence': 0.45415992581553993, 'penalty_k': 0.2762854602948383, 'scale_lr': 0.15974112675050206}. Best is trial 351 with value: 0.6568283123439115.
checkpoint_e31 window_influence: 0.35223207742621654, penalty_k: 0.19100624324887353, scale_lr: 0.41395656049038582, AUC: 0.643
Trial 383 finished with value: 0.6425726753052909 and parameters: {'window_influence': 0.35223207742621654, 'penalty_k': 0.19100624324887353, 'scale_lr': 0.4139565604903858}. Best is trial 351 with value: 0.6568283123439115.
checkpoint_e31 window_influence: 0.28876664715126082, penalty_k: 0.17573059960695714, scale_lr: 0.17498891153153867, AUC: 0.638
Trial 384 finished with value: 0.6381070908772931 and parameters: {'window_influence': 0.2887666471512608, 'penalty_k': 0.17573059960695714, 'scale_lr': 0.17498891153153867}. Best is trial 351 with value: 0.6568283123439115.
checkpoint_e31 window_influence: 0.63632538292447549, penalty_k: 0.14406092157586753, scale_lr: 0.14391474534616364, AUC: 0.626
Trial 385 finished with value: 0.6264156178394096 and parameters: {'window_influence': 0.6363253829244755, 'penalty_k': 0.14406092157586753, 'scale_lr': 0.14391474534616364}. Best is trial 351 with value: 0.6568283123439115.
checkpoint_e31 window_influence: 0.50592491342485280, penalty_k: 0.23923005062798652, scale_lr: 0.12648980025483711, AUC: 0.650
Trial 386 finished with value: 0.650318035765956 and parameters: {'window_influence': 0.5059249134248528, 'penalty_k': 0.23923005062798652, 'scale_lr': 0.1264898002548371}. Best is trial 351 with value: 0.6568283123439115.
checkpoint_e31 window_influence: 0.33421614203477507, penalty_k: 0.07334377324608470, scale_lr: 0.25188950572121682, AUC: 0.642
Trial 387 finished with value: 0.6422378432853937 and parameters: {'window_influence': 0.33421614203477507, 'penalty_k': 0.0733437732460847, 'scale_lr': 0.2518895057212168}. Best is trial 351 with value: 0.6568283123439115.
checkpoint_e31 window_influence: 0.37159964544155311, penalty_k: 0.25901233242264343, scale_lr: 0.11332044196409460, AUC: 0.646
Trial 388 finished with value: 0.6463875788590113 and parameters: {'window_influence': 0.3715996454415531, 'penalty_k': 0.25901233242264343, 'scale_lr': 0.1133204419640946}. Best is trial 351 with value: 0.6568283123439115.
checkpoint_e31 window_influence: 0.44164214640906835, penalty_k: 0.12416865286646760, scale_lr: 0.15217086546845665, AUC: 0.641
Trial 389 finished with value: 0.6410122533877609 and parameters: {'window_influence': 0.44164214640906835, 'penalty_k': 0.1241686528664676, 'scale_lr': 0.15217086546845665}. Best is trial 351 with value: 0.6568283123439115.
checkpoint_e31 window_influence: 0.48646321124935310, penalty_k: 0.21885537872699501, scale_lr: 0.13427912535964856, AUC: 0.647
Trial 390 finished with value: 0.6466695652331383 and parameters: {'window_influence': 0.4864632112493531, 'penalty_k': 0.218855378726995, 'scale_lr': 0.13427912535964856}. Best is trial 351 with value: 0.6568283123439115.
checkpoint_e31 window_influence: 0.40519930210692412, penalty_k: 0.23967930322804265, scale_lr: 0.18467975471273065, AUC: 0.641
Trial 391 finished with value: 0.641414930361045 and parameters: {'window_influence': 0.4051993021069241, 'penalty_k': 0.23967930322804265, 'scale_lr': 0.18467975471273065}. Best is trial 351 with value: 0.6568283123439115.
checkpoint_e31 window_influence: 0.42739223830120776, penalty_k: 0.28462779733203725, scale_lr: 0.11222492902297490, AUC: 0.650
Trial 392 finished with value: 0.6495188025377203 and parameters: {'window_influence': 0.42739223830120776, 'penalty_k': 0.28462779733203725, 'scale_lr': 0.1122249290229749}. Best is trial 351 with value: 0.6568283123439115.
checkpoint_e31 window_influence: 0.46517607335957856, penalty_k: 0.26593603547286215, scale_lr: 0.71541163142135344, AUC: 0.642
Trial 393 finished with value: 0.6421202356802215 and parameters: {'window_influence': 0.46517607335957856, 'penalty_k': 0.26593603547286215, 'scale_lr': 0.7154116314213534}. Best is trial 351 with value: 0.6568283123439115.
checkpoint_e31 window_influence: 0.44324756650968972, penalty_k: 0.10326321714379655, scale_lr: 0.42801380366059022, AUC: 0.644
Trial 394 finished with value: 0.6435363130944737 and parameters: {'window_influence': 0.4432475665096897, 'penalty_k': 0.10326321714379655, 'scale_lr': 0.4280138036605902}. Best is trial 351 with value: 0.6568283123439115.
checkpoint_e31 window_influence: 0.34732211041626149, penalty_k: 0.22790913916545233, scale_lr: 0.16835869206022858, AUC: 0.641
Trial 395 finished with value: 0.641053862080231 and parameters: {'window_influence': 0.3473221104162615, 'penalty_k': 0.22790913916545233, 'scale_lr': 0.16835869206022858}. Best is trial 351 with value: 0.6568283123439115.
checkpoint_e31 window_influence: 0.43116350571770240, penalty_k: 0.20152364395785730, scale_lr: 0.54728583474600490, AUC: 0.649
Trial 396 finished with value: 0.6490064290009396 and parameters: {'window_influence': 0.4311635057177024, 'penalty_k': 0.2015236439578573, 'scale_lr': 0.5472858347460049}. Best is trial 351 with value: 0.6568283123439115.
checkpoint_e31 window_influence: 0.45635506675759652, penalty_k: 0.25323862485444942, scale_lr: 0.12812525620997944, AUC: 0.648
Trial 397 finished with value: 0.6478146504447496 and parameters: {'window_influence': 0.4563550667575965, 'penalty_k': 0.2532386248544494, 'scale_lr': 0.12812525620997944}. Best is trial 351 with value: 0.6568283123439115.
checkpoint_e31 window_influence: 0.41325196386605667, penalty_k: 0.29216064204964465, scale_lr: 0.14477415731208065, AUC: 0.647
Trial 398 finished with value: 0.6470503291145236 and parameters: {'window_influence': 0.41325196386605667, 'penalty_k': 0.29216064204964465, 'scale_lr': 0.14477415731208065}. Best is trial 351 with value: 0.6568283123439115.
checkpoint_e31 window_influence: 0.38599929966390661, penalty_k: 0.09451032473072463, scale_lr: 0.12257024769892844, AUC: 0.641
Trial 399 finished with value: 0.6411294911767491 and parameters: {'window_influence': 0.3859992996639066, 'penalty_k': 0.09451032473072463, 'scale_lr': 0.12257024769892844}. Best is trial 351 with value: 0.6568283123439115.
checkpoint_e31 window_influence: 0.36795349689830165, penalty_k: 0.03617453646960866, scale_lr: 0.15113197453782595, AUC: 0.642
Trial 400 finished with value: 0.642198592771516 and parameters: {'window_influence': 0.36795349689830165, 'penalty_k': 0.036174536469608665, 'scale_lr': 0.15113197453782595}. Best is trial 351 with value: 0.6568283123439115.
checkpoint_e31 window_influence: 0.39673407836713470, penalty_k: 0.15902386023849191, scale_lr: 0.30859232159563982, AUC: 0.646
Trial 401 finished with value: 0.646147377026887 and parameters: {'window_influence': 0.3967340783671347, 'penalty_k': 0.1590238602384919, 'scale_lr': 0.3085923215956398}. Best is trial 351 with value: 0.6568283123439115.
checkpoint_e31 window_influence: 0.31475548729685721, penalty_k: 0.24458935311076263, scale_lr: 0.10971884107512010, AUC: 0.649
Trial 402 finished with value: 0.6489753959963708 and parameters: {'window_influence': 0.3147554872968572, 'penalty_k': 0.24458935311076263, 'scale_lr': 0.1097188410751201}. Best is trial 351 with value: 0.6568283123439115.
checkpoint_e31 window_influence: 0.47434203453549084, penalty_k: 0.37774360057694406, scale_lr: 0.16433922816946733, AUC: 0.637
Trial 403 finished with value: 0.6368206432512565 and parameters: {'window_influence': 0.47434203453549084, 'penalty_k': 0.37774360057694406, 'scale_lr': 0.16433922816946733}. Best is trial 351 with value: 0.6568283123439115.
checkpoint_e31 window_influence: 0.42176041793135893, penalty_k: 0.18424826236705047, scale_lr: 0.13984369330762930, AUC: 0.651
Trial 404 finished with value: 0.6513155589709686 and parameters: {'window_influence': 0.42176041793135893, 'penalty_k': 0.18424826236705047, 'scale_lr': 0.1398436933076293}. Best is trial 351 with value: 0.6568283123439115.
checkpoint_e31 window_influence: 0.52191523819604035, penalty_k: 0.23200428039192186, scale_lr: 0.78147415373378903, AUC: 0.639
Trial 405 finished with value: 0.6389925192424865 and parameters: {'window_influence': 0.5219152381960404, 'penalty_k': 0.23200428039192186, 'scale_lr': 0.781474153733789}. Best is trial 351 with value: 0.6568283123439115.
checkpoint_e31 window_influence: 0.44837108773727247, penalty_k: 0.14585463032471202, scale_lr: 0.12564082992237929, AUC: 0.648
Trial 406 finished with value: 0.647503719531438 and parameters: {'window_influence': 0.44837108773727247, 'penalty_k': 0.14585463032471202, 'scale_lr': 0.1256408299223793}. Best is trial 351 with value: 0.6568283123439115.
checkpoint_e31 window_influence: 0.46367343702301511, penalty_k: 0.27496302025475056, scale_lr: 0.10169254487112989, AUC: 0.652
Trial 407 finished with value: 0.6519487434503253 and parameters: {'window_influence': 0.4636734370230151, 'penalty_k': 0.27496302025475056, 'scale_lr': 0.10169254487112989}. Best is trial 351 with value: 0.6568283123439115.
checkpoint_e31 window_influence: 0.56915462596106103, penalty_k: 0.06172556400621690, scale_lr: 0.26408365095663222, AUC: 0.640
Trial 408 finished with value: 0.6400594163678693 and parameters: {'window_influence': 0.569154625961061, 'penalty_k': 0.0617255640062169, 'scale_lr': 0.2640836509566322}. Best is trial 351 with value: 0.6568283123439115.
checkpoint_e31 window_influence: 0.43337554080191515, penalty_k: 0.21185478029525656, scale_lr: 0.32594101103075662, AUC: 0.649
Trial 409 finished with value: 0.6486416582556751 and parameters: {'window_influence': 0.43337554080191515, 'penalty_k': 0.21185478029525656, 'scale_lr': 0.3259410110307566}. Best is trial 351 with value: 0.6568283123439115.
checkpoint_e31 window_influence: 0.40847801943644857, penalty_k: 0.16820751847417897, scale_lr: 0.17964122644452557, AUC: 0.648
Trial 410 finished with value: 0.6480412811858829 and parameters: {'window_influence': 0.40847801943644857, 'penalty_k': 0.16820751847417897, 'scale_lr': 0.17964122644452557}. Best is trial 351 with value: 0.6568283123439115.
checkpoint_e31 window_influence: 0.36116834143845616, penalty_k: 0.25751012091347375, scale_lr: 0.20325440132629710, AUC: 0.650
Trial 411 finished with value: 0.6495568705394814 and parameters: {'window_influence': 0.36116834143845616, 'penalty_k': 0.25751012091347375, 'scale_lr': 0.2032544013262971}. Best is trial 351 with value: 0.6568283123439115.
checkpoint_e31 window_influence: 0.38154224428679706, penalty_k: 0.24590332787971436, scale_lr: 0.23882649949370741, AUC: 0.647
Trial 412 finished with value: 0.6471749177919899 and parameters: {'window_influence': 0.38154224428679706, 'penalty_k': 0.24590332787971436, 'scale_lr': 0.2388264994937074}. Best is trial 351 with value: 0.6568283123439115.
checkpoint_e31 window_influence: 0.34208131641679701, penalty_k: 0.47120969296612647, scale_lr: 0.15770615610648181, AUC: 0.647
Trial 413 finished with value: 0.6466342978279843 and parameters: {'window_influence': 0.342081316416797, 'penalty_k': 0.47120969296612647, 'scale_lr': 0.1577061561064818}. Best is trial 351 with value: 0.6568283123439115.
checkpoint_e31 window_influence: 0.48965484817243110, penalty_k: 0.12770219531792151, scale_lr: 0.44905988385349427, AUC: 0.641
Trial 414 finished with value: 0.6407588901966687 and parameters: {'window_influence': 0.4896548481724311, 'penalty_k': 0.1277021953179215, 'scale_lr': 0.44905988385349427}. Best is trial 351 with value: 0.6568283123439115.
checkpoint_e31 window_influence: 0.44624371189943707, penalty_k: 0.22190968495818966, scale_lr: 0.27386715477903534, AUC: 0.645
Trial 415 finished with value: 0.645494540588576 and parameters: {'window_influence': 0.44624371189943707, 'penalty_k': 0.22190968495818966, 'scale_lr': 0.27386715477903534}. Best is trial 351 with value: 0.6568283123439115.
checkpoint_e31 window_influence: 0.56008675980282230, penalty_k: 0.29887133365636936, scale_lr: 0.13507240673787635, AUC: 0.642
Trial 416 finished with value: 0.6420632539060208 and parameters: {'window_influence': 0.5600867598028223, 'penalty_k': 0.29887133365636936, 'scale_lr': 0.13507240673787635}. Best is trial 351 with value: 0.6568283123439115.
checkpoint_e31 window_influence: 0.42202266414112521, penalty_k: 0.26674837463514733, scale_lr: 0.11802823114948084, AUC: 0.646
Trial 417 finished with value: 0.6460248594382576 and parameters: {'window_influence': 0.4220226641411252, 'penalty_k': 0.26674837463514733, 'scale_lr': 0.11802823114948084}. Best is trial 351 with value: 0.6568283123439115.
checkpoint_e31 window_influence: 0.32585288757692144, penalty_k: 0.34853412192086108, scale_lr: 0.14186951505112377, AUC: 0.644
Trial 418 finished with value: 0.6443643715744112 and parameters: {'window_influence': 0.32585288757692144, 'penalty_k': 0.3485341219208611, 'scale_lr': 0.14186951505112377}. Best is trial 351 with value: 0.6568283123439115.
checkpoint_e31 window_influence: 0.40284045878787600, penalty_k: 0.23599342864187273, scale_lr: 0.47828795680091918, AUC: 0.648
Trial 419 finished with value: 0.6479412286554613 and parameters: {'window_influence': 0.402840458787876, 'penalty_k': 0.23599342864187273, 'scale_lr': 0.4782879568009192}. Best is trial 351 with value: 0.6568283123439115.
checkpoint_e31 window_influence: 0.43474915707240791, penalty_k: 0.20869305523495613, scale_lr: 0.40778737749930327, AUC: 0.644
Trial 420 finished with value: 0.644285266095567 and parameters: {'window_influence': 0.4347491570724079, 'penalty_k': 0.20869305523495613, 'scale_lr': 0.40778737749930327}. Best is trial 351 with value: 0.6568283123439115.
checkpoint_e31 window_influence: 0.46209976859597118, penalty_k: 0.24949025544347825, scale_lr: 0.29417982081674166, AUC: 0.643
Trial 421 finished with value: 0.6426787462315631 and parameters: {'window_influence': 0.4620997685959712, 'penalty_k': 0.24949025544347825, 'scale_lr': 0.29417982081674166}. Best is trial 351 with value: 0.6568283123439115.
Trial 422 failed with parameters: {'window_influence': 0.3916581219025097, 'penalty_k': 0.1158452640950736, 'scale_lr': 0.19266539890460155} because of the following error: KeyboardInterrupt().
Traceback (most recent call last):
  File "/home/n26092289/anaconda3/envs/my_siamban/lib/python3.7/site-packages/optuna/study/_optimize.py", line 200, in _run_trial
    value_or_values = func(trial)
  File "../../tools/tune.py", line 327, in objective
    outputs = tracker.track(img)
  File "../../tools/tune.py", line 125, in track
    outputs = self.model.track(x_crop)
  File "/home/n26092289/multi_task/siamban-master/siamban/models/model_builder.py", line 176, in track
    xf = self.backbone(x)
  File "/home/n26092289/anaconda3/envs/my_siamban/lib/python3.7/site-packages/torch/nn/modules/module.py", line 1110, in _call_impl
    return forward_call(*input, **kwargs)
  File "/home/n26092289/multi_task/siamban-master/siamban/models/backbone/resnet_atrous.py", line 194, in forward
    p4 = self.layer4(p3)
  File "/home/n26092289/anaconda3/envs/my_siamban/lib/python3.7/site-packages/torch/nn/modules/module.py", line 1110, in _call_impl
    return forward_call(*input, **kwargs)
  File "/home/n26092289/anaconda3/envs/my_siamban/lib/python3.7/site-packages/torch/nn/modules/container.py", line 141, in forward
    input = module(input)
  File "/home/n26092289/anaconda3/envs/my_siamban/lib/python3.7/site-packages/torch/nn/modules/module.py", line 1110, in _call_impl
    return forward_call(*input, **kwargs)
  File "/home/n26092289/multi_task/siamban-master/siamban/models/backbone/resnet_atrous.py", line 92, in forward
    out = self.conv1(x)
  File "/home/n26092289/anaconda3/envs/my_siamban/lib/python3.7/site-packages/torch/nn/modules/module.py", line 1110, in _call_impl
    return forward_call(*input, **kwargs)
  File "/home/n26092289/anaconda3/envs/my_siamban/lib/python3.7/site-packages/torch/nn/modules/conv.py", line 447, in forward
    return self._conv_forward(input, self.weight, self.bias)
  File "/home/n26092289/anaconda3/envs/my_siamban/lib/python3.7/site-packages/torch/nn/modules/conv.py", line 444, in _conv_forward
    self.padding, self.dilation, self.groups)
KeyboardInterrupt
Trial 422 failed with value None.
